06-08-2018 12:07:33	Account: thoakhungs1	NamePlayer: TrainSlate	OldFaction: tianwang	Level: 200	Bil_GetTask_7_8_9_10: 20_20_20_20	Bil_GetTask(11): 1	GetProp: 1620	GetMagicPoint: 639	Kick Out Sect _OK!
07-08-2018 01:29:51	Account: haivlc1	NamePlayer: Hanato	OldFaction: emei	Level: 200	Bil_GetTask_7_8_9_10: 20_20_0_20	Bil_GetTask(11): 1	GetProp: 995	GetMagicPoint: 509	Kick Out Sect _OK!
07-08-2018 01:31:20	Account: haivlc1	NamePlayer: Hanato	JoinFaction: tianren	Level: 200	Bil_GetTask_7_8_9_10: 20_20_0_20	Bil_GetTask(11): 0	GetProp: 995	GetMagicPoint: 509
07-08-2018 08:02:14	Account: kkk201	NamePlayer: Shazam	OldFaction: tangmen	Level: 200	Bil_GetTask_7_8_9_10: 20_20_20_20	Bil_GetTask(11): 1	GetProp: 995	GetMagicPoint: 509	Kick Out Sect _OK!
07-08-2018 08:08:12	Account: kkk201	NamePlayer: Shazam	JoinFaction: shaolin	Level: 200	Bil_GetTask_7_8_9_10: 20_20_20_20	Bil_GetTask(11): 0	GetProp: 995	GetMagicPoint: 509
07-08-2018 08:34:27	Account: kuronasy	NamePlayer: SlockÙHome	OldFaction: cuiyan	Level: 200	Bil_GetTask_7_8_9_10: 20_20_0_20	Bil_GetTask(11): 1	GetProp: 1545	GetMagicPoint: 559	Kick Out Sect _OK!
07-08-2018 09:46:00	Account: kuronasy1	NamePlayer: SlockÙOne	OldFaction: kunlun	Level: 200	Bil_GetTask_7_8_9_10: 20_20_0_20	Bil_GetTask(11): 1	GetProp: 1620	GetMagicPoint: 1489	Kick Out Sect _OK!
07-08-2018 09:47:36	Account: kuronasy1	NamePlayer: SlockÙOne	JoinFaction: shaolin	Level: 200	Bil_GetTask_7_8_9_10: 20_20_0_20	Bil_GetTask(11): 0	GetProp: 1620	GetMagicPoint: 1489
07-08-2018 09:58:02	Account: amcang	NamePlayer: Ahihihihi	OldFaction: kunlun	Level: 200	Bil_GetTask_7_8_9_10: 20_20_0_20	Bil_GetTask(11): 1	GetProp: 1545	GetMagicPoint: 699	Kick Out Sect _OK!
07-08-2018 10:01:12	Account: kuronasy1	NamePlayer: SlockÙOne	OldFaction: shaolin	Level: 200	Bil_GetTask_7_8_9_10: 20_20_20_20	Bil_GetTask(11): 1	GetProp: 1620	GetMagicPoint: 1759	Kick Out Sect _OK!
07-08-2018 10:02:18	Account: kuronasy1	NamePlayer: SlockÙOne	JoinFaction: wudang	Level: 200	Bil_GetTask_7_8_9_10: 20_20_20_20	Bil_GetTask(11): 0	GetProp: 869	GetMagicPoint: 1759
07-08-2018 10:03:50	Account: kkk202	NamePlayer: HoaTinh	OldFaction: emei	Level: 200	Bil_GetTask_7_8_9_10: 20_20_0_20	Bil_GetTask(11): 1	GetProp: 1545	GetMagicPoint: 1473	Kick Out Sect _OK!
07-08-2018 10:05:04	Account: kkk202	NamePlayer: HoaTinh	JoinFaction: tianren	Level: 200	Bil_GetTask_7_8_9_10: 20_20_0_20	Bil_GetTask(11): 0	GetProp: 1545	GetMagicPoint: 1473
07-08-2018 10:37:08	Account: kkk202	NamePlayer: HoaTinh	OldFaction: tianren	Level: 200	Bil_GetTask_7_8_9_10: 20_20_0_20	Bil_GetTask(11): 1	GetProp: 1545	GetMagicPoint: 1783	Kick Out Sect _OK!
07-08-2018 10:38:55	Account: kkk202	NamePlayer: HoaTinh	JoinFaction: wudu	Level: 200	Bil_GetTask_7_8_9_10: 20_20_0_20	Bil_GetTask(11): 0	GetProp: 1545	GetMagicPoint: 1783
07-08-2018 13:25:08	Account: kuronasy1	NamePlayer: SlockÙOne	OldFaction: wudang	Level: 200	Bil_GetTask_7_8_9_10: 20_20_20_20	Bil_GetTask(11): 1	GetProp: 1620	GetMagicPoint: 2009	Kick Out Sect _OK!
07-08-2018 13:27:13	Account: kuronasy1	NamePlayer: SlockÙOne	JoinFaction: gaibang	Level: 200	Bil_GetTask_7_8_9_10: 20_20_20_20	Bil_GetTask(11): 0	GetProp: 1620	GetMagicPoint: 2009
07-08-2018 13:29:01	Account: kuronasy1	NamePlayer: SlockÙOne	OldFaction: gaibang	Level: 200	Bil_GetTask_7_8_9_10: 1_20_20_20	Bil_GetTask(11): 1	GetProp: 1620	GetMagicPoint: 2009	Kick Out Sect _OK!
07-08-2018 13:31:38	Account: kuronasy1	NamePlayer: SlockÙOne	JoinFaction: tianren	Level: 200	Bil_GetTask_7_8_9_10: 1_20_20_20	Bil_GetTask(11): 0	GetProp: 1620	GetMagicPoint: 2009
07-08-2018 13:33:56	Account: kuronasy1	NamePlayer: SlockÙOne	OldFaction: tianren	Level: 200	Bil_GetTask_7_8_9_10: 20_20_0_20	Bil_GetTask(11): 1	GetProp: 1620	GetMagicPoint: 2319	Kick Out Sect _OK!
07-08-2018 13:35:48	Account: kuronasy1	NamePlayer: SlockÙOne	JoinFaction: gaibang	Level: 200	Bil_GetTask_7_8_9_10: 20_20_0_20	Bil_GetTask(11): 0	GetProp: 1120	GetMagicPoint: 2319
07-08-2018 18:29:28	Account: amcang	NamePlayer: Ahihihihi	OldFaction: wudang	Level: 200	Bil_GetTask_7_8_9_10: 20_20_0_20	Bil_GetTask(11): 1	GetProp: 1620	GetMagicPoint: 699	Kick Out Sect _OK!
07-08-2018 19:25:06	Account: amcang	NamePlayer: Ahihihihi	JoinFaction: wudang	Level: 200	Bil_GetTask_7_8_9_10: 20_20_0_20	Bil_GetTask(11): 0	GetProp: 1620	GetMagicPoint: 699
07-08-2018 20:47:43	Account: thanhgia0102	NamePlayer: KimTuong	OldFaction: shaolin	Level: 200	Bil_GetTask_7_8_9_10: 20_20_20_20	Bil_GetTask(11): 1	GetProp: 1620	GetMagicPoint: 594	Kick Out Sect _OK!
07-08-2018 20:56:14	Account: thanhgia0102	NamePlayer: KimTuong	JoinFaction: wudang	Level: 200	Bil_GetTask_7_8_9_10: 20_20_20_20	Bil_GetTask(11): 0	GetProp: 1620	GetMagicPoint: 594
07-08-2018 21:01:13	Account: thanhgia0102	NamePlayer: KimTuong	OldFaction: wudang	Level: 200	Bil_GetTask_7_8_9_10: 20_20_20_20	Bil_GetTask(11): 1	GetProp: 1620	GetMagicPoint: 844	Kick Out Sect _OK!
07-08-2018 21:01:57	Account: thanhgia0102	NamePlayer: KimTuong	JoinFaction: emei	Level: 200	Bil_GetTask_7_8_9_10: 20_20_20_20	Bil_GetTask(11): 0	GetProp: 1620	GetMagicPoint: 844
07-08-2018 21:12:51	Account: theken1	NamePlayer: §êiÙPhiªuÙB¹c	OldFaction: tangmen	Level: 200	Bil_GetTask_7_8_9_10: 20_20_20_20	Bil_GetTask(11): 1	GetProp: 1545	GetMagicPoint: 619	Kick Out Sect _OK!
08-08-2018 01:24:32	Account: longyen001	NamePlayer: MsÙLinh	OldFaction: wudu	Level: 200	Bil_GetTask_7_8_9_10: 20_20_0_20	Bil_GetTask(11): 1	GetProp: 1545	GetMagicPoint: 679	Kick Out Sect _OK!
08-08-2018 09:49:59	Account: kuronasy	NamePlayer: SlockÙHome	JoinFaction: shaolin	Level: 200	Bil_GetTask_7_8_9_10: 20_20_0_20	Bil_GetTask(11): 0	GetProp: 1545	GetMagicPoint: 559
08-08-2018 13:35:49	Account: kuronasy	NamePlayer: SlockÙHome	OldFaction: shaolin	Level: 200	Bil_GetTask_7_8_9_10: 20_20_20_20	Bil_GetTask(11): 1	GetProp: 1545	GetMagicPoint: 829	Kick Out Sect _OK!
08-08-2018 13:42:19	Account: kuronasy	NamePlayer: SlockÙHome	JoinFaction: cuiyan	Level: 200	Bil_GetTask_7_8_9_10: 20_20_20_20	Bil_GetTask(11): 0	GetProp: 1295	GetMagicPoint: 829
08-08-2018 13:47:16	Account: kuronasy	NamePlayer: SlockÙHome	OldFaction: cuiyan	Level: 200	Bil_GetTask_7_8_9_10: 20_1_20_20	Bil_GetTask(11): 1	GetProp: 1545	GetMagicPoint: 829	Kick Out Sect _OK!
08-08-2018 13:49:54	Account: kuronasy	NamePlayer: SlockÙHome	JoinFaction: wudu	Level: 200	Bil_GetTask_7_8_9_10: 20_1_20_20	Bil_GetTask(11): 0	GetProp: 1295	GetMagicPoint: 829
08-08-2018 14:34:05	Account: kuronasy	NamePlayer: SlockÙHome	OldFaction: wudu	Level: 200	Bil_GetTask_7_8_9_10: 20_20_0_20	Bil_GetTask(11): 1	GetProp: 1545	GetMagicPoint: 1091	Kick Out Sect _OK!
08-08-2018 15:21:26	Account: kkk202	NamePlayer: HoaTinh	OldFaction: wudu	Level: 200	Bil_GetTask_7_8_9_10: 20_20_0_20	Bil_GetTask(11): 1	GetProp: 1545	GetMagicPoint: 2153	Kick Out Sect _OK!
08-08-2018 15:22:27	Account: kkk202	NamePlayer: HoaTinh	JoinFaction: wudang	Level: 200	Bil_GetTask_7_8_9_10: 20_20_0_20	Bil_GetTask(11): 0	GetProp: 1545	GetMagicPoint: 2153
08-08-2018 15:36:57	Account: toanphandn	NamePlayer: JxfÙCasino	OldFaction: tangmen	Level: 200	Bil_GetTask_7_8_9_10: 20_20_20_20	Bil_GetTask(11): 1	GetProp: 1620	GetMagicPoint: 929	Kick Out Sect _OK!
08-08-2018 17:03:56	Account: theken1	NamePlayer: §êiÙPhiªuÙB¹c	JoinFaction: tianwang	Level: 200	Bil_GetTask_7_8_9_10: 20_20_20_20	Bil_GetTask(11): 0	GetProp: 1545	GetMagicPoint: 619
08-08-2018 17:29:43	Account: thoakhungs1	NamePlayer: TrainSlate	JoinFaction: tianwang	Level: 200	Bil_GetTask_7_8_9_10: 20_20_20_20	Bil_GetTask(11): 0	GetProp: 1170	GetMagicPoint: 639
08-08-2018 17:35:54	Account: zzbumbumzz	NamePlayer: MaiÙPh­¬ngÙThóy	OldFaction: emei	Level: 200	Bil_GetTask_7_8_9_10: 0_0_0_0	Bil_GetTask(11): 1	GetProp: 995	GetMagicPoint: 199	Kick Out Sect _OK!
08-08-2018 19:05:21	Account: zzbumbumzz	NamePlayer: TiÓuÙYÕn	OldFaction: emei	Level: 200	Bil_GetTask_7_8_9_10: 0_0_0_0	Bil_GetTask(11): 1	GetProp: 995	GetMagicPoint: 199	Kick Out Sect _OK!
08-08-2018 19:06:12	Account: zzbumbumzz	NamePlayer: TiÓuÙYÕn	JoinFaction: cuiyan	Level: 200	Bil_GetTask_7_8_9_10: 0_0_0_0	Bil_GetTask(11): 0	GetProp: 995	GetMagicPoint: 199
09-08-2018 10:12:11	Account: hieu01	NamePlayer: dayneavinh	OldFaction: wudang	Level: 200	Bil_GetTask_7_8_9_10: 0_0_0_1	Bil_GetTask(11): 1	GetProp: 995	GetMagicPoint: 199	Kick Out Sect _OK!
09-08-2018 16:46:33	Account: theken1	NamePlayer: §êiÙPhiªuÙB¹c	OldFaction: tianwang	Level: 200	Bil_GetTask_7_8_9_10: 20_20_20_20	Bil_GetTask(11): 1	GetProp: 1545	GetMagicPoint: 922	Kick Out Sect _OK!
09-08-2018 16:47:41	Account: theken1	NamePlayer: §êiÙPhiªuÙB¹c	JoinFaction: shaolin	Level: 200	Bil_GetTask_7_8_9_10: 20_20_20_20	Bil_GetTask(11): 0	GetProp: 1545	GetMagicPoint: 922
09-08-2018 20:40:03	Account: gcity01	NamePlayer: newgamer	OldFaction: tianren	Level: 10	Bil_GetTask_7_8_9_10: 20_20_0_20	Bil_GetTask(11): 1	GetProp: 220	GetMagicPoint: 354	Kick Out Sect _OK!
09-08-2018 20:54:12	Account: gcity01	NamePlayer: conlondao	OldFaction: kunlun	Level: 200	Bil_GetTask_7_8_9_10: 0_0_0_0	Bil_GetTask(11): 1	GetProp: 1445	GetMagicPoint: 289	Kick Out Sect _OK!
10-08-2018 16:39:12	Account: hieu01	NamePlayer: heniken	OldFaction: tianren	Level: 200	Bil_GetTask_7_8_9_10: 0_0_0_0	Bil_GetTask(11): 1	GetProp: 995	GetMagicPoint: 199	Kick Out Sect _OK!
10-08-2018 16:41:00	Account: hieu01	NamePlayer: heniken	JoinFaction: cuiyan	Level: 200	Bil_GetTask_7_8_9_10: 0_0_0_0	Bil_GetTask(11): 0	GetProp: 995	GetMagicPoint: 199
10-08-2018 17:30:56	Account: tumap3000	NamePlayer: DungSoEm	OldFaction: emei	Level: 200	Bil_GetTask_7_8_9_10: 20_20_0_20	Bil_GetTask(11): 1	GetProp: 995	GetMagicPoint: 509	Kick Out Sect _OK!
10-08-2018 19:49:42	Account: truong02	NamePlayer: xMoonz	OldFaction: wudu	Level: 200	Bil_GetTask_7_8_9_10: 20_20_0_20	Bil_GetTask(11): 1	GetProp: 995	GetMagicPoint: 199	Kick Out Sect _OK!
10-08-2018 21:14:58	Account: giahuy5072	NamePlayer: G¸iÙNh¶y	OldFaction: emei	Level: 200	Bil_GetTask_7_8_9_10: 20_20_0_20	Bil_GetTask(11): 1	GetProp: 1545	GetMagicPoint: 619	Kick Out Sect _OK!
10-08-2018 21:18:13	Account: giahuy5072	NamePlayer: G¸iÙNh¶y	JoinFaction: tianwang	Level: 200	Bil_GetTask_7_8_9_10: 20_20_0_20	Bil_GetTask(11): 0	GetProp: 1545	GetMagicPoint: 619
10-08-2018 21:36:00	Account: fongkach	NamePlayer: KuaKiKuc	OldFaction: emei	Level: 200	Bil_GetTask_7_8_9_10: 20_20_0_20	Bil_GetTask(11): 1	GetProp: 995	GetMagicPoint: 509	Kick Out Sect _OK!
14-08-2018 22:59:29	Account: kingvl2	NamePlayer: KimLongKaKa	OldFaction: shaolin	Level: 83	Bil_GetTask_7_8_9_10: 20_0_20_0	Bil_GetTask(11): 1	GetProp: 410	GetMagicPoint: 82	Kick Out Sect _OK!
14-08-2018 23:06:52	Account: kingvl2	NamePlayer: KimLongKaKa	JoinFaction: gaibang	Level: 83	Bil_GetTask_7_8_9_10: 20_0_20_0	Bil_GetTask(11): 0	GetProp: 410	GetMagicPoint: 82
15-08-2018 22:36:08	Account: quocbaobp	NamePlayer: NçiÙBuånÙKoÙTªn	OldFaction: wudang	Level: 98	Bil_GetTask_7_8_9_10: 20_0_0_0	Bil_GetTask(11): 1	GetProp: 485	GetMagicPoint: 97	Kick Out Sect _OK!
16-08-2018 15:45:24	Account: quocbaobp	NamePlayer: NçiÙBuånÙKoÙTªn	JoinFaction: wudang	Level: 98	Bil_GetTask_7_8_9_10: 20_0_0_0	Bil_GetTask(11): 0	GetProp: 485	GetMagicPoint: 97
16-08-2018 15:47:50	Account: quocbaobp	NamePlayer: NçiÙBuånÙKoÙTªn	OldFaction: wudang	Level: 98	Bil_GetTask_7_8_9_10: 1_20_0_0	Bil_GetTask(11): 1	GetProp: 485	GetMagicPoint: 97	Kick Out Sect _OK!
16-08-2018 15:57:12	Account: quocbaobp	NamePlayer: NçiÙBuånÙKoÙTªn	JoinFaction: wudang	Level: 98	Bil_GetTask_7_8_9_10: 1_20_0_0	Bil_GetTask(11): 0	GetProp: 485	GetMagicPoint: 97
16-08-2018 15:57:41	Account: quocbaobp	NamePlayer: NçiÙBuånÙKoÙTªn	OldFaction: wudang	Level: 98	Bil_GetTask_7_8_9_10: 20_1_0_0	Bil_GetTask(11): 1	GetProp: 485	GetMagicPoint: 97	Kick Out Sect _OK!
