00:26:59	 Account: thangvl10	Name: 10HáaCaCa	 DelItem: Kim Phong Tr¹c Liªn Quang
00:26:59	 Account: thangvl10	Name: 10HáaCaCa	 DelItem: Kim Phong Kú L©n HuyÕt
00:26:59	 Account: thangvl10	Name: 10HáaCaCa	 DelItem: Kim Phong Lan §×nh Ngäc
00:26:59	 Account: thangvl10	Name: 10HáaCaCa	 DelItem: Kim Phong C«ng CÈn Tam Th¸n
00:33:58	 Account: thangvl5	Name: 5TLSuco	 DelItem: Kim Phong §ång T­íc Xu©n Th©m
00:33:58	 Account: thangvl5	Name: 5TLSuco	 DelItem: Kim Phong C«ng CÈn Tam Th¸n
00:50:35	 Account: thangvl5	Name: 5TLSuco	 DelItem: Kim Phong §o¹t Hån Ngäc ®¸i
01:22:31	 Account: thangvl7	Name: 7NgaMiBuffBuff	 DelItem: Kim Phong C«ng CÈn Tam Th¸n
01:22:31	 Account: thangvl7	Name: 7NgaMiBuffBuff	 DelItem: Kim Phong Lan §×nh Ngäc
01:22:31	 Account: thangvl7	Name: 7NgaMiBuffBuff	 DelItem: Kim Phong Thiªn Lý Th¶o Th­îng Phi
01:26:30	 Account: vunguyen1988	Name: 111111111	 DelItem: Tóc S­¬ng
07:28:24	 Account: xuxuka2	Name: SenNa02	 DelItem: Kim Phong §o¹t Hån Ngäc ®¸i
07:28:24	 Account: xuxuka2	Name: SenNa02	 DelItem: Kim Phong Thanh D­¬ng Kh«i
07:28:24	 Account: xuxuka2	Name: SenNa02	 DelItem: Kim Phong Kú L©n HuyÕt
07:28:24	 Account: xuxuka2	Name: SenNa02	 DelItem: Kim Phong Thiªn Lý Th¶o Th­îng Phi
07:49:29	 Account: xuxuka4	Name: SenNa04	 DelItem: Kim Phong Kú L©n HuyÕt
07:49:29	 Account: xuxuka4	Name: SenNa04	 DelItem: Kim Phong Thanh D­¬ng Kh«i
07:49:29	 Account: xuxuka4	Name: SenNa04	 DelItem: Kim Phong Lan §×nh Ngäc
07:49:29	 Account: xuxuka4	Name: SenNa04	 DelItem: Kim Phong §o¹t Hån Ngäc ®¸i
08:05:47	 Account: xuxuka6	Name: SenNa06	 DelItem: Kim Phong §ång T­íc Xu©n Th©m
08:05:47	 Account: xuxuka6	Name: SenNa06	 DelItem: Kim Phong Thanh D­¬ng Kh«i
08:05:47	 Account: xuxuka6	Name: SenNa06	 DelItem: Kim Phong Kú L©n HuyÕt
08:05:47	 Account: xuxuka6	Name: SenNa06	 DelItem: Kim Phong Thiªn Lý Th¶o Th­îng Phi
09:16:48	 Account: thaocanh117	Name: UyÓnÙNh·	 DelItem: Kim Phong Tr¹c Liªn Quang
09:16:50	 Account: vunguyen1988	Name: 111111111	 DelItem: Kim Phong Lan §×nh Ngäc
09:17:14	 Account: vunguyen1988	Name: 111111111	 DelItem: Kim Phong §o¹t Hån Ngäc ®¸i
09:17:14	 Account: vunguyen1988	Name: 111111111	 DelItem: Kim Phong Thanh D­¬ng Kh«i
09:17:14	 Account: vunguyen1988	Name: 111111111	 DelItem: Kim Phong Kú L©n HuyÕt
09:17:14	 Account: vunguyen1988	Name: 111111111	 DelItem: Kim Phong Thiªn Lý Th¶o Th­îng Phi
09:50:13	 Account: tranvinh04	Name: B­ímÙEmÙCãÙ§éc	 DelItem: Tóc S­¬ng
10:06:18	 Account: huynhtrongtri17	Name: bombobmbobmbmb	 DelItem: Tóc S­¬ng
10:06:43	 Account: huynhtrongtri17	Name: bombobmbobmbmb	 DelItem: S¸ch kü n¨ng cÊp 90
10:06:43	 Account: huynhtrongtri17	Name: bombobmbobmbmb	 DelItem: §¹i Thµnh BÝ KÝp 90
10:42:50	 Account: luukt56	Name: NgoalongND	 DelItem: HuyÒn Sa DiÖn Tr¸o
11:17:32	 Account: luukt56	Name: NgoalongND	 DelItem: HuyÒn ThiÕt TuyÕt Ng©n gi¸p
11:17:42	 Account: luukt56	Name: NgoalongND	 DelItem: Can Bæng
11:20:02	 Account: thaocanh116	Name: S­ThÇyÙXuèngNói	 DelItem: Kim Phong Kú L©n HuyÕt
12:41:28	 Account: timlaivohien	Name: EyeSmile	 DelItem: Tóc S­¬ng
12:42:07	 Account: timlaivohien	Name: EyeSmile	 DelItem: Tóc S­¬ng
14:42:57	 Account: tranvinh04	Name: B­ímÙEmÙCãÙ§éc	 DelItem: Kim Phong Thiªn Lý Th¶o Th­îng Phi
14:42:57	 Account: tranvinh04	Name: B­ímÙEmÙCãÙ§éc	 DelItem: Kim Phong Tr¹c Liªn Quang
14:42:57	 Account: tranvinh04	Name: B­ímÙEmÙCãÙ§éc	 DelItem: Kim Phong Kú L©n HuyÕt
14:42:57	 Account: tranvinh04	Name: B­ímÙEmÙCãÙ§éc	 DelItem: Kim Phong Lan §×nh Ngäc
14:42:57	 Account: tranvinh04	Name: B­ímÙEmÙCãÙ§éc	 DelItem: Kim Phong C«ng CÈn Tam Th¸n
14:42:57	 Account: tranvinh04	Name: B­ímÙEmÙCãÙ§éc	 DelItem: Kim Phong HËu NghÖ dÉn cung
14:42:57	 Account: tranvinh04	Name: B­ímÙEmÙCãÙ§éc	 DelItem: Kim Phong §o¹t Hån Ngäc ®¸i
14:42:57	 Account: tranvinh04	Name: B­ímÙEmÙCãÙ§éc	 DelItem: Kim Phong §ång T­íc Xu©n Th©m
14:42:57	 Account: tranvinh04	Name: B­ímÙEmÙCãÙ§éc	 DelItem: Kim Phong Thanh D­¬ng Kh«i
17:09:26	 Account: thangvl5	Name: 5TLSuco	 DelItem: Kim Phong Kú L©n HuyÕt
18:02:58	 Account: ribi06	Name: 000001	 DelItem: Kim Phong §ång T­íc Xu©n Th©m
18:02:58	 Account: ribi06	Name: 000001	 DelItem: Kim Phong §o¹t Hån Ngäc ®¸i
18:02:58	 Account: ribi06	Name: 000001	 DelItem: Kim Phong HËu NghÖ dÉn cung
18:02:58	 Account: ribi06	Name: 000001	 DelItem: Kim Phong C«ng CÈn Tam Th¸n
18:02:58	 Account: ribi06	Name: 000001	 DelItem: Kim Phong Lan §×nh Ngäc
18:02:58	 Account: ribi06	Name: 000001	 DelItem: Kim Phong Thanh D­¬ng Kh«i
18:02:58	 Account: ribi06	Name: 000001	 DelItem: Kim Phong Kú L©n HuyÕt
18:02:58	 Account: ribi06	Name: 000001	 DelItem: Kim Phong Tr¹c Liªn Quang
18:02:58	 Account: ribi06	Name: 000001	 DelItem: Kim Phong Thiªn Lý Th¶o Th­îng Phi
19:40:59	 Account: vunguyen1988	Name: 111111111	 DelItem: Kim Phong Tr¹c Liªn Quang
19:40:59	 Account: vunguyen1988	Name: 111111111	 DelItem: Kim Phong HËu NghÖ dÉn cung
20:52:34	 Account: huy1712	Name: ¡nÙMµyÙV­¬ngÙGia	 DelItem: Kim Phong §o¹t Hån Ngäc ®¸i
20:52:34	 Account: huy1712	Name: ¡nÙMµyÙV­¬ngÙGia	 DelItem: Kim Phong Thiªn Lý Th¶o Th­îng Phi
21:02:06	 Account: vunguyen1984	Name: BinBin	 DelItem: Kim Phong §ång T­íc Xu©n Th©m
21:02:06	 Account: vunguyen1984	Name: BinBin	 DelItem: Kim Phong §o¹t Hån Ngäc ®¸i
21:02:06	 Account: vunguyen1984	Name: BinBin	 DelItem: Kim Phong HËu NghÖ dÉn cung
21:02:06	 Account: vunguyen1984	Name: BinBin	 DelItem: Kim Phong Lan §×nh Ngäc
21:02:06	 Account: vunguyen1984	Name: BinBin	 DelItem: Kim Phong Thanh D­¬ng Kh«i
21:02:06	 Account: vunguyen1984	Name: BinBin	 DelItem: Kim Phong Kú L©n HuyÕt
21:02:06	 Account: vunguyen1984	Name: BinBin	 DelItem: Kim Phong Tr¹c Liªn Quang
22:19:18	 Account: nam92hd	Name: HáaThÇnÙV«Song	 DelItem: Kim Phong Tr¹c Liªn Quang
22:54:07	 Account: luukt56	Name: NgoalongND	 DelItem: Long Tiªu ®¹o y
22:56:30	 Account: vunguyen1983	Name: Thiennhan	 DelItem: Kim Phong §o¹t Hån Ngäc ®¸i
22:56:30	 Account: vunguyen1983	Name: Thiennhan	 DelItem: Kim Phong HËu NghÖ dÉn cung
22:56:30	 Account: vunguyen1983	Name: Thiennhan	 DelItem: Kim Phong Lan §×nh Ngäc
22:56:30	 Account: vunguyen1983	Name: Thiennhan	 DelItem: Kim Phong Thanh D­¬ng Kh«i
22:56:30	 Account: vunguyen1983	Name: Thiennhan	 DelItem: Kim Phong Kú L©n HuyÕt
22:56:30	 Account: vunguyen1983	Name: Thiennhan	 DelItem: Kim Phong Tr¹c Liªn Quang
22:56:30	 Account: vunguyen1983	Name: Thiennhan	 DelItem: Kim Phong Thiªn Lý Th¶o Th­îng Phi
22:57:04	 Account: luukt56	Name: NgoalongND	 DelItem: Can Bæng
22:57:43	 Account: vunguyen1985	Name: binbin2	 DelItem: Kim Phong Kú L©n HuyÕt
22:57:43	 Account: vunguyen1985	Name: binbin2	 DelItem: Kim Phong Thanh D­¬ng Kh«i
22:57:43	 Account: vunguyen1985	Name: binbin2	 DelItem: Kim Phong Lan §×nh Ngäc
22:57:43	 Account: vunguyen1985	Name: binbin2	 DelItem: Kim Phong HËu NghÖ dÉn cung
22:58:33	 Account: luukt56	Name: NgoalongND	 DelItem: Tinh Cang Kh«i
23:19:18	 Account: luukt56	Name: NgoalongND	 DelItem: §¸i Y §ao
23:19:18	 Account: luukt56	Name: NgoalongND	 DelItem: Toµn Th¹ch Giíi ChØ
23:19:18	 Account: luukt56	Name: NgoalongND	 DelItem: Phï Dung Th¹ch
23:19:18	 Account: luukt56	Name: NgoalongND	 DelItem: Tæ MÉu Lôc Giíi ChØ
23:19:18	 Account: luukt56	Name: NgoalongND	 DelItem: MËt Ng©n kho¸ng
23:34:05	 Account: luukt56	Name: NgoalongND	 DelItem: Quang C¸n §ao
23:34:05	 Account: luukt56	Name: NgoalongND	 DelItem: §å phæ Hoµng Kim - An Bang §iÒn Hoµng Th¹ch Ngäc Béi
23:34:05	 Account: luukt56	Name: NgoalongND	 DelItem: Toµn Th¹ch Giíi ChØ
23:34:05	 Account: luukt56	Name: NgoalongND	 DelItem: MËt Ng©n Nguyªn Kho¸ng
23:50:12	 Account: hiepkhachhanh01020	Name: HAHAHAHAHAHAHA	 DelItem: S¸ch kü n¨ng cÊp 90
23:50:12	 Account: hiepkhachhanh01020	Name: HAHAHAHAHAHAHA	 DelItem: §¹i Thµnh BÝ KÝp 90
23:50:12	 Account: hiepkhachhanh01020	Name: HAHAHAHAHAHAHA	 DelItem: Tóc S­¬ng
23:56:01	 Account: luukt56	Name: NgoalongND	 DelItem: Cang kh«i 
23:56:01	 Account: luukt56	Name: NgoalongND	 DelItem: HuyÒn ThiÕt kho¸ng
23:56:01	 Account: luukt56	Name: NgoalongND	 DelItem: Hå §iÖp Tiªu
23:56:01	 Account: luukt56	Name: NgoalongND	 DelItem: HuyÒn ThiÕt kho¸ng
23:56:01	 Account: luukt56	Name: NgoalongND	 DelItem: ThiÕu L©m L­îng Ng©n Phi Tiªu
23:56:25	 Account: luukt56	Name: NgoalongND	 DelItem: HuyÒn Sa DiÖn Tr¸o
23:56:25	 Account: luukt56	Name: NgoalongND	 DelItem: §å phæ Hoµng Kim - §Þnh Quèc ¤ Sa Ph¸t Qu¸n
23:57:30	 Account: luukt56	Name: NgoalongND	 DelItem: UÊt §a La T¨ng
23:57:55	 Account: luukt56	Name: NgoalongND	 DelItem: UÊt §a La T¨ng
23:57:55	 Account: luukt56	Name: NgoalongND	 DelItem: §å phæ Hoµng Kim - §Þnh Quèc Tö §»ng Hé uyÓn
23:59:14	 Account: luukt56	Name: NgoalongND	 DelItem: Ng©n Kh«i
