16:25:45	 Account: banhbanh	Name: NguoiMoi	 DelItem: Phóc Lîi §¬n LÔ Hép
16:25:45	 Account: banhbanh	Name: NguoiMoi	 DelItem: Phóc Lîi §¬n LÔ Hép
16:25:45	 Account: banhbanh	Name: NguoiMoi	 DelItem: Phóc Lîi §¬n LÔ Hép
16:25:45	 Account: banhbanh	Name: NguoiMoi	 DelItem: QuÕ Hoa Töu
16:25:45	 Account: banhbanh	Name: NguoiMoi	 DelItem: N¨ng §éng LÔ Bao
16:25:45	 Account: banhbanh	Name: NguoiMoi	 DelItem: N¨ng §éng LÔ Bao
16:25:45	 Account: banhbanh	Name: NguoiMoi	 DelItem: Tiªn Th¶o Lé 
16:25:45	 Account: banhbanh	Name: NguoiMoi	 DelItem: Tiªn Th¶o Lé 
16:25:45	 Account: banhbanh	Name: NguoiMoi	 DelItem: QuÕ Hoa Töu
16:25:45	 Account: banhbanh	Name: NguoiMoi	 DelItem: N¨ng §éng LÔ Bao
16:25:45	 Account: banhbanh	Name: NguoiMoi	 DelItem: N¨ng §éng LÔ Bao
16:25:45	 Account: banhbanh	Name: NguoiMoi	 DelItem: Tiªn Th¶o Lé 
16:25:45	 Account: banhbanh	Name: NguoiMoi	 DelItem: Tiªn Th¶o Lé 
16:25:45	 Account: banhbanh	Name: NguoiMoi	 DelItem: BÝ quyÕt kü n¨ng cÊp 120
16:25:45	 Account: banhbanh	Name: NguoiMoi	 DelItem: Tinh Hång B¶o Th¹ch
16:25:45	 Account: banhbanh	Name: NguoiMoi	 DelItem: QuÕ Hoa Töu
16:25:45	 Account: banhbanh	Name: NguoiMoi	 DelItem: Tiªn Th¶o Lé 
16:25:45	 Account: banhbanh	Name: NguoiMoi	 DelItem: QuÕ Hoa Töu
19:49:19	 Account: banhbanh	Name: NguoiMoi	 DelItem: Qu¶ Huy Hoµng (trung)
19:49:19	 Account: banhbanh	Name: NguoiMoi	 DelItem: LÖnh bµi Phong L¨ng §é
19:49:19	 Account: banhbanh	Name: NguoiMoi	 DelItem: Viªm §Õ LÖnh
19:49:19	 Account: banhbanh	Name: NguoiMoi	 DelItem: S¸t thñ gi¶n
19:49:19	 Account: banhbanh	Name: NguoiMoi	 DelItem: Tinh Hång B¶o Th¹ch
19:49:19	 Account: banhbanh	Name: NguoiMoi	 DelItem: Tiªn Th¶o Lé 
19:49:19	 Account: banhbanh	Name: NguoiMoi	 DelItem: Tr­êng MÖnh hoµn
19:53:04	 Account: banhbanh	Name: NguoiMoi	 DelItem: Phi Tèc hoµn
22:31:45	 Account: admin	Name: ÙGAMEÙMASTERÙ	 DelItem: Tóc S­¬ng
22:31:45	 Account: admin	Name: ÙGAMEÙMASTERÙ	 DelItem: Kim Phong Kú L©n HuyÕt
22:32:11	 Account: admin	Name: ÙGAMEÙMASTERÙ	 DelItem: Chó Ph­îc Ph¸ gi¸p ®Çu hoµn
22:32:11	 Account: admin	Name: ÙGAMEÙMASTERÙ	 DelItem: Kim Phong Thiªn Lý Th¶o Th­îng Phi
22:32:11	 Account: admin	Name: ÙGAMEÙMASTERÙ	 DelItem: Kim Phong Tr¹c Liªn Quang
22:32:11	 Account: admin	Name: ÙGAMEÙMASTERÙ	 DelItem: Kim Phong Thanh D­¬ng Kh«i
22:32:11	 Account: admin	Name: ÙGAMEÙMASTERÙ	 DelItem: Kim Phong Lan §×nh Ngäc
22:32:11	 Account: admin	Name: ÙGAMEÙMASTERÙ	 DelItem: Kim Phong C«ng CÈn Tam Th¸n
22:32:11	 Account: admin	Name: ÙGAMEÙMASTERÙ	 DelItem: Kim Phong HËu NghÖ dÉn cung
22:32:11	 Account: admin	Name: ÙGAMEÙMASTERÙ	 DelItem: Kim Phong §o¹t Hån Ngäc ®¸i
22:32:11	 Account: admin	Name: ÙGAMEÙMASTERÙ	 DelItem: Kim Phong §ång T­íc Xu©n Th©m
22:32:11	 Account: admin	Name: ÙGAMEÙMASTERÙ	 DelItem: Håi thµnh phï (lín) 
22:32:23	 Account: admin	Name: ÙGAMEÙMASTERÙ	 DelItem: Tiªn Th¶o Lé 
22:32:23	 Account: admin	Name: ÙGAMEÙMASTERÙ	 DelItem: Tiªn Th¶o Lé 
22:32:23	 Account: admin	Name: ÙGAMEÙMASTERÙ	 DelItem: Tiªn Th¶o Lé 
22:32:23	 Account: admin	Name: ÙGAMEÙMASTERÙ	 DelItem: Tiªn Th¶o Lé 
22:32:23	 Account: admin	Name: ÙGAMEÙMASTERÙ	 DelItem: Tiªn Th¶o Lé 
22:32:23	 Account: admin	Name: ÙGAMEÙMASTERÙ	 DelItem: Tiªn Th¶o Lé 
23:20:07	 Account: admin	Name: ÙGAMEÙMASTERÙ	 DelItem: Kim Phong §o¹t Hån Ngäc ®¸i
23:20:07	 Account: admin	Name: ÙGAMEÙMASTERÙ	 DelItem: Kim Phong Thanh D­¬ng Kh«i
23:20:07	 Account: admin	Name: ÙGAMEÙMASTERÙ	 DelItem: Kim Phong Kú L©n HuyÕt
23:20:07	 Account: admin	Name: ÙGAMEÙMASTERÙ	 DelItem: Kim Phong Tr¹c Liªn Quang
23:20:07	 Account: admin	Name: ÙGAMEÙMASTERÙ	 DelItem: Kim Phong Thiªn Lý Th¶o Th­îng Phi
23:20:07	 Account: admin	Name: ÙGAMEÙMASTERÙ	 DelItem: Tóc S­¬ng
23:21:33	 Account: admin	Name: ÙGAMEÙMASTERÙ	 DelItem: Håi thµnh phï (lín) 
23:21:33	 Account: admin	Name: ÙGAMEÙMASTERÙ	 DelItem: Kim Phong §ång T­íc Xu©n Th©m
23:21:33	 Account: admin	Name: ÙGAMEÙMASTERÙ	 DelItem: Kim Phong HËu NghÖ dÉn cung
23:21:33	 Account: admin	Name: ÙGAMEÙMASTERÙ	 DelItem: Kim Phong C«ng CÈn Tam Th¸n
23:21:33	 Account: admin	Name: ÙGAMEÙMASTERÙ	 DelItem: Kim Phong Lan §×nh Ngäc
23:21:33	 Account: admin	Name: ÙGAMEÙMASTERÙ	 DelItem: Tiªn Th¶o Lé 
23:21:33	 Account: admin	Name: ÙGAMEÙMASTERÙ	 DelItem: Tiªn Th¶o Lé 
23:21:33	 Account: admin	Name: ÙGAMEÙMASTERÙ	 DelItem: Tiªn Th¶o Lé 
23:21:33	 Account: admin	Name: ÙGAMEÙMASTERÙ	 DelItem: Tiªn Th¶o Lé 
23:21:33	 Account: admin	Name: ÙGAMEÙMASTERÙ	 DelItem: Tiªn Th¶o Lé 
23:21:33	 Account: admin	Name: ÙGAMEÙMASTERÙ	 DelItem: Tiªn Th¶o Lé 
23:28:06	 Account: admin	Name: ÙGAMEÙMASTERÙ	 DelItem: Kim Phong Thiªn Lý Th¶o Th­îng Phi
23:28:06	 Account: admin	Name: ÙGAMEÙMASTERÙ	 DelItem: Kim Phong Tr¹c Liªn Quang
23:28:06	 Account: admin	Name: ÙGAMEÙMASTERÙ	 DelItem: Kim Phong Kú L©n HuyÕt
23:28:06	 Account: admin	Name: ÙGAMEÙMASTERÙ	 DelItem: Kim Phong Thanh D­¬ng Kh«i
23:28:06	 Account: admin	Name: ÙGAMEÙMASTERÙ	 DelItem: Kim Phong Lan §×nh Ngäc
23:28:06	 Account: admin	Name: ÙGAMEÙMASTERÙ	 DelItem: Kim Phong C«ng CÈn Tam Th¸n
23:28:06	 Account: admin	Name: ÙGAMEÙMASTERÙ	 DelItem: Kim Phong HËu NghÖ dÉn cung
23:28:06	 Account: admin	Name: ÙGAMEÙMASTERÙ	 DelItem: Kim Phong §o¹t Hån Ngäc ®¸i
23:28:06	 Account: admin	Name: ÙGAMEÙMASTERÙ	 DelItem: Kim Phong §ång T­íc Xu©n Th©m
23:28:22	 Account: admin	Name: ÙGAMEÙMASTERÙ	 DelItem: Tiªn Th¶o Lé 
23:28:22	 Account: admin	Name: ÙGAMEÙMASTERÙ	 DelItem: Tiªn Th¶o Lé 
23:28:22	 Account: admin	Name: ÙGAMEÙMASTERÙ	 DelItem: Tiªn Th¶o Lé 
23:28:22	 Account: admin	Name: ÙGAMEÙMASTERÙ	 DelItem: Tiªn Th¶o Lé 
23:28:22	 Account: admin	Name: ÙGAMEÙMASTERÙ	 DelItem: Tiªn Th¶o Lé 
23:28:22	 Account: admin	Name: ÙGAMEÙMASTERÙ	 DelItem: Tiªn Th¶o Lé 
23:28:22	 Account: admin	Name: ÙGAMEÙMASTERÙ	 DelItem: Tóc S­¬ng
23:28:22	 Account: admin	Name: ÙGAMEÙMASTERÙ	 DelItem: Håi thµnh phï (lín) 
23:33:29	 Account: test3	Name: duatopÙ8	 DelItem: TiÒn ®ång
