09:22:36	 Account: sangtpbrvt4	Name: SangTp4	 DelItem: TiÒn ®ång
09:23:10	 Account: sangtpbrvt4	Name: SangTp4	 DelItem: TiÒn ®ång
09:23:10	 Account: sangtpbrvt4	Name: SangTp4	 DelItem: TiÒn ®ång
09:29:54	 Account: sangtpbrvt4	Name: SangTp4	 DelItem: HuyÒn Tinh Kho¸ng Th¹ch 
09:29:54	 Account: sangtpbrvt4	Name: SangTp4	 DelItem: HuyÒn Tinh Kho¸ng Th¹ch 
09:29:54	 Account: sangtpbrvt4	Name: SangTp4	 DelItem: HuyÒn Tinh Kho¸ng Th¹ch 
09:29:54	 Account: sangtpbrvt4	Name: SangTp4	 DelItem: HuyÒn Tinh Kho¸ng Th¹ch 
09:29:54	 Account: sangtpbrvt4	Name: SangTp4	 DelItem: TiÒn ®ång
09:29:54	 Account: sangtpbrvt4	Name: SangTp4	 DelItem: TiÒn ®ång
09:29:54	 Account: sangtpbrvt4	Name: SangTp4	 DelItem: TiÒn ®ång
09:29:54	 Account: sangtpbrvt4	Name: SangTp4	 DelItem: TiÒn ®ång
09:29:54	 Account: sangtpbrvt4	Name: SangTp4	 DelItem: TiÒn ®ång
09:29:54	 Account: sangtpbrvt4	Name: SangTp4	 DelItem: TiÒn ®ång
09:29:54	 Account: sangtpbrvt4	Name: SangTp4	 DelItem: TiÒn ®ång
09:29:54	 Account: sangtpbrvt4	Name: SangTp4	 DelItem: TiÒn ®ång
09:29:54	 Account: sangtpbrvt4	Name: SangTp4	 DelItem: TiÒn ®ång
09:29:54	 Account: sangtpbrvt4	Name: SangTp4	 DelItem: TiÒn ®ång
12:29:56	 Account: minhmeo	Name: L¸oÙTõÙNhá	 DelItem: CÈm nang ®ång hµnh
16:46:24	 Account: tranhoangcham	Name: Megame	 DelItem: U Lung MÆc Thï NhuyÔn Lý 
16:46:24	 Account: tranhoangcham	Name: Megame	 DelItem: U Lung Kim Xµ Ph¸t ®¸i
16:47:30	 Account: tranhoangcham	Name: Megame	 DelItem: U Lung MÆc Thï NhuyÔn Lý 
16:47:30	 Account: tranhoangcham	Name: Megame	 DelItem: U Lung Thanh Ng« TriÒn yªu
16:47:30	 Account: tranhoangcham	Name: Megame	 DelItem: U Lung XÝch YÕt MËt trang
16:47:30	 Account: tranhoangcham	Name: Megame	 DelItem: U Lung Thanh Ng« TriÒn yªu
16:47:30	 Account: tranhoangcham	Name: Megame	 DelItem: U Lung XÝch YÕt MËt trang
16:49:21	 Account: tranhoangcham	Name: Megame	 DelItem: U Lung MÆc Thï NhuyÔn Lý 
16:49:21	 Account: tranhoangcham	Name: Megame	 DelItem: U Lung Ng©n ThÒm Hé UyÓn
16:49:21	 Account: tranhoangcham	Name: Megame	 DelItem: U Lung Thanh Ng« TriÒn yªu
16:49:21	 Account: tranhoangcham	Name: Megame	 DelItem: U Lung XÝch YÕt MËt trang
16:49:21	 Account: tranhoangcham	Name: Megame	 DelItem: U Lung Kim Xµ Ph¸t ®¸i
16:49:21	 Account: tranhoangcham	Name: Megame	 DelItem: U Lung Ng©n ThÒm Hé UyÓn
16:49:21	 Account: tranhoangcham	Name: Megame	 DelItem: U Lung Kim Xµ Ph¸t ®¸i
16:49:53	 Account: tranhoangcham	Name: Megame	 DelItem: Minh ¶o Song Hoµn Xµ Hµi
16:49:53	 Account: tranhoangcham	Name: Megame	 DelItem: Minh ¶o Hñ Cèt Hé uyÓn
16:49:53	 Account: tranhoangcham	Name: Megame	 DelItem: Minh ¶o U §éc ¸m Y
16:49:53	 Account: tranhoangcham	Name: Megame	 DelItem: Minh ¶o Tµ S¸t §éc NhËn
16:51:40	 Account: tranhoangcham	Name: Megame	 DelItem: U Lung Thanh Ng« TriÒn yªu
16:51:40	 Account: tranhoangcham	Name: Megame	 DelItem: U Lung XÝch YÕt MËt trang
16:51:40	 Account: tranhoangcham	Name: Megame	 DelItem: U Lung Kim Xµ Ph¸t ®¸i
16:51:40	 Account: tranhoangcham	Name: Megame	 DelItem: U Lung Thanh Ng« TriÒn yªu
16:51:40	 Account: tranhoangcham	Name: Megame	 DelItem: U Lung XÝch YÕt MËt trang
16:51:40	 Account: tranhoangcham	Name: Megame	 DelItem: U Lung Kim Xµ Ph¸t ®¸i
16:52:20	 Account: tranhoangcham	Name: Megame	 DelItem: U Lung MÆc Thï NhuyÔn Lý 
16:52:20	 Account: tranhoangcham	Name: Megame	 DelItem: U Lung Ng©n ThÒm Hé UyÓn
16:52:20	 Account: tranhoangcham	Name: Megame	 DelItem: U Lung Thanh Ng« TriÒn yªu
16:52:20	 Account: tranhoangcham	Name: Megame	 DelItem: U Lung XÝch YÕt MËt trang
16:52:20	 Account: tranhoangcham	Name: Megame	 DelItem: U Lung Kim Xµ Ph¸t ®¸i
16:52:20	 Account: tranhoangcham	Name: Megame	 DelItem: U Lung MÆc Thï NhuyÔn Lý 
16:52:20	 Account: tranhoangcham	Name: Megame	 DelItem: U Lung Ng©n ThÒm Hé UyÓn
16:53:00	 Account: tranhoangcham	Name: Megame	 DelItem: U Lung MÆc Thï NhuyÔn Lý 
16:53:00	 Account: tranhoangcham	Name: Megame	 DelItem: U Lung Ng©n ThÒm Hé UyÓn
16:53:00	 Account: tranhoangcham	Name: Megame	 DelItem: U Lung Thanh Ng« TriÒn yªu
16:53:00	 Account: tranhoangcham	Name: Megame	 DelItem: U Lung XÝch YÕt MËt trang
16:53:00	 Account: tranhoangcham	Name: Megame	 DelItem: U Lung Kim Xµ Ph¸t ®¸i
16:53:00	 Account: tranhoangcham	Name: Megame	 DelItem: U Lung MÆc Thï NhuyÔn Lý 
16:53:00	 Account: tranhoangcham	Name: Megame	 DelItem: U Lung Ng©n ThÒm Hé UyÓn
16:54:41	 Account: tranhoangcham	Name: Megame	 DelItem: U Lung MÆc Thï NhuyÔn Lý 
16:54:41	 Account: tranhoangcham	Name: Megame	 DelItem: U Lung Thanh Ng« TriÒn yªu
16:54:41	 Account: tranhoangcham	Name: Megame	 DelItem: U Lung Kim Xµ Ph¸t ®¸i
16:54:41	 Account: tranhoangcham	Name: Megame	 DelItem: U Lung MÆc Thï NhuyÔn Lý 
16:54:41	 Account: tranhoangcham	Name: Megame	 DelItem: U Lung XÝch YÕt MËt trang
16:54:41	 Account: tranhoangcham	Name: Megame	 DelItem: U Lung Kim Xµ Ph¸t ®¸i
16:55:47	 Account: tranhoangcham	Name: Megame	 DelItem: U Lung MÆc Thï NhuyÔn Lý 
16:55:47	 Account: tranhoangcham	Name: Megame	 DelItem: U Lung Ng©n ThÒm Hé UyÓn
16:55:47	 Account: tranhoangcham	Name: Megame	 DelItem: U Lung Ng©n ThÒm Hé UyÓn
16:55:47	 Account: tranhoangcham	Name: Megame	 DelItem: U Lung XÝch YÕt MËt trang
16:55:47	 Account: tranhoangcham	Name: Megame	 DelItem: U Lung Ng©n ThÒm Hé UyÓn
16:55:47	 Account: tranhoangcham	Name: Megame	 DelItem: U Lung Thanh Ng« TriÒn yªu
16:58:52	 Account: tranhoangcham	Name: Megame	 DelItem: U Lung MÆc Thï NhuyÔn Lý 
16:58:52	 Account: tranhoangcham	Name: Megame	 DelItem: U Lung Thanh Ng« TriÒn yªu
16:58:52	 Account: tranhoangcham	Name: Megame	 DelItem: U Lung XÝch YÕt MËt trang
16:58:52	 Account: tranhoangcham	Name: Megame	 DelItem: U Lung MÆc Thï NhuyÔn Lý 
16:58:52	 Account: tranhoangcham	Name: Megame	 DelItem: U Lung Thanh Ng« TriÒn yªu
16:58:52	 Account: tranhoangcham	Name: Megame	 DelItem: U Lung XÝch YÕt MËt trang
17:02:48	 Account: tranhoangcham	Name: Megame	 DelItem: ThiÕu L©m §ao ph¸p. QuyÓn 3
17:03:18	 Account: tranhoangcham	Name: Megame	 DelItem: Ngù T©m thuËt
17:03:18	 Account: tranhoangcham	Name: Megame	 DelItem: C¸i Bang Ch­ëng Ph¸p
17:03:18	 Account: tranhoangcham	Name: Megame	 DelItem: C¸i Bang C«n ph¸p
17:03:18	 Account: tranhoangcham	Name: Megame	 DelItem: Thóy Yªn Song ®ao
17:03:18	 Account: tranhoangcham	Name: Megame	 DelItem: Thóy Yªn §ao ph¸p
17:03:18	 Account: tranhoangcham	Name: Megame	 DelItem: Thiªn V­¬ng Th­¬ng ph¸p. QuyÓn 2
17:03:18	 Account: tranhoangcham	Name: Megame	 DelItem: Thiªn V­¬ng Chïy Ph¸p. QuyÓn 1
17:03:18	 Account: tranhoangcham	Name: Megame	 DelItem: Thiªn V­¬ng §ao ph¸p.QuyÓn 3
17:03:18	 Account: tranhoangcham	Name: Megame	 DelItem: ThiÕu L©m QuyÒn Ph¸p. QuyÓn 1
17:03:55	 Account: tranhoangcham	Name: Megame	 DelItem: Ngù L«i thuËt
17:03:55	 Account: tranhoangcham	Name: Megame	 DelItem: Ngù Phong thuËt
17:03:55	 Account: tranhoangcham	Name: Megame	 DelItem: Th¸i Cùc KiÕm Phæ. QuyÓn 2
17:03:55	 Account: tranhoangcham	Name: Megame	 DelItem: NhiÕp Hån. Chó thuËt
17:03:55	 Account: tranhoangcham	Name: Megame	 DelItem: V©n Long KÝch. M©u ph¸p
17:03:55	 Account: tranhoangcham	Name: Megame	 DelItem: L­u Tinh. §ao ph¸p
17:03:55	 Account: tranhoangcham	Name: Megame	 DelItem: Phæ §é MËt TÞch
17:03:55	 Account: tranhoangcham	Name: Megame	 DelItem: Nga Mi  PhËt Quang Ch­ëng MËt TÞch
17:03:55	 Account: tranhoangcham	Name: Megame	 DelItem: DiÖt KiÕm MËt TÞch
17:03:55	 Account: tranhoangcham	Name: Megame	 DelItem: H·m TÜnh thuËt.Lo¹n Hoµn KÝch
17:03:55	 Account: tranhoangcham	Name: Megame	 DelItem: Phi Tiªu thuËt. Cöu Cung Phi Tinh
17:03:55	 Account: tranhoangcham	Name: Megame	 DelItem: Tô TiÔn thuËt. B¹o Vò Lª Hoa
17:03:55	 Account: tranhoangcham	Name: Megame	 DelItem: ThiÕu L©m C«n ph¸p. QuyÓn 2
17:03:55	 Account: tranhoangcham	Name: Megame	 DelItem: Tiªn Th¶o Lé 
17:03:55	 Account: tranhoangcham	Name: Megame	 DelItem: Tiªn Th¶o Lé 
17:03:55	 Account: tranhoangcham	Name: Megame	 DelItem: Tiªn Th¶o Lé 
17:03:55	 Account: tranhoangcham	Name: Megame	 DelItem: Tiªn Th¶o Lé 
17:03:55	 Account: tranhoangcham	Name: Megame	 DelItem: Tiªn Th¶o Lé 
17:03:55	 Account: tranhoangcham	Name: Megame	 DelItem: Tiªn Th¶o Lé 
17:03:55	 Account: tranhoangcham	Name: Megame	 DelItem: Tiªn Th¶o Lé 
17:05:07	 Account: tranhoangcham	Name: Megame	 DelItem: U Lung Thanh Ng« TriÒn yªu
17:05:07	 Account: tranhoangcham	Name: Megame	 DelItem: U Lung XÝch YÕt MËt trang
17:05:07	 Account: tranhoangcham	Name: Megame	 DelItem: U Lung Kim Xµ Ph¸t ®¸i
17:05:07	 Account: tranhoangcham	Name: Megame	 DelItem: U Lung Thanh Ng« TriÒn yªu
17:05:07	 Account: tranhoangcham	Name: Megame	 DelItem: U Lung XÝch YÕt MËt trang
17:05:07	 Account: tranhoangcham	Name: Megame	 DelItem: U Lung Kim Xµ Ph¸t ®¸i
17:05:50	 Account: tranhoangcham	Name: Megame	 DelItem: U Lung Ng©n ThÒm Hé UyÓn
17:05:50	 Account: tranhoangcham	Name: Megame	 DelItem: U Lung MÆc Thï NhuyÔn Lý 
17:05:50	 Account: tranhoangcham	Name: Megame	 DelItem: U Lung Ng©n ThÒm Hé UyÓn
17:05:50	 Account: tranhoangcham	Name: Megame	 DelItem: Tiªn Th¶o Lé 
17:05:50	 Account: tranhoangcham	Name: Megame	 DelItem: Tiªn Th¶o Lé 
17:05:50	 Account: tranhoangcham	Name: Megame	 DelItem: Tiªn Th¶o Lé 
17:05:50	 Account: tranhoangcham	Name: Megame	 DelItem: Tiªn Th¶o Lé 
17:05:50	 Account: tranhoangcham	Name: Megame	 DelItem: Tiªn Th¶o Lé 
17:05:50	 Account: tranhoangcham	Name: Megame	 DelItem: Tiªn Th¶o Lé 
17:05:50	 Account: tranhoangcham	Name: Megame	 DelItem: Tiªn Th¶o Lé 
17:05:50	 Account: tranhoangcham	Name: Megame	 DelItem: Tiªn Th¶o Lé 
17:05:50	 Account: tranhoangcham	Name: Megame	 DelItem: Tiªn Th¶o Lé 
17:05:50	 Account: tranhoangcham	Name: Megame	 DelItem: Tiªn Th¶o Lé 
17:05:50	 Account: tranhoangcham	Name: Megame	 DelItem: Tiªn Th¶o Lé 
17:05:50	 Account: tranhoangcham	Name: Megame	 DelItem: Tiªn Th¶o Lé 
17:05:50	 Account: tranhoangcham	Name: Megame	 DelItem: Tiªn Th¶o Lé 
17:05:50	 Account: tranhoangcham	Name: Megame	 DelItem: Tiªn Th¶o Lé 
17:05:50	 Account: tranhoangcham	Name: Megame	 DelItem: Tiªn Th¶o Lé 
17:07:29	 Account: tranhoangcham	Name: Megame	 DelItem: Minh ¶o Hñ Cèt Hé uyÓn
17:07:29	 Account: tranhoangcham	Name: Megame	 DelItem: Minh ¶o §éc YÕt ChØ Hoµn
17:07:29	 Account: tranhoangcham	Name: Megame	 DelItem: Minh ¶o U §éc ¸m Y
17:07:29	 Account: tranhoangcham	Name: Megame	 DelItem: U Lung Ng©n ThÒm Hé UyÓn
17:07:29	 Account: tranhoangcham	Name: Megame	 DelItem: U Lung Thanh Ng« TriÒn yªu
17:07:29	 Account: tranhoangcham	Name: Megame	 DelItem: U Lung XÝch YÕt MËt trang
17:07:29	 Account: tranhoangcham	Name: Megame	 DelItem: U Lung Kim Xµ Ph¸t ®¸i
17:08:20	 Account: tranhoangcham	Name: Megame	 DelItem: U Lung Ng©n ThÒm Hé UyÓn
17:08:20	 Account: tranhoangcham	Name: Megame	 DelItem: U Lung XÝch YÕt MËt trang
17:08:20	 Account: tranhoangcham	Name: Megame	 DelItem: U Lung Kim Xµ Ph¸t ®¸i
17:08:20	 Account: tranhoangcham	Name: Megame	 DelItem: Minh ¶o Song Hoµn Xµ Hµi
17:08:20	 Account: tranhoangcham	Name: Megame	 DelItem: U Lung MÆc Thï NhuyÔn Lý 
17:08:20	 Account: tranhoangcham	Name: Megame	 DelItem: U Lung Thanh Ng« TriÒn yªu
17:49:58	 Account: thuyhuyenbn1981	Name: §iØaBÞDS	 DelItem: Ngò l·o qu¸n
17:56:56	 Account: thuyhuyenbn1981	Name: §iØaBÞDS	 DelItem: Tiªn Th¶o Lé 
17:57:03	 Account: thuyhuyenbn1981	Name: §iØaBÞDS	 DelItem: Tiªn Th¶o Lé 
17:57:10	 Account: thuyhuyenbn1981	Name: §iØaBÞDS	 DelItem: Tiªn Th¶o Lé 
18:58:34	 Account: thuyhuyenbn1981	Name: §iØaBÞDS	 DelItem: CËp Phong Thóy Ngäc HuyÒn Hoµng Béi
18:58:48	 Account: thuyhuyenbn1981	Name: §iØaBÞDS	 DelItem: CËp Phong Thanh Tïng Ph¸p giíi
19:41:34	 Account: hoangtuan1	Name: dsadasd	 DelItem: TiÒn ®ång
19:41:34	 Account: hoangtuan1	Name: dsadasd	 DelItem: TiÒn ®ång
19:42:11	 Account: hoangtuan1	Name: dsadasd	 DelItem: TiÒn ®ång
19:42:11	 Account: hoangtuan1	Name: dsadasd	 DelItem: TiÒn ®ång
19:42:11	 Account: hoangtuan1	Name: dsadasd	 DelItem: TiÒn ®ång
19:42:11	 Account: hoangtuan1	Name: dsadasd	 DelItem: TiÒn ®ång
19:42:11	 Account: hoangtuan1	Name: dsadasd	 DelItem: TiÒn ®ång
19:42:11	 Account: hoangtuan1	Name: dsadasd	 DelItem: TiÒn ®ång
19:42:11	 Account: hoangtuan1	Name: dsadasd	 DelItem: TiÒn ®ång
19:42:11	 Account: hoangtuan1	Name: dsadasd	 DelItem: TiÒn ®ång
19:42:11	 Account: hoangtuan1	Name: dsadasd	 DelItem: TiÒn ®ång
19:42:11	 Account: hoangtuan1	Name: dsadasd	 DelItem: TiÒn ®ång
19:42:11	 Account: hoangtuan1	Name: dsadasd	 DelItem: TiÒn ®ång
19:42:11	 Account: hoangtuan1	Name: dsadasd	 DelItem: TiÒn ®ång
19:42:11	 Account: hoangtuan1	Name: dsadasd	 DelItem: TiÒn ®ång
19:42:11	 Account: hoangtuan1	Name: dsadasd	 DelItem: TiÒn ®ång
19:42:11	 Account: hoangtuan1	Name: dsadasd	 DelItem: TiÒn ®ång
19:42:11	 Account: hoangtuan1	Name: dsadasd	 DelItem: TiÒn ®ång
19:42:11	 Account: hoangtuan1	Name: dsadasd	 DelItem: TiÒn ®ång
19:42:11	 Account: hoangtuan1	Name: dsadasd	 DelItem: TiÒn ®ång
19:42:11	 Account: hoangtuan1	Name: dsadasd	 DelItem: TiÒn ®ång
19:42:11	 Account: hoangtuan1	Name: dsadasd	 DelItem: Kim Nguyªn b¶o
19:42:11	 Account: hoangtuan1	Name: dsadasd	 DelItem: TiÒn ®ång
19:51:21	 Account: hoangtuan1	Name: dsadasd	 DelItem: TiÒn ®ång
19:51:21	 Account: hoangtuan1	Name: dsadasd	 DelItem: TiÒn ®ång
19:51:21	 Account: hoangtuan1	Name: dsadasd	 DelItem: TiÒn ®ång
19:51:21	 Account: hoangtuan1	Name: dsadasd	 DelItem: TiÒn ®ång
20:03:17	 Account: minhmeo	Name: L¸oÙTõÙNhá	 DelItem: Tö Thñy Tinh
20:03:17	 Account: minhmeo	Name: L¸oÙTõÙNhá	 DelItem: TiÒn ®ång
20:03:17	 Account: minhmeo	Name: L¸oÙTõÙNhá	 DelItem: Tinh Hång B¶o Th¹ch
22:00:21	 Account: minhmeo	Name: L¸oÙTõÙNhá	 DelItem: Tinh Hång B¶o Th¹ch
22:00:21	 Account: minhmeo	Name: L¸oÙTõÙNhá	 DelItem: Tinh Hång B¶o Th¹ch
22:00:21	 Account: minhmeo	Name: L¸oÙTõÙNhá	 DelItem: TiÒn ®ång
22:00:21	 Account: minhmeo	Name: L¸oÙTõÙNhá	 DelItem: Tinh Hång B¶o Th¹ch
22:00:21	 Account: minhmeo	Name: L¸oÙTõÙNhá	 DelItem: Tiªn Th¶o Lé 
22:00:21	 Account: minhmeo	Name: L¸oÙTõÙNhá	 DelItem: Hång ¶nh ThÈm Viªn UyÓn
22:00:21	 Account: minhmeo	Name: L¸oÙTõÙNhá	 DelItem: Hång ¶nh Môc Tóc
22:00:21	 Account: minhmeo	Name: L¸oÙTõÙNhá	 DelItem: Hång ¶nh Tô Chiªu
22:00:21	 Account: minhmeo	Name: L¸oÙTõÙNhá	 DelItem: Hoµng Kim - An Bang Kª HuyÕt Th¹ch Giíi ChØ 
22:00:21	 Account: minhmeo	Name: L¸oÙTõÙNhá	 DelItem: Hoµng Kim - An Bang §iÒn Hoµng Th¹ch Ngäc Béi
22:00:21	 Account: minhmeo	Name: L¸oÙTõÙNhá	 DelItem: Hoµng Kim - An Bang Cóc Hoa Th¹ch ChØ hoµn
22:00:21	 Account: minhmeo	Name: L¸oÙTõÙNhá	 DelItem: Hoµng Kim - An Bang B¨ng Tinh Th¹ch H¹ng Liªn
22:00:21	 Account: minhmeo	Name: L¸oÙTõÙNhá	 DelItem: Hoµng Kim - An Bang Kª HuyÕt Th¹ch Giíi ChØ 
22:00:21	 Account: minhmeo	Name: L¸oÙTõÙNhá	 DelItem: Hoµng Kim - An Bang §iÒn Hoµng Th¹ch Ngäc Béi
22:00:21	 Account: minhmeo	Name: L¸oÙTõÙNhá	 DelItem: Hoµng Kim - An Bang Cóc Hoa Th¹ch ChØ hoµn
22:00:21	 Account: minhmeo	Name: L¸oÙTõÙNhá	 DelItem: Hoµng Kim - An Bang Cóc Hoa Th¹ch ChØ hoµn
22:00:21	 Account: minhmeo	Name: L¸oÙTõÙNhá	 DelItem: Hång ¶nh ThÈm Viªn UyÓn
22:00:21	 Account: minhmeo	Name: L¸oÙTõÙNhá	 DelItem: Hång ¶nh KiÕm Bµi
22:00:31	 Account: minhmeo	Name: L¸oÙTõÙNhá	 DelItem: Tinh Hång B¶o Th¹ch
22:07:33	 Account: minhmeo	Name: L¸oÙTõÙNhá	 DelItem: TiÒn ®ång
22:58:25	 Account: s2kulay	Name: V×ÙEmÙLµÙGiã	 DelItem: Vô ¶o B¾c Minh §¹o qu¸n
23:11:25	 Account: minhmeo	Name: L¸oÙTõÙNhá	 DelItem: HuyÒn Tinh Kho¸ng Th¹ch 
23:11:25	 Account: minhmeo	Name: L¸oÙTõÙNhá	 DelItem: HuyÒn Tinh Kho¸ng Th¹ch 
23:11:25	 Account: minhmeo	Name: L¸oÙTõÙNhá	 DelItem: HuyÒn Tinh Kho¸ng Th¹ch 
23:11:25	 Account: minhmeo	Name: L¸oÙTõÙNhá	 DelItem: Tö Thñy Tinh
23:11:25	 Account: minhmeo	Name: L¸oÙTõÙNhá	 DelItem: Tö Thñy Tinh
23:11:25	 Account: minhmeo	Name: L¸oÙTõÙNhá	 DelItem: Tö Thñy Tinh
23:11:25	 Account: minhmeo	Name: L¸oÙTõÙNhá	 DelItem: Tö Thñy Tinh
23:11:25	 Account: minhmeo	Name: L¸oÙTõÙNhá	 DelItem: Tö Thñy Tinh
