00:11:14	 Account: tantrang1986	Name: LãcXo¸iTöThÇn	 DelItem: Kim Phong Tr¹c Liªn Quang
00:13:53	 Account: thanhtuoi1	Name: ÙÙÙÙÙÙÙÙÙ	 DelItem: Phong V©n Chiªu th­ 
00:34:25	 Account: thanhtuoi2	Name: LµmÙKh¸ngÙT¨ng	 DelItem: Phong V©n Chiªu th­ 
01:05:55	 Account: tantrang1988	Name: ChuChØNh­îc	 DelItem: Kim Phong Tr¹c Liªn Quang
08:27:53	 Account: thoakhungz2	Name: §iÖpÙLiªnÙTó	 DelItem: Kim Phong Tr¹c Liªn Quang
09:07:46	 Account: hienlong	Name: HienLong	 DelItem: Kim Phong Tr¹c Liªn Quang
09:10:06	 Account: hienlong1	Name: KhaDoanh	 DelItem: Kim Phong Tr¹c Liªn Quang
13:36:19	 Account: hangnitocvay1	Name: ThiªnÙsøÙJAV	 DelItem: Thİch Ni M·o
14:09:39	 Account: hangnitocvay2	Name: C«ÙbĞÙJAV	 DelItem: Yªu §ao
14:12:34	 Account: tantrang1986	Name: LãcXo¸iTöThÇn	 DelItem: Cæn Ch©u B¶o ®ao
14:24:11	 Account: thanhtuoi3	Name: C«ÙSinhÙTån	 DelItem: Kim Phong Tr¹c Liªn Quang
14:37:40	 Account: tantrang1987	Name: Mét§aoTĞNgôa	 DelItem: Kim Phong Tr¹c Liªn Quang
15:45:57	 Account: samsimon1	Name: ÙHîiÙSG	 DelItem: Tóc S­¬ng
15:46:58	 Account: minsimon1	Name: ÙDÇnÙSG	 DelItem: Tóc S­¬ng
16:18:25	 Account: tantrang1986	Name: LãcXo¸iTöThÇn	 DelItem: Yªu §ao
18:58:52	 Account: thoakhungz3	Name: CånÙDaÙL¹p	 DelItem: Kim Phong Tr¹c Liªn Quang
19:03:14	 Account: huy1712	Name: ¡nÙMµyÙV­¬ngÙGia	 DelItem: Ng¹c B× Yªu §¸i
19:03:14	 Account: huy1712	Name: ¡nÙMµyÙV­¬ngÙGia	 DelItem: MËt Ng©n Yªu §¸i
19:03:14	 Account: huy1712	Name: ¡nÙMµyÙV­¬ngÙGia	 DelItem: Ng©n T¬ Tr¹c
19:13:45	 Account: huy1713	Name: V­¬ngÙT¸	 DelItem: Tr·m M· KiÕm
19:13:54	 Account: huy1713	Name: V­¬ngÙT¸	 DelItem: Ng¹c B× Hé UyÓn
19:13:54	 Account: huy1713	Name: V­¬ngÙT¸	 DelItem: B¹ch Ngäc Tr¹c
19:51:41	 Account: huy1712	Name: ¡nÙMµyÙV­¬ngÙGia	 DelItem: Quang C¸n §ao
19:51:41	 Account: huy1712	Name: ¡nÙMµyÙV­¬ngÙGia	 DelItem: PhØ Thóy Ngäc Tr¹c
19:51:41	 Account: huy1712	Name: ¡nÙMµyÙV­¬ngÙGia	 DelItem: Hång PhØ Thóy Hé Th©n phï 
19:51:41	 Account: huy1712	Name: ¡nÙMµyÙV­¬ngÙGia	 DelItem: Ngäc Ch©u H¹ng Liªn
19:52:11	 Account: huy1712	Name: ¡nÙMµyÙV­¬ngÙGia	 DelItem: Lan Hoa H­¬ng Nang
19:52:11	 Account: huy1712	Name: ¡nÙMµyÙV­¬ngÙGia	 DelItem: Ng©n T¬ Tr¹c
20:00:28	 Account: tranvinh01	Name: Ù2ÙSaoÙ1ÙG¹ch	 DelItem: Tóc S­¬ng
20:49:41	 Account: huy1712	Name: ¡nÙMµyÙV­¬ngÙGia	 DelItem: Sa B× Yªu §¸i
20:49:50	 Account: huy1712	Name: ¡nÙMµyÙV­¬ngÙGia	 DelItem: MËt Ng©n Yªu §¸i
20:50:01	 Account: huy1712	Name: ¡nÙMµyÙV­¬ngÙGia	 DelItem: Thiªn Tµm Yªu §¸i
20:50:09	 Account: huy1712	Name: ¡nÙMµyÙV­¬ngÙGia	 DelItem: Long L©n Hé UyÓn
20:50:19	 Account: huy1712	Name: ¡nÙMµyÙV­¬ngÙGia	 DelItem: Thiªn NhËn KiÕm
20:50:46	 Account: huy1712	Name: ¡nÙMµyÙV­¬ngÙGia	 DelItem: Tö PhØ Thóy Hé Th©n phï 
20:57:45	 Account: huy1713	Name: V­¬ngÙT¸	 DelItem: T­îng B× Yªu §¸i
20:57:52	 Account: huy1713	Name: V­¬ngÙT¸	 DelItem: Tinh §ång Yªu §¸i
20:57:59	 Account: huy1713	Name: V­¬ngÙT¸	 DelItem: M·ng B× Yªu §¸i
21:41:20	 Account: phamngocson1983hy	Name: zZMyNhanZz	 DelItem: Kim Phong Tr¹c Liªn Quang
21:57:40	 Account: thoakhungz4	Name: C¸iÙLångÙHeoÙN¸i	 DelItem: Kim Phong Tr¹c Liªn Quang
22:12:31	 Account: gcity02	Name: 02ÙThiªnÙNhÉn	 DelItem: Phong V©n Chiªu th­ 
22:13:11	 Account: gcity01	Name: 01ÙThiÕuÙL©m	 DelItem: Phong V©n Chiªu th­ 
22:13:35	 Account: gcity03	Name: 03ÙNgaÙMi	 DelItem: Phong V©n Chiªu th­ 
22:15:51	 Account: huy1712	Name: ¡nÙMµyÙV­¬ngÙGia	 DelItem: Hå §iÖp Tiªu
22:16:07	 Account: huy1712	Name: ¡nÙMµyÙV­¬ngÙGia	 DelItem: ThiÕu L©m L­îng Ng©n Phi Tiªu
22:17:39	 Account: huy1712	Name: ¡nÙMµyÙV­¬ngÙGia	 DelItem: Sa B× Hé UyÓn
22:17:47	 Account: huy1712	Name: ¡nÙMµyÙV­¬ngÙGia	 DelItem: MËt Ng©n Yªu §¸i
22:17:57	 Account: huy1712	Name: ¡nÙMµyÙV­¬ngÙGia	 DelItem: D­¬ng Chi B¹ch Ngäc
22:18:20	 Account: huy1712	Name: ¡nÙMµyÙV­¬ngÙGia	 DelItem: B¸ V­¬ngTiªu
22:18:30	 Account: huy1712	Name: ¡nÙMµyÙV­¬ngÙGia	 DelItem: Sa B× Hé UyÓn
22:20:29	 Account: huy1712	Name: ¡nÙMµyÙV­¬ngÙGia	 DelItem: To¸i NguyÖt §ao
22:20:49	 Account: huy1712	Name: ¡nÙMµyÙV­¬ngÙGia	 DelItem: Quang C¸n §ao
22:21:00	 Account: huy1712	Name: ¡nÙMµyÙV­¬ngÙGia	 DelItem: Hå §iÖp Tiªu
22:21:14	 Account: huy1712	Name: ¡nÙMµyÙV­¬ngÙGia	 DelItem: D­¬ng Chi B¹ch Ngäc
22:31:49	 Account: huy1712	Name: ¡nÙMµyÙV­¬ngÙGia	 DelItem: Giµ Nam H­¬ng Nang
22:31:57	 Account: huy1712	Name: ¡nÙMµyÙV­¬ngÙGia	 DelItem:  ¤n L­¬ng Ngäc TR¹c
22:32:04	 Account: huy1712	Name: ¡nÙMµyÙV­¬ngÙGia	 DelItem: Tª Gi¸c Hé UyÓn
22:32:10	 Account: huy1712	Name: ¡nÙMµyÙV­¬ngÙGia	 DelItem: Long L©n Yªu §¸i
23:41:10	 Account: huy1712	Name: ¡nÙMµyÙV­¬ngÙGia	 DelItem: XØ KhiÕp
23:41:52	 Account: huy1712	Name: ¡nÙMµyÙV­¬ngÙGia	 DelItem: Kim Yªu §¸i
