00:53:57	 Account: vuduymanhhp1	Name: eeeeeeeeeee	 DelItem: Tóc S­¬ng
01:06:56	 Account: hieuad	Name: AdminÙSHXT	 DelItem: Tóc S­¬ng
01:06:56	 Account: hieuad	Name: AdminÙSHXT	 DelItem: Ngäc Hoa Th«ng
02:01:59	 Account: hieu05	Name: affwggg	 DelItem: Tiªn Th¶o Lé 
02:01:59	 Account: hieu05	Name: affwggg	 DelItem: Tiªn Th¶o Lé 
02:01:59	 Account: hieu05	Name: affwggg	 DelItem: Tiªn Th¶o Lé 
02:01:59	 Account: hieu05	Name: affwggg	 DelItem: Tiªn Th¶o Lé 
02:01:59	 Account: hieu05	Name: affwggg	 DelItem: Tiªn Th¶o Lé 
02:01:59	 Account: hieu05	Name: affwggg	 DelItem: Tiªn Th¶o Lé 
02:01:59	 Account: hieu05	Name: affwggg	 DelItem: Ngäc Hoa Th«ng
02:01:59	 Account: hieu05	Name: affwggg	 DelItem: Tiªn Th¶o Lé 
02:01:59	 Account: hieu05	Name: affwggg	 DelItem: Tiªn Th¶o Lé 
02:01:59	 Account: hieu05	Name: affwggg	 DelItem: Tiªn Th¶o Lé 
02:01:59	 Account: hieu05	Name: affwggg	 DelItem: Tiªn Th¶o Lé 
02:01:59	 Account: hieu05	Name: affwggg	 DelItem: Tiªn Th¶o Lé 
02:01:59	 Account: hieu05	Name: affwggg	 DelItem: Tiªn Th¶o Lé 
02:01:59	 Account: hieu05	Name: affwggg	 DelItem: Tiªn Th¶o Lé 
02:01:59	 Account: hieu05	Name: affwggg	 DelItem: Tiªn Th¶o Lé 
02:01:59	 Account: hieu05	Name: affwggg	 DelItem: Tiªn Th¶o Lé 
02:02:56	 Account: hieu05	Name: affwggg	 DelItem: Tiªn Th¶o Lé 
02:02:56	 Account: hieu05	Name: affwggg	 DelItem: Tiªn Th¶o Lé 
02:02:56	 Account: hieu05	Name: affwggg	 DelItem: Tiªn Th¶o Lé 
02:02:56	 Account: hieu05	Name: affwggg	 DelItem: Tiªn Th¶o Lé 
02:02:56	 Account: hieu05	Name: affwggg	 DelItem: Tiªn Th¶o Lé 
02:02:56	 Account: hieu05	Name: affwggg	 DelItem: Tiªn Th¶o Lé 
02:02:56	 Account: hieu05	Name: affwggg	 DelItem: Tiªn Th¶o Lé 
02:02:56	 Account: hieu05	Name: affwggg	 DelItem: Tiªn Th¶o Lé 
02:02:56	 Account: hieu05	Name: affwggg	 DelItem: Tiªn Th¶o Lé 
02:02:56	 Account: hieu05	Name: affwggg	 DelItem: Tiªn Th¶o Lé 
02:02:56	 Account: hieu05	Name: affwggg	 DelItem: Tiªn Th¶o Lé 
02:31:55	 Account: huy100	Name: SONGOKU	 DelItem: B¹ch Kim Yªu §¸i
02:31:55	 Account: huy100	Name: SONGOKU	 DelItem: B¹ch Kim Yªu §¸i
02:31:55	 Account: huy100	Name: SONGOKU	 DelItem: B¹ch Kim Yªu §¸i
02:31:55	 Account: huy100	Name: SONGOKU	 DelItem: B¹ch Kim Yªu §¸i
02:31:55	 Account: huy100	Name: SONGOKU	 DelItem: B¹ch Kim Yªu §¸i
06:05:18	 Account: gcity02	Name: testdame2	 DelItem: Ngäc Hoa Th«ng
07:54:00	 Account: hieuad	Name: AdminÙSHXT	 DelItem: B¨ng Hµn NguyÖt ¶nh Ngoa
07:54:00	 Account: hieuad	Name: AdminÙSHXT	 DelItem: B¨ng Hµn T©m TiÔn Yªu KhÊu
07:54:00	 Account: hieuad	Name: AdminÙSHXT	 DelItem: B¨ng Hµn HuyÒn Y Thóc Gi¸p
07:58:27	 Account: hieuad	Name: AdminÙSHXT	 DelItem: B¨ng Hµn NguyÖt ¶nh Ngoa
07:58:27	 Account: hieuad	Name: AdminÙSHXT	 DelItem: B¨ng Hµn T©m TiÔn Yªu KhÊu
07:58:27	 Account: hieuad	Name: AdminÙSHXT	 DelItem: B¨ng Hµn HuyÒn Y Thóc Gi¸p
08:11:11	 Account: phuongnhai	Name: CBRÙFuniki	 DelItem: §ång Cõu Gi¸ng Long C¸i Y
08:11:27	 Account: phuongnhai	Name: CBRÙFuniki	 DelItem: [H¹n chÕ thêi gian] §ång Cõu Ngù Long Ngäc Béi
08:11:27	 Account: phuongnhai	Name: CBRÙFuniki	 DelItem: §ång Cõu KiÕn Long Ban ChØ 
08:11:27	 Account: phuongnhai	Name: CBRÙFuniki	 DelItem: §ång Cõu Gi¸ng Long C¸i Y
08:11:27	 Account: phuongnhai	Name: CBRÙFuniki	 DelItem: [H¹n chÕ thêi gian] §ång Cõu Ngù Long Ngäc Béi
08:11:27	 Account: phuongnhai	Name: CBRÙFuniki	 DelItem: §ång Cõu Kh¸ng Long Hé UyÓn
08:11:27	 Account: phuongnhai	Name: CBRÙFuniki	 DelItem: §ång Cõu TiÒm Long Yªu §¸i
08:11:27	 Account: phuongnhai	Name: CBRÙFuniki	 DelItem: §ång Cõu Phi Long §Çu hoµn
08:12:26	 Account: phuongnhai	Name: CBRÙFuniki	 DelItem: §ång Cõu KiÕn Long Ban ChØ 
08:12:26	 Account: phuongnhai	Name: CBRÙFuniki	 DelItem: §ång Cõu Kh¸ng Long Hé UyÓn
08:12:26	 Account: phuongnhai	Name: CBRÙFuniki	 DelItem: §ång Cõu TiÒm Long Yªu §¸i
08:12:26	 Account: phuongnhai	Name: CBRÙFuniki	 DelItem: §ång Cõu Gi¸ng Long C¸i Y
08:12:26	 Account: phuongnhai	Name: CBRÙFuniki	 DelItem: [H¹n chÕ thêi gian] §ång Cõu Ngù Long Ngäc Béi
08:12:26	 Account: phuongnhai	Name: CBRÙFuniki	 DelItem: §ång Cõu KiÕn Long Ban ChØ 
08:12:26	 Account: phuongnhai	Name: CBRÙFuniki	 DelItem: §ång Cõu TiÒm Long Yªu §¸i
08:12:26	 Account: phuongnhai	Name: CBRÙFuniki	 DelItem: §ång Cõu Phi Long §Çu hoµn
08:12:26	 Account: phuongnhai	Name: CBRÙFuniki	 DelItem: §ång Cõu Phi Long §Çu hoµn
08:49:56	 Account: hieu03	Name: fasfaffaew	 DelItem: Kim Phong §o¹t Hån Ngäc ®¸i
08:49:56	 Account: hieu03	Name: fasfaffaew	 DelItem: Kim Phong HËu NghÖ dÉn cung
08:49:56	 Account: hieu03	Name: fasfaffaew	 DelItem: Kim Phong Lan §×nh Ngäc
08:49:56	 Account: hieu03	Name: fasfaffaew	 DelItem: Ngäc Hoa Th«ng
08:49:56	 Account: hieu03	Name: fasfaffaew	 DelItem: Kim Phong Kú L©n HuyÕt
08:51:12	 Account: hieu03	Name: fasfaffaew	 DelItem: Tóc S­¬ng
08:51:12	 Account: hieu03	Name: fasfaffaew	 DelItem: Kim Phong C«ng CÈn Tam Th¸n
08:51:12	 Account: hieu03	Name: fasfaffaew	 DelItem: Kim Phong Thanh D­¬ng Kh«i
08:51:12	 Account: hieu03	Name: fasfaffaew	 DelItem: Kim Phong Tr¹c Liªn Quang
08:51:12	 Account: hieu03	Name: fasfaffaew	 DelItem: Kim Phong Thiªn Lý Th¶o Th­îng Phi
08:51:21	 Account: hieu03	Name: fasfaffaew	 DelItem: Kim Phong §ång T­íc Xu©n Th©m
09:00:14	 Account: hieu01	Name: afsdfasdf	 DelItem: Tóc S­¬ng
09:00:14	 Account: hieu01	Name: afsdfasdf	 DelItem: Ngäc Hoa Th«ng
09:00:14	 Account: hieu01	Name: afsdfasdf	 DelItem: Kim Phong Kú L©n HuyÕt
09:00:38	 Account: hieu01	Name: afsdfasdf	 DelItem: Kim Phong §ång T­íc Xu©n Th©m
09:00:38	 Account: hieu01	Name: afsdfasdf	 DelItem: Kim Phong §o¹t Hån Ngäc ®¸i
09:00:38	 Account: hieu01	Name: afsdfasdf	 DelItem: Kim Phong HËu NghÖ dÉn cung
09:00:38	 Account: hieu01	Name: afsdfasdf	 DelItem: Kim Phong C«ng CÈn Tam Th¸n
09:00:38	 Account: hieu01	Name: afsdfasdf	 DelItem: Kim Phong Lan §×nh Ngäc
09:00:38	 Account: hieu01	Name: afsdfasdf	 DelItem: Kim Phong Thanh D­¬ng Kh«i
09:00:38	 Account: hieu01	Name: afsdfasdf	 DelItem: Kim Phong Tr¹c Liªn Quang
09:00:38	 Account: hieu01	Name: afsdfasdf	 DelItem: Kim Phong Thiªn Lý Th¶o Th­îng Phi
09:12:53	 Account: hieu01	Name: afefawa	 DelItem: Tóc S­¬ng
09:12:53	 Account: hieu01	Name: afefawa	 DelItem: Kim Phong Kú L©n HuyÕt
09:13:04	 Account: hieu01	Name: afefawa	 DelItem: Kim Phong HËu NghÖ dÉn cung
09:13:04	 Account: hieu01	Name: afefawa	 DelItem: Kim Phong Lan §×nh Ngäc
09:13:04	 Account: hieu01	Name: afefawa	 DelItem: Ngäc Hoa Th«ng
09:13:04	 Account: hieu01	Name: afefawa	 DelItem: Kim Phong Thanh D­¬ng Kh«i
09:20:55	 Account: building1987	Name: dwdjdeedede	 DelItem: TiÒn ®ång
18:14:01	 Account: kkk201	Name: Jacqualine	 DelItem: Kim Phong Tr¹c Liªn Quang
