00:02:03	 Account: vunguyen83	Name: VuVuVnn	 DelItem: §å phæ Hoµng Kim - §Þnh Quèc Ng©n Tµm Yªu ®¸i
00:02:03	 Account: vunguyen83	Name: VuVuVnn	 DelItem: Tiªn Th¶o Lé 
00:02:03	 Account: vunguyen83	Name: VuVuVnn	 DelItem: Viªm §Õ LÖnh
00:02:03	 Account: vunguyen83	Name: VuVuVnn	 DelItem: Hång ¶nh KiÕm Bµi
00:02:03	 Account: vunguyen83	Name: VuVuVnn	 DelItem: TiÒn ®ång
00:02:03	 Account: vunguyen83	Name: VuVuVnn	 DelItem: TiÒn ®ång
00:02:03	 Account: vunguyen83	Name: VuVuVnn	 DelItem: §å phæ Hoµng Kim - An Bang Kª HuyÕt Th¹ch Giíi ChØ 
00:02:03	 Account: vunguyen83	Name: VuVuVnn	 DelItem: Hång ¶nh Môc Tóc
00:02:03	 Account: vunguyen83	Name: VuVuVnn	 DelItem: §å phæ Hoµng Kim - §Þnh Quèc XÝch Quyªn NhuyÔn Ngoa
00:02:03	 Account: vunguyen83	Name: VuVuVnn	 DelItem: Lôc Thñy Tinh
01:13:26	 Account: sonlinh	Name: SonLinh	 DelItem: TÈy Tñy Kinh
01:13:45	 Account: sonlinh	Name: SonLinh	 DelItem: Vâ L©m MËt TÞch
01:13:45	 Account: sonlinh	Name: SonLinh	 DelItem: Vâ L©m MËt TÞch
01:13:45	 Account: sonlinh	Name: SonLinh	 DelItem: Vâ L©m MËt TÞch
01:13:45	 Account: sonlinh	Name: SonLinh	 DelItem: TÈy Tñy Kinh
01:13:45	 Account: sonlinh	Name: SonLinh	 DelItem: TÈy Tñy Kinh
01:13:45	 Account: sonlinh	Name: SonLinh	 DelItem: TÈy Tñy Kinh
01:13:45	 Account: sonlinh	Name: SonLinh	 DelItem: TÈy Tñy Kinh
01:13:45	 Account: sonlinh	Name: SonLinh	 DelItem: TÈy Tñy Kinh
08:10:05	 Account: sonlinh2	Name: SonLinnh	 DelItem: Vâ L©m MËt TÞch
10:59:58	 Account: temningru	Name: asdqwd	 DelItem: Tø Kh«ng Tö Kim Cµ Sa
17:18:45	 Account: vunguyen83	Name: VuVuVnn	 DelItem: TiÒn ®ång
17:18:45	 Account: vunguyen83	Name: VuVuVnn	 DelItem: TiÒn ®ång
17:18:45	 Account: vunguyen83	Name: VuVuVnn	 DelItem: TiÒn ®ång
17:18:45	 Account: vunguyen83	Name: VuVuVnn	 DelItem: TiÒn ®ång
17:18:45	 Account: vunguyen83	Name: VuVuVnn	 DelItem: TiÒn ®ång
19:31:06	 Account: vunguyen83	Name: VuVuVnn	 DelItem: N¨ng §éng LÖnh
19:31:56	 Account: vunguyen83	Name: VuVuVnn	 DelItem: TiÒn ®ång
19:31:56	 Account: vunguyen83	Name: VuVuVnn	 DelItem: TiÒn ®ång
19:31:56	 Account: vunguyen83	Name: VuVuVnn	 DelItem: TiÒn ®ång
19:31:56	 Account: vunguyen83	Name: VuVuVnn	 DelItem: TiÒn ®ång
19:31:56	 Account: vunguyen83	Name: VuVuVnn	 DelItem: TiÒn ®ång
19:48:32	 Account: vunguyen83	Name: VuVuVnn	 DelItem: M¶nh Trang bÞ Thiªn Hoµng thø 1
20:22:44	 Account: vunguyen83	Name: VuVuVnn	 DelItem: Long HuyÕt Hoµn
20:24:40	 Account: vunguyen83	Name: VuVuVnn	 DelItem: Tö Thñy Tinh
20:24:40	 Account: vunguyen83	Name: VuVuVnn	 DelItem: Tö Thñy Tinh
20:31:44	 Account: vunguyen83	Name: VuVuVnn	 DelItem: Vâ L©m MËt TÞch
22:01:03	 Account: vunguyen83	Name: VuVuVnn	 DelItem: Tö Thñy Tinh
22:01:03	 Account: vunguyen83	Name: VuVuVnn	 DelItem: Lam Thñy Tinh
22:01:03	 Account: vunguyen83	Name: VuVuVnn	 DelItem: Tinh Hång B¶o Th¹ch
22:05:17	 Account: vunguyen83	Name: VuVuVnn	 DelItem: M¶nh Thiªn th¹ch
22:05:17	 Account: vunguyen83	Name: VuVuVnn	 DelItem: §iÒn Hoµng th¹ch
22:05:17	 Account: vunguyen83	Name: VuVuVnn	 DelItem: TiÒn ®ång
22:05:17	 Account: vunguyen83	Name: VuVuVnn	 DelItem: TiÒn ®ång
22:24:33	 Account: vunguyen83	Name: VuVuVnn	 DelItem: Lam Thñy Tinh
22:24:33	 Account: vunguyen83	Name: VuVuVnn	 DelItem: Lam Thñy Tinh
22:24:33	 Account: vunguyen83	Name: VuVuVnn	 DelItem: TÈy Tñy Kinh
23:01:19	 Account: vunguyen83	Name: VuVuVnn	 DelItem: TiÒn ®ång
23:01:19	 Account: vunguyen83	Name: VuVuVnn	 DelItem: TiÒn ®ång
23:01:19	 Account: vunguyen83	Name: VuVuVnn	 DelItem: TiÒn ®ång
