07:05:02	 Account: luukt52	Name: NgoalongTN	 DelItem: Tinh Qu¸n
09:14:59	 Account: minhtrand20	Name: sanboss2	 DelItem: Kim Phong §o¹t Hån Ngäc ®¸i
09:14:59	 Account: minhtrand20	Name: sanboss2	 DelItem: Kim Phong HËu NghÖ dÉn cung
09:14:59	 Account: minhtrand20	Name: sanboss2	 DelItem: Kim Phong Tr¹c Liªn Quang
09:45:42	 Account: banhang1	Name: 1234566789	 DelItem: Tóc S­¬ng
09:45:54	 Account: banhang1	Name: 1234566789	 DelItem: Kim Phong Thiªn Lý Th¶o Th­îng Phi
09:46:00	 Account: banhang1	Name: 1234566789	 DelItem: Kim Phong Kú L©n HuyÕt
09:46:09	 Account: banhang1	Name: 1234566789	 DelItem: Kim Phong Tr¹c Liªn Quang
09:46:17	 Account: banhang1	Name: 1234566789	 DelItem: Kim Phong Lan §×nh Ngäc
09:46:24	 Account: banhang1	Name: 1234566789	 DelItem: Kim Phong Thanh D­¬ng Kh«i
09:46:33	 Account: banhang1	Name: 1234566789	 DelItem: Kim Phong C«ng CÈn Tam Th¸n
09:46:41	 Account: banhang1	Name: 1234566789	 DelItem: Kim Phong §o¹t Hån Ngäc ®¸i
09:46:54	 Account: banhang1	Name: 1234566789	 DelItem: Kim Phong HËu NghÖ dÉn cung
09:47:01	 Account: banhang1	Name: 1234566789	 DelItem: Kim Phong §ång T­íc Xu©n Th©m
11:07:09	 Account: huynhtrongtri14	Name: §écS¸tNgo¹iC«ng	 DelItem: Kim Phong Thiªn Lý Th¶o Th­îng Phi
11:07:09	 Account: huynhtrongtri14	Name: §écS¸tNgo¹iC«ng	 DelItem: Kim Phong HËu NghÖ dÉn cung
11:07:09	 Account: huynhtrongtri14	Name: §écS¸tNgo¹iC«ng	 DelItem: Kim Phong §o¹t Hån Ngäc ®¸i
11:11:18	 Account: huynhtrongtri12	Name: KiÕmPhongKim	 DelItem: Kim Phong Kú L©n HuyÕt
13:03:53	 Account: huynhtrongtri12	Name: KiÕmPhongKim	 DelItem: Kim Phong §ång T­íc Xu©n Th©m
13:10:46	 Account: huynhtrongtri16	Name: L«iS¸tNéiC«ng	 DelItem: Kim Phong C«ng CÈn Tam Th¸n
13:49:49	 Account: sarin1	Name: DocXinh11	 DelItem: Kim Phong Lan §×nh Ngäc
15:27:45	 Account: vunguyen1989	Name: khongbietten	 DelItem: Kim Phong §ång T­íc Xu©n Th©m
15:27:45	 Account: vunguyen1989	Name: khongbietten	 DelItem: Kim Phong Thanh D­¬ng Kh«i
15:27:45	 Account: vunguyen1989	Name: khongbietten	 DelItem: Kim Phong Thiªn Lý Th¶o Th­îng Phi
15:27:45	 Account: vunguyen1989	Name: khongbietten	 DelItem: Kim Phong Kú L©n HuyÕt
15:27:45	 Account: vunguyen1989	Name: khongbietten	 DelItem: Kim Phong Lan §×nh Ngäc
15:27:45	 Account: vunguyen1989	Name: khongbietten	 DelItem: Kim Phong C«ng CÈn Tam Th¸n
16:05:40	 Account: chodemotcon	Name: §¹oÙTÆcÙH¸iÙHoa	 DelItem: Tóc S­¬ng
16:36:20	 Account: vunguyen1989	Name: khongbietten	 DelItem: CÈm nang ®ång hµnh
17:44:52	 Account: luukt56	Name: NgoalongND	 DelItem: HuyÒn Hoµng ®o¶n gi¸p
18:05:17	 Account: luukt56	Name: NgoalongND	 DelItem: §¸i Y §ao
19:02:52	 Account: luukt56	Name: NgoalongND	 DelItem: V« Cùc §¹o y
19:05:59	 Account: usd001	Name: USD001	 DelItem: Kim Phong Tr¹c Liªn Quang
19:13:35	 Account: usd001	Name: USD001	 DelItem: Kim Phong Thanh D­¬ng Kh«i
19:13:35	 Account: usd001	Name: USD001	 DelItem: Kim Phong Kú L©n HuyÕt
19:16:29	 Account: usd001	Name: USD001	 DelItem: Kim Phong Tr¹c Liªn Quang
19:16:29	 Account: usd001	Name: USD001	 DelItem: Kim Phong §ång T­íc Xu©n Th©m
19:16:29	 Account: usd001	Name: USD001	 DelItem: Kim Phong §o¹t Hån Ngäc ®¸i
19:16:29	 Account: usd001	Name: USD001	 DelItem: Kim Phong HËu NghÖ dÉn cung
19:16:29	 Account: usd001	Name: USD001	 DelItem: Kim Phong C«ng CÈn Tam Th¸n
19:16:29	 Account: usd001	Name: USD001	 DelItem: Kim Phong Lan §×nh Ngäc
19:16:29	 Account: usd001	Name: USD001	 DelItem: Kim Phong Thiªn Lý Th¶o Th­îng Phi
19:56:22	 Account: luukt56	Name: NgoalongND	 DelItem: Thanh S¸t diÖn tr¸o
19:58:38	 Account: luukt56	Name: NgoalongND	 DelItem: §éc C¬ §ao
20:06:39	 Account: luukt56	Name: NgoalongND	 DelItem: Thiªn Thanh M·o
20:11:12	 Account: usd002	Name: USD002	 DelItem: Kim Phong §ång T­íc Xu©n Th©m
20:11:12	 Account: usd002	Name: USD002	 DelItem: Kim Phong §o¹t Hån Ngäc ®¸i
20:11:12	 Account: usd002	Name: USD002	 DelItem: Kim Phong HËu NghÖ dÉn cung
20:11:12	 Account: usd002	Name: USD002	 DelItem: Kim Phong C«ng CÈn Tam Th¸n
20:11:12	 Account: usd002	Name: USD002	 DelItem: Kim Phong Lan §×nh Ngäc
20:11:12	 Account: usd002	Name: USD002	 DelItem: Kim Phong Thanh D­¬ng Kh«i
20:11:12	 Account: usd002	Name: USD002	 DelItem: Kim Phong Kú L©n HuyÕt
20:11:12	 Account: usd002	Name: USD002	 DelItem: Kim Phong Tr¹c Liªn Quang
20:11:12	 Account: usd002	Name: USD002	 DelItem: Kim Phong Thiªn Lý Th¶o Th­îng Phi
20:22:48	 Account: luukt56	Name: NgoalongND	 DelItem: Long HuyÕt §Çu hoµn
20:28:39	 Account: luukt56	Name: NgoalongND	 DelItem: Ph¹m Hång Ngoa
20:29:55	 Account: luukt56	Name: NgoalongND	 DelItem: Tiªu Bæng
21:14:04	 Account: luukt56	Name: NgoalongND	 DelItem: Hµn S­¬ng bµo
21:30:01	 Account: sangtpbrvt11	Name: money4	 DelItem: Kim Phong Kú L©n HuyÕt
21:30:01	 Account: sangtpbrvt11	Name: money4	 DelItem: Kim Phong Thiªn Lý Th¶o Th­îng Phi
21:30:01	 Account: sangtpbrvt11	Name: money4	 DelItem: Tóc S­¬ng
21:30:17	 Account: sangtpbrvt11	Name: money4	 DelItem: Kim Phong §ång T­íc Xu©n Th©m
21:30:17	 Account: sangtpbrvt11	Name: money4	 DelItem: Kim Phong §o¹t Hån Ngäc ®¸i
21:30:17	 Account: sangtpbrvt11	Name: money4	 DelItem: Kim Phong HËu NghÖ dÉn cung
21:30:17	 Account: sangtpbrvt11	Name: money4	 DelItem: Kim Phong C«ng CÈn Tam Th¸n
21:30:17	 Account: sangtpbrvt11	Name: money4	 DelItem: Kim Phong Lan §×nh Ngäc
21:30:17	 Account: sangtpbrvt11	Name: money4	 DelItem: Kim Phong Thanh D­¬ng Kh«i
21:30:17	 Account: sangtpbrvt11	Name: money4	 DelItem: Kim Phong Tr¹c Liªn Quang
22:25:40	 Account: sangtpbrvt	Name: SangTp	 DelItem: Kim Phong HËu NghÖ dÉn cung
22:57:04	 Account: nonhantn	Name: HµnÙL©mÙNhi	 DelItem: §¹i Thµnh BÝ KÝp 90
22:57:04	 Account: nonhantn	Name: HµnÙL©mÙNhi	 DelItem: S¸ch kü n¨ng cÊp 90
23:32:03	 Account: tranvinh06	Name: ThiªnÙ§ÞaÙV«ÙCù	 DelItem: Kim Phong HËu NghÖ dÉn cung
23:32:03	 Account: tranvinh06	Name: ThiªnÙ§ÞaÙV«ÙCù	 DelItem: Kim Phong Thiªn Lý Th¶o Th­îng Phi
23:32:03	 Account: tranvinh06	Name: ThiªnÙ§ÞaÙV«ÙCù	 DelItem: Kim Phong Kú L©n HuyÕt
23:32:03	 Account: tranvinh06	Name: ThiªnÙ§ÞaÙV«ÙCù	 DelItem: Kim Phong Thanh D­¬ng Kh«i
23:32:03	 Account: tranvinh06	Name: ThiªnÙ§ÞaÙV«ÙCù	 DelItem: Kim Phong §o¹t Hån Ngäc ®¸i
23:51:57	 Account: hieuadnew	Name: AdminÙSHXT	 DelItem: Kim Phong Thanh D­¬ng Kh«i
23:51:57	 Account: hieuadnew	Name: AdminÙSHXT	 DelItem: Tóc S­¬ng
23:52:18	 Account: hieuadnew	Name: AdminÙSHXT	 DelItem: Kim Phong §ång T­íc Xu©n Th©m
23:52:18	 Account: hieuadnew	Name: AdminÙSHXT	 DelItem: Kim Phong §o¹t Hån Ngäc ®¸i
23:52:18	 Account: hieuadnew	Name: AdminÙSHXT	 DelItem: Kim Phong HËu NghÖ dÉn cung
23:52:18	 Account: hieuadnew	Name: AdminÙSHXT	 DelItem: Kim Phong C«ng CÈn Tam Th¸n
23:52:18	 Account: hieuadnew	Name: AdminÙSHXT	 DelItem: Kim Phong Lan §×nh Ngäc
23:52:18	 Account: hieuadnew	Name: AdminÙSHXT	 DelItem: Kim Phong Kú L©n HuyÕt
23:52:18	 Account: hieuadnew	Name: AdminÙSHXT	 DelItem: Kim Phong Tr¹c Liªn Quang
23:52:18	 Account: hieuadnew	Name: AdminÙSHXT	 DelItem: Kim Phong Thiªn Lý Th¶o Th­îng Phi
23:52:44	 Account: hieuadnew	Name: AdminÙSHXT	 DelItem: Tiªn Th¶o Lé 
23:52:44	 Account: hieuadnew	Name: AdminÙSHXT	 DelItem: Tiªn Th¶o Lé 
23:52:44	 Account: hieuadnew	Name: AdminÙSHXT	 DelItem: Tiªn Th¶o Lé 
23:52:44	 Account: hieuadnew	Name: AdminÙSHXT	 DelItem: Tiªn Th¶o Lé 
23:52:44	 Account: hieuadnew	Name: AdminÙSHXT	 DelItem: Tiªn Th¶o Lé 
23:52:44	 Account: hieuadnew	Name: AdminÙSHXT	 DelItem: Tiªn Th¶o Lé 
23:52:44	 Account: hieuadnew	Name: AdminÙSHXT	 DelItem: Tiªn Th¶o Lé 
23:52:44	 Account: hieuadnew	Name: AdminÙSHXT	 DelItem: Tiªn Th¶o Lé 
23:52:44	 Account: hieuadnew	Name: AdminÙSHXT	 DelItem: Tiªn Th¶o Lé 
23:54:09	 Account: testgame	Name: lymacsau	 DelItem: Kim Phong Thiªn Lý Th¶o Th­îng Phi
23:54:09	 Account: testgame	Name: lymacsau	 DelItem: Kim Phong Tr¹c Liªn Quang
23:54:09	 Account: testgame	Name: lymacsau	 DelItem: Kim Phong Kú L©n HuyÕt
23:54:09	 Account: testgame	Name: lymacsau	 DelItem: Kim Phong Lan §×nh Ngäc
23:54:09	 Account: testgame	Name: lymacsau	 DelItem: Kim Phong C«ng CÈn Tam Th¸n
23:54:09	 Account: testgame	Name: lymacsau	 DelItem: Kim Phong HËu NghÖ dÉn cung
23:54:09	 Account: testgame	Name: lymacsau	 DelItem: Kim Phong §o¹t Hån Ngäc ®¸i
23:54:09	 Account: testgame	Name: lymacsau	 DelItem: Kim Phong §ång T­íc Xu©n Th©m
23:54:47	 Account: testgame	Name: lymacsau	 DelItem: Kim Phong Thanh D­¬ng Kh«i
23:58:48	 Account: testgame	Name: lymacsau	 DelItem: Kim Phong Kú L©n HuyÕt
23:58:48	 Account: testgame	Name: lymacsau	 DelItem: Tóc S­¬ng
23:59:07	 Account: testgame	Name: lymacsau	 DelItem: Kim Phong §ång T­íc Xu©n Th©m
23:59:07	 Account: testgame	Name: lymacsau	 DelItem: Kim Phong §o¹t Hån Ngäc ®¸i
23:59:07	 Account: testgame	Name: lymacsau	 DelItem: Kim Phong HËu NghÖ dÉn cung
23:59:07	 Account: testgame	Name: lymacsau	 DelItem: Kim Phong C«ng CÈn Tam Th¸n
23:59:07	 Account: testgame	Name: lymacsau	 DelItem: Kim Phong Lan §×nh Ngäc
23:59:07	 Account: testgame	Name: lymacsau	 DelItem: Kim Phong Thanh D­¬ng Kh«i
23:59:07	 Account: testgame	Name: lymacsau	 DelItem: Kim Phong Tr¹c Liªn Quang
23:59:07	 Account: testgame	Name: lymacsau	 DelItem: Kim Phong Thiªn Lý Th¶o Th­îng Phi
