08:10:57	 Account: ctcshxt2	Name: CTCÙTiÒnÙ02	 DelItem: Kim Phong Kú L©n HuyÕt
08:17:38	 Account: ctcshxt1	Name: CTCÙTiÒnÙ01	 DelItem: Kim Phong HËu NghÖ dÉn cung
08:26:59	 Account: ctcshxt3	Name: CTCÙTiÒnÙ03	 DelItem: Kim Phong HËu NghÖ dÉn cung
08:26:59	 Account: ctcshxt3	Name: CTCÙTiÒnÙ03	 DelItem: Kim Phong C«ng CÈn Tam Th¸n
08:26:59	 Account: ctcshxt3	Name: CTCÙTiÒnÙ03	 DelItem: Kim Phong Kú L©n HuyÕt
08:30:07	 Account: ctcshxt5	Name: CTCÙTiÒnÙ05	 DelItem: Kim Phong Kú L©n HuyÕt
08:30:07	 Account: ctcshxt5	Name: CTCÙTiÒnÙ05	 DelItem: Kim Phong §o¹t Hån Ngäc ®¸i
08:31:51	 Account: ctcshxt5	Name: CTCÙTiÒnÙ05	 DelItem: Kim Phong Thiªn Lý Th¶o Th­îng Phi
08:32:35	 Account: ctcshxt3	Name: CTCÙTiÒnÙ03	 DelItem: Kim Phong §o¹t Hån Ngäc ®¸i
08:33:58	 Account: ctcshxt1	Name: CTCÙTiÒnÙ01	 DelItem: Kim Phong §ång T­íc Xu©n Th©m
08:35:27	 Account: ctcshxt2	Name: CTCÙTiÒnÙ02	 DelItem: Kim Phong §o¹t Hån Ngäc ®¸i
08:35:27	 Account: ctcshxt2	Name: CTCÙTiÒnÙ02	 DelItem: Kim Phong HËu NghÖ dÉn cung
08:36:40	 Account: ctcshxt4	Name: CTCÙTiÒnÙ04	 DelItem: Kim Phong HËu NghÖ dÉn cung
08:39:29	 Account: ctcshxt3	Name: CTCÙTiÒnÙ03	 DelItem: Kim Phong §ång T­íc Xu©n Th©m
08:44:06	 Account: ctcshxt3	Name: CTCÙTiÒnÙ03	 DelItem: Kim Phong Thiªn Lý Th¶o Th­îng Phi
08:45:07	 Account: ctcshxt2	Name: CTCÙTiÒnÙ02	 DelItem: Kim Phong §ång T­íc Xu©n Th©m
08:45:07	 Account: ctcshxt2	Name: CTCÙTiÒnÙ02	 DelItem: Kim Phong C«ng CÈn Tam Th¸n
08:45:56	 Account: ctcshxt4	Name: CTCÙTiÒnÙ04	 DelItem: Kim Phong C«ng CÈn Tam Th¸n
09:42:38	 Account: thoakhungz3	Name: HoaÙR¬iÙCængÙChî	 DelItem: Kim Phong §ång T­íc Xu©n Th©m
09:44:48	 Account: thoakhungz3	Name: HoaÙR¬iÙCængÙChî	 DelItem: Tóc S­¬ng
09:52:48	 Account: huynhtrongtri12	Name: KiÕmPhongKim	 DelItem: Kim Phong C«ng CÈn Tam Th¸n
10:08:05	 Account: huynhtrongtri15	Name: HáaS¸tNéiC«ng	 DelItem: Kim Phong Thiªn Lý Th¶o Th­îng Phi
11:57:29	 Account: thoakhungzz4	Name: H¾cKúL©n	 DelItem: Kim Phong §ång T­íc Xu©n Th©m
11:57:29	 Account: thoakhungzz4	Name: H¾cKúL©n	 DelItem: Kim Phong §o¹t Hån Ngäc ®¸i
11:57:29	 Account: thoakhungzz4	Name: H¾cKúL©n	 DelItem: Kim Phong HËu NghÖ dÉn cung
11:57:29	 Account: thoakhungzz4	Name: H¾cKúL©n	 DelItem: Kim Phong C«ng CÈn Tam Th¸n
11:57:29	 Account: thoakhungzz4	Name: H¾cKúL©n	 DelItem: Kim Phong Thanh D­¬ng Kh«i
11:57:29	 Account: thoakhungzz4	Name: H¾cKúL©n	 DelItem: Kim Phong Kú L©n HuyÕt
11:57:29	 Account: thoakhungzz4	Name: H¾cKúL©n	 DelItem: Kim Phong Tr¹c Liªn Quang
11:57:29	 Account: thoakhungzz4	Name: H¾cKúL©n	 DelItem: Kim Phong Thiªn Lý Th¶o Th­îng Phi
11:57:34	 Account: thoakhungzz4	Name: H¾cKúL©n	 DelItem: Kim Phong Lan §×nh Ngäc
12:40:31	 Account: huynhtrongtri13	Name: B¨ngS¸tNéiC«ng	 DelItem: Kim Phong §o¹t Hån Ngäc ®¸i
13:09:58	 Account: thoakhungzz5	Name: TómTãcT¸tTíiTÊp	 DelItem: Kim Phong §ång T­íc Xu©n Th©m
13:09:58	 Account: thoakhungzz5	Name: TómTãcT¸tTíiTÊp	 DelItem: Kim Phong §o¹t Hån Ngäc ®¸i
13:09:58	 Account: thoakhungzz5	Name: TómTãcT¸tTíiTÊp	 DelItem: Kim Phong HËu NghÖ dÉn cung
13:09:58	 Account: thoakhungzz5	Name: TómTãcT¸tTíiTÊp	 DelItem: Kim Phong C«ng CÈn Tam Th¸n
13:09:58	 Account: thoakhungzz5	Name: TómTãcT¸tTíiTÊp	 DelItem: Kim Phong Thanh D­¬ng Kh«i
13:09:58	 Account: thoakhungzz5	Name: TómTãcT¸tTíiTÊp	 DelItem: Kim Phong Kú L©n HuyÕt
13:09:58	 Account: thoakhungzz5	Name: TómTãcT¸tTíiTÊp	 DelItem: Kim Phong Tr¹c Liªn Quang
13:10:12	 Account: thoakhungzz5	Name: TómTãcT¸tTíiTÊp	 DelItem: Tóc S­¬ng
13:10:12	 Account: thoakhungzz5	Name: TómTãcT¸tTíiTÊp	 DelItem: Kim Phong Lan §×nh Ngäc
13:10:12	 Account: thoakhungzz5	Name: TómTãcT¸tTíiTÊp	 DelItem: Kim Phong Thiªn Lý Th¶o Th­îng Phi
13:44:22	 Account: luukt54	Name: NgoalongNM	 DelItem: HuyÒn Tinh Kho¸ng Th¹ch 
15:48:07	 Account: oilovebuoi	Name: MopcChau	 DelItem: Tóc S­¬ng
15:48:07	 Account: oilovebuoi	Name: MopcChau	 DelItem: Tóc S­¬ng
15:48:15	 Account: huynhtrongtri16	Name: L«iS¸tNéiC«ng	 DelItem: Kim Phong §ång T­íc Xu©n Th©m
17:15:31	 Account: luukt51	Name: NgoaLongTN	 DelItem: Kim Phong Lan §×nh Ngäc
17:16:46	 Account: kingvl4	Name: HDÙbuff	 DelItem: Kim Phong §ång T­íc Xu©n Th©m
20:01:35	 Account: luukt57	Name: ruongdonl01	 DelItem: Tóc S­¬ng
21:19:06	 Account: vunguyen1989	Name: khongbietten	 DelItem: Kim Phong HËu NghÖ dÉn cung
21:54:40	 Account: duycanh1	Name: ThÝchÙPKÙ	 DelItem: Tóc S­¬ng
21:54:40	 Account: duycanh1	Name: ThÝchÙPKÙ	 DelItem: Tóc S­¬ng
22:50:34	 Account: conquiacc1990	Name: xipo113	 DelItem: Tóc S­¬ng
22:54:08	 Account: conquiacc1992	Name: venusking	 DelItem: Tóc S­¬ng
22:56:21	 Account: tranvinh01	Name: Ù2SaoÙ1g¹ch	 DelItem: M¶nh HiÖp Cèt ThiÕt HuyÕt Sam (2/4) 
22:56:21	 Account: tranvinh01	Name: Ù2SaoÙ1g¹ch	 DelItem: M¶nh Nhu T×nh  Phông Nghi Giíi ChØ (1/4) 
22:56:21	 Account: tranvinh01	Name: Ù2SaoÙ1g¹ch	 DelItem: M¶nh HiÖp Cèt §a T×nh Hoµn (4/4) 
22:56:21	 Account: tranvinh01	Name: Ù2SaoÙ1g¹ch	 DelItem: M¶nh HiÖp Cèt ThiÕt HuyÕt Sam (4/4) 
22:56:21	 Account: tranvinh01	Name: Ù2SaoÙ1g¹ch	 DelItem: M¶nh §Þnh Quèc Ng©n Tµm Yªu ®¸i (1/4) 
22:56:21	 Account: tranvinh01	Name: Ù2SaoÙ1g¹ch	 DelItem: M¶nh Nhu T×nh Thôc N÷ H¹ng Liªn (1/4) 
22:56:21	 Account: tranvinh01	Name: Ù2SaoÙ1g¹ch	 DelItem: M¶nh HiÖp Cèt §an T©m Giíi (4/4) 
22:56:21	 Account: tranvinh01	Name: Ù2SaoÙ1g¹ch	 DelItem: M¶nh Nhu T×nh  Phông Nghi Giíi ChØ (3/4) 
23:12:57	 Account: conquiacc1993	Name: speria	 DelItem: Tóc S­¬ng
23:52:17	 Account: blackboy87	Name: EsÙTheÙKing	 DelItem: Kim Phong §ång T­íc Xu©n Th©m
23:52:17	 Account: blackboy87	Name: EsÙTheÙKing	 DelItem: Kim Phong C«ng CÈn Tam Th¸n
23:52:17	 Account: blackboy87	Name: EsÙTheÙKing	 DelItem: Kim Phong Lan §×nh Ngäc
23:52:17	 Account: blackboy87	Name: EsÙTheÙKing	 DelItem: Kim Phong Tr¹c Liªn Quang
