00:26:04	 Account: sangtpbrvt	Name: SangTp	 DelItem: CÈm nang ®ång hµnh
00:26:04	 Account: sangtpbrvt	Name: SangTp	 DelItem: Kim Yªu §¸i
00:26:04	 Account: sangtpbrvt	Name: SangTp	 DelItem: T©m T©m T­¬ng ¸nh phï 
00:47:25	 Account: huy101	Name: B¨ngThÇn	 DelItem: Tóc S­¬ng
00:49:30	 Account: huy101	Name: B¨ngThÇn	 DelItem: Kim Phong §ång T­íc Xu©n Th©m
00:49:30	 Account: huy101	Name: B¨ngThÇn	 DelItem: Kim Phong HËu NghÖ dÉn cung
00:49:30	 Account: huy101	Name: B¨ngThÇn	 DelItem: Kim Phong C«ng CÈn Tam Th¸n
00:49:30	 Account: huy101	Name: B¨ngThÇn	 DelItem: Kim Phong Thanh D­¬ng Kh«i
00:49:30	 Account: huy101	Name: B¨ngThÇn	 DelItem: Kim Phong Tr¹c Liªn Quang
00:49:30	 Account: huy101	Name: B¨ngThÇn	 DelItem: Kim Phong Thiªn Lý Th¶o Th­îng Phi
00:49:30	 Account: huy101	Name: B¨ngThÇn	 DelItem: Kim Phong §o¹t Hån Ngäc ®¸i
00:49:30	 Account: huy101	Name: B¨ngThÇn	 DelItem: Kim Phong Kú L©n HuyÕt
00:49:44	 Account: huy101	Name: B¨ngThÇn	 DelItem: Kim Phong Lan §×nh Ngäc
00:49:44	 Account: huy101	Name: B¨ngThÇn	 DelItem: Tóc S­¬ng
02:09:35	 Account: hieuadnew	Name: AdminÙSHXT	 DelItem: M¶nh HiÖp Cèt T×nh ý KÕt (4/6) 
02:09:35	 Account: hieuadnew	Name: AdminÙSHXT	 DelItem: M¶nh B¨ng Tinh Th¹ch H¹ng Liªn (3/6) 
02:09:35	 Account: hieuadnew	Name: AdminÙSHXT	 DelItem: D©y Thõng
02:09:35	 Account: hieuadnew	Name: AdminÙSHXT	 DelItem: §¹i Thµnh BÝ KÝp 120
02:10:23	 Account: hieuadnew	Name: AdminÙSHXT	 DelItem: Tö Thñy Tinh
02:10:23	 Account: hieuadnew	Name: AdminÙSHXT	 DelItem: LÖnh bµi Vi S¬n ®¶o
02:10:23	 Account: hieuadnew	Name: AdminÙSHXT	 DelItem: §å phæ Hoµng Kim - §Þnh Quèc Tö §»ng Hé uyÓn
02:10:23	 Account: hieuadnew	Name: AdminÙSHXT	 DelItem: Tö Thñy Tinh
02:10:23	 Account: hieuadnew	Name: AdminÙSHXT	 DelItem: §å phæ Hoµng Kim - §Þnh Quèc Ng©n Tµm Yªu ®¸i
02:10:23	 Account: hieuadnew	Name: AdminÙSHXT	 DelItem: D©y Thõng
02:10:23	 Account: hieuadnew	Name: AdminÙSHXT	 DelItem: D©y Thõng
02:10:23	 Account: hieuadnew	Name: AdminÙSHXT	 DelItem: Sao Vµng
02:10:23	 Account: hieuadnew	Name: AdminÙSHXT	 DelItem: TÊm V¶i §á
02:10:23	 Account: hieuadnew	Name: AdminÙSHXT	 DelItem: Cuén Kim ChØ
02:10:23	 Account: hieuadnew	Name: AdminÙSHXT	 DelItem: Sao Vµng
02:10:23	 Account: hieuadnew	Name: AdminÙSHXT	 DelItem: TÊm V¶i §á
02:10:23	 Account: hieuadnew	Name: AdminÙSHXT	 DelItem: Cuén Kim ChØ
02:10:23	 Account: hieuadnew	Name: AdminÙSHXT	 DelItem: Sao Vµng
02:10:23	 Account: hieuadnew	Name: AdminÙSHXT	 DelItem: TÊm V¶i §á
02:10:23	 Account: hieuadnew	Name: AdminÙSHXT	 DelItem: Tinh Hång B¶o Th¹ch
02:10:23	 Account: hieuadnew	Name: AdminÙSHXT	 DelItem: Sao Vµng
02:10:23	 Account: hieuadnew	Name: AdminÙSHXT	 DelItem: Cuén Kim ChØ
02:10:23	 Account: hieuadnew	Name: AdminÙSHXT	 DelItem: Sao Vµng
02:10:23	 Account: hieuadnew	Name: AdminÙSHXT	 DelItem: TÊm V¶i §á
02:10:23	 Account: hieuadnew	Name: AdminÙSHXT	 DelItem: Cuén Kim ChØ
02:10:53	 Account: hieuadnew	Name: AdminÙSHXT	 DelItem: Phóc Duyªn Lé (§¹i) 
02:10:53	 Account: hieuadnew	Name: AdminÙSHXT	 DelItem: Tinh Hång B¶o Th¹ch
02:10:53	 Account: hieuadnew	Name: AdminÙSHXT	 DelItem: M¶nh HiÖp Cèt §a T×nh Hoµn (2/4) 
02:10:53	 Account: hieuadnew	Name: AdminÙSHXT	 DelItem: §å phæ Hoµng Kim - An Bang §iÒn Hoµng Th¹ch Ngäc Béi
02:10:53	 Account: hieuadnew	Name: AdminÙSHXT	 DelItem: Tiªn Th¶o Lé ®Æc biÖt
02:10:53	 Account: hieuadnew	Name: AdminÙSHXT	 DelItem: Cuén Kim ChØ
02:10:53	 Account: hieuadnew	Name: AdminÙSHXT	 DelItem: §¹i Thµnh BÝ KÝp 90
02:10:53	 Account: hieuadnew	Name: AdminÙSHXT	 DelItem: Vßng Hoa Quèc Kh¸nh
02:10:53	 Account: hieuadnew	Name: AdminÙSHXT	 DelItem: §å phæ Hoµng Kim - §Þnh Quèc Thanh Sa Tr­êng Sam
02:10:53	 Account: hieuadnew	Name: AdminÙSHXT	 DelItem: LÖnh bµi Phong L¨ng §é
02:10:53	 Account: hieuadnew	Name: AdminÙSHXT	 DelItem: Lam Thñy Tinh
02:10:53	 Account: hieuadnew	Name: AdminÙSHXT	 DelItem: Phóc Duyªn Lé (TiÓu) 
02:10:53	 Account: hieuadnew	Name: AdminÙSHXT	 DelItem: Thiªn s¬n B¶o Lé 
02:10:53	 Account: hieuadnew	Name: AdminÙSHXT	 DelItem: Th­ göi M¹c SÇu 
02:10:53	 Account: hieuadnew	Name: AdminÙSHXT	 DelItem: Giá §ùng Hoa
02:11:05	 Account: hieuadnew	Name: AdminÙSHXT	 DelItem: Tiªn Th¶o Lé 
02:11:05	 Account: hieuadnew	Name: AdminÙSHXT	 DelItem: L¸ Cê ChiÕn Th¾ng
02:11:05	 Account: hieuadnew	Name: AdminÙSHXT	 DelItem: QuÕ Hoa Töu
03:09:58	 Account: samsimon1	Name: ÙRitaÙOri	 DelItem: Kim Phong Kú L©n HuyÕt
05:53:20	 Account: qwqwqw3	Name: TinhNhatPhai	 DelItem: Tóc S­¬ng
06:42:03	 Account: minsimon	Name: RIsePOO	 DelItem: Tóc S­¬ng
07:29:53	 Account: thoakhungz5	Name: §õngÙChäcÙTao	 DelItem: Kim Phong C«ng CÈn Tam Th¸n
07:37:49	 Account: anhyeuem	Name: NHulon	 DelItem: Tóc S­¬ng
07:51:19	 Account: samsimon1	Name: ÙRitaÙOri	 DelItem: Kim Phong HËu NghÖ dÉn cung
07:51:19	 Account: samsimon1	Name: ÙRitaÙOri	 DelItem: Kim Phong Lan §×nh Ngäc
08:39:52	 Account: samsimon1	Name: ÙRitaÙOri	 DelItem: Kim Phong Thiªn Lý Th¶o Th­îng Phi
08:52:24	 Account: phamtungdhv4	Name: ZzJindozZ	 DelItem: CÈm nang ®ång hµnh
09:47:42	 Account: bando	Name: HDÙMÑThiªnH¹	 DelItem: Tóc S­¬ng
09:47:49	 Account: bando	Name: HDÙMÑThiªnH¹	 DelItem: Kim Phong Kú L©n HuyÕt
09:47:55	 Account: bando	Name: HDÙMÑThiªnH¹	 DelItem: Kim Phong Thanh D­¬ng Kh«i
09:48:07	 Account: bando	Name: HDÙMÑThiªnH¹	 DelItem: Kim Phong Thiªn Lý Th¶o Th­îng Phi
09:48:14	 Account: bando	Name: HDÙMÑThiªnH¹	 DelItem: Kim Phong HËu NghÖ dÉn cung
09:48:21	 Account: bando	Name: HDÙMÑThiªnH¹	 DelItem: Kim Phong Lan §×nh Ngäc
09:48:28	 Account: bando	Name: HDÙMÑThiªnH¹	 DelItem: Kim Phong Tr¹c Liªn Quang
09:48:37	 Account: bando	Name: HDÙMÑThiªnH¹	 DelItem: Kim Phong Tr¹c Liªn Quang
09:48:47	 Account: bando	Name: HDÙMÑThiªnH¹	 DelItem: Kim Phong §o¹t Hån Ngäc ®¸i
10:16:26	 Account: samsimon1	Name: ÙRitaÙOri	 DelItem: Kim Phong §ång T­íc Xu©n Th©m
10:16:26	 Account: samsimon1	Name: ÙRitaÙOri	 DelItem: Kim Phong §o¹t Hån Ngäc ®¸i
10:16:26	 Account: samsimon1	Name: ÙRitaÙOri	 DelItem: Kim Phong C«ng CÈn Tam Th¸n
10:16:26	 Account: samsimon1	Name: ÙRitaÙOri	 DelItem: Kim Phong Tr¹c Liªn Quang
11:04:54	 Account: minsimon2	Name: MiuÙLoire	 DelItem: Tóc S­¬ng
11:14:35	 Account: thoakhungz5	Name: §õngÙChäcÙTao	 DelItem: Kim Phong §ång T­íc Xu©n Th©m
11:14:35	 Account: thoakhungz5	Name: §õngÙChäcÙTao	 DelItem: Kim Phong HËu NghÖ dÉn cung
11:14:35	 Account: thoakhungz5	Name: §õngÙChäcÙTao	 DelItem: Kim Phong Thanh D­¬ng Kh«i
11:14:35	 Account: thoakhungz5	Name: §õngÙChäcÙTao	 DelItem: Kim Phong Kú L©n HuyÕt
11:14:35	 Account: thoakhungz5	Name: §õngÙChäcÙTao	 DelItem: Kim Phong Tr¹c Liªn Quang
11:14:35	 Account: thoakhungz5	Name: §õngÙChäcÙTao	 DelItem: Kim Phong Thiªn Lý Th¶o Th­îng Phi
11:14:35	 Account: thoakhungz5	Name: §õngÙChäcÙTao	 DelItem: Kim Phong §o¹t Hån Ngäc ®¸i
11:17:54	 Account: thoakhungz2	Name: ThÝchÙ¡nÙ§¹pÙKo	 DelItem: Kim Phong Lan §×nh Ngäc
11:17:54	 Account: thoakhungz2	Name: ThÝchÙ¡nÙ§¹pÙKo	 DelItem: Kim Phong Tr¹c Liªn Quang
11:41:22	 Account: luukt53	Name: NgoalongVD	 DelItem: Kim Phong §ång T­íc Xu©n Th©m
11:41:22	 Account: luukt53	Name: NgoalongVD	 DelItem: Kim Phong §o¹t Hån Ngäc ®¸i
11:41:22	 Account: luukt53	Name: NgoalongVD	 DelItem: Kim Phong HËu NghÖ dÉn cung
11:41:22	 Account: luukt53	Name: NgoalongVD	 DelItem: Kim Phong C«ng CÈn Tam Th¸n
11:41:22	 Account: luukt53	Name: NgoalongVD	 DelItem: Kim Phong Lan §×nh Ngäc
11:41:22	 Account: luukt53	Name: NgoalongVD	 DelItem: Kim Phong Thanh D­¬ng Kh«i
11:41:22	 Account: luukt53	Name: NgoalongVD	 DelItem: Kim Phong Thiªn Lý Th¶o Th­îng Phi
11:41:22	 Account: luukt53	Name: NgoalongVD	 DelItem: Kim Phong Tr¹c Liªn Quang
11:49:31	 Account: luukt53	Name: NgoalongVD	 DelItem: Tóc S­¬ng
12:39:15	 Account: bando	Name: HDÙMÑThiªnH¹	 DelItem: Kim Phong Thiªn Lý Th¶o Th­îng Phi
13:02:25	 Account: luukt53	Name: NgoalongVD	 DelItem: Kim Phong Lan §×nh Ngäc
13:04:47	 Account: bando	Name: HDÙMÑThiªnH¹	 DelItem: Kim Phong Kú L©n HuyÕt
13:25:54	 Account: luukt53	Name: NgoalongVD	 DelItem: Kim Phong Kú L©n HuyÕt
13:26:17	 Account: luukt53	Name: NgoalongVD	 DelItem: §å phæ Hoµng Kim - §Þnh Quèc Ng©n Tµm Yªu ®¸i
13:26:17	 Account: luukt53	Name: NgoalongVD	 DelItem: §å phæ Hoµng Kim - An Bang Cóc Hoa Th¹ch ChØ hoµn
13:26:17	 Account: luukt53	Name: NgoalongVD	 DelItem: §å phæ Hoµng Kim - §Þnh Quèc XÝch Quyªn NhuyÔn Ngoa
13:26:17	 Account: luukt53	Name: NgoalongVD	 DelItem: §å phæ Hoµng Kim - An Bang Kª HuyÕt Th¹ch Giíi ChØ 
13:26:17	 Account: luukt53	Name: NgoalongVD	 DelItem: §å phæ Hoµng Kim - An Bang B¨ng Tinh Th¹ch H¹ng Liªn
13:26:17	 Account: luukt53	Name: NgoalongVD	 DelItem: §å phæ Hoµng Kim - §Þnh Quèc ¤ Sa Ph¸t Qu¸n
13:26:17	 Account: luukt53	Name: NgoalongVD	 DelItem: §å phæ Hoµng Kim - An Bang §iÒn Hoµng Th¹ch Ngäc Béi
13:28:21	 Account: sarin2	Name: DocXinh12	 DelItem: Kim Phong §ång T­íc Xu©n Th©m
13:28:21	 Account: sarin2	Name: DocXinh12	 DelItem: Kim Phong §o¹t Hån Ngäc ®¸i
13:28:21	 Account: sarin2	Name: DocXinh12	 DelItem: Kim Phong Tr¹c Liªn Quang
13:28:21	 Account: sarin2	Name: DocXinh12	 DelItem: Kim Phong Thiªn Lý Th¶o Th­îng Phi
13:35:46	 Account: luukt51	Name: NgoaLongTN	 DelItem: Tóc S­¬ng
13:57:28	 Account: luukt51	Name: NgoaLongTN	 DelItem: Kim Phong Tr¹c Liªn Quang
13:57:28	 Account: luukt51	Name: NgoaLongTN	 DelItem: Kim Phong Tr¹c Liªn Quang
13:57:28	 Account: luukt51	Name: NgoaLongTN	 DelItem: Kim Phong Kú L©n HuyÕt
13:57:28	 Account: luukt51	Name: NgoaLongTN	 DelItem: Kim Phong Lan §×nh Ngäc
13:57:28	 Account: luukt51	Name: NgoaLongTN	 DelItem: Kim Phong C«ng CÈn Tam Th¸n
13:57:28	 Account: luukt51	Name: NgoaLongTN	 DelItem: Kim Phong HËu NghÖ dÉn cung
13:57:28	 Account: luukt51	Name: NgoaLongTN	 DelItem: Kim Phong §o¹t Hån Ngäc ®¸i
13:57:28	 Account: luukt51	Name: NgoaLongTN	 DelItem: Kim Phong §ång T­íc Xu©n Th©m
13:57:47	 Account: luukt51	Name: NgoaLongTN	 DelItem: Tóc S­¬ng
13:57:47	 Account: luukt51	Name: NgoaLongTN	 DelItem: Kim Phong Thiªn Lý Th¶o Th­îng Phi
13:57:47	 Account: luukt51	Name: NgoaLongTN	 DelItem: Kim Phong Thanh D­¬ng Kh«i
14:18:58	 Account: hieuadnew	Name: AdminÙSHXT	 DelItem: LÖnh bµi Vi S¬n ®¶o
14:18:58	 Account: hieuadnew	Name: AdminÙSHXT	 DelItem: LÖnh bµi Vi S¬n ®¶o
14:18:58	 Account: hieuadnew	Name: AdminÙSHXT	 DelItem: LÖnh bµi Vi S¬n ®¶o
14:18:58	 Account: hieuadnew	Name: AdminÙSHXT	 DelItem: LÖnh bµi Vi S¬n ®¶o
14:18:58	 Account: hieuadnew	Name: AdminÙSHXT	 DelItem: LÖnh bµi Vi S¬n ®¶o
14:18:58	 Account: hieuadnew	Name: AdminÙSHXT	 DelItem: LÖnh bµi Vi S¬n ®¶o
14:18:58	 Account: hieuadnew	Name: AdminÙSHXT	 DelItem: Cuén Kim ChØ
14:18:58	 Account: hieuadnew	Name: AdminÙSHXT	 DelItem: TÊm V¶i §á
14:18:58	 Account: hieuadnew	Name: AdminÙSHXT	 DelItem: Sao Vµng
14:18:58	 Account: hieuadnew	Name: AdminÙSHXT	 DelItem: Vßng Hoa Quèc Kh¸nh
14:28:13	 Account: quocbaobp	Name: §¹iÙThiÕuÙGia	 DelItem: Kim Phong Lan §×nh Ngäc
14:28:13	 Account: quocbaobp	Name: §¹iÙThiÕuÙGia	 DelItem: Kim Phong §ång T­íc Xu©n Th©m
14:28:13	 Account: quocbaobp	Name: §¹iÙThiÕuÙGia	 DelItem: Kim Phong Tr¹c Liªn Quang
14:28:34	 Account: thangvl5	Name: 5TLSuco	 DelItem: CÈm nang ®ång hµnh
15:10:50	 Account: luukt53	Name: NgoalongVD	 DelItem: Kim Phong C«ng CÈn Tam Th¸n
15:46:22	 Account: luukt54	Name: NgoalongNM	 DelItem: Tóc S­¬ng
15:46:24	 Account: vohoangvu	Name: ThÇnMenPh¸Ph¸ch	 DelItem: Kim Phong §ång T­íc Xu©n Th©m
15:46:24	 Account: vohoangvu	Name: ThÇnMenPh¸Ph¸ch	 DelItem: Kim Phong §o¹t Hån Ngäc ®¸i
15:46:24	 Account: vohoangvu	Name: ThÇnMenPh¸Ph¸ch	 DelItem: Kim Phong HËu NghÖ dÉn cung
15:46:24	 Account: vohoangvu	Name: ThÇnMenPh¸Ph¸ch	 DelItem: Kim Phong C«ng CÈn Tam Th¸n
15:46:24	 Account: vohoangvu	Name: ThÇnMenPh¸Ph¸ch	 DelItem: Kim Phong Thanh D­¬ng Kh«i
15:46:24	 Account: vohoangvu	Name: ThÇnMenPh¸Ph¸ch	 DelItem: Kim Phong Kú L©n HuyÕt
15:46:24	 Account: vohoangvu	Name: ThÇnMenPh¸Ph¸ch	 DelItem: Kim Phong Tr¹c Liªn Quang
15:46:24	 Account: vohoangvu	Name: ThÇnMenPh¸Ph¸ch	 DelItem: Kim Phong Thiªn Lý Th¶o Th­îng Phi
15:46:24	 Account: vohoangvu	Name: ThÇnMenPh¸Ph¸ch	 DelItem: Kim Phong Lan §×nh Ngäc
15:50:34	 Account: luukt52	Name: NgoalongTN	 DelItem: Tóc S­¬ng
16:13:13	 Account: longyen010	Name: BXÙLong	 DelItem: Kim Phong Thanh D­¬ng Kh«i
16:20:17	 Account: bunia91	Name: ThieuLamCui	 DelItem: Kim Phong Tr¹c Liªn Quang
16:28:21	 Account: minhtrand20	Name: sanboss2	 DelItem: Kim Phong §ång T­íc Xu©n Th©m
16:28:21	 Account: minhtrand20	Name: sanboss2	 DelItem: Kim Phong §o¹t Hån Ngäc ®¸i
16:28:21	 Account: minhtrand20	Name: sanboss2	 DelItem: Kim Phong HËu NghÖ dÉn cung
16:28:21	 Account: minhtrand20	Name: sanboss2	 DelItem: Kim Phong C«ng CÈn Tam Th¸n
16:28:21	 Account: minhtrand20	Name: sanboss2	 DelItem: Kim Phong Lan §×nh Ngäc
16:28:21	 Account: minhtrand20	Name: sanboss2	 DelItem: Kim Phong Thanh D­¬ng Kh«i
16:28:21	 Account: minhtrand20	Name: sanboss2	 DelItem: Kim Phong Kú L©n HuyÕt
16:28:21	 Account: minhtrand20	Name: sanboss2	 DelItem: Kim Phong Tr¹c Liªn Quang
16:28:21	 Account: minhtrand20	Name: sanboss2	 DelItem: Kim Phong Thiªn Lý Th¶o Th­îng Phi
16:30:35	 Account: photocopy	Name: LýThuTh¶o	 DelItem: Kim Phong §ång T­íc Xu©n Th©m
16:30:35	 Account: photocopy	Name: LýThuTh¶o	 DelItem: Kim Phong C«ng CÈn Tam Th¸n
16:30:35	 Account: photocopy	Name: LýThuTh¶o	 DelItem: Kim Phong Thanh D­¬ng Kh«i
16:30:35	 Account: photocopy	Name: LýThuTh¶o	 DelItem: Kim Phong Kú L©n HuyÕt
16:30:35	 Account: photocopy	Name: LýThuTh¶o	 DelItem: Kim Phong Thiªn Lý Th¶o Th­îng Phi
16:30:35	 Account: photocopy	Name: LýThuTh¶o	 DelItem: Kim Phong §o¹t Hån Ngäc ®¸i
16:30:35	 Account: photocopy	Name: LýThuTh¶o	 DelItem: Kim Phong HËu NghÖ dÉn cung
16:30:35	 Account: photocopy	Name: LýThuTh¶o	 DelItem: Kim Phong Lan §×nh Ngäc
16:30:35	 Account: photocopy	Name: LýThuTh¶o	 DelItem: Kim Phong Tr¹c Liªn Quang
17:00:40	 Account: vunguyen1989	Name: khongbietten	 DelItem: Kim Phong §ång T­íc Xu©n Th©m
17:00:40	 Account: vunguyen1989	Name: khongbietten	 DelItem: Kim Phong §o¹t Hån Ngäc ®¸i
17:00:40	 Account: vunguyen1989	Name: khongbietten	 DelItem: Kim Phong Thanh D­¬ng Kh«i
17:00:40	 Account: vunguyen1989	Name: khongbietten	 DelItem: Tóc S­¬ng
17:00:40	 Account: vunguyen1989	Name: khongbietten	 DelItem: Kim Phong Thiªn Lý Th¶o Th­îng Phi
17:00:40	 Account: vunguyen1989	Name: khongbietten	 DelItem: Kim Phong Kú L©n HuyÕt
17:00:40	 Account: vunguyen1989	Name: khongbietten	 DelItem: Kim Phong C«ng CÈn Tam Th¸n
17:00:47	 Account: vunguyen1989	Name: khongbietten	 DelItem: Kim Phong HËu NghÖ dÉn cung
17:17:58	 Account: luukt53	Name: NgoalongVD	 DelItem: Kim Phong Tr¹c Liªn Quang
17:41:53	 Account: longyen010	Name: BXÙLong	 DelItem: Kim Phong Lan §×nh Ngäc
17:47:10	 Account: haivlc3	Name: TN18Ng¸o	 DelItem: S¸ch kü n¨ng cÊp 90
17:47:10	 Account: haivlc3	Name: TN18Ng¸o	 DelItem: §¹i Thµnh BÝ KÝp 90
17:47:10	 Account: haivlc3	Name: TN18Ng¸o	 DelItem: Tóc S­¬ng
17:47:10	 Account: haivlc3	Name: TN18Ng¸o	 DelItem: Tóc S­¬ng
17:56:28	 Account: haivlc1	Name: Violet	 DelItem: Tóc S­¬ng
17:56:28	 Account: haivlc1	Name: Violet	 DelItem: Tóc S­¬ng
17:56:28	 Account: haivlc1	Name: Violet	 DelItem: Kim Phong Tr¹c Liªn Quang
18:01:57	 Account: longyen010	Name: BXÙLong	 DelItem: Kim Phong Kú L©n HuyÕt
18:02:04	 Account: longyen010	Name: BXÙLong	 DelItem: Kim Phong HËu NghÖ dÉn cung
18:02:10	 Account: longyen010	Name: BXÙLong	 DelItem: Kim Phong §o¹t Hån Ngäc ®¸i
18:02:18	 Account: longyen010	Name: BXÙLong	 DelItem: Kim Phong Thiªn Lý Th¶o Th­îng Phi
18:09:20	 Account: levannguyen194	Name: TienNuGianTran	 DelItem: S¸ch kü n¨ng cÊp 90
18:09:20	 Account: levannguyen194	Name: TienNuGianTran	 DelItem: S¸ch kü n¨ng cÊp 90
18:09:20	 Account: levannguyen194	Name: TienNuGianTran	 DelItem: §¹i Thµnh BÝ KÝp 90
18:09:20	 Account: levannguyen194	Name: TienNuGianTran	 DelItem: Tóc S­¬ng
18:09:20	 Account: levannguyen194	Name: TienNuGianTran	 DelItem: Kim Phong Tr¹c Liªn Quang
18:09:20	 Account: levannguyen194	Name: TienNuGianTran	 DelItem: Kim Phong §o¹t Hån Ngäc ®¸i
18:09:20	 Account: levannguyen194	Name: TienNuGianTran	 DelItem: Kim Phong HËu NghÖ dÉn cung
18:09:20	 Account: levannguyen194	Name: TienNuGianTran	 DelItem: Kim Phong C«ng CÈn Tam Th¸n
18:09:20	 Account: levannguyen194	Name: TienNuGianTran	 DelItem: Kim Phong Lan §×nh Ngäc
18:09:20	 Account: levannguyen194	Name: TienNuGianTran	 DelItem: Kim Phong Tr¹c Liªn Quang
18:09:20	 Account: levannguyen194	Name: TienNuGianTran	 DelItem: Kim Phong Thiªn Lý Th¶o Th­îng Phi
18:09:43	 Account: levannguyen194	Name: TienNuGianTran	 DelItem: Tóc S­¬ng
18:09:43	 Account: levannguyen194	Name: TienNuGianTran	 DelItem: Tóc S­¬ng
18:09:43	 Account: levannguyen194	Name: TienNuGianTran	 DelItem: Kim Phong C«ng CÈn Tam Th¸n
18:09:43	 Account: levannguyen194	Name: TienNuGianTran	 DelItem: Kim Phong Kú L©n HuyÕt
18:09:51	 Account: levannguyen194	Name: TienNuGianTran	 DelItem: Kim Phong Thanh D­¬ng Kh«i
18:09:53	 Account: longyen010	Name: BXÙLong	 DelItem: Kim Phong C«ng CÈn Tam Th¸n
18:10:43	 Account: longyen010	Name: BXÙLong	 DelItem: Kim Phong Tr¹c Liªn Quang
18:19:02	 Account: luukt53	Name: NgoalongVD	 DelItem: Kim Phong §ång T­íc Xu©n Th©m
18:34:18	 Account: hieuham1996	Name: TriÖuÙTöÙLong	 DelItem: Kim Phong Kú L©n HuyÕt
18:34:25	 Account: hieuham1996	Name: TriÖuÙTöÙLong	 DelItem: Kim Phong HËu NghÖ dÉn cung
18:34:33	 Account: hieuham1996	Name: TriÖuÙTöÙLong	 DelItem: Kim Phong Thanh D­¬ng Kh«i
18:34:41	 Account: hieuham1996	Name: TriÖuÙTöÙLong	 DelItem: Kim Phong Lan §×nh Ngäc
18:34:50	 Account: hieuham1996	Name: TriÖuÙTöÙLong	 DelItem: Kim Phong §o¹t Hån Ngäc ®¸i
18:34:57	 Account: hieuham1996	Name: TriÖuÙTöÙLong	 DelItem: Kim Phong Lan §×nh Ngäc
18:35:03	 Account: hieuham1996	Name: TriÖuÙTöÙLong	 DelItem: Kim Phong §ång T­íc Xu©n Th©m
18:35:09	 Account: hieuham1996	Name: TriÖuÙTöÙLong	 DelItem: Kim Phong Tr¹c Liªn Quang
18:35:16	 Account: hieuham1996	Name: TriÖuÙTöÙLong	 DelItem: Kim Phong C«ng CÈn Tam Th¸n
18:37:41	 Account: haivlc1	Name: HaiVL001	 DelItem: Tóc S­¬ng
18:37:41	 Account: haivlc1	Name: HaiVL001	 DelItem: Tóc S­¬ng
18:45:33	 Account: hieuham1996	Name: TriÖuÙTöÙLong	 DelItem: Kim Phong Thiªn Lý Th¶o Th­îng Phi
19:33:33	 Account: haivlc4	Name: CµyTiÒn01	 DelItem: Tóc S­¬ng
19:34:45	 Account: vunguyen1983	Name: MrCuBin	 DelItem: Kim Phong §ång T­íc Xu©n Th©m
19:34:45	 Account: vunguyen1983	Name: MrCuBin	 DelItem: Kim Phong §o¹t Hån Ngäc ®¸i
19:34:45	 Account: vunguyen1983	Name: MrCuBin	 DelItem: Tóc S­¬ng
19:34:45	 Account: vunguyen1983	Name: MrCuBin	 DelItem: Kim Phong C«ng CÈn Tam Th¸n
19:34:45	 Account: vunguyen1983	Name: MrCuBin	 DelItem: Kim Phong Kú L©n HuyÕt
19:34:45	 Account: vunguyen1983	Name: MrCuBin	 DelItem: Kim Phong Tr¹c Liªn Quang
19:34:45	 Account: vunguyen1983	Name: MrCuBin	 DelItem: Kim Phong Thiªn Lý Th¶o Th­îng Phi
19:34:55	 Account: vunguyen1983	Name: MrCuBin	 DelItem: Kim Phong HËu NghÖ dÉn cung
19:34:55	 Account: vunguyen1983	Name: MrCuBin	 DelItem: Kim Phong Lan §×nh Ngäc
19:34:55	 Account: vunguyen1983	Name: MrCuBin	 DelItem: Kim Phong Thanh D­¬ng Kh«i
19:58:05	 Account: haivl1	Name: B¹ch§Þnh	 DelItem: Tóc S­¬ng
19:58:05	 Account: haivl1	Name: B¹ch§Þnh	 DelItem: Tóc S­¬ng
20:00:39	 Account: haivl2	Name: HoaR¬i	 DelItem: Tóc S­¬ng
20:03:46	 Account: haivl3	Name: ThËpThµnh	 DelItem: Tóc S­¬ng
20:09:26	 Account: haivl4	Name: BÐXinh	 DelItem: Tóc S­¬ng
20:09:26	 Account: haivl4	Name: BÐXinh	 DelItem: Tóc S­¬ng
20:34:05	 Account: huy1712	Name: ¡nÙMµyÙV­¬ngÙGia	 DelItem: Tóc S­¬ng
20:37:51	 Account: asdzxcdsa	Name: ThÈmÙV¹nÙTamÙ	 DelItem: Tóc S­¬ng
21:04:49	 Account: sangtpbrvt	Name: SangTp	 DelItem: Tóc S­¬ng
21:16:50	 Account: thangvl1	Name: DocDoc1	 DelItem: Kim Phong Thiªn Lý Th¶o Th­îng Phi
21:16:50	 Account: thangvl1	Name: DocDoc1	 DelItem: Kim Phong Tr¹c Liªn Quang
21:16:50	 Account: thangvl1	Name: DocDoc1	 DelItem: Kim Phong Kú L©n HuyÕt
21:16:50	 Account: thangvl1	Name: DocDoc1	 DelItem: Kim Phong Thanh D­¬ng Kh«i
21:16:50	 Account: thangvl1	Name: DocDoc1	 DelItem: Kim Phong Lan §×nh Ngäc
21:16:50	 Account: thangvl1	Name: DocDoc1	 DelItem: Kim Phong C«ng CÈn Tam Th¸n
21:16:50	 Account: thangvl1	Name: DocDoc1	 DelItem: Kim Phong HËu NghÖ dÉn cung
21:16:50	 Account: thangvl1	Name: DocDoc1	 DelItem: Kim Phong §o¹t Hån Ngäc ®¸i
21:16:50	 Account: thangvl1	Name: DocDoc1	 DelItem: Kim Phong §ång T­íc Xu©n Th©m
21:16:59	 Account: thangvl1	Name: DocDoc1	 DelItem: Tóc S­¬ng
21:17:47	 Account: minhtrand4	Name: SÊmÙSÐtÙT©yÙB¾c	 DelItem: Tóc S­¬ng
21:37:50	 Account: huy1714	Name: B¨ngÙThÇn	 DelItem: Tóc S­¬ng
21:40:12	 Account: huy1714	Name: B¨ngÙThÇn	 DelItem: Kim Phong §o¹t Hån Ngäc ®¸i
21:40:12	 Account: huy1714	Name: B¨ngÙThÇn	 DelItem: Kim Phong HËu NghÖ dÉn cung
21:40:12	 Account: huy1714	Name: B¨ngÙThÇn	 DelItem: Kim Phong Lan §×nh Ngäc
21:40:12	 Account: huy1714	Name: B¨ngÙThÇn	 DelItem: Kim Phong Kú L©n HuyÕt
21:40:12	 Account: huy1714	Name: B¨ngÙThÇn	 DelItem: Kim Phong Tr¹c Liªn Quang
21:40:12	 Account: huy1714	Name: B¨ngÙThÇn	 DelItem: Kim Phong Thiªn Lý Th¶o Th­îng Phi
21:40:12	 Account: huy1714	Name: B¨ngÙThÇn	 DelItem: Tóc S­¬ng
21:40:22	 Account: huy1714	Name: B¨ngÙThÇn	 DelItem: Kim Phong §ång T­íc Xu©n Th©m
21:40:22	 Account: huy1714	Name: B¨ngÙThÇn	 DelItem: Kim Phong C«ng CÈn Tam Th¸n
21:40:22	 Account: huy1714	Name: B¨ngÙThÇn	 DelItem: Kim Phong Thanh D­¬ng Kh«i
21:41:03	 Account: huy1714	Name: B¨ngÙThÇn	 DelItem: S¸ch kü n¨ng cÊp 90
21:41:03	 Account: huy1714	Name: B¨ngÙThÇn	 DelItem: §¹i Thµnh BÝ KÝp 90
21:52:44	 Account: huy1715	Name: Machine1	 DelItem: Tóc S­¬ng
21:59:29	 Account: huy1715	Name: Machine1	 DelItem: S¸ch kü n¨ng cÊp 90
21:59:29	 Account: huy1715	Name: Machine1	 DelItem: §¹i Thµnh BÝ KÝp 90
21:59:29	 Account: huy1715	Name: Machine1	 DelItem: Kim Phong Tr¹c Liªn Quang
22:05:37	 Account: huy100	Name: Machine2	 DelItem: Kim Phong §ång T­íc Xu©n Th©m
22:05:37	 Account: huy100	Name: Machine2	 DelItem: Kim Phong §o¹t Hån Ngäc ®¸i
22:05:37	 Account: huy100	Name: Machine2	 DelItem: Kim Phong HËu NghÖ dÉn cung
22:05:37	 Account: huy100	Name: Machine2	 DelItem: Kim Phong C«ng CÈn Tam Th¸n
22:05:37	 Account: huy100	Name: Machine2	 DelItem: Kim Phong Lan §×nh Ngäc
22:05:37	 Account: huy100	Name: Machine2	 DelItem: Kim Phong Kú L©n HuyÕt
22:05:37	 Account: huy100	Name: Machine2	 DelItem: Kim Phong Thiªn Lý Th¶o Th­îng Phi
22:05:37	 Account: huy100	Name: Machine2	 DelItem: Tóc S­¬ng
22:05:46	 Account: huy100	Name: Machine2	 DelItem: Kim Phong Thanh D­¬ng Kh«i
22:05:46	 Account: huy100	Name: Machine2	 DelItem: Kim Phong Tr¹c Liªn Quang
22:20:34	 Account: huy1713	Name: Machine3	 DelItem: Kim Phong §ång T­íc Xu©n Th©m
22:20:34	 Account: huy1713	Name: Machine3	 DelItem: Kim Phong §o¹t Hån Ngäc ®¸i
22:20:34	 Account: huy1713	Name: Machine3	 DelItem: Kim Phong C«ng CÈn Tam Th¸n
22:20:34	 Account: huy1713	Name: Machine3	 DelItem: Kim Phong Kú L©n HuyÕt
22:20:34	 Account: huy1713	Name: Machine3	 DelItem: Kim Phong Tr¹c Liªn Quang
22:20:34	 Account: huy1713	Name: Machine3	 DelItem: Kim Phong Thiªn Lý Th¶o Th­îng Phi
22:20:34	 Account: huy1713	Name: Machine3	 DelItem: Tóc S­¬ng
22:20:44	 Account: huy1713	Name: Machine3	 DelItem: Kim Phong HËu NghÖ dÉn cung
22:20:44	 Account: huy1713	Name: Machine3	 DelItem: Kim Phong Lan §×nh Ngäc
22:20:44	 Account: huy1713	Name: Machine3	 DelItem: Kim Phong Thanh D­¬ng Kh«i
22:35:03	 Account: huy101	Name: Ngò§écHµnhKinh	 DelItem: Kim Phong §ång T­íc Xu©n Th©m
22:35:03	 Account: huy101	Name: Ngò§écHµnhKinh	 DelItem: Kim Phong §o¹t Hån Ngäc ®¸i
22:35:03	 Account: huy101	Name: Ngò§écHµnhKinh	 DelItem: Kim Phong C«ng CÈn Tam Th¸n
22:35:03	 Account: huy101	Name: Ngò§écHµnhKinh	 DelItem: Kim Phong Thanh D­¬ng Kh«i
22:35:03	 Account: huy101	Name: Ngò§écHµnhKinh	 DelItem: Kim Phong Kú L©n HuyÕt
22:35:03	 Account: huy101	Name: Ngò§écHµnhKinh	 DelItem: Kim Phong Tr¹c Liªn Quang
22:35:03	 Account: huy101	Name: Ngò§écHµnhKinh	 DelItem: Tóc S­¬ng
22:35:15	 Account: huy101	Name: Ngò§écHµnhKinh	 DelItem: Kim Phong HËu NghÖ dÉn cung
22:35:15	 Account: huy101	Name: Ngò§écHµnhKinh	 DelItem: Kim Phong Lan §×nh Ngäc
22:35:15	 Account: huy101	Name: Ngò§écHµnhKinh	 DelItem: Kim Phong Thiªn Lý Th¶o Th­îng Phi
22:36:07	 Account: longyen010	Name: BXÙLong	 DelItem: Kim Phong §ång T­íc Xu©n Th©m
22:46:51	 Account: tuanlovekun5	Name: B¸CH§äCXUY£NT¢M	 DelItem: Tóc S­¬ng
23:04:05	 Account: hieuadnew	Name: AdminÙSHXT	 DelItem: [Cùc phÈm] §Þnh Quèc Thanh Sa Ph¸t Qu¸n
23:24:29	 Account: bihulk04	Name: Ng¹oÙLµÙBem	 DelItem: Kim Phong Tr¹c Liªn Quang
23:44:02	 Account: dm0001	Name: dm0001	 DelItem: Tóc S­¬ng
23:50:56	 Account: nonhandl	Name: NhËmÙNg·ÙHµnhÙ	 DelItem: S¸ch kü n¨ng cÊp 90
23:50:56	 Account: nonhandl	Name: NhËmÙNg·ÙHµnhÙ	 DelItem: §¹i Thµnh BÝ KÝp 90
