00:03:25	 Account: sarin1990	Name: DocDep1	 DelItem: Kim Phong §o¹t Hån Ngäc ®¸i
00:03:25	 Account: sarin1990	Name: DocDep1	 DelItem: Kim Phong Lan §×nh Ngäc
00:03:25	 Account: sarin1990	Name: DocDep1	 DelItem: Kim Phong Thiªn Lý Th¶o Th­îng Phi
00:03:25	 Account: sarin1990	Name: DocDep1	 DelItem: Kim Phong §ång T­íc Xu©n Th©m
00:03:25	 Account: sarin1990	Name: DocDep1	 DelItem: Kim Phong HËu NghÖ dÉn cung
00:03:25	 Account: sarin1990	Name: DocDep1	 DelItem: Kim Phong C«ng CÈn Tam Th¸n
00:03:25	 Account: sarin1990	Name: DocDep1	 DelItem: Kim Phong Thanh D­¬ng Kh«i
00:03:25	 Account: sarin1990	Name: DocDep1	 DelItem: Kim Phong Kú L©n HuyÕt
00:03:25	 Account: sarin1990	Name: DocDep1	 DelItem: Kim Phong Tr¹c Liªn Quang
00:30:03	 Account: gamethu	Name: KhaiCheckGame	 DelItem: Kim Phong Kú L©n HuyÕt
00:30:03	 Account: gamethu	Name: KhaiCheckGame	 DelItem: Kim Phong Thiªn Lý Th¶o Th­îng Phi
01:12:27	 Account: tuanlovekun	Name: 1StMrBB	 DelItem: Kim Phong §o¹t Hån Ngäc ®¸i
01:12:27	 Account: tuanlovekun	Name: 1StMrBB	 DelItem: Kim Phong HËu NghÖ dÉn cung
01:12:27	 Account: tuanlovekun	Name: 1StMrBB	 DelItem: Kim Phong Lan §×nh Ngäc
01:12:27	 Account: tuanlovekun	Name: 1StMrBB	 DelItem: Kim Phong Tr¹c Liªn Quang
01:12:27	 Account: tuanlovekun	Name: 1StMrBB	 DelItem: Kim Phong Thiªn Lý Th¶o Th­îng Phi
01:12:27	 Account: tuanlovekun	Name: 1StMrBB	 DelItem: Kim Phong §ång T­íc Xu©n Th©m
01:12:27	 Account: tuanlovekun	Name: 1StMrBB	 DelItem: Kim Phong C«ng CÈn Tam Th¸n
01:12:27	 Account: tuanlovekun	Name: 1StMrBB	 DelItem: Kim Phong Thanh D­¬ng Kh«i
01:12:27	 Account: tuanlovekun	Name: 1StMrBB	 DelItem: Kim Phong Kú L©n HuyÕt
01:26:03	 Account: tuanlovekun1	Name: caytien01	 DelItem: Kim Phong §ång T­íc Xu©n Th©m
01:26:03	 Account: tuanlovekun1	Name: caytien01	 DelItem: Kim Phong §o¹t Hån Ngäc ®¸i
01:26:03	 Account: tuanlovekun1	Name: caytien01	 DelItem: Kim Phong C«ng CÈn Tam Th¸n
01:26:03	 Account: tuanlovekun1	Name: caytien01	 DelItem: Kim Phong Lan §×nh Ngäc
01:26:03	 Account: tuanlovekun1	Name: caytien01	 DelItem: Kim Phong HËu NghÖ dÉn cung
01:26:03	 Account: tuanlovekun1	Name: caytien01	 DelItem: Kim Phong Thanh D­¬ng Kh«i
01:26:03	 Account: tuanlovekun1	Name: caytien01	 DelItem: Kim Phong Kú L©n HuyÕt
01:26:03	 Account: tuanlovekun1	Name: caytien01	 DelItem: Kim Phong Tr¹c Liªn Quang
01:26:03	 Account: tuanlovekun1	Name: caytien01	 DelItem: Kim Phong Thiªn Lý Th¶o Th­îng Phi
01:27:50	 Account: tuanlovekun1	Name: caytien01	 DelItem: Kim Phong Tr¹c Liªn Quang
01:47:00	 Account: sarin	Name: XinhGai7	 DelItem: Kim Phong C«ng CÈn Tam Th¸n
01:47:00	 Account: sarin	Name: XinhGai7	 DelItem: Kim Phong Lan §×nh Ngäc
01:47:00	 Account: sarin	Name: XinhGai7	 DelItem: Kim Phong §ång T­íc Xu©n Th©m
01:47:00	 Account: sarin	Name: XinhGai7	 DelItem: Kim Phong Tr¹c Liªn Quang
08:08:09	 Account: kimhuy02	Name: NgaoLaGiet	 DelItem: Kim Phong Thiªn Lý Th¶o Th­îng Phi
08:08:09	 Account: kimhuy02	Name: NgaoLaGiet	 DelItem: Kim Phong Tr¹c Liªn Quang
08:08:09	 Account: kimhuy02	Name: NgaoLaGiet	 DelItem: Kim Phong Kú L©n HuyÕt
08:08:09	 Account: kimhuy02	Name: NgaoLaGiet	 DelItem: Kim Phong Thanh D­¬ng Kh«i
08:08:09	 Account: kimhuy02	Name: NgaoLaGiet	 DelItem: Kim Phong C«ng CÈn Tam Th¸n
08:08:09	 Account: kimhuy02	Name: NgaoLaGiet	 DelItem: Kim Phong §ång T­íc Xu©n Th©m
08:08:17	 Account: kimhuy02	Name: NgaoLaGiet	 DelItem: Tiªn Th¶o Lé 
08:56:06	 Account: huy1712	Name: ¡nÙMµyÙV­¬ngÙGia	 DelItem: Kim Phong Tr¹c Liªn Quang
09:30:21	 Account: building1987	Name: TiÒnÙV«ÙNghÜa	 DelItem: Kim Phong Kú L©n HuyÕt
09:30:39	 Account: building1987	Name: TiÒnÙV«ÙNghÜa	 DelItem: Kim Phong Tr¹c Liªn Quang
09:30:39	 Account: building1987	Name: TiÒnÙV«ÙNghÜa	 DelItem: Kim Phong Tr¹c Liªn Quang
09:30:39	 Account: building1987	Name: TiÒnÙV«ÙNghÜa	 DelItem: Kim Phong Thanh D­¬ng Kh«i
10:48:28	 Account: longyen011	Name: Sansan	 DelItem: Kim Phong Tr¹c Liªn Quang
11:04:49	 Account: thoakhungz3	Name: CånÙDaÙL¹p	 DelItem: Kim Phong §ång T­íc Xu©n Th©m
13:42:46	 Account: thoakhungs1	Name: Boss01	 DelItem: Kim Phong §ång T­íc Xu©n Th©m
13:42:46	 Account: thoakhungs1	Name: Boss01	 DelItem: Kim Phong §o¹t Hån Ngäc ®¸i
13:42:46	 Account: thoakhungs1	Name: Boss01	 DelItem: Kim Phong HËu NghÖ dÉn cung
13:42:46	 Account: thoakhungs1	Name: Boss01	 DelItem: Kim Phong C«ng CÈn Tam Th¸n
13:42:46	 Account: thoakhungs1	Name: Boss01	 DelItem: Kim Phong Lan §×nh Ngäc
13:42:46	 Account: thoakhungs1	Name: Boss01	 DelItem: Kim Phong Thanh D­¬ng Kh«i
13:42:46	 Account: thoakhungs1	Name: Boss01	 DelItem: Kim Phong Kú L©n HuyÕt
13:42:46	 Account: thoakhungs1	Name: Boss01	 DelItem: Kim Phong Tr¹c Liªn Quang
13:42:46	 Account: thoakhungs1	Name: Boss01	 DelItem: Kim Phong Thiªn Lý Th¶o Th­îng Phi
13:59:13	 Account: thoakhungs1	Name: Boss02	 DelItem: Kim Phong §ång T­íc Xu©n Th©m
13:59:13	 Account: thoakhungs1	Name: Boss02	 DelItem: Kim Phong §o¹t Hån Ngäc ®¸i
13:59:13	 Account: thoakhungs1	Name: Boss02	 DelItem: Kim Phong HËu NghÖ dÉn cung
13:59:13	 Account: thoakhungs1	Name: Boss02	 DelItem: Kim Phong C«ng CÈn Tam Th¸n
13:59:13	 Account: thoakhungs1	Name: Boss02	 DelItem: Kim Phong Lan §×nh Ngäc
13:59:13	 Account: thoakhungs1	Name: Boss02	 DelItem: Kim Phong Thanh D­¬ng Kh«i
13:59:13	 Account: thoakhungs1	Name: Boss02	 DelItem: Kim Phong Kú L©n HuyÕt
13:59:13	 Account: thoakhungs1	Name: Boss02	 DelItem: Kim Phong Tr¹c Liªn Quang
13:59:13	 Account: thoakhungs1	Name: Boss02	 DelItem: Kim Phong Thiªn Lý Th¶o Th­îng Phi
14:14:37	 Account: thoakhungs1	Name: Boss02	 DelItem: Kim Phong Lan §×nh Ngäc
14:52:52	 Account: thaocanh113	Name: ThiªnÙNh·	 DelItem: Tóc S­¬ng
15:19:49	 Account: thangvl4	Name: 5DBTGr	 DelItem: Kim Phong Kú L©n HuyÕt
15:19:49	 Account: thangvl4	Name: 5DBTGr	 DelItem: Kim Phong Tr¹c Liªn Quang
15:19:49	 Account: thangvl4	Name: 5DBTGr	 DelItem: Kim Phong Thiªn Lý Th¶o Th­îng Phi
15:20:07	 Account: thangvl4	Name: 5DBTGr	 DelItem: Kim Phong §ång T­íc Xu©n Th©m
15:20:07	 Account: thangvl4	Name: 5DBTGr	 DelItem: Kim Phong §o¹t Hån Ngäc ®¸i
15:20:07	 Account: thangvl4	Name: 5DBTGr	 DelItem: Kim Phong HËu NghÖ dÉn cung
15:20:07	 Account: thangvl4	Name: 5DBTGr	 DelItem: Kim Phong C«ng CÈn Tam Th¸n
15:20:07	 Account: thangvl4	Name: 5DBTGr	 DelItem: Kim Phong Lan §×nh Ngäc
15:20:07	 Account: thangvl4	Name: 5DBTGr	 DelItem: Kim Phong Thanh D­¬ng Kh«i
15:20:07	 Account: thangvl4	Name: 5DBTGr	 DelItem: Kim Phong Tr¹c Liªn Quang
15:24:28	 Account: thoakhungs1	Name: Boss03	 DelItem: Kim Phong §ång T­íc Xu©n Th©m
15:24:28	 Account: thoakhungs1	Name: Boss03	 DelItem: Kim Phong §o¹t Hån Ngäc ®¸i
15:24:28	 Account: thoakhungs1	Name: Boss03	 DelItem: Kim Phong HËu NghÖ dÉn cung
15:24:28	 Account: thoakhungs1	Name: Boss03	 DelItem: Kim Phong C«ng CÈn Tam Th¸n
15:24:28	 Account: thoakhungs1	Name: Boss03	 DelItem: Kim Phong Lan §×nh Ngäc
15:24:28	 Account: thoakhungs1	Name: Boss03	 DelItem: Kim Phong Thanh D­¬ng Kh«i
15:24:28	 Account: thoakhungs1	Name: Boss03	 DelItem: Kim Phong Tr¹c Liªn Quang
15:24:28	 Account: thoakhungs1	Name: Boss03	 DelItem: Kim Phong Thiªn Lý Th¶o Th­îng Phi
15:24:28	 Account: thoakhungs1	Name: Boss03	 DelItem: Kim Phong Kú L©n HuyÕt
15:48:26	 Account: thoakhungs3	Name: Boss04	 DelItem: Kim Phong §ång T­íc Xu©n Th©m
15:48:26	 Account: thoakhungs3	Name: Boss04	 DelItem: Kim Phong §o¹t Hån Ngäc ®¸i
15:48:26	 Account: thoakhungs3	Name: Boss04	 DelItem: Kim Phong HËu NghÖ dÉn cung
15:48:26	 Account: thoakhungs3	Name: Boss04	 DelItem: Kim Phong C«ng CÈn Tam Th¸n
15:48:26	 Account: thoakhungs3	Name: Boss04	 DelItem: Kim Phong Lan §×nh Ngäc
15:48:26	 Account: thoakhungs3	Name: Boss04	 DelItem: Kim Phong Thanh D­¬ng Kh«i
15:48:26	 Account: thoakhungs3	Name: Boss04	 DelItem: Kim Phong Kú L©n HuyÕt
15:48:26	 Account: thoakhungs3	Name: Boss04	 DelItem: Kim Phong Tr¹c Liªn Quang
15:48:26	 Account: thoakhungs3	Name: Boss04	 DelItem: Kim Phong Thiªn Lý Th¶o Th­îng Phi
15:59:31	 Account: minsimon	Name: ÙRinÙSG	 DelItem: Tóc S­¬ng
16:19:23	 Account: building1987	Name: TiÒnÙV«ÙNghÜa	 DelItem: Kim Phong Lan §×nh Ngäc
16:29:00	 Account: building1987	Name: TiÒnÙV«ÙNghÜa	 DelItem: Kim Phong §ång T­íc Xu©n Th©m
16:29:00	 Account: building1987	Name: TiÒnÙV«ÙNghÜa	 DelItem: Kim Phong HËu NghÖ dÉn cung
16:42:36	 Account: vohoangvu	Name: KimQuèc	 DelItem: Kim Phong §ång T­íc Xu©n Th©m
16:42:36	 Account: vohoangvu	Name: KimQuèc	 DelItem: Kim Phong Lan §×nh Ngäc
16:42:36	 Account: vohoangvu	Name: KimQuèc	 DelItem: Kim Phong Kú L©n HuyÕt
16:42:36	 Account: vohoangvu	Name: KimQuèc	 DelItem: Kim Phong Thiªn Lý Th¶o Th­îng Phi
16:42:36	 Account: vohoangvu	Name: KimQuèc	 DelItem: Kim Phong Tr¹c Liªn Quang
16:42:54	 Account: vohoangvu	Name: KimQuèc	 DelItem: Kim Phong C«ng CÈn Tam Th¸n
16:42:54	 Account: vohoangvu	Name: KimQuèc	 DelItem: Kim Phong §o¹t Hån Ngäc ®¸i
16:42:54	 Account: vohoangvu	Name: KimQuèc	 DelItem: Kim Phong HËu NghÖ dÉn cung
16:42:54	 Account: vohoangvu	Name: KimQuèc	 DelItem: Kim Phong Thanh D­¬ng Kh«i
16:43:34	 Account: saluci0507	Name: XinhGai1	 DelItem: Kim Phong Tr¹c Liªn Quang
16:43:34	 Account: saluci0507	Name: XinhGai1	 DelItem: Kim Phong Lan §×nh Ngäc
16:43:34	 Account: saluci0507	Name: XinhGai1	 DelItem: Kim Phong §o¹t Hån Ngäc ®¸i
16:43:34	 Account: saluci0507	Name: XinhGai1	 DelItem: Kim Phong §ång T­íc Xu©n Th©m
16:43:34	 Account: saluci0507	Name: XinhGai1	 DelItem: Kim Phong C«ng CÈn Tam Th¸n
17:06:27	 Account: building1987	Name: TiÒnÙV«ÙNghÜa	 DelItem: Kim Phong §o¹t Hån Ngäc ®¸i
17:06:56	 Account: thoakhungs3	Name: Boss05	 DelItem: Kim Phong §ång T­íc Xu©n Th©m
17:06:56	 Account: thoakhungs3	Name: Boss05	 DelItem: Kim Phong §o¹t Hån Ngäc ®¸i
17:06:56	 Account: thoakhungs3	Name: Boss05	 DelItem: Kim Phong HËu NghÖ dÉn cung
17:06:56	 Account: thoakhungs3	Name: Boss05	 DelItem: Kim Phong C«ng CÈn Tam Th¸n
17:06:56	 Account: thoakhungs3	Name: Boss05	 DelItem: Kim Phong Lan §×nh Ngäc
17:06:56	 Account: thoakhungs3	Name: Boss05	 DelItem: Kim Phong Thanh D­¬ng Kh«i
17:06:56	 Account: thoakhungs3	Name: Boss05	 DelItem: Kim Phong Kú L©n HuyÕt
17:06:56	 Account: thoakhungs3	Name: Boss05	 DelItem: Kim Phong Tr¹c Liªn Quang
17:06:56	 Account: thoakhungs3	Name: Boss05	 DelItem: Kim Phong Thiªn Lý Th¶o Th­îng Phi
17:15:41	 Account: th118	Name: C«nÙL«nÙ01	 DelItem: Tóc S­¬ng
17:28:45	 Account: th114	Name: TµÙPh¸i	 DelItem: Kim Phong Thiªn Lý Th¶o Th­îng Phi
17:28:45	 Account: th114	Name: TµÙPh¸i	 DelItem: Kim Phong Kú L©n HuyÕt
17:28:45	 Account: th114	Name: TµÙPh¸i	 DelItem: Kim Phong Thanh D­¬ng Kh«i
17:28:45	 Account: th114	Name: TµÙPh¸i	 DelItem: Kim Phong HËu NghÖ dÉn cung
17:28:45	 Account: th114	Name: TµÙPh¸i	 DelItem: Kim Phong §o¹t Hån Ngäc ®¸i
17:28:45	 Account: th114	Name: TµÙPh¸i	 DelItem: Kim Phong Tr¹c Liªn Quang
17:28:45	 Account: th114	Name: TµÙPh¸i	 DelItem: Kim Phong Lan §×nh Ngäc
17:28:45	 Account: th114	Name: TµÙPh¸i	 DelItem: Kim Phong C«ng CÈn Tam Th¸n
17:28:45	 Account: th114	Name: TµÙPh¸i	 DelItem: Kim Phong §ång T­íc Xu©n Th©m
17:33:03	 Account: samsimon1	Name: ÙHîiÙSG	 DelItem: Kim Phong Tr¹c Liªn Quang
17:37:50	 Account: thaocanh115	Name: EmÙLµÙConÙG¸i	 DelItem: Kim Phong §ång T­íc Xu©n Th©m
17:37:50	 Account: thaocanh115	Name: EmÙLµÙConÙG¸i	 DelItem: Kim Phong HËu NghÖ dÉn cung
17:37:50	 Account: thaocanh115	Name: EmÙLµÙConÙG¸i	 DelItem: Kim Phong C«ng CÈn Tam Th¸n
17:37:50	 Account: thaocanh115	Name: EmÙLµÙConÙG¸i	 DelItem: Kim Phong Lan §×nh Ngäc
17:37:50	 Account: thaocanh115	Name: EmÙLµÙConÙG¸i	 DelItem: Kim Phong Kú L©n HuyÕt
17:37:50	 Account: thaocanh115	Name: EmÙLµÙConÙG¸i	 DelItem: Kim Phong Tr¹c Liªn Quang
17:37:50	 Account: thaocanh115	Name: EmÙLµÙConÙG¸i	 DelItem: Kim Phong §o¹t Hån Ngäc ®¸i
17:37:50	 Account: thaocanh115	Name: EmÙLµÙConÙG¸i	 DelItem: Kim Phong Thanh D­¬ng Kh«i
17:37:50	 Account: thaocanh115	Name: EmÙLµÙConÙG¸i	 DelItem: Kim Phong Thiªn Lý Th¶o Th­îng Phi
17:38:56	 Account: thoakhungs3	Name: Boss06	 DelItem: Kim Phong §ång T­íc Xu©n Th©m
17:38:56	 Account: thoakhungs3	Name: Boss06	 DelItem: Kim Phong §o¹t Hån Ngäc ®¸i
17:38:56	 Account: thoakhungs3	Name: Boss06	 DelItem: Kim Phong C«ng CÈn Tam Th¸n
17:38:56	 Account: thoakhungs3	Name: Boss06	 DelItem: Kim Phong Lan §×nh Ngäc
17:38:56	 Account: thoakhungs3	Name: Boss06	 DelItem: Kim Phong Thanh D­¬ng Kh«i
17:38:56	 Account: thoakhungs3	Name: Boss06	 DelItem: Kim Phong Kú L©n HuyÕt
17:38:56	 Account: thoakhungs3	Name: Boss06	 DelItem: Kim Phong Tr¹c Liªn Quang
17:38:56	 Account: thoakhungs3	Name: Boss06	 DelItem: Kim Phong Thiªn Lý Th¶o Th­îng Phi
17:38:56	 Account: thoakhungs3	Name: Boss06	 DelItem: Kim Phong HËu NghÖ dÉn cung
17:43:25	 Account: hoailanghp6	Name: HaiPhong	 DelItem: Kim Phong §o¹t Hån Ngäc ®¸i
17:43:25	 Account: hoailanghp6	Name: HaiPhong	 DelItem: Kim Phong HËu NghÖ dÉn cung
17:43:25	 Account: hoailanghp6	Name: HaiPhong	 DelItem: Kim Phong Thanh D­¬ng Kh«i
17:43:25	 Account: hoailanghp6	Name: HaiPhong	 DelItem: Kim Phong Kú L©n HuyÕt
17:43:25	 Account: hoailanghp6	Name: HaiPhong	 DelItem: Kim Phong Tr¹c Liªn Quang
17:43:25	 Account: hoailanghp6	Name: HaiPhong	 DelItem: Kim Phong Thiªn Lý Th¶o Th­îng Phi
17:43:25	 Account: hoailanghp6	Name: HaiPhong	 DelItem: Kim Phong §ång T­íc Xu©n Th©m
17:43:25	 Account: hoailanghp6	Name: HaiPhong	 DelItem: Kim Phong C«ng CÈn Tam Th¸n
17:43:25	 Account: hoailanghp6	Name: HaiPhong	 DelItem: Kim Phong Lan §×nh Ngäc
17:48:45	 Account: kingvl4	Name: ThñyTiªnTØTØ	 DelItem: Tóc S­¬ng
18:25:02	 Account: thoakhungz3	Name: CånÙDaÙL¹p	 DelItem: Kim Phong §o¹t Hån Ngäc ®¸i
18:25:02	 Account: thoakhungz3	Name: CånÙDaÙL¹p	 DelItem: Kim Phong HËu NghÖ dÉn cung
18:25:02	 Account: thoakhungz3	Name: CånÙDaÙL¹p	 DelItem: Kim Phong Thanh D­¬ng Kh«i
18:25:02	 Account: thoakhungz3	Name: CånÙDaÙL¹p	 DelItem: Kim Phong Kú L©n HuyÕt
18:25:02	 Account: thoakhungz3	Name: CånÙDaÙL¹p	 DelItem: Kim Phong Thiªn Lý Th¶o Th­îng Phi
18:31:27	 Account: vohoangvu2	Name: TöKimQuèc	 DelItem: Kim Phong §o¹t Hån Ngäc ®¸i
18:31:27	 Account: vohoangvu2	Name: TöKimQuèc	 DelItem: Kim Phong C«ng CÈn Tam Th¸n
18:31:27	 Account: vohoangvu2	Name: TöKimQuèc	 DelItem: Kim Phong Thanh D­¬ng Kh«i
18:31:27	 Account: vohoangvu2	Name: TöKimQuèc	 DelItem: Kim Phong Tr¹c Liªn Quang
18:31:27	 Account: vohoangvu2	Name: TöKimQuèc	 DelItem: Kim Phong §ång T­íc Xu©n Th©m
18:31:27	 Account: vohoangvu2	Name: TöKimQuèc	 DelItem: Kim Phong HËu NghÖ dÉn cung
18:31:27	 Account: vohoangvu2	Name: TöKimQuèc	 DelItem: Kim Phong Lan §×nh Ngäc
18:31:27	 Account: vohoangvu2	Name: TöKimQuèc	 DelItem: Kim Phong Kú L©n HuyÕt
18:31:27	 Account: vohoangvu2	Name: TöKimQuèc	 DelItem: Kim Phong Thiªn Lý Th¶o Th­îng Phi
18:37:48	 Account: vohoangvu1	Name: TöKimKim	 DelItem: Kim Phong §o¹t Hån Ngäc ®¸i
18:37:48	 Account: vohoangvu1	Name: TöKimKim	 DelItem: Kim Phong Lan §×nh Ngäc
18:37:48	 Account: vohoangvu1	Name: TöKimKim	 DelItem: Kim Phong Thanh D­¬ng Kh«i
18:37:48	 Account: vohoangvu1	Name: TöKimKim	 DelItem: Kim Phong Kú L©n HuyÕt
18:37:48	 Account: vohoangvu1	Name: TöKimKim	 DelItem: Kim Phong §ång T­íc Xu©n Th©m
18:37:48	 Account: vohoangvu1	Name: TöKimKim	 DelItem: Kim Phong HËu NghÖ dÉn cung
18:37:48	 Account: vohoangvu1	Name: TöKimKim	 DelItem: Kim Phong C«ng CÈn Tam Th¸n
18:37:48	 Account: vohoangvu1	Name: TöKimKim	 DelItem: Kim Phong Tr¹c Liªn Quang
18:37:48	 Account: vohoangvu1	Name: TöKimKim	 DelItem: Kim Phong Thiªn Lý Th¶o Th­îng Phi
18:42:47	 Account: thoakhungs4	Name: Boss07	 DelItem: Kim Phong §ång T­íc Xu©n Th©m
18:42:47	 Account: thoakhungs4	Name: Boss07	 DelItem: Kim Phong §o¹t Hån Ngäc ®¸i
18:42:47	 Account: thoakhungs4	Name: Boss07	 DelItem: Kim Phong HËu NghÖ dÉn cung
18:42:47	 Account: thoakhungs4	Name: Boss07	 DelItem: Kim Phong C«ng CÈn Tam Th¸n
18:42:47	 Account: thoakhungs4	Name: Boss07	 DelItem: Kim Phong Lan §×nh Ngäc
18:42:47	 Account: thoakhungs4	Name: Boss07	 DelItem: Kim Phong Thanh D­¬ng Kh«i
18:42:47	 Account: thoakhungs4	Name: Boss07	 DelItem: Kim Phong Kú L©n HuyÕt
18:42:47	 Account: thoakhungs4	Name: Boss07	 DelItem: Kim Phong Tr¹c Liªn Quang
18:42:47	 Account: thoakhungs4	Name: Boss07	 DelItem: Kim Phong Thiªn Lý Th¶o Th­îng Phi
19:53:34	 Account: bihulk01	Name: 74ÙBiÙSHXT	 DelItem: Tóc S­¬ng
20:07:27	 Account: nam92hd	Name: LµmTýLöaKh«ngEm	 DelItem: Tóc S­¬ng
20:09:27	 Account: nam92hd1	Name: LµmTýC«nKh«ngEm	 DelItem: Tóc S­¬ng
20:12:01	 Account: nam92hd2	Name: LµmTýLècKh«ngEm	 DelItem: Tóc S­¬ng
20:17:18	 Account: nam92hd3	Name: LµmTýM­aKh«ngEm	 DelItem: Tóc S­¬ng
20:18:43	 Account: nam92hd4	Name: LµmTý¤xyKh«ngEm	 DelItem: Tóc S­¬ng
20:19:55	 Account: nam92hd5	Name: LµmTýBuffKh«ngEm	 DelItem: Tóc S­¬ng
20:47:27	 Account: longyen011	Name: MrÙÙLong	 DelItem: Kim Phong C«ng CÈn Tam Th¸n
20:47:34	 Account: longyen011	Name: MrÙÙLong	 DelItem: Kim Phong §ång T­íc Xu©n Th©m
20:47:46	 Account: longyen011	Name: MrÙÙLong	 DelItem: Kim Phong Thanh D­¬ng Kh«i
20:47:53	 Account: longyen011	Name: MrÙÙLong	 DelItem: Kim Phong Kú L©n HuyÕt
20:48:15	 Account: longyen011	Name: MrÙÙLong	 DelItem: Kim Phong Thiªn Lý Th¶o Th­îng Phi
20:48:22	 Account: longyen011	Name: MrÙÙLong	 DelItem: Kim Phong HËu NghÖ dÉn cung
20:48:29	 Account: longyen011	Name: MrÙÙLong	 DelItem: Kim Phong §o¹t Hån Ngäc ®¸i
20:55:51	 Account: vunguyen1984	Name: Achoivui	 DelItem: Kim Phong §ång T­íc Xu©n Th©m
20:57:14	 Account: nam92hd	Name: LµmTýLöaKh«ngEm	 DelItem: Kim Phong Kú L©n HuyÕt
20:57:20	 Account: nam92hd	Name: LµmTýLöaKh«ngEm	 DelItem: Kim Phong Thanh D­¬ng Kh«i
21:17:27	 Account: tranhoangcham	Name: KeVoDanh113	 DelItem: Kim Phong Tr¹c Liªn Quang
22:16:06	 Account: keoxe05	Name: ÙÙÙTh«iÙÙÙ	 DelItem: Kim Phong Tr¹c Liªn Quang
22:25:34	 Account: saluci	Name: GaiXinh21	 DelItem: Kim Phong §ång T­íc Xu©n Th©m
22:25:34	 Account: saluci	Name: GaiXinh21	 DelItem: Kim Phong §o¹t Hån Ngäc ®¸i
22:25:34	 Account: saluci	Name: GaiXinh21	 DelItem: Kim Phong Lan §×nh Ngäc
22:25:34	 Account: saluci	Name: GaiXinh21	 DelItem: Kim Phong Kú L©n HuyÕt
22:25:34	 Account: saluci	Name: GaiXinh21	 DelItem: Kim Phong HËu NghÖ dÉn cung
22:25:34	 Account: saluci	Name: GaiXinh21	 DelItem: Kim Phong C«ng CÈn Tam Th¸n
22:25:34	 Account: saluci	Name: GaiXinh21	 DelItem: Kim Phong Thanh D­¬ng Kh«i
22:25:34	 Account: saluci	Name: GaiXinh21	 DelItem: Kim Phong Tr¹c Liªn Quang
22:25:34	 Account: saluci	Name: GaiXinh21	 DelItem: Kim Phong Thiªn Lý Th¶o Th­îng Phi
22:44:24	 Account: keoxe02	Name: ÙÙÙCh¬iÙÙÙ	 DelItem: Kim Phong Tr¹c Liªn Quang
22:48:45	 Account: keoxe04	Name: ÙÙÙM×nhÙÙÙ	 DelItem: Kim Phong Tr¹c Liªn Quang
23:10:14	 Account: thoakhungz7	Name: §õngHái	 DelItem: Kim Phong HËu NghÖ dÉn cung
23:10:14	 Account: thoakhungz7	Name: §õngHái	 DelItem: Kim Phong Lan §×nh Ngäc
23:10:14	 Account: thoakhungz7	Name: §õngHái	 DelItem: Kim Phong Tr¹c Liªn Quang
23:10:14	 Account: thoakhungz7	Name: §õngHái	 DelItem: Kim Phong Thiªn Lý Th¶o Th­îng Phi
23:10:14	 Account: thoakhungz7	Name: §õngHái	 DelItem: Tóc S­¬ng
23:10:37	 Account: thoakhungz7	Name: §õngHái	 DelItem: Kim Phong §o¹t Hån Ngäc ®¸i
23:10:37	 Account: thoakhungz7	Name: §õngHái	 DelItem: Kim Phong C«ng CÈn Tam Th¸n
23:10:37	 Account: thoakhungz7	Name: §õngHái	 DelItem: Kim Phong §ång T­íc Xu©n Th©m
23:10:37	 Account: thoakhungz7	Name: §õngHái	 DelItem: Kim Phong Thanh D­¬ng Kh«i
23:10:37	 Account: thoakhungz7	Name: §õngHái	 DelItem: Kim Phong Kú L©n HuyÕt
