01:39:45	 Account: huynhtrongtri13	Name: B¨ngS¸tNéiC«ng	 DelItem: Tóc S­¬ng
02:14:22	 Account: huynhtrongtri13	Name: B¨ngS¸tNéiC«ng	 DelItem: Kim Phong Tr¹c Liªn Quang
02:14:22	 Account: huynhtrongtri13	Name: B¨ngS¸tNéiC«ng	 DelItem: Kim Phong §ång T­íc Xu©n Th©m
07:36:12	 Account: bunia92	Name: Bunia90	 DelItem: Tóc S­¬ng
09:09:47	 Account: thaocanh115	Name: C«nÙL«nÙ§aoÙPh¸p	 DelItem: Tóc S­¬ng
09:11:58	 Account: minhtrand2	Name: TiÓuÙLinh	 DelItem: Kim Phong Lan §×nh Ngäc
09:14:13	 Account: thaocanh116	Name: S­ThÇyÙXuèngNói	 DelItem: Kim Phong Thiªn Lý Th¶o Th­îng Phi
09:18:20	 Account: minhtrand5	Name: LÇyÙAÙMinh	 DelItem: Kim Phong Tr¹c Liªn Quang
09:18:20	 Account: minhtrand5	Name: LÇyÙAÙMinh	 DelItem: §¹i Phong §ao
10:06:53	 Account: thaocanh117	Name: UyÓnÙNh·	 DelItem: Kim Phong Thanh D­¬ng Kh«i
10:27:45	 Account: thaocanh116	Name: S­ThÇyÙXuèngNói	 DelItem: Kim Phong Kú L©n HuyÕt
10:33:44	 Account: thaocanh116	Name: S­ThÇyÙXuèngNói	 DelItem: Kim Phong HËu NghÖ dÉn cung
10:47:02	 Account: thaocanh116	Name: S­ThÇyÙXuèngNói	 DelItem: Kim Phong §o¹t Hån Ngäc ®¸i
10:47:02	 Account: thaocanh116	Name: S­ThÇyÙXuèngNói	 DelItem: Kim Phong HËu NghÖ dÉn cung
10:47:02	 Account: thaocanh116	Name: S­ThÇyÙXuèngNói	 DelItem: Kim Phong Lan §×nh Ngäc
10:47:02	 Account: thaocanh116	Name: S­ThÇyÙXuèngNói	 DelItem: Kim Phong Tr¹c Liªn Quang
10:47:02	 Account: thaocanh116	Name: S­ThÇyÙXuèngNói	 DelItem: Kim Phong Thiªn Lý Th¶o Th­îng Phi
10:47:02	 Account: thaocanh116	Name: S­ThÇyÙXuèngNói	 DelItem: Tóc S­¬ng
10:47:02	 Account: thaocanh116	Name: S­ThÇyÙXuèngNói	 DelItem: HiÖp Cèt ThiÕt HuyÕt Sam
10:47:16	 Account: thaocanh116	Name: S­ThÇyÙXuèngNói	 DelItem: Kim Phong §ång T­íc Xu©n Th©m
10:47:16	 Account: thaocanh116	Name: S­ThÇyÙXuèngNói	 DelItem: Kim Phong C«ng CÈn Tam Th¸n
10:47:16	 Account: thaocanh116	Name: S­ThÇyÙXuèngNói	 DelItem: Kim Phong Thanh D­¬ng Kh«i
12:21:21	 Account: nonhanvd	Name: Vâ§angÙCh©nÙNh©n	 DelItem: Kim Phong §ång T­íc Xu©n Th©m
12:21:21	 Account: nonhanvd	Name: Vâ§angÙCh©nÙNh©n	 DelItem: Kim Phong §o¹t Hån Ngäc ®¸i
12:21:21	 Account: nonhanvd	Name: Vâ§angÙCh©nÙNh©n	 DelItem: Kim Phong Lan §×nh Ngäc
12:21:21	 Account: nonhanvd	Name: Vâ§angÙCh©nÙNh©n	 DelItem: Kim Phong Thanh D­¬ng Kh«i
12:21:21	 Account: nonhanvd	Name: Vâ§angÙCh©nÙNh©n	 DelItem: Kim Phong HËu NghÖ dÉn cung
12:21:21	 Account: nonhanvd	Name: Vâ§angÙCh©nÙNh©n	 DelItem: Kim Phong C«ng CÈn Tam Th¸n
12:21:21	 Account: nonhanvd	Name: Vâ§angÙCh©nÙNh©n	 DelItem: Kim Phong Kú L©n HuyÕt
12:21:21	 Account: nonhanvd	Name: Vâ§angÙCh©nÙNh©n	 DelItem: Kim Phong Tr¹c Liªn Quang
12:21:21	 Account: nonhanvd	Name: Vâ§angÙCh©nÙNh©n	 DelItem: Kim Phong Thiªn Lý Th¶o Th­îng Phi
12:21:27	 Account: nonhanvd	Name: Vâ§angÙCh©nÙNh©n	 DelItem: Tóc S­¬ng
12:32:39	 Account: huynhtrongtri14	Name: §écS¸tNgo¹iC«ng	 DelItem: Kim Phong Thanh D­¬ng Kh«i
12:32:39	 Account: huynhtrongtri14	Name: §écS¸tNgo¹iC«ng	 DelItem: Kim Phong C«ng CÈn Tam Th¸n
12:43:27	 Account: hangnitocvay2	Name: BÐÙngµnhÙJAV	 DelItem: Kim Phong Thanh D­¬ng Kh«i
12:44:05	 Account: hangnitocvay2	Name: BÐÙngµnhÙJAV	 DelItem: Kim Phong HËu NghÖ dÉn cung
12:53:45	 Account: luukt56	Name: NgoalongND	 DelItem: Kim Phong HËu NghÖ dÉn cung
12:53:54	 Account: luukt56	Name: NgoalongND	 DelItem: Kim Phong Thanh D­¬ng Kh«i
13:01:02	 Account: luukt56	Name: NgoalongND	 DelItem: Kim Phong §o¹t Hån Ngäc ®¸i
13:01:29	 Account: hangnitocvay	Name: ThiªnÙthÇnÙJAV	 DelItem: Kim Phong §ång T­íc Xu©n Th©m
13:29:52	 Account: haivl1	Name: 250716	 DelItem: Tóc S­¬ng
13:33:20	 Account: vuahtn51	Name: §¹iÙTiÓuÙNh©n	 DelItem: Tóc S­¬ng
13:33:20	 Account: vuahtn51	Name: §¹iÙTiÓuÙNh©n	 DelItem: Tóc S­¬ng
13:35:35	 Account: luukt56	Name: NgoalongND	 DelItem: Kim Phong C«ng CÈn Tam Th¸n
13:47:20	 Account: sarin1	Name: DocXinh11	 DelItem: Kim Phong Thiªn Lý Th¶o Th­îng Phi
13:47:20	 Account: sarin1	Name: DocXinh11	 DelItem: Kim Phong Tr¹c Liªn Quang
13:47:20	 Account: sarin1	Name: DocXinh11	 DelItem: Kim Phong Kú L©n HuyÕt
13:47:20	 Account: sarin1	Name: DocXinh11	 DelItem: Kim Phong C«ng CÈn Tam Th¸n
13:47:20	 Account: sarin1	Name: DocXinh11	 DelItem: Kim Phong §o¹t Hån Ngäc ®¸i
13:47:20	 Account: sarin1	Name: DocXinh11	 DelItem: Kim Phong §ång T­íc Xu©n Th©m
13:47:31	 Account: sarin1	Name: DocXinh11	 DelItem: Kim Phong Thanh D­¬ng Kh«i
13:54:14	 Account: luukt56	Name: NgoalongND	 DelItem: Kim Phong Thiªn Lý Th¶o Th­îng Phi
14:06:33	 Account: luukt56	Name: NgoalongND	 DelItem: Kim Phong Tr¹c Liªn Quang
14:20:25	 Account: sarin1	Name: DocXinh11	 DelItem: Kim Phong HËu NghÖ dÉn cung
14:27:37	 Account: sarin2	Name: DocXinh12	 DelItem: Kim Phong Kú L©n HuyÕt
14:27:37	 Account: sarin2	Name: DocXinh12	 DelItem: Kim Phong Thanh D­¬ng Kh«i
14:27:37	 Account: sarin2	Name: DocXinh12	 DelItem: Kim Phong C«ng CÈn Tam Th¸n
14:27:37	 Account: sarin2	Name: DocXinh12	 DelItem: Kim Phong HËu NghÖ dÉn cung
14:36:47	 Account: sarin1990	Name: DocDep	 DelItem: S¸ch kü n¨ng cÊp 90
14:36:47	 Account: sarin1990	Name: DocDep	 DelItem: §¹i Thµnh BÝ KÝp 90
15:28:29	 Account: vu25091990	Name: XinhGai21	 DelItem: Kim Phong Thiªn Lý Th¶o Th­îng Phi
15:28:29	 Account: vu25091990	Name: XinhGai21	 DelItem: Kim Phong Tr¹c Liªn Quang
15:28:29	 Account: vu25091990	Name: XinhGai21	 DelItem: Kim Phong Kú L©n HuyÕt
15:28:29	 Account: vu25091990	Name: XinhGai21	 DelItem: Kim Phong Thanh D­¬ng Kh«i
15:28:29	 Account: vu25091990	Name: XinhGai21	 DelItem: Kim Phong Lan §×nh Ngäc
15:28:29	 Account: vu25091990	Name: XinhGai21	 DelItem: Kim Phong C«ng CÈn Tam Th¸n
15:28:29	 Account: vu25091990	Name: XinhGai21	 DelItem: Kim Phong HËu NghÖ dÉn cung
15:28:29	 Account: vu25091990	Name: XinhGai21	 DelItem: Kim Phong §o¹t Hån Ngäc ®¸i
15:28:29	 Account: vu25091990	Name: XinhGai21	 DelItem: Kim Phong §ång T­íc Xu©n Th©m
15:48:44	 Account: vu25091990	Name: DocXinh22	 DelItem: Kim Phong §ång T­íc Xu©n Th©m
15:48:44	 Account: vu25091990	Name: DocXinh22	 DelItem: Kim Phong §o¹t Hån Ngäc ®¸i
15:48:44	 Account: vu25091990	Name: DocXinh22	 DelItem: Kim Phong HËu NghÖ dÉn cung
15:48:44	 Account: vu25091990	Name: DocXinh22	 DelItem: Kim Phong C«ng CÈn Tam Th¸n
15:48:44	 Account: vu25091990	Name: DocXinh22	 DelItem: Kim Phong Thanh D­¬ng Kh«i
15:48:44	 Account: vu25091990	Name: DocXinh22	 DelItem: Kim Phong Kú L©n HuyÕt
15:48:44	 Account: vu25091990	Name: DocXinh22	 DelItem: Kim Phong Tr¹c Liªn Quang
15:48:44	 Account: vu25091990	Name: DocXinh22	 DelItem: Kim Phong Thiªn Lý Th¶o Th­îng Phi
17:02:28	 Account: ngocbichtl	Name: ExciterTL	 DelItem: LÖnh bµi Vi S¬n ®¶o
17:02:28	 Account: ngocbichtl	Name: ExciterTL	 DelItem: LÖnh bµi Vi S¬n ®¶o
17:02:28	 Account: ngocbichtl	Name: ExciterTL	 DelItem: LÖnh bµi Vi S¬n ®¶o
17:02:28	 Account: ngocbichtl	Name: ExciterTL	 DelItem: §å phæ Hoµng Kim - §Þnh Quèc ¤ Sa Ph¸t Qu¸n
17:02:28	 Account: ngocbichtl	Name: ExciterTL	 DelItem: §å phæ Hoµng Kim - An Bang §iÒn Hoµng Th¹ch Ngäc Béi
17:02:28	 Account: ngocbichtl	Name: ExciterTL	 DelItem: LÖnh bµi Phong L¨ng §é
17:02:28	 Account: ngocbichtl	Name: ExciterTL	 DelItem: §¹i Thµnh BÝ KÝp 90
17:02:28	 Account: ngocbichtl	Name: ExciterTL	 DelItem: D©y Thõng
17:02:28	 Account: ngocbichtl	Name: ExciterTL	 DelItem: LÖnh bµi Vi S¬n ®¶o
17:02:28	 Account: ngocbichtl	Name: ExciterTL	 DelItem: LÖnh bµi Vi S¬n ®¶o
17:02:28	 Account: ngocbichtl	Name: ExciterTL	 DelItem: §å phæ Hoµng Kim - An Bang Cóc Hoa Th¹ch ChØ hoµn
17:02:28	 Account: ngocbichtl	Name: ExciterTL	 DelItem: LÖnh bµi Vi S¬n ®¶o
17:02:28	 Account: ngocbichtl	Name: ExciterTL	 DelItem: §å phæ Hoµng Kim - §Þnh Quèc Tö §»ng Hé uyÓn
17:02:28	 Account: ngocbichtl	Name: ExciterTL	 DelItem: LÖnh bµi Vi S¬n ®¶o
17:02:28	 Account: ngocbichtl	Name: ExciterTL	 DelItem: LÖnh bµi Vi S¬n ®¶o
17:02:28	 Account: ngocbichtl	Name: ExciterTL	 DelItem: §å phæ Hoµng Kim - §Þnh Quèc XÝch Quyªn NhuyÔn Ngoa
17:02:28	 Account: ngocbichtl	Name: ExciterTL	 DelItem: §å phæ Hoµng Kim - §Þnh Quèc Ng©n Tµm Yªu ®¸i
17:03:30	 Account: ngocbichtl	Name: ExciterTL	 DelItem: LÖnh bµi Vi S¬n ®¶o
17:03:30	 Account: ngocbichtl	Name: ExciterTL	 DelItem: D©y Thõng
17:03:30	 Account: ngocbichtl	Name: ExciterTL	 DelItem: Cuén Kim ChØ
17:03:30	 Account: ngocbichtl	Name: ExciterTL	 DelItem: TÊm V¶i §á
17:03:30	 Account: ngocbichtl	Name: ExciterTL	 DelItem: Cuén Kim ChØ
17:03:30	 Account: ngocbichtl	Name: ExciterTL	 DelItem: Sao Vµng
17:03:30	 Account: ngocbichtl	Name: ExciterTL	 DelItem: §å phæ Hoµng Kim - §Þnh Quèc Thanh Sa Tr­êng Sam
17:03:30	 Account: ngocbichtl	Name: ExciterTL	 DelItem: TÊm V¶i §á
17:03:30	 Account: ngocbichtl	Name: ExciterTL	 DelItem: Sao Vµng
17:03:30	 Account: ngocbichtl	Name: ExciterTL	 DelItem: L¸ Cê ChiÕn Th¾ng
17:03:30	 Account: ngocbichtl	Name: ExciterTL	 DelItem: §å phæ Hoµng Kim - An Bang Kª HuyÕt Th¹ch Giíi ChØ 
17:48:44	 Account: ngocbichtl	Name: ExciterTL	 DelItem: Tóc S­¬ng
17:57:49	 Account: hieuadnew	Name: AdminÙSHXT	 DelItem: §¹i Phong §ao
17:57:49	 Account: hieuadnew	Name: AdminÙSHXT	 DelItem: §¹i Phong §ao
17:57:49	 Account: hieuadnew	Name: AdminÙSHXT	 DelItem: §¹i Phong §ao
17:57:49	 Account: hieuadnew	Name: AdminÙSHXT	 DelItem: Hoa Quèc Kh¸nh
17:57:49	 Account: hieuadnew	Name: AdminÙSHXT	 DelItem: D©y Buéc Hoa
17:57:49	 Account: hieuadnew	Name: AdminÙSHXT	 DelItem: M¶nh §iÒn Hoµng Th¹ch Ngäc Béi (2/6) 
17:57:49	 Account: hieuadnew	Name: AdminÙSHXT	 DelItem: Cuén Kim ChØ
17:57:49	 Account: hieuadnew	Name: AdminÙSHXT	 DelItem: TÊm V¶i §á
17:57:49	 Account: hieuadnew	Name: AdminÙSHXT	 DelItem: Sao Vµng
17:57:49	 Account: hieuadnew	Name: AdminÙSHXT	 DelItem: Cuén Kim ChØ
17:57:49	 Account: hieuadnew	Name: AdminÙSHXT	 DelItem: TÊm V¶i §á
17:57:49	 Account: hieuadnew	Name: AdminÙSHXT	 DelItem: Sao Vµng
17:58:14	 Account: hieuadnew	Name: AdminÙSHXT	 DelItem: MËt ®å thÇn bÝ 
17:58:14	 Account: hieuadnew	Name: AdminÙSHXT	 DelItem: LÖnh bµi Vi S¬n ®¶o
17:58:14	 Account: hieuadnew	Name: AdminÙSHXT	 DelItem: §¹i Thµnh BÝ KÝp 90
17:58:14	 Account: hieuadnew	Name: AdminÙSHXT	 DelItem: LÖnh bµi Vi S¬n ®¶o
17:58:14	 Account: hieuadnew	Name: AdminÙSHXT	 DelItem: Tiªn Th¶o Lé ®Æc biÖt
17:58:14	 Account: hieuadnew	Name: AdminÙSHXT	 DelItem: Cuén Kim ChØ
17:58:36	 Account: hieuadnew	Name: AdminÙSHXT	 DelItem:  §å phæ Hoµng Kim - An Bang Kª HuyÕt Th¹ch Giíi ChØ 
17:58:36	 Account: hieuadnew	Name: AdminÙSHXT	 DelItem:  §å phæ Hoµng Kim - An Bang §iÒn Hoµng Th¹ch Ngäc Béi
17:58:36	 Account: hieuadnew	Name: AdminÙSHXT	 DelItem:  §å phæ Hoµng Kim - An Bang B¨ng Tinh Th¹ch H¹ng Liªn
17:58:36	 Account: hieuadnew	Name: AdminÙSHXT	 DelItem: LÖnh bµi Vi S¬n ®¶o
17:59:00	 Account: hieuadnew	Name: AdminÙSHXT	 DelItem: B¨ng th¹ch kÕt tinh
17:59:00	 Account: hieuadnew	Name: AdminÙSHXT	 DelItem: Lam Thñy Tinh
17:59:00	 Account: hieuadnew	Name: AdminÙSHXT	 DelItem: Tiªn Th¶o Lé 
17:59:34	 Account: xebmt002	Name: XeÙN­ícÙMÝa2	 DelItem: Tóc S­¬ng
18:27:18	 Account: ngocbichtl	Name: ExciterTL	 DelItem: Kim Phong §ång T­íc Xu©n Th©m
18:27:18	 Account: ngocbichtl	Name: ExciterTL	 DelItem: Kim Phong C«ng CÈn Tam Th¸n
18:27:18	 Account: ngocbichtl	Name: ExciterTL	 DelItem: Kim Phong Lan §×nh Ngäc
18:27:18	 Account: ngocbichtl	Name: ExciterTL	 DelItem: Kim Phong Tr¹c Liªn Quang
18:45:20	 Account: ngocbichtl	Name: ExciterTL	 DelItem: Kim Phong Thiªn Lý Th¶o Th­îng Phi
18:45:20	 Account: ngocbichtl	Name: ExciterTL	 DelItem: Kim Phong Kú L©n HuyÕt
18:45:20	 Account: ngocbichtl	Name: ExciterTL	 DelItem: Kim Phong Thanh D­¬ng Kh«i
18:45:20	 Account: ngocbichtl	Name: ExciterTL	 DelItem: Kim Phong §o¹t Hån Ngäc ®¸i
18:47:45	 Account: nonhandl	Name: NhËmÙNg·ÙHµnhÙ	 DelItem: Kim Phong HËu NghÖ dÉn cung
19:02:07	 Account: vodaigiau1	Name: SennyBui6692	 DelItem: Tóc S­¬ng
19:08:16	 Account: vodaigiau2	Name: ÙN¸tÙAssÙConÙRåi	 DelItem: Tóc S­¬ng
19:08:25	 Account: vodaigiau2	Name: ÙN¸tÙAssÙConÙRåi	 DelItem: Tóc S­¬ng
19:16:29	 Account: vodaigiau4	Name: ÙBeDauConRoi	 DelItem: Tóc S­¬ng
19:54:15	 Account: hieuadnew	Name: AdminÙSHXT	 DelItem:  §å phæ Hoµng Kim - §Þnh Quèc Tö §»ng Hé uyÓn
19:54:15	 Account: hieuadnew	Name: AdminÙSHXT	 DelItem:  §å phæ Hoµng Kim - §Þnh Quèc Thanh Sa Tr­êng Sam
19:54:15	 Account: hieuadnew	Name: AdminÙSHXT	 DelItem:  §å phæ Hoµng Kim - §Þnh Quèc Ng©n Tµm Yªu ®¸i
19:54:15	 Account: hieuadnew	Name: AdminÙSHXT	 DelItem:  §å phæ Hoµng Kim - §Þnh Quèc Tö §»ng Hé uyÓn
19:54:15	 Account: hieuadnew	Name: AdminÙSHXT	 DelItem:  §å phæ Hoµng Kim - §Þnh Quèc XÝch Quyªn NhuyÔn Ngoa
19:54:15	 Account: hieuadnew	Name: AdminÙSHXT	 DelItem:  §å phæ Hoµng Kim - §Þnh Quèc ¤ Sa Ph¸t Qu¸n
19:54:15	 Account: hieuadnew	Name: AdminÙSHXT	 DelItem: Phï Dung Nguyªn Th¹ch 
20:38:27	 Account: xuxuka16	Name: SenNa16	 DelItem: Kim Phong Thanh D­¬ng Kh«i
20:38:27	 Account: xuxuka16	Name: SenNa16	 DelItem: Kim Phong Kú L©n HuyÕt
20:38:27	 Account: xuxuka16	Name: SenNa16	 DelItem: Kim Phong Thiªn Lý Th¶o Th­îng Phi
20:38:36	 Account: xuxuka16	Name: SenNa16	 DelItem: Kim Phong §ång T­íc Xu©n Th©m
20:38:36	 Account: xuxuka16	Name: SenNa16	 DelItem: Kim Phong §o¹t Hån Ngäc ®¸i
20:38:36	 Account: xuxuka16	Name: SenNa16	 DelItem: Kim Phong HËu NghÖ dÉn cung
20:38:36	 Account: xuxuka16	Name: SenNa16	 DelItem: Kim Phong C«ng CÈn Tam Th¸n
20:38:36	 Account: xuxuka16	Name: SenNa16	 DelItem: Kim Phong Lan §×nh Ngäc
20:38:36	 Account: xuxuka16	Name: SenNa16	 DelItem: Kim Phong Tr¹c Liªn Quang
20:54:40	 Account: xuxuka20	Name: OÙNyÙNogÙNoiÙO	 DelItem: Kim Phong Tr¹c Liªn Quang
20:54:40	 Account: xuxuka20	Name: OÙNyÙNogÙNoiÙO	 DelItem: Kim Phong Kú L©n HuyÕt
20:54:40	 Account: xuxuka20	Name: OÙNyÙNogÙNoiÙO	 DelItem: Kim Phong Thanh D­¬ng Kh«i
20:54:40	 Account: xuxuka20	Name: OÙNyÙNogÙNoiÙO	 DelItem: Kim Phong Lan §×nh Ngäc
20:54:40	 Account: xuxuka20	Name: OÙNyÙNogÙNoiÙO	 DelItem: Kim Phong HËu NghÖ dÉn cung
20:54:40	 Account: xuxuka20	Name: OÙNyÙNogÙNoiÙO	 DelItem: Kim Phong §ång T­íc Xu©n Th©m
20:56:58	 Account: huyenuyqs	Name: RångconÙ	 DelItem: Kim Phong Lan §×nh Ngäc
20:56:58	 Account: huyenuyqs	Name: RångconÙ	 DelItem: Kim Phong Kú L©n HuyÕt
20:57:18	 Account: huyenuyqs	Name: RångconÙ	 DelItem: Kim Phong §ång T­íc Xu©n Th©m
20:57:18	 Account: huyenuyqs	Name: RångconÙ	 DelItem: Kim Phong §o¹t Hån Ngäc ®¸i
20:57:18	 Account: huyenuyqs	Name: RångconÙ	 DelItem: Kim Phong Thanh D­¬ng Kh«i
20:57:18	 Account: huyenuyqs	Name: RångconÙ	 DelItem: Kim Phong Tr¹c Liªn Quang
20:57:18	 Account: huyenuyqs	Name: RångconÙ	 DelItem: Kim Phong Thiªn Lý Th¶o Th­îng Phi
20:57:18	 Account: huyenuyqs	Name: RångconÙ	 DelItem: Kim Phong Tr¹c Liªn Quang
21:29:54	 Account: tuanlovekun2	Name: SanBoss123	 DelItem: Tóc S­¬ng
21:50:30	 Account: sangtpbrvt	Name: SangTp	 DelItem: Kim Phong C«ng CÈn Tam Th¸n
21:53:55	 Account: vu25091990	Name: DocXinh23	 DelItem: Kim Phong Thiªn Lý Th¶o Th­îng Phi
21:53:55	 Account: vu25091990	Name: DocXinh23	 DelItem: Kim Phong Tr¹c Liªn Quang
21:53:55	 Account: vu25091990	Name: DocXinh23	 DelItem: Kim Phong Kú L©n HuyÕt
21:53:55	 Account: vu25091990	Name: DocXinh23	 DelItem: Kim Phong Thanh D­¬ng Kh«i
21:53:55	 Account: vu25091990	Name: DocXinh23	 DelItem: Kim Phong C«ng CÈn Tam Th¸n
21:53:55	 Account: vu25091990	Name: DocXinh23	 DelItem: Kim Phong HËu NghÖ dÉn cung
21:53:55	 Account: vu25091990	Name: DocXinh23	 DelItem: Kim Phong §o¹t Hån Ngäc ®¸i
21:53:55	 Account: vu25091990	Name: DocXinh23	 DelItem: Kim Phong §ång T­íc Xu©n Th©m
22:14:09	 Account: sarin	Name: DocXinh6	 DelItem: Kim Phong Thiªn Lý Th¶o Th­îng Phi
22:14:09	 Account: sarin	Name: DocXinh6	 DelItem: Kim Phong Tr¹c Liªn Quang
22:14:09	 Account: sarin	Name: DocXinh6	 DelItem: Kim Phong Kú L©n HuyÕt
22:14:09	 Account: sarin	Name: DocXinh6	 DelItem: Kim Phong Thanh D­¬ng Kh«i
22:14:09	 Account: sarin	Name: DocXinh6	 DelItem: Kim Phong C«ng CÈn Tam Th¸n
22:14:09	 Account: sarin	Name: DocXinh6	 DelItem: Kim Phong HËu NghÖ dÉn cung
22:14:09	 Account: sarin	Name: DocXinh6	 DelItem: Kim Phong §o¹t Hån Ngäc ®¸i
22:14:09	 Account: sarin	Name: DocXinh6	 DelItem: Kim Phong §ång T­íc Xu©n Th©m
22:14:51	 Account: mapdl1	Name: §¹tÙMa	 DelItem: Tóc S­¬ng
22:27:30	 Account: ngocbichdm	Name: ExciTer	 DelItem: Tóc S­¬ng
22:27:30	 Account: ngocbichdm	Name: ExciTer	 DelItem: Kim Phong Kú L©n HuyÕt
22:27:47	 Account: ngocbichdm	Name: ExciTer	 DelItem: Kim Phong §o¹t Hån Ngäc ®¸i
22:27:47	 Account: ngocbichdm	Name: ExciTer	 DelItem: Kim Phong HËu NghÖ dÉn cung
22:27:47	 Account: ngocbichdm	Name: ExciTer	 DelItem: Kim Phong C«ng CÈn Tam Th¸n
22:27:47	 Account: ngocbichdm	Name: ExciTer	 DelItem: Kim Phong Lan §×nh Ngäc
22:27:47	 Account: ngocbichdm	Name: ExciTer	 DelItem: Kim Phong Thanh D­¬ng Kh«i
22:27:47	 Account: ngocbichdm	Name: ExciTer	 DelItem: Kim Phong Tr¹c Liªn Quang
22:27:47	 Account: ngocbichdm	Name: ExciTer	 DelItem: Kim Phong Thiªn Lý Th¶o Th­îng Phi
22:27:54	 Account: ngocbichdm	Name: ExciTer	 DelItem: Kim Phong §ång T­íc Xu©n Th©m
22:31:22	 Account: tuanlovekun3	Name: 4StÙThiªnÙNhÉn	 DelItem: Kim Phong §ång T­íc Xu©n Th©m
22:31:22	 Account: tuanlovekun3	Name: 4StÙThiªnÙNhÉn	 DelItem: Kim Phong §o¹t Hån Ngäc ®¸i
22:31:22	 Account: tuanlovekun3	Name: 4StÙThiªnÙNhÉn	 DelItem: Kim Phong HËu NghÖ dÉn cung
22:31:22	 Account: tuanlovekun3	Name: 4StÙThiªnÙNhÉn	 DelItem: Kim Phong Tr¹c Liªn Quang
22:31:22	 Account: tuanlovekun3	Name: 4StÙThiªnÙNhÉn	 DelItem: Kim Phong Lan §×nh Ngäc
22:43:51	 Account: ngocbichdm	Name: ExciTer	 DelItem: LÖnh bµi Vi S¬n ®¶o
22:43:51	 Account: ngocbichdm	Name: ExciTer	 DelItem: LÖnh bµi Vi S¬n ®¶o
22:43:51	 Account: ngocbichdm	Name: ExciTer	 DelItem: QuÕ Hoa Töu
22:43:51	 Account: ngocbichdm	Name: ExciTer	 DelItem: Tinh Hång B¶o Th¹ch
22:43:51	 Account: ngocbichdm	Name: ExciTer	 DelItem: M¶nh §Þnh Quèc XÝch Quyªn NhuyÔn Ngoa (4/4) 
22:43:51	 Account: ngocbichdm	Name: ExciTer	 DelItem: §å phæ Hoµng Kim - §Þnh Quèc Thanh Sa Tr­êng Sam
22:43:51	 Account: ngocbichdm	Name: ExciTer	 DelItem: LÖnh bµi Vi S¬n ®¶o
22:43:51	 Account: ngocbichdm	Name: ExciTer	 DelItem: LÖnh bµi Vi S¬n ®¶o
22:43:51	 Account: ngocbichdm	Name: ExciTer	 DelItem: Phóc Duyªn Lé (TiÓu) 
22:43:51	 Account: ngocbichdm	Name: ExciTer	 DelItem: §å phæ Hoµng Kim - An Bang §iÒn Hoµng Th¹ch Ngäc Béi
22:43:51	 Account: ngocbichdm	Name: ExciTer	 DelItem: Lam Thñy Tinh
22:43:51	 Account: ngocbichdm	Name: ExciTer	 DelItem: §å phæ Hoµng Kim - An Bang Cóc Hoa Th¹ch ChØ hoµn
22:43:51	 Account: ngocbichdm	Name: ExciTer	 DelItem: M¶nh §Þnh Quèc Ng©n Tµm Yªu ®¸i (3/4) 
22:43:51	 Account: ngocbichdm	Name: ExciTer	 DelItem: M¶nh §iÒn Hoµng Th¹ch Ngäc Béi (3/6) 
22:43:51	 Account: ngocbichdm	Name: ExciTer	 DelItem: M¶nh Nhu T×nh Thôc N÷ H¹ng Liªn (4/4) 
22:43:51	 Account: ngocbichdm	Name: ExciTer	 DelItem: M¶nh §iÒn Hoµng Th¹ch Ngäc Béi (6/6) 
22:43:51	 Account: ngocbichdm	Name: ExciTer	 DelItem: §å phæ Hoµng Kim - An Bang B¨ng Tinh Th¹ch H¹ng Liªn
22:43:51	 Account: ngocbichdm	Name: ExciTer	 DelItem: Tiªn Th¶o Lé ®Æc biÖt
22:43:51	 Account: ngocbichdm	Name: ExciTer	 DelItem: Lam Thñy Tinh
22:43:51	 Account: ngocbichdm	Name: ExciTer	 DelItem: LÖnh bµi Vi S¬n ®¶o
22:43:51	 Account: ngocbichdm	Name: ExciTer	 DelItem: §¹i Thµnh BÝ KÝp 90
22:45:17	 Account: ngocbichdm	Name: ExciTer	 DelItem: Tö Thñy Tinh
22:45:17	 Account: ngocbichdm	Name: ExciTer	 DelItem: Tinh Hång B¶o Th¹ch
22:45:17	 Account: ngocbichdm	Name: ExciTer	 DelItem: M¶nh HiÖp Cèt ThiÕt HuyÕt Sam (1/4) 
22:45:17	 Account: ngocbichdm	Name: ExciTer	 DelItem: M¶nh Nhu T×nh  TuÖ T©m Ngäc Béi (4/4) 
22:45:17	 Account: ngocbichdm	Name: ExciTer	 DelItem: Tö Thñy Tinh
22:45:17	 Account: ngocbichdm	Name: ExciTer	 DelItem: M¶nh HuyÕt Th¹ch Giíi ChØ (6/6) 
22:45:17	 Account: ngocbichdm	Name: ExciTer	 DelItem: Tö Thñy Tinh
22:45:17	 Account: ngocbichdm	Name: ExciTer	 DelItem: Lôc Thñy Tinh
22:45:17	 Account: ngocbichdm	Name: ExciTer	 DelItem: M¶nh HiÖp Cèt T×nh ý KÕt (2/6) 
22:45:17	 Account: ngocbichdm	Name: ExciTer	 DelItem: M¶nh §iÒn Hoµng Th¹ch Ngäc Béi (1/6) 
22:45:17	 Account: ngocbichdm	Name: ExciTer	 DelItem: M¶nh §Þnh Quèc XÝch Quyªn NhuyÔn Ngoa (1/4) 
22:45:17	 Account: ngocbichdm	Name: ExciTer	 DelItem: M¶nh HiÖp Cèt §an T©m Giíi (1/4) 
22:45:17	 Account: ngocbichdm	Name: ExciTer	 DelItem: M¶nh Cóc Hoa Th¹ch ChØ hoµn (5/6) 
22:45:17	 Account: ngocbichdm	Name: ExciTer	 DelItem: §¹i Thµnh BÝ KÝp 90
22:45:17	 Account: ngocbichdm	Name: ExciTer	 DelItem: Tö Thñy Tinh
22:45:17	 Account: ngocbichdm	Name: ExciTer	 DelItem: Thiªn s¬n B¶o Lé 
22:45:17	 Account: ngocbichdm	Name: ExciTer	 DelItem: Lôc Thñy Tinh
22:45:17	 Account: ngocbichdm	Name: ExciTer	 DelItem: M¶nh ¤ Sa Ph¸t Qu¸n (3/6) 
22:45:17	 Account: ngocbichdm	Name: ExciTer	 DelItem: Lôc Thñy Tinh
22:45:17	 Account: ngocbichdm	Name: ExciTer	 DelItem: M¶nh HiÖp Cèt §a T×nh Hoµn (2/4) 
22:45:17	 Account: ngocbichdm	Name: ExciTer	 DelItem: Tö Thñy Tinh
22:45:17	 Account: ngocbichdm	Name: ExciTer	 DelItem: Lôc Thñy Tinh
22:46:36	 Account: ngocbichdm	Name: ExciTer	 DelItem: Tinh Hång B¶o Th¹ch
22:46:36	 Account: ngocbichdm	Name: ExciTer	 DelItem: Lôc Thñy Tinh
22:46:36	 Account: ngocbichdm	Name: ExciTer	 DelItem: M¶nh §Þnh Quèc Ng©n Tµm Yªu ®¸i (3/4) 
22:46:36	 Account: ngocbichdm	Name: ExciTer	 DelItem: Tinh Hång B¶o Th¹ch
22:46:36	 Account: ngocbichdm	Name: ExciTer	 DelItem: M¶nh HiÖp Cèt ThiÕt HuyÕt Sam (3/4) 
22:46:36	 Account: ngocbichdm	Name: ExciTer	 DelItem: M¶nh HiÖp Cèt §an T©m Giíi (3/4) 
22:46:36	 Account: ngocbichdm	Name: ExciTer	 DelItem: M¶nh C©n Quèc Nghª Th­êng (6/6) 
22:46:36	 Account: ngocbichdm	Name: ExciTer	 DelItem: M¶nh HiÖp Cèt ThiÕt HuyÕt Sam (1/4) 
22:46:36	 Account: ngocbichdm	Name: ExciTer	 DelItem: LÖnh bµi Vi S¬n ®¶o
22:46:36	 Account: ngocbichdm	Name: ExciTer	 DelItem: §¹i Thµnh BÝ KÝp 90
22:46:36	 Account: ngocbichdm	Name: ExciTer	 DelItem: Tinh Hång B¶o Th¹ch
22:46:36	 Account: ngocbichdm	Name: ExciTer	 DelItem: §å phæ Hoµng Kim - An Bang B¨ng Tinh Th¹ch H¹ng Liªn
22:46:36	 Account: ngocbichdm	Name: ExciTer	 DelItem: LÖnh bµi Vi S¬n ®¶o
22:46:36	 Account: ngocbichdm	Name: ExciTer	 DelItem: Tiªn Th¶o Lé ®Æc biÖt
22:46:36	 Account: ngocbichdm	Name: ExciTer	 DelItem: M¶nh HiÖp Cèt T×nh ý KÕt (4/6) 
22:46:36	 Account: ngocbichdm	Name: ExciTer	 DelItem: M¶nh §Þnh Quèc XÝch Quyªn NhuyÔn Ngoa (3/4) 
22:46:36	 Account: ngocbichdm	Name: ExciTer	 DelItem: M¶nh §Þnh Quèc Tö §»ng Hé uyÓn (3/4) 
22:46:36	 Account: ngocbichdm	Name: ExciTer	 DelItem: M¶nh §Þnh Quèc Thanh Sa Tr­êng Sam (1/4) 
22:46:36	 Account: ngocbichdm	Name: ExciTer	 DelItem: §å phæ Hoµng Kim - §Þnh Quèc XÝch Quyªn NhuyÔn Ngoa
22:46:36	 Account: ngocbichdm	Name: ExciTer	 DelItem: LÖnh bµi Vi S¬n ®¶o
22:46:36	 Account: ngocbichdm	Name: ExciTer	 DelItem: Lam Thñy Tinh
22:47:31	 Account: ngocbichdm	Name: ExciTer	 DelItem: Tinh Hång B¶o Th¹ch
22:47:31	 Account: ngocbichdm	Name: ExciTer	 DelItem: M¶nh HuyÕt Th¹ch Giíi ChØ (6/6) 
22:47:31	 Account: ngocbichdm	Name: ExciTer	 DelItem: LÖnh bµi Vi S¬n ®¶o
22:47:31	 Account: ngocbichdm	Name: ExciTer	 DelItem: §å phæ Hoµng Kim - An Bang Kª HuyÕt Th¹ch Giíi ChØ 
22:47:31	 Account: ngocbichdm	Name: ExciTer	 DelItem: LÖnh bµi Vi S¬n ®¶o
22:47:31	 Account: ngocbichdm	Name: ExciTer	 DelItem: QuÕ Hoa Töu
22:47:31	 Account: ngocbichdm	Name: ExciTer	 DelItem: Tinh Hång B¶o Th¹ch
22:47:31	 Account: ngocbichdm	Name: ExciTer	 DelItem: Tinh Hång B¶o Th¹ch
22:47:31	 Account: ngocbichdm	Name: ExciTer	 DelItem: §å phæ Hoµng Kim - §Þnh Quèc ¤ Sa Ph¸t Qu¸n
22:47:31	 Account: ngocbichdm	Name: ExciTer	 DelItem: LÖnh bµi Vi S¬n ®¶o
22:47:31	 Account: ngocbichdm	Name: ExciTer	 DelItem: §å phæ Hoµng Kim - An Bang §iÒn Hoµng Th¹ch Ngäc Béi
22:47:31	 Account: ngocbichdm	Name: ExciTer	 DelItem: LÖnh bµi Vi S¬n ®¶o
22:47:31	 Account: ngocbichdm	Name: ExciTer	 DelItem: §¹i Thµnh BÝ KÝp 120
22:47:31	 Account: ngocbichdm	Name: ExciTer	 DelItem: Tinh Hång B¶o Th¹ch
22:47:31	 Account: ngocbichdm	Name: ExciTer	 DelItem: LÖnh bµi Vi S¬n ®¶o
22:47:31	 Account: ngocbichdm	Name: ExciTer	 DelItem: LÖnh bµi Vi S¬n ®¶o
22:47:31	 Account: ngocbichdm	Name: ExciTer	 DelItem: Tiªn Th¶o Lé 
22:47:31	 Account: ngocbichdm	Name: ExciTer	 DelItem: LÖnh bµi Vi S¬n ®¶o
22:47:31	 Account: ngocbichdm	Name: ExciTer	 DelItem: LÖnh bµi Vi S¬n ®¶o
22:47:31	 Account: ngocbichdm	Name: ExciTer	 DelItem: LÖnh bµi Phong L¨ng §é
22:49:15	 Account: ngocbichdm	Name: ExciTer	 DelItem: M¶nh C©n Quèc Nghª Th­êng (4/6) 
22:49:15	 Account: ngocbichdm	Name: ExciTer	 DelItem: §¹i Thµnh BÝ KÝp 90
22:49:15	 Account: ngocbichdm	Name: ExciTer	 DelItem: Tinh Hång B¶o Th¹ch
22:49:15	 Account: ngocbichdm	Name: ExciTer	 DelItem: LÖnh bµi Phong L¨ng §é
22:49:15	 Account: ngocbichdm	Name: ExciTer	 DelItem: §å phæ Hoµng Kim - §Þnh Quèc Thanh Sa Tr­êng Sam
22:49:15	 Account: ngocbichdm	Name: ExciTer	 DelItem: Tinh Hång B¶o Th¹ch
22:49:15	 Account: ngocbichdm	Name: ExciTer	 DelItem: Tinh Hång B¶o Th¹ch
22:49:15	 Account: ngocbichdm	Name: ExciTer	 DelItem: LÖnh bµi Vi S¬n ®¶o
22:49:15	 Account: ngocbichdm	Name: ExciTer	 DelItem: Tinh Hång B¶o Th¹ch
22:49:15	 Account: ngocbichdm	Name: ExciTer	 DelItem: M¶nh HiÖp Cèt §an T©m Giíi (4/4) 
22:49:15	 Account: ngocbichdm	Name: ExciTer	 DelItem: M¶nh HiÖp Cèt §a T×nh Hoµn (4/4) 
22:49:15	 Account: ngocbichdm	Name: ExciTer	 DelItem: Tiªn Th¶o Lé ®Æc biÖt
22:49:15	 Account: ngocbichdm	Name: ExciTer	 DelItem: Tiªn Th¶o Lé 
22:49:15	 Account: ngocbichdm	Name: ExciTer	 DelItem: Tinh Hång B¶o Th¹ch
22:49:15	 Account: ngocbichdm	Name: ExciTer	 DelItem: LÖnh bµi Vi S¬n ®¶o
22:49:15	 Account: ngocbichdm	Name: ExciTer	 DelItem: LÖnh bµi Vi S¬n ®¶o
22:49:15	 Account: ngocbichdm	Name: ExciTer	 DelItem: M¶nh ¤ Sa Ph¸t Qu¸n (1/6) 
22:49:15	 Account: ngocbichdm	Name: ExciTer	 DelItem: LÖnh bµi Vi S¬n ®¶o
22:49:15	 Account: ngocbichdm	Name: ExciTer	 DelItem: Thiªn s¬n B¶o Lé 
22:49:15	 Account: ngocbichdm	Name: ExciTer	 DelItem: §å phæ Hoµng Kim - §Þnh Quèc Tö §»ng Hé uyÓn
22:49:33	 Account: ngocbichdm	Name: ExciTer	 DelItem: M¶nh HiÖp Cèt T×nh ý KÕt (4/6) 
22:49:33	 Account: ngocbichdm	Name: ExciTer	 DelItem: §¹i Thµnh BÝ KÝp 120
22:59:55	 Account: thoakhungzz1	Name: NgäcKúL©n	 DelItem: Tóc S­¬ng
23:04:43	 Account: sarin	Name: DocXinh7	 DelItem: Kim Phong §ång T­íc Xu©n Th©m
23:04:43	 Account: sarin	Name: DocXinh7	 DelItem: Kim Phong §o¹t Hån Ngäc ®¸i
23:04:43	 Account: sarin	Name: DocXinh7	 DelItem: Kim Phong HËu NghÖ dÉn cung
23:04:43	 Account: sarin	Name: DocXinh7	 DelItem: Kim Phong C«ng CÈn Tam Th¸n
23:04:43	 Account: sarin	Name: DocXinh7	 DelItem: Kim Phong Thanh D­¬ng Kh«i
23:04:43	 Account: sarin	Name: DocXinh7	 DelItem: Kim Phong Kú L©n HuyÕt
23:04:43	 Account: sarin	Name: DocXinh7	 DelItem: Kim Phong Tr¹c Liªn Quang
23:04:43	 Account: sarin	Name: DocXinh7	 DelItem: Kim Phong Thiªn Lý Th¶o Th­îng Phi
23:05:58	 Account: building1987bmt	Name: ÙTayÙCh¬iÙBèÙGiµ	 DelItem: Kim Phong HËu NghÖ dÉn cung
23:06:04	 Account: thoakhungzz4	Name: H¾cKúL©n	 DelItem: Tóc S­¬ng
23:12:54	 Account: thoakhungzz1	Name: NgäcKúL©n	 DelItem: Kim Phong §o¹t Hån Ngäc ®¸i
23:12:54	 Account: thoakhungzz1	Name: NgäcKúL©n	 DelItem: Kim Phong HËu NghÖ dÉn cung
23:12:54	 Account: thoakhungzz1	Name: NgäcKúL©n	 DelItem: Kim Phong Thanh D­¬ng Kh«i
23:12:54	 Account: thoakhungzz1	Name: NgäcKúL©n	 DelItem: Kim Phong Kú L©n HuyÕt
23:12:54	 Account: thoakhungzz1	Name: NgäcKúL©n	 DelItem: Kim Phong Tr¹c Liªn Quang
23:12:54	 Account: thoakhungzz1	Name: NgäcKúL©n	 DelItem: Tóc S­¬ng
23:13:03	 Account: thoakhungzz1	Name: NgäcKúL©n	 DelItem: Kim Phong §ång T­íc Xu©n Th©m
23:13:03	 Account: thoakhungzz1	Name: NgäcKúL©n	 DelItem: Kim Phong C«ng CÈn Tam Th¸n
23:13:03	 Account: thoakhungzz1	Name: NgäcKúL©n	 DelItem: Kim Phong Lan §×nh Ngäc
23:13:03	 Account: thoakhungzz1	Name: NgäcKúL©n	 DelItem: Kim Phong Thiªn Lý Th¶o Th­îng Phi
23:13:43	 Account: thoakhungzz2	Name: NM®Çubß	 DelItem: Kim Phong §o¹t Hån Ngäc ®¸i
23:13:43	 Account: thoakhungzz2	Name: NM®Çubß	 DelItem: Kim Phong Thanh D­¬ng Kh«i
23:13:43	 Account: thoakhungzz2	Name: NM®Çubß	 DelItem: Kim Phong Kú L©n HuyÕt
23:13:43	 Account: thoakhungzz2	Name: NM®Çubß	 DelItem: Kim Phong Tr¹c Liªn Quang
23:13:43	 Account: thoakhungzz2	Name: NM®Çubß	 DelItem: Tóc S­¬ng
23:13:43	 Account: thoakhungzz2	Name: NM®Çubß	 DelItem: Kim Phong Thiªn Lý Th¶o Th­îng Phi
23:13:51	 Account: thoakhungzz2	Name: NM®Çubß	 DelItem: Kim Phong §ång T­íc Xu©n Th©m
23:13:51	 Account: thoakhungzz2	Name: NM®Çubß	 DelItem: Kim Phong HËu NghÖ dÉn cung
23:13:51	 Account: thoakhungzz2	Name: NM®Çubß	 DelItem: Kim Phong C«ng CÈn Tam Th¸n
23:13:51	 Account: thoakhungzz2	Name: NM®Çubß	 DelItem: Kim Phong Lan §×nh Ngäc
23:14:51	 Account: thoakhungzz3	Name: Ho¶KúL©n	 DelItem: Kim Phong §o¹t Hån Ngäc ®¸i
23:14:51	 Account: thoakhungzz3	Name: Ho¶KúL©n	 DelItem: Kim Phong Thanh D­¬ng Kh«i
23:14:51	 Account: thoakhungzz3	Name: Ho¶KúL©n	 DelItem: Kim Phong Kú L©n HuyÕt
23:14:51	 Account: thoakhungzz3	Name: Ho¶KúL©n	 DelItem: Kim Phong Tr¹c Liªn Quang
23:14:51	 Account: thoakhungzz3	Name: Ho¶KúL©n	 DelItem: Kim Phong Thiªn Lý Th¶o Th­îng Phi
23:14:51	 Account: thoakhungzz3	Name: Ho¶KúL©n	 DelItem: Tóc S­¬ng
23:14:58	 Account: thoakhungzz3	Name: Ho¶KúL©n	 DelItem: Kim Phong §ång T­íc Xu©n Th©m
23:14:58	 Account: thoakhungzz3	Name: Ho¶KúL©n	 DelItem: Kim Phong HËu NghÖ dÉn cung
23:14:58	 Account: thoakhungzz3	Name: Ho¶KúL©n	 DelItem: Kim Phong C«ng CÈn Tam Th¸n
23:14:58	 Account: thoakhungzz3	Name: Ho¶KúL©n	 DelItem: Kim Phong Lan §×nh Ngäc
23:15:46	 Account: thoakhungzz4	Name: H¾cKúL©n	 DelItem: Kim Phong §o¹t Hån Ngäc ®¸i
23:15:46	 Account: thoakhungzz4	Name: H¾cKúL©n	 DelItem: Kim Phong Thanh D­¬ng Kh«i
23:15:46	 Account: thoakhungzz4	Name: H¾cKúL©n	 DelItem: Kim Phong Kú L©n HuyÕt
23:15:46	 Account: thoakhungzz4	Name: H¾cKúL©n	 DelItem: Kim Phong Thiªn Lý Th¶o Th­îng Phi
23:15:46	 Account: thoakhungzz4	Name: H¾cKúL©n	 DelItem: Tóc S­¬ng
23:15:56	 Account: thoakhungzz4	Name: H¾cKúL©n	 DelItem: Kim Phong §ång T­íc Xu©n Th©m
23:15:56	 Account: thoakhungzz4	Name: H¾cKúL©n	 DelItem: Kim Phong HËu NghÖ dÉn cung
23:15:56	 Account: thoakhungzz4	Name: H¾cKúL©n	 DelItem: Kim Phong C«ng CÈn Tam Th¸n
23:15:56	 Account: thoakhungzz4	Name: H¾cKúL©n	 DelItem: Kim Phong Lan §×nh Ngäc
23:15:56	 Account: thoakhungzz4	Name: H¾cKúL©n	 DelItem: Kim Phong Tr¹c Liªn Quang
23:16:41	 Account: thoakhungzz5	Name: FangLßiCøt	 DelItem: Kim Phong Thanh D­¬ng Kh«i
23:16:41	 Account: thoakhungzz5	Name: FangLßiCøt	 DelItem: Kim Phong Kú L©n HuyÕt
23:16:41	 Account: thoakhungzz5	Name: FangLßiCøt	 DelItem: Kim Phong Thiªn Lý Th¶o Th­îng Phi
23:16:41	 Account: thoakhungzz5	Name: FangLßiCøt	 DelItem: Tóc S­¬ng
23:16:50	 Account: thoakhungzz5	Name: FangLßiCøt	 DelItem: Kim Phong §ång T­íc Xu©n Th©m
23:16:50	 Account: thoakhungzz5	Name: FangLßiCøt	 DelItem: Kim Phong §o¹t Hån Ngäc ®¸i
23:16:50	 Account: thoakhungzz5	Name: FangLßiCøt	 DelItem: Kim Phong HËu NghÖ dÉn cung
23:16:50	 Account: thoakhungzz5	Name: FangLßiCøt	 DelItem: Kim Phong C«ng CÈn Tam Th¸n
23:16:50	 Account: thoakhungzz5	Name: FangLßiCøt	 DelItem: Kim Phong Lan §×nh Ngäc
23:16:50	 Account: thoakhungzz5	Name: FangLßiCøt	 DelItem: Kim Phong Tr¹c Liªn Quang
23:17:57	 Account: thoakhungzz6	Name: KinhBáMÑ	 DelItem: Kim Phong Thanh D­¬ng Kh«i
23:17:57	 Account: thoakhungzz6	Name: KinhBáMÑ	 DelItem: Kim Phong Kú L©n HuyÕt
23:17:57	 Account: thoakhungzz6	Name: KinhBáMÑ	 DelItem: Kim Phong Tr¹c Liªn Quang
23:17:57	 Account: thoakhungzz6	Name: KinhBáMÑ	 DelItem: Tóc S­¬ng
23:17:57	 Account: thoakhungzz6	Name: KinhBáMÑ	 DelItem: Kim Phong Thiªn Lý Th¶o Th­îng Phi
23:18:07	 Account: thoakhungzz6	Name: KinhBáMÑ	 DelItem: Kim Phong §ång T­íc Xu©n Th©m
23:18:07	 Account: thoakhungzz6	Name: KinhBáMÑ	 DelItem: Kim Phong HËu NghÖ dÉn cung
23:18:07	 Account: thoakhungzz6	Name: KinhBáMÑ	 DelItem: Kim Phong C«ng CÈn Tam Th¸n
23:18:07	 Account: thoakhungzz6	Name: KinhBáMÑ	 DelItem: Kim Phong Lan §×nh Ngäc
23:18:07	 Account: thoakhungzz6	Name: KinhBáMÑ	 DelItem: Kim Phong §o¹t Hån Ngäc ®¸i
