00:01:49	 Account: luukt56	Name: NgoalongND	 DelItem: Nh¹n Linh Th­¬ng
00:03:47	 Account: luukt56	Name: NgoalongND	 DelItem: TÝch LÞch Kim Phông gi¸p
00:14:05	 Account: luukt56	Name: NgoalongND	 DelItem: §éc C¬ §ao
00:14:05	 Account: luukt56	Name: NgoalongND	 DelItem: Phï Dung Th¹ch
00:14:05	 Account: luukt56	Name: NgoalongND	 DelItem: HuyÒn ThiÕt kho¸ng
00:23:37	 Account: luukt56	Name: NgoalongND	 DelItem: XÝch Nh¹n gi¸p
00:23:51	 Account: luukt56	Name: NgoalongND	 DelItem: §å phæ Hoµng Kim - An Bang B¨ng Tinh Th¹ch H¹ng Liªn
00:31:09	 Account: luukt56	Name: NgoalongND	 DelItem: B¹ch Thùc Hoµn
00:35:56	 Account: luukt56	Name: NgoalongND	 DelItem: Tö Kim ph¸t Qu¸n
00:35:56	 Account: luukt56	Name: NgoalongND	 DelItem: Phi Phông Ngoa
00:43:17	 Account: luukt56	Name: NgoalongND	 DelItem: HuyÕt §ång gi¸p
00:43:17	 Account: luukt56	Name: NgoalongND	 DelItem: B¸ch kÕt C¸i y
00:48:15	 Account: luukt56	Name: NgoalongND	 DelItem: ¤ Kim KiÕm
00:48:15	 Account: luukt56	Name: NgoalongND	 DelItem: B¹ch Ngäc Tr¹c
00:50:55	 Account: luukt56	Name: NgoalongND	 DelItem: Thiªn NhÉn MËt Trang
00:50:55	 Account: luukt56	Name: NgoalongND	 DelItem: Cæn Ch©u B¶o ®ao
00:51:09	 Account: luukt56	Name: NgoalongND	 DelItem: Ngò Nh¹c Qu¸n
01:15:22	 Account: th115	Name: S¨nÙBossÙ01	 DelItem: Kim Phong §ång T­íc Xu©n Th©m
01:15:22	 Account: th115	Name: S¨nÙBossÙ01	 DelItem: Kim Phong §o¹t Hån Ngäc ®¸i
01:15:22	 Account: th115	Name: S¨nÙBossÙ01	 DelItem: Kim Phong HËu NghÖ dÉn cung
01:15:22	 Account: th115	Name: S¨nÙBossÙ01	 DelItem: Kim Phong C«ng CÈn Tam Th¸n
01:15:22	 Account: th115	Name: S¨nÙBossÙ01	 DelItem: Kim Phong Lan §×nh Ngäc
01:15:22	 Account: th115	Name: S¨nÙBossÙ01	 DelItem: Kim Phong Thanh D­¬ng Kh«i
01:15:22	 Account: th115	Name: S¨nÙBossÙ01	 DelItem: Kim Phong Kú L©n HuyÕt
01:15:22	 Account: th115	Name: S¨nÙBossÙ01	 DelItem: Kim Phong Thiªn Lý Th¶o Th­îng Phi
06:00:14	 Account: luukt56	Name: NgoalongND	 DelItem: §å phæ Hoµng Kim - §Þnh Quèc XÝch Quyªn NhuyÔn Ngoa
06:00:14	 Account: luukt56	Name: NgoalongND	 DelItem: §å phæ Hoµng Kim - §Þnh Quèc ¤ Sa Ph¸t Qu¸n
06:10:14	 Account: thangvl7	Name: 7NgaMiBuffBuff	 DelItem: Kim Phong §ång T­íc Xu©n Th©m
09:09:50	 Account: minhtrand1	Name: GiÕtÙS­Ù§ètÙChïa	 DelItem: Tóc S­¬ng
09:09:50	 Account: minhtrand1	Name: GiÕtÙS­Ù§ètÙChïa	 DelItem: Kim Phong Kú L©n HuyÕt
09:47:07	 Account: tranvinh04	Name: B­ímÙEmÙCãÙ§éc	 DelItem: Tóc S­¬ng
10:03:38	 Account: minhtrand7	Name: 3143242	 DelItem: Kim Phong Lan §×nh Ngäc
10:03:38	 Account: minhtrand7	Name: 3143242	 DelItem: Kim Phong HËu NghÖ dÉn cung
10:55:50	 Account: minhtrand1	Name: GiÕtÙS­Ù§ètÙChïa	 DelItem: Kim Phong Thanh D­¬ng Kh«i
11:17:08	 Account: tranvinh05	Name: 75ÙNhíÙMétÙNg­êi	 DelItem: Thiªn Tµm Yªu §¸i
11:22:57	 Account: tranvinh05	Name: 75ÙNhíÙMétÙNg­êi	 DelItem: Tóc S­¬ng
11:22:57	 Account: tranvinh05	Name: 75ÙNhíÙMétÙNg­êi	 DelItem: Kim Phong §o¹t Hån Ngäc ®¸i
11:22:57	 Account: tranvinh05	Name: 75ÙNhíÙMétÙNg­êi	 DelItem: Kim Phong HËu NghÖ dÉn cung
11:22:57	 Account: tranvinh05	Name: 75ÙNhíÙMétÙNg­êi	 DelItem: Kim Phong Tr¹c Liªn Quang
11:22:57	 Account: tranvinh05	Name: 75ÙNhíÙMétÙNg­êi	 DelItem: Kim Phong Lan §×nh Ngäc
11:35:57	 Account: tranvinh05	Name: 75ÙNhíÙMétÙNg­êi	 DelItem: Kim Phong Thanh D­¬ng Kh«i
12:39:40	 Account: luukt52	Name: NgoalongTN	 DelItem: Tóc S­¬ng
15:08:10	 Account: namcung1	Name: BadÙBoy	 DelItem: Tóc S­¬ng
15:13:30	 Account: namcung1	Name: ÙCrazyÙ	 DelItem: Tóc S­¬ng
15:16:32	 Account: thangvl6	Name: 6Vâ®ang	 DelItem: Kim Phong Kú L©n HuyÕt
15:45:44	 Account: minhtrand2	Name: TiÓuÙLinh	 DelItem: Kim Phong Tr¹c Liªn Quang
15:45:44	 Account: minhtrand2	Name: TiÓuÙLinh	 DelItem: Tóc S­¬ng
16:03:53	 Account: hieuadnew	Name: AdminÙSHXT	 DelItem:  §å phæ Hoµng Kim - §Þnh Quèc Ng©n Tµm Yªu ®¸i
16:03:53	 Account: hieuadnew	Name: AdminÙSHXT	 DelItem:  §å phæ Hoµng Kim - §Þnh Quèc Tö §»ng Hé uyÓn
16:03:53	 Account: hieuadnew	Name: AdminÙSHXT	 DelItem:  §å phæ Hoµng Kim - §Þnh Quèc XÝch Quyªn NhuyÔn Ngoa
16:03:53	 Account: hieuadnew	Name: AdminÙSHXT	 DelItem:  §å phæ Hoµng Kim - §Þnh Quèc Thanh Sa Tr­êng Sam
16:13:54	 Account: thaocanh114	Name: ThiªnÙNh·	 DelItem: ThÊt XÝch KiÕm
17:04:28	 Account: tranvinh04	Name: B­ímÙEmÙCãÙ§éc	 DelItem: LÖnh bµi Phong L¨ng §é
17:04:28	 Account: tranvinh04	Name: B­ímÙEmÙCãÙ§éc	 DelItem: LÖnh bµi Vi S¬n ®¶o
18:09:49	 Account: longyen012	Name: NMÙCñaÙLong	 DelItem: Kim Phong Lan §×nh Ngäc
18:38:45	 Account: longyen012	Name: NMÙCñaÙLong	 DelItem: Kim Phong Thanh D­¬ng Kh«i
18:40:59	 Account: longyen012	Name: NMÙCñaÙLong	 DelItem: Kim Phong C«ng CÈn Tam Th¸n
18:41:06	 Account: longyen012	Name: NMÙCñaÙLong	 DelItem: Kim Phong §ång T­íc Xu©n Th©m
18:54:53	 Account: longyen014	Name: TNÙCñaÙLong	 DelItem: Kim Phong Kú L©n HuyÕt
18:55:03	 Account: longyen014	Name: TNÙCñaÙLong	 DelItem: Kim Phong Thiªn Lý Th¶o Th­îng Phi
18:55:12	 Account: longyen014	Name: TNÙCñaÙLong	 DelItem: Kim Phong §o¹t Hån Ngäc ®¸i
18:55:25	 Account: longyen014	Name: TNÙCñaÙLong	 DelItem: Kim Phong Thanh D­¬ng Kh«i
18:55:32	 Account: longyen014	Name: TNÙCñaÙLong	 DelItem: Kim Phong HËu NghÖ dÉn cung
19:00:42	 Account: longyen012	Name: NMÙCñaÙLong	 DelItem: Kim Phong Kú L©n HuyÕt
19:00:53	 Account: longyen012	Name: NMÙCñaÙLong	 DelItem: Kim Phong Thiªn Lý Th¶o Th­îng Phi
19:00:59	 Account: longyen012	Name: NMÙCñaÙLong	 DelItem: Kim Phong HËu NghÖ dÉn cung
19:26:59	 Account: minhtrand6	Name: BÐÙMóp	 DelItem: Tóc S­¬ng
19:27:32	 Account: longyen014	Name: TNÙCñaÙLong	 DelItem: Tóc S­¬ng
19:28:23	 Account: longyen014	Name: TNÙCñaÙLong	 DelItem: Kim Phong §ång T­íc Xu©n Th©m
19:30:09	 Account: longyen014	Name: TNÙCñaÙLong	 DelItem: Kim Phong C«ng CÈn Tam Th¸n
19:51:46	 Account: minhtrand23	Name: sanboss8	 DelItem: Kim Phong Thiªn Lý Th¶o Th­îng Phi
20:46:27	 Account: longyen012	Name: NMÙCñaÙLong	 DelItem: Tóc S­¬ng
21:47:11	 Account: timlaivohien3	Name: EyeSmileBuff	 DelItem: Kim Phong Thiªn Lý Th¶o Th­îng Phi
21:47:11	 Account: timlaivohien3	Name: EyeSmileBuff	 DelItem: Kim Phong Kú L©n HuyÕt
21:47:31	 Account: timlaivohien3	Name: EyeSmileBuff	 DelItem: Kim Phong Tr¹c Liªn Quang
21:47:31	 Account: timlaivohien3	Name: EyeSmileBuff	 DelItem: Kim Phong Lan §×nh Ngäc
21:47:31	 Account: timlaivohien3	Name: EyeSmileBuff	 DelItem: Kim Phong C«ng CÈn Tam Th¸n
21:47:31	 Account: timlaivohien3	Name: EyeSmileBuff	 DelItem: Kim Phong HËu NghÖ dÉn cung
21:47:31	 Account: timlaivohien3	Name: EyeSmileBuff	 DelItem: Kim Phong §o¹t Hån Ngäc ®¸i
21:47:31	 Account: timlaivohien3	Name: EyeSmileBuff	 DelItem: Kim Phong §ång T­íc Xu©n Th©m
21:48:13	 Account: tranhoangcham2	Name: AuDuongPhong1	 DelItem: Tóc S­¬ng
21:49:56	 Account: nam92hd7	Name: Gi÷ÙR¸cÙNo1	 DelItem: Kim Phong C«ng CÈn Tam Th¸n
21:50:00	 Account: nam92hd7	Name: Gi÷ÙR¸cÙNo1	 DelItem: Kim Phong Thanh D­¬ng Kh«i
21:50:05	 Account: nam92hd7	Name: Gi÷ÙR¸cÙNo1	 DelItem: Kim Phong HËu NghÖ dÉn cung
23:21:32	 Account: bando	Name: HDÙMÑThiªnH¹	 DelItem: Thiªn Tµm Yªu §¸i
