00:08:15	 Account: luukt56	Name: NgoalongND	 DelItem: Kim Phong Kú L©n HuyÕt
03:04:07	 Account: sangtpbrvt5	Name: SangTp555	 DelItem: Kim Phong §ång T­íc Xu©n Th©m
03:04:07	 Account: sangtpbrvt5	Name: SangTp555	 DelItem: Kim Phong HËu NghÖ dÉn cung
03:04:07	 Account: sangtpbrvt5	Name: SangTp555	 DelItem: Kim Phong C«ng CÈn Tam Th¸n
03:04:07	 Account: sangtpbrvt5	Name: SangTp555	 DelItem: Kim Phong Kú L©n HuyÕt
03:04:07	 Account: sangtpbrvt5	Name: SangTp555	 DelItem: Kim Phong Tr¹c Liªn Quang
03:04:07	 Account: sangtpbrvt5	Name: SangTp555	 DelItem: Kim Phong Thiªn Lý Th¶o Th­îng Phi
03:04:41	 Account: sangtpbrvt5	Name: SangTp555	 DelItem: Kim Phong §o¹t Hån Ngäc ®¸i
03:04:41	 Account: sangtpbrvt5	Name: SangTp555	 DelItem: Kim Phong Lan §×nh Ngäc
03:04:41	 Account: sangtpbrvt5	Name: SangTp555	 DelItem: Kim Phong Thanh D­¬ng Kh«i
03:04:41	 Account: sangtpbrvt5	Name: SangTp555	 DelItem: Tóc S­¬ng
03:19:41	 Account: nonhancl	Name: XÝchLuyÖnÙTiªnTö	 DelItem: Kim Phong Tr¹c Liªn Quang
03:19:41	 Account: nonhancl	Name: XÝchLuyÖnÙTiªnTö	 DelItem: Kim Phong Thanh D­¬ng Kh«i
03:19:41	 Account: nonhancl	Name: XÝchLuyÖnÙTiªnTö	 DelItem: Kim Phong Kú L©n HuyÕt
06:12:11	 Account: nam92hd1	Name: ThÇnÙT¨ng	 DelItem: Tóc S­¬ng
06:12:19	 Account: nam92hd1	Name: ThÇnÙT¨ng	 DelItem: §¹i Thµnh BÝ KÝp 90
06:12:24	 Account: nam92hd1	Name: ThÇnÙT¨ng	 DelItem: S¸ch kü n¨ng cÊp 90
07:39:13	 Account: anlonnhe	Name: DanCay	 DelItem: Tóc S­¬ng
08:13:28	 Account: tranvinh02	Name: HuúnhÙNi	 DelItem: Kim Phong Kú L©n HuyÕt
08:13:28	 Account: tranvinh02	Name: HuúnhÙNi	 DelItem: Kim Phong Thanh D­¬ng Kh«i
08:13:28	 Account: tranvinh02	Name: HuúnhÙNi	 DelItem: Kim Phong Thiªn Lý Th¶o Th­îng Phi
08:13:28	 Account: tranvinh02	Name: HuúnhÙNi	 DelItem: Kim Phong Tr¹c Liªn Quang
08:13:28	 Account: tranvinh02	Name: HuúnhÙNi	 DelItem: Kim Phong Lan §×nh Ngäc
08:13:28	 Account: tranvinh02	Name: HuúnhÙNi	 DelItem: Kim Phong §o¹t Hån Ngäc ®¸i
08:48:53	 Account: minhtrand1	Name: GiÕtÙS­Ù§ètÙChïa	 DelItem: Tóc S­¬ng
09:00:25	 Account: minhtrand3	Name: HáaÙLongÙTµÙNh©n	 DelItem: Kim Phong Tr¹c Liªn Quang
09:00:25	 Account: minhtrand3	Name: HáaÙLongÙTµÙNh©n	 DelItem: Kim Phong §o¹t Hån Ngäc ®¸i
09:14:43	 Account: cuoptieu01	Name: VuiLaChinh	 DelItem: Kim Phong §o¹t Hån Ngäc ®¸i
09:14:43	 Account: cuoptieu01	Name: VuiLaChinh	 DelItem: Kim Phong HËu NghÖ dÉn cung
09:14:43	 Account: cuoptieu01	Name: VuiLaChinh	 DelItem: Kim Phong Kú L©n HuyÕt
09:14:43	 Account: cuoptieu01	Name: VuiLaChinh	 DelItem: Kim Phong Thiªn Lý Th¶o Th­îng Phi
09:19:14	 Account: minhtrand4	Name: SÊmÙSÐtÙT©yÙB¾c	 DelItem: Tóc S­¬ng
09:21:15	 Account: nonhannd	Name: SongÙV«ÙH×nh	 DelItem: Tóc S­¬ng
09:21:52	 Account: luukt52	Name: NgoalongTN	 DelItem: Kim Phong §ång T­íc Xu©n Th©m
09:21:52	 Account: luukt52	Name: NgoalongTN	 DelItem: Kim Phong HËu NghÖ dÉn cung
09:21:52	 Account: luukt52	Name: NgoalongTN	 DelItem: Kim Phong C«ng CÈn Tam Th¸n
09:21:52	 Account: luukt52	Name: NgoalongTN	 DelItem: Kim Phong Lan §×nh Ngäc
09:21:52	 Account: luukt52	Name: NgoalongTN	 DelItem: Kim Phong Thanh D­¬ng Kh«i
09:21:52	 Account: luukt52	Name: NgoalongTN	 DelItem: Kim Phong Kú L©n HuyÕt
09:21:52	 Account: luukt52	Name: NgoalongTN	 DelItem: Kim Phong Tr¹c Liªn Quang
09:21:52	 Account: luukt52	Name: NgoalongTN	 DelItem: Kim Phong Thiªn Lý Th¶o Th­îng Phi
09:21:52	 Account: luukt52	Name: NgoalongTN	 DelItem: Kim Phong Tr¹c Liªn Quang
09:22:06	 Account: luukt52	Name: NgoalongTN	 DelItem: Kim Phong §o¹t Hån Ngäc ®¸i
09:22:06	 Account: luukt52	Name: NgoalongTN	 DelItem: Kim Phong §o¹t Hån Ngäc ®¸i
09:28:31	 Account: minhtrand3	Name: HáaÙLongÙTµÙNh©n	 DelItem: Tóc S­¬ng
10:31:19	 Account: sarin1990	Name: DocDep	 DelItem: Tóc S­¬ng
11:14:56	 Account: thoakhungzz1	Name: XeTiÒn1	 DelItem: Tóc S­¬ng
11:15:54	 Account: thoakhungzz1	Name: XeTiÒn1	 DelItem: Kim Phong Kú L©n HuyÕt
11:15:54	 Account: thoakhungzz1	Name: XeTiÒn1	 DelItem: Tóc S­¬ng
11:16:07	 Account: thoakhungzz1	Name: XeTiÒn1	 DelItem: Kim Phong §ång T­íc Xu©n Th©m
11:16:07	 Account: thoakhungzz1	Name: XeTiÒn1	 DelItem: Kim Phong §o¹t Hån Ngäc ®¸i
11:16:07	 Account: thoakhungzz1	Name: XeTiÒn1	 DelItem: Kim Phong HËu NghÖ dÉn cung
11:16:07	 Account: thoakhungzz1	Name: XeTiÒn1	 DelItem: Kim Phong C«ng CÈn Tam Th¸n
11:16:07	 Account: thoakhungzz1	Name: XeTiÒn1	 DelItem: Kim Phong Lan §×nh Ngäc
11:16:07	 Account: thoakhungzz1	Name: XeTiÒn1	 DelItem: Kim Phong Thanh D­¬ng Kh«i
11:16:07	 Account: thoakhungzz1	Name: XeTiÒn1	 DelItem: Kim Phong Tr¹c Liªn Quang
11:16:07	 Account: thoakhungzz1	Name: XeTiÒn1	 DelItem: Kim Phong Thiªn Lý Th¶o Th­îng Phi
11:17:02	 Account: thoakhungzz2	Name: XeTiÒn2	 DelItem: Kim Phong Thanh D­¬ng Kh«i
11:17:02	 Account: thoakhungzz2	Name: XeTiÒn2	 DelItem: Kim Phong Kú L©n HuyÕt
11:17:02	 Account: thoakhungzz2	Name: XeTiÒn2	 DelItem: Kim Phong Thiªn Lý Th¶o Th­îng Phi
11:17:02	 Account: thoakhungzz2	Name: XeTiÒn2	 DelItem: Tóc S­¬ng
11:17:12	 Account: thoakhungzz2	Name: XeTiÒn2	 DelItem: Kim Phong §ång T­íc Xu©n Th©m
11:17:12	 Account: thoakhungzz2	Name: XeTiÒn2	 DelItem: Kim Phong §o¹t Hån Ngäc ®¸i
11:17:12	 Account: thoakhungzz2	Name: XeTiÒn2	 DelItem: Kim Phong HËu NghÖ dÉn cung
11:17:12	 Account: thoakhungzz2	Name: XeTiÒn2	 DelItem: Kim Phong C«ng CÈn Tam Th¸n
11:17:12	 Account: thoakhungzz2	Name: XeTiÒn2	 DelItem: Kim Phong Lan §×nh Ngäc
11:17:12	 Account: thoakhungzz2	Name: XeTiÒn2	 DelItem: Kim Phong Tr¹c Liªn Quang
11:17:51	 Account: thoakhungzz2	Name: XeTiÒn2	 DelItem: Tóc S­¬ng
11:19:56	 Account: thoakhungzz3	Name: XeTiÒn3	 DelItem: Kim Phong Thanh D­¬ng Kh«i
11:19:56	 Account: thoakhungzz3	Name: XeTiÒn3	 DelItem: Kim Phong Thiªn Lý Th¶o Th­îng Phi
11:19:56	 Account: thoakhungzz3	Name: XeTiÒn3	 DelItem: Tóc S­¬ng
11:19:56	 Account: thoakhungzz3	Name: XeTiÒn3	 DelItem: Kim Phong Kú L©n HuyÕt
11:20:17	 Account: thoakhungzz3	Name: XeTiÒn3	 DelItem: Kim Phong §ång T­íc Xu©n Th©m
11:20:17	 Account: thoakhungzz3	Name: XeTiÒn3	 DelItem: Kim Phong §o¹t Hån Ngäc ®¸i
11:20:17	 Account: thoakhungzz3	Name: XeTiÒn3	 DelItem: Kim Phong HËu NghÖ dÉn cung
11:20:17	 Account: thoakhungzz3	Name: XeTiÒn3	 DelItem: Kim Phong C«ng CÈn Tam Th¸n
11:20:17	 Account: thoakhungzz3	Name: XeTiÒn3	 DelItem: Kim Phong Lan §×nh Ngäc
11:20:17	 Account: thoakhungzz3	Name: XeTiÒn3	 DelItem: Kim Phong Tr¹c Liªn Quang
11:21:04	 Account: thoakhungzz4	Name: XeTiÒn4	 DelItem: Kim Phong §o¹t Hån Ngäc ®¸i
11:21:04	 Account: thoakhungzz4	Name: XeTiÒn4	 DelItem: Kim Phong Thanh D­¬ng Kh«i
11:21:04	 Account: thoakhungzz4	Name: XeTiÒn4	 DelItem: Kim Phong Kú L©n HuyÕt
11:21:04	 Account: thoakhungzz4	Name: XeTiÒn4	 DelItem: Kim Phong Thiªn Lý Th¶o Th­îng Phi
11:21:04	 Account: thoakhungzz4	Name: XeTiÒn4	 DelItem: Tóc S­¬ng
11:21:12	 Account: thoakhungzz4	Name: XeTiÒn4	 DelItem: Kim Phong §ång T­íc Xu©n Th©m
11:21:12	 Account: thoakhungzz4	Name: XeTiÒn4	 DelItem: Kim Phong HËu NghÖ dÉn cung
11:21:12	 Account: thoakhungzz4	Name: XeTiÒn4	 DelItem: Kim Phong C«ng CÈn Tam Th¸n
11:21:12	 Account: thoakhungzz4	Name: XeTiÒn4	 DelItem: Kim Phong Lan §×nh Ngäc
11:21:12	 Account: thoakhungzz4	Name: XeTiÒn4	 DelItem: Kim Phong Tr¹c Liªn Quang
11:21:57	 Account: thoakhungzz5	Name: XeTiÒn5	 DelItem: Kim Phong Thanh D­¬ng Kh«i
11:21:57	 Account: thoakhungzz5	Name: XeTiÒn5	 DelItem: Kim Phong Kú L©n HuyÕt
11:21:57	 Account: thoakhungzz5	Name: XeTiÒn5	 DelItem: Kim Phong Thiªn Lý Th¶o Th­îng Phi
11:21:57	 Account: thoakhungzz5	Name: XeTiÒn5	 DelItem: Tóc S­¬ng
11:22:10	 Account: thoakhungzz5	Name: XeTiÒn5	 DelItem: Kim Phong §ång T­íc Xu©n Th©m
11:22:10	 Account: thoakhungzz5	Name: XeTiÒn5	 DelItem: Kim Phong §o¹t Hån Ngäc ®¸i
11:22:10	 Account: thoakhungzz5	Name: XeTiÒn5	 DelItem: Kim Phong HËu NghÖ dÉn cung
11:22:10	 Account: thoakhungzz5	Name: XeTiÒn5	 DelItem: Kim Phong C«ng CÈn Tam Th¸n
11:22:10	 Account: thoakhungzz5	Name: XeTiÒn5	 DelItem: Kim Phong Lan §×nh Ngäc
11:22:10	 Account: thoakhungzz5	Name: XeTiÒn5	 DelItem: Kim Phong Tr¹c Liªn Quang
12:17:30	 Account: huyenuyqs	Name: RångconÙ	 DelItem: Tóc S­¬ng
12:36:17	 Account: sangtpbrvt	Name: SangTp	 DelItem: Kim Phong Thiªn Lý Th¶o Th­îng Phi
12:36:17	 Account: sangtpbrvt	Name: SangTp	 DelItem: Kim Phong Thanh D­¬ng Kh«i
12:36:17	 Account: sangtpbrvt	Name: SangTp	 DelItem: Kim Phong Lan §×nh Ngäc
12:36:17	 Account: sangtpbrvt	Name: SangTp	 DelItem: Kim Phong §o¹t Hån Ngäc ®¸i
12:36:17	 Account: sangtpbrvt	Name: SangTp	 DelItem: Kim Phong §ång T­íc Xu©n Th©m
12:49:27	 Account: thaocanh114	Name: ThiªnÙNh·	 DelItem: Kim Phong C«ng CÈn Tam Th¸n
13:05:07	 Account: tranvinh01	Name: Ù2SaoÙ1g¹ch	 DelItem: Kim Phong Tr¹c Liªn Quang
14:02:26	 Account: hieuadnew	Name: AdminÙSHXT	 DelItem: D©y Thõng
14:02:26	 Account: hieuadnew	Name: AdminÙSHXT	 DelItem: D©y Thõng
14:27:21	 Account: tranvinh05	Name: 75ÙNhíÙMétÙNg­êi	 DelItem: Kim Phong Thiªn Lý Th¶o Th­îng Phi
14:27:21	 Account: tranvinh05	Name: 75ÙNhíÙMétÙNg­êi	 DelItem: Kim Phong Kú L©n HuyÕt
14:49:24	 Account: huynhtrongtri14	Name: §écS¸tNgo¹iC«ng	 DelItem: Kim Phong Kú L©n HuyÕt
15:01:02	 Account: sangtpbrvt	Name: SangTp	 DelItem: Kim Phong Kú L©n HuyÕt
15:40:42	 Account: huynhtrongtri12	Name: KiÕmPhongKim	 DelItem: Tóc S­¬ng
15:45:07	 Account: huynhtrongtri11	Name: §écS¸tNéiC«ng	 DelItem: Kim Phong Thanh D­¬ng Kh«i
15:45:07	 Account: huynhtrongtri11	Name: §écS¸tNéiC«ng	 DelItem: Kim Phong HËu NghÖ dÉn cung
15:45:07	 Account: huynhtrongtri11	Name: §écS¸tNéiC«ng	 DelItem: Kim Phong Kú L©n HuyÕt
15:45:07	 Account: huynhtrongtri11	Name: §écS¸tNéiC«ng	 DelItem: Kim Phong Thiªn Lý Th¶o Th­îng Phi
15:45:39	 Account: huynhtrongtri11	Name: §écS¸tNéiC«ng	 DelItem: Kim Phong Tr¹c Liªn Quang
16:21:20	 Account: quocbaobp	Name: §¹iÙThiÕuÙGia	 DelItem: CÈm nang ®ång hµnh
16:26:38	 Account: huynhtrongtri11	Name: §écS¸tNéiC«ng	 DelItem: Kim Phong §o¹t Hån Ngäc ®¸i
16:40:35	 Account: qweasdewq1	Name: V«ÙTh­êng	 DelItem: Kim Phong §o¹t Hån Ngäc ®¸i
16:40:35	 Account: qweasdewq1	Name: V«ÙTh­êng	 DelItem: Kim Phong Thanh D­¬ng Kh«i
16:40:35	 Account: qweasdewq1	Name: V«ÙTh­êng	 DelItem: Kim Phong Kú L©n HuyÕt
16:40:35	 Account: qweasdewq1	Name: V«ÙTh­êng	 DelItem: Kim Phong Tr¹c Liªn Quang
16:40:35	 Account: qweasdewq1	Name: V«ÙTh­êng	 DelItem: Kim Phong Thiªn Lý Th¶o Th­îng Phi
16:40:35	 Account: qweasdewq1	Name: V«ÙTh­êng	 DelItem: Tóc S­¬ng
16:40:50	 Account: qweasdewq1	Name: V«ÙTh­êng	 DelItem: Kim Phong §ång T­íc Xu©n Th©m
16:40:50	 Account: qweasdewq1	Name: V«ÙTh­êng	 DelItem: Kim Phong HËu NghÖ dÉn cung
16:40:50	 Account: qweasdewq1	Name: V«ÙTh­êng	 DelItem: Kim Phong C«ng CÈn Tam Th¸n
16:40:50	 Account: qweasdewq1	Name: V«ÙTh­êng	 DelItem: Kim Phong Lan §×nh Ngäc
16:41:19	 Account: luukt53	Name: NgoalongVD	 DelItem: Kim Phong HËu NghÖ dÉn cung
16:44:24	 Account: luukt56	Name: NgoalongND	 DelItem: Kim Phong §ång T­íc Xu©n Th©m
16:44:44	 Account: voanhkhoa	Name: Ph¸Gi¸p§écC«	 DelItem: Kim Phong C«ng CÈn Tam Th¸n
16:44:44	 Account: voanhkhoa	Name: Ph¸Gi¸p§écC«	 DelItem: Kim Phong Lan §×nh Ngäc
16:44:44	 Account: voanhkhoa	Name: Ph¸Gi¸p§écC«	 DelItem: Kim Phong Kú L©n HuyÕt
16:44:44	 Account: voanhkhoa	Name: Ph¸Gi¸p§écC«	 DelItem: Kim Phong Tr¹c Liªn Quang
16:44:44	 Account: voanhkhoa	Name: Ph¸Gi¸p§écC«	 DelItem: Kim Phong Thiªn Lý Th¶o Th­îng Phi
16:44:44	 Account: voanhkhoa	Name: Ph¸Gi¸p§écC«	 DelItem: Kim Phong Thanh D­¬ng Kh«i
16:44:44	 Account: voanhkhoa	Name: Ph¸Gi¸p§écC«	 DelItem: Kim Phong HËu NghÖ dÉn cung
16:44:44	 Account: voanhkhoa	Name: Ph¸Gi¸p§écC«	 DelItem: Kim Phong §o¹t Hån Ngäc ®¸i
16:44:44	 Account: voanhkhoa	Name: Ph¸Gi¸p§écC«	 DelItem: Kim Phong §ång T­íc Xu©n Th©m
17:01:53	 Account: thoakhungs4	Name: Ch¶Lôa	 DelItem: Kim Phong Thanh D­¬ng Kh«i
17:01:53	 Account: thoakhungs4	Name: Ch¶Lôa	 DelItem: Kim Phong Kú L©n HuyÕt
17:01:53	 Account: thoakhungs4	Name: Ch¶Lôa	 DelItem: Kim Phong Thiªn Lý Th¶o Th­îng Phi
17:01:53	 Account: thoakhungs4	Name: Ch¶Lôa	 DelItem: Tóc S­¬ng
17:02:10	 Account: thoakhungs4	Name: Ch¶Lôa	 DelItem: Kim Phong §ång T­íc Xu©n Th©m
17:02:10	 Account: thoakhungs4	Name: Ch¶Lôa	 DelItem: Kim Phong §o¹t Hån Ngäc ®¸i
17:02:10	 Account: thoakhungs4	Name: Ch¶Lôa	 DelItem: Kim Phong HËu NghÖ dÉn cung
17:02:10	 Account: thoakhungs4	Name: Ch¶Lôa	 DelItem: Kim Phong C«ng CÈn Tam Th¸n
17:02:10	 Account: thoakhungs4	Name: Ch¶Lôa	 DelItem: Kim Phong Lan §×nh Ngäc
17:02:10	 Account: thoakhungs4	Name: Ch¶Lôa	 DelItem: Kim Phong Tr¹c Liªn Quang
17:05:54	 Account: taodeohieu	Name: ConLonDe1	 DelItem: Kim Phong Thiªn Lý Th¶o Th­îng Phi
17:16:39	 Account: thoakhungs4	Name: Ch¶Lôa	 DelItem: Tóc S­¬ng
17:24:06	 Account: thoakhungs4	Name: Ch¶Lôa	 DelItem: Kim Phong Thiªn Lý Th¶o Th­îng Phi
17:24:06	 Account: thoakhungs4	Name: Ch¶Lôa	 DelItem: Kim Phong Tr¹c Liªn Quang
17:24:06	 Account: thoakhungs4	Name: Ch¶Lôa	 DelItem: Kim Phong Thanh D­¬ng Kh«i
17:24:06	 Account: thoakhungs4	Name: Ch¶Lôa	 DelItem: Kim Phong Lan §×nh Ngäc
17:24:06	 Account: thoakhungs4	Name: Ch¶Lôa	 DelItem: Kim Phong C«ng CÈn Tam Th¸n
17:24:06	 Account: thoakhungs4	Name: Ch¶Lôa	 DelItem: Kim Phong HËu NghÖ dÉn cung
17:24:06	 Account: thoakhungs4	Name: Ch¶Lôa	 DelItem: Kim Phong §o¹t Hån Ngäc ®¸i
17:24:35	 Account: huynhtrongtri11	Name: §écS¸tNéiC«ng	 DelItem: Kim Phong §ång T­íc Xu©n Th©m
17:38:09	 Account: luukt53	Name: NgoalongVD	 DelItem: Kim Phong Thanh D­¬ng Kh«i
17:51:31	 Account: thoakhungs4	Name: Ch¶Lôa	 DelItem: Kim Phong Kú L©n HuyÕt
18:19:18	 Account: qweasdewq2	Name: V«ÙNg·	 DelItem: Kim Phong §ång T­íc Xu©n Th©m
18:19:18	 Account: qweasdewq2	Name: V«ÙNg·	 DelItem: Kim Phong §o¹t Hån Ngäc ®¸i
18:19:18	 Account: qweasdewq2	Name: V«ÙNg·	 DelItem: Kim Phong HËu NghÖ dÉn cung
18:19:18	 Account: qweasdewq2	Name: V«ÙNg·	 DelItem: Kim Phong C«ng CÈn Tam Th¸n
18:19:18	 Account: qweasdewq2	Name: V«ÙNg·	 DelItem: Kim Phong Lan §×nh Ngäc
18:19:18	 Account: qweasdewq2	Name: V«ÙNg·	 DelItem: Kim Phong Thanh D­¬ng Kh«i
18:19:18	 Account: qweasdewq2	Name: V«ÙNg·	 DelItem: Kim Phong Kú L©n HuyÕt
18:19:18	 Account: qweasdewq2	Name: V«ÙNg·	 DelItem: Kim Phong Tr¹c Liªn Quang
18:19:18	 Account: qweasdewq2	Name: V«ÙNg·	 DelItem: Kim Phong Thiªn Lý Th¶o Th­îng Phi
18:19:57	 Account: qweasdewq2	Name: V«ÙNg·	 DelItem: Tóc S­¬ng
18:23:39	 Account: qweasdewq3	Name: LinhÙMôc	 DelItem: Kim Phong §o¹t Hån Ngäc ®¸i
18:23:39	 Account: qweasdewq3	Name: LinhÙMôc	 DelItem: Kim Phong HËu NghÖ dÉn cung
18:23:39	 Account: qweasdewq3	Name: LinhÙMôc	 DelItem: Kim Phong Lan §×nh Ngäc
18:23:39	 Account: qweasdewq3	Name: LinhÙMôc	 DelItem: Kim Phong Kú L©n HuyÕt
18:23:39	 Account: qweasdewq3	Name: LinhÙMôc	 DelItem: Kim Phong Tr¹c Liªn Quang
18:23:39	 Account: qweasdewq3	Name: LinhÙMôc	 DelItem: Kim Phong Thiªn Lý Th¶o Th­îng Phi
18:23:39	 Account: qweasdewq3	Name: LinhÙMôc	 DelItem: Tóc S­¬ng
18:23:49	 Account: qweasdewq3	Name: LinhÙMôc	 DelItem: Kim Phong §ång T­íc Xu©n Th©m
18:23:49	 Account: qweasdewq3	Name: LinhÙMôc	 DelItem: Kim Phong C«ng CÈn Tam Th¸n
18:23:49	 Account: qweasdewq3	Name: LinhÙMôc	 DelItem: Kim Phong Thanh D­¬ng Kh«i
18:33:35	 Account: qwqwqw1	Name: V«ÙNg·Ù	 DelItem: Kim Phong §ång T­íc Xu©n Th©m
18:33:35	 Account: qwqwqw1	Name: V«ÙNg·Ù	 DelItem: Kim Phong §o¹t Hån Ngäc ®¸i
18:33:35	 Account: qwqwqw1	Name: V«ÙNg·Ù	 DelItem: Kim Phong HËu NghÖ dÉn cung
18:33:35	 Account: qwqwqw1	Name: V«ÙNg·Ù	 DelItem: Kim Phong C«ng CÈn Tam Th¸n
18:33:35	 Account: qwqwqw1	Name: V«ÙNg·Ù	 DelItem: Kim Phong Lan §×nh Ngäc
18:33:35	 Account: qwqwqw1	Name: V«ÙNg·Ù	 DelItem: Kim Phong Thanh D­¬ng Kh«i
18:33:35	 Account: qwqwqw1	Name: V«ÙNg·Ù	 DelItem: Kim Phong Tr¹c Liªn Quang
18:33:35	 Account: qwqwqw1	Name: V«ÙNg·Ù	 DelItem: Kim Phong Thiªn Lý Th¶o Th­îng Phi
18:33:43	 Account: qwqwqw1	Name: V«ÙNg·Ù	 DelItem: Kim Phong Kú L©n HuyÕt
18:34:15	 Account: qwqwqw1	Name: V«ÙNg·Ù	 DelItem: Tóc S­¬ng
18:37:06	 Account: qwqwqw2	Name: LinhÙMôcÙ	 DelItem: Kim Phong §o¹t Hån Ngäc ®¸i
18:37:06	 Account: qwqwqw2	Name: LinhÙMôcÙ	 DelItem: Kim Phong Thanh D­¬ng Kh«i
18:37:06	 Account: qwqwqw2	Name: LinhÙMôcÙ	 DelItem: Kim Phong Kú L©n HuyÕt
18:37:06	 Account: qwqwqw2	Name: LinhÙMôcÙ	 DelItem: Kim Phong Tr¹c Liªn Quang
18:37:06	 Account: qwqwqw2	Name: LinhÙMôcÙ	 DelItem: Kim Phong Thiªn Lý Th¶o Th­îng Phi
18:37:06	 Account: qwqwqw2	Name: LinhÙMôcÙ	 DelItem: Tóc S­¬ng
18:37:17	 Account: qwqwqw2	Name: LinhÙMôcÙ	 DelItem: Kim Phong §ång T­íc Xu©n Th©m
18:37:17	 Account: qwqwqw2	Name: LinhÙMôcÙ	 DelItem: Kim Phong HËu NghÖ dÉn cung
18:37:17	 Account: qwqwqw2	Name: LinhÙMôcÙ	 DelItem: Kim Phong C«ng CÈn Tam Th¸n
18:37:17	 Account: qwqwqw2	Name: LinhÙMôcÙ	 DelItem: Kim Phong Lan §×nh Ngäc
18:57:10	 Account: huy1714	Name: B¨ngÙThÇn	 DelItem: Tóc S­¬ng
19:33:54	 Account: werooo31	Name: DuongÙMonÙÙÙ	 DelItem: Tóc S­¬ng
19:55:33	 Account: thaocanh117	Name: UyÓnÙNh·	 DelItem: Kim Phong Thiªn Lý Th¶o Th­îng Phi
19:55:33	 Account: thaocanh117	Name: UyÓnÙNh·	 DelItem: Kim Phong Kú L©n HuyÕt
19:55:33	 Account: thaocanh117	Name: UyÓnÙNh·	 DelItem: Kim Phong Lan §×nh Ngäc
19:55:33	 Account: thaocanh117	Name: UyÓnÙNh·	 DelItem: Kim Phong C«ng CÈn Tam Th¸n
19:55:33	 Account: thaocanh117	Name: UyÓnÙNh·	 DelItem: Kim Phong HËu NghÖ dÉn cung
19:55:33	 Account: thaocanh117	Name: UyÓnÙNh·	 DelItem: Kim Phong §ång T­íc Xu©n Th©m
20:31:29	 Account: taodeohieu	Name: ConLonDe1	 DelItem: Kim Phong Tr¹c Liªn Quang
20:36:53	 Account: hieuadnew	Name: AdminÙSHXT	 DelItem: Kim Tª
20:36:53	 Account: hieuadnew	Name: AdminÙSHXT	 DelItem: Kim Tª
20:36:53	 Account: hieuadnew	Name: AdminÙSHXT	 DelItem: Kim Tª
20:36:53	 Account: hieuadnew	Name: AdminÙSHXT	 DelItem: Kim Tª
20:36:53	 Account: hieuadnew	Name: AdminÙSHXT	 DelItem: [Hoµn Mü] An Bang Cóc Hoa Th¹ch ChØ Hoµn
20:36:53	 Account: hieuadnew	Name: AdminÙSHXT	 DelItem: LÖnh bµi Vi S¬n ®¶o
20:36:53	 Account: hieuadnew	Name: AdminÙSHXT	 DelItem: LÖnh bµi Vi S¬n ®¶o
20:54:41	 Account: mapdl3	Name: ThiªnÙNhÉn	 DelItem: Kim Phong Thiªn Lý Th¶o Th­îng Phi
20:54:41	 Account: mapdl3	Name: ThiªnÙNhÉn	 DelItem: Kim Phong Lan §×nh Ngäc
20:54:41	 Account: mapdl3	Name: ThiªnÙNhÉn	 DelItem: Kim Phong §ång T­íc Xu©n Th©m
20:58:31	 Account: mapdl3	Name: ThiªnÙNhÉn	 DelItem: Kim Phong §o¹t Hån Ngäc ®¸i
21:08:08	 Account: hieuham1996	Name: TriÖuÙTöÙLong	 DelItem: Kim Phong Kú L©n HuyÕt
21:22:19	 Account: tuanlovekun1	Name: 2StÙThiªnÙNhÉn	 DelItem: Tóc S­¬ng
21:30:33	 Account: tuanh1603	Name: L·ÙB¸ÙSa	 DelItem: Tóc S­¬ng
21:44:45	 Account: tuanh1604	Name: L÷ÙBèÙ	 DelItem: Tóc S­¬ng
21:44:45	 Account: tuanh1604	Name: L÷ÙBèÙ	 DelItem: Tóc S­¬ng
22:02:36	 Account: thoakhungz5	Name: §õngÙChäcÙTao	 DelItem: Tóc S­¬ng
22:53:20	 Account: huynhtrongtri14	Name: §écS¸tNgo¹iC«ng	 DelItem: Kim Phong Lan §×nh Ngäc
23:24:35	 Account: huynhtrongtri11	Name: §écS¸tNéiC«ng	 DelItem: Kim Phong C«ng CÈn Tam Th¸n
23:32:54	 Account: huynhtrongtri14	Name: §écS¸tNgo¹iC«ng	 DelItem: Kim Phong §ång T­íc Xu©n Th©m
23:37:03	 Account: hetpjn1992	Name: Notail	 DelItem: S¸ch kü n¨ng cÊp 90
23:37:03	 Account: hetpjn1992	Name: Notail	 DelItem: §¹i Thµnh BÝ KÝp 90
23:37:03	 Account: hetpjn1992	Name: Notail	 DelItem: Tóc S­¬ng
