00:11:42	 Account: blackboy87	Name: EsÙTheÙKing	 DelItem: Kim Phong §o¹t Hån Ngäc ®¸i
00:11:42	 Account: blackboy87	Name: EsÙTheÙKing	 DelItem: Kim Phong HËu NghÖ dÉn cung
00:11:42	 Account: blackboy87	Name: EsÙTheÙKing	 DelItem: Kim Phong Thanh D­¬ng Kh«i
00:11:42	 Account: blackboy87	Name: EsÙTheÙKing	 DelItem: Kim Phong Kú L©n HuyÕt
00:11:42	 Account: blackboy87	Name: EsÙTheÙKing	 DelItem: Kim Phong Thiªn Lý Th¶o Th­îng Phi
00:17:18	 Account: blackboy87	Name: EsÙTheÙKing	 DelItem: Tóc S­¬ng
00:33:14	 Account: blackboy87	Name: EsÙTheÙKing	 DelItem: Tóc S­¬ng
00:49:48	 Account: blackboy88	Name: EsÙTrangÙNhi	 DelItem: Tóc S­¬ng
00:49:48	 Account: blackboy88	Name: EsÙTrangÙNhi	 DelItem: Tóc S­¬ng
01:53:45	 Account: vunguyen1989	Name: khongbietten	 DelItem: Tóc S­¬ng
05:53:18	 Account: vunguyen1984	Name: BinBin	 DelItem: Kim Phong Thiªn Lý Th¶o Th­îng Phi
08:02:40	 Account: vunguyen1984	Name: BinBin	 DelItem: Kim Phong C«ng CÈn Tam Th¸n
08:02:40	 Account: vunguyen1984	Name: BinBin	 DelItem: Kim Phong §ång T­íc Xu©n Th©m
08:52:07	 Account: anhthusqt	Name: caibangcuibap	 DelItem: Tóc S­¬ng
08:52:47	 Account: minhtrand5	Name: LÇyÙAÙMinh	 DelItem: Tóc S­¬ng
08:53:19	 Account: minhtrand2	Name: TiÓuÙLinh	 DelItem: S¸ch kü n¨ng cÊp 90
08:53:19	 Account: minhtrand2	Name: TiÓuÙLinh	 DelItem: §¹i Thµnh BÝ KÝp 90
09:00:36	 Account: anhthusqt2	Name: ngamycuchuoi	 DelItem: Tóc S­¬ng
10:36:38	 Account: timlaivohien	Name: EyeSmile	 DelItem: Kim Phong Tr¹c Liªn Quang
11:15:22	 Account: tieucailoa	Name: TiÓuÙLongÙN÷	 DelItem: Tóc S­¬ng
11:21:43	 Account: tieucailoa	Name: TiÓuÙLongÙN÷	 DelItem: Tóc S­¬ng
11:36:50	 Account: gcity03	Name: nvmoi04	 DelItem: Kim Phong HËu NghÖ dÉn cung
11:36:50	 Account: gcity03	Name: nvmoi04	 DelItem: Kim Phong Thanh D­¬ng Kh«i
11:37:10	 Account: gcity05	Name: nvmoi05	 DelItem: Kim Phong HËu NghÖ dÉn cung
11:37:27	 Account: gcity04	Name: nvmoi01	 DelItem: Kim Phong HËu NghÖ dÉn cung
11:38:56	 Account: timlaivohien	Name: EyeSmile	 DelItem: Kim Phong HËu NghÖ dÉn cung
11:39:42	 Account: gcity03	Name: nvmoi04	 DelItem: Kim Phong Thiªn Lý Th¶o Th­îng Phi
12:45:00	 Account: tranhoangcham2	Name: AuDuongPhong1	 DelItem: S¸ch kü n¨ng cÊp 90
12:45:00	 Account: tranhoangcham2	Name: AuDuongPhong1	 DelItem: §¹i Thµnh BÝ KÝp 90
12:52:43	 Account: gcity04	Name: nvmoi01	 DelItem: Tóc S­¬ng
15:46:03	 Account: huyenuyqs	Name: RångconÙ	 DelItem: Kim Phong Kú L©n HuyÕt
15:53:07	 Account: unlock911	Name: Unlock911	 DelItem: Tóc S­¬ng
15:53:49	 Account: unlock911	Name: Unlock911	 DelItem: S¸ch kü n¨ng cÊp 90
15:53:56	 Account: unlock911	Name: Unlock911	 DelItem: §¹i Thµnh BÝ KÝp 90
15:54:13	 Account: unlock911	Name: Unlock911	 DelItem: D©y Thõng
15:54:13	 Account: unlock911	Name: Unlock911	 DelItem: D©y Thõng
15:54:20	 Account: unlock911	Name: Unlock911	 DelItem: D©y Thõng
15:54:20	 Account: unlock911	Name: Unlock911	 DelItem: D©y Thõng
15:54:54	 Account: unlock911	Name: Unlock911	 DelItem: To¸i NguyÖt §ao
15:55:01	 Account: unlock911	Name: Unlock911	 DelItem: Quang C¸n §ao
15:55:11	 Account: unlock911	Name: Unlock911	 DelItem: Hå §iÖp Tiªu
16:00:43	 Account: unlock912	Name: Unlock912	 DelItem: D©y Thõng
16:00:43	 Account: unlock912	Name: Unlock912	 DelItem: D©y Thõng
16:00:59	 Account: unlock912	Name: Unlock912	 DelItem: D©y Thõng
16:01:08	 Account: unlock912	Name: Unlock912	 DelItem: D©y Thõng
16:01:08	 Account: unlock912	Name: Unlock912	 DelItem: D©y Thõng
16:53:35	 Account: minhtrand2	Name: TiÓuÙLinh	 DelItem: BÝch Hoa Bµo
16:53:35	 Account: minhtrand2	Name: TiÓuÙLinh	 DelItem: Kim Phong C«ng CÈn Tam Th¸n
16:53:35	 Account: minhtrand2	Name: TiÓuÙLinh	 DelItem: Kim Phong Thanh D­¬ng Kh«i
17:05:19	 Account: huyenuyqs	Name: RångconÙ	 DelItem: M¶nh HiÖp Cèt §a T×nh Hoµn (2/4) 
17:06:06	 Account: huyenuyqs	Name: RångconÙ	 DelItem: M¶nh Nhu T×nh  TuÖ T©m Ngäc Béi (4/4) 
17:06:06	 Account: huyenuyqs	Name: RångconÙ	 DelItem: M¶nh HiÖp Cèt §a T×nh Hoµn (1/4) 
17:06:17	 Account: huyenuyqs	Name: RångconÙ	 DelItem: M¶nh Nhu T×nh Thôc N÷ H¹ng Liªn (1/4) 
17:06:17	 Account: huyenuyqs	Name: RångconÙ	 DelItem: M¶nh HiÖp Cèt T×nh ý KÕt (1/6) 
17:06:17	 Account: huyenuyqs	Name: RångconÙ	 DelItem: M¶nh HiÖp Cèt T×nh ý KÕt (4/6) 
17:06:17	 Account: huyenuyqs	Name: RångconÙ	 DelItem: M¶nh Nhu T×nh Thôc N÷ H¹ng Liªn (4/4) 
17:06:17	 Account: huyenuyqs	Name: RångconÙ	 DelItem: M¶nh HiÖp Cèt ThiÕt HuyÕt Sam (4/4) 
17:06:30	 Account: huyenuyqs	Name: RångconÙ	 DelItem: M¶nh HiÖp Cèt ThiÕt HuyÕt Sam (3/4) 
17:06:30	 Account: huyenuyqs	Name: RångconÙ	 DelItem: M¶nh HiÖp Cèt §a T×nh Hoµn (1/4) 
17:06:30	 Account: huyenuyqs	Name: RångconÙ	 DelItem: M¶nh Nhu T×nh  Phông Nghi Giíi ChØ (1/4) 
17:06:30	 Account: huyenuyqs	Name: RångconÙ	 DelItem: M¶nh HiÖp Cèt §an T©m Giíi (3/4) 
17:06:30	 Account: huyenuyqs	Name: RångconÙ	 DelItem: M¶nh HiÖp Cèt §an T©m Giíi (2/4) 
17:06:30	 Account: huyenuyqs	Name: RångconÙ	 DelItem: M¶nh Nhu T×nh Thôc N÷ H¹ng Liªn (1/4) 
17:06:45	 Account: huyenuyqs	Name: RångconÙ	 DelItem: M¶nh Nhu T×nh  Phông Nghi Giíi ChØ (3/4) 
17:06:45	 Account: huyenuyqs	Name: RångconÙ	 DelItem: M¶nh HiÖp Cèt ThiÕt HuyÕt Sam (2/4) 
17:06:45	 Account: huyenuyqs	Name: RångconÙ	 DelItem: M¶nh HiÖp Cèt ThiÕt HuyÕt Sam (3/4) 
17:06:45	 Account: huyenuyqs	Name: RångconÙ	 DelItem: M¶nh Nhu T×nh  TuÖ T©m Ngäc Béi (2/4) 
17:06:45	 Account: huyenuyqs	Name: RångconÙ	 DelItem: M¶nh Nhu T×nh  TuÖ T©m Ngäc Béi (3/4) 
17:06:45	 Account: huyenuyqs	Name: RångconÙ	 DelItem: M¶nh C©n Quèc Nghª Th­êng (2/6) 
17:06:56	 Account: huyenuyqs	Name: RångconÙ	 DelItem: M¶nh HiÖp Cèt ThiÕt HuyÕt Sam (4/4) 
17:06:56	 Account: huyenuyqs	Name: RångconÙ	 DelItem: M¶nh Nhu T×nh  Phông Nghi Giíi ChØ (2/4) 
17:06:56	 Account: huyenuyqs	Name: RångconÙ	 DelItem: M¶nh C©n Quèc Nghª Th­êng (3/6) 
17:06:56	 Account: huyenuyqs	Name: RångconÙ	 DelItem: M¶nh C©n Quèc Nghª Th­êng (4/6) 
17:06:56	 Account: huyenuyqs	Name: RångconÙ	 DelItem: M¶nh Nhu T×nh Thôc N÷ H¹ng Liªn (3/4) 
17:25:09	 Account: thoakhungzz1	Name: NgäcKúL©n	 DelItem: Kim Phong Thiªn Lý Th¶o Th­îng Phi
17:25:09	 Account: thoakhungzz1	Name: NgäcKúL©n	 DelItem: Kim Phong Tr¹c Liªn Quang
17:25:09	 Account: thoakhungzz1	Name: NgäcKúL©n	 DelItem: Kim Phong Kú L©n HuyÕt
17:25:09	 Account: thoakhungzz1	Name: NgäcKúL©n	 DelItem: Kim Phong Thanh D­¬ng Kh«i
17:25:09	 Account: thoakhungzz1	Name: NgäcKúL©n	 DelItem: Kim Phong Lan §×nh Ngäc
17:25:09	 Account: thoakhungzz1	Name: NgäcKúL©n	 DelItem: Kim Phong C«ng CÈn Tam Th¸n
17:25:09	 Account: thoakhungzz1	Name: NgäcKúL©n	 DelItem: Kim Phong HËu NghÖ dÉn cung
17:25:09	 Account: thoakhungzz1	Name: NgäcKúL©n	 DelItem: Kim Phong §o¹t Hån Ngäc ®¸i
17:25:09	 Account: thoakhungzz1	Name: NgäcKúL©n	 DelItem: Kim Phong §ång T­íc Xu©n Th©m
17:28:27	 Account: thoakhungzz2	Name: NM®Çubß	 DelItem: Kim Phong Thiªn Lý Th¶o Th­îng Phi
17:28:27	 Account: thoakhungzz2	Name: NM®Çubß	 DelItem: Kim Phong Tr¹c Liªn Quang
17:28:27	 Account: thoakhungzz2	Name: NM®Çubß	 DelItem: Kim Phong Kú L©n HuyÕt
17:28:27	 Account: thoakhungzz2	Name: NM®Çubß	 DelItem: Kim Phong Thanh D­¬ng Kh«i
17:28:27	 Account: thoakhungzz2	Name: NM®Çubß	 DelItem: Kim Phong Lan §×nh Ngäc
17:28:27	 Account: thoakhungzz2	Name: NM®Çubß	 DelItem: Kim Phong C«ng CÈn Tam Th¸n
17:28:27	 Account: thoakhungzz2	Name: NM®Çubß	 DelItem: Kim Phong HËu NghÖ dÉn cung
17:28:27	 Account: thoakhungzz2	Name: NM®Çubß	 DelItem: Kim Phong §o¹t Hån Ngäc ®¸i
17:28:27	 Account: thoakhungzz2	Name: NM®Çubß	 DelItem: Kim Phong §ång T­íc Xu©n Th©m
17:40:27	 Account: thoakhungzz3	Name: Ho¶KúL©n	 DelItem: Tóc S­¬ng
17:41:09	 Account: thoakhungzz3	Name: Ho¶KúL©n	 DelItem: Kim Phong §ång T­íc Xu©n Th©m
17:41:09	 Account: thoakhungzz3	Name: Ho¶KúL©n	 DelItem: Kim Phong HËu NghÖ dÉn cung
17:41:09	 Account: thoakhungzz3	Name: Ho¶KúL©n	 DelItem: Kim Phong Lan §×nh Ngäc
17:41:09	 Account: thoakhungzz3	Name: Ho¶KúL©n	 DelItem: Kim Phong Thanh D­¬ng Kh«i
17:41:09	 Account: thoakhungzz3	Name: Ho¶KúL©n	 DelItem: Kim Phong Kú L©n HuyÕt
17:41:09	 Account: thoakhungzz3	Name: Ho¶KúL©n	 DelItem: Kim Phong Tr¹c Liªn Quang
17:41:09	 Account: thoakhungzz3	Name: Ho¶KúL©n	 DelItem: Kim Phong Thiªn Lý Th¶o Th­îng Phi
17:41:14	 Account: thoakhungzz3	Name: Ho¶KúL©n	 DelItem: Kim Phong §o¹t Hån Ngäc ®¸i
17:41:14	 Account: thoakhungzz3	Name: Ho¶KúL©n	 DelItem: Kim Phong C«ng CÈn Tam Th¸n
18:00:52	 Account: thoakhungzz2	Name: NM®Çubß	 DelItem: Tóc S­¬ng
18:30:57	 Account: unlock911	Name: Unlock911	 DelItem: D©y Thõng
18:31:13	 Account: unlock911	Name: Unlock911	 DelItem: D©y Thõng
18:31:21	 Account: unlock911	Name: Unlock911	 DelItem: D©y Thõng
18:31:28	 Account: unlock911	Name: Unlock911	 DelItem: D©y Thõng
18:31:45	 Account: unlock911	Name: Unlock911	 DelItem: §éc C¬ §ao
18:32:32	 Account: unlock912	Name: Unlock912	 DelItem: D©y Thõng
18:32:44	 Account: unlock912	Name: Unlock912	 DelItem: D©y Thõng
18:32:50	 Account: unlock912	Name: Unlock912	 DelItem: D©y Thõng
18:33:02	 Account: unlock912	Name: Unlock912	 DelItem: D©y Thõng
18:33:14	 Account: unlock912	Name: Unlock912	 DelItem: D©y Thõng
19:04:15	 Account: thoakhungz4	Name: ThöÙ§ôngÙTaoÙ§i	 DelItem: Tèng Kim Phi Tèc hoµn
19:04:15	 Account: thoakhungz4	Name: ThöÙ§ôngÙTaoÙ§i	 DelItem: LÖnh bµi
19:04:15	 Account: thoakhungz4	Name: ThöÙ§ôngÙTaoÙ§i	 DelItem: Tèng Kim Phi Tèc hoµn
19:04:15	 Account: thoakhungz4	Name: ThöÙ§ôngÙTaoÙ§i	 DelItem: Tèng Kim Phi Tèc hoµn
19:04:15	 Account: thoakhungz4	Name: ThöÙ§ôngÙTaoÙ§i	 DelItem: LÖnh bµi
19:04:15	 Account: thoakhungz4	Name: ThöÙ§ôngÙTaoÙ§i	 DelItem: Tèng Kim Phi Tèc hoµn
19:59:03	 Account: hieuadnew	Name: AdminÙSHXT	 DelItem: ChiÕu D¹ Ngäc S­ Tö 
20:49:57	 Account: cauchuga1	Name: H¾cÙNgäcÙKúÙL©n	 DelItem: Tóc S­¬ng
22:03:37	 Account: letutl72	Name: DoanhDoanh	 DelItem: Tóc S­¬ng
22:09:04	 Account: tranvinh04	Name: B­ímÙEmÙCãÙ§éc	 DelItem: §å phæ Hoµng Kim - §Þnh Quèc Ng©n Tµm Yªu ®¸i
22:14:07	 Account: vunguyen1987	Name: 444444444	 DelItem: Tóc S­¬ng
23:23:37	 Account: bogiabacki1	Name: bitheosau	 DelItem: Tóc S­¬ng
23:23:44	 Account: vunguyen1987	Name: 444444444	 DelItem: Kim Phong Kú L©n HuyÕt
23:23:44	 Account: vunguyen1987	Name: 444444444	 DelItem: Kim Phong Thanh D­¬ng Kh«i
23:23:44	 Account: vunguyen1987	Name: 444444444	 DelItem: Kim Phong Lan §×nh Ngäc
23:29:20	 Account: bogiabacki	Name: abcdefgh	 DelItem: Tóc S­¬ng
