09:43:18	 Account: nhokziki	Name: LInhThuy	 DelItem: Hoµng Kim - An Bang B¨ng Tinh Th¹ch H¹ng Liªn
09:43:18	 Account: nhokziki	Name: LInhThuy	 DelItem: Hoµng Kim - §Þnh Quèc Ng©n Tµm Yªu ®¸i
09:43:18	 Account: nhokziki	Name: LInhThuy	 DelItem: Hoµng Kim - §Þnh Quèc Tö §»ng Hé uyÓn
09:43:18	 Account: nhokziki	Name: LInhThuy	 DelItem: Thiªn Quang Thóc Thiªn Ph­îc §Þa Hoµn
12:57:28	 Account: gcity01	Name: conlon	 DelItem: TiÒn ®ång
12:57:28	 Account: gcity01	Name: conlon	 DelItem: TiÒn ®ång
12:57:28	 Account: gcity01	Name: conlon	 DelItem: TiÒn ®ång
12:57:28	 Account: gcity01	Name: conlon	 DelItem: TiÒn ®ång
12:57:28	 Account: gcity01	Name: conlon	 DelItem: TiÒn ®ång
16:39:24	 Account: vunguyen84	Name: ThienNhanKich	 DelItem: HuyÒn Tinh Kho¸ng Th¹ch 
16:40:01	 Account: vunguyen84	Name: ThienNhanKich	 DelItem: TiÒn ®ång
16:44:29	 Account: vunguyen84	Name: ThienNhanKich	 DelItem: Hång ¶nh Tô Chiªu
16:44:29	 Account: vunguyen84	Name: ThienNhanKich	 DelItem: Tö Thñy Tinh
16:44:29	 Account: vunguyen84	Name: ThienNhanKich	 DelItem: §å phæ Hoµng Kim - §Þnh Quèc Thanh Sa Tr­êng Sam
18:44:50	 Account: tuanlovekun	Name: 1ÙÙMrBB	 DelItem: H¸m Thiªn Thõa Long ChiÕn Ngoa
18:44:50	 Account: tuanlovekun	Name: 1ÙÙMrBB	 DelItem: H¸m Thiªn Hæ ®Çu KhÈn Thóc UyÓn
18:44:50	 Account: tuanlovekun	Name: 1ÙÙMrBB	 DelItem: H¸m Thiªn Uy Vò Thóc yªu ®¸i
18:44:50	 Account: tuanlovekun	Name: 1ÙÙMrBB	 DelItem: H¸m Thiªn Vò ThÇn T­¬ng Kim Gi¸p
18:44:50	 Account: tuanlovekun	Name: 1ÙÙMrBB	 DelItem: H¸m Thiªn Kim Hoµn §¹i Nh·n ThÇn Chïy
18:45:24	 Account: tuanlovekun	Name: 1ÙÙMrBB	 DelItem: H¸m Thiªn Thõa Long ChiÕn Ngoa
18:45:24	 Account: tuanlovekun	Name: 1ÙÙMrBB	 DelItem: H¸m Thiªn Hæ ®Çu KhÈn Thóc UyÓn
18:45:24	 Account: tuanlovekun	Name: 1ÙÙMrBB	 DelItem: H¸m Thiªn Uy Vò Thóc yªu ®¸i
18:45:24	 Account: tuanlovekun	Name: 1ÙÙMrBB	 DelItem: H¸m Thiªn Vò ThÇn T­¬ng Kim Gi¸p
18:45:24	 Account: tuanlovekun	Name: 1ÙÙMrBB	 DelItem: H¸m Thiªn Kim Hoµn §¹i Nh·n ThÇn Chïy
18:45:57	 Account: tuanlovekun	Name: 1ÙÙMrBB	 DelItem: H¸m Thiªn Thõa Long ChiÕn Ngoa
18:45:57	 Account: tuanlovekun	Name: 1ÙÙMrBB	 DelItem: H¸m Thiªn Hæ ®Çu KhÈn Thóc UyÓn
18:45:57	 Account: tuanlovekun	Name: 1ÙÙMrBB	 DelItem: H¸m Thiªn Uy Vò Thóc yªu ®¸i
18:45:57	 Account: tuanlovekun	Name: 1ÙÙMrBB	 DelItem: H¸m Thiªn Vò ThÇn T­¬ng Kim Gi¸p
18:45:57	 Account: tuanlovekun	Name: 1ÙÙMrBB	 DelItem: H¸m Thiªn Kim Hoµn §¹i Nh·n ThÇn Chïy
19:02:54	 Account: vailol1	Name: lumia1050	 DelItem: Hoµng Kim - §Þnh Quèc Ng©n Tµm Yªu ®¸i
19:02:54	 Account: vailol1	Name: lumia1050	 DelItem: Hoµng Kim - §Þnh Quèc Tö §»ng Hé uyÓn
19:02:54	 Account: vailol1	Name: lumia1050	 DelItem: Hoµng Kim - §Þnh Quèc XÝch Quyªn NhuyÔn Ngoa
19:02:54	 Account: vailol1	Name: lumia1050	 DelItem: Hoµng Kim - §Þnh Quèc ¤ Sa Ph¸t Qu¸n
19:02:54	 Account: vailol1	Name: lumia1050	 DelItem: Hoµng Kim - §Þnh Quèc Thanh Sa Tr­êng Sam
19:09:30	 Account: vailol1	Name: lumia1050	 DelItem: Phôc Ma Phæ §é T¨ng hµi
19:09:30	 Account: vailol1	Name: lumia1050	 DelItem: Phôc Ma ¤ Kim NhuyÔn §iÒu
19:09:30	 Account: vailol1	Name: lumia1050	 DelItem: Phôc Ma HuyÒn Hoµng Cµ Sa
19:09:30	 Account: vailol1	Name: lumia1050	 DelItem: Phôc Ma Tö Kim C«n
19:09:30	 Account: vailol1	Name: lumia1050	 DelItem: Hoµng Kim - An Bang §iÒn Hoµng Th¹ch Ngäc Béi
19:10:29	 Account: vailol1	Name: lumia1050	 DelItem: Méng Long §¹t Ma T¨ng hµi
19:10:29	 Account: vailol1	Name: lumia1050	 DelItem: Méng Long PhËt Ph¸p HuyÒn Béi
19:10:29	 Account: vailol1	Name: lumia1050	 DelItem: Méng Long HuyÒn Ti Ph¸t ®¸i
19:10:29	 Account: vailol1	Name: lumia1050	 DelItem: Méng Long Kim Ti ChÝnh Hång Cµ Sa
19:10:29	 Account: vailol1	Name: lumia1050	 DelItem: Méng Long ChÝnh Hång T¨ng M·o
19:11:30	 Account: vailol1	Name: lumia1050	 DelItem: L¨ng Nh¹c Thiªn §Þa HuyÒn Hoµng giíi
19:11:30	 Account: vailol1	Name: lumia1050	 DelItem: L¨ng Nh¹c Né L«i Giíi
19:11:30	 Account: vailol1	Name: lumia1050	 DelItem: L¨ng Nh¹c V« Ng· ®¹o bµo
19:11:30	 Account: vailol1	Name: lumia1050	 DelItem: L¨ng Nh¹c Th¸i Cùc KiÕm
19:11:30	 Account: vailol1	Name: lumia1050	 DelItem: L¨ng Nh¹c Thiªn §Þa HuyÒn Hoµng giíi
19:11:30	 Account: vailol1	Name: lumia1050	 DelItem: L¨ng Nh¹c V« Ng· ®¹o bµo
19:11:30	 Account: vailol1	Name: lumia1050	 DelItem: L¨ng Nh¹c Th¸i Cùc KiÕm
19:11:38	 Account: vailol1	Name: lumia1050	 DelItem: L¨ng Nh¹c V« Cùc HuyÒn Ngäc Béi
19:11:38	 Account: vailol1	Name: lumia1050	 DelItem: L¨ng Nh¹c V« Cùc HuyÒn Ngäc Béi
19:11:38	 Account: vailol1	Name: lumia1050	 DelItem: L¨ng Nh¹c Né L«i Giíi
19:44:37	 Account: truong01	Name: GhostBlade	 DelItem: LÖnh bµi Phong L¨ng §é
19:44:37	 Account: truong01	Name: GhostBlade	 DelItem: §å phæ Hoµng Kim - HiÖn Cèt §a T×nh Hoµn
19:44:37	 Account: truong01	Name: GhostBlade	 DelItem: Lôc Thñy Tinh
19:44:37	 Account: truong01	Name: GhostBlade	 DelItem: §å phæ Hoµng Kim - Nhu T×nh Thôc N÷ H¹ng Liªn
19:44:37	 Account: truong01	Name: GhostBlade	 DelItem: Phóc Duyªn Lé (TiÓu) 
19:44:37	 Account: truong01	Name: GhostBlade	 DelItem: §å phæ Hoµng Kim - Nhu T×nh Thôc N÷ H¹ng Liªn
19:44:37	 Account: truong01	Name: GhostBlade	 DelItem: §å phæ Hoµng Kim - §Þnh Quèc XÝch Quyªn NhuyÔn Ngoa
19:44:37	 Account: truong01	Name: GhostBlade	 DelItem: Tinh Hång B¶o Th¹ch
19:44:37	 Account: truong01	Name: GhostBlade	 DelItem: §å phæ Hoµng Kim - HiÖn Cèt §an T©m Giíi
19:44:37	 Account: truong01	Name: GhostBlade	 DelItem: LÖnh bµi Phong L¨ng §é
19:44:37	 Account: truong01	Name: GhostBlade	 DelItem: M¶nh §å Phæ [Hoµng Kim]
19:44:37	 Account: truong01	Name: GhostBlade	 DelItem: Lôc Thñy Tinh
19:44:37	 Account: truong01	Name: GhostBlade	 DelItem: TiÒn ®ång
19:44:37	 Account: truong01	Name: GhostBlade	 DelItem: §å phæ Hoµng Kim - Nhu T×nh C©n Quèc Nghª Th­êng
19:48:39	 Account: truong02	Name: xMoonz	 DelItem: S¸ch kü n¨ng cÊp 90
19:48:39	 Account: truong02	Name: xMoonz	 DelItem: S¸ch kü n¨ng cÊp 90
19:48:39	 Account: truong02	Name: xMoonz	 DelItem: S¸ch kü n¨ng cÊp 90
19:48:39	 Account: truong02	Name: xMoonz	 DelItem: §å phæ Hoµng Kim - §Þnh Quèc ¤ Sa Ph¸t Qu¸n
20:06:54	 Account: hieu01	Name: heniken	 DelItem: Tiªn Th¶o Lé 
20:06:54	 Account: hieu01	Name: heniken	 DelItem: Tiªn Th¶o Lé 
20:06:54	 Account: hieu01	Name: heniken	 DelItem: Tiªn Th¶o Lé 
20:06:54	 Account: hieu01	Name: heniken	 DelItem: Tiªn Th¶o Lé 
20:06:54	 Account: hieu01	Name: heniken	 DelItem: Tiªn Th¶o Lé 
20:08:50	 Account: hieu01	Name: heniken	 DelItem: Ngò §éc §ao ph¸p. QuyÓn 2
20:08:50	 Account: hieu01	Name: heniken	 DelItem: Tiªn Th¶o Lé 
20:08:50	 Account: hieu01	Name: heniken	 DelItem: Tiªn Th¶o Lé 
20:08:50	 Account: hieu01	Name: heniken	 DelItem: Tiªn Th¶o Lé 
20:08:50	 Account: hieu01	Name: heniken	 DelItem: Tiªn Th¶o Lé 
20:08:50	 Account: hieu01	Name: heniken	 DelItem: Tiªn Th¶o Lé 
20:08:50	 Account: hieu01	Name: heniken	 DelItem: Tiªn Th¶o Lé 
20:08:50	 Account: hieu01	Name: heniken	 DelItem: Tiªn Th¶o Lé 
20:08:50	 Account: hieu01	Name: heniken	 DelItem: Tiªn Th¶o Lé 
20:08:50	 Account: hieu01	Name: heniken	 DelItem: Tiªn Th¶o Lé 
20:08:50	 Account: hieu01	Name: heniken	 DelItem: Tiªn Th¶o Lé 
20:14:01	 Account: truong01	Name: YanÙFreyaÙ	 DelItem: B«n Tiªu
20:14:01	 Account: truong01	Name: YanÙFreyaÙ	 DelItem: B¾c §Èu ThuÇn M· ThuËt
20:14:01	 Account: truong01	Name: YanÙFreyaÙ	 DelItem: TiÒn ®ång
20:14:01	 Account: truong01	Name: YanÙFreyaÙ	 DelItem: TiÒn ®ång
20:14:01	 Account: truong01	Name: YanÙFreyaÙ	 DelItem: Vâ L©m MËt TÞch
20:14:01	 Account: truong01	Name: YanÙFreyaÙ	 DelItem: TiÒn ®ång
