00:00:42	 Account: minsimon1	Name: ÙDÇnÙSG	 DelItem: Kim Phong Lan §×nh Ngäc
00:35:52	 Account: samsimon2	Name: ÙMiaÙSG	 DelItem: Tóc S­¬ng
02:15:21	 Account: longyen013	Name: caycuoc	 DelItem: Kim Phong Thanh D­¬ng Kh«i
02:15:30	 Account: longyen013	Name: caycuoc	 DelItem: Kim Phong Kú L©n HuyÕt
02:15:54	 Account: longyen013	Name: caycuoc	 DelItem: Kim Phong Thiªn Lý Th¶o Th­îng Phi
02:16:04	 Account: longyen013	Name: caycuoc	 DelItem: Kim Phong HËu NghÖ dÉn cung
02:16:12	 Account: longyen013	Name: caycuoc	 DelItem: Kim Phong Lan §×nh Ngäc
02:17:11	 Account: longyen013	Name: caycuoc	 DelItem: Kim Phong §o¹t Hån Ngäc ®¸i
02:17:18	 Account: longyen013	Name: caycuoc	 DelItem: Kim Phong Tr¹c Liªn Quang
02:17:24	 Account: longyen013	Name: caycuoc	 DelItem: Kim Phong §ång T­íc Xu©n Th©m
02:17:31	 Account: longyen013	Name: caycuoc	 DelItem: Kim Phong C«ng CÈn Tam Th¸n
02:36:41	 Account: ngocbich01	Name: KhoEvent1	 DelItem: Kim Phong Lan §×nh Ngäc
02:36:41	 Account: ngocbich01	Name: KhoEvent1	 DelItem: Kim Phong Thanh D­¬ng Kh«i
02:36:41	 Account: ngocbich01	Name: KhoEvent1	 DelItem: Kim Phong Kú L©n HuyÕt
02:36:41	 Account: ngocbich01	Name: KhoEvent1	 DelItem: Kim Phong Tr¹c Liªn Quang
02:36:41	 Account: ngocbich01	Name: KhoEvent1	 DelItem: Kim Phong Thiªn Lý Th¶o Th­îng Phi
02:36:56	 Account: ngocbich01	Name: KhoEvent1	 DelItem: Kim Phong §ång T­íc Xu©n Th©m
02:36:56	 Account: ngocbich01	Name: KhoEvent1	 DelItem: Kim Phong §o¹t Hån Ngäc ®¸i
02:36:56	 Account: ngocbich01	Name: KhoEvent1	 DelItem: Kim Phong HËu NghÖ dÉn cung
02:36:56	 Account: ngocbich01	Name: KhoEvent1	 DelItem: Kim Phong C«ng CÈn Tam Th¸n
06:01:46	 Account: huy1712	Name: ¡nÙMµyÙV­¬ngÙGia	 DelItem: B¸ V­¬ngTiªu
06:01:46	 Account: huy1712	Name: ¡nÙMµyÙV­¬ngÙGia	 DelItem: T©m ý §ao
06:01:55	 Account: huy1712	Name: ¡nÙMµyÙV­¬ngÙGia	 DelItem: Kim Tiªu 
06:01:55	 Account: huy1712	Name: ¡nÙMµyÙV­¬ngÙGia	 DelItem: Kim Tiªu 
06:02:15	 Account: huy1712	Name: ¡nÙMµyÙV­¬ngÙGia	 DelItem: Quang C¸n §ao
06:02:15	 Account: huy1712	Name: ¡nÙMµyÙV­¬ngÙGia	 DelItem: ThiÕu L©m L­îng Ng©n Phi Tiªu
06:02:39	 Account: huy1712	Name: ¡nÙMµyÙV­¬ngÙGia	 DelItem: T©m ý §ao
06:02:45	 Account: huy1712	Name: ¡nÙMµyÙV­¬ngÙGia	 DelItem: Kim Tiªu 
06:02:54	 Account: huy1712	Name: ¡nÙMµyÙV­¬ngÙGia	 DelItem: To¸i NguyÖt §ao
06:03:00	 Account: huy1712	Name: ¡nÙMµyÙV­¬ngÙGia	 DelItem: To¸i NguyÖt §ao
07:18:04	 Account: xebmt7	Name: buffbuathoi	 DelItem: Kim Phong Kú L©n HuyÕt
07:18:04	 Account: xebmt7	Name: buffbuathoi	 DelItem: Kim Phong Thanh D­¬ng Kh«i
07:18:19	 Account: xebmt7	Name: buffbuathoi	 DelItem: Kim Phong Thiªn Lý Th¶o Th­îng Phi
07:18:19	 Account: xebmt7	Name: buffbuathoi	 DelItem: Kim Phong Tr¹c Liªn Quang
07:18:19	 Account: xebmt7	Name: buffbuathoi	 DelItem: Kim Phong Lan §×nh Ngäc
07:18:19	 Account: xebmt7	Name: buffbuathoi	 DelItem: Kim Phong HËu NghÖ dÉn cung
07:18:19	 Account: xebmt7	Name: buffbuathoi	 DelItem: Kim Phong Lan §×nh Ngäc
07:52:34	 Account: samsimon1	Name: ÙHîiÙSG	 DelItem: Kim Phong Kú L©n HuyÕt
07:52:46	 Account: samsimon1	Name: ÙHîiÙSG	 DelItem: Kim Phong §o¹t Hån Ngäc ®¸i
08:22:41	 Account: phamtungdhv1	Name: ZzJindozZ	 DelItem: Tóc S­¬ng
08:41:04	 Account: sangtpbrvt1	Name: SangTp1	 DelItem: Tóc S­¬ng
09:09:56	 Account: huy102	Name: §écToµnTh©n	 DelItem: Kim Phong §o¹t Hån Ngäc ®¸i
09:09:56	 Account: huy102	Name: §écToµnTh©n	 DelItem: Kim Phong C«ng CÈn Tam Th¸n
09:09:56	 Account: huy102	Name: §écToµnTh©n	 DelItem: Kim Phong Thanh D­¬ng Kh«i
09:09:56	 Account: huy102	Name: §écToµnTh©n	 DelItem: Kim Phong Thiªn Lý Th¶o Th­îng Phi
09:09:56	 Account: huy102	Name: §écToµnTh©n	 DelItem: Kim Phong §ång T­íc Xu©n Th©m
09:09:56	 Account: huy102	Name: §écToµnTh©n	 DelItem: Kim Phong HËu NghÖ dÉn cung
09:09:56	 Account: huy102	Name: §écToµnTh©n	 DelItem: Kim Phong Lan §×nh Ngäc
09:09:56	 Account: huy102	Name: §écToµnTh©n	 DelItem: Kim Phong Kú L©n HuyÕt
09:09:56	 Account: huy102	Name: §écToµnTh©n	 DelItem: Kim Phong Tr¹c Liªn Quang
09:14:28	 Account: samsimon1	Name: ÙHîiÙSG	 DelItem: Kim Phong Thiªn Lý Th¶o Th­îng Phi
09:58:41	 Account: samsimon1	Name: ÙHîiÙSG	 DelItem: Kim Phong Lan §×nh Ngäc
09:58:41	 Account: samsimon1	Name: ÙHîiÙSG	 DelItem: Kim Phong C«ng CÈn Tam Th¸n
09:58:41	 Account: samsimon1	Name: ÙHîiÙSG	 DelItem: Kim Phong §ång T­íc Xu©n Th©m
10:20:44	 Account: phamtungdhv6	Name: ZzYunazZ	 DelItem: Tóc S­¬ng
10:44:02	 Account: phamtungdhv2	Name: ZzNgocCuxiZz	 DelItem: Tóc S­¬ng
10:45:33	 Account: longyen012	Name: TiÓuÙLong	 DelItem: Hoµng §ång §Çu Hoµn
11:28:44	 Account: tieubao152	Name: TiÓuB¶o	 DelItem: CÈm nang ®ång hµnh
11:31:04	 Account: thoakhungz1	Name: §õngÙChäcÙTaoo	 DelItem: Kim Phong Kú L©n HuyÕt
11:31:18	 Account: thoakhungz1	Name: §õngÙChäcÙTaoo	 DelItem: Kim Phong §ång T­íc Xu©n Th©m
11:31:18	 Account: thoakhungz1	Name: §õngÙChäcÙTaoo	 DelItem: Kim Phong §o¹t Hån Ngäc ®¸i
11:31:18	 Account: thoakhungz1	Name: §õngÙChäcÙTaoo	 DelItem: Kim Phong HËu NghÖ dÉn cung
11:31:18	 Account: thoakhungz1	Name: §õngÙChäcÙTaoo	 DelItem: Kim Phong C«ng CÈn Tam Th¸n
11:31:18	 Account: thoakhungz1	Name: §õngÙChäcÙTaoo	 DelItem: Kim Phong Lan §×nh Ngäc
11:31:18	 Account: thoakhungz1	Name: §õngÙChäcÙTaoo	 DelItem: Kim Phong Thanh D­¬ng Kh«i
11:31:18	 Account: thoakhungz1	Name: §õngÙChäcÙTaoo	 DelItem: Kim Phong Tr¹c Liªn Quang
11:31:18	 Account: thoakhungz1	Name: §õngÙChäcÙTaoo	 DelItem: Kim Phong Thiªn Lý Th¶o Th­îng Phi
11:31:36	 Account: thoakhungz4	Name: ThöÙChäcÙTaoÙ§i	 DelItem: Kim Phong §ång T­íc Xu©n Th©m
11:31:36	 Account: thoakhungz4	Name: ThöÙChäcÙTaoÙ§i	 DelItem: Kim Phong §o¹t Hån Ngäc ®¸i
11:31:36	 Account: thoakhungz4	Name: ThöÙChäcÙTaoÙ§i	 DelItem: Kim Phong HËu NghÖ dÉn cung
11:31:36	 Account: thoakhungz4	Name: ThöÙChäcÙTaoÙ§i	 DelItem: Kim Phong C«ng CÈn Tam Th¸n
11:31:36	 Account: thoakhungz4	Name: ThöÙChäcÙTaoÙ§i	 DelItem: Kim Phong Lan §×nh Ngäc
11:31:36	 Account: thoakhungz4	Name: ThöÙChäcÙTaoÙ§i	 DelItem: Kim Phong Kú L©n HuyÕt
11:31:36	 Account: thoakhungz4	Name: ThöÙChäcÙTaoÙ§i	 DelItem: Kim Phong Tr¹c Liªn Quang
11:31:36	 Account: thoakhungz4	Name: ThöÙChäcÙTaoÙ§i	 DelItem: Kim Phong Thiªn Lý Th¶o Th­îng Phi
11:31:41	 Account: thoakhungz4	Name: ThöÙChäcÙTaoÙ§i	 DelItem: Kim Phong Thanh D­¬ng Kh«i
11:32:11	 Account: thoakhungz2	Name: Nh©yÙV·iÙLång	 DelItem: Kim Phong §ång T­íc Xu©n Th©m
11:32:11	 Account: thoakhungz2	Name: Nh©yÙV·iÙLång	 DelItem: Kim Phong §o¹t Hån Ngäc ®¸i
11:32:11	 Account: thoakhungz2	Name: Nh©yÙV·iÙLång	 DelItem: Kim Phong HËu NghÖ dÉn cung
11:32:11	 Account: thoakhungz2	Name: Nh©yÙV·iÙLång	 DelItem: Kim Phong C«ng CÈn Tam Th¸n
11:32:11	 Account: thoakhungz2	Name: Nh©yÙV·iÙLång	 DelItem: Kim Phong Lan §×nh Ngäc
11:32:11	 Account: thoakhungz2	Name: Nh©yÙV·iÙLång	 DelItem: Kim Phong Thanh D­¬ng Kh«i
11:32:11	 Account: thoakhungz2	Name: Nh©yÙV·iÙLång	 DelItem: Kim Phong Kú L©n HuyÕt
11:32:11	 Account: thoakhungz2	Name: Nh©yÙV·iÙLång	 DelItem: Kim Phong Tr¹c Liªn Quang
11:32:11	 Account: thoakhungz2	Name: Nh©yÙV·iÙLång	 DelItem: Kim Phong Thiªn Lý Th¶o Th­îng Phi
11:33:39	 Account: thoakhungz2	Name: Nh©yÙV·iÙLång	 DelItem: Kim Phong Tr¹c Liªn Quang
12:05:56	 Account: thoakhungz1	Name: §õngÙChäcÙTaoo	 DelItem: Tóc S­¬ng
12:07:26	 Account: thoakhungz2	Name: Nh©yÙV·iÙLång	 DelItem: Tóc S­¬ng
12:08:14	 Account: thoakhungz4	Name: ThöÙChäcÙTaoÙ§i	 DelItem: Tóc S­¬ng
12:17:03	 Account: tranvinh01	Name: Ù2ÙSaoÙ1ÙG¹ch	 DelItem: Kim Phong Tr¹c Liªn Quang
12:17:03	 Account: tranvinh01	Name: Ù2ÙSaoÙ1ÙG¹ch	 DelItem: Kim Phong Kú L©n HuyÕt
12:17:03	 Account: tranvinh01	Name: Ù2ÙSaoÙ1ÙG¹ch	 DelItem: Kim Phong Thanh D­¬ng Kh«i
12:17:03	 Account: tranvinh01	Name: Ù2ÙSaoÙ1ÙG¹ch	 DelItem: Kim Phong C«ng CÈn Tam Th¸n
12:17:03	 Account: tranvinh01	Name: Ù2ÙSaoÙ1ÙG¹ch	 DelItem: Kim Phong HËu NghÖ dÉn cung
12:17:03	 Account: tranvinh01	Name: Ù2ÙSaoÙ1ÙG¹ch	 DelItem: Kim Phong §o¹t Hån Ngäc ®¸i
12:17:17	 Account: tranvinh01	Name: Ù2ÙSaoÙ1ÙG¹ch	 DelItem: Kim Phong §ång T­íc Xu©n Th©m
12:32:54	 Account: phamtungdhv4	Name: ZzTungpszZ	 DelItem: Tóc S­¬ng
13:09:03	 Account: phamtungdhv3	Name: ZzNhimXinhzZ	 DelItem: Tóc S­¬ng
13:17:12	 Account: thangvl5	Name: 5HáaCaCa	 DelItem: Kim Phong §o¹t Hån Ngäc ®¸i
13:17:12	 Account: thangvl5	Name: 5HáaCaCa	 DelItem: Kim Phong HËu NghÖ dÉn cung
13:17:12	 Account: thangvl5	Name: 5HáaCaCa	 DelItem: Kim Phong Thanh D­¬ng Kh«i
13:17:12	 Account: thangvl5	Name: 5HáaCaCa	 DelItem: Kim Phong Tr¹c Liªn Quang
13:17:12	 Account: thangvl5	Name: 5HáaCaCa	 DelItem: Kim Phong Thiªn Lý Th¶o Th­îng Phi
13:17:12	 Account: thangvl5	Name: 5HáaCaCa	 DelItem: Kim Phong HËu NghÖ dÉn cung
13:17:12	 Account: thangvl5	Name: 5HáaCaCa	 DelItem: Kim Phong Lan §×nh Ngäc
13:17:12	 Account: thangvl5	Name: 5HáaCaCa	 DelItem: Kim Phong Thanh D­¬ng Kh«i
13:17:12	 Account: thangvl5	Name: 5HáaCaCa	 DelItem: Kim Phong Lan §×nh Ngäc
13:17:34	 Account: thangvl5	Name: 5HáaCaCa	 DelItem: Kim Phong §ång T­íc Xu©n Th©m
13:17:34	 Account: thangvl5	Name: 5HáaCaCa	 DelItem: Kim Phong C«ng CÈn Tam Th¸n
13:17:34	 Account: thangvl5	Name: 5HáaCaCa	 DelItem: Kim Phong §ång T­íc Xu©n Th©m
13:17:34	 Account: thangvl5	Name: 5HáaCaCa	 DelItem: Kim Phong C«ng CÈn Tam Th¸n
13:17:34	 Account: thangvl5	Name: 5HáaCaCa	 DelItem: Kim Phong Thiªn Lý Th¶o Th­îng Phi
13:17:34	 Account: thangvl5	Name: 5HáaCaCa	 DelItem: Kim Phong Tr¹c Liªn Quang
13:17:34	 Account: thangvl5	Name: 5HáaCaCa	 DelItem: Kim Phong Tr¹c Liªn Quang
13:17:34	 Account: thangvl5	Name: 5HáaCaCa	 DelItem: Kim Phong Kú L©n HuyÕt
13:17:34	 Account: thangvl5	Name: 5HáaCaCa	 DelItem: Kim Phong §o¹t Hån Ngäc ®¸i
13:17:34	 Account: thangvl5	Name: 5HáaCaCa	 DelItem: Kim Phong Thiªn Lý Th¶o Th­îng Phi
13:17:41	 Account: thangvl5	Name: 5HáaCaCa	 DelItem: Kim Phong Kú L©n HuyÕt
13:28:44	 Account: thangvl8	Name: 8C«nL«nCaCa	 DelItem: Kim Phong Tr¹c Liªn Quang
13:28:44	 Account: thangvl8	Name: 8C«nL«nCaCa	 DelItem: Kim Phong §o¹t Hån Ngäc ®¸i
13:28:44	 Account: thangvl8	Name: 8C«nL«nCaCa	 DelItem: Kim Phong HËu NghÖ dÉn cung
13:28:44	 Account: thangvl8	Name: 8C«nL«nCaCa	 DelItem: Kim Phong Lan §×nh Ngäc
13:28:44	 Account: thangvl8	Name: 8C«nL«nCaCa	 DelItem: Kim Phong Tr¹c Liªn Quang
13:28:44	 Account: thangvl8	Name: 8C«nL«nCaCa	 DelItem: Kim Phong Thiªn Lý Th¶o Th­îng Phi
13:28:44	 Account: thangvl8	Name: 8C«nL«nCaCa	 DelItem: Kim Phong Thanh D­¬ng Kh«i
13:28:44	 Account: thangvl8	Name: 8C«nL«nCaCa	 DelItem: Kim Phong Kú L©n HuyÕt
13:28:53	 Account: thangvl8	Name: 8C«nL«nCaCa	 DelItem: Kim Phong C«ng CÈn Tam Th¸n
13:28:53	 Account: thangvl8	Name: 8C«nL«nCaCa	 DelItem: Kim Phong §ång T­íc Xu©n Th©m
13:47:43	 Account: thangvl9	Name: 9ThóyYªn	 DelItem: Kim Phong §ång T­íc Xu©n Th©m
13:47:43	 Account: thangvl9	Name: 9ThóyYªn	 DelItem: Kim Phong §o¹t Hån Ngäc ®¸i
13:47:43	 Account: thangvl9	Name: 9ThóyYªn	 DelItem: Kim Phong HËu NghÖ dÉn cung
13:47:43	 Account: thangvl9	Name: 9ThóyYªn	 DelItem: Kim Phong C«ng CÈn Tam Th¸n
13:47:43	 Account: thangvl9	Name: 9ThóyYªn	 DelItem: Kim Phong Lan §×nh Ngäc
13:47:43	 Account: thangvl9	Name: 9ThóyYªn	 DelItem: Kim Phong Thanh D­¬ng Kh«i
13:47:43	 Account: thangvl9	Name: 9ThóyYªn	 DelItem: Kim Phong Tr¹c Liªn Quang
13:47:43	 Account: thangvl9	Name: 9ThóyYªn	 DelItem: Kim Phong Thiªn Lý Th¶o Th­îng Phi
13:47:43	 Account: thangvl9	Name: 9ThóyYªn	 DelItem: Kim Phong Kú L©n HuyÕt
13:48:27	 Account: thangvl9	Name: 9ThóyYªn	 DelItem: Kim Phong Tr¹c Liªn Quang
14:04:28	 Account: thangvl10	Name: 10S­Cä	 DelItem: Kim Phong §ång T­íc Xu©n Th©m
14:04:28	 Account: thangvl10	Name: 10S­Cä	 DelItem: Kim Phong §o¹t Hån Ngäc ®¸i
14:04:28	 Account: thangvl10	Name: 10S­Cä	 DelItem: Kim Phong HËu NghÖ dÉn cung
14:04:28	 Account: thangvl10	Name: 10S­Cä	 DelItem: Kim Phong Thanh D­¬ng Kh«i
14:04:28	 Account: thangvl10	Name: 10S­Cä	 DelItem: Kim Phong Kú L©n HuyÕt
14:04:28	 Account: thangvl10	Name: 10S­Cä	 DelItem: Kim Phong Tr¹c Liªn Quang
14:04:28	 Account: thangvl10	Name: 10S­Cä	 DelItem: Kim Phong C«ng CÈn Tam Th¸n
14:04:28	 Account: thangvl10	Name: 10S­Cä	 DelItem: Kim Phong Lan §×nh Ngäc
14:04:28	 Account: thangvl10	Name: 10S­Cä	 DelItem: Kim Phong Thiªn Lý Th¶o Th­îng Phi
14:05:31	 Account: thangvl10	Name: 10S­Cä	 DelItem: Kim Phong Tr¹c Liªn Quang
14:24:53	 Account: tumap3000	Name: EmChoiLai	 DelItem: Kim Phong Kú L©n HuyÕt
14:30:22	 Account: samsimon1	Name: ÙHîiÙSG	 DelItem: Kim Phong Tr¹c Liªn Quang
15:21:47	 Account: minhvu25091990	Name: XinhGai2	 DelItem: Kim Phong §o¹t Hån Ngäc ®¸i
15:21:47	 Account: minhvu25091990	Name: XinhGai2	 DelItem: Kim Phong C«ng CÈn Tam Th¸n
15:21:47	 Account: minhvu25091990	Name: XinhGai2	 DelItem: Kim Phong Lan §×nh Ngäc
15:21:47	 Account: minhvu25091990	Name: XinhGai2	 DelItem: Kim Phong Thanh D­¬ng Kh«i
15:21:47	 Account: minhvu25091990	Name: XinhGai2	 DelItem: Kim Phong Kú L©n HuyÕt
15:21:47	 Account: minhvu25091990	Name: XinhGai2	 DelItem: Kim Phong §ång T­íc Xu©n Th©m
15:21:47	 Account: minhvu25091990	Name: XinhGai2	 DelItem: Kim Phong HËu NghÖ dÉn cung
15:21:47	 Account: minhvu25091990	Name: XinhGai2	 DelItem: Kim Phong Tr¹c Liªn Quang
15:21:47	 Account: minhvu25091990	Name: XinhGai2	 DelItem: Kim Phong Thiªn Lý Th¶o Th­îng Phi
16:06:51	 Account: minhvu25091990	Name: XinhGai3	 DelItem: Kim Phong §ång T­íc Xu©n Th©m
16:06:51	 Account: minhvu25091990	Name: XinhGai3	 DelItem: Kim Phong C«ng CÈn Tam Th¸n
16:06:51	 Account: minhvu25091990	Name: XinhGai3	 DelItem: Kim Phong Lan §×nh Ngäc
16:06:51	 Account: minhvu25091990	Name: XinhGai3	 DelItem: Kim Phong Thanh D­¬ng Kh«i
16:06:51	 Account: minhvu25091990	Name: XinhGai3	 DelItem: Kim Phong Kú L©n HuyÕt
16:06:51	 Account: minhvu25091990	Name: XinhGai3	 DelItem: Kim Phong Thiªn Lý Th¶o Th­îng Phi
16:06:51	 Account: minhvu25091990	Name: XinhGai3	 DelItem: Kim Phong §o¹t Hån Ngäc ®¸i
16:06:51	 Account: minhvu25091990	Name: XinhGai3	 DelItem: Kim Phong HËu NghÖ dÉn cung
16:06:51	 Account: minhvu25091990	Name: XinhGai3	 DelItem: Kim Phong Tr¹c Liªn Quang
16:16:46	 Account: thoakhungz6	Name: X¹oÙKeÙChóa	 DelItem: Tóc S­¬ng
16:16:53	 Account: thoakhungz5	Name: CùcÙKúÙBèÙL¸o	 DelItem: Tóc S­¬ng
16:25:09	 Account: voanhkhoa	Name: HuyÕtMa	 DelItem: Kim Phong Tr¹c Liªn Quang
16:51:39	 Account: egamez1	Name: 212121	 DelItem: Kim Phong Tr¹c Liªn Quang
17:04:46	 Account: thaocanh113	Name: ThiªnÙNh·	 DelItem: Kim Phong §ång T­íc Xu©n Th©m
17:04:46	 Account: thaocanh113	Name: ThiªnÙNh·	 DelItem: Kim Phong C«ng CÈn Tam Th¸n
17:04:46	 Account: thaocanh113	Name: ThiªnÙNh·	 DelItem: Kim Phong Lan §×nh Ngäc
17:04:46	 Account: thaocanh113	Name: ThiªnÙNh·	 DelItem: Kim Phong Thanh D­¬ng Kh«i
17:04:46	 Account: thaocanh113	Name: ThiªnÙNh·	 DelItem: Kim Phong §o¹t Hån Ngäc ®¸i
17:04:46	 Account: thaocanh113	Name: ThiªnÙNh·	 DelItem: Kim Phong HËu NghÖ dÉn cung
17:04:46	 Account: thaocanh113	Name: ThiªnÙNh·	 DelItem: Kim Phong Kú L©n HuyÕt
17:04:46	 Account: thaocanh113	Name: ThiªnÙNh·	 DelItem: Kim Phong Tr¹c Liªn Quang
17:04:53	 Account: thaocanh113	Name: ThiªnÙNh·	 DelItem: Kim Phong Thiªn Lý Th¶o Th­îng Phi
17:13:38	 Account: hoailanghp1	Name: HPTieuPhong	 DelItem: Kim Phong §ång T­íc Xu©n Th©m
17:13:38	 Account: hoailanghp1	Name: HPTieuPhong	 DelItem: Kim Phong §o¹t Hån Ngäc ®¸i
17:13:38	 Account: hoailanghp1	Name: HPTieuPhong	 DelItem: Kim Phong HËu NghÖ dÉn cung
17:13:38	 Account: hoailanghp1	Name: HPTieuPhong	 DelItem: Kim Phong C«ng CÈn Tam Th¸n
17:13:38	 Account: hoailanghp1	Name: HPTieuPhong	 DelItem: Kim Phong Lan §×nh Ngäc
17:13:38	 Account: hoailanghp1	Name: HPTieuPhong	 DelItem: Kim Phong Thanh D­¬ng Kh«i
17:13:38	 Account: hoailanghp1	Name: HPTieuPhong	 DelItem: Kim Phong Kú L©n HuyÕt
17:13:38	 Account: hoailanghp1	Name: HPTieuPhong	 DelItem: Kim Phong Tr¹c Liªn Quang
17:13:38	 Account: hoailanghp1	Name: HPTieuPhong	 DelItem: Kim Phong Thiªn Lý Th¶o Th­îng Phi
17:38:29	 Account: hoailanghp2	Name: HPVuPhong	 DelItem: Kim Phong §ång T­íc Xu©n Th©m
17:38:29	 Account: hoailanghp2	Name: HPVuPhong	 DelItem: Kim Phong §o¹t Hån Ngäc ®¸i
17:38:29	 Account: hoailanghp2	Name: HPVuPhong	 DelItem: Kim Phong HËu NghÖ dÉn cung
17:38:29	 Account: hoailanghp2	Name: HPVuPhong	 DelItem: Kim Phong C«ng CÈn Tam Th¸n
17:38:29	 Account: hoailanghp2	Name: HPVuPhong	 DelItem: Kim Phong Lan §×nh Ngäc
17:38:29	 Account: hoailanghp2	Name: HPVuPhong	 DelItem: Kim Phong Thanh D­¬ng Kh«i
17:38:29	 Account: hoailanghp2	Name: HPVuPhong	 DelItem: Kim Phong Tr¹c Liªn Quang
17:38:29	 Account: hoailanghp2	Name: HPVuPhong	 DelItem: Kim Phong Kú L©n HuyÕt
17:38:29	 Account: hoailanghp2	Name: HPVuPhong	 DelItem: Kim Phong Thiªn Lý Th¶o Th­îng Phi
17:41:58	 Account: thaocanh114	Name: §MÙVIP	 DelItem: Kim Phong §ång T­íc Xu©n Th©m
17:41:58	 Account: thaocanh114	Name: §MÙVIP	 DelItem: Kim Phong §o¹t Hån Ngäc ®¸i
17:41:58	 Account: thaocanh114	Name: §MÙVIP	 DelItem: Kim Phong HËu NghÖ dÉn cung
17:41:58	 Account: thaocanh114	Name: §MÙVIP	 DelItem: Kim Phong C«ng CÈn Tam Th¸n
17:41:58	 Account: thaocanh114	Name: §MÙVIP	 DelItem: Kim Phong Lan §×nh Ngäc
17:41:58	 Account: thaocanh114	Name: §MÙVIP	 DelItem: Kim Phong Thanh D­¬ng Kh«i
17:41:58	 Account: thaocanh114	Name: §MÙVIP	 DelItem: Kim Phong Kú L©n HuyÕt
17:41:58	 Account: thaocanh114	Name: §MÙVIP	 DelItem: Kim Phong Tr¹c Liªn Quang
17:41:58	 Account: thaocanh114	Name: §MÙVIP	 DelItem: Kim Phong Thiªn Lý Th¶o Th­îng Phi
17:51:15	 Account: asdzxcdsa	Name: V«ÙTuÙV«ÙChøngÙ	 DelItem: Kim Phong Thiªn Lý Th¶o Th­îng Phi
17:51:21	 Account: asdzxcdsa	Name: V«ÙTuÙV«ÙChøngÙ	 DelItem: Tóc S­¬ng
17:51:28	 Account: asdzxcdsa	Name: V«ÙTuÙV«ÙChøngÙ	 DelItem: Kim Phong Lan §×nh Ngäc
17:51:35	 Account: asdzxcdsa	Name: V«ÙTuÙV«ÙChøngÙ	 DelItem: Kim Phong HËu NghÖ dÉn cung
17:51:41	 Account: asdzxcdsa	Name: V«ÙTuÙV«ÙChøngÙ	 DelItem: Kim Phong Thanh D­¬ng Kh«i
17:51:48	 Account: asdzxcdsa	Name: V«ÙTuÙV«ÙChøngÙ	 DelItem: Kim Phong Kú L©n HuyÕt
17:51:53	 Account: asdzxcdsa	Name: V«ÙTuÙV«ÙChøngÙ	 DelItem: Kim Phong Tr¹c Liªn Quang
17:52:01	 Account: asdzxcdsa	Name: V«ÙTuÙV«ÙChøngÙ	 DelItem: Kim Phong §ång T­íc Xu©n Th©m
17:52:05	 Account: asdzxcdsa	Name: V«ÙTuÙV«ÙChøngÙ	 DelItem: Kim Phong §o¹t Hån Ngäc ®¸i
17:52:10	 Account: asdzxcdsa	Name: V«ÙTuÙV«ÙChøngÙ	 DelItem: Kim Phong C«ng CÈn Tam Th¸n
18:23:17	 Account: thoakhungz6	Name: X¹oÙKeÙChóa	 DelItem: Kim Phong Tr¹c Liªn Quang
18:24:49	 Account: samsimon1	Name: ÙHîiÙSG	 DelItem: Kim Phong HËu NghÖ dÉn cung
18:57:07	 Account: thoakhungz5	Name: CùcÙKúÙBèÙL¸o	 DelItem: Kim Phong Tr¹c Liªn Quang
19:34:24	 Account: ribi01	Name: RiBi01	 DelItem: Tóc S­¬ng
19:42:55	 Account: phuongboss4	Name: ÙÙÙLuLuÙÙÙ	 DelItem: Kim Phong §ång T­íc Xu©n Th©m
19:42:55	 Account: phuongboss4	Name: ÙÙÙLuLuÙÙÙ	 DelItem: Kim Phong C«ng CÈn Tam Th¸n
19:42:55	 Account: phuongboss4	Name: ÙÙÙLuLuÙÙÙ	 DelItem: Kim Phong Tr¹c Liªn Quang
19:47:45	 Account: hoailanghp3	Name: HPHoaPhong	 DelItem: Kim Phong C«ng CÈn Tam Th¸n
19:47:45	 Account: hoailanghp3	Name: HPHoaPhong	 DelItem: Kim Phong Lan §×nh Ngäc
19:47:45	 Account: hoailanghp3	Name: HPHoaPhong	 DelItem: Kim Phong Thiªn Lý Th¶o Th­îng Phi
19:47:45	 Account: hoailanghp3	Name: HPHoaPhong	 DelItem: Kim Phong §ång T­íc Xu©n Th©m
19:47:45	 Account: hoailanghp3	Name: HPHoaPhong	 DelItem: Kim Phong §o¹t Hån Ngäc ®¸i
19:47:45	 Account: hoailanghp3	Name: HPHoaPhong	 DelItem: Kim Phong HËu NghÖ dÉn cung
19:47:45	 Account: hoailanghp3	Name: HPHoaPhong	 DelItem: Kim Phong Thanh D­¬ng Kh«i
19:47:45	 Account: hoailanghp3	Name: HPHoaPhong	 DelItem: Kim Phong Kú L©n HuyÕt
19:47:45	 Account: hoailanghp3	Name: HPHoaPhong	 DelItem: Kim Phong Tr¹c Liªn Quang
19:55:45	 Account: hoailanghp4	Name: HPHoaPhong1	 DelItem: Kim Phong §ång T­íc Xu©n Th©m
19:55:45	 Account: hoailanghp4	Name: HPHoaPhong1	 DelItem: Kim Phong HËu NghÖ dÉn cung
19:55:45	 Account: hoailanghp4	Name: HPHoaPhong1	 DelItem: Kim Phong C«ng CÈn Tam Th¸n
19:55:45	 Account: hoailanghp4	Name: HPHoaPhong1	 DelItem: Kim Phong Kú L©n HuyÕt
19:55:45	 Account: hoailanghp4	Name: HPHoaPhong1	 DelItem: Kim Phong Tr¹c Liªn Quang
19:55:45	 Account: hoailanghp4	Name: HPHoaPhong1	 DelItem: Kim Phong §o¹t Hån Ngäc ®¸i
19:55:45	 Account: hoailanghp4	Name: HPHoaPhong1	 DelItem: Kim Phong Lan §×nh Ngäc
19:55:45	 Account: hoailanghp4	Name: HPHoaPhong1	 DelItem: Kim Phong Thanh D­¬ng Kh«i
19:55:45	 Account: hoailanghp4	Name: HPHoaPhong1	 DelItem: Kim Phong Thiªn Lý Th¶o Th­îng Phi
20:03:31	 Account: hoailanghp5	Name: HPHoaPhong2	 DelItem: Kim Phong §ång T­íc Xu©n Th©m
20:03:31	 Account: hoailanghp5	Name: HPHoaPhong2	 DelItem: Kim Phong §o¹t Hån Ngäc ®¸i
20:03:31	 Account: hoailanghp5	Name: HPHoaPhong2	 DelItem: Kim Phong HËu NghÖ dÉn cung
20:03:31	 Account: hoailanghp5	Name: HPHoaPhong2	 DelItem: Kim Phong C«ng CÈn Tam Th¸n
20:03:31	 Account: hoailanghp5	Name: HPHoaPhong2	 DelItem: Kim Phong Lan §×nh Ngäc
20:03:31	 Account: hoailanghp5	Name: HPHoaPhong2	 DelItem: Kim Phong Tr¹c Liªn Quang
20:03:31	 Account: hoailanghp5	Name: HPHoaPhong2	 DelItem: Kim Phong Thiªn Lý Th¶o Th­îng Phi
20:03:31	 Account: hoailanghp5	Name: HPHoaPhong2	 DelItem: Kim Phong Thanh D­¬ng Kh«i
20:03:31	 Account: hoailanghp5	Name: HPHoaPhong2	 DelItem: Kim Phong Kú L©n HuyÕt
20:06:55	 Account: longyen014	Name: ÙTiÓuÙYÕn	 DelItem: Kim Phong Tr¹c Liªn Quang
20:38:00	 Account: nam92hd	Name: LµmTýLöaKh«ngEm	 DelItem: Kim Phong Tr¹c Liªn Quang
20:44:24	 Account: thoakhungz6	Name: X¹oÙKeÙChóa	 DelItem: Kim Phong §o¹t Hån Ngäc ®¸i
20:44:24	 Account: thoakhungz6	Name: X¹oÙKeÙChóa	 DelItem: Kim Phong HËu NghÖ dÉn cung
20:44:24	 Account: thoakhungz6	Name: X¹oÙKeÙChóa	 DelItem: Kim Phong Lan §×nh Ngäc
20:44:24	 Account: thoakhungz6	Name: X¹oÙKeÙChóa	 DelItem: Kim Phong Kú L©n HuyÕt
20:45:58	 Account: thoakhungz6	Name: X¹oÙKeÙChóa	 DelItem: Kim Phong Thanh D­¬ng Kh«i
20:45:58	 Account: thoakhungz6	Name: X¹oÙKeÙChóa	 DelItem: Kim Phong Tr¹c Liªn Quang
20:49:20	 Account: thoakhungz5	Name: CùcÙKúÙBèÙL¸o	 DelItem: Kim Phong §o¹t Hån Ngäc ®¸i
20:49:20	 Account: thoakhungz5	Name: CùcÙKúÙBèÙL¸o	 DelItem: Kim Phong HËu NghÖ dÉn cung
20:49:20	 Account: thoakhungz5	Name: CùcÙKúÙBèÙL¸o	 DelItem: Kim Phong Thanh D­¬ng Kh«i
20:49:20	 Account: thoakhungz5	Name: CùcÙKúÙBèÙL¸o	 DelItem: Kim Phong Kú L©n HuyÕt
20:50:28	 Account: building1987	Name: TiÒnÙV«ÙNghÜa	 DelItem: Tóc S­¬ng
22:05:07	 Account: asondn2	Name: JohnNySon	 DelItem: Kim Phong §ång T­íc Xu©n Th©m
22:05:07	 Account: asondn2	Name: JohnNySon	 DelItem: Kim Phong §o¹t Hån Ngäc ®¸i
22:05:07	 Account: asondn2	Name: JohnNySon	 DelItem: Kim Phong HËu NghÖ dÉn cung
22:05:07	 Account: asondn2	Name: JohnNySon	 DelItem: Kim Phong C«ng CÈn Tam Th¸n
22:05:07	 Account: asondn2	Name: JohnNySon	 DelItem: Kim Phong Lan §×nh Ngäc
22:05:07	 Account: asondn2	Name: JohnNySon	 DelItem: Kim Phong Thanh D­¬ng Kh«i
22:05:07	 Account: asondn2	Name: JohnNySon	 DelItem: Kim Phong Kú L©n HuyÕt
22:05:07	 Account: asondn2	Name: JohnNySon	 DelItem: Kim Phong Tr¹c Liªn Quang
22:05:07	 Account: asondn2	Name: JohnNySon	 DelItem: Kim Phong Thiªn Lý Th¶o Th­îng Phi
22:09:11	 Account: asondn1	Name: Ngé§¹o	 DelItem: Kim Phong §ång T­íc Xu©n Th©m
22:09:11	 Account: asondn1	Name: Ngé§¹o	 DelItem: Kim Phong §o¹t Hån Ngäc ®¸i
22:09:11	 Account: asondn1	Name: Ngé§¹o	 DelItem: Kim Phong C«ng CÈn Tam Th¸n
22:09:11	 Account: asondn1	Name: Ngé§¹o	 DelItem: Kim Phong Lan §×nh Ngäc
22:09:11	 Account: asondn1	Name: Ngé§¹o	 DelItem: Kim Phong Thanh D­¬ng Kh«i
22:09:11	 Account: asondn1	Name: Ngé§¹o	 DelItem: Kim Phong HËu NghÖ dÉn cung
22:09:11	 Account: asondn1	Name: Ngé§¹o	 DelItem: Kim Phong Kú L©n HuyÕt
22:09:11	 Account: asondn1	Name: Ngé§¹o	 DelItem: Kim Phong Tr¹c Liªn Quang
22:09:11	 Account: asondn1	Name: Ngé§¹o	 DelItem: Kim Phong Thiªn Lý Th¶o Th­îng Phi
22:26:10	 Account: thangvl5	Name: 5HáaCaCa	 DelItem: Tóc S­¬ng
22:30:25	 Account: thangvl6	Name: 6§­¬ngCaCa	 DelItem: Tóc S­¬ng
22:33:19	 Account: thangvl7	Name: 7NgamyTûtû	 DelItem: Tóc S­¬ng
22:35:40	 Account: thangvl8	Name: 8C«nL«nCaCa	 DelItem: Tóc S­¬ng
22:37:34	 Account: thangvl9	Name: 9ThóyYªn	 DelItem: Tóc S­¬ng
22:39:19	 Account: thoakhungz6	Name: X¹oÙKeÙChóa	 DelItem: Kim Phong Thiªn Lý Th¶o Th­îng Phi
22:39:58	 Account: thangvl10	Name: 10S­Cä	 DelItem: Tóc S­¬ng
22:41:11	 Account: thoakhungz6	Name: X¹oÙKeÙChóa	 DelItem: Kim Phong §ång T­íc Xu©n Th©m
22:44:11	 Account: thangvl6	Name: 6§­¬ngCaCa	 DelItem: Kim Phong Thiªn Lý Th¶o Th­îng Phi
22:44:11	 Account: thangvl6	Name: 6§­¬ngCaCa	 DelItem: Kim Phong Tr¹c Liªn Quang
22:44:11	 Account: thangvl6	Name: 6§­¬ngCaCa	 DelItem: Kim Phong Kú L©n HuyÕt
22:44:11	 Account: thangvl6	Name: 6§­¬ngCaCa	 DelItem: Kim Phong Thanh D­¬ng Kh«i
22:44:11	 Account: thangvl6	Name: 6§­¬ngCaCa	 DelItem: Kim Phong Lan §×nh Ngäc
22:44:11	 Account: thangvl6	Name: 6§­¬ngCaCa	 DelItem: Kim Phong C«ng CÈn Tam Th¸n
22:44:11	 Account: thangvl6	Name: 6§­¬ngCaCa	 DelItem: Kim Phong HËu NghÖ dÉn cung
22:44:11	 Account: thangvl6	Name: 6§­¬ngCaCa	 DelItem: Kim Phong §o¹t Hån Ngäc ®¸i
22:44:11	 Account: thangvl6	Name: 6§­¬ngCaCa	 DelItem: Kim Phong §ång T­íc Xu©n Th©m
22:44:18	 Account: thangvl6	Name: 6§­¬ngCaCa	 DelItem: Kim Phong Tr¹c Liªn Quang
22:46:39	 Account: thangvl7	Name: 7NgamyTûtû	 DelItem: Kim Phong C«ng CÈn Tam Th¸n
22:46:39	 Account: thangvl7	Name: 7NgamyTûtû	 DelItem: Kim Phong Tr¹c Liªn Quang
22:46:39	 Account: thangvl7	Name: 7NgamyTûtû	 DelItem: Kim Phong Thiªn Lý Th¶o Th­îng Phi
22:46:39	 Account: thangvl7	Name: 7NgamyTûtû	 DelItem: Kim Phong Tr¹c Liªn Quang
22:46:39	 Account: thangvl7	Name: 7NgamyTûtû	 DelItem: Kim Phong Kú L©n HuyÕt
22:46:39	 Account: thangvl7	Name: 7NgamyTûtû	 DelItem: Kim Phong Thanh D­¬ng Kh«i
22:46:39	 Account: thangvl7	Name: 7NgamyTûtû	 DelItem: Kim Phong Lan §×nh Ngäc
22:46:39	 Account: thangvl7	Name: 7NgamyTûtû	 DelItem: Kim Phong HËu NghÖ dÉn cung
22:46:39	 Account: thangvl7	Name: 7NgamyTûtû	 DelItem: Kim Phong §ång T­íc Xu©n Th©m
22:46:45	 Account: thangvl7	Name: 7NgamyTûtû	 DelItem: Kim Phong §o¹t Hån Ngäc ®¸i
23:08:38	 Account: sarin	Name: XinhGai20	 DelItem: Kim Phong §o¹t Hån Ngäc ®¸i
23:08:38	 Account: sarin	Name: XinhGai20	 DelItem: Kim Phong HËu NghÖ dÉn cung
23:08:38	 Account: sarin	Name: XinhGai20	 DelItem: Kim Phong C«ng CÈn Tam Th¸n
23:08:38	 Account: sarin	Name: XinhGai20	 DelItem: Kim Phong Thanh D­¬ng Kh«i
23:08:38	 Account: sarin	Name: XinhGai20	 DelItem: Kim Phong Tr¹c Liªn Quang
23:08:38	 Account: sarin	Name: XinhGai20	 DelItem: Kim Phong §ång T­íc Xu©n Th©m
23:08:38	 Account: sarin	Name: XinhGai20	 DelItem: Kim Phong Lan §×nh Ngäc
23:08:38	 Account: sarin	Name: XinhGai20	 DelItem: Kim Phong Kú L©n HuyÕt
23:08:38	 Account: sarin	Name: XinhGai20	 DelItem: Kim Phong Thiªn Lý Th¶o Th­îng Phi
