15:52:12	 Account: hieuad	Name: AdminÙSHXT	 DelItem: An Bang Kª HuyÕt Th¹ch Giíi ChØ 
15:52:12	 Account: hieuad	Name: AdminÙSHXT	 DelItem: An Bang Cóc Hoa Th¹ch ChØ hoµn
15:52:32	 Account: hieuad	Name: AdminÙSHXT	 DelItem: Phôc Ma ¤ Kim NhuyÔn §iÒu
18:43:53	 Account: hieuktct	Name: testgame2	 DelItem: Thiªn V­¬ng Chïy Ph¸p. QuyÓn 1
18:43:53	 Account: hieuktct	Name: testgame2	 DelItem: Thiªn V­¬ng §ao ph¸p.QuyÓn 3
18:43:53	 Account: hieuktct	Name: testgame2	 DelItem: Tiªn Th¶o Lé 
18:43:53	 Account: hieuktct	Name: testgame2	 DelItem: Tiªn Th¶o Lé 
18:43:53	 Account: hieuktct	Name: testgame2	 DelItem: Tiªn Th¶o Lé 
18:43:53	 Account: hieuktct	Name: testgame2	 DelItem: Tiªn Th¶o Lé 
18:43:53	 Account: hieuktct	Name: testgame2	 DelItem: Tiªn Th¶o Lé 
18:43:53	 Account: hieuktct	Name: testgame2	 DelItem: Tiªn Th¶o Lé 
18:43:53	 Account: hieuktct	Name: testgame2	 DelItem: Tiªn Th¶o Lé 
18:43:53	 Account: hieuktct	Name: testgame2	 DelItem: Tiªn Th¶o Lé 
18:43:53	 Account: hieuktct	Name: testgame2	 DelItem: Tiªn Th¶o Lé 
18:43:53	 Account: hieuktct	Name: testgame2	 DelItem: Tiªn Th¶o Lé 
18:43:53	 Account: hieuktct	Name: testgame2	 DelItem: Tiªn Th¶o Lé 
18:43:53	 Account: hieuktct	Name: testgame2	 DelItem: Tiªn Th¶o Lé 
18:43:53	 Account: hieuktct	Name: testgame2	 DelItem: Tiªn Th¶o Lé 
18:43:53	 Account: hieuktct	Name: testgame2	 DelItem: Tiªn Th¶o Lé 
18:43:53	 Account: hieuktct	Name: testgame2	 DelItem: Tiªn Th¶o Lé 
18:43:53	 Account: hieuktct	Name: testgame2	 DelItem: Tiªn Th¶o Lé 
18:43:53	 Account: hieuktct	Name: testgame2	 DelItem: Tiªn Th¶o Lé 
18:43:53	 Account: hieuktct	Name: testgame2	 DelItem: Tiªn Th¶o Lé 
18:43:53	 Account: hieuktct	Name: testgame2	 DelItem: Tiªn Th¶o Lé 
18:43:53	 Account: hieuktct	Name: testgame2	 DelItem: Tiªn Th¶o Lé 
18:43:53	 Account: hieuktct	Name: testgame2	 DelItem: Tiªn Th¶o Lé 
18:43:53	 Account: hieuktct	Name: testgame2	 DelItem: Tiªn Th¶o Lé 
18:44:50	 Account: hieuktct	Name: testgame2	 DelItem: Ngù T©m thuËt
18:44:50	 Account: hieuktct	Name: testgame2	 DelItem: Ngù L«i thuËt
18:44:50	 Account: hieuktct	Name: testgame2	 DelItem: Ngù Phong thuËt
18:44:50	 Account: hieuktct	Name: testgame2	 DelItem: Th¸i Cùc KiÕm Phæ. QuyÓn 2
18:44:50	 Account: hieuktct	Name: testgame2	 DelItem: NhiÕp Hån. Chó thuËt
18:44:50	 Account: hieuktct	Name: testgame2	 DelItem: V©n Long KÝch. M©u ph¸p
18:44:50	 Account: hieuktct	Name: testgame2	 DelItem: C¸i Bang Ch­ëng Ph¸p
18:44:50	 Account: hieuktct	Name: testgame2	 DelItem: C¸i Bang C«n ph¸p
18:44:50	 Account: hieuktct	Name: testgame2	 DelItem: Thóy Yªn Song ®ao
18:44:50	 Account: hieuktct	Name: testgame2	 DelItem: Thóy Yªn §ao ph¸p
18:44:50	 Account: hieuktct	Name: testgame2	 DelItem: Phæ §é MËt TÞch
18:44:50	 Account: hieuktct	Name: testgame2	 DelItem: Nga Mi  PhËt Quang Ch­ëng MËt TÞch
18:44:50	 Account: hieuktct	Name: testgame2	 DelItem: DiÖt KiÕm MËt TÞch
18:44:50	 Account: hieuktct	Name: testgame2	 DelItem: H·m TÜnh thuËt.Lo¹n Hoµn KÝch
18:44:50	 Account: hieuktct	Name: testgame2	 DelItem: Phi Tiªu thuËt. Cöu Cung Phi Tinh
18:44:50	 Account: hieuktct	Name: testgame2	 DelItem: Tô TiÔn thuËt. B¹o Vò Lª Hoa
18:44:50	 Account: hieuktct	Name: testgame2	 DelItem: Thiªn V­¬ng Th­¬ng ph¸p. QuyÓn 2
18:44:50	 Account: hieuktct	Name: testgame2	 DelItem: ThiÕu L©m QuyÒn Ph¸p. QuyÓn 1
18:44:50	 Account: hieuktct	Name: testgame2	 DelItem: ThiÕu L©m C«n ph¸p. QuyÓn 2
18:44:50	 Account: hieuktct	Name: testgame2	 DelItem: ThiÕu L©m §ao ph¸p. QuyÓn 3
18:44:50	 Account: hieuktct	Name: testgame2	 DelItem: Ngò §éc NhiÕp T©m thuËt. QuyÓn 3
18:44:50	 Account: hieuktct	Name: testgame2	 DelItem: Ngò §éc §ao ph¸p. QuyÓn 2
18:44:50	 Account: hieuktct	Name: testgame2	 DelItem: Ngò §éc Ch­ëng Ph¸p. QuyÓn 1
18:44:50	 Account: hieuktct	Name: testgame2	 DelItem: Tiªn Th¶o Lé 
18:45:03	 Account: hieuktct	Name: testgame2	 DelItem: L­u Tinh. §ao ph¸p
