00:03:47	 Account: nam92hd1	Name: ThÇnÙT¨ng	 DelItem: Kim Phong Thiªn Lý Th¶o Th­îng Phi
00:03:53	 Account: nam92hd1	Name: ThÇnÙT¨ng	 DelItem: Kim Phong Kú L©n HuyÕt
00:04:42	 Account: nam92hd	Name: HáaThÇnÙV«Song	 DelItem: Kim Phong Lan §×nh Ngäc
00:06:14	 Account: nam92hd	Name: HáaThÇnÙV«Song	 DelItem: Kim Phong C«ng CÈn Tam Th¸n
00:06:20	 Account: nam92hd	Name: HáaThÇnÙV«Song	 DelItem: Kim Phong HËu NghÖ dÉn cung
00:20:40	 Account: nam92hd	Name: HáaThÇnÙV«Song	 DelItem: Kim Phong §o¹t Hån Ngäc ®¸i
00:21:06	 Account: nam92hd	Name: HáaThÇnÙV«Song	 DelItem: Kim Phong Kú L©n HuyÕt
00:21:11	 Account: nam92hd	Name: HáaThÇnÙV«Song	 DelItem: Kim Phong Thanh D­¬ng Kh«i
00:22:15	 Account: luukt56	Name: NgoalongND	 DelItem: Tóc S­¬ng
00:35:22	 Account: sarin1	Name: DocXinh9	 DelItem: Kim Phong §ång T­íc Xu©n Th©m
00:35:22	 Account: sarin1	Name: DocXinh9	 DelItem: Kim Phong §o¹t Hån Ngäc ®¸i
00:35:22	 Account: sarin1	Name: DocXinh9	 DelItem: Kim Phong HËu NghÖ dÉn cung
00:35:22	 Account: sarin1	Name: DocXinh9	 DelItem: Kim Phong C«ng CÈn Tam Th¸n
00:35:22	 Account: sarin1	Name: DocXinh9	 DelItem: Kim Phong Lan §×nh Ngäc
00:35:22	 Account: sarin1	Name: DocXinh9	 DelItem: Kim Phong Thanh D­¬ng Kh«i
00:35:22	 Account: sarin1	Name: DocXinh9	 DelItem: Kim Phong Kú L©n HuyÕt
00:35:22	 Account: sarin1	Name: DocXinh9	 DelItem: Kim Phong Tr¹c Liªn Quang
00:35:22	 Account: sarin1	Name: DocXinh9	 DelItem: Kim Phong Thiªn Lý Th¶o Th­îng Phi
01:21:22	 Account: luukt54	Name: NgoalongNM	 DelItem: M¶nh §Þnh Quèc XÝch Quyªn NhuyÔn Ngoa (2/4) 
01:21:22	 Account: luukt54	Name: NgoalongNM	 DelItem: M¶nh Nhu T×nh  Phông Nghi Giíi ChØ (3/4) 
01:21:22	 Account: luukt54	Name: NgoalongNM	 DelItem: §å phæ Hoµng Kim - §Þnh Quèc ¤ Sa Ph¸t Qu¸n
01:21:22	 Account: luukt54	Name: NgoalongNM	 DelItem: M¶nh Nhu T×nh  Phông Nghi Giíi ChØ (2/4) 
01:21:22	 Account: luukt54	Name: NgoalongNM	 DelItem: M¶nh §Þnh Quèc Tö §»ng Hé uyÓn (3/4) 
06:51:25	 Account: luukt53	Name: NgoalongVD	 DelItem: Kim Thoa
06:51:25	 Account: luukt53	Name: NgoalongVD	 DelItem: Lan Ng©n gi¸p
06:51:25	 Account: luukt53	Name: NgoalongVD	 DelItem: Cµn Kh¶m C©n
06:51:25	 Account: luukt53	Name: NgoalongVD	 DelItem: V¹n L­u Quy T«ng Y
06:52:01	 Account: luukt53	Name: NgoalongVD	 DelItem: Cæn Ch©u B¶o ®ao
06:52:01	 Account: luukt53	Name: NgoalongVD	 DelItem: Th¸i cùc Qu¸n
06:55:19	 Account: luukt53	Name: NgoalongVD	 DelItem: Háa Ma C¸i y
06:55:19	 Account: luukt53	Name: NgoalongVD	 DelItem: Hång M· N·o Ph¸t Xoa
06:55:19	 Account: luukt53	Name: NgoalongVD	 DelItem: §¹i Phong §ao
06:56:18	 Account: luukt53	Name: NgoalongVD	 DelItem: Chu Khëi Qu¸n
06:56:18	 Account: luukt53	Name: NgoalongVD	 DelItem: Th«n NhËt Tr·m
06:56:18	 Account: luukt53	Name: NgoalongVD	 DelItem: NghiÖt Long chïy
07:13:20	 Account: luukt53	Name: NgoalongVD	 DelItem: Phï Dung §ao
07:14:58	 Account: luukt55	Name: NgoalongCB	 DelItem: Sa B× Hé UyÓn
08:53:15	 Account: luukt55	Name: NgoalongCB	 DelItem: Minh Ch©u §Çu Hoµn
08:53:15	 Account: luukt55	Name: NgoalongCB	 DelItem: Kim Phông TriÓn SÝ 
08:53:15	 Account: luukt55	Name: NgoalongCB	 DelItem: B¹o Vò Lª Hoa Ch©m
08:54:09	 Account: luukt53	Name: NgoalongVD	 DelItem: SÝnh Sa ngoa
08:54:09	 Account: luukt53	Name: NgoalongVD	 DelItem: Phi Hoµng Tiªu
08:54:09	 Account: luukt53	Name: NgoalongVD	 DelItem: To¸i NguyÖt §ao
08:54:09	 Account: luukt53	Name: NgoalongVD	 DelItem: Ngò S¾c Ngäc Béi 
08:54:09	 Account: luukt53	Name: NgoalongVD	 DelItem: Hång B¶o Th¹ch Giíi ChØ
08:54:09	 Account: luukt53	Name: NgoalongVD	 DelItem: ¤ Chïy gi¸p
08:54:09	 Account: luukt53	Name: NgoalongVD	 DelItem: Long Phông HuyÕt Ngäc Tr¹c
08:54:09	 Account: luukt53	Name: NgoalongVD	 DelItem: Long L©n Yªu §¸i
08:57:53	 Account: luukt53	Name: NgoalongVD	 DelItem: Phï Dung Th¹ch
08:57:53	 Account: luukt53	Name: NgoalongVD	 DelItem: Sa B× Hé UyÓn
09:00:40	 Account: sarin	Name: DocXinh7	 DelItem: Kim Phong Lan §×nh Ngäc
09:00:41	 Account: luukt53	Name: NgoalongVD	 DelItem: Gi¶i Tr¹i Kh«i
09:00:41	 Account: luukt53	Name: NgoalongVD	 DelItem: L­u Th¸i Phôc
09:00:41	 Account: luukt53	Name: NgoalongVD	 DelItem: Lam B¶o Th¹ch Giíi ChØ
09:29:25	 Account: sarin	Name: DocXinh8	 DelItem: Kim Phong Thiªn Lý Th¶o Th­îng Phi
09:29:25	 Account: sarin	Name: DocXinh8	 DelItem: Kim Phong Tr¹c Liªn Quang
09:29:25	 Account: sarin	Name: DocXinh8	 DelItem: Kim Phong Kú L©n HuyÕt
09:29:25	 Account: sarin	Name: DocXinh8	 DelItem: Kim Phong Thanh D­¬ng Kh«i
09:29:25	 Account: sarin	Name: DocXinh8	 DelItem: Kim Phong Lan §×nh Ngäc
09:29:25	 Account: sarin	Name: DocXinh8	 DelItem: Kim Phong C«ng CÈn Tam Th¸n
09:29:25	 Account: sarin	Name: DocXinh8	 DelItem: Kim Phong HËu NghÖ dÉn cung
09:29:25	 Account: sarin	Name: DocXinh8	 DelItem: Kim Phong §o¹t Hån Ngäc ®¸i
09:29:25	 Account: sarin	Name: DocXinh8	 DelItem: Kim Phong §ång T­íc Xu©n Th©m
09:32:55	 Account: luukt53	Name: NgoalongVD	 DelItem: Kim Kh«i 
09:32:55	 Account: luukt53	Name: NgoalongVD	 DelItem: Th«n NhËt Tr·m
09:32:55	 Account: luukt53	Name: NgoalongVD	 DelItem: Khæng T­íc Linh
09:33:12	 Account: luukt53	Name: NgoalongVD	 DelItem: HuyÒn Sa DiÖn Tr¸o
09:33:12	 Account: luukt53	Name: NgoalongVD	 DelItem: Hoµng §ång Ph¸t Xoa
09:33:12	 Account: luukt53	Name: NgoalongVD	 DelItem: Thiªn Tµm Hé UyÓn
09:33:12	 Account: luukt53	Name: NgoalongVD	 DelItem: Quang C¸n §ao
09:33:12	 Account: luukt53	Name: NgoalongVD	 DelItem: §¸i Y §ao
09:36:48	 Account: luukt53	Name: NgoalongVD	 DelItem: Nh©n B× DiÖn Tr¸o
09:36:48	 Account: luukt53	Name: NgoalongVD	 DelItem: Ngò l·o qu¸n
09:36:48	 Account: luukt53	Name: NgoalongVD	 DelItem: Thanh Long §ao
09:36:48	 Account: luukt53	Name: NgoalongVD	 DelItem: Tu La Ph¸t kÕt
09:41:11	 Account: luukt55	Name: NgoalongCB	 DelItem: Ng©n Yªu §¸i
09:41:11	 Account: luukt55	Name: NgoalongCB	 DelItem: Thiªn Niªn H¹c S­ëng
09:41:11	 Account: luukt55	Name: NgoalongCB	 DelItem: Sa B× Yªu §¸i
09:41:11	 Account: luukt55	Name: NgoalongCB	 DelItem: TÝch LÞch Kim Phông gi¸p
09:42:02	 Account: luukt53	Name: NgoalongVD	 DelItem: Cöu TiÕt X­¬ng VÜ Ngoa
09:42:02	 Account: luukt53	Name: NgoalongVD	 DelItem: NiÖm Ninh M·o
09:42:02	 Account: luukt53	Name: NgoalongVD	 DelItem: Hång PhØ Thóy Hé Th©n phï 
09:43:11	 Account: luukt53	Name: NgoalongVD	 DelItem: Minh TÜnh Cµ Sa
09:47:19	 Account: luukt53	Name: NgoalongVD	 DelItem: TÝn nhía Hoµn
09:47:19	 Account: luukt53	Name: NgoalongVD	 DelItem: Ngò Nh¹c Qu¸n
09:47:19	 Account: luukt53	Name: NgoalongVD	 DelItem: Thiªn Tµm Yªu §¸i
09:47:49	 Account: luukt53	Name: NgoalongVD	 DelItem: Ng©n Kh«i
09:51:32	 Account: luukt53	Name: NgoalongVD	 DelItem: Môc V©n ngoa
09:58:41	 Account: luukt53	Name: NgoalongVD	 DelItem: Kim Yªu §¸i
09:58:41	 Account: luukt53	Name: NgoalongVD	 DelItem: Thiªn Tµm Yªu §¸i
09:58:41	 Account: luukt53	Name: NgoalongVD	 DelItem: Lang Tµ Qu¸n
10:24:42	 Account: luukt55	Name: NgoalongCB	 DelItem: Kim Phông TriÓn SÝ 
10:41:52	 Account: luukt55	Name: NgoalongCB	 DelItem: HuyÒn Tª DiÖn Tr¸o
10:53:36	 Account: huynhtrongtri12	Name: KiÕmPhongKim	 DelItem: Kim Phong Thanh D­¬ng Kh«i
10:53:36	 Account: huynhtrongtri12	Name: KiÕmPhongKim	 DelItem: Kim Phong Lan §×nh Ngäc
10:53:36	 Account: huynhtrongtri12	Name: KiÕmPhongKim	 DelItem: Kim Phong §o¹t Hån Ngäc ®¸i
10:59:34	 Account: luukt53	Name: NgoalongVD	 DelItem: Long HuyÕt §Çu hoµn
10:59:34	 Account: luukt53	Name: NgoalongVD	 DelItem: Chu Khëi Qu¸n
10:59:34	 Account: luukt53	Name: NgoalongVD	 DelItem: Phi La Ngoa
11:16:23	 Account: huynhtrongtri14	Name: §écS¸tNgo¹iC«ng	 DelItem: Kim Phong Thanh D­¬ng Kh«i
11:19:33	 Account: huynhtrongtri14	Name: §écS¸tNgo¹iC«ng	 DelItem: Kim Phong C«ng CÈn Tam Th¸n
11:21:47	 Account: luukt53	Name: NgoalongVD	 DelItem: Sa B× Yªu §¸i
11:21:47	 Account: luukt53	Name: NgoalongVD	 DelItem: Phi Phông Ngoa
11:21:47	 Account: luukt53	Name: NgoalongVD	 DelItem: Y T¬ Ph¸t §¸i
11:24:43	 Account: luukt53	Name: NgoalongVD	 DelItem: HuyÒn Cèt Tr©m
11:25:19	 Account: minhtrand24	Name: sanboss9	 DelItem: Kim Phong §ång T­íc Xu©n Th©m
11:25:19	 Account: minhtrand24	Name: sanboss9	 DelItem: Kim Phong §o¹t Hån Ngäc ®¸i
11:25:19	 Account: minhtrand24	Name: sanboss9	 DelItem: Kim Phong HËu NghÖ dÉn cung
11:25:19	 Account: minhtrand24	Name: sanboss9	 DelItem: Kim Phong C«ng CÈn Tam Th¸n
11:25:19	 Account: minhtrand24	Name: sanboss9	 DelItem: Kim Phong Lan §×nh Ngäc
11:25:19	 Account: minhtrand24	Name: sanboss9	 DelItem: Kim Phong Thanh D­¬ng Kh«i
11:25:19	 Account: minhtrand24	Name: sanboss9	 DelItem: Kim Phong Kú L©n HuyÕt
11:25:19	 Account: minhtrand24	Name: sanboss9	 DelItem: Kim Phong Tr¹c Liªn Quang
11:30:00	 Account: minhtrand25	Name: sanboss10	 DelItem: Kim Phong §ång T­íc Xu©n Th©m
11:30:00	 Account: minhtrand25	Name: sanboss10	 DelItem: Kim Phong §o¹t Hån Ngäc ®¸i
11:30:00	 Account: minhtrand25	Name: sanboss10	 DelItem: Kim Phong HËu NghÖ dÉn cung
11:30:00	 Account: minhtrand25	Name: sanboss10	 DelItem: Kim Phong C«ng CÈn Tam Th¸n
11:30:00	 Account: minhtrand25	Name: sanboss10	 DelItem: Kim Phong Lan §×nh Ngäc
11:30:00	 Account: minhtrand25	Name: sanboss10	 DelItem: Kim Phong Thanh D­¬ng Kh«i
11:30:00	 Account: minhtrand25	Name: sanboss10	 DelItem: Kim Phong Kú L©n HuyÕt
11:30:00	 Account: minhtrand25	Name: sanboss10	 DelItem: Kim Phong Tr¹c Liªn Quang
11:31:44	 Account: minhtrand26	Name: sanboss11	 DelItem: Kim Phong §ång T­íc Xu©n Th©m
11:31:44	 Account: minhtrand26	Name: sanboss11	 DelItem: Kim Phong §o¹t Hån Ngäc ®¸i
11:31:44	 Account: minhtrand26	Name: sanboss11	 DelItem: Kim Phong HËu NghÖ dÉn cung
11:31:44	 Account: minhtrand26	Name: sanboss11	 DelItem: Kim Phong C«ng CÈn Tam Th¸n
11:31:44	 Account: minhtrand26	Name: sanboss11	 DelItem: Kim Phong Lan §×nh Ngäc
11:31:44	 Account: minhtrand26	Name: sanboss11	 DelItem: Kim Phong Thanh D­¬ng Kh«i
11:31:44	 Account: minhtrand26	Name: sanboss11	 DelItem: Kim Phong Kú L©n HuyÕt
11:31:44	 Account: minhtrand26	Name: sanboss11	 DelItem: Kim Phong Tr¹c Liªn Quang
11:34:50	 Account: luukt53	Name: NgoalongVD	 DelItem: B¹o Vò Lª Hoa Ch©m
12:05:23	 Account: luukt55	Name: NgoalongCB	 DelItem: TÝn nhía Hoµn
12:06:09	 Account: luukt53	Name: NgoalongVD	 DelItem: Minh Ch©u §Çu Hoµn
12:13:34	 Account: luukt53	Name: NgoalongVD	 DelItem: Tam Thanh Bµo
12:15:57	 Account: luukt53	Name: NgoalongVD	 DelItem: ThÊt B¶o H¹ y
12:18:32	 Account: luukt55	Name: NgoalongCB	 DelItem: Cöu TiÕt X­¬ng VÜ Ngoa
12:34:36	 Account: luukt53	Name: NgoalongVD	 DelItem: Tam Thanh Bµo
12:43:25	 Account: luukt52	Name: NgoalongTN	 DelItem: §éc C¬ §ao
12:43:25	 Account: luukt52	Name: NgoalongTN	 DelItem: Phï Dung M·o
13:06:31	 Account: luukt52	Name: NgoalongTN	 DelItem: Thanh Tinh Thoa
13:19:26	 Account: anhsangnguyen1994	Name: zZKieuPhongZz	 DelItem: Tóc S­¬ng
13:21:21	 Account: huynhtrongtri16	Name: L«iS¸tNéiC«ng	 DelItem: Tóc S­¬ng
13:44:56	 Account: minhtrand22	Name: sanboss12	 DelItem: Kim Phong §ång T­íc Xu©n Th©m
13:44:56	 Account: minhtrand22	Name: sanboss12	 DelItem: Kim Phong §o¹t Hån Ngäc ®¸i
13:44:56	 Account: minhtrand22	Name: sanboss12	 DelItem: Kim Phong HËu NghÖ dÉn cung
13:44:56	 Account: minhtrand22	Name: sanboss12	 DelItem: Kim Phong C«ng CÈn Tam Th¸n
13:44:56	 Account: minhtrand22	Name: sanboss12	 DelItem: Kim Phong Lan §×nh Ngäc
13:44:56	 Account: minhtrand22	Name: sanboss12	 DelItem: Kim Phong Thanh D­¬ng Kh«i
13:44:56	 Account: minhtrand22	Name: sanboss12	 DelItem: Kim Phong Kú L©n HuyÕt
13:44:56	 Account: minhtrand22	Name: sanboss12	 DelItem: Kim Phong Tr¹c Liªn Quang
13:51:38	 Account: minhtrand27	Name: sanboss13	 DelItem: Kim Phong §ång T­íc Xu©n Th©m
13:51:38	 Account: minhtrand27	Name: sanboss13	 DelItem: Kim Phong §o¹t Hån Ngäc ®¸i
13:51:38	 Account: minhtrand27	Name: sanboss13	 DelItem: Kim Phong HËu NghÖ dÉn cung
13:51:38	 Account: minhtrand27	Name: sanboss13	 DelItem: Kim Phong C«ng CÈn Tam Th¸n
13:51:38	 Account: minhtrand27	Name: sanboss13	 DelItem: Kim Phong Lan §×nh Ngäc
13:51:38	 Account: minhtrand27	Name: sanboss13	 DelItem: Kim Phong Thanh D­¬ng Kh«i
13:51:38	 Account: minhtrand27	Name: sanboss13	 DelItem: Kim Phong Kú L©n HuyÕt
13:51:38	 Account: minhtrand27	Name: sanboss13	 DelItem: Kim Phong Tr¹c Liªn Quang
14:04:39	 Account: nonhantn	Name: V«ÙNhaiÙTö	 DelItem: Tóc S­¬ng
14:11:25	 Account: minhtrand21	Name: sanboss3	 DelItem: Kim Phong Lan §×nh Ngäc
14:11:25	 Account: minhtrand21	Name: sanboss3	 DelItem: Kim Phong HËu NghÖ dÉn cung
14:11:25	 Account: minhtrand21	Name: sanboss3	 DelItem: Kim Phong §ång T­íc Xu©n Th©m
14:14:31	 Account: minhtrand21	Name: sanboss3	 DelItem: Kim Phong Thiªn Lý Th¶o Th­îng Phi
14:14:31	 Account: minhtrand21	Name: sanboss3	 DelItem: Kim Phong Tr¹c Liªn Quang
14:14:31	 Account: minhtrand21	Name: sanboss3	 DelItem: Kim Phong Kú L©n HuyÕt
14:14:31	 Account: minhtrand21	Name: sanboss3	 DelItem: Kim Phong C«ng CÈn Tam Th¸n
14:22:04	 Account: huynhtrongtri13	Name: B¨ngS¸tNéiC«ng	 DelItem: Kim Phong Thanh D­¬ng Kh«i
14:22:04	 Account: huynhtrongtri13	Name: B¨ngS¸tNéiC«ng	 DelItem: Kim Phong Lan §×nh Ngäc
14:22:04	 Account: huynhtrongtri13	Name: B¨ngS¸tNéiC«ng	 DelItem: Kim Phong Kú L©n HuyÕt
14:30:15	 Account: nonhantl	Name: V«DanhÙThÇnÙT¨ng	 DelItem: Tóc S­¬ng
15:03:25	 Account: nonhanvd	Name: Vâ§angÙCh©nÙNh©n	 DelItem: Tóc S­¬ng
15:30:06	 Account: minhtrand3	Name: HáaÙLongÙTµÙNh©n	 DelItem: Kim Phong Thiªn Lý Th¶o Th­îng Phi
15:30:06	 Account: minhtrand3	Name: HáaÙLongÙTµÙNh©n	 DelItem: Kim Phong C«ng CÈn Tam Th¸n
15:56:17	 Account: nonhanvd	Name: Vâ§angÙCh©nÙNh©n	 DelItem: Tóc S­¬ng
16:28:31	 Account: minhtrand4	Name: SÊmÙSÐtÙT©yÙB¾c	 DelItem: Kim Phong §o¹t Hån Ngäc ®¸i
16:28:31	 Account: minhtrand4	Name: SÊmÙSÐtÙT©yÙB¾c	 DelItem: Kim Phong Thanh D­¬ng Kh«i
16:28:31	 Account: minhtrand4	Name: SÊmÙSÐtÙT©yÙB¾c	 DelItem: Kim Phong Kú L©n HuyÕt
16:28:31	 Account: minhtrand4	Name: SÊmÙSÐtÙT©yÙB¾c	 DelItem: Kim Phong Thiªn Lý Th¶o Th­îng Phi
16:28:31	 Account: minhtrand4	Name: SÊmÙSÐtÙT©yÙB¾c	 DelItem: Kim Phong HËu NghÖ dÉn cung
16:29:17	 Account: minhtrand4	Name: SÊmÙSÐtÙT©yÙB¾c	 DelItem: Tóc S­¬ng
16:29:17	 Account: minhtrand4	Name: SÊmÙSÐtÙT©yÙB¾c	 DelItem: Kim Phong C«ng CÈn Tam Th¸n
16:29:17	 Account: minhtrand4	Name: SÊmÙSÐtÙT©yÙB¾c	 DelItem: Kim Phong Lan §×nh Ngäc
16:29:17	 Account: minhtrand4	Name: SÊmÙSÐtÙT©yÙB¾c	 DelItem: Kim Phong Tr¹c Liªn Quang
16:29:17	 Account: minhtrand4	Name: SÊmÙSÐtÙT©yÙB¾c	 DelItem: Kim Phong §ång T­íc Xu©n Th©m
16:44:07	 Account: minhtrand4	Name: SÊmÙSÐtÙT©yÙB¾c	 DelItem: S¸ch kü n¨ng cÊp 90
16:44:07	 Account: minhtrand4	Name: SÊmÙSÐtÙT©yÙB¾c	 DelItem: §¹i Thµnh BÝ KÝp 90
17:09:54	 Account: thangvl9	Name: 9§écV«Biªn	 DelItem: Kim Phong C«ng CÈn Tam Th¸n
17:09:54	 Account: thangvl9	Name: 9§écV«Biªn	 DelItem: Kim Phong Thanh D­¬ng Kh«i
17:35:41	 Account: sarin4	Name: DocXinh20	 DelItem: Kim Phong §ång T­íc Xu©n Th©m
17:35:41	 Account: sarin4	Name: DocXinh20	 DelItem: Kim Phong §o¹t Hån Ngäc ®¸i
17:35:41	 Account: sarin4	Name: DocXinh20	 DelItem: Kim Phong HËu NghÖ dÉn cung
17:35:41	 Account: sarin4	Name: DocXinh20	 DelItem: Kim Phong C«ng CÈn Tam Th¸n
17:35:41	 Account: sarin4	Name: DocXinh20	 DelItem: Kim Phong Lan §×nh Ngäc
17:35:41	 Account: sarin4	Name: DocXinh20	 DelItem: Kim Phong Thanh D­¬ng Kh«i
17:35:41	 Account: sarin4	Name: DocXinh20	 DelItem: Kim Phong Kú L©n HuyÕt
17:35:41	 Account: sarin4	Name: DocXinh20	 DelItem: Kim Phong Tr¹c Liªn Quang
17:35:41	 Account: sarin4	Name: DocXinh20	 DelItem: Kim Phong Thiªn Lý Th¶o Th­îng Phi
17:54:19	 Account: luukt53	Name: NgoalongVD	 DelItem: Kim Phông Qu¸n
18:00:49	 Account: thoakhungzz6	Name: KinhBáMÑ	 DelItem: Tóc S­¬ng
18:00:49	 Account: thoakhungzz6	Name: KinhBáMÑ	 DelItem: Kim Phong HËu NghÖ dÉn cung
18:00:49	 Account: thoakhungzz6	Name: KinhBáMÑ	 DelItem: Kim Phong Lan §×nh Ngäc
18:00:49	 Account: thoakhungzz6	Name: KinhBáMÑ	 DelItem: Kim Phong Thanh D­¬ng Kh«i
18:00:49	 Account: thoakhungzz6	Name: KinhBáMÑ	 DelItem: Kim Phong Kú L©n HuyÕt
18:00:49	 Account: thoakhungzz6	Name: KinhBáMÑ	 DelItem: Kim Phong §o¹t Hån Ngäc ®¸i
18:05:54	 Account: thoakhungzz6	Name: KinhBáMÑ	 DelItem: Kim Phong Tr¹c Liªn Quang
18:07:31	 Account: thoakhungzz6	Name: KinhBáMÑ	 DelItem: Kim Phong C«ng CÈn Tam Th¸n
18:09:28	 Account: luukt53	Name: NgoalongVD	 DelItem: UÊt §a La T¨ng
18:09:28	 Account: luukt53	Name: NgoalongVD	 DelItem: Ng¹c B× Hé UyÓn
18:10:35	 Account: thoakhungzz6	Name: KinhBáMÑ	 DelItem: Kim Phong Thiªn Lý Th¶o Th­îng Phi
18:13:47	 Account: luukt53	Name: NgoalongVD	 DelItem: Gi¸c H¶i Bæng
18:15:19	 Account: nam92hd7	Name: Gi÷ÙR¸cÙNo1	 DelItem: Kim Phong Kú L©n HuyÕt
18:15:24	 Account: nam92hd7	Name: Gi÷ÙR¸cÙNo1	 DelItem: Kim Phong Tr¹c Liªn Quang
18:16:25	 Account: luukt53	Name: NgoalongVD	 DelItem: Táa Tö Hoµng Kim gi¸p
18:17:35	 Account: luukt54	Name: NgoalongNM	 DelItem: Liªn V©n y
18:19:10	 Account: nam92hd7	Name: Gi÷ÙR¸cÙNo1	 DelItem: Kim Phong §ång T­íc Xu©n Th©m
18:23:11	 Account: luukt53	Name: NgoalongVD	 DelItem: Thiªn bæ y
18:31:43	 Account: luukt53	Name: NgoalongVD	 DelItem: Song Phông TriÒu Thiªn Qu¸n
18:32:32	 Account: luukt53	Name: NgoalongVD	 DelItem: ThÊt B¶o ph¸t Qu¸n
18:32:32	 Account: luukt53	Name: NgoalongVD	 DelItem: B¸ch §éc ph¸t kÕt
18:35:52	 Account: huynhtrongtri11	Name: §écS¸tNéiC«ng	 DelItem: LÖnh bµi
18:35:52	 Account: huynhtrongtri11	Name: §écS¸tNéiC«ng	 DelItem: Tèng Kim Phi Tèc hoµn
18:41:12	 Account: huynhtrongtri16	Name: L«iS¸tNéiC«ng	 DelItem: Kim Phong §o¹t Hån Ngäc ®¸i
18:41:12	 Account: huynhtrongtri16	Name: L«iS¸tNéiC«ng	 DelItem: Kim Phong HËu NghÖ dÉn cung
18:41:12	 Account: huynhtrongtri16	Name: L«iS¸tNéiC«ng	 DelItem: Kim Phong Lan §×nh Ngäc
18:41:12	 Account: huynhtrongtri16	Name: L«iS¸tNéiC«ng	 DelItem: Kim Phong Kú L©n HuyÕt
18:41:12	 Account: huynhtrongtri16	Name: L«iS¸tNéiC«ng	 DelItem: Kim Phong Tr¹c Liªn Quang
18:41:12	 Account: huynhtrongtri16	Name: L«iS¸tNéiC«ng	 DelItem: Kim Phong Thiªn Lý Th¶o Th­îng Phi
18:43:22	 Account: huynhtrongtri16	Name: L«iS¸tNéiC«ng	 DelItem: Kim Phong Thanh D­¬ng Kh«i
18:49:20	 Account: huynhtrongtri15	Name: HáaS¸tNéiC«ng	 DelItem: Kim Phong §ång T­íc Xu©n Th©m
18:49:20	 Account: huynhtrongtri15	Name: HáaS¸tNéiC«ng	 DelItem: Kim Phong Tr¹c Liªn Quang
18:49:20	 Account: huynhtrongtri15	Name: HáaS¸tNéiC«ng	 DelItem: Kim Phong Kú L©n HuyÕt
18:49:20	 Account: huynhtrongtri15	Name: HáaS¸tNéiC«ng	 DelItem: Kim Phong Lan §×nh Ngäc
18:49:20	 Account: huynhtrongtri15	Name: HáaS¸tNéiC«ng	 DelItem: Kim Phong C«ng CÈn Tam Th¸n
18:57:09	 Account: huyenuyqs	Name: RångconÙ	 DelItem: Kim Phong C«ng CÈn Tam Th¸n
18:57:09	 Account: huyenuyqs	Name: RångconÙ	 DelItem: Kim Phong §o¹t Hån Ngäc ®¸i
18:57:09	 Account: huyenuyqs	Name: RångconÙ	 DelItem: Kim Phong HËu NghÖ dÉn cung
18:57:09	 Account: huyenuyqs	Name: RångconÙ	 DelItem: Kim Phong Thanh D­¬ng Kh«i
18:57:09	 Account: huyenuyqs	Name: RångconÙ	 DelItem: Kim Phong Tr¹c Liªn Quang
18:57:09	 Account: huyenuyqs	Name: RångconÙ	 DelItem: Kim Phong Thiªn Lý Th¶o Th­îng Phi
19:01:06	 Account: minhtrand2	Name: TiÓuÙLinh	 DelItem: Kim Phong §o¹t Hån Ngäc ®¸i
19:57:54	 Account: xuxuka01	Name: OÙNyÙNoNgÙNoiÙO	 DelItem: Kim Phong §ång T­íc Xu©n Th©m
19:57:54	 Account: xuxuka01	Name: OÙNyÙNoNgÙNoiÙO	 DelItem: Kim Phong §o¹t Hån Ngäc ®¸i
19:57:54	 Account: xuxuka01	Name: OÙNyÙNoNgÙNoiÙO	 DelItem: Kim Phong HËu NghÖ dÉn cung
19:57:54	 Account: xuxuka01	Name: OÙNyÙNoNgÙNoiÙO	 DelItem: Kim Phong C«ng CÈn Tam Th¸n
19:57:54	 Account: xuxuka01	Name: OÙNyÙNoNgÙNoiÙO	 DelItem: Kim Phong Lan §×nh Ngäc
19:57:54	 Account: xuxuka01	Name: OÙNyÙNoNgÙNoiÙO	 DelItem: Kim Phong Thanh D­¬ng Kh«i
19:57:54	 Account: xuxuka01	Name: OÙNyÙNoNgÙNoiÙO	 DelItem: Kim Phong Kú L©n HuyÕt
19:57:54	 Account: xuxuka01	Name: OÙNyÙNoNgÙNoiÙO	 DelItem: Kim Phong Tr¹c Liªn Quang
19:57:54	 Account: xuxuka01	Name: OÙNyÙNoNgÙNoiÙO	 DelItem: Kim Phong Thiªn Lý Th¶o Th­îng Phi
20:05:10	 Account: xuxuka01	Name: OÙNyÙNoNgÙNoiÙO	 DelItem: Tóc S­¬ng
20:16:15	 Account: dongchaytrang	Name: ThÕÙLong	 DelItem: S¸ch kü n¨ng cÊp 90
20:16:15	 Account: dongchaytrang	Name: ThÕÙLong	 DelItem: Tóc S­¬ng
20:16:15	 Account: dongchaytrang	Name: ThÕÙLong	 DelItem: S¸ch kü n¨ng cÊp 90
20:16:15	 Account: dongchaytrang	Name: ThÕÙLong	 DelItem: §¹i Thµnh BÝ KÝp 90
20:16:15	 Account: dongchaytrang	Name: ThÕÙLong	 DelItem: Tóc S­¬ng
20:16:15	 Account: dongchaytrang	Name: ThÕÙLong	 DelItem: Tóc S­¬ng
20:52:14	 Account: dongchaytrang1	Name: L¹cÙB¨ng	 DelItem: Kim Phong HËu NghÖ dÉn cung
20:52:14	 Account: dongchaytrang1	Name: L¹cÙB¨ng	 DelItem: Kim Phong Lan §×nh Ngäc
20:52:14	 Account: dongchaytrang1	Name: L¹cÙB¨ng	 DelItem: Kim Phong Tr¹c Liªn Quang
20:52:14	 Account: dongchaytrang1	Name: L¹cÙB¨ng	 DelItem: Kim Phong Thiªn Lý Th¶o Th­îng Phi
20:52:14	 Account: dongchaytrang1	Name: L¹cÙB¨ng	 DelItem: Kim Phong §ång T­íc Xu©n Th©m
20:52:14	 Account: dongchaytrang1	Name: L¹cÙB¨ng	 DelItem: Kim Phong §o¹t Hån Ngäc ®¸i
20:52:14	 Account: dongchaytrang1	Name: L¹cÙB¨ng	 DelItem: Kim Phong C«ng CÈn Tam Th¸n
20:52:14	 Account: dongchaytrang1	Name: L¹cÙB¨ng	 DelItem: Kim Phong Thanh D­¬ng Kh«i
20:52:14	 Account: dongchaytrang1	Name: L¹cÙB¨ng	 DelItem: Kim Phong Kú L©n HuyÕt
22:57:15	 Account: letutl72	Name: ngudoc	 DelItem: Tóc S­¬ng
