00:07:47	 Account: tranhoangcham2	Name: AuDuongPhong1	 DelItem: Tóc S­¬ng
00:07:47	 Account: tranhoangcham2	Name: AuDuongPhong1	 DelItem: Tóc S­¬ng
00:16:35	 Account: dacbn2	Name: MrÙVipÙSo1	 DelItem: Tóc S­¬ng
00:35:33	 Account: dacbn5	Name: VipÙDMÙSo1	 DelItem: Tóc S­¬ng
00:35:33	 Account: dacbn5	Name: VipÙDMÙSo1	 DelItem: Tóc S­¬ng
00:40:00	 Account: dacbn6	Name: VipÙNMÙSo1	 DelItem: Tóc S­¬ng
00:42:06	 Account: huy1712	Name: ¡nÙMµyÙV­¬ngÙGia	 DelItem: Tóc S­¬ng
00:42:35	 Account: huy1712	Name: ¡nÙMµyÙV­¬ngÙGia	 DelItem: S¸ch kü n¨ng cÊp 90
00:42:35	 Account: huy1712	Name: ¡nÙMµyÙV­¬ngÙGia	 DelItem: Tóc S­¬ng
00:48:54	 Account: vunguyen1984	Name: BinBin	 DelItem: Tóc S­¬ng
00:49:56	 Account: vunguyen1989	Name: khongbietten	 DelItem: Tóc S­¬ng
00:50:34	 Account: vunguyen1987	Name: 444444444	 DelItem: Tóc S­¬ng
00:59:11	 Account: thienhuong	Name: TaKuDa	 DelItem: Kim Phong Tr¹c Liªn Quang
01:03:53	 Account: thienhuong	Name: TaKuDa	 DelItem: Tóc S­¬ng
01:04:02	 Account: thienhuong	Name: TaKuDa	 DelItem: S¸ch kü n¨ng cÊp 90
01:04:10	 Account: thienhuong	Name: TaKuDa	 DelItem: §¹i Thµnh BÝ KÝp 90
01:35:19	 Account: vunguyen1986	Name: 5555555	 DelItem: Tóc S­¬ng
01:35:19	 Account: vunguyen1986	Name: 5555555	 DelItem: Tóc S­¬ng
01:41:23	 Account: vunguyen1983	Name: Thiennhan	 DelItem: Tóc S­¬ng
02:30:17	 Account: dacbn3	Name: VipÙSiLip	 DelItem: Tóc S­¬ng
02:33:38	 Account: dacbn4	Name: VipÙNgaMy	 DelItem: Tóc S­¬ng
05:34:41	 Account: samsimon2	Name: ÙYuÙJira	 DelItem: Tóc S­¬ng
09:11:16	 Account: asdzxcdsa	Name: ThÈmÙV¹nÙTamÙ	 DelItem: Kim Phong §ång T­íc Xu©n Th©m
09:11:16	 Account: asdzxcdsa	Name: ThÈmÙV¹nÙTamÙ	 DelItem: Kim Phong §o¹t Hån Ngäc ®¸i
09:11:16	 Account: asdzxcdsa	Name: ThÈmÙV¹nÙTamÙ	 DelItem: Kim Phong HËu NghÖ dÉn cung
09:11:16	 Account: asdzxcdsa	Name: ThÈmÙV¹nÙTamÙ	 DelItem: Kim Phong C«ng CÈn Tam Th¸n
09:11:16	 Account: asdzxcdsa	Name: ThÈmÙV¹nÙTamÙ	 DelItem: Kim Phong Lan §×nh Ngäc
09:11:16	 Account: asdzxcdsa	Name: ThÈmÙV¹nÙTamÙ	 DelItem: Kim Phong Thanh D­¬ng Kh«i
09:11:16	 Account: asdzxcdsa	Name: ThÈmÙV¹nÙTamÙ	 DelItem: Kim Phong Kú L©n HuyÕt
09:11:16	 Account: asdzxcdsa	Name: ThÈmÙV¹nÙTamÙ	 DelItem: Kim Phong Tr¹c Liªn Quang
09:11:16	 Account: asdzxcdsa	Name: ThÈmÙV¹nÙTamÙ	 DelItem: Kim Phong Thiªn Lý Th¶o Th­îng Phi
09:13:16	 Account: asdzxcdsa	Name: ThÈmÙV¹nÙTamÙ	 DelItem: Tóc S­¬ng
09:23:44	 Account: asdzxcdsa	Name: ThÈmÙV¹nÙTamÙ	 DelItem: Tóc S­¬ng
09:34:33	 Account: qwqwqw3	Name: TinhNhatPhai	 DelItem: S¸ch kü n¨ng cÊp 90
09:34:33	 Account: qwqwqw3	Name: TinhNhatPhai	 DelItem: §¹i Thµnh BÝ KÝp 90
09:55:40	 Account: mapdl2	Name: TiªnÙTö	 DelItem: Kim Phong §ång T­íc Xu©n Th©m
09:55:40	 Account: mapdl2	Name: TiªnÙTö	 DelItem: Kim Phong §o¹t Hån Ngäc ®¸i
09:55:40	 Account: mapdl2	Name: TiªnÙTö	 DelItem: Kim Phong HËu NghÖ dÉn cung
09:55:40	 Account: mapdl2	Name: TiªnÙTö	 DelItem: Kim Phong C«ng CÈn Tam Th¸n
09:55:40	 Account: mapdl2	Name: TiªnÙTö	 DelItem: Kim Phong Lan §×nh Ngäc
09:55:40	 Account: mapdl2	Name: TiªnÙTö	 DelItem: Kim Phong Thanh D­¬ng Kh«i
09:55:40	 Account: mapdl2	Name: TiªnÙTö	 DelItem: Kim Phong Kú L©n HuyÕt
09:55:40	 Account: mapdl2	Name: TiªnÙTö	 DelItem: Kim Phong Tr¹c Liªn Quang
09:55:40	 Account: mapdl2	Name: TiªnÙTö	 DelItem: Kim Phong Thiªn Lý Th¶o Th­îng Phi
09:55:46	 Account: mapdl2	Name: TiªnÙTö	 DelItem: Tóc S­¬ng
11:58:01	 Account: thoakhungz1	Name: §ÇuÙTräcÙ9ÙChÊm	 DelItem: Kim Phong Tr¹c Liªn Quang
12:17:47	 Account: sarin1990	Name: DocDep	 DelItem: Tóc S­¬ng
12:18:29	 Account: thoakhungz1	Name: §ÇuÙTräcÙ9ÙChÊm	 DelItem: Kim Phong §o¹t Hån Ngäc ®¸i
12:18:55	 Account: sarin1990	Name: DocDep	 DelItem: S¸ch kü n¨ng cÊp 90
12:18:55	 Account: sarin1990	Name: DocDep	 DelItem: §¹i Thµnh BÝ KÝp 90
12:20:55	 Account: thoakhungz1	Name: §ÇuÙTräcÙ9ÙChÊm	 DelItem: Kim Phong Thiªn Lý Th¶o Th­îng Phi
12:25:13	 Account: werooo25	Name: chiutbadao	 DelItem: Tóc S­¬ng
12:25:56	 Account: thoakhungz1	Name: §ÇuÙTräcÙ9ÙChÊm	 DelItem: Kim Phong §ång T­íc Xu©n Th©m
12:36:25	 Account: thienhuong	Name: EmGaiTaKuDa	 DelItem: Kim Phong Tr¹c Liªn Quang
13:33:35	 Account: thanhtuoi2	Name: §ØnhÙOlympia	 DelItem: Kim Phong Tr¹c Liªn Quang
13:38:29	 Account: thanhtuoi1	Name: ÙÙÙÙÙÙÙÙÙ	 DelItem: Tóc S­¬ng
13:47:00	 Account: thoakhungz1	Name: §ÇuÙTräcÙ9ÙChÊm	 DelItem: Kim Phong HËu NghÖ dÉn cung
13:53:54	 Account: sarin1990	Name: DocDep	 DelItem: S¸ch kü n¨ng cÊp 90
13:53:54	 Account: sarin1990	Name: DocDep	 DelItem: §¹i Thµnh BÝ KÝp 90
13:53:54	 Account: sarin1990	Name: DocDep	 DelItem: Tóc S­¬ng
14:14:32	 Account: thoakhungz1	Name: §ÇuÙTräcÙ9ÙChÊm	 DelItem: Kim Phong C«ng CÈn Tam Th¸n
14:14:32	 Account: thoakhungz1	Name: §ÇuÙTräcÙ9ÙChÊm	 DelItem: Kim Phong Kú L©n HuyÕt
14:14:32	 Account: thoakhungz1	Name: §ÇuÙTräcÙ9ÙChÊm	 DelItem: Kim Phong Lan §×nh Ngäc
14:15:22	 Account: thoakhungz1	Name: §ÇuÙTräcÙ9ÙChÊm	 DelItem: Kim Phong Thanh D­¬ng Kh«i
14:26:32	 Account: keoxe01	Name: D©nÙ¡nÙC­ípÙ01	 DelItem: Kim Phong Tr¹c Liªn Quang
14:32:01	 Account: keoxe02	Name: D©nÙ¡nÙC­ípÙ02	 DelItem: Kim Phong Tr¹c Liªn Quang
14:38:59	 Account: keoxe03	Name: D©nÙ¡nÙC­ípÙ03	 DelItem: Kim Phong Tr¹c Liªn Quang
14:50:02	 Account: keoxe04	Name: D©nÙ¡nÙC­ípÙ04Ù	 DelItem: Kim Phong Tr¹c Liªn Quang
14:54:07	 Account: keoxe05	Name: D©nÙ¡nÙC­ípÙ05	 DelItem: Kim Phong Tr¹c Liªn Quang
15:10:20	 Account: sangtpbrvt	Name: SangTp	 DelItem: Kim Phong Thiªn Lý Th¶o Th­îng Phi
15:10:20	 Account: sangtpbrvt	Name: SangTp	 DelItem: Kim Phong Kú L©n HuyÕt
15:10:20	 Account: sangtpbrvt	Name: SangTp	 DelItem: Kim Phong Thanh D­¬ng Kh«i
15:10:41	 Account: sangtpbrvt	Name: SangTp	 DelItem: Kim Phong Tr¹c Liªn Quang
15:10:41	 Account: sangtpbrvt	Name: SangTp	 DelItem: Kim Phong Lan §×nh Ngäc
15:10:41	 Account: sangtpbrvt	Name: SangTp	 DelItem: Kim Phong C«ng CÈn Tam Th¸n
15:10:41	 Account: sangtpbrvt	Name: SangTp	 DelItem: Kim Phong HËu NghÖ dÉn cung
15:10:41	 Account: sangtpbrvt	Name: SangTp	 DelItem: Kim Phong §o¹t Hån Ngäc ®¸i
15:10:41	 Account: sangtpbrvt	Name: SangTp	 DelItem: Kim Phong §ång T­íc Xu©n Th©m
15:25:21	 Account: mapdl1	Name: §¹tÙMa	 DelItem: Kim Phong §ång T­íc Xu©n Th©m
15:25:21	 Account: mapdl1	Name: §¹tÙMa	 DelItem: Kim Phong §o¹t Hån Ngäc ®¸i
15:25:21	 Account: mapdl1	Name: §¹tÙMa	 DelItem: Kim Phong HËu NghÖ dÉn cung
15:25:21	 Account: mapdl1	Name: §¹tÙMa	 DelItem: Kim Phong C«ng CÈn Tam Th¸n
15:25:21	 Account: mapdl1	Name: §¹tÙMa	 DelItem: Kim Phong Lan §×nh Ngäc
15:25:21	 Account: mapdl1	Name: §¹tÙMa	 DelItem: Kim Phong Thanh D­¬ng Kh«i
15:25:21	 Account: mapdl1	Name: §¹tÙMa	 DelItem: Kim Phong Kú L©n HuyÕt
15:25:21	 Account: mapdl1	Name: §¹tÙMa	 DelItem: Kim Phong Tr¹c Liªn Quang
15:25:21	 Account: mapdl1	Name: §¹tÙMa	 DelItem: Kim Phong Thiªn Lý Th¶o Th­îng Phi
15:25:31	 Account: mapdl1	Name: §¹tÙMa	 DelItem: Tóc S­¬ng
15:27:38	 Account: mapdl3	Name: ThiªnÙNhÉn	 DelItem: Kim Phong §ång T­íc Xu©n Th©m
15:27:38	 Account: mapdl3	Name: ThiªnÙNhÉn	 DelItem: Kim Phong §o¹t Hån Ngäc ®¸i
15:27:38	 Account: mapdl3	Name: ThiªnÙNhÉn	 DelItem: Kim Phong HËu NghÖ dÉn cung
15:27:38	 Account: mapdl3	Name: ThiªnÙNhÉn	 DelItem: Kim Phong C«ng CÈn Tam Th¸n
15:27:38	 Account: mapdl3	Name: ThiªnÙNhÉn	 DelItem: Kim Phong Lan §×nh Ngäc
15:27:38	 Account: mapdl3	Name: ThiªnÙNhÉn	 DelItem: Kim Phong Thanh D­¬ng Kh«i
15:27:38	 Account: mapdl3	Name: ThiªnÙNhÉn	 DelItem: Kim Phong Kú L©n HuyÕt
15:27:38	 Account: mapdl3	Name: ThiªnÙNhÉn	 DelItem: Kim Phong Tr¹c Liªn Quang
15:27:38	 Account: mapdl3	Name: ThiªnÙNhÉn	 DelItem: Kim Phong Thiªn Lý Th¶o Th­îng Phi
15:28:54	 Account: mapdl3	Name: ThiªnÙNhÉn	 DelItem: Tóc S­¬ng
15:32:27	 Account: thaocanh113	Name: ThienÙNha	 DelItem: Tóc S­¬ng
16:10:28	 Account: sangtpbrvt7	Name: SangTpxxx	 DelItem: Tóc S­¬ng
16:10:28	 Account: sangtpbrvt7	Name: SangTpxxx	 DelItem: Kim Phong HËu NghÖ dÉn cung
16:10:28	 Account: sangtpbrvt7	Name: SangTpxxx	 DelItem: Kim Phong Kú L©n HuyÕt
16:10:28	 Account: sangtpbrvt7	Name: SangTpxxx	 DelItem: Kim Phong Thiªn Lý Th¶o Th­îng Phi
16:10:43	 Account: sangtpbrvt7	Name: SangTpxxx	 DelItem: Kim Phong §ång T­íc Xu©n Th©m
16:10:43	 Account: sangtpbrvt7	Name: SangTpxxx	 DelItem: Kim Phong §o¹t Hån Ngäc ®¸i
16:10:43	 Account: sangtpbrvt7	Name: SangTpxxx	 DelItem: Kim Phong C«ng CÈn Tam Th¸n
16:10:43	 Account: sangtpbrvt7	Name: SangTpxxx	 DelItem: Kim Phong Lan §×nh Ngäc
16:10:43	 Account: sangtpbrvt7	Name: SangTpxxx	 DelItem: Kim Phong Thanh D­¬ng Kh«i
16:10:43	 Account: sangtpbrvt7	Name: SangTpxxx	 DelItem: Kim Phong Tr¹c Liªn Quang
16:40:31	 Account: sangtpbrvt8	Name: SangTpZZZ	 DelItem: Kim Phong §o¹t Hån Ngäc ®¸i
16:40:31	 Account: sangtpbrvt8	Name: SangTpZZZ	 DelItem: Kim Phong HËu NghÖ dÉn cung
16:40:31	 Account: sangtpbrvt8	Name: SangTpZZZ	 DelItem: Kim Phong Lan §×nh Ngäc
16:40:31	 Account: sangtpbrvt8	Name: SangTpZZZ	 DelItem: Kim Phong Thanh D­¬ng Kh«i
16:40:31	 Account: sangtpbrvt8	Name: SangTpZZZ	 DelItem: Kim Phong Thiªn Lý Th¶o Th­îng Phi
16:40:31	 Account: sangtpbrvt8	Name: SangTpZZZ	 DelItem: Tóc S­¬ng
16:40:41	 Account: sangtpbrvt8	Name: SangTpZZZ	 DelItem: Kim Phong §ång T­íc Xu©n Th©m
16:40:41	 Account: sangtpbrvt8	Name: SangTpZZZ	 DelItem: Kim Phong C«ng CÈn Tam Th¸n
16:40:41	 Account: sangtpbrvt8	Name: SangTpZZZ	 DelItem: Kim Phong Kú L©n HuyÕt
16:40:41	 Account: sangtpbrvt8	Name: SangTpZZZ	 DelItem: Kim Phong Tr¹c Liªn Quang
16:54:35	 Account: sangtpbrvt7	Name: SangTpaaa	 DelItem: Kim Phong §o¹t Hån Ngäc ®¸i
16:54:35	 Account: sangtpbrvt7	Name: SangTpaaa	 DelItem: Kim Phong Kú L©n HuyÕt
16:54:35	 Account: sangtpbrvt7	Name: SangTpaaa	 DelItem: Kim Phong Tr¹c Liªn Quang
16:54:35	 Account: sangtpbrvt7	Name: SangTpaaa	 DelItem: Kim Phong Thiªn Lý Th¶o Th­îng Phi
16:54:58	 Account: sangtpbrvt7	Name: SangTpaaa	 DelItem: Tóc S­¬ng
16:54:58	 Account: sangtpbrvt7	Name: SangTpaaa	 DelItem: Kim Phong §ång T­íc Xu©n Th©m
16:54:58	 Account: sangtpbrvt7	Name: SangTpaaa	 DelItem: Kim Phong HËu NghÖ dÉn cung
16:54:58	 Account: sangtpbrvt7	Name: SangTpaaa	 DelItem: Kim Phong C«ng CÈn Tam Th¸n
16:54:58	 Account: sangtpbrvt7	Name: SangTpaaa	 DelItem: Kim Phong Lan §×nh Ngäc
16:54:58	 Account: sangtpbrvt7	Name: SangTpaaa	 DelItem: Kim Phong Thanh D­¬ng Kh«i
16:57:46	 Account: hieuadnew	Name: AdminÙSHXT	 DelItem: Tóc S­¬ng
17:50:30	 Account: sangtpbrvt9	Name: SangTpqqq	 DelItem: Kim Phong §o¹t Hån Ngäc ®¸i
17:50:30	 Account: sangtpbrvt9	Name: SangTpqqq	 DelItem: Kim Phong C«ng CÈn Tam Th¸n
17:50:30	 Account: sangtpbrvt9	Name: SangTpqqq	 DelItem: Kim Phong Kú L©n HuyÕt
17:50:30	 Account: sangtpbrvt9	Name: SangTpqqq	 DelItem: Kim Phong Tr¹c Liªn Quang
17:50:30	 Account: sangtpbrvt9	Name: SangTpqqq	 DelItem: Kim Phong Thiªn Lý Th¶o Th­îng Phi
17:50:50	 Account: sangtpbrvt9	Name: SangTpqqq	 DelItem: Tóc S­¬ng
17:50:50	 Account: sangtpbrvt9	Name: SangTpqqq	 DelItem: Kim Phong §ång T­íc Xu©n Th©m
17:50:50	 Account: sangtpbrvt9	Name: SangTpqqq	 DelItem: Kim Phong HËu NghÖ dÉn cung
17:50:50	 Account: sangtpbrvt9	Name: SangTpqqq	 DelItem: Kim Phong Lan §×nh Ngäc
17:50:50	 Account: sangtpbrvt9	Name: SangTpqqq	 DelItem: Kim Phong Thanh D­¬ng Kh«i
17:53:11	 Account: quocbaobp	Name: §¹iÙThiÕuÙGia	 DelItem: Tóc S­¬ng
17:53:35	 Account: huy1713	Name: DocXuyenTim	 DelItem: Tóc S­¬ng
18:24:28	 Account: longyen011	Name: MrÙLong	 DelItem: Kim Phong Tr¹c Liªn Quang
18:25:27	 Account: longyen010	Name: BXÙLong	 DelItem: Kim Phong Tr¹c Liªn Quang
19:34:05	 Account: anlonnhe	Name: Kvedoc	 DelItem: Kim Phong §ång T­íc Xu©n Th©m
19:34:05	 Account: anlonnhe	Name: Kvedoc	 DelItem: Kim Phong §o¹t Hån Ngäc ®¸i
19:34:05	 Account: anlonnhe	Name: Kvedoc	 DelItem: Kim Phong HËu NghÖ dÉn cung
19:34:05	 Account: anlonnhe	Name: Kvedoc	 DelItem: Kim Phong C«ng CÈn Tam Th¸n
19:34:05	 Account: anlonnhe	Name: Kvedoc	 DelItem: Kim Phong Kú L©n HuyÕt
19:34:05	 Account: anlonnhe	Name: Kvedoc	 DelItem: Tóc S­¬ng
19:34:20	 Account: anlonnhe	Name: Kvedoc	 DelItem: Kim Phong Lan §×nh Ngäc
19:34:20	 Account: anlonnhe	Name: Kvedoc	 DelItem: Kim Phong Thanh D­¬ng Kh«i
19:34:20	 Account: anlonnhe	Name: Kvedoc	 DelItem: Kim Phong Tr¹c Liªn Quang
19:34:20	 Account: anlonnhe	Name: Kvedoc	 DelItem: Kim Phong Thiªn Lý Th¶o Th­îng Phi
19:41:33	 Account: longyen010	Name: BXÙLong	 DelItem: Tóc S­¬ng
19:49:50	 Account: taodeohieu	Name: ConLonDe1	 DelItem: Kim Phong §ång T­íc Xu©n Th©m
19:49:50	 Account: taodeohieu	Name: ConLonDe1	 DelItem: Kim Phong §o¹t Hån Ngäc ®¸i
19:49:50	 Account: taodeohieu	Name: ConLonDe1	 DelItem: Kim Phong HËu NghÖ dÉn cung
19:49:50	 Account: taodeohieu	Name: ConLonDe1	 DelItem: Kim Phong C«ng CÈn Tam Th¸n
19:49:50	 Account: taodeohieu	Name: ConLonDe1	 DelItem: Kim Phong Lan §×nh Ngäc
19:49:50	 Account: taodeohieu	Name: ConLonDe1	 DelItem: Kim Phong Kú L©n HuyÕt
19:49:50	 Account: taodeohieu	Name: ConLonDe1	 DelItem: Kim Phong Tr¹c Liªn Quang
19:49:50	 Account: taodeohieu	Name: ConLonDe1	 DelItem: Kim Phong Thiªn Lý Th¶o Th­îng Phi
19:50:00	 Account: taodeohieu	Name: ConLonDe1	 DelItem: Kim Phong Thanh D­¬ng Kh«i
19:50:00	 Account: taodeohieu	Name: ConLonDe1	 DelItem: Tóc S­¬ng
19:53:49	 Account: longyen011	Name: MrÙLong	 DelItem: Tóc S­¬ng
20:08:36	 Account: ngocminhthu5	Name: GinÙCµy	 DelItem: Kim Phong §ång T­íc Xu©n Th©m
20:08:36	 Account: ngocminhthu5	Name: GinÙCµy	 DelItem: Kim Phong §o¹t Hån Ngäc ®¸i
20:08:36	 Account: ngocminhthu5	Name: GinÙCµy	 DelItem: Kim Phong HËu NghÖ dÉn cung
20:08:36	 Account: ngocminhthu5	Name: GinÙCµy	 DelItem: Kim Phong C«ng CÈn Tam Th¸n
20:08:36	 Account: ngocminhthu5	Name: GinÙCµy	 DelItem: Kim Phong Lan §×nh Ngäc
20:08:36	 Account: ngocminhthu5	Name: GinÙCµy	 DelItem: Kim Phong Thanh D­¬ng Kh«i
20:08:36	 Account: ngocminhthu5	Name: GinÙCµy	 DelItem: Kim Phong Tr¹c Liªn Quang
20:08:36	 Account: ngocminhthu5	Name: GinÙCµy	 DelItem: Kim Phong Thiªn Lý Th¶o Th­îng Phi
20:08:36	 Account: ngocminhthu5	Name: GinÙCµy	 DelItem: Kim Phong Kú L©n HuyÕt
20:08:40	 Account: ngocminhthu5	Name: GinÙCµy	 DelItem: Tóc S­¬ng
20:41:54	 Account: longyen013	Name: DMÙCñaÙLong	 DelItem: Tóc S­¬ng
20:42:04	 Account: longyen013	Name: DMÙCñaÙLong	 DelItem: Tóc S­¬ng
20:42:11	 Account: longyen013	Name: DMÙCñaÙLong	 DelItem: Tóc S­¬ng
20:48:28	 Account: longyen012	Name: NMÙCñaÙLong	 DelItem: Tóc S­¬ng
20:49:45	 Account: luukt53	Name: NgoalongVD	 DelItem: Tóc S­¬ng
20:49:45	 Account: luukt53	Name: NgoalongVD	 DelItem: Kim Phong Kú L©n HuyÕt
20:51:18	 Account: thaocanh117	Name: UyÓnÙNh·	 DelItem: Kim Phong §o¹t Hån Ngäc ®¸i
21:24:55	 Account: huy1713	Name: SONGOKU	 DelItem: Tóc S­¬ng
21:48:12	 Account: vu25091990	Name: XinhGai21	 DelItem: Kim Phong §o¹t Hån Ngäc ®¸i
21:48:12	 Account: vu25091990	Name: XinhGai21	 DelItem: Kim Phong Thanh D­¬ng Kh«i
21:48:12	 Account: vu25091990	Name: XinhGai21	 DelItem: Kim Phong Kú L©n HuyÕt
21:48:12	 Account: vu25091990	Name: XinhGai21	 DelItem: Kim Phong Tr¹c Liªn Quang
21:48:12	 Account: vu25091990	Name: XinhGai21	 DelItem: Kim Phong Thiªn Lý Th¶o Th­îng Phi
21:48:12	 Account: vu25091990	Name: XinhGai21	 DelItem: Tóc S­¬ng
21:48:22	 Account: vu25091990	Name: XinhGai21	 DelItem: Kim Phong §ång T­íc Xu©n Th©m
21:48:22	 Account: vu25091990	Name: XinhGai21	 DelItem: Kim Phong HËu NghÖ dÉn cung
21:48:22	 Account: vu25091990	Name: XinhGai21	 DelItem: Kim Phong C«ng CÈn Tam Th¸n
21:48:22	 Account: vu25091990	Name: XinhGai21	 DelItem: Kim Phong Lan §×nh Ngäc
21:50:09	 Account: vu25091990	Name: DocXinh22	 DelItem: Kim Phong §o¹t Hån Ngäc ®¸i
21:50:09	 Account: vu25091990	Name: DocXinh22	 DelItem: Kim Phong Thanh D­¬ng Kh«i
21:50:09	 Account: vu25091990	Name: DocXinh22	 DelItem: Kim Phong Kú L©n HuyÕt
21:50:09	 Account: vu25091990	Name: DocXinh22	 DelItem: Kim Phong Tr¹c Liªn Quang
21:50:09	 Account: vu25091990	Name: DocXinh22	 DelItem: Kim Phong Thiªn Lý Th¶o Th­îng Phi
21:50:09	 Account: vu25091990	Name: DocXinh22	 DelItem: Tóc S­¬ng
21:50:19	 Account: vu25091990	Name: DocXinh22	 DelItem: Kim Phong §ång T­íc Xu©n Th©m
21:50:19	 Account: vu25091990	Name: DocXinh22	 DelItem: Kim Phong HËu NghÖ dÉn cung
21:50:19	 Account: vu25091990	Name: DocXinh22	 DelItem: Kim Phong C«ng CÈn Tam Th¸n
21:50:19	 Account: vu25091990	Name: DocXinh22	 DelItem: Kim Phong Lan §×nh Ngäc
21:52:41	 Account: vu25091990	Name: DocXinh23	 DelItem: Kim Phong §o¹t Hån Ngäc ®¸i
21:52:41	 Account: vu25091990	Name: DocXinh23	 DelItem: Kim Phong Thanh D­¬ng Kh«i
21:52:41	 Account: vu25091990	Name: DocXinh23	 DelItem: Kim Phong Kú L©n HuyÕt
21:52:41	 Account: vu25091990	Name: DocXinh23	 DelItem: Kim Phong Tr¹c Liªn Quang
21:52:41	 Account: vu25091990	Name: DocXinh23	 DelItem: Kim Phong Thiªn Lý Th¶o Th­îng Phi
21:52:41	 Account: vu25091990	Name: DocXinh23	 DelItem: Tóc S­¬ng
21:52:50	 Account: vu25091990	Name: DocXinh23	 DelItem: Kim Phong §ång T­íc Xu©n Th©m
21:52:50	 Account: vu25091990	Name: DocXinh23	 DelItem: Kim Phong HËu NghÖ dÉn cung
21:52:50	 Account: vu25091990	Name: DocXinh23	 DelItem: Kim Phong C«ng CÈn Tam Th¸n
21:52:50	 Account: vu25091990	Name: DocXinh23	 DelItem: Kim Phong Lan §×nh Ngäc
22:37:27	 Account: huy1715	Name: §ÖÙ¡nÙMµy	 DelItem: Tóc S­¬ng
22:58:09	 Account: thoakhungz5	Name: §õngÙChäcÙTao	 DelItem: Kim Phong Lan §×nh Ngäc
23:02:10	 Account: longyen010	Name: BXÙLong	 DelItem: Tóc S­¬ng
23:24:10	 Account: huy100	Name: TiÓuLýPhiTiªu	 DelItem: Tóc S­¬ng
23:24:10	 Account: huy100	Name: TiÓuLýPhiTiªu	 DelItem: Tóc S­¬ng
23:31:04	 Account: huy101	Name: Ngò§écHµnhKinh	 DelItem: Tóc S­¬ng
23:31:54	 Account: nonhandl	Name: NhËmÙNg·ÙHµnhÙ	 DelItem: Tóc S­¬ng
23:33:43	 Account: ngocminhthu2	Name: GinÙMéc	 DelItem: Tóc S­¬ng
23:34:26	 Account: ngocminhthu3	Name: GinÙHo¶	 DelItem: Tóc S­¬ng
