16:05:42	 Account: hieuad	Name: AdminÙSHXT	 DelItem: §Þnh Quèc ¤ Sa Ph¸t Qu¸n
16:07:21	 Account: thanh1003	Name: SuperSayaRose	 DelItem: KÕ NghiÖp B«n L«i Toµn Long th­¬ng
17:17:00	 Account: hieuad	Name: AdminÙSHXT	 DelItem: Hoµng Kim - §Þnh Quèc Thanh Sa Tr­êng Sam
20:21:26	 Account: hieuad	Name: AdminÙSHXT	 DelItem: Ma S¸t Tµn D­¬ng ¶nh HuyÕt Gi¸p
20:21:44	 Account: hieuad	Name: AdminÙSHXT	 DelItem: Ma S¸t Quû Cèc U Minh Th­¬ng
20:28:10	 Account: sangtpbrvt4	Name: SangTp4	 DelItem: Tiªn Th¶o Lé 
20:28:10	 Account: sangtpbrvt4	Name: SangTp4	 DelItem: Tiªn Th¶o Lé 
20:28:10	 Account: sangtpbrvt4	Name: SangTp4	 DelItem: Tiªn Th¶o Lé 
20:28:10	 Account: sangtpbrvt4	Name: SangTp4	 DelItem: Tiªn Th¶o Lé 
20:28:10	 Account: sangtpbrvt4	Name: SangTp4	 DelItem: Tiªn Th¶o Lé 
20:28:10	 Account: sangtpbrvt4	Name: SangTp4	 DelItem: Tiªn Th¶o Lé 
20:28:10	 Account: sangtpbrvt4	Name: SangTp4	 DelItem: Tiªn Th¶o Lé 
20:28:10	 Account: sangtpbrvt4	Name: SangTp4	 DelItem: Tiªn Th¶o Lé 
20:28:10	 Account: sangtpbrvt4	Name: SangTp4	 DelItem: Tiªn Th¶o Lé 
20:28:10	 Account: sangtpbrvt4	Name: SangTp4	 DelItem: Tiªn Th¶o Lé 
20:28:10	 Account: sangtpbrvt4	Name: SangTp4	 DelItem: Tiªn Th¶o Lé 
20:28:10	 Account: sangtpbrvt4	Name: SangTp4	 DelItem: Tiªn Th¶o Lé 
20:28:10	 Account: sangtpbrvt4	Name: SangTp4	 DelItem: Tiªn Th¶o Lé 
20:28:10	 Account: sangtpbrvt4	Name: SangTp4	 DelItem: Tiªn Th¶o Lé 
20:28:10	 Account: sangtpbrvt4	Name: SangTp4	 DelItem: Tiªn Th¶o Lé 
20:28:10	 Account: sangtpbrvt4	Name: SangTp4	 DelItem: Tiªn Th¶o Lé 
20:28:10	 Account: sangtpbrvt4	Name: SangTp4	 DelItem: Tiªn Th¶o Lé 
20:28:10	 Account: sangtpbrvt4	Name: SangTp4	 DelItem: Tiªn Th¶o Lé 
20:28:10	 Account: sangtpbrvt4	Name: SangTp4	 DelItem: Tiªn Th¶o Lé 
20:28:10	 Account: sangtpbrvt4	Name: SangTp4	 DelItem: Tiªn Th¶o Lé 
20:28:10	 Account: sangtpbrvt4	Name: SangTp4	 DelItem: Tiªn Th¶o Lé 
20:28:10	 Account: sangtpbrvt4	Name: SangTp4	 DelItem: Tiªn Th¶o Lé 
20:28:10	 Account: sangtpbrvt4	Name: SangTp4	 DelItem: Tiªn Th¶o Lé 
20:28:10	 Account: sangtpbrvt4	Name: SangTp4	 DelItem: Tiªn Th¶o Lé 
20:28:51	 Account: sangtpbrvt4	Name: SangTp4	 DelItem: Ngù Phong thuËt
20:28:51	 Account: sangtpbrvt4	Name: SangTp4	 DelItem: Th¸i Cùc KiÕm Phæ. QuyÓn 2
20:28:51	 Account: sangtpbrvt4	Name: SangTp4	 DelItem: NhiÕp Hån. Chó thuËt
20:28:51	 Account: sangtpbrvt4	Name: SangTp4	 DelItem: V©n Long KÝch. M©u ph¸p
20:28:51	 Account: sangtpbrvt4	Name: SangTp4	 DelItem: L­u Tinh. §ao ph¸p
20:28:51	 Account: sangtpbrvt4	Name: SangTp4	 DelItem: C¸i Bang Ch­ëng Ph¸p
20:28:51	 Account: sangtpbrvt4	Name: SangTp4	 DelItem: C¸i Bang C«n ph¸p
20:28:51	 Account: sangtpbrvt4	Name: SangTp4	 DelItem: Thóy Yªn Song ®ao
20:28:51	 Account: sangtpbrvt4	Name: SangTp4	 DelItem: Thóy Yªn §ao ph¸p
20:28:51	 Account: sangtpbrvt4	Name: SangTp4	 DelItem: Phæ §é MËt TÞch
20:28:51	 Account: sangtpbrvt4	Name: SangTp4	 DelItem: Nga Mi  PhËt Quang Ch­ëng MËt TÞch
20:28:51	 Account: sangtpbrvt4	Name: SangTp4	 DelItem: DiÖt KiÕm MËt TÞch
20:28:51	 Account: sangtpbrvt4	Name: SangTp4	 DelItem: H·m TÜnh thuËt.Lo¹n Hoµn KÝch
20:28:51	 Account: sangtpbrvt4	Name: SangTp4	 DelItem: Phi Tiªu thuËt. Cöu Cung Phi Tinh
20:28:51	 Account: sangtpbrvt4	Name: SangTp4	 DelItem: Tô TiÔn thuËt. B¹o Vò Lª Hoa
20:28:51	 Account: sangtpbrvt4	Name: SangTp4	 DelItem: Thiªn V­¬ng Th­¬ng ph¸p. QuyÓn 2
20:28:51	 Account: sangtpbrvt4	Name: SangTp4	 DelItem: Thiªn V­¬ng Chïy Ph¸p. QuyÓn 1
20:28:51	 Account: sangtpbrvt4	Name: SangTp4	 DelItem: Thiªn V­¬ng §ao ph¸p.QuyÓn 3
20:28:51	 Account: sangtpbrvt4	Name: SangTp4	 DelItem: ThiÕu L©m QuyÒn Ph¸p. QuyÓn 1
20:28:51	 Account: sangtpbrvt4	Name: SangTp4	 DelItem: ThiÕu L©m C«n ph¸p. QuyÓn 2
20:28:51	 Account: sangtpbrvt4	Name: SangTp4	 DelItem: ThiÕu L©m §ao ph¸p. QuyÓn 3
20:28:51	 Account: sangtpbrvt4	Name: SangTp4	 DelItem: Ngò §éc NhiÕp T©m thuËt. QuyÓn 3
20:28:51	 Account: sangtpbrvt4	Name: SangTp4	 DelItem: Ngò §éc §ao ph¸p. QuyÓn 2
20:28:51	 Account: sangtpbrvt4	Name: SangTp4	 DelItem: Ngò §éc Ch­ëng Ph¸p. QuyÓn 1
20:29:21	 Account: sangtpbrvt4	Name: SangTp4	 DelItem: Ngù T©m thuËt
20:29:21	 Account: sangtpbrvt4	Name: SangTp4	 DelItem: Ngù L«i thuËt
21:03:07	 Account: hieuad	Name: AdminÙSHXT	 DelItem: Hoµng Kim - An Bang §iÒn Hoµng Th¹ch Ngäc Béi
22:09:26	 Account: sangtpbrvt4	Name: SangTp4	 DelItem: Lôc Thñy Tinh
22:09:26	 Account: sangtpbrvt4	Name: SangTp4	 DelItem: Lôc Thñy Tinh
22:09:26	 Account: sangtpbrvt4	Name: SangTp4	 DelItem: Tinh Hång B¶o Th¹ch
22:37:09	 Account: sangtpbrvt4	Name: SangTp4	 DelItem: V« Ma TÈy T­îng Ngäc KhÊu 
