00:24:26	 Account: luukt56	Name: NgoalongND	 DelItem: Phi La Ngoa
00:25:36	 Account: tranvinh01	Name: Ù2SaoÙ1g¹ch	 DelItem: Kim Phong §ång T­íc Xu©n Th©m
00:25:36	 Account: tranvinh01	Name: Ù2SaoÙ1g¹ch	 DelItem: Kim Phong HËu NghÖ dÉn cung
00:25:36	 Account: tranvinh01	Name: Ù2SaoÙ1g¹ch	 DelItem: Kim Phong Lan §×nh Ngäc
00:25:36	 Account: tranvinh01	Name: Ù2SaoÙ1g¹ch	 DelItem: Kim Phong Thanh D­¬ng Kh«i
00:25:36	 Account: tranvinh01	Name: Ù2SaoÙ1g¹ch	 DelItem: Kim Phong Kú L©n HuyÕt
00:25:36	 Account: tranvinh01	Name: Ù2SaoÙ1g¹ch	 DelItem: Kim Phong Thiªn Lý Th¶o Th­îng Phi
00:25:36	 Account: tranvinh01	Name: Ù2SaoÙ1g¹ch	 DelItem: Kim Phong §o¹t Hån Ngäc ®¸i
00:35:09	 Account: luukt55	Name: NgoalongCB	 DelItem: Kim Phong Thiªn Lý Th¶o Th­îng Phi
00:35:09	 Account: luukt55	Name: NgoalongCB	 DelItem: Kim Phong Tr¹c Liªn Quang
00:35:09	 Account: luukt55	Name: NgoalongCB	 DelItem: Kim Phong Kú L©n HuyÕt
00:35:09	 Account: luukt55	Name: NgoalongCB	 DelItem: Kim Phong Thanh D­¬ng Kh«i
00:35:09	 Account: luukt55	Name: NgoalongCB	 DelItem: Kim Phong Lan §×nh Ngäc
00:35:09	 Account: luukt55	Name: NgoalongCB	 DelItem: Kim Phong C«ng CÈn Tam Th¸n
00:35:09	 Account: luukt55	Name: NgoalongCB	 DelItem: Kim Phong HËu NghÖ dÉn cung
00:35:09	 Account: luukt55	Name: NgoalongCB	 DelItem: Kim Phong §ång T­íc Xu©n Th©m
00:41:55	 Account: luukt56	Name: NgoalongND	 DelItem: Tam Thanh Bµo
01:01:25	 Account: saluci	Name: DocXinh3	 DelItem: Kim Phong Tr¹c Liªn Quang
01:22:51	 Account: vunguyen1984	Name: BinBin	 DelItem: Kim Phong §o¹t Hån Ngäc ®¸i
01:22:51	 Account: vunguyen1984	Name: BinBin	 DelItem: Kim Phong HËu NghÖ dÉn cung
01:22:51	 Account: vunguyen1984	Name: BinBin	 DelItem: Kim Phong Lan §×nh Ngäc
01:22:51	 Account: vunguyen1984	Name: BinBin	 DelItem: Kim Phong Thanh D­¬ng Kh«i
01:22:51	 Account: vunguyen1984	Name: BinBin	 DelItem: Kim Phong Kú L©n HuyÕt
01:22:51	 Account: vunguyen1984	Name: BinBin	 DelItem: Kim Phong Tr¹c Liªn Quang
01:22:51	 Account: vunguyen1984	Name: BinBin	 DelItem: Kim Phong Thiªn Lý Th¶o Th­îng Phi
06:42:43	 Account: luukt55	Name: NgoalongCB	 DelItem: Kim Phong §o¹t Hån Ngäc ®¸i
08:03:05	 Account: luukt56	Name: NgoalongND	 DelItem: Toan Nghª gi¸p
08:05:00	 Account: luukt56	Name: NgoalongND	 DelItem: TÊt Sa sam
08:11:41	 Account: luukt56	Name: NgoalongND	 DelItem: B¹ch Thùc Hoµn
08:20:55	 Account: ctcshxt1	Name: hangve	 DelItem: Kim Phong §ång T­íc Xu©n Th©m
08:20:55	 Account: ctcshxt1	Name: hangve	 DelItem: Kim Phong §o¹t Hån Ngäc ®¸i
08:20:55	 Account: ctcshxt1	Name: hangve	 DelItem: Kim Phong HËu NghÖ dÉn cung
08:20:55	 Account: ctcshxt1	Name: hangve	 DelItem: Kim Phong C«ng CÈn Tam Th¸n
08:20:55	 Account: ctcshxt1	Name: hangve	 DelItem: Kim Phong Lan §×nh Ngäc
08:20:55	 Account: ctcshxt1	Name: hangve	 DelItem: Kim Phong Thanh D­¬ng Kh«i
08:20:55	 Account: ctcshxt1	Name: hangve	 DelItem: Kim Phong Kú L©n HuyÕt
08:20:55	 Account: ctcshxt1	Name: hangve	 DelItem: Kim Phong Tr¹c Liªn Quang
08:20:55	 Account: ctcshxt1	Name: hangve	 DelItem: Kim Phong Thiªn Lý Th¶o Th­îng Phi
08:29:57	 Account: luukt56	Name: NgoalongND	 DelItem: ¤ Ng©n Yªu §¸i
11:14:39	 Account: minhtrand1	Name: GiÕtÙS­Ù§ètÙChïa	 DelItem: Kim Phong Thiªn Lý Th¶o Th­îng Phi
11:14:39	 Account: minhtrand1	Name: GiÕtÙS­Ù§ètÙChïa	 DelItem: Kim Phong Tr¹c Liªn Quang
11:32:42	 Account: sarin1	Name: DocXinh10	 DelItem: Kim Phong Thiªn Lý Th¶o Th­îng Phi
11:32:42	 Account: sarin1	Name: DocXinh10	 DelItem: Kim Phong Kú L©n HuyÕt
11:32:42	 Account: sarin1	Name: DocXinh10	 DelItem: Kim Phong Thanh D­¬ng Kh«i
11:32:42	 Account: sarin1	Name: DocXinh10	 DelItem: Kim Phong Lan §×nh Ngäc
11:32:42	 Account: sarin1	Name: DocXinh10	 DelItem: Kim Phong C«ng CÈn Tam Th¸n
11:32:42	 Account: sarin1	Name: DocXinh10	 DelItem: Kim Phong HËu NghÖ dÉn cung
11:32:42	 Account: sarin1	Name: DocXinh10	 DelItem: Kim Phong §o¹t Hån Ngäc ®¸i
11:32:42	 Account: sarin1	Name: DocXinh10	 DelItem: Kim Phong §ång T­íc Xu©n Th©m
11:32:52	 Account: sarin1	Name: DocXinh10	 DelItem: Kim Phong Tr¹c Liªn Quang
12:10:16	 Account: luukt54	Name: NgoalongNM	 DelItem: Kim Phong Thiªn Lý Th¶o Th­îng Phi
12:10:16	 Account: luukt54	Name: NgoalongNM	 DelItem: Kim Phong Thanh D­¬ng Kh«i
12:10:16	 Account: luukt54	Name: NgoalongNM	 DelItem: Kim Phong §o¹t Hån Ngäc ®¸i
12:10:25	 Account: luukt54	Name: NgoalongNM	 DelItem: Kim Phong HËu NghÖ dÉn cung
12:39:23	 Account: thoakhungs1	Name: Boss01	 DelItem: Tóc S­¬ng
12:46:12	 Account: luukt56	Name: NgoalongND	 DelItem: T­îng B× Yªu §¸i
12:49:41	 Account: luukt56	Name: NgoalongND	 DelItem: TÊt Sa sam
13:12:59	 Account: luukt56	Name: NgoalongND	 DelItem: §­êng Nghª gi¸p
13:17:01	 Account: luukt56	Name: NgoalongND	 DelItem: UÊt §a La T¨ng
14:11:18	 Account: huynhtrongtri12	Name: KiÕmPhongKim	 DelItem: Kim Phong Tr¹c Liªn Quang
14:14:56	 Account: minhtrand3	Name: HáaÙLongÙTµÙNh©n	 DelItem: Kim Phong Thanh D­¬ng Kh«i
14:14:56	 Account: minhtrand3	Name: HáaÙLongÙTµÙNh©n	 DelItem: Kim Phong Kú L©n HuyÕt
14:57:06	 Account: minhtrand2	Name: TiÓuÙLinh	 DelItem: Kim Phong §ång T­íc Xu©n Th©m
14:57:06	 Account: minhtrand2	Name: TiÓuÙLinh	 DelItem: Kim Phong Kú L©n HuyÕt
15:01:58	 Account: luukt53	Name: NgoalongVD	 DelItem: Liªn Phong Ngoa
15:13:04	 Account: luukt56	Name: NgoalongND	 DelItem: ¤ Tµm M·o
15:14:46	 Account: luukt56	Name: NgoalongND	 DelItem: Cöu TiÕt X­¬ng VÜ Ngoa
15:15:44	 Account: luukt56	Name: NgoalongND	 DelItem: Huy Thñy Kh«i
15:28:47	 Account: luukt55	Name: NgoalongCB	 DelItem: Thiªn NhÉn MËt Trang
15:34:11	 Account: luukt53	Name: NgoalongVD	 DelItem: Thanh M·o
15:34:31	 Account: luukt53	Name: NgoalongVD	 DelItem: Thanh Tinh Thoa
15:53:54	 Account: luukt53	Name: NgoalongVD	 DelItem: Phi La Ngoa
15:54:00	 Account: luukt53	Name: NgoalongVD	 DelItem: TrÇm H­¬ng sam
15:54:11	 Account: luukt53	Name: NgoalongVD	 DelItem: Kim Tiªu 
16:02:04	 Account: luukt53	Name: NgoalongVD	 DelItem: Th«n NhËt Tr·m
16:02:19	 Account: luukt53	Name: NgoalongVD	 DelItem: Ph¸ Thiªn KÝch
16:16:18	 Account: thoakhungzz6	Name: KinhBáMÑ	 DelItem: Kim Phong §ång T­íc Xu©n Th©m
17:40:36	 Account: timlaivohien1	Name: EyeSmile2	 DelItem: Tr­êng Th­¬ng
19:00:03	 Account: vunguyen1988	Name: 111111111	 DelItem: Tóc S­¬ng
19:00:03	 Account: vunguyen1988	Name: 111111111	 DelItem: Tóc S­¬ng
19:46:56	 Account: tranvinh06	Name: ThiªnÙ§ÞaÙV«ÙCù	 DelItem: Kim Phong §ång T­íc Xu©n Th©m
19:46:56	 Account: tranvinh06	Name: ThiªnÙ§ÞaÙV«ÙCù	 DelItem: Kim Phong Tr¹c Liªn Quang
19:46:56	 Account: tranvinh06	Name: ThiªnÙ§ÞaÙV«ÙCù	 DelItem: Kim Phong Lan §×nh Ngäc
19:46:56	 Account: tranvinh06	Name: ThiªnÙ§ÞaÙV«ÙCù	 DelItem: Kim Phong C«ng CÈn Tam Th¸n
19:58:23	 Account: hieuham1994	Name: §écC«ÙCÇuB¹i	 DelItem: Tóc S­¬ng
20:23:45	 Account: thangvl5	Name: 5TLSuco	 DelItem: Kim Phong HËu NghÖ dÉn cung
20:25:14	 Account: nam92hd8	Name: Gi÷ÙR¸cÙNo2	 DelItem: Tóc S­¬ng
20:38:39	 Account: timlaivohien1	Name: EyeSmile2	 DelItem: Hoµn tö Th­¬ng
20:39:35	 Account: nam92hd8	Name: Gi÷ÙR¸cÙNo2	 DelItem: Kim Phong HËu NghÖ dÉn cung
20:39:40	 Account: nam92hd8	Name: Gi÷ÙR¸cÙNo2	 DelItem: Kim Phong C«ng CÈn Tam Th¸n
20:40:47	 Account: nam92hd8	Name: Gi÷ÙR¸cÙNo2	 DelItem: Kim Phong Thanh D­¬ng Kh«i
20:44:37	 Account: nam92hd9	Name: Gi÷ÙR¸cÙNo3	 DelItem: Kim Phong Thanh D­¬ng Kh«i
20:44:43	 Account: nam92hd9	Name: Gi÷ÙR¸cÙNo3	 DelItem: Kim Phong C«ng CÈn Tam Th¸n
20:44:48	 Account: nam92hd9	Name: Gi÷ÙR¸cÙNo3	 DelItem: Kim Phong C«ng CÈn Tam Th¸n
20:44:53	 Account: nam92hd9	Name: Gi÷ÙR¸cÙNo3	 DelItem: Kim Phong HËu NghÖ dÉn cung
20:47:54	 Account: sangtpbrvt10	Name: money111	 DelItem: Kim Phong Thiªn Lý Th¶o Th­îng Phi
20:47:54	 Account: sangtpbrvt10	Name: money111	 DelItem: Kim Phong Kú L©n HuyÕt
20:47:54	 Account: sangtpbrvt10	Name: money111	 DelItem: Kim Phong Thanh D­¬ng Kh«i
20:47:54	 Account: sangtpbrvt10	Name: money111	 DelItem: Kim Phong HËu NghÖ dÉn cung
20:48:14	 Account: sangtpbrvt10	Name: money111	 DelItem: Tóc S­¬ng
20:48:14	 Account: sangtpbrvt10	Name: money111	 DelItem: Kim Phong Tr¹c Liªn Quang
20:48:14	 Account: sangtpbrvt10	Name: money111	 DelItem: Kim Phong Lan §×nh Ngäc
20:48:14	 Account: sangtpbrvt10	Name: money111	 DelItem: Kim Phong C«ng CÈn Tam Th¸n
20:48:14	 Account: sangtpbrvt10	Name: money111	 DelItem: Kim Phong §o¹t Hån Ngäc ®¸i
20:48:14	 Account: sangtpbrvt10	Name: money111	 DelItem: Kim Phong §ång T­íc Xu©n Th©m
20:54:59	 Account: sangtpbrvt11	Name: money2	 DelItem: Kim Phong Thiªn Lý Th¶o Th­îng Phi
20:54:59	 Account: sangtpbrvt11	Name: money2	 DelItem: Kim Phong Kú L©n HuyÕt
20:54:59	 Account: sangtpbrvt11	Name: money2	 DelItem: Tóc S­¬ng
20:55:15	 Account: sangtpbrvt11	Name: money2	 DelItem: Kim Phong Tr¹c Liªn Quang
20:55:15	 Account: sangtpbrvt11	Name: money2	 DelItem: Kim Phong Thanh D­¬ng Kh«i
20:55:15	 Account: sangtpbrvt11	Name: money2	 DelItem: Kim Phong Lan §×nh Ngäc
20:55:15	 Account: sangtpbrvt11	Name: money2	 DelItem: Kim Phong C«ng CÈn Tam Th¸n
20:55:15	 Account: sangtpbrvt11	Name: money2	 DelItem: Kim Phong HËu NghÖ dÉn cung
20:55:15	 Account: sangtpbrvt11	Name: money2	 DelItem: Kim Phong §o¹t Hån Ngäc ®¸i
20:55:15	 Account: sangtpbrvt11	Name: money2	 DelItem: Kim Phong §ång T­íc Xu©n Th©m
21:03:25	 Account: sangtpbrvt12	Name: money3	 DelItem: Kim Phong Kú L©n HuyÕt
21:03:25	 Account: sangtpbrvt12	Name: money3	 DelItem: Kim Phong Thiªn Lý Th¶o Th­îng Phi
21:03:25	 Account: sangtpbrvt12	Name: money3	 DelItem: Tóc S­¬ng
21:03:47	 Account: sangtpbrvt12	Name: money3	 DelItem: Kim Phong §ång T­íc Xu©n Th©m
21:03:47	 Account: sangtpbrvt12	Name: money3	 DelItem: Kim Phong §o¹t Hån Ngäc ®¸i
21:03:47	 Account: sangtpbrvt12	Name: money3	 DelItem: Kim Phong HËu NghÖ dÉn cung
21:03:47	 Account: sangtpbrvt12	Name: money3	 DelItem: Kim Phong C«ng CÈn Tam Th¸n
21:03:47	 Account: sangtpbrvt12	Name: money3	 DelItem: Kim Phong Lan §×nh Ngäc
21:03:47	 Account: sangtpbrvt12	Name: money3	 DelItem: Kim Phong Thanh D­¬ng Kh«i
21:03:47	 Account: sangtpbrvt12	Name: money3	 DelItem: Kim Phong Tr¹c Liªn Quang
21:06:41	 Account: nam92hd10	Name: Gi÷ÙR¸cÙNo5	 DelItem: Kim Phong C«ng CÈn Tam Th¸n
21:06:46	 Account: nam92hd10	Name: Gi÷ÙR¸cÙNo5	 DelItem: Kim Phong C«ng CÈn Tam Th¸n
21:06:51	 Account: nam92hd10	Name: Gi÷ÙR¸cÙNo5	 DelItem: Kim Phong Thanh D­¬ng Kh«i
21:22:44	 Account: nam92hd10	Name: Gi÷ÙR¸cÙNo5	 DelItem: Kim Phong HËu NghÖ dÉn cung
21:31:20	 Account: huynhtrongtri17	Name: bombobmbobmbmb	 DelItem: Tóc S­¬ng
21:31:20	 Account: huynhtrongtri17	Name: bombobmbobmbmb	 DelItem: Tóc S­¬ng
21:48:46	 Account: thangvl5	Name: 5TLSuco	 DelItem: Kim Phong Thiªn Lý Th¶o Th­îng Phi
22:26:34	 Account: nonhannm	Name: NhËmÙDoanhÙDoanh	 DelItem: Kim Phong Thiªn Lý Th¶o Th­îng Phi
22:26:34	 Account: nonhannm	Name: NhËmÙDoanhÙDoanh	 DelItem: Kim Phong §o¹t Hån Ngäc ®¸i
22:28:09	 Account: nonhannm	Name: NhËmÙDoanhÙDoanh	 DelItem: Kim Phong Thanh D­¬ng Kh«i
22:28:09	 Account: nonhannm	Name: NhËmÙDoanhÙDoanh	 DelItem: Kim Phong Kú L©n HuyÕt
22:28:09	 Account: nonhannm	Name: NhËmÙDoanhÙDoanh	 DelItem: Kim Phong HËu NghÖ dÉn cung
22:31:55	 Account: tranvinh02	Name: HuúnhÙNi	 DelItem: Thiªn Tµm Yªu §¸i
22:45:31	 Account: nonhannm	Name: NhËmÙDoanhÙDoanh	 DelItem: Kim Phong Tr¹c Liªn Quang
22:45:31	 Account: nonhannm	Name: NhËmÙDoanhÙDoanh	 DelItem: Kim Phong Lan §×nh Ngäc
22:45:31	 Account: nonhannm	Name: NhËmÙDoanhÙDoanh	 DelItem: Kim Phong §ång T­íc Xu©n Th©m
22:52:16	 Account: vunguyen1989	Name: khongbietten	 DelItem: Kim Phong Tr¹c Liªn Quang
23:34:45	 Account: xuxuka1	Name: GioMayMuonSao	 DelItem: Kim Phong Kú L©n HuyÕt
