[15-05-18 10:40:26]	IP: NULL	Self.Acc: admin	Self.Name: ÙGAMEÙMASTERÙ	ListAcc: 
[15-05-18 14:07:36]	IP: NULL	Self.Acc: admin	Self.Name: ÙGAMEÙMASTERÙ	ListAcc: 
[15-05-18 15:29:35]	IP: NULL	Self.Acc: admin	Self.Name: ÙGAMEÙMASTERÙ	ListAcc: 
[15-05-18 17:15:29]	IP: NULL	Self.Acc: admin	Self.Name: ÙGAMEÙMASTERÙ	ListAcc: 
[20-05-18 23:32:25]	IP: NULL	Self.Acc: admin	Self.Name: ÙGAMEÙMASTERÙ	ListAcc: 
[21-05-18 20:39:04]	IP: NULL	Self.Acc: admin	Self.Name: ÙGAMEÙMASTERÙ	ListAcc: 
[21-05-18 21:23:36]	IP: NULL	Self.Acc: admin	Self.Name: ÙGAMEÙMASTERÙ	ListAcc: 
[21-05-18 21:23:36]	IP: NULL	Self.Acc: admin	Self.Name: ÙGAMEÙMASTERÙ	ListAcc: 
[21-05-18 22:02:49]	IP: NULL	Self.Acc: admin	Self.Name: ÙGAMEÙMASTERÙ	ListAcc: 
[21-05-18 22:06:01]	IP: NULL	Self.Acc: admin	Self.Name: ÙGAMEÙMASTERÙ	ListAcc: 
[21-05-18 22:07:59]	IP: NULL	Self.Acc: admin	Self.Name: ÙGAMEÙMASTERÙ	ListAcc: 
[21-05-18 22:10:44]	IP: NULL	Self.Acc: admin	Self.Name: ÙGAMEÙMASTERÙ	ListAcc: 
[21-05-18 22:12:42]	IP: NULL	Self.Acc: admin	Self.Name: ÙGAMEÙMASTERÙ	ListAcc: 
[21-05-18 22:12:42]	IP: NULL	Self.Acc: admin	Self.Name: ÙGAMEÙMASTERÙ	ListAcc: 
[22-05-18 20:42:06]	IP: NULL	Self.Acc: admin	Self.Name: ÙGAMEÙMASTERÙ	ListAcc: 
[22-05-18 21:55:44]	IP: NULL	Self.Acc: admin	Self.Name: ÙGAMEÙMASTERÙ	ListAcc: 
[22-05-18 22:12:29]	IP: NULL	Self.Acc: admin	Self.Name: ÙGAMEÙMASTERÙ	ListAcc: 
[22-05-18 23:26:07]	IP: NULL	Self.Acc: admin	Self.Name: ÙGAMEÙMASTERÙ	ListAcc: 
[22-05-18 23:26:07]	IP: NULL	Self.Acc: admin	Self.Name: ÙGAMEÙMASTERÙ	ListAcc: 
[22-05-18 23:33:44]	IP: NULL	Self.Acc: admin	Self.Name: ÙGAMEÙMASTERÙ	ListAcc: 
[22-05-18 23:33:44]	IP: NULL	Self.Acc: admin	Self.Name: ÙGAMEÙMASTERÙ	ListAcc: 
[23-05-18 00:28:09]	IP: NULL	Self.Acc: admin	Self.Name: ÙGAMEÙMASTERÙ	ListAcc: 
[23-05-18 00:28:09]	IP: NULL	Self.Acc: admin	Self.Name: ÙGAMEÙMASTERÙ	ListAcc: 
[24-05-18 23:43:09]	IP: NULL	Self.Acc: admin	Self.Name: ÙGAMEÙMASTERÙ	ListAcc: 
[24-05-18 23:43:09]	IP: NULL	Self.Acc: admin	Self.Name: ÙGAMEÙMASTERÙ	ListAcc: 
[24-05-18 23:43:09]	IP: NULL	Self.Acc: admin	Self.Name: ÙGAMEÙMASTERÙ	ListAcc: 
[24-05-18 23:50:40]	IP: NULL	Self.Acc: admin	Self.Name: ÙGAMEÙMASTERÙ	ListAcc: 
[24-05-18 23:54:21]	IP: NULL	Self.Acc: admin	Self.Name: ÙGAMEÙMASTERÙ	ListAcc: 
[24-05-18 23:56:24]	IP: NULL	Self.Acc: admin	Self.Name: ÙGAMEÙMASTERÙ	ListAcc: 
[04-06-18 19:35:35]	IP: NULL	Self.Acc: daudau115	Self.Name: ÙGAMEÙMASTERÙ	ListAcc: 
[01-08-18 10:09:26]	IP: NULL	Self.Acc: 8	Self.Name: ÙGAMEÙMASTERÙ11	ListAcc: 
[01-08-18 10:28:09]	IP: NULL	Self.Acc: 8	Self.Name: ÙGAMEÙMASTERÙ11	ListAcc: 
[01-08-18 11:28:31]	IP: NULL	Self.Acc: 8	Self.Name: ÙGAMEÙMASTERÙ11	ListAcc: 
[01-08-18 11:30:13]	IP: NULL	Self.Acc: 8	Self.Name: ÙGAMEÙMASTERÙ11	ListAcc: 
[01-08-18 12:58:01]	IP: NULL	Self.Acc: 8	Self.Name: ÙGAMEÙMASTERÙ11	ListAcc: 
[01-08-18 12:59:05]	IP: NULL	Self.Acc: 8	Self.Name: ÙGAMEÙMASTERÙ11	ListAcc: 
[01-08-18 13:19:33]	IP: NULL	Self.Acc: 8	Self.Name: ÙGAMEÙMASTERÙ11	ListAcc: 
[01-08-18 14:51:26]	IP: NULL	Self.Acc: 8	Self.Name: ÙGAMEÙMASTERÙ11	ListAcc: 
[01-08-18 15:06:51]	IP: NULL	Self.Acc: 8	Self.Name: ÙGAMEÙMASTERÙ11	ListAcc: 
[01-08-18 15:08:43]	IP: NULL	Self.Acc: 8	Self.Name: ÙGAMEÙMASTERÙ11	ListAcc: 
[01-08-18 15:18:07]	IP: NULL	Self.Acc: 8	Self.Name: ÙGAMEÙMASTERÙ11	ListAcc: 
[01-08-18 15:20:44]	IP: NULL	Self.Acc: 8	Self.Name: ÙGAMEÙMASTERÙ11	ListAcc: 
[01-08-18 16:15:44]	IP: NULL	Self.Acc: 8	Self.Name: ÙGAMEÙMASTERÙ11	ListAcc: 
[01-08-18 16:16:05]	IP: NULL	Self.Acc: 8	Self.Name: ÙGAMEÙMASTERÙ11	ListAcc: 
[01-08-18 16:16:08]	IP: NULL	Self.Acc: 8	Self.Name: ÙGAMEÙMASTERÙ11	ListAcc: 
[01-08-18 16:16:16]	IP: NULL	Self.Acc: 8	Self.Name: ÙGAMEÙMASTERÙ11	ListAcc: 
[01-08-18 19:03:42]	IP: NULL	Self.Acc: 8	Self.Name: ÙGAMEÙMASTERÙ11	ListAcc: 
[01-08-18 19:48:18]	IP: NULL	Self.Acc: 8	Self.Name: ÙGAMEÙMASTERÙ11	ListAcc: 
[02-08-18 00:14:07]	IP: NULL	Self.Acc: hieuadktct	Self.Name: ADMINSHXT	ListAcc: 
[02-08-18 00:14:18]	IP: NULL	Self.Acc: hieuadktct	Self.Name: ADMINSHXT	ListAcc: 
[02-08-18 00:18:19]	IP: NULL	Self.Acc: hieuadktct	Self.Name: ADMINSHXT	ListAcc: 
[02-08-18 01:12:15]	IP: NULL	Self.Acc: hieuad	Self.Name: AdminÙSHXT	ListAcc: 
[02-08-18 01:30:34]	IP: NULL	Self.Acc: hieuad	Self.Name: AdminÙSHXT	ListAcc: 
[02-08-18 01:38:46]	IP: NULL	Self.Acc: hieuad	Self.Name: AdminÙSHXT	ListAcc: 
[02-08-18 01:41:02]	IP: NULL	Self.Acc: hieuad	Self.Name: AdminÙSHXT	ListAcc: 
[02-08-18 02:18:59]	IP: NULL	Self.Acc: hieuad	Self.Name: AdminÙSHXT	ListAcc: 
[02-08-18 16:11:28]	IP: NULL	Self.Acc: hieuad	Self.Name: AdminÙSHXT	ListAcc: 
[02-08-18 17:11:10]	IP: NULL	Self.Acc: hieuad	Self.Name: AdminÙSHXT	ListAcc: 
[02-08-18 18:12:06]	IP: NULL	Self.Acc: hieuad	Self.Name: AdminÙSHXT	ListAcc: 
[02-08-18 18:30:13]	IP: NULL	Self.Acc: hieuad	Self.Name: AdminÙSHXT	ListAcc: 
[02-08-18 18:34:09]	IP: NULL	Self.Acc: hieuad	Self.Name: AdminÙSHXT	ListAcc: 
[02-08-18 21:34:05]	IP: NULL	Self.Acc: hieuad	Self.Name: AdminÙSHXT	ListAcc: 
[02-08-18 22:17:51]	IP: NULL	Self.Acc: hieuad	Self.Name: AdminÙSHXT	ListAcc: 
[02-08-18 22:26:54]	IP: NULL	Self.Acc: hieuad	Self.Name: AdminÙSHXT	ListAcc: 
[02-08-18 23:20:01]	IP: NULL	Self.Acc: hieuad	Self.Name: AdminÙSHXT	ListAcc: 
[02-08-18 23:31:46]	IP: NULL	Self.Acc: hieuad	Self.Name: AdminÙSHXT	ListAcc: 
[02-08-18 23:37:33]	IP: NULL	Self.Acc: hieuad	Self.Name: AdminÙSHXT	ListAcc: 
[03-08-18 00:16:52]	IP: NULL	Self.Acc: hieuad	Self.Name: AdminÙSHXT	ListAcc: 
[03-08-18 00:36:43]	IP: NULL	Self.Acc: hieuad	Self.Name: AdminÙSHXT	ListAcc: 
[03-08-18 00:47:30]	IP: NULL	Self.Acc: hieuad	Self.Name: AdminÙSHXT	ListAcc: 
[03-08-18 00:53:11]	IP: NULL	Self.Acc: hieuad	Self.Name: AdminÙSHXT	ListAcc: 
[03-08-18 01:02:32]	IP: NULL	Self.Acc: hieuad	Self.Name: AdminÙSHXT	ListAcc: 
[03-08-18 01:02:42]	IP: NULL	Self.Acc: hieuad	Self.Name: AdminÙSHXT	ListAcc: 
[03-08-18 03:00:50]	IP: NULL	Self.Acc: hieuad	Self.Name: AdminÙSHXT	ListAcc: 
[03-08-18 13:34:22]	IP: NULL	Self.Acc: hieuad	Self.Name: AdminÙSHXT	ListAcc: 
[03-08-18 13:43:46]	IP: NULL	Self.Acc: hieuad	Self.Name: AdminÙSHXT	ListAcc: 
[03-08-18 13:43:49]	IP: NULL	Self.Acc: hieuad	Self.Name: AdminÙSHXT	ListAcc: 
[03-08-18 13:50:25]	IP: NULL	Self.Acc: hieuad	Self.Name: AdminÙSHXT	ListAcc: 
[03-08-18 14:12:04]	IP: NULL	Self.Acc: hieuad	Self.Name: AdminÙSHXT	ListAcc: 
[03-08-18 14:20:52]	IP: NULL	Self.Acc: hieuad	Self.Name: AdminÙSHXT	ListAcc: 
[03-08-18 14:35:10]	IP: NULL	Self.Acc: hieuad	Self.Name: AdminÙSHXT	ListAcc: 
[03-08-18 14:35:20]	IP: NULL	Self.Acc: hieuad	Self.Name: AdminÙSHXT	ListAcc: 
[03-08-18 15:21:54]	IP: NULL	Self.Acc: hieuad	Self.Name: AdminÙSHXT	ListAcc: 
[03-08-18 17:00:30]	IP: NULL	Self.Acc: hieuad	Self.Name: AdminÙSHXT	ListAcc: 
[03-08-18 17:00:36]	IP: NULL	Self.Acc: hieuad	Self.Name: AdminÙSHXT	ListAcc: 
[03-08-18 20:02:40]	IP: NULL	Self.Acc: hieuad	Self.Name: AdminÙSHXT	ListAcc: 
[04-08-18 01:46:26]	IP: NULL	Self.Acc: hieuad	Self.Name: AdminÙSHXT	ListAcc: 
[04-08-18 06:09:58]	IP: NULL	Self.Acc: hieuad	Self.Name: AdminÙSHXT	ListAcc: 
[04-08-18 09:48:09]	IP: NULL	Self.Acc: hieuad	Self.Name: AdminÙSHXT	ListAcc: 
[04-08-18 13:26:44]	IP: NULL	Self.Acc: hieuad	Self.Name: AdminÙSHXT	ListAcc: 
[04-08-18 16:00:52]	IP: NULL	Self.Acc: hieuad	Self.Name: AdminÙSHXT	ListAcc: 
[04-08-18 17:09:41]	IP: NULL	Self.Acc: hieuad	Self.Name: AdminÙSHXT	ListAcc: 
[04-08-18 17:56:51]	IP: NULL	Self.Acc: hieuad	Self.Name: AdminÙSHXT	ListAcc: 
[04-08-18 18:03:21]	IP: NULL	Self.Acc: hieuad	Self.Name: AdminÙSHXT	ListAcc: 
[05-08-18 09:22:03]	IP: NULL	Self.Acc: hieuad	Self.Name: AdminÙSHXT	ListAcc: 
[05-08-18 11:49:43]	IP: NULL	Self.Acc: hieuad	Self.Name: AdminÙSHXT	ListAcc: 
[05-08-18 12:50:23]	IP: NULL	Self.Acc: hieuad	Self.Name: AdminÙSHXT	ListAcc: 
[05-08-18 15:53:40]	IP: NULL	Self.Acc: hieuad	Self.Name: AdminÙSHXT	ListAcc: 
[05-08-18 15:53:42]	IP: NULL	Self.Acc: hieuad	Self.Name: AdminÙSHXT	ListAcc: 
[05-08-18 19:05:38]	IP: NULL	Self.Acc: hieuad	Self.Name: AdminÙSHXT	ListAcc: 
[05-08-18 19:43:00]	IP: NULL	Self.Acc: hieuad	Self.Name: AdminÙSHXT	ListAcc: 
[05-08-18 21:24:46]	IP: NULL	Self.Acc: hieuad	Self.Name: AdminÙSHXT	ListAcc: 
[05-08-18 22:13:51]	IP: NULL	Self.Acc: hieuad	Self.Name: AdminÙSHXT	ListAcc: 
[05-08-18 22:24:32]	IP: NULL	Self.Acc: hieuad	Self.Name: AdminÙSHXT	ListAcc: 
[06-08-18 11:21:42]	IP: NULL	Self.Acc: hieuad	Self.Name: AdminÙSHXT	ListAcc: 
[06-08-18 15:11:09]	IP: NULL	Self.Acc: hieuad	Self.Name: AdminÙSHXT	ListAcc: 
[06-08-18 17:41:36]	IP: NULL	Self.Acc: hieuad	Self.Name: AdminÙSHXT	ListAcc: 
[07-08-18 00:35:47]	IP: NULL	Self.Acc: hieuad	Self.Name: AdminÙSHXT	ListAcc: 
[07-08-18 12:28:08]	IP: NULL	Self.Acc: hieuad	Self.Name: AdminÙSHXT	ListAcc: 
[07-08-18 19:53:08]	IP: NULL	Self.Acc: hieuad	Self.Name: AdminÙSHXT	ListAcc: 
[07-08-18 21:49:38]	IP: NULL	Self.Acc: hieuad	Self.Name: AdminÙSHXT	ListAcc: 
[08-08-18 10:03:13]	IP: NULL	Self.Acc: hieuad	Self.Name: AdminÙSHXT	ListAcc: 
[08-08-18 12:07:10]	IP: NULL	Self.Acc: hieuad	Self.Name: AdminÙSHXT	ListAcc: 
[08-08-18 15:45:50]	IP: NULL	Self.Acc: hieuad	Self.Name: AdminÙSHXT	ListAcc: 
[08-08-18 17:29:51]	IP: NULL	Self.Acc: hieuad	Self.Name: AdminÙSHXT	ListAcc: 
[08-08-18 19:07:33]	IP: NULL	Self.Acc: hieuad	Self.Name: AdminÙSHXT	ListAcc: 
[09-08-18 08:06:47]	IP: NULL	Self.Acc: hieuad	Self.Name: AdminÙSHXT	ListAcc: 
[09-08-18 10:22:23]	IP: NULL	Self.Acc: hieuad	Self.Name: AdminÙSHXT	ListAcc: 
[09-08-18 23:40:48]	IP: NULL	Self.Acc: hieuad	Self.Name: AdminÙSHXT	ListAcc: 
[10-08-18 01:25:48]	IP: NULL	Self.Acc: hieuad	Self.Name: AdminÙSHXT	ListAcc: 
[10-08-18 09:58:06]	IP: NULL	Self.Acc: hieuad	Self.Name: AdminÙSHXT	ListAcc: 
[10-08-18 11:00:46]	IP: NULL	Self.Acc: hieuad	Self.Name: AdminÙSHXT	ListAcc: 
[10-08-18 11:19:46]	IP: NULL	Self.Acc: hieuad	Self.Name: AdminÙSHXT	ListAcc: 
[10-08-18 11:26:42]	IP: NULL	Self.Acc: hieuad	Self.Name: AdminÙSHXT	ListAcc: 
[10-08-18 13:34:49]	IP: NULL	Self.Acc: hieuad	Self.Name: AdminÙSHXT	ListAcc: 
[10-08-18 23:40:56]	IP: NULL	Self.Acc: hieuad	Self.Name: AdminÙSHXT	ListAcc: 
[11-08-18 00:56:46]	IP: NULL	Self.Acc: hieuad	Self.Name: AdminÙSHXT	ListAcc: 
[11-08-18 01:41:34]	IP: NULL	Self.Acc: hieuad	Self.Name: AdminÙSHXT	ListAcc: 
[11-08-18 09:41:22]	IP: NULL	Self.Acc: hieuad	Self.Name: AdminÙSHXT	ListAcc: 
[11-08-18 12:07:19]	IP: NULL	Self.Acc: hieuad	Self.Name: AdminÙSHXT	ListAcc: 
[11-08-18 13:15:26]	IP: NULL	Self.Acc: hieuad	Self.Name: AdminÙSHXT	ListAcc: 
[12-08-18 00:47:57]	IP: NULL	Self.Acc: hieuad	Self.Name: AdminÙSHXT	ListAcc: 
[12-08-18 07:43:50]	IP: NULL	Self.Acc: hieuad	Self.Name: AdminÙSHXT	ListAcc: 
[12-08-18 08:07:46]	IP: NULL	Self.Acc: hieuad	Self.Name: AdminÙSHXT	ListAcc: 
[12-08-18 09:14:51]	IP: NULL	Self.Acc: hieuad	Self.Name: AdminÙSHXT	ListAcc: 
[12-08-18 14:46:35]	IP: NULL	Self.Acc: hieuadnew	Self.Name: AdminÙSHXT	ListAcc: 
[12-08-18 15:34:56]	IP: NULL	Self.Acc: hieuadnew	Self.Name: AdminÙSHXT	ListAcc: 
[12-08-18 15:42:04]	IP: NULL	Self.Acc: hieuadnew	Self.Name: AdminÙSHXT	ListAcc: 
[12-08-18 18:13:48]	IP: NULL	Self.Acc: hieuadnew	Self.Name: AdminÙSHXT	ListAcc: 
[13-08-18 08:36:10]	IP: NULL	Self.Acc: hieuadnew	Self.Name: AdminÙSHXT	ListAcc: 
[13-08-18 13:21:18]	IP: NULL	Self.Acc: hieuadnew	Self.Name: AdminÙSHXT	ListAcc: 
[13-08-18 13:49:04]	IP: NULL	Self.Acc: hieuadnew	Self.Name: AdminÙSHXT	ListAcc: 
[13-08-18 13:54:38]	IP: NULL	Self.Acc: hieuadnew	Self.Name: AdminÙSHXT	ListAcc: 
[13-08-18 13:55:02]	IP: NULL	Self.Acc: hieuadnew	Self.Name: AdminÙSHXT	ListAcc: 
[13-08-18 13:55:06]	IP: NULL	Self.Acc: hieuadnew	Self.Name: AdminÙSHXT	ListAcc: 
[13-08-18 13:59:29]	IP: NULL	Self.Acc: hieuadnew	Self.Name: AdminÙSHXT	ListAcc: 
[13-08-18 13:59:32]	IP: NULL	Self.Acc: hieuadnew	Self.Name: AdminÙSHXT	ListAcc: 
[13-08-18 14:40:22]	IP: NULL	Self.Acc: hieuadnew	Self.Name: AdminÙSHXT	ListAcc: 
[13-08-18 17:58:20]	IP: NULL	Self.Acc: hieuadnew	Self.Name: AdminÙSHXT	ListAcc: 
[13-08-18 23:10:12]	IP: NULL	Self.Acc: hieuadnew	Self.Name: AdminÙSHXT	ListAcc: 
[13-08-18 23:13:52]	IP: NULL	Self.Acc: hieuadnew	Self.Name: AdminÙSHXT	ListAcc: 
[14-08-18 08:52:26]	IP: NULL	Self.Acc: hieuadnew	Self.Name: AdminÙSHXT	ListAcc: 
[14-08-18 09:21:20]	IP: NULL	Self.Acc: hieuadnew	Self.Name: AdminÙSHXT	ListAcc: 
[14-08-18 09:52:31]	IP: NULL	Self.Acc: hieuadnew	Self.Name: AdminÙSHXT	ListAcc: 
[14-08-18 09:54:30]	IP: NULL	Self.Acc: hieuadnew	Self.Name: AdminÙSHXT	ListAcc: 
[14-08-18 09:55:51]	IP: NULL	Self.Acc: hieuadnew	Self.Name: AdminÙSHXT	ListAcc: 
[14-08-18 10:00:39]	IP: NULL	Self.Acc: hieuadnew	Self.Name: AdminÙSHXT	ListAcc: 
[14-08-18 11:17:41]	IP: NULL	Self.Acc: hieuadnew	Self.Name: AdminÙSHXT	ListAcc: 
[14-08-18 11:17:59]	IP: NULL	Self.Acc: hieuadnew	Self.Name: AdminÙSHXT	ListAcc: 
[14-08-18 11:42:02]	IP: NULL	Self.Acc: hieuadnew	Self.Name: AdminÙSHXT	ListAcc: 
[14-08-18 12:26:35]	IP: NULL	Self.Acc: hieuadnew	Self.Name: AdminÙSHXT	ListAcc: 
[14-08-18 15:51:34]	IP: NULL	Self.Acc: hieuadnew	Self.Name: AdminÙSHXT	ListAcc: 
[14-08-18 18:01:49]	IP: NULL	Self.Acc: hieuadnew	Self.Name: AdminÙSHXT	ListAcc: 
[14-08-18 18:01:52]	IP: NULL	Self.Acc: hieuadnew	Self.Name: AdminÙSHXT	ListAcc: 
[14-08-18 18:42:27]	IP: NULL	Self.Acc: hieuadnew	Self.Name: AdminÙSHXT	ListAcc: 
[14-08-18 18:47:52]	IP: NULL	Self.Acc: hieuadnew	Self.Name: AdminÙSHXT	ListAcc: 
[14-08-18 18:48:17]	IP: NULL	Self.Acc: hieuadnew	Self.Name: AdminÙSHXT	ListAcc: 
[14-08-18 19:45:46]	IP: NULL	Self.Acc: hieuadnew	Self.Name: AdminÙSHXT	ListAcc: 
[14-08-18 19:58:43]	IP: NULL	Self.Acc: hieuadnew	Self.Name: AdminÙSHXT	ListAcc: 
[14-08-18 20:08:24]	IP: NULL	Self.Acc: hieuadnew	Self.Name: AdminÙSHXT	ListAcc: 
[14-08-18 20:17:50]	IP: NULL	Self.Acc: hieuadnew	Self.Name: AdminÙSHXT	ListAcc: 
[14-08-18 21:09:50]	IP: NULL	Self.Acc: hieuadnew	Self.Name: AdminÙSHXT	ListAcc: 
[14-08-18 21:09:55]	IP: NULL	Self.Acc: hieuadnew	Self.Name: AdminÙSHXT	ListAcc: 
[14-08-18 21:10:15]	IP: NULL	Self.Acc: hieuadnew	Self.Name: AdminÙSHXT	ListAcc: 
[14-08-18 21:27:26]	IP: NULL	Self.Acc: hieuadnew	Self.Name: AdminÙSHXT	ListAcc: 
[14-08-18 23:22:54]	IP: NULL	Self.Acc: hieuadnew	Self.Name: AdminÙSHXT	ListAcc: 
[15-08-18 00:07:31]	IP: NULL	Self.Acc: hieuadnew	Self.Name: AdminÙSHXT	ListAcc: 
[15-08-18 00:27:04]	IP: NULL	Self.Acc: hieuadnew	Self.Name: AdminÙSHXT	ListAcc: 
[15-08-18 00:56:59]	IP: NULL	Self.Acc: hieuadnew	Self.Name: AdminÙSHXT	ListAcc: 
[15-08-18 01:03:51]	IP: NULL	Self.Acc: hieuadnew	Self.Name: AdminÙSHXT	ListAcc: 
[15-08-18 08:22:41]	IP: NULL	Self.Acc: hieuadnew	Self.Name: AdminÙSHXT	ListAcc: 
[15-08-18 13:48:16]	IP: NULL	Self.Acc: hieuadnew	Self.Name: AdminÙSHXT	ListAcc: 
[15-08-18 13:58:56]	IP: NULL	Self.Acc: hieuadnew	Self.Name: AdminÙSHXT	ListAcc: 
[15-08-18 17:35:03]	IP: NULL	Self.Acc: hieuadnew	Self.Name: AdminÙSHXT	ListAcc: 
[15-08-18 19:51:30]	IP: NULL	Self.Acc: hieuadnew	Self.Name: AdminÙSHXT	ListAcc: 
[15-08-18 20:20:47]	IP: NULL	Self.Acc: hieuadnew	Self.Name: AdminÙSHXT	ListAcc: 
[15-08-18 20:41:04]	IP: NULL	Self.Acc: hieuadnew	Self.Name: AdminÙSHXT	ListAcc: 
[15-08-18 21:29:29]	IP: NULL	Self.Acc: hieuadnew	Self.Name: AdminÙSHXT	ListAcc: 
[15-08-18 21:49:30]	IP: NULL	Self.Acc: hieuadnew	Self.Name: AdminÙSHXT	ListAcc: 
[16-08-18 02:37:09]	IP: NULL	Self.Acc: hieuadnew	Self.Name: AdminÙSHXT	ListAcc: 
[16-08-18 08:29:00]	IP: NULL	Self.Acc: hieuadnew	Self.Name: AdminÙSHXT	ListAcc: 
[16-08-18 16:54:57]	IP: NULL	Self.Acc: hieuadnew	Self.Name: AdminÙSHXT	ListAcc: 
[16-08-18 17:09:53]	IP: NULL	Self.Acc: hieuadnew	Self.Name: AdminÙSHXT	ListAcc: 
[16-08-18 18:16:25]	IP: NULL	Self.Acc: hieuadnew	Self.Name: AdminÙSHXT	ListAcc: 
[16-08-18 19:00:58]	IP: NULL	Self.Acc: hieuadnew	Self.Name: AdminÙSHXT	ListAcc: 
[16-08-18 19:06:37]	IP: NULL	Self.Acc: hieuadnew	Self.Name: AdminÙSHXT	ListAcc: 
[17-08-18 00:35:40]	IP: NULL	Self.Acc: hieuadnew	Self.Name: AdminÙSHXT	ListAcc: 
[17-08-18 01:55:06]	IP: NULL	Self.Acc: hieuadnew	Self.Name: AdminÙSHXT	ListAcc: 
[17-08-18 03:11:14]	IP: NULL	Self.Acc: hieuadnew	Self.Name: AdminÙSHXT	ListAcc: 
[17-08-18 09:03:00]	IP: NULL	Self.Acc: hieuadnew	Self.Name: AdminÙSHXT	ListAcc: 
[17-08-18 13:03:12]	IP: NULL	Self.Acc: hieuadnew	Self.Name: AdminÙSHXT	ListAcc: 
[17-08-18 14:07:43]	IP: NULL	Self.Acc: hieuadnew	Self.Name: AdminÙSHXT	ListAcc: 
[17-08-18 14:27:24]	IP: NULL	Self.Acc: hieuadnew	Self.Name: AdminÙSHXT	ListAcc: 
[17-08-18 18:13:30]	IP: NULL	Self.Acc: hieuadnew	Self.Name: AdminÙSHXT	ListAcc: 
[17-08-18 21:28:33]	IP: NULL	Self.Acc: hieuadnew	Self.Name: AdminÙSHXT	ListAcc: 
[18-08-18 09:51:53]	IP: NULL	Self.Acc: hieuadnew	Self.Name: AdminÙSHXT	ListAcc: 
[18-08-18 12:32:19]	IP: NULL	Self.Acc: hieuadnew	Self.Name: AdminÙSHXT	ListAcc: 
[18-08-18 12:45:39]	IP: NULL	Self.Acc: hieuadnew	Self.Name: AdminÙSHXT	ListAcc: 
[18-08-18 13:06:40]	IP: NULL	Self.Acc: hieuadnew	Self.Name: AdminÙSHXT	ListAcc: 
[18-08-18 13:20:40]	IP: NULL	Self.Acc: hieuadnew	Self.Name: AdminÙSHXT	ListAcc: 
[18-08-18 15:36:38]	IP: NULL	Self.Acc: hieuadnew	Self.Name: AdminÙSHXT	ListAcc: 
[18-08-18 15:41:56]	IP: NULL	Self.Acc: hieuadnew	Self.Name: AdminÙSHXT	ListAcc: 
[18-08-18 18:25:00]	IP: NULL	Self.Acc: hieuadnew	Self.Name: AdminÙSHXT	ListAcc: 
[18-08-18 19:17:54]	IP: NULL	Self.Acc: hieuadnew	Self.Name: AdminÙSHXT	ListAcc: 
[18-08-18 20:32:08]	IP: NULL	Self.Acc: hieuadnew	Self.Name: AdminÙSHXT	ListAcc: 
[18-08-18 23:53:05]	IP: NULL	Self.Acc: hieuadnew	Self.Name: AdminÙSHXT	ListAcc: 
[19-08-18 09:58:38]	IP: NULL	Self.Acc: hieuadnew	Self.Name: AdminÙSHXT	ListAcc: 
[19-08-18 13:23:25]	IP: NULL	Self.Acc: hieuadnew	Self.Name: AdminÙSHXT	ListAcc: 
[19-08-18 14:56:22]	IP: NULL	Self.Acc: hieuadnew	Self.Name: AdminÙSHXT	ListAcc: 
[19-08-18 15:04:28]	IP: NULL	Self.Acc: hieuadnew	Self.Name: AdminÙSHXT	ListAcc: 
[19-08-18 15:26:44]	IP: NULL	Self.Acc: hieuadnew	Self.Name: AdminÙSHXT	ListAcc: 
[19-08-18 15:48:36]	IP: NULL	Self.Acc: hieuadnew	Self.Name: AdminÙSHXT	ListAcc: 
[19-08-18 21:02:23]	IP: NULL	Self.Acc: hieuadnew	Self.Name: AdminÙSHXT	ListAcc: 
[19-08-18 21:36:06]	IP: NULL	Self.Acc: hieuadnew	Self.Name: AdminÙSHXT	ListAcc: 
[19-08-18 22:31:09]	IP: NULL	Self.Acc: hieuadnew	Self.Name: AdminÙSHXT	ListAcc: 
[20-08-18 01:17:24]	IP: NULL	Self.Acc: hieuadnew	Self.Name: AdminÙSHXT	ListAcc: 
[20-08-18 09:40:12]	IP: NULL	Self.Acc: hieuadnew	Self.Name: AdminÙSHXT	ListAcc: 
[20-08-18 13:34:20]	IP: NULL	Self.Acc: hieuadnew	Self.Name: AdminÙSHXT	ListAcc: 
[20-08-18 15:05:32]	IP: NULL	Self.Acc: hieuadnew	Self.Name: AdminÙSHXT	ListAcc: 
[20-08-18 15:10:14]	IP: NULL	Self.Acc: hieuadnew	Self.Name: AdminÙSHXT	ListAcc: 
[20-08-18 15:13:26]	IP: NULL	Self.Acc: hieuadnew	Self.Name: AdminÙSHXT	ListAcc: 
[21-08-18 00:46:28]	IP: NULL	Self.Acc: hieuadnew	Self.Name: AdminÙSHXT	ListAcc: 
[21-08-18 10:35:05]	IP: NULL	Self.Acc: hieuadnew	Self.Name: AdminÙSHXT	ListAcc: 
[21-08-18 12:15:47]	IP: NULL	Self.Acc: hieuadnew	Self.Name: AdminÙSHXT	ListAcc: 
[21-08-18 14:19:08]	IP: NULL	Self.Acc: hieuadnew	Self.Name: AdminÙSHXT	ListAcc: 
[21-08-18 16:15:20]	IP: NULL	Self.Acc: hieuadnew	Self.Name: AdminÙSHXT	ListAcc: 
[21-08-18 21:11:03]	IP: NULL	Self.Acc: hieuadnew	Self.Name: AdminÙSHXT	ListAcc: 
[22-08-18 09:08:47]	IP: NULL	Self.Acc: hieuadnew	Self.Name: AdminÙSHXT	ListAcc: 
[22-08-18 22:14:13]	IP: NULL	Self.Acc: hieuadnew	Self.Name: AdminÙSHXT	ListAcc: 
[23-08-18 00:04:29]	IP: NULL	Self.Acc: hieuadnew	Self.Name: AdminÙSHXT	ListAcc: 
[23-08-18 13:32:09]	IP: NULL	Self.Acc: hieuadnew	Self.Name: AdminÙSHXT	ListAcc: 
[23-08-18 15:29:40]	IP: NULL	Self.Acc: hieuadnew	Self.Name: AdminÙSHXT	ListAcc: 
[23-08-18 16:07:04]	IP: NULL	Self.Acc: hieuadnew	Self.Name: AdminÙSHXT	ListAcc: 
[23-08-18 18:45:51]	IP: NULL	Self.Acc: hieuadnew	Self.Name: AdminÙSHXT	ListAcc: 
[23-08-18 21:02:28]	IP: NULL	Self.Acc: hieuadnew	Self.Name: AdminÙSHXT	ListAcc: 
[23-08-18 21:45:03]	IP: NULL	Self.Acc: hieuadnew	Self.Name: AdminÙSHXT	ListAcc: 
[23-08-18 22:42:56]	IP: NULL	Self.Acc: hieuadnew	Self.Name: AdminÙSHXT	ListAcc: 
[23-08-18 23:19:43]	IP: NULL	Self.Acc: hieuadnew	Self.Name: AdminÙSHXT	ListAcc: 
[24-08-18 08:43:22]	IP: NULL	Self.Acc: hieuadnew	Self.Name: AdminÙSHXT	ListAcc: 
[24-08-18 10:50:52]	IP: NULL	Self.Acc: hieuadnew	Self.Name: AdminÙSHXT	ListAcc: 
[24-08-18 11:55:42]	IP: NULL	Self.Acc: hieuadnew	Self.Name: AdminÙSHXT	ListAcc: 
[24-08-18 16:30:24]	IP: NULL	Self.Acc: hieuadnew	Self.Name: AdminÙSHXT	ListAcc: 
[25-08-18 08:46:00]	IP: NULL	Self.Acc: hieuadnew	Self.Name: AdminÙSHXT	ListAcc: 
[25-08-18 21:30:33]	IP: NULL	Self.Acc: hieuadnew	Self.Name: AdminÙSHXT	ListAcc: 
[26-08-18 01:27:21]	IP: NULL	Self.Acc: hieuadnew	Self.Name: AdminÙSHXT	ListAcc: 
[26-08-18 10:04:57]	IP: NULL	Self.Acc: hieuadnew	Self.Name: AdminÙSHXT	ListAcc: 
[26-08-18 10:05:00]	IP: NULL	Self.Acc: hieuadnew	Self.Name: AdminÙSHXT	ListAcc: 
[26-08-18 17:45:04]	IP: NULL	Self.Acc: hieuadnew	Self.Name: AdminÙSHXT	ListAcc: 
[27-08-18 09:14:30]	IP: NULL	Self.Acc: hieuadnew	Self.Name: AdminÙSHXT	ListAcc: 
[27-08-18 10:25:47]	IP: NULL	Self.Acc: hieuadnew	Self.Name: AdminÙSHXT	ListAcc: 
[27-08-18 15:24:04]	IP: NULL	Self.Acc: hieuadnew	Self.Name: AdminÙSHXT	ListAcc: 
[27-08-18 18:30:13]	IP: NULL	Self.Acc: hieuadnew	Self.Name: AdminÙSHXT	ListAcc: 
[27-08-18 21:40:34]	IP: NULL	Self.Acc: hieuadnew	Self.Name: AdminÙSHXT	ListAcc: 
[28-08-18 10:04:53]	IP: NULL	Self.Acc: hieuadnew	Self.Name: AdminÙSHXT	ListAcc: 
[28-08-18 13:46:25]	IP: NULL	Self.Acc: hieuadnew	Self.Name: AdminÙSHXT	ListAcc: 
[28-08-18 15:16:51]	IP: NULL	Self.Acc: hieuadnew	Self.Name: AdminÙSHXT	ListAcc: 
[28-08-18 16:02:25]	IP: NULL	Self.Acc: hieuadnew	Self.Name: AdminÙSHXT	ListAcc: 
[28-08-18 17:58:55]	IP: NULL	Self.Acc: hieuadnew	Self.Name: AdminÙSHXT	ListAcc: 
[28-08-18 18:12:28]	IP: NULL	Self.Acc: hieuadnew	Self.Name: AdminÙSHXT	ListAcc: 
[28-08-18 18:48:31]	IP: NULL	Self.Acc: hieuadnew	Self.Name: AdminÙSHXT	ListAcc: 
[28-08-18 21:32:24]	IP: NULL	Self.Acc: hieuadnew	Self.Name: AdminÙSHXT	ListAcc: 
[28-08-18 22:12:33]	IP: NULL	Self.Acc: hieuadnew	Self.Name: AdminÙSHXT	ListAcc: 
[28-08-18 22:23:02]	IP: NULL	Self.Acc: hieuadnew	Self.Name: AdminÙSHXT	ListAcc: 
[29-08-18 11:17:00]	IP: NULL	Self.Acc: hieuadnew	Self.Name: AdminÙSHXT	ListAcc: 
[29-08-18 13:51:48]	IP: NULL	Self.Acc: hieuadnew	Self.Name: AdminÙSHXT	ListAcc: 
[29-08-18 15:31:59]	IP: NULL	Self.Acc: hieuadnew	Self.Name: AdminÙSHXT	ListAcc: 
[29-08-18 22:06:31]	IP: NULL	Self.Acc: hieuadnew	Self.Name: AdminÙSHXT	ListAcc: 
[30-08-18 12:27:59]	IP: NULL	Self.Acc: hieuadnew	Self.Name: AdminÙSHXT	ListAcc: 
[30-08-18 14:37:12]	IP: NULL	Self.Acc: hieuadnew	Self.Name: AdminÙSHXT	ListAcc: 
[30-08-18 15:23:40]	IP: NULL	Self.Acc: hieuadnew	Self.Name: AdminÙSHXT	ListAcc: 
[31-08-18 10:20:59]	IP: NULL	Self.Acc: hieuadnew	Self.Name: AdminÙSHXT	ListAcc: 
[31-08-18 12:58:09]	IP: NULL	Self.Acc: hieuadnew	Self.Name: AdminÙSHXT	ListAcc: 
[31-08-18 16:26:42]	IP: NULL	Self.Acc: hieuadnew	Self.Name: AdminÙSHXT	ListAcc: 
[31-08-18 21:31:48]	IP: NULL	Self.Acc: hieuadnew	Self.Name: AdminÙSHXT	ListAcc: 
[31-08-18 23:39:17]	IP: NULL	Self.Acc: hieuadnew	Self.Name: AdminÙSHXT	ListAcc: 
[01-09-18 16:17:53]	IP: NULL	Self.Acc: hieuadnew	Self.Name: AdminÙSHXT	ListAcc: 
[02-09-18 14:04:52]	IP: NULL	Self.Acc: hieuadnew	Self.Name: AdminÙSHXT	ListAcc: 
[03-09-18 12:24:22]	IP: NULL	Self.Acc: hieuadnew	Self.Name: AdminÙSHXT	ListAcc: 
[03-09-18 14:22:15]	IP: NULL	Self.Acc: hieuadnew	Self.Name: AdminÙSHXT	ListAcc: 
[03-09-18 19:33:55]	IP: NULL	Self.Acc: hieuadnew	Self.Name: AdminÙSHXT	ListAcc: 
[03-09-18 21:00:54]	IP: NULL	Self.Acc: hieuadnew	Self.Name: AdminÙSHXT	ListAcc: 
[03-09-18 21:01:02]	IP: NULL	Self.Acc: hieuadnew	Self.Name: AdminÙSHXT	ListAcc: 
[03-09-18 21:01:05]	IP: NULL	Self.Acc: hieuadnew	Self.Name: AdminÙSHXT	ListAcc: 
[03-09-18 21:23:26]	IP: NULL	Self.Acc: hieuadnew	Self.Name: AdminÙSHXT	ListAcc: 
[04-09-18 13:07:19]	IP: NULL	Self.Acc: hieuadnew	Self.Name: AdminÙSHXT	ListAcc: 
[04-09-18 13:14:24]	IP: NULL	Self.Acc: hieuadnew	Self.Name: AdminÙSHXT	ListAcc: 
[04-09-18 13:15:29]	IP: NULL	Self.Acc: hieuadnew	Self.Name: AdminÙSHXT	ListAcc: 
[05-09-18 11:20:32]	IP: NULL	Self.Acc: hieuadnew	Self.Name: AdminÙSHXT	ListAcc: 
[05-09-18 12:40:48]	IP: NULL	Self.Acc: hieuadnew	Self.Name: AdminÙSHXT	ListAcc: 
[06-09-18 08:53:22]	IP: NULL	Self.Acc: hieuadnew	Self.Name: AdminÙSHXT	ListAcc: 
[06-09-18 13:37:57]	IP: NULL	Self.Acc: hieuadnew	Self.Name: AdminÙSHXT	ListAcc: 
[06-09-18 16:34:15]	IP: NULL	Self.Acc: hieuadnew	Self.Name: AdminÙSHXT	ListAcc: 
[06-09-18 16:41:54]	IP: NULL	Self.Acc: hieuadnew	Self.Name: AdminÙSHXT	ListAcc: 
[09-09-18 19:22:48]	IP: NULL	Self.Acc: hieuadnew	Self.Name: AdminÙSHXT	ListAcc: 
