-- [09-08-18 04:10:32]	[DropOn: Boss_Tieu_Hoang_Kim]	[PLÙTöuÙKiÕmÙTiªn-200-dautay02]		Param: (AddItemEx(1,1035409327,0,0,6,1,10,2,37,7,1,1,1,7,8,0))
			[ DetailType = 6 ] [[  B¹ch Kim Yªu §¸i  ]]
		Sinh lùc tèi ®a: +56 ®iÓm
		'ThÓ lùc tèi ®a: +'1' ®iÓm'
		ThÓ lùc tèi ®a: +16 ®iÓm

-- [09-08-18 04:10:32]	[DropOn: Boss_Tieu_Hoang_Kim]	[PLÙTöuÙKiÕmÙTiªn-200-dautay02]		Param: (AddItemEx(1,-665432278,0,0,8,0,9,0,6,7,2,8,1,5,7,0))
			[ DetailType = 8 ] [[  B¨ng Ph¸ch Hµn Ngäc Tr¹c  ]]
		ThÓ lùc tèi ®a: +30 ®iÓm
		'Kh¸ng ®éc: +'1'%'
		Phôc håi sinh lùc mçi nöa gi©y: +3 ®iÓm

-- [09-08-18 04:10:32]	[DropOn: Boss_Tieu_Hoang_Kim]	[PLÙTöuÙKiÕmÙTiªn-200-dautay02]		Param: (AddItemEx(1,-544370519,0,0,8,1,8,2,72,8,1,1,2,7,1,0))
			[ DetailType = 8 ] [[  Tª Gi¸c Hé UyÓn  ]]
		Phôc håi sinh lùc mçi nöa gi©y: +5 ®iÓm
		'ThÓ lùc tèi ®a: +'1' ®iÓm'
		ThÓ lùc tèi ®a: +10 ®iÓm
		'Kh¸ng háa: +'2'%'
		Sinh lùc tèi ®a: +124 ®iÓm

-- [09-08-18 04:10:32]	[DropOn: Boss_Tieu_Hoang_Kim]	[PLÙTöuÙKiÕmÙTiªn-200-dautay02]		Param: (AddItemEx(1,320586578,0,0,7,10,9,1,138,1,3,5,7,5,2,0))
			[ DetailType = 7 ] [[  Minh Ch©u §Çu Hoµn  ]]
		Phôc håi sinh lùc mçi nöa gi©y: +1 ®iÓm
		'Kh¸ng l«i: +'3'%'
		ThÓ lùc tèi ®a: +28 ®iÓm
		'ChuyÓn ho¸t s¸t th­¬ng thµnh néi lùc: +'4'%'
		Néi lùc tèi ®a: +89 ®iÓm

-- [09-08-18 07:31:39]	[DropOn: Boss_Tieu_Hoang_Kim]	[PLÙTöuÙKiÕmÙTiªn-200-dautay02]		Param: (AddItemEx(1,989641449,0,0,5,1,10,4,39,1,1,1,6,6,3,0))
			[ DetailType = 5 ] [[  Thiªn Tµm Ngoa  ]]
		ThÓ lùc tèi ®a: +12 ®iÓm

-- [09-08-18 07:31:39]	[DropOn: Boss_Tieu_Hoang_Kim]	[PLÙTöuÙKiÕmÙTiªn-200-dautay02]		Param: (AddItemEx(1,256063734,0,0,0,5,9,4,6,1,3,4,2,1,4,0))
			[ DetailType = 0 ] [[  Thu Vò §ao  ]]
		Néi lùc tèi ®a: +17 ®iÓm
		'L«i s¸t - ngo¹i c«ng: +'2' ®iÓm'
		Hót néi lùc: +1%
		'L«i s¸t - néi c«ng: +'20' ®iÓm'
		ThÓ lùc tèi ®a: +13 ®iÓm
		'Kh¸ng b¨ng: +'1'%'

-- [09-08-18 07:31:39]	[DropOn: Boss_Tieu_Hoang_Kim]	[PLÙTöuÙKiÕmÙTiªn-200-dautay02]		Param: (AddItemEx(1,1747224975,0,0,5,0,9,2,133,3,1,3,4,1,5,0))
			[ DetailType = 5 ] [[  Phong VÜ Tèng Ngoa  ]]
		Néi lùc tèi ®a: +18 ®iÓm
		'ThÓ lùc tèi ®a: +'1' ®iÓm'
		Sinh lùc tèi ®a: +22 ®iÓm
		'Thêi gian cho¸ng: -'20' ®iÓm'
		ThÓ lùc tèi ®a: +14 ®iÓm
		'Kh¸ng háa: +'9'%'

-- [09-08-18 09:13:26]	[DropOn: Boss_Tieu_Hoang_Kim]	[MaÙN÷Ù16ÙTuæi-200-volamtest123]		Param: (AddItemEx(1,-643516951,0,0,7,2,10,1,20,3,1,7,6,7,7,0))
			[ DetailType = 7 ] [[  Tu La Ph¸t kÕt  ]]
		Néi lùc tèi ®a: +51 ®iÓm
		'Kh¸ng l«i: +'2'%'
		Sinh lùc tèi ®a: +129 ®iÓm
		'ChuyÓn ho¸t s¸t th­¬ng thµnh néi lùc: +'7'%'
		ThÓ lùc tèi ®a: +113 ®iÓm

-- [09-08-18 09:13:26]	[DropOn: Boss_Tieu_Hoang_Kim]	[MaÙN÷Ù16ÙTuæi-200-volamtest123]		Param: (AddItemEx(1,-483736174,0,0,7,3,9,3,49,5,7,6,1,2,4,0))
			[ DetailType = 7 ] [[  ThÊt B¶o ph¸t Qu¸n  ]]
		Néi lùc tèi ®a: +88 ®iÓm
		'Thêi gian lµm chËm: -'30'%'
		Sinh lùc tèi ®a: +108 ®iÓm
		'Th©n ph¸p: +'2'®iÓm'
		Phôc håi sinh lùc mçi nöa gi©y: +1 ®iÓm
		'Phßng thñ vËt lý: +'6'%'

-- [09-08-18 09:13:26]	[DropOn: Boss_Tieu_Hoang_Kim]	[MaÙN÷Ù16ÙTuæi-200-volamtest123]		Param: (AddItemEx(1,943988059,0,0,8,1,9,3,45,3,1,7,1,7,8,0))
			[ DetailType = 8 ] [[  Long L©n Hé UyÓn  ]]
		Sinh lùc tèi ®a: +25 ®iÓm
		'Th©n ph¸p: +'1'®iÓm'
		ThÓ lùc tèi ®a: +30 ®iÓm

-- [09-08-18 09:13:26]	[DropOn: Boss_Tieu_Hoang_Kim]	[MaÙN÷Ù16ÙTuæi-200-volamtest123]		Param: (AddItemEx(1,640952806,0,0,6,1,10,0,130,6,7,7,7,3,6,0))
			[ DetailType = 6 ] [[  B¹ch Kim Yªu §¸i  ]]
		ThÓ lùc tèi ®a: +80 ®iÓm
		'Kh¸ng ®éc: +'10'%'
		Sinh lùc tèi ®a: +113 ®iÓm
		'ChuyÓn ho¸t s¸t th­¬ng thµnh néi lùc: +'4'%'
		Phôc håi sinh lùc mçi nöa gi©y: +2 ®iÓm

-- [09-08-18 10:54:14]	[DropOn: Train]	[OngTuong21-200-tthg1234]		Param: (AddItemEx(1,1425000350,0,0,5,1,10,1,8,8,6,6,2,4,2,0))
			[ DetailType = 5 ] [[  Thiªn Tµm Ngoa  ]]
		Phôc håi sinh lùc mçi nöa gi©y: +3 ®iÓm
		'Kh¸ng l«i: +'4'%'
		ThÓ lùc tèi ®a: +50 ®iÓm

-- [09-08-18 12:31:53]	[DropOn: Boss_Tieu_Hoang_Kim]	[MaÙN÷Ù16ÙTuæi-200-volamtest123]		Param: (AddItemEx(1,-424421702,0,0,5,2,9,0,127,3,1,3,2,6,4,0))
			[ DetailType = 5 ] [[  B¹ch Chu ngoa  ]]
		Sinh lùc tèi ®a: +47 ®iÓm

-- [09-08-18 12:31:53]	[DropOn: Boss_Tieu_Hoang_Kim]	[MaÙN÷Ù16ÙTuæi-200-volamtest123]		Param: (AddItemEx(1,561732923,0,0,6,1,10,2,60,1,7,2,7,8,3,0))
			[ DetailType = 6 ] [[  B¹ch Kim Yªu §¸i  ]]
		Sinh lùc tèi ®a: +14 ®iÓm
		'ThÓ lùc tèi ®a: +'13' ®iÓm'
		Néi lùc tèi ®a: +40 ®iÓm
		'Thêi gian cho¸ng: -'20' ®iÓm'
		ThÓ lùc tèi ®a: +10 ®iÓm
		'ChuyÓn ho¸t s¸t th­¬ng thµnh néi lùc: +'4'%'

-- [09-08-18 12:31:53]	[DropOn: Boss_Tieu_Hoang_Kim]	[MaÙN÷Ù16ÙTuæi-200-volamtest123]		Param: (AddItemEx(1,642396024,0,0,4,0,8,3,64,4,1,4,3,2,4,0))
			[ DetailType = 4 ] [[  Khæng T­íc Th¹ch H¹ng Liªn  ]]
		Sinh lùc tèi ®a: +62 ®iÓm
		'Th©n ph¸p: +'2'®iÓm'
		Phôc håi thÓ lùc mçi nöa gi©y: +3 ®iÓm
		'Thêi gian lµm chËm: -'20'%'
		Kh¸ng tÊt c¶: +2%

-- [09-08-18 12:31:53]	[DropOn: Boss_Tieu_Hoang_Kim]	[MaÙN÷Ù16ÙTuæi-200-volamtest123]		Param: (AddItemEx(1,-866595139,0,0,5,0,9,2,113,1,4,2,3,4,4,0))
			[ DetailType = 5 ] [[  Phong VÜ Tèng Ngoa  ]]
		ThÓ lùc tèi ®a: +16 ®iÓm
		'Thêi gian cho¸ng: -'20' ®iÓm'
		Néi lùc tèi ®a: +36 ®iÓm
		'ChuyÓn ho¸t s¸t th­¬ng thµnh néi lùc: +'6'%'
		Sinh lùc tèi ®a: +12 ®iÓm
		'Kh¸ng háa: +'7'%'

-- [09-08-18 12:31:53]	[DropOn: Boss_Tieu_Hoang_Kim]	[MaÙN÷Ù16ÙTuæi-200-volamtest123]		Param: (AddItemEx(1,-299360862,0,0,6,1,9,0,129,3,6,3,6,4,6,0))
			[ DetailType = 6 ] [[  ¤ Ng©n Yªu §¸i  ]]
		Phôc håi sinh lùc mçi nöa gi©y: +1 ®iÓm
		'Kh¸ng ®éc: +'1'%'
		Néi lùc tèi ®a: +19 ®iÓm
		'ChuyÓn ho¸t s¸t th­¬ng thµnh néi lùc: +'2'%'
		Sinh lùc tèi ®a: +69 ®iÓm

-- [09-08-18 12:31:53]	[DropOn: Boss_Tieu_Hoang_Kim]	[MaÙN÷Ù16ÙTuæi-200-volamtest123]		Param: (AddItemEx(1,-101945393,0,0,7,13,8,1,44,7,5,8,2,2,2,0))
			[ DetailType = 7 ] [[  Huy Thñy Kh«i  ]]
		ThÓ lùc tèi ®a: +55 ®iÓm
		'ChuyÓn ho¸t s¸t th­¬ng thµnh néi lùc: +'2'%'
		Sinh lùc tèi ®a: +120 ®iÓm
		'Kh¸ng l«i: +'5'%'
		Néi lùc tèi ®a: +32 ®iÓm

-- [09-08-18 12:31:53]	[DropOn: Boss_Tieu_Hoang_Kim]	[MaÙN÷Ù16ÙTuæi-200-volamtest123]		Param: (AddItemEx(1,-1480493360,0,0,6,0,10,1,25,6,2,7,1,7,8,0))
			[ DetailType = 6 ] [[  Thiªn Tµm Yªu §¸i  ]]
		Phôc håi sinh lùc mçi nöa gi©y: +4 ®iÓm
		'Kh¸ng l«i: +'3'%'
		Néi lùc tèi ®a: +33 ®iÓm

-- [09-08-18 12:31:53]	[DropOn: Boss_Tieu_Hoang_Kim]	[MaÙN÷Ù16ÙTuæi-200-volamtest123]		Param: (AddItemEx(1,1602566295,0,0,6,1,10,4,6,3,6,5,3,8,7,0))
			[ DetailType = 6 ] [[  B¹ch Kim Yªu §¸i  ]]
		ThÓ lùc tèi ®a: +10 ®iÓm
		'Kh¸ng b¨ng: +'10'%'
		Sinh lùc tèi ®a: +20 ®iÓm
		'ChuyÓn ho¸t s¸t th­¬ng thµnh néi lùc: +'2'%'
		Néi lùc tèi ®a: +84 ®iÓm
		'Thêi gian tróng ®éc: -'30'%'

-- [09-08-18 13:54:53]	[DropOn: Train]	[dfgdfgdfg-200-caiconcac]		Param: (AddItemEx(1,-510358192,0,0,2,5,10,2,6,6,5,2,3,5,5,0))
			[ DetailType = 2 ] [[  V¹n L­u Quy T«ng Y  ]]
		Néi lùc tèi ®a: +68 ®iÓm
		'ThÓ lùc tèi ®a: +'2' ®iÓm'
		Sinh lùc tèi ®a: +32 ®iÓm
		'Kh¸ng háa: +'1'%'
		Thêi gian phôc håi: -20
		'ChuyÓn ho¸t s¸t th­¬ng thµnh néi lùc: +'3'%'

-- [09-08-18 15:07:52]	[DropOn: Train]	[NguDoc-200-nonhannd]		Param: (AddItemEx(1,-153680368,0,0,8,0,7,2,61,5,2,3,8,1,8,0))
			[ DetailType = 8 ] [[  PhØ Thóy Ngäc Tr¹c  ]]
		Néi lùc tèi ®a: +11 ®iÓm
		'ThÓ lùc tèi ®a: +'2' ®iÓm'
		ThÓ lùc tèi ®a: +17 ®iÓm
		'Kh¸ng háa: +'1'%'
		Phôc håi sinh lùc mçi nöa gi©y: +1 ®iÓm
		'Thêi gian cho¸ng: -'20' ®iÓm'

-- [09-08-18 15:16:21]	[DropOn: Boss_Tieu_Hoang_Kim]	[ÙÙÙÙCÆcÙÙÙÙ-200-vantuan4]		Param: (AddItemEx(1,-306821983,0,0,6,0,10,0,91,8,4,7,1,4,3,0))
			[ DetailType = 6 ] [[  Thiªn Tµm Yªu §¸i  ]]
		Sinh lùc tèi ®a: +150 ®iÓm
		'Kh¸ng ®éc: +'7'%'
		Néi lùc tèi ®a: +43 ®iÓm

-- [09-08-18 15:16:21]	[DropOn: Boss_Tieu_Hoang_Kim]	[ÙÙÙÙCÆcÙÙÙÙ-200-vantuan4]		Param: (AddItemEx(1,-1580202764,0,0,8,0,9,0,5,4,3,3,6,6,7,0))
			[ DetailType = 8 ] [[  B¨ng Ph¸ch Hµn Ngäc Tr¹c  ]]
		Néi lùc tèi ®a: +61 ®iÓm
		'ChuyÓn ho¸t s¸t th­¬ng thµnh néi lùc: +'3'%'
		Phôc håi sinh lùc mçi nöa gi©y: +2 ®iÓm
		'Kh¸ng ®éc: +'13'%'
		Sinh lùc tèi ®a: +20 ®iÓm

-- [09-08-18 15:16:21]	[DropOn: Boss_Tieu_Hoang_Kim]	[ÙÙÙÙCÆcÙÙÙÙ-200-vantuan4]		Param: (AddItemEx(1,-1376114775,0,0,5,3,8,1,10,1,3,6,8,6,5,0))
			[ DetailType = 5 ] [[  TuyÕt Doanh ngoa  ]]
		ThÓ lùc tèi ®a: +12 ®iÓm
		'ChuyÓn ho¸t s¸t th­¬ng thµnh néi lùc: +'3'%'
		Sinh lùc tèi ®a: +10 ®iÓm
		'Kh¸ng l«i: +'7'%'
		Néi lùc tèi ®a: +42 ®iÓm

-- [09-08-18 15:16:21]	[DropOn: Boss_Tieu_Hoang_Kim]	[ÙÙÙÙCÆcÙÙÙÙ-200-vantuan4]		Param: (AddItemEx(1,1212749394,0,0,8,0,10,0,140,1,2,7,8,1,5,0))
			[ DetailType = 8 ] [[  Long Phông HuyÕt Ngäc Tr¹c  ]]
		Phôc håi sinh lùc mçi nöa gi©y: +1 ®iÓm
		'Kh¸ng ®éc: +'1'%'
		ThÓ lùc tèi ®a: +19 ®iÓm
		'ChuyÓn ho¸t s¸t th­¬ng thµnh néi lùc: +'3'%'
		Néi lùc tèi ®a: +9 ®iÓm

-- [09-08-18 15:21:47]	[DropOn: Train]	[NguDoc-200-nonhannd]		Param: (AddItemEx(1,-1010674549,0,0,5,3,10,3,37,4,7,6,8,4,2,0))
			[ DetailType = 5 ] [[  Phi Phông Ngoa  ]]
		Sinh lùc tèi ®a: +47 ®iÓm
		'ChuyÓn ho¸t s¸t th­¬ng thµnh néi lùc: +'3'%'
		ThÓ lùc tèi ®a: +12 ®iÓm
		'Phßng thñ vËt lý: +'5'%'
		Tèc ®é di chuyÓn: +11%
		'Th©n ph¸p: +'3'®iÓm'

-- [09-08-18 16:20:54]	[DropOn: Train]	[NguDoc-200-nonhannd]		Param: (AddItemEx(1,-1273063683,0,0,8,0,8,4,12,1,2,2,6,6,2,0))
			[ DetailType = 8 ] [[   ¤n L­¬ng Ngäc TR¹c  ]]
		ThÓ lùc tèi ®a: +16 ®iÓm
		'Kh¸ng b¨ng: +'2'%'
		Néi lùc tèi ®a: +14 ®iÓm
		'ChuyÓn ho¸t s¸t th­¬ng thµnh néi lùc: +'10'%'
		Sinh lùc tèi ®a: +12 ®iÓm

-- [09-08-18 16:33:35]	[DropOn: Train]	[ThienNhan-200-nonhandm]		Param: (AddItemEx(1,-778719389,0,0,8,1,10,4,63,2,6,2,5,1,3,0))
			[ DetailType = 8 ] [[  Thiªn Tµm Hé UyÓn  ]]
		ThÓ lùc tèi ®a: +6 ®iÓm
		'Kh¸ng b¨ng: +'7'%'
		Sinh lùc tèi ®a: +20 ®iÓm
		'Thêi gian tróng ®éc: -'20'%'
		Néi lùc tèi ®a: +18 ®iÓm
		'ChuyÓn ho¸t s¸t th­¬ng thµnh néi lùc: +'4'%'

-- [09-08-18 21:12:44]	[DropOn: Boss_Tieu_Hoang_Kim]	[GDGSDE-200-loncume3]		Param: (AddItemEx(1,-974535469,0,0,8,1,8,1,76,2,8,6,7,8,5,0))
			[ DetailType = 8 ] [[  Tª Gi¸c Hé UyÓn  ]]
		Sinh lùc tèi ®a: +6 ®iÓm
		'Kh¸ng l«i: +'19'%'
		Néi lùc tèi ®a: +49 ®iÓm
		'ChuyÓn ho¸t s¸t th­¬ng thµnh néi lùc: +'6'%'
		Phôc håi sinh lùc mçi nöa gi©y: +3 ®iÓm

-- [09-08-18 21:12:44]	[DropOn: Boss_Tieu_Hoang_Kim]	[GDGSDE-200-loncume3]		Param: (AddItemEx(1,-504200604,0,0,7,7,10,1,20,6,3,2,8,3,5,0))
			[ DetailType = 7 ] [[  Quan ¢m Ph¸t Qu¸n  ]]
		Sinh lùc tèi ®a: +32 ®iÓm
		'Kh¸ng l«i: +'2'%'
		Néi lùc tèi ®a: +5 ®iÓm
		'ChuyÓn ho¸t s¸t th­¬ng thµnh néi lùc: +'5'%'
		ThÓ lùc tèi ®a: +55 ®iÓm

-- [09-08-18 21:12:44]	[DropOn: Boss_Tieu_Hoang_Kim]	[GDGSDE-200-loncume3]		Param: (AddItemEx(1,386400473,0,0,7,2,10,3,34,8,3,8,2,4,6,0))
			[ DetailType = 7 ] [[  Tu La Ph¸t kÕt  ]]
		Sinh lùc tèi ®a: +113 ®iÓm
		'ChuyÓn ho¸t s¸t th­¬ng thµnh néi lùc: +'5'%'
		Phôc håi sinh lùc mçi nöa gi©y: +2 ®iÓm
		'Th©n ph¸p: +'1'®iÓm'
		ThÓ lùc tèi ®a: +48 ®iÓm
		'Thêi gian lµm chËm: -'30'%'

-- [09-08-18 21:12:44]	[DropOn: Boss_Tieu_Hoang_Kim]	[GDGSDE-200-loncume3]		Param: (AddItemEx(1,519841006,0,0,7,13,8,4,112,4,5,6,6,1,4,0))
			[ DetailType = 7 ] [[  Huy Thñy Kh«i  ]]
		Sinh lùc tèi ®a: +76 ®iÓm
		'Kh¸ng b¨ng: +'4'%'
		Néi lùc tèi ®a: +25 ®iÓm
		'Thêi gian tróng ®éc: -'20'%'
		Phôc håi sinh lùc mçi nöa gi©y: +1 ®iÓm
		'ChuyÓn ho¸t s¸t th­¬ng thµnh néi lùc: +'4'%'

-- [09-08-18 21:12:44]	[DropOn: Boss_Tieu_Hoang_Kim]	[GDGSDE-200-loncume3]		Param: (AddItemEx(1,993782503,0,0,7,9,10,4,96,1,7,7,4,4,3,0))
			[ DetailType = 7 ] [[  HuyÒn Tª DiÖn Tr¸o  ]]
		Sinh lùc tèi ®a: +10 ®iÓm
		'ChuyÓn ho¸t s¸t th­¬ng thµnh néi lùc: +'3'%'
		Néi lùc tèi ®a: +82 ®iÓm
		'Thêi gian tróng ®éc: -'20'%'
		Phôc håi sinh lùc mçi nöa gi©y: +1 ®iÓm
		'Kh¸ng b¨ng: +'1'%'

-- [09-08-18 21:12:44]	[DropOn: Boss_Tieu_Hoang_Kim]	[GDGSDE-200-loncume3]		Param: (AddItemEx(1,-191099500,0,0,1,0,9,3,46,3,4,4,2,2,2,0))
			[ DetailType = 1 ] [[  Kim Tiªu   ]]
		Néi lùc tèi ®a: +34 ®iÓm
		'Háa s¸t - ngo¹i c«ng: +'26' ®iÓm'
		S¸t th­¬ng vËt lý - ngo¹i c«ng: +7%
		'Háa s¸t - néi c«ng: +'14' ®iÓm'
		§é chÝnh x¸c: +19 ®iÓm

-- [09-08-18 21:12:44]	[DropOn: Boss_Tieu_Hoang_Kim]	[GDGSDE-200-loncume3]		Param: (AddItemEx(1,-1544702263,0,0,3,0,10,4,35,1,1,2,2,2,3,0))
			[ DetailType = 3 ] [[  Toµn Th¹ch Giíi ChØ  ]]
		ThÓ lùc tèi ®a: +12 ®iÓm

-- [09-08-18 21:29:23]	[DropOn: Train]	[VolamChiton-200-nonhandl]		Param: (AddItemEx(1,1977884316,0,0,8,0,8,1,44,2,8,5,6,3,5,0))
			[ DetailType = 8 ] [[   ¤n L­¬ng Ngäc TR¹c  ]]
		ThÓ lùc tèi ®a: +7 ®iÓm
		'Kh¸ng l«i: +'13'%'
		Sinh lùc tèi ®a: +21 ®iÓm
		'ChuyÓn ho¸t s¸t th­¬ng thµnh néi lùc: +'5'%'
		Néi lùc tèi ®a: +31 ®iÓm

-- [09-08-18 21:31:24]	[DropOn: Train]	[VolamChiton-200-nonhandl]		Param: (AddItemEx(1,456489241,0,0,8,1,10,1,149,3,4,3,1,8,6,0))
			[ DetailType = 8 ] [[  Thiªn Tµm Hé UyÓn  ]]
		Néi lùc tèi ®a: +58 ®iÓm
		'ChuyÓn ho¸t s¸t th­¬ng thµnh néi lùc: +'3'%'
		Sinh lùc tèi ®a: +10 ®iÓm
		'Kh¸ng l«i: +'3'%'
		ThÓ lùc tèi ®a: +108 ®iÓm

-- [09-08-18 22:12:57]	[DropOn: Train]	[conlon-200-gcity01]		Param: (AddItemEx(1,310449041,0,0,5,0,7,2,108,4,4,8,4,8,7,0))
			[ DetailType = 5 ] [[  TrÜ VÜ Tèng Ngoa  ]]
		Sinh lùc tèi ®a: +20 ®iÓm
		'ThÓ lùc tèi ®a: +'1' ®iÓm'
		Néi lùc tèi ®a: +25 ®iÓm
		'Kh¸ng háa: +'9'%'
		Tèc ®é di chuyÓn: +25%
		'Thêi gian cho¸ng: -'30' ®iÓm'

