-- [05-08-18 00:36:45]	[DropOn: Boss_Tieu_Hoang_Kim]	[XinhGai-200-sarin1990]		Param: (AddItemEx(1,-1877021899,0,0,6,1,10,0,35,4,3,2,3,3,5,0))
			[ DetailType = 6 ] [[  B¹ch Kim Yªu §¸i  ]]
		Néi lùc tèi ®a: +8 ®iÓm
		'Kh¸ng ®éc: +'5'%'
		Sinh lùc tèi ®a: +31 ®iÓm
		'ChuyÓn ho¸t s¸t th­¬ng thµnh néi lùc: +'2'%'
		ThÓ lùc tèi ®a: +34 ®iÓm

-- [05-08-18 00:36:45]	[DropOn: Boss_Tieu_Hoang_Kim]	[XinhGai-200-sarin1990]		Param: (AddItemEx(1,169795470,0,0,3,0,9,0,41,2,1,3,4,3,4,0))
			[ DetailType = 3 ] [[  Lam B¶o Th¹ch Giíi ChØ  ]]
		Sinh lùc tèi ®a: +9 ®iÓm
		'Søc m¹nh: +'2'®iÓm'
		Néi lùc tèi ®a: +28 ®iÓm
		'Kh¸ng ®éc: +'1'%'
		Phôc håi thÓ lùc mçi nöa gi©y: +3 ®iÓm

-- [05-08-18 00:36:45]	[DropOn: Boss_Tieu_Hoang_Kim]	[XinhGai-200-sarin1990]		Param: (AddItemEx(1,-1546048277,0,0,6,1,8,4,63,1,5,3,6,8,7,0))
			[ DetailType = 6 ] [[  Kim Yªu §¸i  ]]
		Sinh lùc tèi ®a: +14 ®iÓm
		'Kh¸ng b¨ng: +'9'%'
		Néi lùc tèi ®a: +50 ®iÓm
		'Thêi gian tróng ®éc: -'30'%'
		Phôc håi sinh lùc mçi nöa gi©y: +2 ®iÓm
		'ChuyÓn ho¸t s¸t th­¬ng thµnh néi lùc: +'8'%'

-- [05-08-18 00:36:45]	[DropOn: Boss_Tieu_Hoang_Kim]	[XinhGai-200-sarin1990]		Param: (AddItemEx(1,-1362987800,0,0,9,1,9,1,35,1,3,4,4,1,4,0))
			[ DetailType = 9 ] [[  Hoµng Ngäc Ngäc Béi   ]]
		ThÓ lùc tèi ®a: +19 ®iÓm
		'May m¾n: +'3'%'
		Néi lùc tèi ®a: +66 ®iÓm
		'ChuyÓn ho¸t s¸t th­¬ng thµnh néi lùc: +'6'%'
		Sinh lùc tèi ®a: +15 ®iÓm
		'Kh¸ng l«i: +'5'%'

-- [05-08-18 01:21:23]	[DropOn: Train]	[XYZABC-200-phamtungdhv]		Param: (AddItemEx(1,-1176107843,0,0,2,7,8,3,69,7,8,4,1,2,8,0))
			[ DetailType = 2 ] [[  Minh tÜnh cµ sa  ]]
		Phôc håi sinh lùc mçi nöa gi©y: +3 ®iÓm
		'Thêi gian lµm chËm: -'30'%'
		Néi lùc tèi ®a: +14 ®iÓm
		'Th©n ph¸p: +'1'®iÓm'
		ThÓ lùc tèi ®a: +12 ®iÓm
		'ChuyÓn ho¸t s¸t th­¬ng thµnh néi lùc: +'9'%'

-- [05-08-18 07:36:12]	[DropOn: Boss_Tieu_Hoang_Kim]	[DCPÙTN-200-phuno1011]		Param: (AddItemEx(1,156859970,0,0,5,1,10,4,3,7,8,3,4,3,2,0))
			[ DetailType = 5 ] [[  Thiªn Tµm Ngoa  ]]
		Néi lùc tèi ®a: +21 ®iÓm
		'ChuyÓn ho¸t s¸t th­¬ng thµnh néi lùc: +'3'%'
		ThÓ lùc tèi ®a: +21 ®iÓm
		'Thêi gian tróng ®éc: -'20'%'
		Sinh lùc tèi ®a: +44 ®iÓm
		'Kh¸ng b¨ng: +'4'%'

-- [05-08-18 07:36:12]	[DropOn: Boss_Tieu_Hoang_Kim]	[DCPÙTN-200-phuno1011]		Param: (AddItemEx(1,-1483685941,0,0,6,0,8,1,126,6,6,2,7,8,2,0))
			[ DetailType = 6 ] [[  Tª Gi¸c Yªu §¸i  ]]
		Phôc håi sinh lùc mçi nöa gi©y: +1 ®iÓm
		'Kh¸ng l«i: +'5'%'
		Sinh lùc tèi ®a: +12 ®iÓm
		'ChuyÓn ho¸t s¸t th­¬ng thµnh néi lùc: +'10'%'
		Néi lùc tèi ®a: +10 ®iÓm

-- [05-08-18 07:36:12]	[DropOn: Boss_Tieu_Hoang_Kim]	[DCPÙTN-200-phuno1011]		Param: (AddItemEx(1,1146078268,0,0,8,0,9,3,108,8,5,2,8,8,1,0))
			[ DetailType = 8 ] [[  B¨ng Ph¸ch Hµn Ngäc Tr¹c  ]]
		Néi lùc tèi ®a: +133 ®iÓm
		'Th©n ph¸p: +'4'®iÓm'
		ThÓ lùc tèi ®a: +28 ®iÓm
		'ChuyÓn ho¸t s¸t th­¬ng thµnh néi lùc: +'2'%'
		Phôc håi sinh lùc mçi nöa gi©y: +2 ®iÓm

-- [05-08-18 07:36:12]	[DropOn: Boss_Tieu_Hoang_Kim]	[DCPÙTN-200-phuno1011]		Param: (AddItemEx(1,-2075725551,0,0,5,1,8,2,8,3,1,2,6,7,7,0))
			[ DetailType = 5 ] [[  Tª B× Ngoa  ]]
		Sinh lùc tèi ®a: +31 ®iÓm
		'ThÓ lùc tèi ®a: +'1' ®iÓm'
		ThÓ lùc tèi ®a: +28 ®iÓm
		'Thêi gian cho¸ng: -'20' ®iÓm'
		Phôc håi sinh lùc mçi nöa gi©y: +3 ®iÓm
		'Kh¸ng háa: +'7'%'

-- [05-08-18 07:36:12]	[DropOn: Boss_Tieu_Hoang_Kim]	[DCPÙTN-200-phuno1011]		Param: (AddItemEx(1,-769216634,0,0,6,1,8,4,110,5,6,4,6,3,3,0))
			[ DetailType = 6 ] [[  Kim Yªu §¸i  ]]
		Sinh lùc tèi ®a: +30 ®iÓm
		'Kh¸ng b¨ng: +'2'%'
		ThÓ lùc tèi ®a: +35 ®iÓm
		'Thêi gian tróng ®éc: -'20'%'
		Néi lùc tèi ®a: +13 ®iÓm
		'ChuyÓn ho¸t s¸t th­¬ng thµnh néi lùc: +'3'%'

-- [05-08-18 07:36:12]	[DropOn: Boss_Tieu_Hoang_Kim]	[DCPÙTN-200-phuno1011]		Param: (AddItemEx(1,1718245215,0,0,9,1,10,1,39,2,2,4,3,3,1,0))
			[ DetailType = 9 ] [[  D­¬ng Chi B¹ch Ngäc  ]]
		Néi lùc tèi ®a: +18 ®iÓm
		'Kh¸ng l«i: +'1'%'
		ThÓ lùc tèi ®a: +66 ®iÓm
		'May m¾n: +'3'%'
		Sinh lùc tèi ®a: +14 ®iÓm

-- [05-08-18 07:36:12]	[DropOn: Boss_Tieu_Hoang_Kim]	[DCPÙTN-200-phuno1011]		Param: (AddItemEx(1,262452896,0,0,6,1,9,0,47,3,4,8,5,7,8,0))
			[ DetailType = 6 ] [[  ¤ Ng©n Yªu §¸i  ]]
		Phôc håi sinh lùc mçi nöa gi©y: +1 ®iÓm
		'Kh¸ng ®éc: +'8'%'
		Sinh lùc tèi ®a: +60 ®iÓm
		'ChuyÓn ho¸t s¸t th­¬ng thµnh néi lùc: +'4'%'
		ThÓ lùc tèi ®a: +90 ®iÓm

-- [05-08-18 10:20:17]	[DropOn: Boss_Tieu_Hoang_Kim]	[Tru¬ngTamPhong-200-asondn1]		Param: (AddItemEx(1,-448794219,0,0,8,0,10,2,74,8,4,4,7,8,6,0))
			[ DetailType = 8 ] [[  Long Phông HuyÕt Ngäc Tr¹c  ]]
		Sinh lùc tèi ®a: +141 ®iÓm
		'Thêi gian cho¸ng: -'20' ®iÓm'
		ThÓ lùc tèi ®a: +43 ®iÓm
		'ThÓ lùc tèi ®a: +'1' ®iÓm'
		Néi lùc tèi ®a: +119 ®iÓm
		'Kh¸ng háa: +'14'%'

-- [05-08-18 10:20:17]	[DropOn: Boss_Tieu_Hoang_Kim]	[Tru¬ngTamPhong-200-asondn1]		Param: (AddItemEx(1,611637082,0,0,7,8,8,4,94,6,1,4,2,4,1,0))
			[ DetailType = 7 ] [[  PhØ Thóy Thoa  ]]
		Phôc håi sinh lùc mçi nöa gi©y: +4 ®iÓm

-- [05-08-18 10:20:17]	[DropOn: Boss_Tieu_Hoang_Kim]	[Tru¬ngTamPhong-200-asondn1]		Param: (AddItemEx(1,-607535525,0,0,8,1,10,4,31,7,4,8,8,7,2,0))
			[ DetailType = 8 ] [[  Thiªn Tµm Hé UyÓn  ]]
		Néi lùc tèi ®a: +47 ®iÓm
		'Kh¸ng b¨ng: +'9'%'
		Sinh lùc tèi ®a: +112 ®iÓm
		'Thêi gian tróng ®éc: -'30'%'
		Phôc håi sinh lùc mçi nöa gi©y: +3 ®iÓm

-- [05-08-18 10:20:17]	[DropOn: Boss_Tieu_Hoang_Kim]	[Tru¬ngTamPhong-200-asondn1]		Param: (AddItemEx(1,418961164,0,0,9,1,10,4,59,1,3,1,1,4,2,0))
			[ DetailType = 9 ] [[  D­¬ng Chi B¹ch Ngäc  ]]
		Néi lùc tèi ®a: +7 ®iÓm
		'Kh¸ng b¨ng: +'3'%'
		ThÓ lùc tèi ®a: +13 ®iÓm

-- [05-08-18 10:20:17]	[DropOn: Boss_Tieu_Hoang_Kim]	[Tru¬ngTamPhong-200-asondn1]		Param: (AddItemEx(1,-1932044125,0,0,5,2,8,1,67,2,6,3,3,4,5,0))
			[ DetailType = 5 ] [[  Ph¹m Hång Ngoa  ]]
		Néi lùc tèi ®a: +25 ®iÓm
		'Kh¸ng l«i: +'7'%'
		Sinh lùc tèi ®a: +20 ®iÓm
		'ChuyÓn ho¸t s¸t th­¬ng thµnh néi lùc: +'3'%'
		Tèc ®é di chuyÓn: +15%

-- [05-08-18 10:20:17]	[DropOn: Boss_Tieu_Hoang_Kim]	[Tru¬ngTamPhong-200-asondn1]		Param: (AddItemEx(1,-1222391948,0,0,4,0,9,2,36,1,4,3,3,2,1,0))
			[ DetailType = 4 ] [[  Tr©n Ch©u H¹ng Liªn  ]]
		Sinh lùc tèi ®a: +15 ®iÓm
		'ThÓ lùc tèi ®a: +'8' ®iÓm'
		Néi lùc tèi ®a: +30 ®iÓm
		'Kh¸ng háa: +'3'%'
		ThÓ lùc tèi ®a: +20 ®iÓm

-- [05-08-18 11:53:40]	[DropOn: Boss_Tieu_Hoang_Kim]	[2ÙSaoÙ1ÙG¹ch-200-tranvinh1]		Param: (AddItemEx(1,-1006808339,0,0,7,5,10,2,114,3,6,3,4,2,4,0))
			[ DetailType = 7 ] [[  TrÝch Tinh hoµn  ]]
		Sinh lùc tèi ®a: +26 ®iÓm
		'ChuyÓn ho¸t s¸t th­¬ng thµnh néi lùc: +'3'%'
		ThÓ lùc tèi ®a: +24 ®iÓm
		'Thêi gian cho¸ng: -'20' ®iÓm'
		Phôc håi sinh lùc mçi nöa gi©y: +1 ®iÓm
		'ThÓ lùc tèi ®a: +'7' ®iÓm'

-- [05-08-18 11:53:40]	[DropOn: Boss_Tieu_Hoang_Kim]	[2ÙSaoÙ1ÙG¹ch-200-tranvinh1]		Param: (AddItemEx(1,-1575628398,0,0,8,1,10,2,106,8,8,6,6,5,4,0))
			[ DetailType = 8 ] [[  Thiªn Tµm Hé UyÓn  ]]
		Phôc håi sinh lùc mçi nöa gi©y: +3 ®iÓm
		'ChuyÓn ho¸t s¸t th­¬ng thµnh néi lùc: +'5'%'
		ThÓ lùc tèi ®a: +25 ®iÓm
		'ThÓ lùc tèi ®a: +'8' ®iÓm'
		Néi lùc tèi ®a: +9 ®iÓm
		'Kh¸ng háa: +'8'%'

-- [05-08-18 11:53:40]	[DropOn: Boss_Tieu_Hoang_Kim]	[2ÙSaoÙ1ÙG¹ch-200-tranvinh1]		Param: (AddItemEx(1,633543003,0,0,8,0,8,3,40,3,5,6,2,8,8,0))
			[ DetailType = 8 ] [[   ¤n L­¬ng Ngäc TR¹c  ]]
		Sinh lùc tèi ®a: +14 ®iÓm
		'Th©n ph¸p: +'5'®iÓm'
		ThÓ lùc tèi ®a: +84 ®iÓm
		'Phßng thñ vËt lý: +'3'%'
		Phôc håi sinh lùc mçi nöa gi©y: +4 ®iÓm
		'ChuyÓn ho¸t s¸t th­¬ng thµnh néi lùc: +'8'%'

-- [05-08-18 11:53:40]	[DropOn: Boss_Tieu_Hoang_Kim]	[2ÙSaoÙ1ÙG¹ch-200-tranvinh1]		Param: (AddItemEx(1,342591000,0,0,8,1,10,4,129,7,5,5,4,8,3,0))
			[ DetailType = 8 ] [[  Thiªn Tµm Hé UyÓn  ]]
		Néi lùc tèi ®a: +75 ®iÓm
		'ChuyÓn ho¸t s¸t th­¬ng thµnh néi lùc: +'2'%'
		ThÓ lùc tèi ®a: +9 ®iÓm
		'Kh¸ng b¨ng: +'5'%'
		Sinh lùc tèi ®a: +32 ®iÓm

-- [05-08-18 11:53:40]	[DropOn: Boss_Tieu_Hoang_Kim]	[2ÙSaoÙ1ÙG¹ch-200-tranvinh1]		Param: (AddItemEx(1,-1129864227,0,0,5,3,10,4,40,1,7,5,1,7,4,0))
			[ DetailType = 5 ] [[  Phi Phông Ngoa  ]]
		ThÓ lùc tèi ®a: +16 ®iÓm
		'ChuyÓn ho¸t s¸t th­¬ng thµnh néi lùc: +'7'%'
		Phôc håi sinh lùc mçi nöa gi©y: +1 ®iÓm

-- [05-08-18 16:05:13]	[DropOn: Boss_Tieu_Hoang_Kim]	[§¹tÙNÖn-200-thongdam12]		Param: (AddItemEx(1,-1243900162,0,0,7,12,9,0,71,1,4,7,4,3,1,0))
			[ DetailType = 7 ] [[  Lam Tinh Thoa  ]]
		Phôc håi sinh lùc mçi nöa gi©y: +1 ®iÓm
		'Kh¸ng ®éc: +'10'%'
		Néi lùc tèi ®a: +32 ®iÓm
		'ChuyÓn ho¸t s¸t th­¬ng thµnh néi lùc: +'2'%'
		ThÓ lùc tèi ®a: +44 ®iÓm

-- [05-08-18 16:05:13]	[DropOn: Boss_Tieu_Hoang_Kim]	[§¹tÙNÖn-200-thongdam12]		Param: (AddItemEx(1,359557147,0,0,8,0,10,1,77,3,6,1,5,3,4,0))
			[ DetailType = 8 ] [[  Long Phông HuyÕt Ngäc Tr¹c  ]]
		Sinh lùc tèi ®a: +14 ®iÓm
		'Kh¸ng l«i: +'5'%'
		ThÓ lùc tèi ®a: +12 ®iÓm
		'ChuyÓn ho¸t s¸t th­¬ng thµnh néi lùc: +'2'%'
		Néi lùc tèi ®a: +10 ®iÓm

-- [05-08-18 16:05:13]	[DropOn: Boss_Tieu_Hoang_Kim]	[§¹tÙNÖn-200-thongdam12]		Param: (AddItemEx(1,1537621964,0,0,2,10,8,0,138,5,1,4,3,5,6,0))
			[ DetailType = 2 ] [[  TÊt Sa sam  ]]
		Sinh lùc tèi ®a: +77 ®iÓm

-- [05-08-18 16:05:13]	[DropOn: Boss_Tieu_Hoang_Kim]	[§¹tÙNÖn-200-thongdam12]		Param: (AddItemEx(1,1267778037,0,0,7,5,8,2,103,5,6,4,2,3,7,0))
			[ DetailType = 7 ] [[  TÝn nhía Hoµn  ]]
		ThÓ lùc tèi ®a: +8 ®iÓm
		'ChuyÓn ho¸t s¸t th­¬ng thµnh néi lùc: +'2'%'
		Sinh lùc tèi ®a: +40 ®iÓm
		'ThÓ lùc tèi ®a: +'1' ®iÓm'
		Néi lùc tèi ®a: +20 ®iÓm
		'Kh¸ng háa: +'5'%'

-- [05-08-18 16:05:13]	[DropOn: Boss_Tieu_Hoang_Kim]	[§¹tÙNÖn-200-thongdam12]		Param: (AddItemEx(1,-719476934,0,0,5,0,8,4,58,6,5,7,1,3,3,0))
			[ DetailType = 5 ] [[  Giao Ngoa  ]]
		ThÓ lùc tèi ®a: +5 ®iÓm
		'Kh¸ng b¨ng: +'4'%'
		Sinh lùc tèi ®a: +66 ®iÓm

-- [05-08-18 16:05:13]	[DropOn: Boss_Tieu_Hoang_Kim]	[§¹tÙNÖn-200-thongdam12]		Param: (AddItemEx(1,-1960651399,0,0,2,11,10,2,19,1,2,1,2,8,8,0))
			[ DetailType = 2 ] [[  TÝch LÞch Kim Phông gi¸p  ]]
		ThÓ lùc tèi ®a: +12 ®iÓm
		'ThÓ lùc tèi ®a: +'1' ®iÓm'
		Phôc håi sinh lùc mçi nöa gi©y: +1 ®iÓm
		'Kh¸ng háa: +'5'%'
		Néi lùc tèi ®a: +57 ®iÓm
		'Thêi gian cho¸ng: -'30' ®iÓm'

-- [05-08-18 17:11:41]	[DropOn: Train]	[tester6-200-akane002]		Param: (AddItemEx(1,352347523,0,0,7,13,8,2,142,6,8,3,5,7,7,0))
			[ DetailType = 7 ] [[  Huy Thñy Kh«i  ]]
		Néi lùc tèi ®a: +80 ®iÓm
		'ThÓ lùc tèi ®a: +'15' ®iÓm'
		Sinh lùc tèi ®a: +47 ®iÓm
		'Thêi gian cho¸ng: -'20' ®iÓm'
		ThÓ lùc tèi ®a: +74 ®iÓm
		'ChuyÓn ho¸t s¸t th­¬ng thµnh néi lùc: +'9'%'

-- [05-08-18 19:43:22]	[DropOn: Boss_Tieu_Hoang_Kim]	[2ÙSaoÙ1ÙG¹ch-200-tranvinh1]		Param: (AddItemEx(1,471907747,0,0,8,0,10,2,133,3,3,4,7,6,8,0))
			[ DetailType = 8 ] [[  Long Phông HuyÕt Ngäc Tr¹c  ]]
		Sinh lùc tèi ®a: +22 ®iÓm
		'ThÓ lùc tèi ®a: +'3' ®iÓm'
		Néi lùc tèi ®a: +20 ®iÓm
		'ChuyÓn ho¸t s¸t th­¬ng thµnh néi lùc: +'7'%'
		Phôc håi sinh lùc mçi nöa gi©y: +3 ®iÓm
		'Kh¸ng háa: +'17'%'

-- [05-08-18 19:43:22]	[DropOn: Boss_Tieu_Hoang_Kim]	[2ÙSaoÙ1ÙG¹ch-200-tranvinh1]		Param: (AddItemEx(1,223988224,0,0,7,3,10,2,20,2,7,5,1,5,5,0))
			[ DetailType = 7 ] [[  Th«ng Thiªn Ph¸t Qu¸n  ]]
		Sinh lùc tèi ®a: +29 ®iÓm
		'ChuyÓn ho¸t s¸t th­¬ng thµnh néi lùc: +'6'%'
		Néi lùc tèi ®a: +27 ®iÓm
		'ThÓ lùc tèi ®a: +'2' ®iÓm'
		ThÓ lùc tèi ®a: +23 ®iÓm
		'Thêi gian cho¸ng: -'20' ®iÓm'

-- [05-08-18 19:43:22]	[DropOn: Boss_Tieu_Hoang_Kim]	[2ÙSaoÙ1ÙG¹ch-200-tranvinh1]		Param: (AddItemEx(1,193816545,0,0,7,10,8,2,115,8,6,1,1,5,1,0))
			[ DetailType = 7 ] [[  Chu Sa §Çu Hoµn  ]]
		ThÓ lùc tèi ®a: +99 ®iÓm
		'ThÓ lùc tèi ®a: +'5' ®iÓm'
		Sinh lùc tèi ®a: +18 ®iÓm

-- [05-08-18 19:43:22]	[DropOn: Boss_Tieu_Hoang_Kim]	[2ÙSaoÙ1ÙG¹ch-200-tranvinh1]		Param: (AddItemEx(1,-1348845772,0,0,5,0,9,3,39,4,3,3,8,8,4,0))
			[ DetailType = 5 ] [[  Phong VÜ Tèng Ngoa  ]]
		Tèc ®é di chuyÓn: +19%
		'Th©n ph¸p: +'4'®iÓm'
		Sinh lùc tèi ®a: +34 ®iÓm
		'ChuyÓn ho¸t s¸t th­¬ng thµnh néi lùc: +'2'%'
		ThÓ lùc tèi ®a: +107 ®iÓm
		'Phßng thñ vËt lý: +'3'%'

-- [05-08-18 19:43:22]	[DropOn: Boss_Tieu_Hoang_Kim]	[2ÙSaoÙ1ÙG¹ch-200-tranvinh1]		Param: (AddItemEx(1,-1977442779,0,0,7,4,9,3,138,3,6,3,4,7,8,0))
			[ DetailType = 7 ] [[  Kim Kh«i   ]]
		ThÓ lùc tèi ®a: +8 ®iÓm
		'Thêi gian lµm chËm: -'20'%'
		Néi lùc tèi ®a: +35 ®iÓm
		'Th©n ph¸p: +'1'®iÓm'
		Phôc håi sinh lùc mçi nöa gi©y: +3 ®iÓm
		'Phßng thñ vËt lý: +'15'%'

-- [05-08-18 19:43:22]	[DropOn: Boss_Tieu_Hoang_Kim]	[2ÙSaoÙ1ÙG¹ch-200-tranvinh1]		Param: (AddItemEx(1,-914255062,0,0,8,1,10,2,118,4,5,5,8,5,8,0))
			[ DetailType = 8 ] [[  Thiªn Tµm Hé UyÓn  ]]
		Sinh lùc tèi ®a: +65 ®iÓm
		'ChuyÓn ho¸t s¸t th­¬ng thµnh néi lùc: +'5'%'
		ThÓ lùc tèi ®a: +11 ®iÓm
		'Kh¸ng háa: +'13'%'
		Néi lùc tèi ®a: +75 ®iÓm
		'ThÓ lùc tèi ®a: +'10' ®iÓm'

-- [05-08-18 19:43:22]	[DropOn: Boss_Tieu_Hoang_Kim]	[2ÙSaoÙ1ÙG¹ch-200-tranvinh1]		Param: (AddItemEx(1,-1576941357,0,0,6,0,9,2,140,3,8,6,6,3,4,0))
			[ DetailType = 6 ] [[  Long L©n Yªu §¸i  ]]
		Néi lùc tèi ®a: +56 ®iÓm
		'ThÓ lùc tèi ®a: +'15' ®iÓm'
		Sinh lùc tèi ®a: +50 ®iÓm
		'ChuyÓn ho¸t s¸t th­¬ng thµnh néi lùc: +'5'%'
		ThÓ lùc tèi ®a: +43 ®iÓm
		'Thêi gian cho¸ng: -'20' ®iÓm'

-- [05-08-18 21:50:44]	[DropOn: Boss_Tieu_Hoang_Kim]	[TonyS¬n-200-asondn]		Param: (AddItemEx(1,974506620,0,0,5,3,9,0,25,8,8,1,6,5,6,0))
			[ DetailType = 5 ] [[  SÝnh Sa ngoa  ]]
		Sinh lùc tèi ®a: +26 ®iÓm
		'ChuyÓn ho¸t s¸t th­¬ng thµnh néi lùc: +'3'%'
		Phôc håi sinh lùc mçi nöa gi©y: +1 ®iÓm
		'Kh¸ng ®éc: +'11'%'
		ThÓ lùc tèi ®a: +56 ®iÓm

-- [05-08-18 21:50:44]	[DropOn: Boss_Tieu_Hoang_Kim]	[TonyS¬n-200-asondn]		Param: (AddItemEx(1,1214052433,0,0,8,1,10,3,127,2,7,8,7,7,3,0))
			[ DetailType = 8 ] [[  Thiªn Tµm Hé UyÓn  ]]
		Phôc håi sinh lùc mçi nöa gi©y: +1 ®iÓm
		'Th©n ph¸p: +'1'®iÓm'
		Sinh lùc tèi ®a: +18 ®iÓm
		'Thêi gian lµm chËm: -'30'%'
		ThÓ lùc tèi ®a: +78 ®iÓm
		'ChuyÓn ho¸t s¸t th­¬ng thµnh néi lùc: +'4'%'

-- [05-08-18 21:50:44]	[DropOn: Boss_Tieu_Hoang_Kim]	[TonyS¬n-200-asondn]		Param: (AddItemEx(1,86497222,0,0,6,0,8,0,6,2,8,3,8,4,2,0))
			[ DetailType = 6 ] [[  Tª Gi¸c Yªu §¸i  ]]
		Phôc håi sinh lùc mçi nöa gi©y: +1 ®iÓm
		'ChuyÓn ho¸t s¸t th­¬ng thµnh néi lùc: +'3'%'
		ThÓ lùc tèi ®a: +40 ®iÓm
		'Kh¸ng ®éc: +'15'%'
		Néi lùc tèi ®a: +62 ®iÓm

-- [05-08-18 21:50:44]	[DropOn: Boss_Tieu_Hoang_Kim]	[TonyS¬n-200-asondn]		Param: (AddItemEx(1,-184375037,0,0,7,9,9,3,70,8,4,1,4,8,5,0))
			[ DetailType = 7 ] [[  §iªu B× DiÖn Tr¸o  ]]
		Néi lùc tèi ®a: +60 ®iÓm
		'Th©n ph¸p: +'3'®iÓm'
		Phôc håi sinh lùc mçi nöa gi©y: +1 ®iÓm
		'Thêi gian lµm chËm: -'20'%'
		ThÓ lùc tèi ®a: +18 ®iÓm
		'Phßng thñ vËt lý: +'1'%'

-- [05-08-18 23:25:06]	[DropOn: Boss_Tieu_Hoang_Kim]	[V×ÙEmÙLµÙGiã-200-s2kulay]		Param: (AddItemEx(1,-1131290856,0,0,7,3,8,3,141,3,8,8,1,1,5,0))
			[ DetailType = 7 ] [[  Tö Kim ph¸t Qu¸n  ]]
		Phôc håi sinh lùc mçi nöa gi©y: +2 ®iÓm
		'Th©n ph¸p: +'6'®iÓm'
		ThÓ lùc tèi ®a: +63 ®iÓm

-- [05-08-18 23:25:06]	[DropOn: Boss_Tieu_Hoang_Kim]	[V×ÙEmÙLµÙGiã-200-s2kulay]		Param: (AddItemEx(1,-809395649,0,0,5,1,9,0,53,5,4,4,1,7,7,0))
			[ DetailType = 5 ] [[  Long L©n Ngoa  ]]
		Néi lùc tèi ®a: +28 ®iÓm
		'ChuyÓn ho¸t s¸t th­¬ng thµnh néi lùc: +'4'%'
		Sinh lùc tèi ®a: +16 ®iÓm

-- [05-08-18 23:25:06]	[DropOn: Boss_Tieu_Hoang_Kim]	[V×ÙEmÙLµÙGiã-200-s2kulay]		Param: (AddItemEx(1,1965726842,0,0,2,2,8,1,28,7,8,3,3,3,8,0))
			[ DetailType = 2 ] [[  Thiªn Méng y  ]]
		Phôc håi sinh lùc mçi nöa gi©y: +4 ®iÓm
		'ChuyÓn ho¸t s¸t th­¬ng thµnh néi lùc: +'4'%'
		ThÓ lùc tèi ®a: +22 ®iÓm
		'Kh¸ng l«i: +'2'%'
		Sinh lùc tèi ®a: +28 ®iÓm

-- [05-08-18 23:25:06]	[DropOn: Boss_Tieu_Hoang_Kim]	[V×ÙEmÙLµÙGiã-200-s2kulay]		Param: (AddItemEx(1,-1497648889,0,0,8,0,8,4,126,2,6,4,4,6,6,0))
			[ DetailType = 8 ] [[   ¤n L­¬ng Ngäc TR¹c  ]]
		Néi lùc tèi ®a: +26 ®iÓm
		'Thêi gian tróng ®éc: -'30'%'
		Phôc håi sinh lùc mçi nöa gi©y: +1 ®iÓm
		'ChuyÓn ho¸t s¸t th­¬ng thµnh néi lùc: +'4'%'
		ThÓ lùc tèi ®a: +53 ®iÓm
		'Kh¸ng b¨ng: +'5'%'

-- [05-08-18 23:25:06]	[DropOn: Boss_Tieu_Hoang_Kim]	[V×ÙEmÙLµÙGiã-200-s2kulay]		Param: (AddItemEx(1,202290740,0,0,5,3,9,1,69,2,8,3,4,4,1,0))
			[ DetailType = 5 ] [[  SÝnh Sa ngoa  ]]
		Sinh lùc tèi ®a: +15 ®iÓm
		'Kh¸ng l«i: +'5'%'
		Néi lùc tèi ®a: +5 ®iÓm
		'ChuyÓn ho¸t s¸t th­¬ng thµnh néi lùc: +'6'%'
		ThÓ lùc tèi ®a: +62 ®iÓm

-- [05-08-18 23:25:06]	[DropOn: Boss_Tieu_Hoang_Kim]	[V×ÙEmÙLµÙGiã-200-s2kulay]		Param: (AddItemEx(1,726033897,0,0,7,6,9,1,19,3,1,1,1,7,3,0))
			[ DetailType = 7 ] [[  Tµm T¬ M·o  ]]
		ThÓ lùc tèi ®a: +12 ®iÓm
		'Kh¸ng l«i: +'1'%'
		Sinh lùc tèi ®a: +10 ®iÓm

