-- [07-08-18 00:47:33]	[DropOn: Train]	[B¹ch§Þnh-200-haivlc1]		Param: (AddItemEx(1,1954842189,0,0,6,1,7,1,110,5,1,6,2,2,4,0))
			[ DetailType = 6 ] [[  MËt Ng©n Yªu §¸i  ]]
		Néi lùc tèi ®a: +64 ®iÓm
		'Kh¸ng l«i: +'1'%'
		Sinh lùc tèi ®a: +95 ®iÓm

-- [07-08-18 01:23:28]	[DropOn: Boss_Tieu_Hoang_Kim]	[B¹ch§Þnh-200-haivlc1]		Param: (AddItemEx(1,936601322,0,0,2,3,10,1,61,1,1,3,3,8,3,0))
			[ DetailType = 2 ] [[  Gi¸ng Sa Bµo  ]]
		Phôc håi sinh lùc mçi nöa gi©y: +1 ®iÓm
		'Kh¸ng l«i: +'4'%'
		ThÓ lùc tèi ®a: +50 ®iÓm
		'ChuyÓn ho¸t s¸t th­¬ng thµnh néi lùc: +'2'%'
		Sinh lùc tèi ®a: +96 ®iÓm

-- [07-08-18 01:23:28]	[DropOn: Boss_Tieu_Hoang_Kim]	[B¹ch§Þnh-200-haivlc1]		Param: (AddItemEx(1,-2039928009,0,0,7,1,9,3,109,8,8,7,1,7,2,0))
			[ DetailType = 7 ] [[  Tinh Qu¸n  ]]
		Phôc håi sinh lùc mçi nöa gi©y: +3 ®iÓm
		'Phßng thñ vËt lý: +'7'%'
		Sinh lùc tèi ®a: +88 ®iÓm
		'Th©n ph¸p: +'1'®iÓm'
		Néi lùc tèi ®a: +53 ®iÓm

-- [07-08-18 01:23:28]	[DropOn: Boss_Tieu_Hoang_Kim]	[B¹ch§Þnh-200-haivlc1]		Param: (AddItemEx(1,1067892952,0,0,9,0,8,2,67,1,3,1,2,3,2,0))
			[ DetailType = 9 ] [[  Tiªn X¹ H­¬ng Nang  ]]
		Néi lùc tèi ®a: +19 ®iÓm
		'ThÓ lùc tèi ®a: +'4' ®iÓm'
		ThÓ lùc tèi ®a: +9 ®iÓm
		'Kh¸ng háa: +'1'%'
		Sinh lùc tèi ®a: +38 ®iÓm

-- [07-08-18 01:23:28]	[DropOn: Boss_Tieu_Hoang_Kim]	[B¹ch§Þnh-200-haivlc1]		Param: (AddItemEx(1,-122650211,0,0,5,3,10,3,124,7,5,7,5,7,5,0))
			[ DetailType = 5 ] [[  Phi Phông Ngoa  ]]
		Sinh lùc tèi ®a: +78 ®iÓm
		'Th©n ph¸p: +'1'®iÓm'
		ThÓ lùc tèi ®a: +88 ®iÓm
		'Phßng thñ vËt lý: +'5'%'
		Phôc håi sinh lùc mçi nöa gi©y: +3 ®iÓm
		'Thêi gian lµm chËm: -'20'%'

-- [07-08-18 01:23:28]	[DropOn: Boss_Tieu_Hoang_Kim]	[B¹ch§Þnh-200-haivlc1]		Param: (AddItemEx(1,-215506430,0,0,5,3,10,3,59,6,2,2,3,6,8,0))
			[ DetailType = 5 ] [[  Phi Phông Ngoa  ]]
		ThÓ lùc tèi ®a: +30 ®iÓm
		'Th©n ph¸p: +'2'®iÓm'
		Néi lùc tèi ®a: +19 ®iÓm
		'Phßng thñ vËt lý: +'2'%'
		Sinh lùc tèi ®a: +9 ®iÓm
		'ChuyÓn ho¸t s¸t th­¬ng thµnh néi lùc: +'2'%'

-- [07-08-18 01:23:28]	[DropOn: Boss_Tieu_Hoang_Kim]	[B¹ch§Þnh-200-haivlc1]		Param: (AddItemEx(1,289857163,0,0,7,4,10,4,71,6,8,5,4,7,4,0))
			[ DetailType = 7 ] [[  YÓm NhËt kh«i  ]]
		ThÓ lùc tèi ®a: +100 ®iÓm
		'ChuyÓn ho¸t s¸t th­¬ng thµnh néi lùc: +'7'%'
		Sinh lùc tèi ®a: +51 ®iÓm
		'Kh¸ng b¨ng: +'9'%'
		Néi lùc tèi ®a: +69 ®iÓm
		'Thêi gian tróng ®éc: -'20'%'

-- [07-08-18 01:23:28]	[DropOn: Boss_Tieu_Hoang_Kim]	[B¹ch§Þnh-200-haivlc1]		Param: (AddItemEx(1,915984136,0,0,4,0,10,3,68,1,3,2,2,3,4,0))
			[ DetailType = 4 ] [[  Toµn Th¹ch H¹ng Liªn  ]]
		Kh¸ng tÊt c¶: +1%
		'Th©n ph¸p: +'4'®iÓm'
		Sinh lùc tèi ®a: +9 ®iÓm

-- [07-08-18 02:52:58]	[DropOn: Train]	[§aoKh¸ch-200-haivlc2]		Param: (AddItemEx(1,-1193103391,0,0,7,3,8,3,63,2,2,8,1,4,4,0))
			[ DetailType = 7 ] [[  Tö Kim ph¸t Qu¸n  ]]
		Phôc håi sinh lùc mçi nöa gi©y: +1 ®iÓm
		'Th©n ph¸p: +'1'®iÓm'
		ThÓ lùc tèi ®a: +18 ®iÓm

-- [07-08-18 09:06:11]	[DropOn: Boss_Tieu_Hoang_Kim]	[HoaiLang-200-hoailanghp1]		Param: (AddItemEx(1,-739564650,0,0,5,3,8,4,2,8,7,5,5,4,1,0))
			[ DetailType = 5 ] [[  TuyÕt Doanh ngoa  ]]
		Tèc ®é di chuyÓn: +27%
		'Kh¸ng b¨ng: +'1'%'
		Phôc håi sinh lùc mçi nöa gi©y: +1 ®iÓm
		'ChuyÓn ho¸t s¸t th­¬ng thµnh néi lùc: +'4'%'
		Sinh lùc tèi ®a: +62 ®iÓm

-- [07-08-18 09:06:11]	[DropOn: Boss_Tieu_Hoang_Kim]	[HoaiLang-200-hoailanghp1]		Param: (AddItemEx(1,1886619155,0,0,5,1,10,1,22,3,6,7,2,3,3,0))
			[ DetailType = 5 ] [[  Thiªn Tµm Ngoa  ]]
		ThÓ lùc tèi ®a: +27 ®iÓm
		'Kh¸ng l«i: +'7'%'
		Sinh lùc tèi ®a: +27 ®iÓm

-- [07-08-18 09:06:11]	[DropOn: Boss_Tieu_Hoang_Kim]	[HoaiLang-200-hoailanghp1]		Param: (AddItemEx(1,1489904958,0,0,7,3,10,2,88,2,5,7,6,7,7,0))
			[ DetailType = 7 ] [[  Th«ng Thiªn Ph¸t Qu¸n  ]]
		Néi lùc tèi ®a: +32 ®iÓm
		'ThÓ lùc tèi ®a: +'8' ®iÓm'
		ThÓ lùc tèi ®a: +15 ®iÓm
		'ChuyÓn ho¸t s¸t th­¬ng thµnh néi lùc: +'6'%'
		Sinh lùc tèi ®a: +5 ®iÓm
		'Kh¸ng háa: +'2'%'

-- [07-08-18 09:06:11]	[DropOn: Boss_Tieu_Hoang_Kim]	[HoaiLang-200-hoailanghp1]		Param: (AddItemEx(1,-1395411593,0,0,7,1,8,1,109,2,8,4,8,7,8,0))
			[ DetailType = 7 ] [[  Th­îng Thanh Qu¸n  ]]
		Néi lùc tèi ®a: +10 ®iÓm
		'Kh¸ng l«i: +'7'%'
		ThÓ lùc tèi ®a: +40 ®iÓm
		'ChuyÓn ho¸t s¸t th­¬ng thµnh néi lùc: +'7'%'
		Sinh lùc tèi ®a: +65 ®iÓm

-- [07-08-18 09:06:11]	[DropOn: Boss_Tieu_Hoang_Kim]	[HoaiLang-200-hoailanghp1]		Param: (AddItemEx(1,520477720,0,0,2,13,10,1,23,2,2,7,8,8,6,0))
			[ DetailType = 2 ] [[  L­u Tiªn QuÇn  ]]
		Phôc håi sinh lùc mçi nöa gi©y: +1 ®iÓm
		'Kh¸ng l«i: +'5'%'
		ThÓ lùc tèi ®a: +46 ®iÓm
		'ChuyÓn ho¸t s¸t th­¬ng thµnh néi lùc: +'5'%'
		Néi lùc tèi ®a: +101 ®iÓm

-- [07-08-18 09:06:11]	[DropOn: Boss_Tieu_Hoang_Kim]	[HoaiLang-200-hoailanghp1]		Param: (AddItemEx(1,-1325329955,0,0,8,1,8,1,106,4,5,4,5,5,7,0))
			[ DetailType = 8 ] [[  Tª Gi¸c Hé UyÓn  ]]
		ThÓ lùc tèi ®a: +45 ®iÓm
		'Kh¸ng l«i: +'9'%'
		Néi lùc tèi ®a: +14 ®iÓm
		'ChuyÓn ho¸t s¸t th­¬ng thµnh néi lùc: +'3'%'
		Sinh lùc tèi ®a: +54 ®iÓm

-- [07-08-18 09:06:11]	[DropOn: Boss_Tieu_Hoang_Kim]	[HoaiLang-200-hoailanghp1]		Param: (AddItemEx(1,-530167338,0,0,8,1,10,0,4,2,3,2,8,3,2,0))
			[ DetailType = 8 ] [[  Thiªn Tµm Hé UyÓn  ]]
		Phôc håi sinh lùc mçi nöa gi©y: +1 ®iÓm
		'ChuyÓn ho¸t s¸t th­¬ng thµnh néi lùc: +'4'%'
		ThÓ lùc tèi ®a: +25 ®iÓm
		'Kh¸ng ®éc: +'15'%'
		Néi lùc tèi ®a: +58 ®iÓm

-- [07-08-18 09:06:11]	[DropOn: Boss_Tieu_Hoang_Kim]	[HoaiLang-200-hoailanghp1]		Param: (AddItemEx(1,826748243,0,0,6,0,10,2,52,4,1,8,7,6,5,0))
			[ DetailType = 6 ] [[  Thiªn Tµm Yªu §¸i  ]]
		ThÓ lùc tèi ®a: +6 ®iÓm
		'ThÓ lùc tèi ®a: +'1' ®iÓm'
		Phôc håi sinh lùc mçi nöa gi©y: +5 ®iÓm
		'Thêi gian cho¸ng: -'30' ®iÓm'
		Sinh lùc tèi ®a: +18 ®iÓm
		'Kh¸ng háa: +'3'%'

-- [07-08-18 11:16:31]	[DropOn: Boss_Tieu_Hoang_Kim]	[Ahihihihi-200-amcang]		Param: (AddItemEx(1,-2097735897,0,0,6,1,8,2,93,4,4,2,5,4,5,0))
			[ DetailType = 6 ] [[  Kim Yªu §¸i  ]]
		Phôc håi sinh lùc mçi nöa gi©y: +1 ®iÓm
		'Kh¸ng háa: +'5'%'
		Sinh lùc tèi ®a: +8 ®iÓm
		'Thêi gian cho¸ng: -'20' ®iÓm'
		ThÓ lùc tèi ®a: +6 ®iÓm
		'ThÓ lùc tèi ®a: +'5' ®iÓm'

-- [07-08-18 11:16:31]	[DropOn: Boss_Tieu_Hoang_Kim]	[Ahihihihi-200-amcang]		Param: (AddItemEx(1,-1305641260,0,0,8,0,10,3,36,2,4,2,5,7,6,0))
			[ DetailType = 8 ] [[  Long Phông HuyÕt Ngäc Tr¹c  ]]
		ThÓ lùc tèi ®a: +21 ®iÓm
		'Th©n ph¸p: +'6'®iÓm'
		Sinh lùc tèi ®a: +5 ®iÓm
		'Phßng thñ vËt lý: +'3'%'
		Néi lùc tèi ®a: +11 ®iÓm
		'Thêi gian lµm chËm: -'20'%'

-- [07-08-18 11:16:31]	[DropOn: Boss_Tieu_Hoang_Kim]	[Ahihihihi-200-amcang]		Param: (AddItemEx(1,253959749,0,0,8,0,9,3,107,8,2,1,8,3,2,0))
			[ DetailType = 8 ] [[  B¨ng Ph¸ch Hµn Ngäc Tr¹c  ]]
		Sinh lùc tèi ®a: +126 ®iÓm
		'Th©n ph¸p: +'3'®iÓm'
		ThÓ lùc tèi ®a: +6 ®iÓm
		'ChuyÓn ho¸t s¸t th­¬ng thµnh néi lùc: +'10'%'
		Phôc håi sinh lùc mçi nöa gi©y: +1 ®iÓm
		'Phßng thñ vËt lý: +'1'%'

-- [07-08-18 11:16:31]	[DropOn: Boss_Tieu_Hoang_Kim]	[Ahihihihi-200-amcang]		Param: (AddItemEx(1,1974992330,0,0,2,7,8,2,107,6,3,4,1,5,8,0))
			[ DetailType = 2 ] [[  Minh tÜnh cµ sa  ]]
		Ph¶n ®oµn vËt lý: +7 ®iÓm
		'Kh¸ng háa: +'3'%'
		ThÓ lùc tèi ®a: +57 ®iÓm
		'ThÓ lùc tèi ®a: +'2' ®iÓm'
		Sinh lùc tèi ®a: +17 ®iÓm
		'ChuyÓn ho¸t s¸t th­¬ng thµnh néi lùc: +'6'%'

-- [07-08-18 11:16:31]	[DropOn: Boss_Tieu_Hoang_Kim]	[Ahihihihi-200-amcang]		Param: (AddItemEx(1,992251891,0,0,8,0,10,0,110,7,4,1,5,1,1,0))
			[ DetailType = 8 ] [[  Long Phông HuyÕt Ngäc Tr¹c  ]]
		Phôc håi sinh lùc mçi nöa gi©y: +4 ®iÓm
		'ChuyÓn ho¸t s¸t th­¬ng thµnh néi lùc: +'2'%'
		Sinh lùc tèi ®a: +20 ®iÓm
		'Kh¸ng ®éc: +'9'%'
		Néi lùc tèi ®a: +18 ®iÓm

-- [07-08-18 11:16:31]	[DropOn: Boss_Tieu_Hoang_Kim]	[Ahihihihi-200-amcang]		Param: (AddItemEx(1,-1122931196,0,0,7,0,9,1,3,3,6,2,7,4,7,0))
			[ DetailType = 7 ] [[  NiÖm Ninh M·o  ]]
		Néi lùc tèi ®a: +48 ®iÓm
		'ChuyÓn ho¸t s¸t th­¬ng thµnh néi lùc: +'2'%'
		Sinh lùc tèi ®a: +27 ®iÓm
		'Kh¸ng l«i: +'13'%'
		ThÓ lùc tèi ®a: +38 ®iÓm

-- [07-08-18 11:16:31]	[DropOn: Boss_Tieu_Hoang_Kim]	[Ahihihihi-200-amcang]		Param: (AddItemEx(1,-1822957831,0,0,6,0,8,4,32,5,1,7,6,1,4,0))
			[ DetailType = 6 ] [[  Tª Gi¸c Yªu §¸i  ]]
		Sinh lùc tèi ®a: +12 ®iÓm

-- [07-08-18 12:36:46]	[DropOn: Boss_Tieu_Hoang_Kim]	[hihihihihihi-200-amcang]		Param: (AddItemEx(1,-30886528,0,0,7,13,8,4,94,4,6,4,6,6,4,0))
			[ DetailType = 7 ] [[  Huy Thñy Kh«i  ]]
		Phôc håi sinh lùc mçi nöa gi©y: +2 ®iÓm
		'ChuyÓn ho¸t s¸t th­¬ng thµnh néi lùc: +'9'%'
		Néi lùc tèi ®a: +67 ®iÓm
		'Kh¸ng b¨ng: +'6'%'
		Sinh lùc tèi ®a: +29 ®iÓm
		'Thêi gian tróng ®éc: -'20'%'

-- [07-08-18 12:36:46]	[DropOn: Boss_Tieu_Hoang_Kim]	[hihihihihihi-200-amcang]		Param: (AddItemEx(1,1269176673,0,0,7,8,10,4,65,2,4,1,1,9,1,0))
			[ DetailType = 7 ] [[  ¢m D­¬ng V« Cùc qu¸n  ]]
		Sinh lùc tèi ®a: +20 ®iÓm
		'Thêi gian tróng ®éc: -'20'%'
		Néi lùc tèi ®a: +18 ®iÓm

-- [07-08-18 12:36:46]	[DropOn: Boss_Tieu_Hoang_Kim]	[hihihihihihi-200-amcang]		Param: (AddItemEx(1,-1401265484,0,0,5,2,10,4,41,2,3,7,8,6,5,0))
			[ DetailType = 5 ] [[  Kim Lò hµi  ]]
		Sinh lùc tèi ®a: +15 ®iÓm
		'Kh¸ng b¨ng: +'1'%'
		ThÓ lùc tèi ®a: +5 ®iÓm
		'ChuyÓn ho¸t s¸t th­¬ng thµnh néi lùc: +'3'%'
		Tèc ®é di chuyÓn: +15%
		'Thêi gian tróng ®éc: -'20'%'

-- [07-08-18 12:36:46]	[DropOn: Boss_Tieu_Hoang_Kim]	[hihihihihihi-200-amcang]		Param: (AddItemEx(1,1337649061,0,0,5,0,9,4,3,3,5,6,4,2,6,0))
			[ DetailType = 5 ] [[  Phong VÜ Tèng Ngoa  ]]
		Sinh lùc tèi ®a: +24 ®iÓm
		'Thêi gian tróng ®éc: -'20'%'
		ThÓ lùc tèi ®a: +6 ®iÓm
		'Kh¸ng b¨ng: +'9'%'
		Néi lùc tèi ®a: +29 ®iÓm
		'ChuyÓn ho¸t s¸t th­¬ng thµnh néi lùc: +'10'%'

-- [07-08-18 12:36:46]	[DropOn: Boss_Tieu_Hoang_Kim]	[hihihihihihi-200-amcang]		Param: (AddItemEx(1,-1302824278,0,0,7,3,10,4,54,8,8,5,9,1,3,0))
			[ DetailType = 7 ] [[  Th«ng Thiªn Ph¸t Qu¸n  ]]
		Néi lùc tèi ®a: +5 ®iÓm
		'ChuyÓn ho¸t s¸t th­¬ng thµnh néi lùc: +'4'%'
		Phôc håi sinh lùc mçi nöa gi©y: +2 ®iÓm
		'Thêi gian tróng ®éc: -'20'%'
		ThÓ lùc tèi ®a: +17 ®iÓm
		'Kh¸ng b¨ng: +'5'%'

-- [07-08-18 12:38:11]	[DropOn: Train]	[VuVuVnn-200-vunguyen83]		Param: (AddItemEx(1,-1360647960,0,0,8,1,9,4,74,1,8,1,4,6,8,0))
			[ DetailType = 8 ] [[  Long L©n Hé UyÓn  ]]
		Néi lùc tèi ®a: +19 ®iÓm
		'Kh¸ng b¨ng: +'11'%'
		Phôc håi sinh lùc mçi nöa gi©y: +1 ®iÓm
		'ChuyÓn ho¸t s¸t th­¬ng thµnh néi lùc: +'6'%'
		ThÓ lùc tèi ®a: +66 ®iÓm
		'Thêi gian tróng ®éc: -'20'%'

-- [07-08-18 12:39:29]	[DropOn: Train]	[VuVuVnn-200-vunguyen83]		Param: (AddItemEx(1,900663601,0,0,6,1,9,4,10,3,3,2,5,7,7,0))
			[ DetailType = 6 ] [[  ¤ Ng©n Yªu §¸i  ]]
		Sinh lùc tèi ®a: +41 ®iÓm
		'ChuyÓn ho¸t s¸t th­¬ng thµnh néi lùc: +'3'%'
		ThÓ lùc tèi ®a: +22 ®iÓm
		'Thêi gian tróng ®éc: -'20'%'
		Phôc håi sinh lùc mçi nöa gi©y: +1 ®iÓm
		'Kh¸ng b¨ng: +'2'%'

-- [07-08-18 12:40:14]	[DropOn: Train]	[VuVuVnn-200-vunguyen83]		Param: (AddItemEx(1,-1550572817,0,0,5,1,7,3,123,7,3,4,3,2,8,0))
			[ DetailType = 5 ] [[  Hæ B× Ngoa  ]]
		Sinh lùc tèi ®a: +106 ®iÓm
		'Th©n ph¸p: +'5'®iÓm'
		Néi lùc tèi ®a: +16 ®iÓm
		'Thêi gian lµm chËm: -'20'%'
		Tèc ®é di chuyÓn: +11%
		'Phßng thñ vËt lý: +'7'%'

-- [07-08-18 13:44:46]	[DropOn: Boss_Tieu_Hoang_Kim]	[Ahihihi-200-amcang]		Param: (AddItemEx(1,362763247,0,0,7,8,9,1,185,6,2,8,7,1,7,0))
			[ DetailType = 7 ] [[  Th¸i cùc Qu¸n  ]]
		Néi lùc tèi ®a: +83 ®iÓm
		'Kh¸ng l«i: +'4'%'
		Sinh lùc tèi ®a: +155 ®iÓm
		'ChuyÓn ho¸t s¸t th­¬ng thµnh néi lùc: +'7'%'
		ThÓ lùc tèi ®a: +14 ®iÓm

-- [07-08-18 13:44:46]	[DropOn: Boss_Tieu_Hoang_Kim]	[Ahihihi-200-amcang]		Param: (AddItemEx(1,1008238448,0,0,6,1,10,1,28,4,4,1,5,2,7,0))
			[ DetailType = 6 ] [[  B¹ch Kim Yªu §¸i  ]]
		ThÓ lùc tèi ®a: +65 ®iÓm
		'Kh¸ng l«i: +'10'%'
		Phôc håi sinh lùc mçi nöa gi©y: +1 ®iÓm
		'ChuyÓn ho¸t s¸t th­¬ng thµnh néi lùc: +'4'%'
		Sinh lùc tèi ®a: +26 ®iÓm

-- [07-08-18 13:44:46]	[DropOn: Boss_Tieu_Hoang_Kim]	[Ahihihi-200-amcang]		Param: (AddItemEx(1,614455701,0,0,2,9,9,1,182,3,1,8,9,2,7,0))
			[ DetailType = 2 ] [[  Mª Hån Th­êng  ]]
		Néi lùc tèi ®a: +46 ®iÓm
		'Kh¸ng l«i: +'5'%'
		ThÓ lùc tèi ®a: +21 ®iÓm
		'ChuyÓn ho¸t s¸t th­¬ng thµnh néi lùc: +'7'%'
		Phôc håi sinh lùc mçi nöa gi©y: +1 ®iÓm

-- [07-08-18 13:44:46]	[DropOn: Boss_Tieu_Hoang_Kim]	[Ahihihi-200-amcang]		Param: (AddItemEx(1,-1342798994,0,0,6,1,9,1,94,4,1,6,2,8,6,0))
			[ DetailType = 6 ] [[  ¤ Ng©n Yªu §¸i  ]]
		Sinh lùc tèi ®a: +37 ®iÓm
		'Kh¸ng l«i: +'3'%'
		Néi lùc tèi ®a: +22 ®iÓm

-- [07-08-18 13:44:46]	[DropOn: Boss_Tieu_Hoang_Kim]	[Ahihihi-200-amcang]		Param: (AddItemEx(1,-1406444771,0,0,2,4,10,1,41,1,9,4,5,6,9,0))
			[ DetailType = 2 ] [[  §­êng Nghª gi¸p  ]]
		ThÓ lùc tèi ®a: +16 ®iÓm
		'Kh¸ng l«i: +'9'%'
		Néi lùc tèi ®a: +52 ®iÓm
		'ChuyÓn ho¸t s¸t th­¬ng thµnh néi lùc: +'6'%'
		Sinh lùc tèi ®a: +12 ®iÓm

-- [07-08-18 13:44:46]	[DropOn: Boss_Tieu_Hoang_Kim]	[Ahihihi-200-amcang]		Param: (AddItemEx(1,1963687958,0,0,8,0,10,1,92,4,4,2,8,8,5,0))
			[ DetailType = 8 ] [[  Long Phông HuyÕt Ngäc Tr¹c  ]]
		ThÓ lùc tèi ®a: +62 ®iÓm
		'ChuyÓn ho¸t s¸t th­¬ng thµnh néi lùc: +'2'%'
		Phôc håi sinh lùc mçi nöa gi©y: +1 ®iÓm
		'Kh¸ng l«i: +'11'%'
		Sinh lùc tèi ®a: +160 ®iÓm

-- [07-08-18 19:41:04]	[DropOn: Boss_Tieu_Hoang_Kim]	[Ahihihihi-200-amcang]		Param: (AddItemEx(1,-1226856577,0,0,6,1,8,1,55,7,1,2,7,7,1,0))
			[ DetailType = 6 ] [[  Kim Yªu §¸i  ]]
		Néi lùc tèi ®a: +85 ®iÓm
		'Kh¸ng l«i: +'1'%'
		ThÓ lùc tèi ®a: +16 ®iÓm
		'ChuyÓn ho¸t s¸t th­¬ng thµnh néi lùc: +'7'%'
		Sinh lùc tèi ®a: +123 ®iÓm

-- [07-08-18 19:41:04]	[DropOn: Boss_Tieu_Hoang_Kim]	[Ahihihihi-200-amcang]		Param: (AddItemEx(1,-1358210240,0,0,2,0,10,1,103,2,2,1,2,3,7,0))
			[ DetailType = 2 ] [[  ThÊt B¶o Cµ Sa  ]]
		Néi lùc tèi ®a: +11 ®iÓm
		'Kh¸ng l«i: +'4'%'
		ThÓ lùc tèi ®a: +17 ®iÓm

-- [07-08-18 19:41:04]	[DropOn: Boss_Tieu_Hoang_Kim]	[Ahihihihi-200-amcang]		Param: (AddItemEx(1,-429169081,0,0,5,1,8,2,53,4,8,3,7,3,4,0))
			[ DetailType = 5 ] [[  Tª B× Ngoa  ]]
		Tèc ®é di chuyÓn: +11%
		'Kh¸ng háa: +'5'%'
		Phôc håi sinh lùc mçi nöa gi©y: +1 ®iÓm
		'ThÓ lùc tèi ®a: +'9' ®iÓm'
		ThÓ lùc tèi ®a: +30 ®iÓm
		'Thêi gian cho¸ng: -'20' ®iÓm'

-- [07-08-18 19:41:04]	[DropOn: Boss_Tieu_Hoang_Kim]	[Ahihihihi-200-amcang]		Param: (AddItemEx(1,1487447156,0,0,5,3,8,2,134,8,6,5,2,8,5,0))
			[ DetailType = 5 ] [[  TuyÕt Doanh ngoa  ]]
		ThÓ lùc tèi ®a: +24 ®iÓm
		'ThÓ lùc tèi ®a: +'12' ®iÓm'
		Phôc håi sinh lùc mçi nöa gi©y: +3 ®iÓm
		'Kh¸ng háa: +'4'%'
		Sinh lùc tèi ®a: +113 ®iÓm
		'ChuyÓn ho¸t s¸t th­¬ng thµnh néi lùc: +'2'%'

-- [07-08-18 19:41:04]	[DropOn: Boss_Tieu_Hoang_Kim]	[Ahihihihi-200-amcang]		Param: (AddItemEx(1,914160741,0,0,9,0,9,0,53,2,2,4,1,2,4,0))
			[ DetailType = 9 ] [[  Giµ Nam H­¬ng Nang  ]]
		ThÓ lùc tèi ®a: +8 ®iÓm
		'Kh¸ng ®éc: +'3'%'
		Néi lùc tèi ®a: +6 ®iÓm
		'Søc m¹nh: +'1'®iÓm'
		Sinh lùc tèi ®a: +20 ®iÓm

-- [07-08-18 19:41:04]	[DropOn: Boss_Tieu_Hoang_Kim]	[Ahihihihi-200-amcang]		Param: (AddItemEx(1,943649662,0,0,7,10,10,4,19,2,3,8,1,8,8,0))
			[ DetailType = 7 ] [[  Long HuyÕt §Çu hoµn  ]]
		ThÓ lùc tèi ®a: +9 ®iÓm
		'Kh¸ng b¨ng: +'3'%'
		Néi lùc tèi ®a: +115 ®iÓm

-- [07-08-18 19:41:04]	[DropOn: Boss_Tieu_Hoang_Kim]	[Ahihihihi-200-amcang]		Param: (AddItemEx(1,1203820525,0,0,2,3,9,2,19,3,7,8,8,7,2,0))
			[ DetailType = 2 ] [[  Hµn S­¬ng bµo  ]]
		Phôc håi sinh lùc mçi nöa gi©y: +1 ®iÓm
		'Kh¸ng háa: +'7'%'
		Sinh lùc tèi ®a: +52 ®iÓm
		'ThÓ lùc tèi ®a: +'15' ®iÓm'
		Néi lùc tèi ®a: +87 ®iÓm

-- [07-08-18 21:41:12]	[DropOn: Boss_Tieu_Hoang_Kim]	[RuouQuenSau-200-hoailanghp]		Param: (AddItemEx(1,-1348876602,0,0,6,0,8,1,143,2,7,5,3,2,3,0))
			[ DetailType = 6 ] [[  Tª Gi¸c Yªu §¸i  ]]
		ThÓ lùc tèi ®a: +17 ®iÓm
		'Kh¸ng l«i: +'8'%'
		Sinh lùc tèi ®a: +7 ®iÓm
		'ChuyÓn ho¸t s¸t th­¬ng thµnh néi lùc: +'3'%'
		Néi lùc tèi ®a: +13 ®iÓm

-- [07-08-18 21:41:12]	[DropOn: Boss_Tieu_Hoang_Kim]	[RuouQuenSau-200-hoailanghp]		Param: (AddItemEx(1,891401219,0,0,5,1,8,3,22,8,3,3,2,1,7,0))
			[ DetailType = 5 ] [[  Tª B× Ngoa  ]]
		ThÓ lùc tèi ®a: +71 ®iÓm
		'Th©n ph¸p: +'5'®iÓm'
		Sinh lùc tèi ®a: +53 ®iÓm
		'Phßng thñ vËt lý: +'5'%'
		Néi lùc tèi ®a: +18 ®iÓm
		'ChuyÓn ho¸t s¸t th­¬ng thµnh néi lùc: +'10'%'

-- [07-08-18 21:41:12]	[DropOn: Boss_Tieu_Hoang_Kim]	[RuouQuenSau-200-hoailanghp]		Param: (AddItemEx(1,-1734789152,0,0,8,1,9,0,11,3,6,3,4,8,8,0))
			[ DetailType = 8 ] [[  Long L©n Hé UyÓn  ]]
		Phôc håi sinh lùc mçi nöa gi©y: +1 ®iÓm
		'ChuyÓn ho¸t s¸t th­¬ng thµnh néi lùc: +'7'%'
		Néi lùc tèi ®a: +17 ®iÓm
		'Kh¸ng ®éc: +'1'%'
		ThÓ lùc tèi ®a: +39 ®iÓm

-- [07-08-18 21:41:12]	[DropOn: Boss_Tieu_Hoang_Kim]	[RuouQuenSau-200-hoailanghp]		Param: (AddItemEx(1,-1697007163,0,0,5,1,9,4,77,2,5,3,1,6,3,0))
			[ DetailType = 5 ] [[  Long L©n Ngoa  ]]
		ThÓ lùc tèi ®a: +21 ®iÓm
		'Thêi gian tróng ®éc: -'20'%'
		Sinh lùc tèi ®a: +6 ®iÓm

-- [07-08-18 21:41:12]	[DropOn: Boss_Tieu_Hoang_Kim]	[RuouQuenSau-200-hoailanghp]		Param: (AddItemEx(1,-1038269752,0,0,9,1,9,2,24,4,3,1,1,3,4,0))
			[ DetailType = 9 ] [[  Hoµng Ngäc Ngäc Béi   ]]
		ThÓ lùc tèi ®a: +19 ®iÓm
		'ThÓ lùc tèi ®a: +'6' ®iÓm'
		Néi lùc tèi ®a: +9 ®iÓm

-- [07-08-18 21:41:12]	[DropOn: Boss_Tieu_Hoang_Kim]	[RuouQuenSau-200-hoailanghp]		Param: (AddItemEx(1,321760815,0,0,6,1,8,0,8,1,5,1,4,4,1,0))
			[ DetailType = 6 ] [[  Kim Yªu §¸i  ]]
		Sinh lùc tèi ®a: +18 ®iÓm
		'ChuyÓn ho¸t s¸t th­¬ng thµnh néi lùc: +'4'%'
		Néi lùc tèi ®a: +16 ®iÓm
		'Kh¸ng ®éc: +'5'%'
		ThÓ lùc tèi ®a: +54 ®iÓm

-- [07-08-18 21:41:12]	[DropOn: Boss_Tieu_Hoang_Kim]	[RuouQuenSau-200-hoailanghp]		Param: (AddItemEx(1,-695424336,0,0,6,1,8,2,144,2,2,6,6,2,4,0))
			[ DetailType = 6 ] [[  Kim Yªu §¸i  ]]
		ThÓ lùc tèi ®a: +24 ®iÓm
		'Kh¸ng háa: +'5'%'
		Néi lùc tèi ®a: +113 ®iÓm
		'ThÓ lùc tèi ®a: +'10' ®iÓm'
		Sinh lùc tèi ®a: +30 ®iÓm
		'ChuyÓn ho¸t s¸t th­¬ng thµnh néi lùc: +'3'%'

-- [07-08-18 21:41:12]	[DropOn: Boss_Tieu_Hoang_Kim]	[RuouQuenSau-200-hoailanghp]		Param: (AddItemEx(1,-2045554095,0,0,6,1,9,3,90,5,7,6,5,4,6,0))
			[ DetailType = 6 ] [[  ¤ Ng©n Yªu §¸i  ]]
		ThÓ lùc tèi ®a: +44 ®iÓm
		'Th©n ph¸p: +'5'®iÓm'
		Néi lùc tèi ®a: +60 ®iÓm
		'Phßng thñ vËt lý: +'9'%'
		Sinh lùc tèi ®a: +47 ®iÓm
		'Thêi gian lµm chËm: -'30'%'

-- [07-08-18 23:05:09]	[DropOn: Train]	[tester7-200-akane002]		Param: (AddItemEx(1,1410094297,0,0,6,0,10,0,102,7,4,3,3,3,1,0))
			[ DetailType = 6 ] [[  Thiªn Tµm Yªu §¸i  ]]
		Néi lùc tèi ®a: +64 ®iÓm
		'Kh¸ng ®éc: +'9'%'
		Sinh lùc tèi ®a: +10 ®iÓm
		'ChuyÓn ho¸t s¸t th­¬ng thµnh néi lùc: +'4'%'
		ThÓ lùc tèi ®a: +48 ®iÓm

