-- [12-08-18 00:07:57]	[DropOn: Train]	[AhihiDoNgoc02-200-bihulk06]		Param: (AddItemEx(1,-1893381277,0,0,8,1,10,2,12,5,7,5,2,7,1,0))
			[ DetailType = 8 ] [[  Thiªn Tµm Hé UyÓn  ]]
		Sinh lùc tèi ®a: +47 ®iÓm
		'ThÓ lùc tèi ®a: +'9' ®iÓm'
		ThÓ lùc tèi ®a: +55 ®iÓm
		'Kh¸ng háa: +'1'%'
		Néi lùc tèi ®a: +108 ®iÓm

-- [12-08-18 14:23:34]	[DropOn: Train]	[04Ù§­êngÙM«n-32-gcity04]		Param: (AddItemEx(1,-626665168,0,0,7,13,10,1,91,3,4,6,7,1,1,0))
			[ DetailType = 7 ] [[  Kim Phông TriÓn SÝ   ]]
		Néi lùc tèi ®a: +27 ®iÓm
		'Kh¸ng l«i: +'6'%'
		ThÓ lùc tèi ®a: +105 ®iÓm
		'ChuyÓn ho¸t s¸t th­¬ng thµnh néi lùc: +'2'%'
		Phôc håi sinh lùc mçi nöa gi©y: +1 ®iÓm

-- [12-08-18 14:37:44]	[DropOn: Train]	[02ÙThiªnÙNhÉn-33-gcity02]		Param: (AddItemEx(1,1733314631,0,0,5,2,10,4,22,8,3,1,5,7,4,0))
			[ DetailType = 5 ] [[  Kim Lò hµi  ]]
		Sinh lùc tèi ®a: +117 ®iÓm
		'ChuyÓn ho¸t s¸t th­¬ng thµnh néi lùc: +'3'%'
		Phôc håi sinh lùc mçi nöa gi©y: +1 ®iÓm
		'Kh¸ng b¨ng: +'2'%'
		Néi lùc tèi ®a: +47 ®iÓm
		'Thêi gian tróng ®éc: -'20'%'

-- [12-08-18 16:19:25]	[DropOn: Train]	[carophi-37-vudyu1]		Param: (AddItemEx(1,-1291840855,0,0,8,0,7,4,42,8,2,1,6,5,2,0))
			[ DetailType = 8 ] [[  PhØ Thóy Ngäc Tr¹c  ]]
		ThÓ lùc tèi ®a: +117 ®iÓm
		'Kh¸ng b¨ng: +'4'%'
		Phôc håi sinh lùc mçi nöa gi©y: +1 ®iÓm
		'ChuyÓn ho¸t s¸t th­¬ng thµnh néi lùc: +'9'%'
		Sinh lùc tèi ®a: +59 ®iÓm

-- [12-08-18 17:51:38]	[DropOn: Train]	[ConCuNho-49-tuankon1]		Param: (AddItemEx(1,640487966,0,0,6,0,7,2,24,6,7,2,1,8,7,0))
			[ DetailType = 6 ] [[  Sa B× Yªu §¸i  ]]
		Néi lùc tèi ®a: +35 ®iÓm
		'ThÓ lùc tèi ®a: +'8' ®iÓm'
		Sinh lùc tèi ®a: +22 ®iÓm

-- [12-08-18 17:56:10]	[DropOn: Train]	[ConCuNho-50-tuankon1]		Param: (AddItemEx(1,242882812,0,0,6,1,8,4,6,8,1,6,3,1,3,0))
			[ DetailType = 6 ] [[  Kim Yªu §¸i  ]]
		ThÓ lùc tèi ®a: +46 ®iÓm

-- [12-08-18 19:17:13]	[DropOn: Train]	[Ph­íc5§ª-40-mrbuno3]		Param: (AddItemEx(1,-387319226,0,0,8,1,8,1,124,6,4,3,2,3,6,0))
			[ DetailType = 8 ] [[  Tª Gi¸c Hé UyÓn  ]]
		Sinh lùc tèi ®a: +29 ®iÓm
		'Kh¸ng l«i: +'3'%'
		Néi lùc tèi ®a: +27 ®iÓm

-- [12-08-18 19:30:04]	[DropOn: Train]	[Ph­íc5§ª-42-mrbuno3]		Param: (AddItemEx(1,856102930,0,0,6,0,7,0,49,7,5,4,4,4,5,0))
			[ DetailType = 6 ] [[  Sa B× Yªu §¸i  ]]
		ThÓ lùc tèi ®a: +26 ®iÓm
		'Kh¸ng ®éc: +'8'%'
		Néi lùc tèi ®a: +78 ®iÓm
		'ChuyÓn ho¸t s¸t th­¬ng thµnh néi lùc: +'2'%'
		Phôc håi sinh lùc mçi nöa gi©y: +2 ®iÓm

-- [12-08-18 19:41:42]	[DropOn: Train]	[Ph­íc5§ª-44-mrbuno3]		Param: (AddItemEx(1,-1619007788,0,0,6,0,9,1,147,6,3,6,6,6,7,0))
			[ DetailType = 6 ] [[  Long L©n Yªu §¸i  ]]
		ThÓ lùc tèi ®a: +35 ®iÓm
		'Kh¸ng l«i: +'4'%'
		Phôc håi sinh lùc mçi nöa gi©y: +4 ®iÓm
		'ChuyÓn ho¸t s¸t th­¬ng thµnh néi lùc: +'3'%'
		Sinh lùc tèi ®a: +39 ®iÓm

