-- [11-08-18 02:09:09]	[DropOn: Train]	[VuaMãcLèp-200-vantuan1]		Param: (AddItemEx(1,1150924438,0,0,9,1,9,4,11,1,1,3,3,3,2,0))
			[ DetailType = 9 ] [[  Hoµng Ngäc Ngäc Béi   ]]
		ThÓ lùc tèi ®a: +17 ®iÓm

-- [11-08-18 02:25:16]	[DropOn: Train]	[¤ngÙNéi-200-vantuan5]		Param: (AddItemEx(1,85564860,0,0,6,1,9,0,64,7,5,8,7,2,2,0))
			[ DetailType = 6 ] [[  ¤ Ng©n Yªu §¸i  ]]
		Néi lùc tèi ®a: +7 ®iÓm
		'Kh¸ng ®éc: +'4'%'
		ThÓ lùc tèi ®a: +60 ®iÓm
		'ChuyÓn ho¸t s¸t th­¬ng thµnh néi lùc: +'4'%'
		Sinh lùc tèi ®a: +19 ®iÓm

-- [11-08-18 02:29:58]	[DropOn: Train]	[¤ngÙNéi-200-vantuan5]		Param: (AddItemEx(1,1476368981,0,0,6,1,7,1,14,5,7,6,3,4,6,0))
			[ DetailType = 6 ] [[  MËt Ng©n Yªu §¸i  ]]
		ThÓ lùc tèi ®a: +42 ®iÓm
		'ChuyÓn ho¸t s¸t th­¬ng thµnh néi lùc: +'9'%'
		Phôc håi sinh lùc mçi nöa gi©y: +1 ®iÓm
		'Kh¸ng l«i: +'4'%'
		Sinh lùc tèi ®a: +50 ®iÓm

-- [11-08-18 11:37:32]	[DropOn: Boss_Tieu_Hoang_Kim]	[Testhihi-200-quoccuong6]		Param: (AddItemEx(1,-707634273,0,0,6,0,8,0,22,8,6,4,4,1,3,0))
			[ DetailType = 6 ] [[  Tª Gi¸c Yªu §¸i  ]]
		Sinh lùc tèi ®a: +18 ®iÓm
		'Kh¸ng ®éc: +'10'%'
		Néi lùc tèi ®a: +16 ®iÓm
		'ChuyÓn ho¸t s¸t th­¬ng thµnh néi lùc: +'4'%'
		ThÓ lùc tèi ®a: +14 ®iÓm

-- [11-08-18 11:37:32]	[DropOn: Boss_Tieu_Hoang_Kim]	[Testhihi-200-quoccuong6]		Param: (AddItemEx(1,746812384,0,0,6,0,10,2,8,4,3,3,8,8,3,0))
			[ DetailType = 6 ] [[  Thiªn Tµm Yªu §¸i  ]]
		ThÓ lùc tèi ®a: +26 ®iÓm
		'ThÓ lùc tèi ®a: +'6' ®iÓm'
		Néi lùc tèi ®a: +17 ®iÓm
		'Kh¸ng háa: +'1'%'
		Sinh lùc tèi ®a: +7 ®iÓm
		'ChuyÓn ho¸t s¸t th­¬ng thµnh néi lùc: +'4'%'

-- [11-08-18 11:37:32]	[DropOn: Boss_Tieu_Hoang_Kim]	[Testhihi-200-quoccuong6]		Param: (AddItemEx(1,518844225,0,0,9,0,9,0,56,4,4,4,1,2,2,0))
			[ DetailType = 9 ] [[  Giµ Nam H­¬ng Nang  ]]
		ThÓ lùc tèi ®a: +20 ®iÓm
		'Søc m¹nh: +'3'®iÓm'
		Néi lùc tèi ®a: +18 ®iÓm

-- [11-08-18 11:37:32]	[DropOn: Boss_Tieu_Hoang_Kim]	[Testhihi-200-quoccuong6]		Param: (AddItemEx(1,-1514920172,0,0,7,5,8,2,52,1,4,4,4,6,7,0))
			[ DetailType = 7 ] [[  TÝn nhía Hoµn  ]]
		Néi lùc tèi ®a: +15 ®iÓm
		'ThÓ lùc tèi ®a: +'8' ®iÓm'
		ThÓ lùc tèi ®a: +22 ®iÓm
		'Kh¸ng háa: +'4'%'
		Phôc håi sinh lùc mçi nöa gi©y: +2 ®iÓm
		'Thêi gian cho¸ng: -'20' ®iÓm'

-- [11-08-18 11:37:32]	[DropOn: Boss_Tieu_Hoang_Kim]	[Testhihi-200-quoccuong6]		Param: (AddItemEx(1,-364332155,0,0,5,0,10,2,41,4,1,2,5,8,7,0))
			[ DetailType = 5 ] [[  Cöu TiÕt X­¬ng VÜ Ngoa  ]]
		Néi lùc tèi ®a: +8 ®iÓm
		'ThÓ lùc tèi ®a: +'1' ®iÓm'
		Sinh lùc tèi ®a: +26 ®iÓm
		'Kh¸ng háa: +'7'%'
		ThÓ lùc tèi ®a: +114 ®iÓm
		'Thêi gian cho¸ng: -'30' ®iÓm'

-- [11-08-18 11:37:32]	[DropOn: Boss_Tieu_Hoang_Kim]	[Testhihi-200-quoccuong6]		Param: (AddItemEx(1,-2121272310,0,0,8,1,9,4,20,7,1,5,3,4,3,0))
			[ DetailType = 8 ] [[  Long L©n Hé UyÓn  ]]
		Néi lùc tèi ®a: +117 ®iÓm

-- [11-08-18 13:08:58]	[DropOn: Train]	[TNHulk-200-bihulk02]		Param: (AddItemEx(1,-378691427,0,0,5,2,10,1,70,2,3,7,2,1,4,0))
			[ DetailType = 5 ] [[  Kim Lò hµi  ]]
		ThÓ lùc tèi ®a: +20 ®iÓm
		'ChuyÓn ho¸t s¸t th­¬ng thµnh néi lùc: +'4'%'
		Tèc ®é di chuyÓn: +15%
		'Kh¸ng l«i: +'3'%'
		Phôc håi sinh lùc mçi nöa gi©y: +1 ®iÓm

-- [11-08-18 13:11:32]	[DropOn: Train]	[TNHulk-200-bihulk02]		Param: (AddItemEx(1,-1220678343,0,0,8,1,8,4,49,5,5,4,3,5,4,0))
			[ DetailType = 8 ] [[  Tª Gi¸c Hé UyÓn  ]]
		Néi lùc tèi ®a: +23 ®iÓm
		'Thêi gian tróng ®éc: -'20'%'
		ThÓ lùc tèi ®a: +10 ®iÓm
		'ChuyÓn ho¸t s¸t th­¬ng thµnh néi lùc: +'2'%'
		Phôc håi sinh lùc mçi nöa gi©y: +2 ®iÓm
		'Kh¸ng b¨ng: +'7'%'

-- [11-08-18 14:19:08]	[DropOn: Train]	[AdminÙSHXT-200-hieuad]		Param: (AddItemEx(1,1463667876,0,0,2,1,7,2,46,3,7,1,5,8,7,0))
			[ DetailType = 2 ] [[  ThÊt B¶o H¹ y  ]]
		Phôc håi sinh lùc mçi nöa gi©y: +2 ®iÓm
		'Kh¸ng háa: +'11'%'
		Néi lùc tèi ®a: +5 ®iÓm
		'Thêi gian cho¸ng: -'20' ®iÓm'
		Sinh lùc tèi ®a: +144 ®iÓm
		'ChuyÓn ho¸t s¸t th­¬ng thµnh néi lùc: +'10'%'

-- [11-08-18 14:33:37]	[DropOn: Train]	[dfgdfgdfg-200-caiconcac]		Param: (AddItemEx(1,-665272023,0,0,7,0,10,1,103,4,6,4,1,4,1,0))
			[ DetailType = 7 ] [[  Tú L« m·o  ]]
		Sinh lùc tèi ®a: +12 ®iÓm
		'ChuyÓn ho¸t s¸t th­¬ng thµnh néi lùc: +'10'%'
		ThÓ lùc tèi ®a: +10 ®iÓm
		'Kh¸ng l«i: +'3'%'
		Néi lùc tèi ®a: +47 ®iÓm

-- [11-08-18 14:38:07]	[DropOn: Train]	[AdminÙSHXT-200-hieuad]		Param: (AddItemEx(1,670910726,0,0,2,11,8,3,68,2,4,2,1,8,2,0))
			[ DetailType = 2 ] [[  Lan Ng©n gi¸p  ]]
		Phôc håi sinh lùc mçi nöa gi©y: +1 ®iÓm
		'Phßng thñ vËt lý: +'1'%'
		Néi lùc tèi ®a: +33 ®iÓm
		'Th©n ph¸p: +'2'®iÓm'
		Sinh lùc tèi ®a: +66 ®iÓm

-- [11-08-18 14:46:07]	[DropOn: Train]	[AdminÙSHXT-200-hieuad]		Param: (AddItemEx(1,1873038421,0,0,6,1,9,4,15,5,5,3,5,3,1,0))
			[ DetailType = 6 ] [[  ¤ Ng©n Yªu §¸i  ]]
		Sinh lùc tèi ®a: +58 ®iÓm
		'Thêi gian tróng ®éc: -'20'%'
		ThÓ lùc tèi ®a: +39 ®iÓm
		'Kh¸ng b¨ng: +'7'%'
		Néi lùc tèi ®a: +55 ®iÓm

-- [11-08-18 16:07:23]	[DropOn: Train]	[CBRÙAcximec-200-phuongnhai]		Param: (AddItemEx(1,1248145790,0,0,5,3,10,2,70,3,7,2,4,1,4,0))
			[ DetailType = 5 ] [[  Phi Phông Ngoa  ]]
		ThÓ lùc tèi ®a: +9 ®iÓm
		'ThÓ lùc tèi ®a: +'4' ®iÓm'
		Néi lùc tèi ®a: +15 ®iÓm
		'ChuyÓn ho¸t s¸t th­¬ng thµnh néi lùc: +'6'%'
		Phôc håi sinh lùc mçi nöa gi©y: +1 ®iÓm
		'Kh¸ng háa: +'3'%'

-- [11-08-18 16:24:00]	[DropOn: Boss_Tieu_Hoang_Kim]	[CBRÙAcximec-200-phuongnhai]		Param: (AddItemEx(1,727952902,0,0,2,7,10,3,36,2,5,5,8,8,8,0))
			[ DetailType = 2 ] [[  ThÊt B¶o cµ sa   ]]
		Néi lùc tèi ®a: +17 ®iÓm
		'Th©n ph¸p: +'6'®iÓm'
		Sinh lùc tèi ®a: +7 ®iÓm
		'Thêi gian lµm chËm: -'20'%'
		ThÓ lùc tèi ®a: +98 ®iÓm
		'Phßng thñ vËt lý: +'13'%'

-- [11-08-18 16:24:00]	[DropOn: Boss_Tieu_Hoang_Kim]	[CBRÙAcximec-200-phuongnhai]		Param: (AddItemEx(1,-1071884321,0,0,5,3,10,0,131,1,6,4,8,3,5,0))
			[ DetailType = 5 ] [[  Phi Phông Ngoa  ]]
		Sinh lùc tèi ®a: +18 ®iÓm
		'Kh¸ng ®éc: +'2'%'
		Phôc håi sinh lùc mçi nöa gi©y: +1 ®iÓm
		'ChuyÓn ho¸t s¸t th­¬ng thµnh néi lùc: +'4'%'
		Néi lùc tèi ®a: +14 ®iÓm

-- [11-08-18 16:24:00]	[DropOn: Boss_Tieu_Hoang_Kim]	[CBRÙAcximec-200-phuongnhai]		Param: (AddItemEx(1,1787234592,0,0,6,0,9,0,73,5,7,1,7,4,6,0))
			[ DetailType = 6 ] [[  Long L©n Yªu §¸i  ]]
		Néi lùc tèi ®a: +11 ®iÓm
		'Kh¸ng ®éc: +'3'%'
		ThÓ lùc tèi ®a: +17 ®iÓm
		'ChuyÓn ho¸t s¸t th­¬ng thµnh néi lùc: +'3'%'
		Sinh lùc tèi ®a: +27 ®iÓm

-- [11-08-18 16:50:31]	[DropOn: Train]	[Vilores-200-minsimon]		Param: (AddItemEx(1,-958283089,0,0,2,8,9,1,30,5,2,2,7,1,6,0))
			[ DetailType = 2 ] [[  B¨ng Tµm ®¹o y  ]]
		Néi lùc tèi ®a: +26 ®iÓm
		'Kh¸ng l«i: +'3'%'
		Sinh lùc tèi ®a: +16 ®iÓm
		'ChuyÓn ho¸t s¸t th­¬ng thµnh néi lùc: +'7'%'
		ThÓ lùc tèi ®a: +14 ®iÓm

-- [11-08-18 20:03:49]	[DropOn: Train]	[testdame-21-gcity01]		Param: (AddItemEx(1,-68728983,0,0,6,1,10,3,1,8,3,5,3,5,4,0))
			[ DetailType = 6 ] [[  B¹ch Kim Yªu §¸i  ]]
		Néi lùc tèi ®a: +28 ®iÓm
		'Th©n ph¸p: +'1'®iÓm'
		Sinh lùc tèi ®a: +36 ®iÓm
		'Thêi gian lµm chËm: -'20'%'
		Phôc håi sinh lùc mçi nöa gi©y: +2 ®iÓm
		'ChuyÓn ho¸t s¸t th­¬ng thµnh néi lùc: +'2'%'

-- [11-08-18 20:25:07]	[DropOn: Train]	[testdame-27-gcity01]		Param: (AddItemEx(1,158479223,0,0,7,13,10,1,33,3,2,8,3,8,7,0))
			[ DetailType = 7 ] [[  Kim Phông TriÓn SÝ   ]]
		Sinh lùc tèi ®a: +57 ®iÓm
		'Kh¸ng l«i: +'2'%'
		Néi lùc tèi ®a: +84 ®iÓm
		'ChuyÓn ho¸t s¸t th­¬ng thµnh néi lùc: +'6'%'
		Phôc håi sinh lùc mçi nöa gi©y: +4 ®iÓm

-- [11-08-18 20:40:53]	[DropOn: Train]	[testdame-29-gcity01]		Param: (AddItemEx(1,-510172525,0,0,9,0,10,1,46,1,3,1,2,3,2,0))
			[ DetailType = 9 ] [[  Long Tiªn H­¬ng Nang  ]]
		ThÓ lùc tèi ®a: +6 ®iÓm
		'May m¾n: +'1'%'
		Sinh lùc tèi ®a: +20 ®iÓm
		'Kh¸ng l«i: +'5'%'
		Néi lùc tèi ®a: +18 ®iÓm

