-- [10-08-18 00:15:21]	[DropOn: Boss_Tieu_Hoang_Kim]	[ThieuTien-200-minhvu25091990]		Param: (AddItemEx(1,1283874962,0,0,5,3,9,0,82,5,1,3,2,6,7,0))
			[ DetailType = 5 ] [[  SÝnh Sa ngoa  ]]
		Néi lùc tèi ®a: +90 ®iÓm

-- [10-08-18 00:15:21]	[DropOn: Boss_Tieu_Hoang_Kim]	[ThieuTien-200-minhvu25091990]		Param: (AddItemEx(1,-993028365,0,0,8,0,9,4,86,6,2,4,2,8,2,0))
			[ DetailType = 8 ] [[  B¨ng Ph¸ch Hµn Ngäc Tr¹c  ]]
		Sinh lùc tèi ®a: +40 ®iÓm
		'Kh¸ng b¨ng: +'3'%'
		ThÓ lùc tèi ®a: +20 ®iÓm

-- [10-08-18 00:15:21]	[DropOn: Boss_Tieu_Hoang_Kim]	[ThieuTien-200-minhvu25091990]		Param: (AddItemEx(1,551299230,0,0,7,4,8,3,38,6,7,7,3,8,1,0))
			[ DetailType = 7 ] [[  Tinh Cang Kh«i  ]]
		ThÓ lùc tèi ®a: +119 ®iÓm
		'Thêi gian lµm chËm: -'30'%'
		Néi lùc tèi ®a: +15 ®iÓm
		'Th©n ph¸p: +'4'®iÓm'
		Phôc håi sinh lùc mçi nöa gi©y: +4 ®iÓm

-- [10-08-18 00:15:21]	[DropOn: Boss_Tieu_Hoang_Kim]	[ThieuTien-200-minhvu25091990]		Param: (AddItemEx(1,-1777449925,0,0,6,0,8,2,110,1,7,4,7,5,6,0))
			[ DetailType = 6 ] [[  Tª Gi¸c Yªu §¸i  ]]
		Sinh lùc tèi ®a: +14 ®iÓm
		'Thêi gian cho¸ng: -'30' ®iÓm'
		ThÓ lùc tèi ®a: +12 ®iÓm
		'ThÓ lùc tèi ®a: +'13' ®iÓm'
		Néi lùc tèi ®a: +10 ®iÓm
		'Kh¸ng háa: +'9'%'

-- [10-08-18 00:15:21]	[DropOn: Boss_Tieu_Hoang_Kim]	[ThieuTien-200-minhvu25091990]		Param: (AddItemEx(1,583656056,0,0,5,1,8,1,55,6,5,8,1,8,1,0))
			[ DetailType = 5 ] [[  Tª B× Ngoa  ]]
		ThÓ lùc tèi ®a: +43 ®iÓm
		'ChuyÓn ho¸t s¸t th­¬ng thµnh néi lùc: +'5'%'
		Phôc håi sinh lùc mçi nöa gi©y: +2 ®iÓm
		'Kh¸ng l«i: +'3'%'
		Sinh lùc tèi ®a: +114 ®iÓm

-- [10-08-18 00:15:21]	[DropOn: Boss_Tieu_Hoang_Kim]	[ThieuTien-200-minhvu25091990]		Param: (AddItemEx(1,345451965,0,0,5,1,9,3,23,2,8,5,6,1,5,0))
			[ DetailType = 5 ] [[  Long L©n Ngoa  ]]
		ThÓ lùc tèi ®a: +24 ®iÓm
		'Thêi gian lµm chËm: -'30'%'
		Néi lùc tèi ®a: +95 ®iÓm
		'Phßng thñ vËt lý: +'7'%'
		Sinh lùc tèi ®a: +12 ®iÓm
		'Th©n ph¸p: +'5'®iÓm'

-- [10-08-18 00:15:21]	[DropOn: Boss_Tieu_Hoang_Kim]	[ThieuTien-200-minhvu25091990]		Param: (AddItemEx(1,-199317342,0,0,7,1,8,4,101,3,8,1,8,7,2,0))
			[ DetailType = 7 ] [[  Th­îng Thanh Qu¸n  ]]
		Néi lùc tèi ®a: +38 ®iÓm
		'ChuyÓn ho¸t s¸t th­¬ng thµnh néi lùc: +'4'%'
		Sinh lùc tèi ®a: +19 ®iÓm
		'Kh¸ng b¨ng: +'13'%'
		ThÓ lùc tèi ®a: +54 ®iÓm

-- [10-08-18 03:17:22]	[DropOn: Boss_Tieu_Hoang_Kim]	[PLÙHoaÙLéngÙ¶nh-200-dautay04]		Param: (AddItemEx(1,986189398,0,0,8,1,9,0,57,4,6,4,3,8,2,0))
			[ DetailType = 8 ] [[  Long L©n Hé UyÓn  ]]
		ThÓ lùc tèi ®a: +31 ®iÓm
		'ChuyÓn ho¸t s¸t th­¬ng thµnh néi lùc: +'5'%'
		Sinh lùc tèi ®a: +31 ®iÓm
		'Kh¸ng ®éc: +'4'%'
		Phôc håi sinh lùc mçi nöa gi©y: +1 ®iÓm

-- [10-08-18 03:17:22]	[DropOn: Boss_Tieu_Hoang_Kim]	[PLÙHoaÙLéngÙ¶nh-200-dautay04]		Param: (AddItemEx(1,-1028467757,0,0,6,0,8,3,88,7,1,8,7,3,3,0))
			[ DetailType = 6 ] [[  Tª Gi¸c Yªu §¸i  ]]
		ThÓ lùc tèi ®a: +6 ®iÓm
		'Th©n ph¸p: +'1'®iÓm'
		Sinh lùc tèi ®a: +71 ®iÓm
		'Phßng thñ vËt lý: +'10'%'
		Néi lùc tèi ®a: +18 ®iÓm
		'Thêi gian lµm chËm: -'20'%'

-- [10-08-18 03:17:22]	[DropOn: Boss_Tieu_Hoang_Kim]	[PLÙHoaÙLéngÙ¶nh-200-dautay04]		Param: (AddItemEx(1,-145295376,0,0,6,1,9,1,103,2,6,3,1,7,3,0))
			[ DetailType = 6 ] [[  ¤ Ng©n Yªu §¸i  ]]
		Néi lùc tèi ®a: +20 ®iÓm
		'ChuyÓn ho¸t s¸t th­¬ng thµnh néi lùc: +'2'%'
		ThÓ lùc tèi ®a: +17 ®iÓm
		'Kh¸ng l«i: +'4'%'
		Phôc håi sinh lùc mçi nöa gi©y: +2 ®iÓm

-- [10-08-18 03:17:22]	[DropOn: Boss_Tieu_Hoang_Kim]	[PLÙHoaÙLéngÙ¶nh-200-dautay04]		Param: (AddItemEx(1,-1802796011,0,0,7,5,8,1,90,4,8,2,3,8,1,0))
			[ DetailType = 7 ] [[  TÝn nhía Hoµn  ]]
		ThÓ lùc tèi ®a: +8 ®iÓm
		'ChuyÓn ho¸t s¸t th­¬ng thµnh néi lùc: +'7'%'
		Néi lùc tèi ®a: +6 ®iÓm
		'Kh¸ng l«i: +'4'%'
		Phôc håi sinh lùc mçi nöa gi©y: +4 ®iÓm

-- [10-08-18 03:17:22]	[DropOn: Boss_Tieu_Hoang_Kim]	[PLÙHoaÙLéngÙ¶nh-200-dautay04]		Param: (AddItemEx(1,2133026798,0,0,8,1,9,1,52,7,7,7,6,2,7,0))
			[ DetailType = 8 ] [[  Long L©n Hé UyÓn  ]]
		Sinh lùc tèi ®a: +135 ®iÓm
		'ChuyÓn ho¸t s¸t th­¬ng thµnh néi lùc: +'2'%'
		ThÓ lùc tèi ®a: +121 ®iÓm
		'Kh¸ng l«i: +'3'%'
		Néi lùc tèi ®a: +5 ®iÓm

-- [10-08-18 03:17:22]	[DropOn: Boss_Tieu_Hoang_Kim]	[PLÙHoaÙLéngÙ¶nh-200-dautay04]		Param: (AddItemEx(1,-626847029,0,0,8,1,9,0,53,2,5,8,6,5,7,0))
			[ DetailType = 8 ] [[  Long L©n Hé UyÓn  ]]
		Sinh lùc tèi ®a: +14 ®iÓm
		'Kh¸ng ®éc: +'1'%'
		Phôc håi sinh lùc mçi nöa gi©y: +4 ®iÓm
		'ChuyÓn ho¸t s¸t th­¬ng thµnh néi lùc: +'4'%'
		ThÓ lùc tèi ®a: +73 ®iÓm

-- [10-08-18 04:32:36]	[DropOn: Boss_Tieu_Hoang_Kim]	[AEÙTaoÙThich-200-dautay06]		Param: (AddItemEx(1,1739809642,0,0,3,0,9,3,10,2,3,1,1,1,1,0))
			[ DetailType = 3 ] [[  Lam B¶o Th¹ch Giíi ChØ  ]]
		Sinh lùc tèi ®a: +34 ®iÓm
		'Thêi gian lµm chËm: -'20'%'
		Phôc håi thÓ lùc mçi nöa gi©y: +1 ®iÓm
		'Th©n ph¸p: +'2'®iÓm'
		ThÓ lùc tèi ®a: +17 ®iÓm

-- [10-08-18 04:32:36]	[DropOn: Boss_Tieu_Hoang_Kim]	[AEÙTaoÙThich-200-dautay06]		Param: (AddItemEx(1,-552220695,0,0,1,2,8,2,28,1,4,3,1,1,3,0))
			[ DetailType = 1 ] [[  B¹o Vò Lª Hoa Ch©m  ]]
		Sinh lùc tèi ®a: +12 ®iÓm
		'B¨ng s¸t - ngo¹i c«ng: +'35' ®iÓm'
		Néi lùc tèi ®a: +51 ®iÓm
		'B¨ng s¸t - néi c«ng: +'3' ®iÓm'
		ThÓ lùc tèi ®a: +8 ®iÓm
		'Kh¸ng háa: +'1'%'

-- [10-08-18 04:32:36]	[DropOn: Boss_Tieu_Hoang_Kim]	[AEÙTaoÙThich-200-dautay06]		Param: (AddItemEx(1,-1775358658,0,0,7,9,8,2,134,4,3,8,2,8,3,0))
			[ DetailType = 7 ] [[  Hæ B×DiÖn Tr¸o  ]]
		ThÓ lùc tèi ®a: +27 ®iÓm
		'Kh¸ng háa: +'1'%'
		Sinh lùc tèi ®a: +121 ®iÓm
		'ThÓ lùc tèi ®a: +'2' ®iÓm'
		Néi lùc tèi ®a: +94 ®iÓm
		'ChuyÓn ho¸t s¸t th­¬ng thµnh néi lùc: +'4'%'

-- [10-08-18 04:32:36]	[DropOn: Boss_Tieu_Hoang_Kim]	[AEÙTaoÙThich-200-dautay06]		Param: (AddItemEx(1,-1867621001,0,0,7,1,8,0,122,3,2,4,2,7,1,0))
			[ DetailType = 7 ] [[  Th­îng Thanh Qu¸n  ]]
		Phôc håi sinh lùc mçi nöa gi©y: +2 ®iÓm
		'Kh¸ng ®éc: +'5'%'
		ThÓ lùc tèi ®a: +46 ®iÓm

-- [10-08-18 13:16:53]	[DropOn: Boss_Tieu_Hoang_Kim]	[TestChoi-200-quoccuong2]		Param: (AddItemEx(1,1779206868,0,0,9,0,9,4,43,1,3,2,3,2,3,0))
			[ DetailType = 9 ] [[  Giµ Nam H­¬ng Nang  ]]
		Sinh lùc tèi ®a: +15 ®iÓm
		'Kh¸ng b¨ng: +'2'%'
		Néi lùc tèi ®a: +5 ®iÓm
		'ChuyÓn ho¸t s¸t th­¬ng thµnh néi lùc: +'5'%'
		ThÓ lùc tèi ®a: +11 ®iÓm

-- [10-08-18 13:16:53]	[DropOn: Boss_Tieu_Hoang_Kim]	[TestChoi-200-quoccuong2]		Param: (AddItemEx(1,1880256777,0,0,2,12,8,3,62,6,8,2,5,1,1,0))
			[ DetailType = 2 ] [[  Tö Thö y  ]]
		Néi lùc tèi ®a: +92 ®iÓm
		'Phßng thñ vËt lý: +'15'%'
		ThÓ lùc tèi ®a: +10 ®iÓm
		'Th©n ph¸p: +'9'®iÓm'
		Sinh lùc tèi ®a: +8 ®iÓm

-- [10-08-18 13:16:53]	[DropOn: Boss_Tieu_Hoang_Kim]	[TestChoi-200-quoccuong2]		Param: (AddItemEx(1,-1356963534,0,0,6,0,10,4,62,2,8,6,8,4,8,0))
			[ DetailType = 6 ] [[  Thiªn Tµm Yªu §¸i  ]]
		ThÓ lùc tèi ®a: +40 ®iÓm
		'ChuyÓn ho¸t s¸t th­¬ng thµnh néi lùc: +'3'%'
		Sinh lùc tèi ®a: +102 ®iÓm
		'Thêi gian tróng ®éc: -'20'%'
		Phôc håi sinh lùc mçi nöa gi©y: +2 ®iÓm
		'Kh¸ng b¨ng: +'4'%'

-- [10-08-18 13:16:53]	[DropOn: Boss_Tieu_Hoang_Kim]	[TestChoi-200-quoccuong2]		Param: (AddItemEx(1,1818700155,0,0,7,3,8,2,8,7,4,3,3,2,8,0))
			[ DetailType = 7 ] [[  Tö Kim ph¸t Qu¸n  ]]
		Néi lùc tèi ®a: +53 ®iÓm
		'ThÓ lùc tèi ®a: +'5' ®iÓm'
		Sinh lùc tèi ®a: +46 ®iÓm
		'ChuyÓn ho¸t s¸t th­¬ng thµnh néi lùc: +'6'%'
		Phôc håi sinh lùc mçi nöa gi©y: +1 ®iÓm
		'Thêi gian cho¸ng: -'30' ®iÓm'

-- [10-08-18 13:16:53]	[DropOn: Boss_Tieu_Hoang_Kim]	[TestChoi-200-quoccuong2]		Param: (AddItemEx(1,2120270008,0,0,4,0,9,2,3,2,2,2,2,2,4,0))
			[ DetailType = 4 ] [[  Tr©n Ch©u H¹ng Liªn  ]]
		Kh¸ng tÊt c¶: +4%
		'ThÓ lùc tèi ®a: +'4' ®iÓm'
		Sinh lùc tèi ®a: +9 ®iÓm
		'Kh¸ng háa: +'5'%'
		Néi lùc tèi ®a: +31 ®iÓm
		'ChuyÓn ho¸t s¸t th­¬ng thµnh néi lùc: +'5'%'

-- [10-08-18 15:43:32]	[DropOn: Boss_Tieu_Hoang_Kim]	[PinkPjnk-200-hieply88]		Param: (AddItemEx(1,-1716076505,0,0,5,0,9,4,128,8,8,1,7,1,8,0))
			[ DetailType = 5 ] [[  Phong VÜ Tèng Ngoa  ]]
		Sinh lùc tèi ®a: +42 ®iÓm
		'Kh¸ng b¨ng: +'5'%'
		Néi lùc tèi ®a: +8 ®iÓm
		'Thêi gian tróng ®éc: -'30'%'
		ThÓ lùc tèi ®a: +6 ®iÓm
		'ChuyÓn ho¸t s¸t th­¬ng thµnh néi lùc: +'9'%'

-- [10-08-18 15:43:32]	[DropOn: Boss_Tieu_Hoang_Kim]	[PinkPjnk-200-hieply88]		Param: (AddItemEx(1,1535613908,0,0,6,0,9,3,79,6,7,1,7,1,5,0))
			[ DetailType = 6 ] [[  Long L©n Yªu §¸i  ]]
		ThÓ lùc tèi ®a: +33 ®iÓm
		'Phßng thñ vËt lý: +'13'%'
		Phôc håi sinh lùc mçi nöa gi©y: +1 ®iÓm
		'Th©n ph¸p: +'14'®iÓm'
		Néi lùc tèi ®a: +11 ®iÓm
		'ChuyÓn ho¸t s¸t th­¬ng thµnh néi lùc: +'2'%'

-- [10-08-18 15:43:32]	[DropOn: Boss_Tieu_Hoang_Kim]	[PinkPjnk-200-hieply88]		Param: (AddItemEx(1,1725022021,0,0,6,1,8,2,87,7,4,5,1,7,2,0))
			[ DetailType = 6 ] [[  Kim Yªu §¸i  ]]
		ThÓ lùc tèi ®a: +85 ®iÓm
		'Thêi gian cho¸ng: -'20' ®iÓm'
		Phôc håi sinh lùc mçi nöa gi©y: +1 ®iÓm
		'ThÓ lùc tèi ®a: +'1' ®iÓm'
		Sinh lùc tèi ®a: +137 ®iÓm
		'Kh¸ng háa: +'4'%'

-- [10-08-18 15:43:32]	[DropOn: Boss_Tieu_Hoang_Kim]	[PinkPjnk-200-hieply88]		Param: (AddItemEx(1,2087875274,0,0,2,4,10,3,103,6,3,3,3,8,3,0))
			[ DetailType = 2 ] [[  §­êng Nghª gi¸p  ]]
		Phôc håi sinh lùc mçi nöa gi©y: +3 ®iÓm
		'Th©n ph¸p: +'4'®iÓm'
		ThÓ lùc tèi ®a: +38 ®iÓm
		'Thêi gian lµm chËm: -'20'%'
		Sinh lùc tèi ®a: +17 ®iÓm
		'Phßng thñ vËt lý: +'3'%'

-- [10-08-18 15:43:32]	[DropOn: Boss_Tieu_Hoang_Kim]	[PinkPjnk-200-hieply88]		Param: (AddItemEx(1,-193435405,0,0,5,2,8,2,133,4,2,5,2,5,6,0))
			[ DetailType = 5 ] [[  Ph¹m Hång Ngoa  ]]
		ThÓ lùc tèi ®a: +59 ®iÓm
		'ThÓ lùc tèi ®a: +'1' ®iÓm'
		Néi lùc tèi ®a: +62 ®iÓm
		'Kh¸ng háa: +'4'%'
		Sinh lùc tèi ®a: +94 ®iÓm
		'ChuyÓn ho¸t s¸t th­¬ng thµnh néi lùc: +'9'%'

-- [10-08-18 15:43:32]	[DropOn: Boss_Tieu_Hoang_Kim]	[PinkPjnk-200-hieply88]		Param: (AddItemEx(1,-272082032,0,0,8,1,10,3,49,8,1,6,8,3,5,0))
			[ DetailType = 8 ] [[  Thiªn Tµm Hé UyÓn  ]]
		Sinh lùc tèi ®a: +25 ®iÓm
		'Th©n ph¸p: +'2'®iÓm'
		ThÓ lùc tèi ®a: +114 ®iÓm
		'Phßng thñ vËt lý: +'1'%'
		Phôc håi sinh lùc mçi nöa gi©y: +1 ®iÓm
		'ChuyÓn ho¸t s¸t th­¬ng thµnh néi lùc: +'3'%'

-- [10-08-18 15:43:32]	[DropOn: Boss_Tieu_Hoang_Kim]	[PinkPjnk-200-hieply88]		Param: (AddItemEx(1,-1777849167,0,0,6,0,9,2,103,7,8,3,5,6,2,0))
			[ DetailType = 6 ] [[  Long L©n Yªu §¸i  ]]
		Phôc håi sinh lùc mçi nöa gi©y: +4 ®iÓm
		'ThÓ lùc tèi ®a: +'11' ®iÓm'
		Sinh lùc tèi ®a: +18 ®iÓm
		'Kh¸ng háa: +'7'%'
		ThÓ lùc tèi ®a: +95 ®iÓm

-- [10-08-18 15:43:32]	[DropOn: Boss_Tieu_Hoang_Kim]	[PinkPjnk-200-hieply88]		Param: (AddItemEx(1,2006242426,0,0,8,0,8,2,124,3,8,4,7,5,3,0))
			[ DetailType = 8 ] [[   ¤n L­¬ng Ngäc TR¹c  ]]
		Néi lùc tèi ®a: +45 ®iÓm
		'ThÓ lùc tèi ®a: +'14' ®iÓm'
		ThÓ lùc tèi ®a: +64 ®iÓm
		'Kh¸ng háa: +'5'%'
		Sinh lùc tèi ®a: +65 ®iÓm
		'ChuyÓn ho¸t s¸t th­¬ng thµnh néi lùc: +'2'%'

-- [10-08-18 22:36:26]	[DropOn: Boss_Tieu_Hoang_Kim]	[BµÙThæ-200-giahuy507]		Param: (AddItemEx(1,-1545076021,0,0,6,1,9,2,20,5,4,7,6,2,5,0))
			[ DetailType = 6 ] [[  ¤ Ng©n Yªu §¸i  ]]
		ThÓ lùc tèi ®a: +89 ®iÓm
		'ThÓ lùc tèi ®a: +'5' ®iÓm'
		Néi lùc tèi ®a: +25 ®iÓm
		'ChuyÓn ho¸t s¸t th­¬ng thµnh néi lùc: +'6'%'
		Phôc håi sinh lùc mçi nöa gi©y: +1 ®iÓm
		'Kh¸ng háa: +'5'%'

-- [10-08-18 22:36:26]	[DropOn: Boss_Tieu_Hoang_Kim]	[BµÙThæ-200-giahuy507]		Param: (AddItemEx(1,1234016328,0,0,8,0,9,4,47,7,6,6,7,4,4,0))
			[ DetailType = 8 ] [[  B¨ng Ph¸ch Hµn Ngäc Tr¹c  ]]
		Phôc håi sinh lùc mçi nöa gi©y: +1 ®iÓm
		'Thêi gian tróng ®éc: -'30'%'
		Néi lùc tèi ®a: +74 ®iÓm
		'Kh¸ng b¨ng: +'10'%'
		Sinh lùc tèi ®a: +40 ®iÓm
		'ChuyÓn ho¸t s¸t th­¬ng thµnh néi lùc: +'6'%'

-- [10-08-18 22:36:26]	[DropOn: Boss_Tieu_Hoang_Kim]	[BµÙThæ-200-giahuy507]		Param: (AddItemEx(1,1177394633,0,0,5,0,9,2,2,3,4,6,1,8,4,0))
			[ DetailType = 5 ] [[  Phong VÜ Tèng Ngoa  ]]
		Phôc håi sinh lùc mçi nöa gi©y: +1 ®iÓm
		'ThÓ lùc tèi ®a: +'1' ®iÓm'
		ThÓ lùc tèi ®a: +40 ®iÓm

-- [10-08-18 22:36:26]	[DropOn: Boss_Tieu_Hoang_Kim]	[BµÙThæ-200-giahuy507]		Param: (AddItemEx(1,1703922172,0,0,7,6,10,0,99,6,3,2,2,8,4,0))
			[ DetailType = 7 ] [[  ¤ Tµm M·o  ]]
		Sinh lùc tèi ®a: +62 ®iÓm
		'ChuyÓn ho¸t s¸t th­¬ng thµnh néi lùc: +'3'%'
		Néi lùc tèi ®a: +22 ®iÓm
		'Kh¸ng ®éc: +'3'%'
		Phôc håi sinh lùc mçi nöa gi©y: +2 ®iÓm

-- [10-08-18 22:36:26]	[DropOn: Boss_Tieu_Hoang_Kim]	[BµÙThæ-200-giahuy507]		Param: (AddItemEx(1,-2099862063,0,0,6,1,8,1,128,7,7,7,2,3,5,0))
			[ DetailType = 6 ] [[  Kim Yªu §¸i  ]]
		Néi lùc tèi ®a: +117 ®iÓm
		'ChuyÓn ho¸t s¸t th­¬ng thµnh néi lùc: +'3'%'
		ThÓ lùc tèi ®a: +23 ®iÓm
		'Kh¸ng l«i: +'5'%'
		Sinh lùc tèi ®a: +22 ®iÓm

-- [10-08-18 22:36:26]	[DropOn: Boss_Tieu_Hoang_Kim]	[BµÙThæ-200-giahuy507]		Param: (AddItemEx(1,-12392934,0,0,2,7,9,3,127,2,1,7,3,6,4,0))
			[ DetailType = 2 ] [[  Kim L« cµ sa  ]]
		Sinh lùc tèi ®a: +5 ®iÓm
		'Th©n ph¸p: +'2'®iÓm'
		ThÓ lùc tèi ®a: +86 ®iÓm
		'Thêi gian lµm chËm: -'20'%'
		Phôc håi sinh lùc mçi nöa gi©y: +3 ®iÓm
		'Phßng thñ vËt lý: +'6'%'

