
[[ Cao thñ ThÕ giíi ]] = {
	[ H¹ng 1 ]  --  NæiÙBu«nÙKoÙTªn
	[ H¹ng 2 ]  --  74ÙBiÙSHXT
	[ H¹ng 3 ]  --  ÙÙÙÙBlueÙÙÙ
	[ H¹ng 4 ]  --  ÙÙÙRedÙÙÙ
	[ H¹ng 5 ]  --  o0oVmTo0o
	[ H¹ng 6 ]  --  ÙÙÙLuLuÙÙÙ
	[ H¹ng 7 ]  --  ÙÙÙÙÙÙÙÙÙ
	[ H¹ng 8 ]  --  Ph­íc5§ª
	[ H¹ng 9 ]  --  TiÕuNg¹oÙGiangHå
	[ H¹ng 10 ]  --  74ÙLinhÙSHXT
}

[[ Cao thñ ThiÕu l©m ]] = {
	[ H¹ng 1 ]  --  o0oVmTo0o
	[ H¹ng 2 ]  --  V«DanhÙThÇnÙT¨ng
	[ H¹ng 3 ]  --  01ÙThiÕuÙL©m
	[ H¹ng 4 ]  --  74ÙAnhÙSHXT
	[ H¹ng 5 ]  --  GinÙKim
	[ H¹ng 6 ]  --  ZzJindozZ
	[ H¹ng 7 ]  --  GiÕtÙS­Ù§ètÙChïa
	[ H¹ng 8 ]  --  Mét§aoTĞNgôa
	[ H¹ng 9 ]  --  ÙTıÙSG
	[ H¹ng 10 ]  --  TiÓuÙB¶o
}

[[ Cao thñ Thiªn v­¬ng ]] = {
	[ H¹ng 1 ]  --  KimLongCaCa
	[ H¹ng 2 ]  --  abcdeefps
	[ H¹ng 3 ]  --  tétban
	[ H¹ng 4 ]  --  
	[ H¹ng 5 ]  --  
	[ H¹ng 6 ]  --  
	[ H¹ng 7 ]  --  
	[ H¹ng 8 ]  --  
	[ H¹ng 9 ]  --  
	[ H¹ng 10 ]  --  
}

[[ Cao thñ §­êng m«n ]] = {
	[ H¹ng 1 ]  --  74ÙBiÙSHXT
	[ H¹ng 2 ]  --  Ph­íc5§ª
	[ H¹ng 3 ]  --  C¸iÙLångÙHeoÙN¸i
	[ H¹ng 4 ]  --  Jacqualine
	[ H¹ng 5 ]  --  NghÖSüCÇmC­a
	[ H¹ng 6 ]  --  SangTp
	[ H¹ng 7 ]  --  04Ù§­êngÙM«n
	[ H¹ng 8 ]  --  GinÙGin
	[ H¹ng 9 ]  --  NøngÙCÆc
	[ H¹ng 10 ]  --  ThİchÙTh×ÙCh¬i
}

[[ Cao thñ Ngò ®éc ]] = {
	[ H¹ng 1 ]  --  o0oVmToOo
	[ H¹ng 2 ]  --  EmThichPk
	[ H¹ng 3 ]  --  LµmÙKh¸ngÙT¨ng
	[ H¹ng 4 ]  --  Heartless
	[ H¹ng 5 ]  --  GinÙMéc
	[ H¹ng 6 ]  --  SangTp1
	[ H¹ng 7 ]  --  IstÙMyÙlife
	[ H¹ng 8 ]  --  ZzTungpszZ
	[ H¹ng 9 ]  --  DocDep
	[ H¹ng 10 ]  --  ChiHaiND
}

[[ Cao thñ Nga my ]] = {
	[ H¹ng 1 ]  --  ÙÙÙLuLuÙÙÙ
	[ H¹ng 2 ]  --  74ÙLinhÙSHXT
	[ H¹ng 3 ]  --  oOoVmToOo
	[ H¹ng 4 ]  --  NhËmÙDoanhÙDoanh
	[ H¹ng 5 ]  --  HoaThanLeRoi
	[ H¹ng 6 ]  --  SangTp3
	[ H¹ng 7 ]  --  C«ÙSinhÙTån
	[ H¹ng 8 ]  --  ÙSöuÙSG
	[ H¹ng 9 ]  --  GinÙThuû
	[ H¹ng 10 ]  --  NøngÙLån33
}

[[ Cao thñ Thóy yªn ]] = {
	[ H¹ng 1 ]  --  ÙÙÙÙÙÙÙÙÙ
	[ H¹ng 2 ]  --  C«ÙbĞÙJAV
	[ H¹ng 3 ]  --  MÊtTrinhRåi
	[ H¹ng 4 ]  --  
	[ H¹ng 5 ]  --  
	[ H¹ng 6 ]  --  
	[ H¹ng 7 ]  --  
	[ H¹ng 8 ]  --  
	[ H¹ng 9 ]  --  
	[ H¹ng 10 ]  --  
}

[[ Cao thñ C¸i bang ]] = {
	[ H¹ng 1 ]  --  T©nTrang
	[ H¹ng 2 ]  --  hoalongcaca
	[ H¹ng 3 ]  --  Qu¸chCa
	[ H¹ng 4 ]  --  CauHai
	[ H¹ng 5 ]  --  PhongCa
	[ H¹ng 6 ]  --  oB¸nhBétLäc
	[ H¹ng 7 ]  --  ¡nÙMµyÙV­¬ngÙGia
	[ H¹ng 8 ]  --  Tinhlahotel
	[ H¹ng 9 ]  --  MİaBayVµoMåm
	[ H¹ng 10 ]  --  SonLinh
}

[[ Cao thñ Thiªn nhÉn ]] = {
	[ H¹ng 1 ]  --  ÙÙÙÙBlueÙÙÙ
	[ H¹ng 2 ]  --  ÙÙÙRedÙÙÙ
	[ H¹ng 3 ]  --  74ÙBĞÙSHXT
	[ H¹ng 4 ]  --  ChiÒuÙChñÙNhËt
	[ H¹ng 5 ]  --  oOoVmTo0o
	[ H¹ng 6 ]  --  V«ÙNhaiÙTö
	[ H¹ng 7 ]  --  Ù2ÙSaoÙ1ÙG¹ch
	[ H¹ng 8 ]  --  CånÙDaÙL¹p
	[ H¹ng 9 ]  --  TrumBoss
	[ H¹ng 10 ]  --  02ÙThiªnÙNhÉn
}

[[ Cao thñ Vâ ®ang ]] = {
	[ H¹ng 1 ]  --  NæiÙBu«nÙKoÙTªn
	[ H¹ng 2 ]  --  TiÕuNg¹oÙGiangHå
	[ H¹ng 3 ]  --  ÙDÇnÙSG
	[ H¹ng 4 ]  --  NøngÙLån22
	[ H¹ng 5 ]  --  HienLong
	[ H¹ng 6 ]  --  Do·nCa
	[ H¹ng 7 ]  --  ThiªnÙL«i
	[ H¹ng 8 ]  --  TamPhong
	[ H¹ng 9 ]  --  GSÙCïÙTrängÙXoay
	[ H¹ng 10 ]  --  Do·nChİPhÌo
}

[[ Cao thñ C«n l«n ]] = {
	[ H¹ng 1 ]  --  ChuyenBuff
	[ H¹ng 2 ]  --  HètÙCøtÙLiÖng
	[ H¹ng 3 ]  --  Krystal
	[ H¹ng 4 ]  --  SangTp2
	[ H¹ng 5 ]  --  LãcXo¸iTöThÇn
	[ H¹ng 6 ]  --  TinhNhatPhai
	[ H¹ng 7 ]  --  L«iÙ§Õ
	[ H¹ng 8 ]  --  TiÓuÙTinhÙNhi
	[ H¹ng 9 ]  --  KimXaLuan
	[ H¹ng 10 ]  --  SiªuBUFF
}
