
[[ Cao thñ ThÕ giíi ]] = {
	[ H¹ng 1 ]  --  02ÙThiªnÙNhÉn
	[ H¹ng 2 ]  --  74ÙBiÙSHXT
	[ H¹ng 3 ]  --  ÙDÇnÙSG
	[ H¹ng 4 ]  --  V«ÙNhaiÙTö
	[ H¹ng 5 ]  --  ÙÙÙÙBlueÙÙÙ
	[ H¹ng 6 ]  --  ÙÙÙRedÙÙÙ
	[ H¹ng 7 ]  --  NæiÙBu«nÙKoÙTªn
	[ H¹ng 8 ]  --  TiÒnÙV«ÙNghÜa
	[ H¹ng 9 ]  --  V«DanhÙThÇnÙT¨ng
	[ H¹ng 10 ]  --  ÙÙÙÙBlackÙÙÙÙ
}

[[ Cao thñ ThiÕu l©m ]] = {
	[ H¹ng 1 ]  --  V«DanhÙThÇnÙT¨ng
	[ H¹ng 2 ]  --  ÙÙÙÙBlackÙÙÙÙ
	[ H¹ng 3 ]  --  ÙTıÙSG
	[ H¹ng 4 ]  --  o0oVmTo0o
	[ H¹ng 5 ]  --  01ÙThiÕuÙL©m
	[ H¹ng 6 ]  --  Ph­íc4§ª
	[ H¹ng 7 ]  --  GiµngÙAÙTèng
	[ H¹ng 8 ]  --  ChİÙT«n
	[ H¹ng 9 ]  --  KimLongKaKa
	[ H¹ng 10 ]  --  GinÙKim
}

[[ Cao thñ Thiªn v­¬ng ]] = {
	[ H¹ng 1 ]  --  KimLongCaCa
	[ H¹ng 2 ]  --  V­¬ngÙT¸
	[ H¹ng 3 ]  --  abcdeefps
	[ H¹ng 4 ]  --  tétban
	[ H¹ng 5 ]  --  
	[ H¹ng 6 ]  --  
	[ H¹ng 7 ]  --  
	[ H¹ng 8 ]  --  
	[ H¹ng 9 ]  --  
	[ H¹ng 10 ]  --  
}

[[ Cao thñ §­êng m«n ]] = {
	[ H¹ng 1 ]  --  74ÙBiÙSHXT
	[ H¹ng 2 ]  --  ÙHîiÙSG
	[ H¹ng 3 ]  --  04Ù§­êngÙM«n
	[ H¹ng 4 ]  --  Ph­íc5§ª
	[ H¹ng 5 ]  --  C¸iÙLångÙHeoÙN¸i
	[ H¹ng 6 ]  --  SangTp
	[ H¹ng 7 ]  --  §o¹tÙHånÙ§ao
	[ H¹ng 8 ]  --  §ŞaÙT«n
	[ H¹ng 9 ]  --  NøngÙCÆc
	[ H¹ng 10 ]  --  DocCoNhatLang
}

[[ Cao thñ Ngò ®éc ]] = {
	[ H¹ng 1 ]  --  o0oVmToOo
	[ H¹ng 2 ]  --  SangTp1
	[ H¹ng 3 ]  --  EmThichPk
	[ H¹ng 4 ]  --  LµmÙKh¸ngÙT¨ng
	[ H¹ng 5 ]  --  ¢uÙD­¬ngÙPhong
	[ H¹ng 6 ]  --  DOcCoMoc
	[ H¹ng 7 ]  --  ChiHaiND
	[ H¹ng 8 ]  --  GinÙMéc
	[ H¹ng 9 ]  --  ZzTungpszZ
	[ H¹ng 10 ]  --  MÊtRinRåi
}

[[ Cao thñ Nga my ]] = {
	[ H¹ng 1 ]  --  03ÙNgaÙMi
	[ H¹ng 2 ]  --  74ÙLinhÙSHXT
	[ H¹ng 3 ]  --  ÙSöuÙSG
	[ H¹ng 4 ]  --  NhËmÙDoanhÙDoanh
	[ H¹ng 5 ]  --  oOoVmToOo
	[ H¹ng 6 ]  --  ÙÙÙLuLuÙÙÙ
	[ H¹ng 7 ]  --  SangTp3
	[ H¹ng 8 ]  --  Ph­íc6§ª
	[ H¹ng 9 ]  --  §iÖpÙLiªnÙTó
	[ H¹ng 10 ]  --  NøngÙLån33
}

[[ Cao thñ Thóy yªn ]] = {
	[ H¹ng 1 ]  --  ÙÙÙÙÙÙÙÙÙ
	[ H¹ng 2 ]  --  MÊtTrinhRåi
	[ H¹ng 3 ]  --  ThuyYen
	[ H¹ng 4 ]  --  ThöÙ§ôngÙTaoÙXem
	[ H¹ng 5 ]  --  C«ÙbĞÙJAV
	[ H¹ng 6 ]  --  emMyMY
	[ H¹ng 7 ]  --  B¨ngÙT©mÙTiªnÙTö
	[ H¹ng 8 ]  --  CanhSat116
	[ H¹ng 9 ]  --  
	[ H¹ng 10 ]  --  
}

[[ Cao thñ C¸i bang ]] = {
	[ H¹ng 1 ]  --  CauHai
	[ H¹ng 2 ]  --  Tinhlahotel
	[ H¹ng 3 ]  --  Qu¸chCa
	[ H¹ng 4 ]  --  T©nTrang
	[ H¹ng 5 ]  --  NungCacSuHuynh3
	[ H¹ng 6 ]  --  ThÈmÙV¹nÙTam
	[ H¹ng 7 ]  --  hoalongcaca
	[ H¹ng 8 ]  --  ¡nÙMµyÙV­¬ngÙGia
	[ H¹ng 9 ]  --  oB¸nhBétLäc
	[ H¹ng 10 ]  --  PhongCa
}

[[ Cao thñ Thiªn nhÉn ]] = {
	[ H¹ng 1 ]  --  02ÙThiªnÙNhÉn
	[ H¹ng 2 ]  --  V«ÙNhaiÙTö
	[ H¹ng 3 ]  --  ÙÙÙÙBlueÙÙÙ
	[ H¹ng 4 ]  --  ÙÙÙRedÙÙÙ
	[ H¹ng 5 ]  --  TiÒnÙV«ÙNghÜa
	[ H¹ng 6 ]  --  74ÙBĞÙSHXT
	[ H¹ng 7 ]  --  oOoVmTo0o
	[ H¹ng 8 ]  --  Ù2ÙSaoÙ1ÙG¹ch
	[ H¹ng 9 ]  --  ChiÒuÙChñÙNhËt
	[ H¹ng 10 ]  --  CånÙDaÙL¹p
}

[[ Cao thñ Vâ ®ang ]] = {
	[ H¹ng 1 ]  --  ÙDÇnÙSG
	[ H¹ng 2 ]  --  NæiÙBu«nÙKoÙTªn
	[ H¹ng 3 ]  --  TiÕuNg¹oÙGiangHå
	[ H¹ng 4 ]  --  ÙAÙTònÙ
	[ H¹ng 5 ]  --  HienLong
	[ H¹ng 6 ]  --  NøngÙLån22
	[ H¹ng 7 ]  --  Do·nCa
	[ H¹ng 8 ]  --  hnÙyazing
	[ H¹ng 9 ]  --  FCKhanhHoaFC
	[ H¹ng 10 ]  --  Nh©yÙV·iÙL
}

[[ Cao thñ C«n l«n ]] = {
	[ H¹ng 1 ]  --  ChuyenBuff
	[ H¹ng 2 ]  --  SangTp2
	[ H¹ng 3 ]  --  HètÙCøtÙLiÖng
	[ H¹ng 4 ]  --  Ph­íc3§ª
	[ H¹ng 5 ]  --  HoaÙDiÙCungÙChñ
	[ H¹ng 6 ]  --  TinhNhatPhai
	[ H¹ng 7 ]  --  NgaoLaGiet
	[ H¹ng 8 ]  --  LãcXo¸iTöThÇn
	[ H¹ng 9 ]  --  RiBi04
	[ H¹ng 10 ]  --  asdasc
}
