[Release] [ m_TieuBangChien ]------------------------- [15-05-18 19:50:29] -------------------------
	:: File: \script\_missions\tieu_bang_chien\inc.lua

------------------------- [15-05-18 21:00:29] -------------------------

	:: File: \script\_missions\tieu_bang_chien\inc.lua
[ 'm_TieuBangChien' ] = {
	[ 'Tong_ID' ] = {
	}
	[ 'Mask' ] = {
	}
	[ 'Player' ] = {
		[ 'k' ] = {
		}
		[ 'v' ] = {
		}
	}
	[ 'Rank' ] = {
		[ 'p' ] = {
		}
		[ 's' ] = {
		}
		[ 'd' ] = {
		}
		[ 'l' ] = {
		}
	}
	[ 'Tong' ] = {
	}
}

[Release] [ m_TieuBangChien ]------------------------- [16-05-18 19:50:29] -------------------------
	:: File: \script\_missions\tieu_bang_chien\inc.lua

[ 'Tong_ID' ] = {
}

[ 'Mask' ] = {
}

[ 'Player' ] = {
	[ 'k' ] = {
	}
	[ 'v' ] = {
	}
}

[ 'Rank' ] = {
	[ 'p' ] = {
	}
	[ 's' ] = {
	}
	[ 'd' ] = {
	}
	[ 'l' ] = {
	}
}

[ 'Tong' ] = {
}

------------------------- [16-05-18 21:00:29] -------------------------

	:: File: \script\_missions\tieu_bang_chien\inc.lua
[ 'm_TieuBangChien' ] = {
	[ 'Tong_ID' ] = {
	}
	[ 'Mask' ] = {
	}
	[ 'Player' ] = {
		[ 'k' ] = {
		}
		[ 'v' ] = {
		}
	}
	[ 'Rank' ] = {
		[ 'p' ] = {
		}
		[ 's' ] = {
		}
		[ 'd' ] = {
		}
		[ 'l' ] = {
		}
	}
	[ 'Tong' ] = {
	}
}

[Release] [ m_TieuBangChien ]------------------------- [21-05-18 19:50:00] -------------------------
	:: File: \script\_missions\tieu_bang_chien\inc.lua

[Release] [ m_TieuBangChien ]------------------------- [22-05-18 19:50:20] -------------------------
	:: File: \script\_missions\tieu_bang_chien\inc.lua

------------------------- [22-05-18 21:00:19] -------------------------

	:: File: \script\_missions\tieu_bang_chien\inc.lua
[ 'm_TieuBangChien' ] = {
	[ 'Tong_ID' ] = {
		[ 1 ] = 'HïngB¸',
	}
	[ 'Mask' ] = {
	}
	[ 'Player' ] = {
		[ 'k' ] = {
			[ 'NguoiMoi' ] = 1,
		}
		[ 'v' ] = {
			[ 1 ] = {
				[ 'p' ] = 0,
				[ 'n' ] = 'NguoiMoi',
				[ 't' ] = 'HïngB¸',
				[ 'l' ] = 0,
				[ 'd' ] = 0,
				[ 'd_t' ] = 0,
				[ 'l_c' ] = 0,
			}
		}
	}
	[ 'Rank' ] = {
		[ 'p' ] = {
			[ 1 ] = {
				[ 'p' ] = 0,
				[ 'n' ] = 'NguoiMoi',
				[ 't' ] = 'HïngB¸',
				[ 'l' ] = 0,
				[ 'd' ] = 0,
				[ 'd_t' ] = 0,
				[ 'l_c' ] = 0,
			}
		}
		[ 's' ] = {
			[ 'sort_TimerLoop' ] = 60,
			[ 'sort_Now' ] = '22-05-18_210019',
		}
		[ 'd' ] = {
			[ 1 ] = {
				[ 'p' ] = 0,
				[ 'n' ] = 'NguoiMoi',
				[ 't' ] = 'HïngB¸',
				[ 'l' ] = 0,
				[ 'd' ] = 0,
				[ 'd_t' ] = 0,
				[ 'l_c' ] = 0,
			}
		}
		[ 'l' ] = {
			[ 1 ] = {
				[ 'p' ] = 0,
				[ 'n' ] = 'NguoiMoi',
				[ 't' ] = 'HïngB¸',
				[ 'l' ] = 0,
				[ 'd' ] = 0,
				[ 'd_t' ] = 0,
				[ 'l_c' ] = 0,
			}
		}
	}
	[ 'Tong' ] = {
		[ 'HïngB¸' ] = {
			[ 'nCamp' ] = 3,
			[ 'Receiver' ] = {
				[ 'Index' ] = 0,
				[ 'GiveAward' ] = 0,
				[ 'Name' ] = '',
			}
			[ 'aPlayer' ] = {
			}
			[ 'nMemCount' ] = 0,
			[ 'nID' ] = 4276818485,
			[ 'Pos_TX' ] = {
				[ 1 ] = 56802,
				[ 2 ] = 97606,
			}
			[ 'sName' ] = 'HïngB¸',
			[ 'nIdCamp' ] = 1,
			[ 'nRevive' ] = 1,
			[ 'nDoing' ] = 0,
			[ 'nComplete' ] = 1,
		}
	}
}

[Release] [ m_TieuBangChien ]------------------------- [23-05-18 19:50:08] -------------------------
	:: File: \script\_missions\tieu_bang_chien\inc.lua

------------------------- [23-05-18 21:00:08] -------------------------

	:: File: \script\_missions\tieu_bang_chien\inc.lua
[ 'm_TieuBangChien' ] = {
	[ 'Tong_ID' ] = {
	}
	[ 'Mask' ] = {
	}
	[ 'Player' ] = {
		[ 'k' ] = {
		}
		[ 'v' ] = {
		}
	}
	[ 'Rank' ] = {
		[ 'p' ] = {
		}
		[ 's' ] = {
		}
		[ 'd' ] = {
		}
		[ 'l' ] = {
		}
	}
	[ 'Tong' ] = {
	}
}

[Release] [ m_TieuBangChien ]------------------------- [24-05-18 19:50:08] -------------------------
	:: File: \script\_missions\tieu_bang_chien\inc.lua

[ 'Tong_ID' ] = {
}

[ 'Mask' ] = {
}

[ 'Player' ] = {
	[ 'k' ] = {
	}
	[ 'v' ] = {
	}
}

[ 'Rank' ] = {
	[ 'p' ] = {
	}
	[ 's' ] = {
	}
	[ 'd' ] = {
	}
	[ 'l' ] = {
	}
}

[ 'Tong' ] = {
}

------------------------- [24-05-18 21:00:08] -------------------------

	:: File: \script\_missions\tieu_bang_chien\inc.lua
[ 'm_TieuBangChien' ] = {
	[ 'Tong_ID' ] = {
	}
	[ 'Mask' ] = {
	}
	[ 'Player' ] = {
		[ 'k' ] = {
		}
		[ 'v' ] = {
		}
	}
	[ 'Rank' ] = {
		[ 'p' ] = {
		}
		[ 's' ] = {
		}
		[ 'd' ] = {
		}
		[ 'l' ] = {
		}
	}
	[ 'Tong' ] = {
	}
}

[Release] [ m_TieuBangChien ]------------------------- [31-05-18 19:50:42] -------------------------
	:: File: \script\_missions\tieu_bang_chien\inc.lua

------------------------- [31-05-18 21:00:41] -------------------------

	:: File: \script\_missions\tieu_bang_chien\inc.lua
[ 'm_TieuBangChien' ] = {
	[ 'Tong_ID' ] = {
	}
	[ 'Mask' ] = {
	}
	[ 'Player' ] = {
		[ 'k' ] = {
		}
		[ 'v' ] = {
		}
	}
	[ 'Rank' ] = {
		[ 'p' ] = {
		}
		[ 's' ] = {
		}
		[ 'd' ] = {
		}
		[ 'l' ] = {
		}
	}
	[ 'Tong' ] = {
	}
}

[Release] [ m_TieuBangChien ]------------------------- [01-06-18 19:50:42] -------------------------
	:: File: \script\_missions\tieu_bang_chien\inc.lua

[ 'Tong_ID' ] = {
}

[ 'Mask' ] = {
}

[ 'Player' ] = {
	[ 'k' ] = {
	}
	[ 'v' ] = {
	}
}

[ 'Rank' ] = {
	[ 'p' ] = {
	}
	[ 's' ] = {
	}
	[ 'd' ] = {
	}
	[ 'l' ] = {
	}
}

[ 'Tong' ] = {
}

------------------------- [01-06-18 21:00:42] -------------------------

	:: File: \script\_missions\tieu_bang_chien\inc.lua
[ 'm_TieuBangChien' ] = {
	[ 'Tong_ID' ] = {
	}
	[ 'Mask' ] = {
	}
	[ 'Player' ] = {
		[ 'k' ] = {
		}
		[ 'v' ] = {
		}
	}
	[ 'Rank' ] = {
		[ 'p' ] = {
		}
		[ 's' ] = {
		}
		[ 'd' ] = {
		}
		[ 'l' ] = {
		}
	}
	[ 'Tong' ] = {
	}
}

[Release] [ m_TieuBangChien ]------------------------- [02-06-18 19:50:42] -------------------------
	:: File: \script\_missions\tieu_bang_chien\inc.lua

[ 'Tong_ID' ] = {
}

[ 'Mask' ] = {
}

[ 'Player' ] = {
	[ 'k' ] = {
	}
	[ 'v' ] = {
	}
}

[ 'Rank' ] = {
	[ 'p' ] = {
	}
	[ 's' ] = {
	}
	[ 'd' ] = {
	}
	[ 'l' ] = {
	}
}

[ 'Tong' ] = {
}

------------------------- [02-06-18 21:00:42] -------------------------

	:: File: \script\_missions\tieu_bang_chien\inc.lua
[ 'm_TieuBangChien' ] = {
	[ 'Tong_ID' ] = {
	}
	[ 'Mask' ] = {
	}
	[ 'Player' ] = {
		[ 'k' ] = {
		}
		[ 'v' ] = {
		}
	}
	[ 'Rank' ] = {
		[ 'p' ] = {
		}
		[ 's' ] = {
		}
		[ 'd' ] = {
		}
		[ 'l' ] = {
		}
	}
	[ 'Tong' ] = {
	}
}

[Release] [ m_TieuBangChien ]------------------------- [03-06-18 19:50:42] -------------------------
	:: File: \script\_missions\tieu_bang_chien\inc.lua

[ 'Tong_ID' ] = {
}

[ 'Mask' ] = {
}

[ 'Player' ] = {
	[ 'k' ] = {
	}
	[ 'v' ] = {
	}
}

[ 'Rank' ] = {
	[ 'p' ] = {
	}
	[ 's' ] = {
	}
	[ 'd' ] = {
	}
	[ 'l' ] = {
	}
}

[ 'Tong' ] = {
}

------------------------- [03-06-18 21:00:42] -------------------------

	:: File: \script\_missions\tieu_bang_chien\inc.lua
[ 'm_TieuBangChien' ] = {
	[ 'Tong_ID' ] = {
	}
	[ 'Mask' ] = {
	}
	[ 'Player' ] = {
		[ 'k' ] = {
		}
		[ 'v' ] = {
		}
	}
	[ 'Rank' ] = {
		[ 'p' ] = {
		}
		[ 's' ] = {
		}
		[ 'd' ] = {
		}
		[ 'l' ] = {
		}
	}
	[ 'Tong' ] = {
	}
}

[Release] [ m_TieuBangChien ]------------------------- [04-06-18 19:50:43] -------------------------
	:: File: \script\_missions\tieu_bang_chien\inc.lua

------------------------- [04-06-18 21:00:42] -------------------------

	:: File: \script\_missions\tieu_bang_chien\inc.lua
[ 'm_TieuBangChien' ] = {
	[ 'Tong_ID' ] = {
	}
	[ 'Mask' ] = {
	}
	[ 'Player' ] = {
		[ 'k' ] = {
		}
		[ 'v' ] = {
		}
	}
	[ 'Rank' ] = {
		[ 'p' ] = {
		}
		[ 's' ] = {
		}
		[ 'd' ] = {
		}
		[ 'l' ] = {
		}
	}
	[ 'Tong' ] = {
	}
}

[Release] [ m_TieuBangChien ]------------------------- [04-08-18 19:50:51] -------------------------
	:: File: \script\_missions\tieu_bang_chien\inc.lua

------------------------- [04-08-18 21:00:51] -------------------------

	:: File: \script\_missions\tieu_bang_chien\inc.lua
[ 'm_TieuBangChien' ] = {
	[ 'Tong_ID' ] = {
	}
	[ 'Mask' ] = {
	}
	[ 'Player' ] = {
		[ 'k' ] = {
		}
		[ 'v' ] = {
		}
	}
	[ 'Rank' ] = {
		[ 'p' ] = {
		}
		[ 's' ] = {
		}
		[ 'd' ] = {
		}
		[ 'l' ] = {
		}
	}
	[ 'Tong' ] = {
	}
}

[Release] [ m_TieuBangChien ]------------------------- [05-08-18 19:50:24] -------------------------
	:: File: \script\_missions\tieu_bang_chien\inc.lua

------------------------- [05-08-18 21:00:23] -------------------------

	:: File: \script\_missions\tieu_bang_chien\inc.lua
[ 'm_TieuBangChien' ] = {
	[ 'Tong_ID' ] = {
	}
	[ 'Mask' ] = {
	}
	[ 'Player' ] = {
		[ 'k' ] = {
		}
		[ 'v' ] = {
		}
	}
	[ 'Rank' ] = {
		[ 'p' ] = {
		}
		[ 's' ] = {
		}
		[ 'd' ] = {
		}
		[ 'l' ] = {
		}
	}
	[ 'Tong' ] = {
	}
}

[Release] [ m_TieuBangChien ]------------------------- [06-08-18 19:50:24] -------------------------
	:: File: \script\_missions\tieu_bang_chien\inc.lua

[ 'Tong_ID' ] = {
}

[ 'Mask' ] = {
}

[ 'Player' ] = {
	[ 'k' ] = {
	}
	[ 'v' ] = {
	}
}

[ 'Rank' ] = {
	[ 'p' ] = {
	}
	[ 's' ] = {
	}
	[ 'd' ] = {
	}
	[ 'l' ] = {
	}
}

[ 'Tong' ] = {
}

------------------------- [06-08-18 21:00:23] -------------------------

	:: File: \script\_missions\tieu_bang_chien\inc.lua
[ 'm_TieuBangChien' ] = {
	[ 'Tong_ID' ] = {
		[ 1 ] = 'VIP',
	}
	[ 'Mask' ] = {
	}
	[ 'Player' ] = {
		[ 'k' ] = {
			[ 'TOPTONGKIM' ] = 1,
		}
		[ 'v' ] = {
			[ 1 ] = {
				[ 'p' ] = 0,
				[ 'n' ] = 'TOPTONGKIM',
				[ 't' ] = 'VIP',
				[ 'l' ] = 0,
				[ 'd' ] = 0,
				[ 'd_t' ] = 0,
				[ 'l_c' ] = 0,
			}
		}
	}
	[ 'Rank' ] = {
		[ 'p' ] = {
			[ 1 ] = {
				[ 'p' ] = 0,
				[ 'n' ] = 'TOPTONGKIM',
				[ 't' ] = 'VIP',
				[ 'l' ] = 0,
				[ 'd' ] = 0,
				[ 'd_t' ] = 0,
				[ 'l_c' ] = 0,
			}
		}
		[ 's' ] = {
			[ 'sort_TimerLoop' ] = 60,
			[ 'sort_Now' ] = '06-08-18_210023',
		}
		[ 'd' ] = {
			[ 1 ] = {
				[ 'p' ] = 0,
				[ 'n' ] = 'TOPTONGKIM',
				[ 't' ] = 'VIP',
				[ 'l' ] = 0,
				[ 'd' ] = 0,
				[ 'd_t' ] = 0,
				[ 'l_c' ] = 0,
			}
		}
		[ 'l' ] = {
			[ 1 ] = {
				[ 'p' ] = 0,
				[ 'n' ] = 'TOPTONGKIM',
				[ 't' ] = 'VIP',
				[ 'l' ] = 0,
				[ 'd' ] = 0,
				[ 'd_t' ] = 0,
				[ 'l_c' ] = 0,
			}
		}
	}
	[ 'Tong' ] = {
		[ 'VIP' ] = {
			[ 'nCamp' ] = 1,
			[ 'Receiver' ] = {
				[ 'Index' ] = 17,
				[ 'GiveAward' ] = 1,
				[ 'Name' ] = 'TOPTONGKIM',
			}
			[ 'aPlayer' ] = {
			}
			[ 'nMemCount' ] = 0,
			[ 'nID' ] = 3989717188,
			[ 'Pos_TX' ] = {
				[ 1 ] = 56775,
				[ 2 ] = 97648,
			}
			[ 'sName' ] = 'VIP',
			[ 'nIdCamp' ] = 1,
			[ 'nRevive' ] = 1,
			[ 'nDoing' ] = 0,
			[ 'nComplete' ] = 1,
		}
	}
}

[Release] [ m_TieuBangChien ]------------------------- [07-08-18 19:00:59] -------------------------
	:: File: \script\_missions\tieu_bang_chien\inc.lua

------------------------- [07-08-18 20:10:59] -------------------------

	:: File: \script\_missions\tieu_bang_chien\inc.lua
[ 'm_TieuBangChien' ] = {
	[ 'Tong_ID' ] = {
		[ 1 ] = 'Ahihi',
	}
	[ 'Mask' ] = {
	}
	[ 'Player' ] = {
		[ 'k' ] = {
			[ 'axxxxxxx' ] = 1,
		}
		[ 'v' ] = {
			[ 1 ] = {
				[ 'p' ] = 0,
				[ 'n' ] = 'axxxxxxx',
				[ 't' ] = 'Ahihi',
				[ 'l' ] = 0,
				[ 'd' ] = 0,
				[ 'd_t' ] = 0,
				[ 'l_c' ] = 0,
			}
		}
	}
	[ 'Rank' ] = {
		[ 'p' ] = {
			[ 1 ] = {
				[ 'p' ] = 0,
				[ 'n' ] = 'axxxxxxx',
				[ 't' ] = 'Ahihi',
				[ 'l' ] = 0,
				[ 'd' ] = 0,
				[ 'd_t' ] = 0,
				[ 'l_c' ] = 0,
			}
		}
		[ 's' ] = {
			[ 'sort_TimerLoop' ] = 60,
			[ 'sort_Now' ] = '07-08-18_201059',
		}
		[ 'd' ] = {
			[ 1 ] = {
				[ 'p' ] = 0,
				[ 'n' ] = 'axxxxxxx',
				[ 't' ] = 'Ahihi',
				[ 'l' ] = 0,
				[ 'd' ] = 0,
				[ 'd_t' ] = 0,
				[ 'l_c' ] = 0,
			}
		}
		[ 'l' ] = {
			[ 1 ] = {
				[ 'p' ] = 0,
				[ 'n' ] = 'axxxxxxx',
				[ 't' ] = 'Ahihi',
				[ 'l' ] = 0,
				[ 'd' ] = 0,
				[ 'd_t' ] = 0,
				[ 'l_c' ] = 0,
			}
		}
	}
	[ 'Tong' ] = {
		[ 'Ahihi' ] = {
			[ 'nCamp' ] = 1,
			[ 'Receiver' ] = {
				[ 'Index' ] = 1,
				[ 'GiveAward' ] = 1,
				[ 'Name' ] = 'axxxxxxx',
			}
			[ 'aPlayer' ] = {
			}
			[ 'nMemCount' ] = 0,
			[ 'nID' ] = 3914463279,
			[ 'Pos_TX' ] = {
				[ 1 ] = 56781,
				[ 2 ] = 97639,
			}
			[ 'sName' ] = 'Ahihi',
			[ 'nIdCamp' ] = 1,
			[ 'nRevive' ] = 1,
			[ 'nDoing' ] = 0,
			[ 'nComplete' ] = 1,
		}
	}
}

[Release] [ m_TieuBangChien ]------------------------- [08-08-18 19:00:59] -------------------------
	:: File: \script\_missions\tieu_bang_chien\inc.lua

[ 'Tong_ID' ] = {
	[ 1 ] = 'Ahihi',
}

[ 'Mask' ] = {
}

[ 'Player' ] = {
	[ 'k' ] = {
		[ 'axxxxxxx' ] = 1,
	}
	[ 'v' ] = {
		[ 1 ] = {
			[ 'p' ] = 0,
			[ 'n' ] = 'axxxxxxx',
			[ 't' ] = 'Ahihi',
			[ 'l' ] = 0,
			[ 'd' ] = 0,
			[ 'd_t' ] = 0,
			[ 'l_c' ] = 0,
		}
	}
}

[ 'Rank' ] = {
	[ 'p' ] = {
		[ 1 ] = {
			[ 'p' ] = 0,
			[ 'n' ] = 'axxxxxxx',
			[ 't' ] = 'Ahihi',
			[ 'l' ] = 0,
			[ 'd' ] = 0,
			[ 'd_t' ] = 0,
			[ 'l_c' ] = 0,
		}
	}
	[ 's' ] = {
		[ 'sort_TimerLoop' ] = 60,
		[ 'sort_Now' ] = '07-08-18_201059',
	}
	[ 'd' ] = {
		[ 1 ] = {
			[ 'p' ] = 0,
			[ 'n' ] = 'axxxxxxx',
			[ 't' ] = 'Ahihi',
			[ 'l' ] = 0,
			[ 'd' ] = 0,
			[ 'd_t' ] = 0,
			[ 'l_c' ] = 0,
		}
	}
	[ 'l' ] = {
		[ 1 ] = {
			[ 'p' ] = 0,
			[ 'n' ] = 'axxxxxxx',
			[ 't' ] = 'Ahihi',
			[ 'l' ] = 0,
			[ 'd' ] = 0,
			[ 'd_t' ] = 0,
			[ 'l_c' ] = 0,
		}
	}
}

[ 'Tong' ] = {
	[ 'Ahihi' ] = {
		[ 'nCamp' ] = 1,
		[ 'Receiver' ] = {
			[ 'Index' ] = 1,
			[ 'GiveAward' ] = 1,
			[ 'Name' ] = 'axxxxxxx',
		}
		[ 'aPlayer' ] = {
		}
		[ 'nMemCount' ] = 0,
		[ 'nID' ] = 3914463279,
		[ 'Pos_TX' ] = {
			[ 1 ] = 56781,
			[ 2 ] = 97639,
		}
		[ 'sName' ] = 'Ahihi',
		[ 'nIdCamp' ] = 1,
		[ 'nRevive' ] = 1,
		[ 'nDoing' ] = 0,
		[ 'nComplete' ] = 1,
	}
}

------------------------- [08-08-18 20:10:59] -------------------------

	:: File: \script\_missions\tieu_bang_chien\inc.lua
[ 'm_TieuBangChien' ] = {
	[ 'Tong_ID' ] = {
	}
	[ 'Mask' ] = {
	}
	[ 'Player' ] = {
		[ 'k' ] = {
		}
		[ 'v' ] = {
		}
	}
	[ 'Rank' ] = {
		[ 'p' ] = {
		}
		[ 's' ] = {
		}
		[ 'd' ] = {
		}
		[ 'l' ] = {
		}
	}
	[ 'Tong' ] = {
	}
}

[Release] [ m_TieuBangChien ]------------------------- [09-08-18 19:00:42] -------------------------
	:: File: \script\_missions\tieu_bang_chien\inc.lua

[Release] [ m_TieuBangChien ]------------------------- [10-08-18 19:00:07] -------------------------
	:: File: \script\_missions\tieu_bang_chien\inc.lua

------------------------- [10-08-18 20:10:07] -------------------------

	:: File: \script\_missions\tieu_bang_chien\inc.lua
[ 'm_TieuBangChien' ] = {
	[ 'Tong_ID' ] = {
	}
	[ 'Mask' ] = {
	}
	[ 'Player' ] = {
		[ 'k' ] = {
		}
		[ 'v' ] = {
		}
	}
	[ 'Rank' ] = {
		[ 'p' ] = {
		}
		[ 's' ] = {
		}
		[ 'd' ] = {
		}
		[ 'l' ] = {
		}
	}
	[ 'Tong' ] = {
	}
}

[Release] [ m_TieuBangChien ]------------------------- [11-08-18 19:00:07] -------------------------
	:: File: \script\_missions\tieu_bang_chien\inc.lua

------------------------- [11-08-18 20:10:07] -------------------------

	:: File: \script\_missions\tieu_bang_chien\inc.lua
[ 'm_TieuBangChien' ] = {
	[ 'Tong_ID' ] = {
	}
	[ 'Mask' ] = {
	}
	[ 'Player' ] = {
		[ 'k' ] = {
		}
		[ 'v' ] = {
		}
	}
	[ 'Rank' ] = {
		[ 'p' ] = {
		}
		[ 's' ] = {
		}
		[ 'd' ] = {
		}
		[ 'l' ] = {
		}
	}
	[ 'Tong' ] = {
	}
}

[Release] [ m_TieuBangChien ]------------------------- [12-08-18 19:00:11] -------------------------
	:: File: \script\_missions\tieu_bang_chien\inc.lua

------------------------- [12-08-18 20:10:11] -------------------------

	:: File: \script\_missions\tieu_bang_chien\inc.lua
[ 'm_TieuBangChien' ] = {
	[ 'Tong_ID' ] = {
	}
	[ 'Mask' ] = {
	}
	[ 'Player' ] = {
		[ 'k' ] = {
		}
		[ 'v' ] = {
		}
	}
	[ 'Rank' ] = {
		[ 'p' ] = {
		}
		[ 's' ] = {
		}
		[ 'd' ] = {
		}
		[ 'l' ] = {
		}
	}
	[ 'Tong' ] = {
	}
}

[Release] [ m_TieuBangChien ]------------------------- [13-08-18 19:00:50] -------------------------
	:: File: \script\_missions\tieu_bang_chien\inc.lua

------------------------- [13-08-18 20:10:50] -------------------------

	:: File: \script\_missions\tieu_bang_chien\inc.lua
[ 'm_TieuBangChien' ] = {
	[ 'Tong_ID' ] = {
	}
	[ 'Mask' ] = {
	}
	[ 'Player' ] = {
		[ 'k' ] = {
		}
		[ 'v' ] = {
		}
	}
	[ 'Rank' ] = {
		[ 'p' ] = {
		}
		[ 's' ] = {
		}
		[ 'd' ] = {
		}
		[ 'l' ] = {
		}
	}
	[ 'Tong' ] = {
	}
}

[Release] [ m_TieuBangChien ]------------------------- [14-08-18 19:00:20] -------------------------
	:: File: \script\_missions\tieu_bang_chien\inc.lua

[Release] [ m_TieuBangChien ]------------------------- [15-08-18 19:00:25] -------------------------
	:: File: \script\_missions\tieu_bang_chien\inc.lua

------------------------- [15-08-18 20:10:25] -------------------------

	:: File: \script\_missions\tieu_bang_chien\inc.lua
[ 'm_TieuBangChien' ] = {
	[ 'Tong_ID' ] = {
	}
	[ 'Mask' ] = {
	}
	[ 'Player' ] = {
		[ 'k' ] = {
		}
		[ 'v' ] = {
		}
	}
	[ 'Rank' ] = {
		[ 'p' ] = {
		}
		[ 's' ] = {
		}
		[ 'd' ] = {
		}
		[ 'l' ] = {
		}
	}
	[ 'Tong' ] = {
	}
}

[Release] [ m_TieuBangChien ]------------------------- [16-08-18 19:00:25] -------------------------
	:: File: \script\_missions\tieu_bang_chien\inc.lua

[ 'Tong_ID' ] = {
}

[ 'Mask' ] = {
}

[ 'Player' ] = {
	[ 'k' ] = {
	}
	[ 'v' ] = {
	}
}

[ 'Rank' ] = {
	[ 'p' ] = {
	}
	[ 's' ] = {
	}
	[ 'd' ] = {
	}
	[ 'l' ] = {
	}
}

[ 'Tong' ] = {
}

------------------------- [16-08-18 20:10:25] -------------------------

	:: File: \script\_missions\tieu_bang_chien\inc.lua
[ 'm_TieuBangChien' ] = {
	[ 'Tong_ID' ] = {
	}
	[ 'Mask' ] = {
	}
	[ 'Player' ] = {
		[ 'k' ] = {
		}
		[ 'v' ] = {
		}
	}
	[ 'Rank' ] = {
		[ 'p' ] = {
		}
		[ 's' ] = {
		}
		[ 'd' ] = {
		}
		[ 'l' ] = {
		}
	}
	[ 'Tong' ] = {
	}
}

[Release] [ m_TieuBangChien ]------------------------- [17-08-18 19:00:44] -------------------------
	:: File: \script\_missions\tieu_bang_chien\inc.lua

------------------------- [17-08-18 20:10:44] -------------------------

	:: File: \script\_missions\tieu_bang_chien\inc.lua
[ 'm_TieuBangChien' ] = {
	[ 'Tong_ID' ] = {
	}
	[ 'Mask' ] = {
	}
	[ 'Player' ] = {
		[ 'k' ] = {
		}
		[ 'v' ] = {
		}
	}
	[ 'Rank' ] = {
		[ 'p' ] = {
		}
		[ 's' ] = {
		}
		[ 'd' ] = {
		}
		[ 'l' ] = {
		}
	}
	[ 'Tong' ] = {
	}
}

[Release] [ m_TieuBangChien ]------------------------- [18-08-18 19:00:45] -------------------------
	:: File: \script\_missions\tieu_bang_chien\inc.lua

------------------------- [18-08-18 20:10:45] -------------------------

	:: File: \script\_missions\tieu_bang_chien\inc.lua
[ 'm_TieuBangChien' ] = {
	[ 'Tong_ID' ] = {
	}
	[ 'Mask' ] = {
	}
	[ 'Player' ] = {
		[ 'k' ] = {
		}
		[ 'v' ] = {
		}
	}
	[ 'Rank' ] = {
		[ 'p' ] = {
		}
		[ 's' ] = {
		}
		[ 'd' ] = {
		}
		[ 'l' ] = {
		}
	}
	[ 'Tong' ] = {
	}
}

[Release] [ m_TieuBangChien ]------------------------- [19-08-18 19:00:53] -------------------------
	:: File: \script\_missions\tieu_bang_chien\inc.lua

------------------------- [19-08-18 20:10:53] -------------------------

	:: File: \script\_missions\tieu_bang_chien\inc.lua
[ 'm_TieuBangChien' ] = {
	[ 'Tong_ID' ] = {
	}
	[ 'Mask' ] = {
	}
	[ 'Player' ] = {
		[ 'k' ] = {
		}
		[ 'v' ] = {
		}
	}
	[ 'Rank' ] = {
		[ 'p' ] = {
		}
		[ 's' ] = {
		}
		[ 'd' ] = {
		}
		[ 'l' ] = {
		}
	}
	[ 'Tong' ] = {
	}
}

[Release] [ m_TieuBangChien ]------------------------- [20-08-18 19:00:50] -------------------------
	:: File: \script\_missions\tieu_bang_chien\inc.lua

------------------------- [20-08-18 20:10:50] -------------------------

	:: File: \script\_missions\tieu_bang_chien\inc.lua
[ 'm_TieuBangChien' ] = {
	[ 'Tong_ID' ] = {
	}
	[ 'Mask' ] = {
	}
	[ 'Player' ] = {
		[ 'k' ] = {
		}
		[ 'v' ] = {
		}
	}
	[ 'Rank' ] = {
		[ 'p' ] = {
		}
		[ 's' ] = {
		}
		[ 'd' ] = {
		}
		[ 'l' ] = {
		}
	}
	[ 'Tong' ] = {
	}
}

[Release] [ m_TieuBangChien ]------------------------- [21-08-18 19:00:50] -------------------------
	:: File: \script\_missions\tieu_bang_chien\inc.lua

[ 'Tong_ID' ] = {
}

[ 'Mask' ] = {
}

[ 'Player' ] = {
	[ 'k' ] = {
	}
	[ 'v' ] = {
	}
}

[ 'Rank' ] = {
	[ 'p' ] = {
	}
	[ 's' ] = {
	}
	[ 'd' ] = {
	}
	[ 'l' ] = {
	}
}

[ 'Tong' ] = {
}

------------------------- [21-08-18 20:10:50] -------------------------

	:: File: \script\_missions\tieu_bang_chien\inc.lua
[ 'm_TieuBangChien' ] = {
	[ 'Tong_ID' ] = {
	}
	[ 'Mask' ] = {
	}
	[ 'Player' ] = {
		[ 'k' ] = {
		}
		[ 'v' ] = {
		}
	}
	[ 'Rank' ] = {
		[ 'p' ] = {
		}
		[ 's' ] = {
		}
		[ 'd' ] = {
		}
		[ 'l' ] = {
		}
	}
	[ 'Tong' ] = {
	}
}

[Release] [ m_TieuBangChien ]------------------------- [22-08-18 19:00:50] -------------------------
	:: File: \script\_missions\tieu_bang_chien\inc.lua

[ 'Tong_ID' ] = {
}

[ 'Mask' ] = {
}

[ 'Player' ] = {
	[ 'k' ] = {
	}
	[ 'v' ] = {
	}
}

[ 'Rank' ] = {
	[ 'p' ] = {
	}
	[ 's' ] = {
	}
	[ 'd' ] = {
	}
	[ 'l' ] = {
	}
}

[ 'Tong' ] = {
}

------------------------- [22-08-18 20:10:50] -------------------------

	:: File: \script\_missions\tieu_bang_chien\inc.lua
[ 'm_TieuBangChien' ] = {
	[ 'Tong_ID' ] = {
	}
	[ 'Mask' ] = {
	}
	[ 'Player' ] = {
		[ 'k' ] = {
		}
		[ 'v' ] = {
		}
	}
	[ 'Rank' ] = {
		[ 'p' ] = {
		}
		[ 's' ] = {
		}
		[ 'd' ] = {
		}
		[ 'l' ] = {
		}
	}
	[ 'Tong' ] = {
	}
}

[Release] [ m_TieuBangChien ]------------------------- [23-08-18 19:00:08] -------------------------
	:: File: \script\_missions\tieu_bang_chien\inc.lua

------------------------- [23-08-18 20:10:08] -------------------------

	:: File: \script\_missions\tieu_bang_chien\inc.lua
[ 'm_TieuBangChien' ] = {
	[ 'Tong_ID' ] = {
		[ 1 ] = 'HuynhÙ§Ö',
	}
	[ 'Mask' ] = {
	}
	[ 'Player' ] = {
		[ 'k' ] = {
			[ 'NhËmÙNg·ÙHµnhÙ' ] = 1,
		}
		[ 'v' ] = {
			[ 1 ] = {
				[ 'p' ] = 0,
				[ 'n' ] = 'NhËmÙNg·ÙHµnhÙ',
				[ 't' ] = 'HuynhÙ§Ö',
				[ 'l' ] = 0,
				[ 'd' ] = 0,
				[ 'd_t' ] = 0,
				[ 'l_c' ] = 0,
			}
		}
	}
	[ 'Rank' ] = {
		[ 'p' ] = {
			[ 1 ] = {
				[ 'p' ] = 0,
				[ 'n' ] = 'NhËmÙNg·ÙHµnhÙ',
				[ 't' ] = 'HuynhÙ§Ö',
				[ 'l' ] = 0,
				[ 'd' ] = 0,
				[ 'd_t' ] = 0,
				[ 'l_c' ] = 0,
			}
		}
		[ 's' ] = {
			[ 'sort_TimerLoop' ] = 60,
			[ 'sort_Now' ] = '23-08-18_201008',
		}
		[ 'd' ] = {
			[ 1 ] = {
				[ 'p' ] = 0,
				[ 'n' ] = 'NhËmÙNg·ÙHµnhÙ',
				[ 't' ] = 'HuynhÙ§Ö',
				[ 'l' ] = 0,
				[ 'd' ] = 0,
				[ 'd_t' ] = 0,
				[ 'l_c' ] = 0,
			}
		}
		[ 'l' ] = {
			[ 1 ] = {
				[ 'p' ] = 0,
				[ 'n' ] = 'NhËmÙNg·ÙHµnhÙ',
				[ 't' ] = 'HuynhÙ§Ö',
				[ 'l' ] = 0,
				[ 'd' ] = 0,
				[ 'd_t' ] = 0,
				[ 'l_c' ] = 0,
			}
		}
	}
	[ 'Tong' ] = {
		[ 'HuynhÙ§Ö' ] = {
			[ 'nCamp' ] = 2,
			[ 'Receiver' ] = {
				[ 'Index' ] = 0,
				[ 'GiveAward' ] = 0,
				[ 'Name' ] = '',
			}
			[ 'aPlayer' ] = {
			}
			[ 'nMemCount' ] = 0,
			[ 'nID' ] = 1769458764,
			[ 'Pos_TX' ] = {
				[ 1 ] = 56782,
				[ 2 ] = 97636,
			}
			[ 'sName' ] = 'HuynhÙ§Ö',
			[ 'nIdCamp' ] = 1,
			[ 'nRevive' ] = 1,
			[ 'nDoing' ] = 0,
			[ 'nComplete' ] = 1,
		}
	}
}

[Release] [ m_TieuBangChien ]------------------------- [24-08-18 19:00:24] -------------------------
	:: File: \script\_missions\tieu_bang_chien\inc.lua

------------------------- [24-08-18 20:10:23] -------------------------

	:: File: \script\_missions\tieu_bang_chien\inc.lua
[ 'm_TieuBangChien' ] = {
	[ 'Tong_ID' ] = {
		[ 1 ] = 'HuynhÙ§Ö',
	}
	[ 'Mask' ] = {
		[ 1 ] = 1,
	}
	[ 'Player' ] = {
		[ 'k' ] = {
			[ 'HDÙMÑThiªnH¹' ] = 1,
			[ '§õngÙChäcÙTao' ] = 3,
			[ 'NhËmÙNg·ÙHµnhÙ' ] = 2,
			[ 'ThÝchÙ¡nÙ§¹pÙKo' ] = 4,
		}
		[ 'v' ] = {
			[ 1 ] = {
				[ 'p' ] = 0,
				[ 'n' ] = 'HDÙMÑThiªnH¹',
				[ 't' ] = 'HuynhÙ§Ö',
				[ 'l' ] = 0,
				[ 'd' ] = 0,
				[ 'd_t' ] = 0,
				[ 'l_c' ] = 0,
			}
			[ 2 ] = {
				[ 'p' ] = 0,
				[ 'n' ] = '§õngÙChäcÙTao',
				[ 't' ] = 'HuynhÙ§Ö',
				[ 'l' ] = 0,
				[ 'd' ] = 0,
				[ 'd_t' ] = 0,
				[ 'l_c' ] = 0,
			}
			[ 3 ] = {
				[ 'p' ] = 0,
				[ 'n' ] = 'NhËmÙNg·ÙHµnhÙ',
				[ 't' ] = 'HuynhÙ§Ö',
				[ 'l' ] = 0,
				[ 'd' ] = 0,
				[ 'd_t' ] = 0,
				[ 'l_c' ] = 0,
			}
			[ 4 ] = {
				[ 'p' ] = 0,
				[ 'n' ] = 'ThÝchÙ¡nÙ§¹pÙKo',
				[ 't' ] = 'HuynhÙ§Ö',
				[ 'l' ] = 0,
				[ 'd' ] = 0,
				[ 'd_t' ] = 0,
				[ 'l_c' ] = 0,
			}
		}
	}
	[ 'Rank' ] = {
		[ 'p' ] = {
			[ 1 ] = {
				[ 'p' ] = 0,
				[ 'n' ] = 'HDÙMÑThiªnH¹',
				[ 't' ] = 'HuynhÙ§Ö',
				[ 'l' ] = 0,
				[ 'd' ] = 0,
				[ 'd_t' ] = 0,
				[ 'l_c' ] = 0,
			}
			[ 2 ] = {
				[ 'p' ] = 0,
				[ 'n' ] = '§õngÙChäcÙTao',
				[ 't' ] = 'HuynhÙ§Ö',
				[ 'l' ] = 0,
				[ 'd' ] = 0,
				[ 'd_t' ] = 0,
				[ 'l_c' ] = 0,
			}
			[ 3 ] = {
				[ 'p' ] = 0,
				[ 'n' ] = 'NhËmÙNg·ÙHµnhÙ',
				[ 't' ] = 'HuynhÙ§Ö',
				[ 'l' ] = 0,
				[ 'd' ] = 0,
				[ 'd_t' ] = 0,
				[ 'l_c' ] = 0,
			}
			[ 4 ] = {
				[ 'p' ] = 0,
				[ 'n' ] = 'ThÝchÙ¡nÙ§¹pÙKo',
				[ 't' ] = 'HuynhÙ§Ö',
				[ 'l' ] = 0,
				[ 'd' ] = 0,
				[ 'd_t' ] = 0,
				[ 'l_c' ] = 0,
			}
		}
		[ 's' ] = {
			[ 'sort_TimerLoop' ] = 60,
			[ 'sort_Now' ] = '24-08-18_201023',
		}
		[ 'd' ] = {
			[ 1 ] = {
				[ 'p' ] = 0,
				[ 'n' ] = 'HDÙMÑThiªnH¹',
				[ 't' ] = 'HuynhÙ§Ö',
				[ 'l' ] = 0,
				[ 'd' ] = 0,
				[ 'd_t' ] = 0,
				[ 'l_c' ] = 0,
			}
			[ 2 ] = {
				[ 'p' ] = 0,
				[ 'n' ] = '§õngÙChäcÙTao',
				[ 't' ] = 'HuynhÙ§Ö',
				[ 'l' ] = 0,
				[ 'd' ] = 0,
				[ 'd_t' ] = 0,
				[ 'l_c' ] = 0,
			}
			[ 3 ] = {
				[ 'p' ] = 0,
				[ 'n' ] = 'NhËmÙNg·ÙHµnhÙ',
				[ 't' ] = 'HuynhÙ§Ö',
				[ 'l' ] = 0,
				[ 'd' ] = 0,
				[ 'd_t' ] = 0,
				[ 'l_c' ] = 0,
			}
			[ 4 ] = {
				[ 'p' ] = 0,
				[ 'n' ] = 'ThÝchÙ¡nÙ§¹pÙKo',
				[ 't' ] = 'HuynhÙ§Ö',
				[ 'l' ] = 0,
				[ 'd' ] = 0,
				[ 'd_t' ] = 0,
				[ 'l_c' ] = 0,
			}
		}
		[ 'l' ] = {
			[ 1 ] = {
				[ 'p' ] = 0,
				[ 'n' ] = 'HDÙMÑThiªnH¹',
				[ 't' ] = 'HuynhÙ§Ö',
				[ 'l' ] = 0,
				[ 'd' ] = 0,
				[ 'd_t' ] = 0,
				[ 'l_c' ] = 0,
			}
			[ 2 ] = {
				[ 'p' ] = 0,
				[ 'n' ] = 'NhËmÙNg·ÙHµnhÙ',
				[ 't' ] = 'HuynhÙ§Ö',
				[ 'l' ] = 0,
				[ 'd' ] = 0,
				[ 'd_t' ] = 0,
				[ 'l_c' ] = 0,
			}
			[ 3 ] = {
				[ 'p' ] = 0,
				[ 'n' ] = '§õngÙChäcÙTao',
				[ 't' ] = 'HuynhÙ§Ö',
				[ 'l' ] = 0,
				[ 'd' ] = 0,
				[ 'd_t' ] = 0,
				[ 'l_c' ] = 0,
			}
			[ 4 ] = {
				[ 'p' ] = 0,
				[ 'n' ] = 'ThÝchÙ¡nÙ§¹pÙKo',
				[ 't' ] = 'HuynhÙ§Ö',
				[ 'l' ] = 0,
				[ 'd' ] = 0,
				[ 'd_t' ] = 0,
				[ 'l_c' ] = 0,
			}
		}
	}
	[ 'Tong' ] = {
		[ 'HuynhÙ§Ö' ] = {
			[ 'nCamp' ] = 2,
			[ 'Receiver' ] = {
				[ 'Index' ] = 10,
				[ 'GiveAward' ] = 1,
				[ 'Name' ] = 'HDÙMÑThiªnH¹',
			}
			[ 'mMask' ] = 1,
			[ 'aPlayer' ] = {
			}
			[ 'nMemCount' ] = 0,
			[ 'nID' ] = 1769458764,
			[ 'Pos_TX' ] = {
				[ 1 ] = 56783,
				[ 2 ] = 97634,
			}
			[ 'sName' ] = 'HuynhÙ§Ö',
			[ 'nIdCamp' ] = 1,
			[ 'nRevive' ] = 1,
			[ 'nDoing' ] = 0,
			[ 'nComplete' ] = 2,
		}
	}
}

[Release] [ m_TieuBangChien ]------------------------- [25-08-18 19:00:24] -------------------------
	:: File: \script\_missions\tieu_bang_chien\inc.lua

[ 'Tong_ID' ] = {
	[ 1 ] = 'HuynhÙ§Ö',
}

[ 'Mask' ] = {
	[ 1 ] = 1,
}

[ 'Player' ] = {
	[ 'k' ] = {
		[ 'HDÙMÑThiªnH¹' ] = 1,
		[ '§õngÙChäcÙTao' ] = 3,
		[ 'NhËmÙNg·ÙHµnhÙ' ] = 2,
		[ 'ThÝchÙ¡nÙ§¹pÙKo' ] = 4,
	}
	[ 'v' ] = {
		[ 1 ] = {
			[ 'p' ] = 0,
			[ 'n' ] = 'HDÙMÑThiªnH¹',
			[ 't' ] = 'HuynhÙ§Ö',
			[ 'l' ] = 0,
			[ 'd' ] = 0,
			[ 'd_t' ] = 0,
			[ 'l_c' ] = 0,
		}
		[ 2 ] = {
			[ 'p' ] = 0,
			[ 'n' ] = '§õngÙChäcÙTao',
			[ 't' ] = 'HuynhÙ§Ö',
			[ 'l' ] = 0,
			[ 'd' ] = 0,
			[ 'd_t' ] = 0,
			[ 'l_c' ] = 0,
		}
		[ 3 ] = {
			[ 'p' ] = 0,
			[ 'n' ] = 'NhËmÙNg·ÙHµnhÙ',
			[ 't' ] = 'HuynhÙ§Ö',
			[ 'l' ] = 0,
			[ 'd' ] = 0,
			[ 'd_t' ] = 0,
			[ 'l_c' ] = 0,
		}
		[ 4 ] = {
			[ 'p' ] = 0,
			[ 'n' ] = 'ThÝchÙ¡nÙ§¹pÙKo',
			[ 't' ] = 'HuynhÙ§Ö',
			[ 'l' ] = 0,
			[ 'd' ] = 0,
			[ 'd_t' ] = 0,
			[ 'l_c' ] = 0,
		}
	}
}

[ 'Rank' ] = {
	[ 'p' ] = {
		[ 1 ] = {
			[ 'p' ] = 0,
			[ 'n' ] = 'HDÙMÑThiªnH¹',
			[ 't' ] = 'HuynhÙ§Ö',
			[ 'l' ] = 0,
			[ 'd' ] = 0,
			[ 'd_t' ] = 0,
			[ 'l_c' ] = 0,
		}
		[ 2 ] = {
			[ 'p' ] = 0,
			[ 'n' ] = '§õngÙChäcÙTao',
			[ 't' ] = 'HuynhÙ§Ö',
			[ 'l' ] = 0,
			[ 'd' ] = 0,
			[ 'd_t' ] = 0,
			[ 'l_c' ] = 0,
		}
		[ 3 ] = {
			[ 'p' ] = 0,
			[ 'n' ] = 'NhËmÙNg·ÙHµnhÙ',
			[ 't' ] = 'HuynhÙ§Ö',
			[ 'l' ] = 0,
			[ 'd' ] = 0,
			[ 'd_t' ] = 0,
			[ 'l_c' ] = 0,
		}
		[ 4 ] = {
			[ 'p' ] = 0,
			[ 'n' ] = 'ThÝchÙ¡nÙ§¹pÙKo',
			[ 't' ] = 'HuynhÙ§Ö',
			[ 'l' ] = 0,
			[ 'd' ] = 0,
			[ 'd_t' ] = 0,
			[ 'l_c' ] = 0,
		}
	}
	[ 's' ] = {
		[ 'sort_TimerLoop' ] = 60,
		[ 'sort_Now' ] = '24-08-18_201023',
	}
	[ 'd' ] = {
		[ 1 ] = {
			[ 'p' ] = 0,
			[ 'n' ] = 'HDÙMÑThiªnH¹',
			[ 't' ] = 'HuynhÙ§Ö',
			[ 'l' ] = 0,
			[ 'd' ] = 0,
			[ 'd_t' ] = 0,
			[ 'l_c' ] = 0,
		}
		[ 2 ] = {
			[ 'p' ] = 0,
			[ 'n' ] = '§õngÙChäcÙTao',
			[ 't' ] = 'HuynhÙ§Ö',
			[ 'l' ] = 0,
			[ 'd' ] = 0,
			[ 'd_t' ] = 0,
			[ 'l_c' ] = 0,
		}
		[ 3 ] = {
			[ 'p' ] = 0,
			[ 'n' ] = 'NhËmÙNg·ÙHµnhÙ',
			[ 't' ] = 'HuynhÙ§Ö',
			[ 'l' ] = 0,
			[ 'd' ] = 0,
			[ 'd_t' ] = 0,
			[ 'l_c' ] = 0,
		}
		[ 4 ] = {
			[ 'p' ] = 0,
			[ 'n' ] = 'ThÝchÙ¡nÙ§¹pÙKo',
			[ 't' ] = 'HuynhÙ§Ö',
			[ 'l' ] = 0,
			[ 'd' ] = 0,
			[ 'd_t' ] = 0,
			[ 'l_c' ] = 0,
		}
	}
	[ 'l' ] = {
		[ 1 ] = {
			[ 'p' ] = 0,
			[ 'n' ] = 'HDÙMÑThiªnH¹',
			[ 't' ] = 'HuynhÙ§Ö',
			[ 'l' ] = 0,
			[ 'd' ] = 0,
			[ 'd_t' ] = 0,
			[ 'l_c' ] = 0,
		}
		[ 2 ] = {
			[ 'p' ] = 0,
			[ 'n' ] = 'NhËmÙNg·ÙHµnhÙ',
			[ 't' ] = 'HuynhÙ§Ö',
			[ 'l' ] = 0,
			[ 'd' ] = 0,
			[ 'd_t' ] = 0,
			[ 'l_c' ] = 0,
		}
		[ 3 ] = {
			[ 'p' ] = 0,
			[ 'n' ] = '§õngÙChäcÙTao',
			[ 't' ] = 'HuynhÙ§Ö',
			[ 'l' ] = 0,
			[ 'd' ] = 0,
			[ 'd_t' ] = 0,
			[ 'l_c' ] = 0,
		}
		[ 4 ] = {
			[ 'p' ] = 0,
			[ 'n' ] = 'ThÝchÙ¡nÙ§¹pÙKo',
			[ 't' ] = 'HuynhÙ§Ö',
			[ 'l' ] = 0,
			[ 'd' ] = 0,
			[ 'd_t' ] = 0,
			[ 'l_c' ] = 0,
		}
	}
}

[ 'Tong' ] = {
	[ 'HuynhÙ§Ö' ] = {
		[ 'nCamp' ] = 2,
		[ 'Receiver' ] = {
			[ 'Index' ] = 10,
			[ 'GiveAward' ] = 1,
			[ 'Name' ] = 'HDÙMÑThiªnH¹',
		}
		[ 'mMask' ] = 1,
		[ 'aPlayer' ] = {
		}
		[ 'nMemCount' ] = 0,
		[ 'nID' ] = 1769458764,
		[ 'Pos_TX' ] = {
			[ 1 ] = 56783,
			[ 2 ] = 97634,
		}
		[ 'sName' ] = 'HuynhÙ§Ö',
		[ 'nIdCamp' ] = 1,
		[ 'nRevive' ] = 1,
		[ 'nDoing' ] = 0,
		[ 'nComplete' ] = 2,
	}
}

------------------------- [25-08-18 20:10:24] -------------------------

	:: File: \script\_missions\tieu_bang_chien\inc.lua
[ 'm_TieuBangChien' ] = {
	[ 'Tong_ID' ] = {
	}
	[ 'Mask' ] = {
	}
	[ 'Player' ] = {
		[ 'k' ] = {
		}
		[ 'v' ] = {
		}
	}
	[ 'Rank' ] = {
		[ 'p' ] = {
		}
		[ 's' ] = {
		}
		[ 'd' ] = {
		}
		[ 'l' ] = {
		}
	}
	[ 'Tong' ] = {
	}
}

[Release] [ m_TieuBangChien ]------------------------- [26-08-18 19:00:24] -------------------------
	:: File: \script\_missions\tieu_bang_chien\inc.lua

[ 'Tong_ID' ] = {
}

[ 'Mask' ] = {
}

[ 'Player' ] = {
	[ 'k' ] = {
	}
	[ 'v' ] = {
	}
}

[ 'Rank' ] = {
	[ 'p' ] = {
	}
	[ 's' ] = {
	}
	[ 'd' ] = {
	}
	[ 'l' ] = {
	}
}

[ 'Tong' ] = {
}

------------------------- [26-08-18 20:10:24] -------------------------

	:: File: \script\_missions\tieu_bang_chien\inc.lua
[ 'm_TieuBangChien' ] = {
	[ 'Tong_ID' ] = {
		[ 1 ] = 'HuynhÙ§Ö',
	}
	[ 'Mask' ] = {
	}
	[ 'Player' ] = {
		[ 'k' ] = {
			[ '10HáaCaCa' ] = 1,
		}
		[ 'v' ] = {
			[ 1 ] = {
				[ 'p' ] = 0,
				[ 'n' ] = '10HáaCaCa',
				[ 't' ] = 'HuynhÙ§Ö',
				[ 'l' ] = 0,
				[ 'd' ] = 0,
				[ 'd_t' ] = 0,
				[ 'l_c' ] = 0,
			}
		}
	}
	[ 'Rank' ] = {
		[ 'p' ] = {
			[ 1 ] = {
				[ 'p' ] = 0,
				[ 'n' ] = '10HáaCaCa',
				[ 't' ] = 'HuynhÙ§Ö',
				[ 'l' ] = 0,
				[ 'd' ] = 0,
				[ 'd_t' ] = 0,
				[ 'l_c' ] = 0,
			}
		}
		[ 's' ] = {
			[ 'sort_TimerLoop' ] = 60,
			[ 'sort_Now' ] = '26-08-18_201024',
		}
		[ 'd' ] = {
			[ 1 ] = {
				[ 'p' ] = 0,
				[ 'n' ] = '10HáaCaCa',
				[ 't' ] = 'HuynhÙ§Ö',
				[ 'l' ] = 0,
				[ 'd' ] = 0,
				[ 'd_t' ] = 0,
				[ 'l_c' ] = 0,
			}
		}
		[ 'l' ] = {
			[ 1 ] = {
				[ 'p' ] = 0,
				[ 'n' ] = '10HáaCaCa',
				[ 't' ] = 'HuynhÙ§Ö',
				[ 'l' ] = 0,
				[ 'd' ] = 0,
				[ 'd_t' ] = 0,
				[ 'l_c' ] = 0,
			}
		}
	}
	[ 'Tong' ] = {
		[ 'HuynhÙ§Ö' ] = {
			[ 'nCamp' ] = 2,
			[ 'nID' ] = 1769458764,
			[ 'nRevive' ] = 1,
			[ 'nIdCamp' ] = 1,
			[ 'nMemCount' ] = 0,
			[ 'sName' ] = 'HuynhÙ§Ö',
			[ 'aPlayer' ] = {
			}
		}
	}
}

[Release] [ m_TieuBangChien ]------------------------- [27-08-18 19:00:24] -------------------------
	:: File: \script\_missions\tieu_bang_chien\inc.lua

[ 'Tong_ID' ] = {
	[ 1 ] = 'HuynhÙ§Ö',
}

[ 'Mask' ] = {
}

[ 'Player' ] = {
	[ 'k' ] = {
		[ '10HáaCaCa' ] = 1,
	}
	[ 'v' ] = {
		[ 1 ] = {
			[ 'p' ] = 0,
			[ 'n' ] = '10HáaCaCa',
			[ 't' ] = 'HuynhÙ§Ö',
			[ 'l' ] = 0,
			[ 'd' ] = 0,
			[ 'd_t' ] = 0,
			[ 'l_c' ] = 0,
		}
	}
}

[ 'Rank' ] = {
	[ 'p' ] = {
		[ 1 ] = {
			[ 'p' ] = 0,
			[ 'n' ] = '10HáaCaCa',
			[ 't' ] = 'HuynhÙ§Ö',
			[ 'l' ] = 0,
			[ 'd' ] = 0,
			[ 'd_t' ] = 0,
			[ 'l_c' ] = 0,
		}
	}
	[ 's' ] = {
		[ 'sort_TimerLoop' ] = 60,
		[ 'sort_Now' ] = '26-08-18_201024',
	}
	[ 'd' ] = {
		[ 1 ] = {
			[ 'p' ] = 0,
			[ 'n' ] = '10HáaCaCa',
			[ 't' ] = 'HuynhÙ§Ö',
			[ 'l' ] = 0,
			[ 'd' ] = 0,
			[ 'd_t' ] = 0,
			[ 'l_c' ] = 0,
		}
	}
	[ 'l' ] = {
		[ 1 ] = {
			[ 'p' ] = 0,
			[ 'n' ] = '10HáaCaCa',
			[ 't' ] = 'HuynhÙ§Ö',
			[ 'l' ] = 0,
			[ 'd' ] = 0,
			[ 'd_t' ] = 0,
			[ 'l_c' ] = 0,
		}
	}
}

[ 'Tong' ] = {
	[ 'HuynhÙ§Ö' ] = {
		[ 'nCamp' ] = 2,
		[ 'nID' ] = 1769458764,
		[ 'nRevive' ] = 1,
		[ 'nIdCamp' ] = 1,
		[ 'nMemCount' ] = 0,
		[ 'sName' ] = 'HuynhÙ§Ö',
		[ 'aPlayer' ] = {
		}
	}
}

------------------------- [27-08-18 20:10:24] -------------------------

	:: File: \script\_missions\tieu_bang_chien\inc.lua
[ 'm_TieuBangChien' ] = {
	[ 'Tong_ID' ] = {
	}
	[ 'Mask' ] = {
	}
	[ 'Player' ] = {
		[ 'k' ] = {
		}
		[ 'v' ] = {
		}
	}
	[ 'Rank' ] = {
		[ 'p' ] = {
		}
		[ 's' ] = {
		}
		[ 'd' ] = {
		}
		[ 'l' ] = {
		}
	}
	[ 'Tong' ] = {
	}
}

[Release] [ m_TieuBangChien ]------------------------- [28-08-18 19:00:22] -------------------------
	:: File: \script\_missions\tieu_bang_chien\inc.lua

------------------------- [28-08-18 20:10:22] -------------------------

	:: File: \script\_missions\tieu_bang_chien\inc.lua
[ 'm_TieuBangChien' ] = {
	[ 'Tong_ID' ] = {
	}
	[ 'Mask' ] = {
	}
	[ 'Player' ] = {
		[ 'k' ] = {
		}
		[ 'v' ] = {
		}
	}
	[ 'Rank' ] = {
		[ 'p' ] = {
		}
		[ 's' ] = {
		}
		[ 'd' ] = {
		}
		[ 'l' ] = {
		}
	}
	[ 'Tong' ] = {
	}
}

[Release] [ m_TieuBangChien ]------------------------- [29-08-18 19:00:49] -------------------------
	:: File: \script\_missions\tieu_bang_chien\inc.lua

------------------------- [29-08-18 20:10:49] -------------------------

	:: File: \script\_missions\tieu_bang_chien\inc.lua
[ 'm_TieuBangChien' ] = {
	[ 'Tong_ID' ] = {
		[ 1 ] = '¡nÙCh¬i',
	}
	[ 'Mask' ] = {
		[ 1 ] = 1,
	}
	[ 'Player' ] = {
		[ 'k' ] = {
			[ 'SangTp' ] = 2,
			[ 'SangTp666' ] = 3,
			[ 'NgoalongVD' ] = 1,
		}
		[ 'v' ] = {
			[ 1 ] = {
				[ 'p' ] = 0,
				[ 'n' ] = 'NgoalongVD',
				[ 't' ] = '¡nÙCh¬i',
				[ 'l' ] = 0,
				[ 'd' ] = 0,
				[ 'd_t' ] = 0,
				[ 'l_c' ] = 0,
			}
			[ 2 ] = {
				[ 'p' ] = 0,
				[ 'n' ] = 'SangTp',
				[ 't' ] = '¡nÙCh¬i',
				[ 'l' ] = 0,
				[ 'd' ] = 0,
				[ 'd_t' ] = 0,
				[ 'l_c' ] = 0,
			}
			[ 3 ] = {
				[ 'p' ] = 0,
				[ 'n' ] = 'SangTp666',
				[ 't' ] = '¡nÙCh¬i',
				[ 'l' ] = 0,
				[ 'd' ] = 0,
				[ 'd_t' ] = 0,
				[ 'l_c' ] = 0,
			}
		}
	}
	[ 'Rank' ] = {
		[ 'p' ] = {
			[ 1 ] = {
				[ 'p' ] = 0,
				[ 'n' ] = 'NgoalongVD',
				[ 't' ] = '¡nÙCh¬i',
				[ 'l' ] = 0,
				[ 'd' ] = 0,
				[ 'd_t' ] = 0,
				[ 'l_c' ] = 0,
			}
			[ 2 ] = {
				[ 'p' ] = 0,
				[ 'n' ] = 'SangTp',
				[ 't' ] = '¡nÙCh¬i',
				[ 'l' ] = 0,
				[ 'd' ] = 0,
				[ 'd_t' ] = 0,
				[ 'l_c' ] = 0,
			}
			[ 3 ] = {
				[ 'p' ] = 0,
				[ 'n' ] = 'SangTp666',
				[ 't' ] = '¡nÙCh¬i',
				[ 'l' ] = 0,
				[ 'd' ] = 0,
				[ 'd_t' ] = 0,
				[ 'l_c' ] = 0,
			}
		}
		[ 's' ] = {
			[ 'sort_TimerLoop' ] = 60,
			[ 'sort_Now' ] = '29-08-18_201049',
		}
		[ 'd' ] = {
			[ 1 ] = {
				[ 'p' ] = 0,
				[ 'n' ] = 'NgoalongVD',
				[ 't' ] = '¡nÙCh¬i',
				[ 'l' ] = 0,
				[ 'd' ] = 0,
				[ 'd_t' ] = 0,
				[ 'l_c' ] = 0,
			}
			[ 2 ] = {
				[ 'p' ] = 0,
				[ 'n' ] = 'SangTp',
				[ 't' ] = '¡nÙCh¬i',
				[ 'l' ] = 0,
				[ 'd' ] = 0,
				[ 'd_t' ] = 0,
				[ 'l_c' ] = 0,
			}
			[ 3 ] = {
				[ 'p' ] = 0,
				[ 'n' ] = 'SangTp666',
				[ 't' ] = '¡nÙCh¬i',
				[ 'l' ] = 0,
				[ 'd' ] = 0,
				[ 'd_t' ] = 0,
				[ 'l_c' ] = 0,
			}
		}
		[ 'l' ] = {
			[ 1 ] = {
				[ 'p' ] = 0,
				[ 'n' ] = 'NgoalongVD',
				[ 't' ] = '¡nÙCh¬i',
				[ 'l' ] = 0,
				[ 'd' ] = 0,
				[ 'd_t' ] = 0,
				[ 'l_c' ] = 0,
			}
			[ 2 ] = {
				[ 'p' ] = 0,
				[ 'n' ] = 'SangTp',
				[ 't' ] = '¡nÙCh¬i',
				[ 'l' ] = 0,
				[ 'd' ] = 0,
				[ 'd_t' ] = 0,
				[ 'l_c' ] = 0,
			}
			[ 3 ] = {
				[ 'p' ] = 0,
				[ 'n' ] = 'SangTp666',
				[ 't' ] = '¡nÙCh¬i',
				[ 'l' ] = 0,
				[ 'd' ] = 0,
				[ 'd_t' ] = 0,
				[ 'l_c' ] = 0,
			}
		}
	}
	[ 'Tong' ] = {
		[ '¡nÙCh¬i' ] = {
			[ 'nCamp' ] = 3,
			[ 'Receiver' ] = {
				[ 'Index' ] = 0,
				[ 'GiveAward' ] = 0,
				[ 'Name' ] = '',
			}
			[ 'mMask' ] = 1,
			[ 'aPlayer' ] = {
			}
			[ 'nMemCount' ] = 0,
			[ 'nID' ] = 1258813029,
			[ 'Pos_TX' ] = {
				[ 1 ] = 56777,
				[ 2 ] = 97640,
			}
			[ 'sName' ] = '¡nÙCh¬i',
			[ 'nIdCamp' ] = 1,
			[ 'nRevive' ] = 1,
			[ 'nDoing' ] = 0,
			[ 'nComplete' ] = 2,
		}
	}
}

[Release] [ m_TieuBangChien ]------------------------- [30-08-18 19:00:37] -------------------------
	:: File: \script\_missions\tieu_bang_chien\inc.lua

------------------------- [30-08-18 20:10:37] -------------------------

	:: File: \script\_missions\tieu_bang_chien\inc.lua
[ 'm_TieuBangChien' ] = {
	[ 'Tong_ID' ] = {
		[ 1 ] = 'HuynhÙ§Ö',
	}
	[ 'Mask' ] = {
	}
	[ 'Player' ] = {
		[ 'k' ] = {
			[ '111111111' ] = 2,
			[ 'TriÖuÙTöÙLong' ] = 5,
			[ 'HáaÙLongÙTµÙNh©n' ] = 13,
			[ 'UyÓnÙNh·' ] = 12,
			[ 'SÊmÙSÐtÙT©yÙB¾c' ] = 14,
			[ 'TiÓuÙLinh' ] = 7,
			[ '8ThóyYªnTû' ] = 10,
			[ '7NgaMiBuffBuff' ] = 8,
			[ 'GiÕtÙS­Ù§ètÙChïa' ] = 11,
			[ 'ThiªnÙNh·' ] = 9,
			[ 'HDÙMÑThiªnH¹' ] = 4,
			[ 'ThiªnÙ§ÞaÙV«ÙCù' ] = 1,
			[ '5TLSuco' ] = 3,
			[ 'BÐÙMóp' ] = 16,
			[ '6Vâ®ang' ] = 6,
			[ 'LÇyÙAÙMinh' ] = 15,
		}
		[ 'v' ] = {
			[ 1 ] = {
				[ 'p' ] = 0,
				[ 'n' ] = 'ThiªnÙ§ÞaÙV«ÙCù',
				[ 't' ] = 'HuynhÙ§Ö',
				[ 'l' ] = 0,
				[ 'd' ] = 0,
				[ 'd_t' ] = 0,
				[ 'l_c' ] = 0,
			}
			[ 2 ] = {
				[ 'p' ] = 0,
				[ 'n' ] = '5TLSuco',
				[ 't' ] = 'HuynhÙ§Ö',
				[ 'l' ] = 0,
				[ 'd' ] = 0,
				[ 'd_t' ] = 0,
				[ 'l_c' ] = 0,
			}
			[ 3 ] = {
				[ 'p' ] = 0,
				[ 'n' ] = 'SÊmÙSÐtÙT©yÙB¾c',
				[ 't' ] = 'HuynhÙ§Ö',
				[ 'l' ] = 0,
				[ 'd' ] = 0,
				[ 'd_t' ] = 0,
				[ 'l_c' ] = 0,
			}
			[ 4 ] = {
				[ 'p' ] = 0,
				[ 'n' ] = 'LÇyÙAÙMinh',
				[ 't' ] = 'HuynhÙ§Ö',
				[ 'l' ] = 0,
				[ 'd' ] = 0,
				[ 'd_t' ] = 0,
				[ 'l_c' ] = 0,
			}
			[ 5 ] = {
				[ 'p' ] = 0,
				[ 'n' ] = 'HáaÙLongÙTµÙNh©n',
				[ 't' ] = 'HuynhÙ§Ö',
				[ 'l' ] = 0,
				[ 'd' ] = 0,
				[ 'd_t' ] = 0,
				[ 'l_c' ] = 0,
			}
			[ 6 ] = {
				[ 'p' ] = 0,
				[ 'n' ] = 'GiÕtÙS­Ù§ètÙChïa',
				[ 't' ] = 'HuynhÙ§Ö',
				[ 'l' ] = 0,
				[ 'd' ] = 0,
				[ 'd_t' ] = 0,
				[ 'l_c' ] = 0,
			}
			[ 7 ] = {
				[ 'p' ] = 0,
				[ 'n' ] = '8ThóyYªnTû',
				[ 't' ] = 'HuynhÙ§Ö',
				[ 'l' ] = 0,
				[ 'd' ] = 0,
				[ 'd_t' ] = 0,
				[ 'l_c' ] = 0,
			}
			[ 8 ] = {
				[ 'p' ] = 0,
				[ 'n' ] = 'ThiªnÙNh·',
				[ 't' ] = 'HuynhÙ§Ö',
				[ 'l' ] = 0,
				[ 'd' ] = 0,
				[ 'd_t' ] = 0,
				[ 'l_c' ] = 0,
			}
			[ 9 ] = {
				[ 'p' ] = 0,
				[ 'n' ] = 'UyÓnÙNh·',
				[ 't' ] = 'HuynhÙ§Ö',
				[ 'l' ] = 0,
				[ 'd' ] = 0,
				[ 'd_t' ] = 0,
				[ 'l_c' ] = 0,
			}
			[ 10 ] = {
				[ 'p' ] = 0,
				[ 'n' ] = 'TriÖuÙTöÙLong',
				[ 't' ] = 'HuynhÙ§Ö',
				[ 'l' ] = 0,
				[ 'd' ] = 0,
				[ 'd_t' ] = 0,
				[ 'l_c' ] = 0,
			}
			[ 11 ] = {
				[ 'p' ] = 0,
				[ 'n' ] = 'TiÓuÙLinh',
				[ 't' ] = 'HuynhÙ§Ö',
				[ 'l' ] = 0,
				[ 'd' ] = 0,
				[ 'd_t' ] = 0,
				[ 'l_c' ] = 0,
			}
			[ 12 ] = {
				[ 'p' ] = 0,
				[ 'n' ] = '7NgaMiBuffBuff',
				[ 't' ] = 'HuynhÙ§Ö',
				[ 'l' ] = 0,
				[ 'd' ] = 0,
				[ 'd_t' ] = 0,
				[ 'l_c' ] = 0,
			}
			[ 13 ] = {
				[ 'p' ] = 0,
				[ 'n' ] = '6Vâ®ang',
				[ 't' ] = 'HuynhÙ§Ö',
				[ 'l' ] = 0,
				[ 'd' ] = 0,
				[ 'd_t' ] = 0,
				[ 'l_c' ] = 0,
			}
			[ 14 ] = {
				[ 'p' ] = 0,
				[ 'n' ] = 'HDÙMÑThiªnH¹',
				[ 't' ] = 'HuynhÙ§Ö',
				[ 'l' ] = 0,
				[ 'd' ] = 0,
				[ 'd_t' ] = 0,
				[ 'l_c' ] = 0,
			}
			[ 15 ] = {
				[ 'p' ] = 0,
				[ 'n' ] = '111111111',
				[ 't' ] = 'HuynhÙ§Ö',
				[ 'l' ] = 0,
				[ 'd' ] = 0,
				[ 'd_t' ] = 0,
				[ 'l_c' ] = 0,
			}
			[ 16 ] = {
				[ 'p' ] = 0,
				[ 'n' ] = 'BÐÙMóp',
				[ 't' ] = 'HuynhÙ§Ö',
				[ 'l' ] = 0,
				[ 'd' ] = 0,
				[ 'd_t' ] = 0,
				[ 'l_c' ] = 0,
			}
		}
	}
	[ 'Rank' ] = {
		[ 'p' ] = {
			[ 1 ] = {
				[ 'p' ] = 0,
				[ 'n' ] = 'ThiªnÙ§ÞaÙV«ÙCù',
				[ 't' ] = 'HuynhÙ§Ö',
				[ 'l' ] = 0,
				[ 'd' ] = 0,
				[ 'd_t' ] = 0,
				[ 'l_c' ] = 0,
			}
			[ 2 ] = {
				[ 'p' ] = 0,
				[ 'n' ] = '5TLSuco',
				[ 't' ] = 'HuynhÙ§Ö',
				[ 'l' ] = 0,
				[ 'd' ] = 0,
				[ 'd_t' ] = 0,
				[ 'l_c' ] = 0,
			}
			[ 3 ] = {
				[ 'p' ] = 0,
				[ 'n' ] = 'SÊmÙSÐtÙT©yÙB¾c',
				[ 't' ] = 'HuynhÙ§Ö',
				[ 'l' ] = 0,
				[ 'd' ] = 0,
				[ 'd_t' ] = 0,
				[ 'l_c' ] = 0,
			}
			[ 4 ] = {
				[ 'p' ] = 0,
				[ 'n' ] = 'LÇyÙAÙMinh',
				[ 't' ] = 'HuynhÙ§Ö',
				[ 'l' ] = 0,
				[ 'd' ] = 0,
				[ 'd_t' ] = 0,
				[ 'l_c' ] = 0,
			}
			[ 5 ] = {
				[ 'p' ] = 0,
				[ 'n' ] = 'HáaÙLongÙTµÙNh©n',
				[ 't' ] = 'HuynhÙ§Ö',
				[ 'l' ] = 0,
				[ 'd' ] = 0,
				[ 'd_t' ] = 0,
				[ 'l_c' ] = 0,
			}
			[ 6 ] = {
				[ 'p' ] = 0,
				[ 'n' ] = 'GiÕtÙS­Ù§ètÙChïa',
				[ 't' ] = 'HuynhÙ§Ö',
				[ 'l' ] = 0,
				[ 'd' ] = 0,
				[ 'd_t' ] = 0,
				[ 'l_c' ] = 0,
			}
			[ 7 ] = {
				[ 'p' ] = 0,
				[ 'n' ] = '8ThóyYªnTû',
				[ 't' ] = 'HuynhÙ§Ö',
				[ 'l' ] = 0,
				[ 'd' ] = 0,
				[ 'd_t' ] = 0,
				[ 'l_c' ] = 0,
			}
			[ 8 ] = {
				[ 'p' ] = 0,
				[ 'n' ] = 'ThiªnÙNh·',
				[ 't' ] = 'HuynhÙ§Ö',
				[ 'l' ] = 0,
				[ 'd' ] = 0,
				[ 'd_t' ] = 0,
				[ 'l_c' ] = 0,
			}
			[ 9 ] = {
				[ 'p' ] = 0,
				[ 'n' ] = 'UyÓnÙNh·',
				[ 't' ] = 'HuynhÙ§Ö',
				[ 'l' ] = 0,
				[ 'd' ] = 0,
				[ 'd_t' ] = 0,
				[ 'l_c' ] = 0,
			}
			[ 10 ] = {
				[ 'p' ] = 0,
				[ 'n' ] = 'TriÖuÙTöÙLong',
				[ 't' ] = 'HuynhÙ§Ö',
				[ 'l' ] = 0,
				[ 'd' ] = 0,
				[ 'd_t' ] = 0,
				[ 'l_c' ] = 0,
			}
		}
		[ 's' ] = {
			[ 'sort_TimerLoop' ] = 60,
			[ 'sort_Now' ] = '30-08-18_201037',
		}
		[ 'd' ] = {
			[ 1 ] = {
				[ 'p' ] = 0,
				[ 'n' ] = 'ThiªnÙ§ÞaÙV«ÙCù',
				[ 't' ] = 'HuynhÙ§Ö',
				[ 'l' ] = 0,
				[ 'd' ] = 0,
				[ 'd_t' ] = 0,
				[ 'l_c' ] = 0,
			}
			[ 2 ] = {
				[ 'p' ] = 0,
				[ 'n' ] = '5TLSuco',
				[ 't' ] = 'HuynhÙ§Ö',
				[ 'l' ] = 0,
				[ 'd' ] = 0,
				[ 'd_t' ] = 0,
				[ 'l_c' ] = 0,
			}
			[ 3 ] = {
				[ 'p' ] = 0,
				[ 'n' ] = '8ThóyYªnTû',
				[ 't' ] = 'HuynhÙ§Ö',
				[ 'l' ] = 0,
				[ 'd' ] = 0,
				[ 'd_t' ] = 0,
				[ 'l_c' ] = 0,
			}
			[ 4 ] = {
				[ 'p' ] = 0,
				[ 'n' ] = 'ThiªnÙNh·',
				[ 't' ] = 'HuynhÙ§Ö',
				[ 'l' ] = 0,
				[ 'd' ] = 0,
				[ 'd_t' ] = 0,
				[ 'l_c' ] = 0,
			}
			[ 5 ] = {
				[ 'p' ] = 0,
				[ 'n' ] = 'GiÕtÙS­Ù§ètÙChïa',
				[ 't' ] = 'HuynhÙ§Ö',
				[ 'l' ] = 0,
				[ 'd' ] = 0,
				[ 'd_t' ] = 0,
				[ 'l_c' ] = 0,
			}
			[ 6 ] = {
				[ 'p' ] = 0,
				[ 'n' ] = 'SÊmÙSÐtÙT©yÙB¾c',
				[ 't' ] = 'HuynhÙ§Ö',
				[ 'l' ] = 0,
				[ 'd' ] = 0,
				[ 'd_t' ] = 0,
				[ 'l_c' ] = 0,
			}
			[ 7 ] = {
				[ 'p' ] = 0,
				[ 'n' ] = 'HáaÙLongÙTµÙNh©n',
				[ 't' ] = 'HuynhÙ§Ö',
				[ 'l' ] = 0,
				[ 'd' ] = 0,
				[ 'd_t' ] = 0,
				[ 'l_c' ] = 0,
			}
			[ 8 ] = {
				[ 'p' ] = 0,
				[ 'n' ] = 'LÇyÙAÙMinh',
				[ 't' ] = 'HuynhÙ§Ö',
				[ 'l' ] = 0,
				[ 'd' ] = 0,
				[ 'd_t' ] = 0,
				[ 'l_c' ] = 0,
			}
			[ 9 ] = {
				[ 'p' ] = 0,
				[ 'n' ] = '111111111',
				[ 't' ] = 'HuynhÙ§Ö',
				[ 'l' ] = 0,
				[ 'd' ] = 0,
				[ 'd_t' ] = 0,
				[ 'l_c' ] = 0,
			}
			[ 10 ] = {
				[ 'p' ] = 0,
				[ 'n' ] = '6Vâ®ang',
				[ 't' ] = 'HuynhÙ§Ö',
				[ 'l' ] = 0,
				[ 'd' ] = 0,
				[ 'd_t' ] = 0,
				[ 'l_c' ] = 0,
			}
		}
		[ 'l' ] = {
			[ 1 ] = {
				[ 'p' ] = 0,
				[ 'n' ] = 'ThiªnÙ§ÞaÙV«ÙCù',
				[ 't' ] = 'HuynhÙ§Ö',
				[ 'l' ] = 0,
				[ 'd' ] = 0,
				[ 'd_t' ] = 0,
				[ 'l_c' ] = 0,
			}
			[ 2 ] = {
				[ 'p' ] = 0,
				[ 'n' ] = 'TiÓuÙLinh',
				[ 't' ] = 'HuynhÙ§Ö',
				[ 'l' ] = 0,
				[ 'd' ] = 0,
				[ 'd_t' ] = 0,
				[ 'l_c' ] = 0,
			}
			[ 3 ] = {
				[ 'p' ] = 0,
				[ 'n' ] = '6Vâ®ang',
				[ 't' ] = 'HuynhÙ§Ö',
				[ 'l' ] = 0,
				[ 'd' ] = 0,
				[ 'd_t' ] = 0,
				[ 'l_c' ] = 0,
			}
			[ 4 ] = {
				[ 'p' ] = 0,
				[ 'n' ] = '111111111',
				[ 't' ] = 'HuynhÙ§Ö',
				[ 'l' ] = 0,
				[ 'd' ] = 0,
				[ 'd_t' ] = 0,
				[ 'l_c' ] = 0,
			}
			[ 5 ] = {
				[ 'p' ] = 0,
				[ 'n' ] = 'HDÙMÑThiªnH¹',
				[ 't' ] = 'HuynhÙ§Ö',
				[ 'l' ] = 0,
				[ 'd' ] = 0,
				[ 'd_t' ] = 0,
				[ 'l_c' ] = 0,
			}
			[ 6 ] = {
				[ 'p' ] = 0,
				[ 'n' ] = 'TriÖuÙTöÙLong',
				[ 't' ] = 'HuynhÙ§Ö',
				[ 'l' ] = 0,
				[ 'd' ] = 0,
				[ 'd_t' ] = 0,
				[ 'l_c' ] = 0,
			}
			[ 7 ] = {
				[ 'p' ] = 0,
				[ 'n' ] = '7NgaMiBuffBuff',
				[ 't' ] = 'HuynhÙ§Ö',
				[ 'l' ] = 0,
				[ 'd' ] = 0,
				[ 'd_t' ] = 0,
				[ 'l_c' ] = 0,
			}
			[ 8 ] = {
				[ 'p' ] = 0,
				[ 'n' ] = 'UyÓnÙNh·',
				[ 't' ] = 'HuynhÙ§Ö',
				[ 'l' ] = 0,
				[ 'd' ] = 0,
				[ 'd_t' ] = 0,
				[ 'l_c' ] = 0,
			}
			[ 9 ] = {
				[ 'p' ] = 0,
				[ 'n' ] = 'LÇyÙAÙMinh',
				[ 't' ] = 'HuynhÙ§Ö',
				[ 'l' ] = 0,
				[ 'd' ] = 0,
				[ 'd_t' ] = 0,
				[ 'l_c' ] = 0,
			}
			[ 10 ] = {
				[ 'p' ] = 0,
				[ 'n' ] = 'SÊmÙSÐtÙT©yÙB¾c',
				[ 't' ] = 'HuynhÙ§Ö',
				[ 'l' ] = 0,
				[ 'd' ] = 0,
				[ 'd_t' ] = 0,
				[ 'l_c' ] = 0,
			}
		}
	}
	[ 'Tong' ] = {
		[ 'HuynhÙ§Ö' ] = {
			[ 'nCamp' ] = 2,
			[ 'Receiver' ] = {
				[ 'Index' ] = 0,
				[ 'GiveAward' ] = 0,
				[ 'Name' ] = '',
			}
			[ 'aPlayer' ] = {
				[ 17 ] = 17,
				[ 18 ] = 18,
				[ 7 ] = 7,
				[ 13 ] = 13,
				[ 29 ] = 29,
				[ 73 ] = 73,
			}
			[ 'nMemCount' ] = 6,
			[ 'nID' ] = 1769458764,
			[ 'Pos_TX' ] = {
				[ 1 ] = 56785,
				[ 2 ] = 97622,
			}
			[ 'sName' ] = 'HuynhÙ§Ö',
			[ 'nIdCamp' ] = 1,
			[ 'nRevive' ] = 1,
			[ 'nDoing' ] = 0,
			[ 'nComplete' ] = 2,
		}
	}
}

[Release] [ m_TieuBangChien ]------------------------- [31-08-18 19:00:37] -------------------------
	:: File: \script\_missions\tieu_bang_chien\inc.lua

[ 'Tong_ID' ] = {
	[ 1 ] = 'HuynhÙ§Ö',
}

[ 'Mask' ] = {
}

[ 'Player' ] = {
	[ 'k' ] = {
		[ '111111111' ] = 2,
		[ 'TriÖuÙTöÙLong' ] = 5,
		[ 'HáaÙLongÙTµÙNh©n' ] = 13,
		[ 'UyÓnÙNh·' ] = 12,
		[ 'SÊmÙSÐtÙT©yÙB¾c' ] = 14,
		[ 'TiÓuÙLinh' ] = 7,
		[ '8ThóyYªnTû' ] = 10,
		[ '7NgaMiBuffBuff' ] = 8,
		[ 'GiÕtÙS­Ù§ètÙChïa' ] = 11,
		[ 'ThiªnÙNh·' ] = 9,
		[ 'HDÙMÑThiªnH¹' ] = 4,
		[ 'ThiªnÙ§ÞaÙV«ÙCù' ] = 1,
		[ '5TLSuco' ] = 3,
		[ 'BÐÙMóp' ] = 16,
		[ '6Vâ®ang' ] = 6,
		[ 'LÇyÙAÙMinh' ] = 15,
	}
	[ 'v' ] = {
		[ 1 ] = {
			[ 'p' ] = 0,
			[ 'n' ] = 'ThiªnÙ§ÞaÙV«ÙCù',
			[ 't' ] = 'HuynhÙ§Ö',
			[ 'l' ] = 0,
			[ 'd' ] = 0,
			[ 'd_t' ] = 0,
			[ 'l_c' ] = 0,
		}
		[ 2 ] = {
			[ 'p' ] = 0,
			[ 'n' ] = '5TLSuco',
			[ 't' ] = 'HuynhÙ§Ö',
			[ 'l' ] = 0,
			[ 'd' ] = 0,
			[ 'd_t' ] = 0,
			[ 'l_c' ] = 0,
		}
		[ 3 ] = {
			[ 'p' ] = 0,
			[ 'n' ] = 'SÊmÙSÐtÙT©yÙB¾c',
			[ 't' ] = 'HuynhÙ§Ö',
			[ 'l' ] = 0,
			[ 'd' ] = 0,
			[ 'd_t' ] = 0,
			[ 'l_c' ] = 0,
		}
		[ 4 ] = {
			[ 'p' ] = 0,
			[ 'n' ] = 'LÇyÙAÙMinh',
			[ 't' ] = 'HuynhÙ§Ö',
			[ 'l' ] = 0,
			[ 'd' ] = 0,
			[ 'd_t' ] = 0,
			[ 'l_c' ] = 0,
		}
		[ 5 ] = {
			[ 'p' ] = 0,
			[ 'n' ] = 'HáaÙLongÙTµÙNh©n',
			[ 't' ] = 'HuynhÙ§Ö',
			[ 'l' ] = 0,
			[ 'd' ] = 0,
			[ 'd_t' ] = 0,
			[ 'l_c' ] = 0,
		}
		[ 6 ] = {
			[ 'p' ] = 0,
			[ 'n' ] = 'GiÕtÙS­Ù§ètÙChïa',
			[ 't' ] = 'HuynhÙ§Ö',
			[ 'l' ] = 0,
			[ 'd' ] = 0,
			[ 'd_t' ] = 0,
			[ 'l_c' ] = 0,
		}
		[ 7 ] = {
			[ 'p' ] = 0,
			[ 'n' ] = '8ThóyYªnTû',
			[ 't' ] = 'HuynhÙ§Ö',
			[ 'l' ] = 0,
			[ 'd' ] = 0,
			[ 'd_t' ] = 0,
			[ 'l_c' ] = 0,
		}
		[ 8 ] = {
			[ 'p' ] = 0,
			[ 'n' ] = 'ThiªnÙNh·',
			[ 't' ] = 'HuynhÙ§Ö',
			[ 'l' ] = 0,
			[ 'd' ] = 0,
			[ 'd_t' ] = 0,
			[ 'l_c' ] = 0,
		}
		[ 9 ] = {
			[ 'p' ] = 0,
			[ 'n' ] = 'UyÓnÙNh·',
			[ 't' ] = 'HuynhÙ§Ö',
			[ 'l' ] = 0,
			[ 'd' ] = 0,
			[ 'd_t' ] = 0,
			[ 'l_c' ] = 0,
		}
		[ 10 ] = {
			[ 'p' ] = 0,
			[ 'n' ] = 'TriÖuÙTöÙLong',
			[ 't' ] = 'HuynhÙ§Ö',
			[ 'l' ] = 0,
			[ 'd' ] = 0,
			[ 'd_t' ] = 0,
			[ 'l_c' ] = 0,
		}
		[ 11 ] = {
			[ 'p' ] = 0,
			[ 'n' ] = 'TiÓuÙLinh',
			[ 't' ] = 'HuynhÙ§Ö',
			[ 'l' ] = 0,
			[ 'd' ] = 0,
			[ 'd_t' ] = 0,
			[ 'l_c' ] = 0,
		}
		[ 12 ] = {
			[ 'p' ] = 0,
			[ 'n' ] = '7NgaMiBuffBuff',
			[ 't' ] = 'HuynhÙ§Ö',
			[ 'l' ] = 0,
			[ 'd' ] = 0,
			[ 'd_t' ] = 0,
			[ 'l_c' ] = 0,
		}
		[ 13 ] = {
			[ 'p' ] = 0,
			[ 'n' ] = '6Vâ®ang',
			[ 't' ] = 'HuynhÙ§Ö',
			[ 'l' ] = 0,
			[ 'd' ] = 0,
			[ 'd_t' ] = 0,
			[ 'l_c' ] = 0,
		}
		[ 14 ] = {
			[ 'p' ] = 0,
			[ 'n' ] = 'HDÙMÑThiªnH¹',
			[ 't' ] = 'HuynhÙ§Ö',
			[ 'l' ] = 0,
			[ 'd' ] = 0,
			[ 'd_t' ] = 0,
			[ 'l_c' ] = 0,
		}
		[ 15 ] = {
			[ 'p' ] = 0,
			[ 'n' ] = '111111111',
			[ 't' ] = 'HuynhÙ§Ö',
			[ 'l' ] = 0,
			[ 'd' ] = 0,
			[ 'd_t' ] = 0,
			[ 'l_c' ] = 0,
		}
		[ 16 ] = {
			[ 'p' ] = 0,
			[ 'n' ] = 'BÐÙMóp',
			[ 't' ] = 'HuynhÙ§Ö',
			[ 'l' ] = 0,
			[ 'd' ] = 0,
			[ 'd_t' ] = 0,
			[ 'l_c' ] = 0,
		}
	}
}

[ 'Rank' ] = {
	[ 'p' ] = {
		[ 1 ] = {
			[ 'p' ] = 0,
			[ 'n' ] = 'ThiªnÙ§ÞaÙV«ÙCù',
			[ 't' ] = 'HuynhÙ§Ö',
			[ 'l' ] = 0,
			[ 'd' ] = 0,
			[ 'd_t' ] = 0,
			[ 'l_c' ] = 0,
		}
		[ 2 ] = {
			[ 'p' ] = 0,
			[ 'n' ] = '5TLSuco',
			[ 't' ] = 'HuynhÙ§Ö',
			[ 'l' ] = 0,
			[ 'd' ] = 0,
			[ 'd_t' ] = 0,
			[ 'l_c' ] = 0,
		}
		[ 3 ] = {
			[ 'p' ] = 0,
			[ 'n' ] = 'SÊmÙSÐtÙT©yÙB¾c',
			[ 't' ] = 'HuynhÙ§Ö',
			[ 'l' ] = 0,
			[ 'd' ] = 0,
			[ 'd_t' ] = 0,
			[ 'l_c' ] = 0,
		}
		[ 4 ] = {
			[ 'p' ] = 0,
			[ 'n' ] = 'LÇyÙAÙMinh',
			[ 't' ] = 'HuynhÙ§Ö',
			[ 'l' ] = 0,
			[ 'd' ] = 0,
			[ 'd_t' ] = 0,
			[ 'l_c' ] = 0,
		}
		[ 5 ] = {
			[ 'p' ] = 0,
			[ 'n' ] = 'HáaÙLongÙTµÙNh©n',
			[ 't' ] = 'HuynhÙ§Ö',
			[ 'l' ] = 0,
			[ 'd' ] = 0,
			[ 'd_t' ] = 0,
			[ 'l_c' ] = 0,
		}
		[ 6 ] = {
			[ 'p' ] = 0,
			[ 'n' ] = 'GiÕtÙS­Ù§ètÙChïa',
			[ 't' ] = 'HuynhÙ§Ö',
			[ 'l' ] = 0,
			[ 'd' ] = 0,
			[ 'd_t' ] = 0,
			[ 'l_c' ] = 0,
		}
		[ 7 ] = {
			[ 'p' ] = 0,
			[ 'n' ] = '8ThóyYªnTû',
			[ 't' ] = 'HuynhÙ§Ö',
			[ 'l' ] = 0,
			[ 'd' ] = 0,
			[ 'd_t' ] = 0,
			[ 'l_c' ] = 0,
		}
		[ 8 ] = {
			[ 'p' ] = 0,
			[ 'n' ] = 'ThiªnÙNh·',
			[ 't' ] = 'HuynhÙ§Ö',
			[ 'l' ] = 0,
			[ 'd' ] = 0,
			[ 'd_t' ] = 0,
			[ 'l_c' ] = 0,
		}
		[ 9 ] = {
			[ 'p' ] = 0,
			[ 'n' ] = 'UyÓnÙNh·',
			[ 't' ] = 'HuynhÙ§Ö',
			[ 'l' ] = 0,
			[ 'd' ] = 0,
			[ 'd_t' ] = 0,
			[ 'l_c' ] = 0,
		}
		[ 10 ] = {
			[ 'p' ] = 0,
			[ 'n' ] = 'TriÖuÙTöÙLong',
			[ 't' ] = 'HuynhÙ§Ö',
			[ 'l' ] = 0,
			[ 'd' ] = 0,
			[ 'd_t' ] = 0,
			[ 'l_c' ] = 0,
		}
	}
	[ 's' ] = {
		[ 'sort_TimerLoop' ] = 60,
		[ 'sort_Now' ] = '30-08-18_201037',
	}
	[ 'd' ] = {
		[ 1 ] = {
			[ 'p' ] = 0,
			[ 'n' ] = 'ThiªnÙ§ÞaÙV«ÙCù',
			[ 't' ] = 'HuynhÙ§Ö',
			[ 'l' ] = 0,
			[ 'd' ] = 0,
			[ 'd_t' ] = 0,
			[ 'l_c' ] = 0,
		}
		[ 2 ] = {
			[ 'p' ] = 0,
			[ 'n' ] = '5TLSuco',
			[ 't' ] = 'HuynhÙ§Ö',
			[ 'l' ] = 0,
			[ 'd' ] = 0,
			[ 'd_t' ] = 0,
			[ 'l_c' ] = 0,
		}
		[ 3 ] = {
			[ 'p' ] = 0,
			[ 'n' ] = '8ThóyYªnTû',
			[ 't' ] = 'HuynhÙ§Ö',
			[ 'l' ] = 0,
			[ 'd' ] = 0,
			[ 'd_t' ] = 0,
			[ 'l_c' ] = 0,
		}
		[ 4 ] = {
			[ 'p' ] = 0,
			[ 'n' ] = 'ThiªnÙNh·',
			[ 't' ] = 'HuynhÙ§Ö',
			[ 'l' ] = 0,
			[ 'd' ] = 0,
			[ 'd_t' ] = 0,
			[ 'l_c' ] = 0,
		}
		[ 5 ] = {
			[ 'p' ] = 0,
			[ 'n' ] = 'GiÕtÙS­Ù§ètÙChïa',
			[ 't' ] = 'HuynhÙ§Ö',
			[ 'l' ] = 0,
			[ 'd' ] = 0,
			[ 'd_t' ] = 0,
			[ 'l_c' ] = 0,
		}
		[ 6 ] = {
			[ 'p' ] = 0,
			[ 'n' ] = 'SÊmÙSÐtÙT©yÙB¾c',
			[ 't' ] = 'HuynhÙ§Ö',
			[ 'l' ] = 0,
			[ 'd' ] = 0,
			[ 'd_t' ] = 0,
			[ 'l_c' ] = 0,
		}
		[ 7 ] = {
			[ 'p' ] = 0,
			[ 'n' ] = 'HáaÙLongÙTµÙNh©n',
			[ 't' ] = 'HuynhÙ§Ö',
			[ 'l' ] = 0,
			[ 'd' ] = 0,
			[ 'd_t' ] = 0,
			[ 'l_c' ] = 0,
		}
		[ 8 ] = {
			[ 'p' ] = 0,
			[ 'n' ] = 'LÇyÙAÙMinh',
			[ 't' ] = 'HuynhÙ§Ö',
			[ 'l' ] = 0,
			[ 'd' ] = 0,
			[ 'd_t' ] = 0,
			[ 'l_c' ] = 0,
		}
		[ 9 ] = {
			[ 'p' ] = 0,
			[ 'n' ] = '111111111',
			[ 't' ] = 'HuynhÙ§Ö',
			[ 'l' ] = 0,
			[ 'd' ] = 0,
			[ 'd_t' ] = 0,
			[ 'l_c' ] = 0,
		}
		[ 10 ] = {
			[ 'p' ] = 0,
			[ 'n' ] = '6Vâ®ang',
			[ 't' ] = 'HuynhÙ§Ö',
			[ 'l' ] = 0,
			[ 'd' ] = 0,
			[ 'd_t' ] = 0,
			[ 'l_c' ] = 0,
		}
	}
	[ 'l' ] = {
		[ 1 ] = {
			[ 'p' ] = 0,
			[ 'n' ] = 'ThiªnÙ§ÞaÙV«ÙCù',
			[ 't' ] = 'HuynhÙ§Ö',
			[ 'l' ] = 0,
			[ 'd' ] = 0,
			[ 'd_t' ] = 0,
			[ 'l_c' ] = 0,
		}
		[ 2 ] = {
			[ 'p' ] = 0,
			[ 'n' ] = 'TiÓuÙLinh',
			[ 't' ] = 'HuynhÙ§Ö',
			[ 'l' ] = 0,
			[ 'd' ] = 0,
			[ 'd_t' ] = 0,
			[ 'l_c' ] = 0,
		}
		[ 3 ] = {
			[ 'p' ] = 0,
			[ 'n' ] = '6Vâ®ang',
			[ 't' ] = 'HuynhÙ§Ö',
			[ 'l' ] = 0,
			[ 'd' ] = 0,
			[ 'd_t' ] = 0,
			[ 'l_c' ] = 0,
		}
		[ 4 ] = {
			[ 'p' ] = 0,
			[ 'n' ] = '111111111',
			[ 't' ] = 'HuynhÙ§Ö',
			[ 'l' ] = 0,
			[ 'd' ] = 0,
			[ 'd_t' ] = 0,
			[ 'l_c' ] = 0,
		}
		[ 5 ] = {
			[ 'p' ] = 0,
			[ 'n' ] = 'HDÙMÑThiªnH¹',
			[ 't' ] = 'HuynhÙ§Ö',
			[ 'l' ] = 0,
			[ 'd' ] = 0,
			[ 'd_t' ] = 0,
			[ 'l_c' ] = 0,
		}
		[ 6 ] = {
			[ 'p' ] = 0,
			[ 'n' ] = 'TriÖuÙTöÙLong',
			[ 't' ] = 'HuynhÙ§Ö',
			[ 'l' ] = 0,
			[ 'd' ] = 0,
			[ 'd_t' ] = 0,
			[ 'l_c' ] = 0,
		}
		[ 7 ] = {
			[ 'p' ] = 0,
			[ 'n' ] = '7NgaMiBuffBuff',
			[ 't' ] = 'HuynhÙ§Ö',
			[ 'l' ] = 0,
			[ 'd' ] = 0,
			[ 'd_t' ] = 0,
			[ 'l_c' ] = 0,
		}
		[ 8 ] = {
			[ 'p' ] = 0,
			[ 'n' ] = 'UyÓnÙNh·',
			[ 't' ] = 'HuynhÙ§Ö',
			[ 'l' ] = 0,
			[ 'd' ] = 0,
			[ 'd_t' ] = 0,
			[ 'l_c' ] = 0,
		}
		[ 9 ] = {
			[ 'p' ] = 0,
			[ 'n' ] = 'LÇyÙAÙMinh',
			[ 't' ] = 'HuynhÙ§Ö',
			[ 'l' ] = 0,
			[ 'd' ] = 0,
			[ 'd_t' ] = 0,
			[ 'l_c' ] = 0,
		}
		[ 10 ] = {
			[ 'p' ] = 0,
			[ 'n' ] = 'SÊmÙSÐtÙT©yÙB¾c',
			[ 't' ] = 'HuynhÙ§Ö',
			[ 'l' ] = 0,
			[ 'd' ] = 0,
			[ 'd_t' ] = 0,
			[ 'l_c' ] = 0,
		}
	}
}

[ 'Tong' ] = {
	[ 'HuynhÙ§Ö' ] = {
		[ 'nCamp' ] = 2,
		[ 'Receiver' ] = {
			[ 'Index' ] = 0,
			[ 'GiveAward' ] = 0,
			[ 'Name' ] = '',
		}
		[ 'aPlayer' ] = {
		}
		[ 'nMemCount' ] = 0,
		[ 'nID' ] = 1769458764,
		[ 'Pos_TX' ] = {
			[ 1 ] = 56785,
			[ 2 ] = 97622,
		}
		[ 'sName' ] = 'HuynhÙ§Ö',
		[ 'nIdCamp' ] = 1,
		[ 'nRevive' ] = 1,
		[ 'nDoing' ] = 0,
		[ 'nComplete' ] = 2,
	}
}

------------------------- [31-08-18 20:10:37] -------------------------

	:: File: \script\_missions\tieu_bang_chien\inc.lua
[ 'm_TieuBangChien' ] = {
	[ 'Tong_ID' ] = {
		[ 1 ] = 'HuynhÙ§Ö',
		[ 2 ] = '¡nÙCh¬i',
	}
	[ 'Mask' ] = {
		[ 2 ] = 1,
	}
	[ 'Player' ] = {
		[ 'k' ] = {
			[ '111111111' ] = 1,
			[ 'NgoalongVD' ] = 8,
			[ 'B­ímÙEmÙCãÙ§éc' ] = 5,
			[ 'ZzYunazZ' ] = 4,
			[ 'NhËmÙNg·ÙHµnhÙ' ] = 3,
			[ 'OÙNyÙNoNgÙNoiÙO' ] = 2,
			[ 'EyeSmile' ] = 7,
			[ 'HDÙMÑThiªnH¹' ] = 6,
		}
		[ 'v' ] = {
			[ 1 ] = {
				[ 'p' ] = 0,
				[ 'n' ] = '111111111',
				[ 't' ] = 'HuynhÙ§Ö',
				[ 'l' ] = 0,
				[ 'd' ] = 0,
				[ 'd_t' ] = 0,
				[ 'l_c' ] = 0,
			}
			[ 2 ] = {
				[ 'p' ] = 0,
				[ 'n' ] = 'EyeSmile',
				[ 't' ] = 'HuynhÙ§Ö',
				[ 'l' ] = 0,
				[ 'd' ] = 0,
				[ 'd_t' ] = 0,
				[ 'l_c' ] = 0,
			}
			[ 3 ] = {
				[ 'p' ] = 0,
				[ 'n' ] = 'B­ímÙEmÙCãÙ§éc',
				[ 't' ] = 'HuynhÙ§Ö',
				[ 'l' ] = 0,
				[ 'd' ] = 0,
				[ 'd_t' ] = 0,
				[ 'l_c' ] = 0,
			}
			[ 4 ] = {
				[ 'p' ] = 0,
				[ 'n' ] = 'OÙNyÙNoNgÙNoiÙO',
				[ 't' ] = 'HuynhÙ§Ö',
				[ 'l' ] = 0,
				[ 'd' ] = 0,
				[ 'd_t' ] = 0,
				[ 'l_c' ] = 0,
			}
			[ 5 ] = {
				[ 'p' ] = 0,
				[ 'n' ] = 'HDÙMÑThiªnH¹',
				[ 't' ] = 'HuynhÙ§Ö',
				[ 'l' ] = 0,
				[ 'd' ] = 0,
				[ 'd_t' ] = 0,
				[ 'l_c' ] = 0,
			}
			[ 6 ] = {
				[ 'p' ] = 0,
				[ 'n' ] = 'ZzYunazZ',
				[ 't' ] = 'HuynhÙ§Ö',
				[ 'l' ] = 0,
				[ 'd' ] = 0,
				[ 'd_t' ] = 0,
				[ 'l_c' ] = 0,
			}
			[ 7 ] = {
				[ 'p' ] = 0,
				[ 'n' ] = 'NhËmÙNg·ÙHµnhÙ',
				[ 't' ] = 'HuynhÙ§Ö',
				[ 'l' ] = 0,
				[ 'd' ] = 0,
				[ 'd_t' ] = 0,
				[ 'l_c' ] = 0,
			}
			[ 8 ] = {
				[ 'p' ] = 0,
				[ 'n' ] = 'NgoalongVD',
				[ 't' ] = '¡nÙCh¬i',
				[ 'l' ] = 0,
				[ 'd' ] = 0,
				[ 'd_t' ] = 0,
				[ 'l_c' ] = 0,
			}
		}
	}
	[ 'Rank' ] = {
		[ 'p' ] = {
			[ 1 ] = {
				[ 'p' ] = 0,
				[ 'n' ] = '111111111',
				[ 't' ] = 'HuynhÙ§Ö',
				[ 'l' ] = 0,
				[ 'd' ] = 0,
				[ 'd_t' ] = 0,
				[ 'l_c' ] = 0,
			}
			[ 2 ] = {
				[ 'p' ] = 0,
				[ 'n' ] = 'EyeSmile',
				[ 't' ] = 'HuynhÙ§Ö',
				[ 'l' ] = 0,
				[ 'd' ] = 0,
				[ 'd_t' ] = 0,
				[ 'l_c' ] = 0,
			}
			[ 3 ] = {
				[ 'p' ] = 0,
				[ 'n' ] = 'B­ímÙEmÙCãÙ§éc',
				[ 't' ] = 'HuynhÙ§Ö',
				[ 'l' ] = 0,
				[ 'd' ] = 0,
				[ 'd_t' ] = 0,
				[ 'l_c' ] = 0,
			}
			[ 4 ] = {
				[ 'p' ] = 0,
				[ 'n' ] = 'OÙNyÙNoNgÙNoiÙO',
				[ 't' ] = 'HuynhÙ§Ö',
				[ 'l' ] = 0,
				[ 'd' ] = 0,
				[ 'd_t' ] = 0,
				[ 'l_c' ] = 0,
			}
			[ 5 ] = {
				[ 'p' ] = 0,
				[ 'n' ] = 'HDÙMÑThiªnH¹',
				[ 't' ] = 'HuynhÙ§Ö',
				[ 'l' ] = 0,
				[ 'd' ] = 0,
				[ 'd_t' ] = 0,
				[ 'l_c' ] = 0,
			}
			[ 6 ] = {
				[ 'p' ] = 0,
				[ 'n' ] = 'ZzYunazZ',
				[ 't' ] = 'HuynhÙ§Ö',
				[ 'l' ] = 0,
				[ 'd' ] = 0,
				[ 'd_t' ] = 0,
				[ 'l_c' ] = 0,
			}
			[ 7 ] = {
				[ 'p' ] = 0,
				[ 'n' ] = 'NhËmÙNg·ÙHµnhÙ',
				[ 't' ] = 'HuynhÙ§Ö',
				[ 'l' ] = 0,
				[ 'd' ] = 0,
				[ 'd_t' ] = 0,
				[ 'l_c' ] = 0,
			}
			[ 8 ] = {
				[ 'p' ] = 0,
				[ 'n' ] = 'NgoalongVD',
				[ 't' ] = '¡nÙCh¬i',
				[ 'l' ] = 0,
				[ 'd' ] = 0,
				[ 'd_t' ] = 0,
				[ 'l_c' ] = 0,
			}
		}
		[ 's' ] = {
			[ 'sort_TimerLoop' ] = 60,
			[ 'sort_Now' ] = '31-08-18_201037',
		}
		[ 'd' ] = {
			[ 1 ] = {
				[ 'p' ] = 0,
				[ 'n' ] = '111111111',
				[ 't' ] = 'HuynhÙ§Ö',
				[ 'l' ] = 0,
				[ 'd' ] = 0,
				[ 'd_t' ] = 0,
				[ 'l_c' ] = 0,
			}
			[ 2 ] = {
				[ 'p' ] = 0,
				[ 'n' ] = 'B­ímÙEmÙCãÙ§éc',
				[ 't' ] = 'HuynhÙ§Ö',
				[ 'l' ] = 0,
				[ 'd' ] = 0,
				[ 'd_t' ] = 0,
				[ 'l_c' ] = 0,
			}
			[ 3 ] = {
				[ 'p' ] = 0,
				[ 'n' ] = 'OÙNyÙNoNgÙNoiÙO',
				[ 't' ] = 'HuynhÙ§Ö',
				[ 'l' ] = 0,
				[ 'd' ] = 0,
				[ 'd_t' ] = 0,
				[ 'l_c' ] = 0,
			}
			[ 4 ] = {
				[ 'p' ] = 0,
				[ 'n' ] = 'EyeSmile',
				[ 't' ] = 'HuynhÙ§Ö',
				[ 'l' ] = 0,
				[ 'd' ] = 0,
				[ 'd_t' ] = 0,
				[ 'l_c' ] = 0,
			}
			[ 5 ] = {
				[ 'p' ] = 0,
				[ 'n' ] = 'ZzYunazZ',
				[ 't' ] = 'HuynhÙ§Ö',
				[ 'l' ] = 0,
				[ 'd' ] = 0,
				[ 'd_t' ] = 0,
				[ 'l_c' ] = 0,
			}
			[ 6 ] = {
				[ 'p' ] = 0,
				[ 'n' ] = 'NhËmÙNg·ÙHµnhÙ',
				[ 't' ] = 'HuynhÙ§Ö',
				[ 'l' ] = 0,
				[ 'd' ] = 0,
				[ 'd_t' ] = 0,
				[ 'l_c' ] = 0,
			}
			[ 7 ] = {
				[ 'p' ] = 0,
				[ 'n' ] = 'HDÙMÑThiªnH¹',
				[ 't' ] = 'HuynhÙ§Ö',
				[ 'l' ] = 0,
				[ 'd' ] = 0,
				[ 'd_t' ] = 0,
				[ 'l_c' ] = 0,
			}
			[ 8 ] = {
				[ 'p' ] = 0,
				[ 'n' ] = 'NgoalongVD',
				[ 't' ] = '¡nÙCh¬i',
				[ 'l' ] = 0,
				[ 'd' ] = 0,
				[ 'd_t' ] = 0,
				[ 'l_c' ] = 0,
			}
		}
		[ 'l' ] = {
			[ 1 ] = {
				[ 'p' ] = 0,
				[ 'n' ] = '111111111',
				[ 't' ] = 'HuynhÙ§Ö',
				[ 'l' ] = 0,
				[ 'd' ] = 0,
				[ 'd_t' ] = 0,
				[ 'l_c' ] = 0,
			}
			[ 2 ] = {
				[ 'p' ] = 0,
				[ 'n' ] = 'ZzYunazZ',
				[ 't' ] = 'HuynhÙ§Ö',
				[ 'l' ] = 0,
				[ 'd' ] = 0,
				[ 'd_t' ] = 0,
				[ 'l_c' ] = 0,
			}
			[ 3 ] = {
				[ 'p' ] = 0,
				[ 'n' ] = 'NhËmÙNg·ÙHµnhÙ',
				[ 't' ] = 'HuynhÙ§Ö',
				[ 'l' ] = 0,
				[ 'd' ] = 0,
				[ 'd_t' ] = 0,
				[ 'l_c' ] = 0,
			}
			[ 4 ] = {
				[ 'p' ] = 0,
				[ 'n' ] = 'HDÙMÑThiªnH¹',
				[ 't' ] = 'HuynhÙ§Ö',
				[ 'l' ] = 0,
				[ 'd' ] = 0,
				[ 'd_t' ] = 0,
				[ 'l_c' ] = 0,
			}
			[ 5 ] = {
				[ 'p' ] = 0,
				[ 'n' ] = 'EyeSmile',
				[ 't' ] = 'HuynhÙ§Ö',
				[ 'l' ] = 0,
				[ 'd' ] = 0,
				[ 'd_t' ] = 0,
				[ 'l_c' ] = 0,
			}
			[ 6 ] = {
				[ 'p' ] = 0,
				[ 'n' ] = 'B­ímÙEmÙCãÙ§éc',
				[ 't' ] = 'HuynhÙ§Ö',
				[ 'l' ] = 0,
				[ 'd' ] = 0,
				[ 'd_t' ] = 0,
				[ 'l_c' ] = 0,
			}
			[ 7 ] = {
				[ 'p' ] = 0,
				[ 'n' ] = 'OÙNyÙNoNgÙNoiÙO',
				[ 't' ] = 'HuynhÙ§Ö',
				[ 'l' ] = 0,
				[ 'd' ] = 0,
				[ 'd_t' ] = 0,
				[ 'l_c' ] = 0,
			}
			[ 8 ] = {
				[ 'p' ] = 0,
				[ 'n' ] = 'NgoalongVD',
				[ 't' ] = '¡nÙCh¬i',
				[ 'l' ] = 0,
				[ 'd' ] = 0,
				[ 'd_t' ] = 0,
				[ 'l_c' ] = 0,
			}
		}
	}
	[ 'Tong' ] = {
		[ '¡nÙCh¬i' ] = {
			[ 'nCamp' ] = 3,
			[ 'Receiver' ] = {
				[ 'Index' ] = 0,
				[ 'GiveAward' ] = 0,
				[ 'Name' ] = '',
			}
			[ 'aPlayer' ] = {
				[ 105 ] = 105,
			}
			[ 'nMemCount' ] = 1,
			[ 'nID' ] = 1258813029,
			[ 'Pos_TX' ] = {
				[ 1 ] = 0,
				[ 2 ] = 0,
			}
			[ 'sName' ] = '¡nÙCh¬i',
			[ 'nIdCamp' ] = 2,
			[ 'nRevive' ] = 2,
			[ 'nDoing' ] = 0,
			[ 'nComplete' ] = 0,
		}
		[ 'HuynhÙ§Ö' ] = {
			[ 'nCamp' ] = 2,
			[ 'Receiver' ] = {
				[ 'Index' ] = 0,
				[ 'GiveAward' ] = 0,
				[ 'Name' ] = '',
			}
			[ 'mMask' ] = 2,
			[ 'aPlayer' ] = {
			}
			[ 'nMemCount' ] = 0,
			[ 'nID' ] = 1769458764,
			[ 'Pos_TX' ] = {
				[ 1 ] = 56785,
				[ 2 ] = 97625,
			}
			[ 'sName' ] = 'HuynhÙ§Ö',
			[ 'nIdCamp' ] = 1,
			[ 'nRevive' ] = 1,
			[ 'nDoing' ] = 0,
			[ 'nComplete' ] = 2,
		}
	}
}

[Release] [ m_TieuBangChien ]------------------------- [01-09-18 19:00:56] -------------------------
	:: File: \script\_missions\tieu_bang_chien\inc.lua

------------------------- [01-09-18 20:10:56] -------------------------

	:: File: \script\_missions\tieu_bang_chien\inc.lua
[ 'm_TieuBangChien' ] = {
	[ 'Tong_ID' ] = {
		[ 1 ] = 'HuynhÙ§Ö',
	}
	[ 'Mask' ] = {
		[ 1 ] = 1,
	}
	[ 'Player' ] = {
		[ 'k' ] = {
			[ '6Vâ®ang' ] = 2,
			[ '8ThóyYªnTû' ] = 4,
			[ '7NgaMiBuffBuff' ] = 3,
			[ '9§écV«Biªn' ] = 5,
			[ 'HDÙMÑThiªnH¹' ] = 8,
			[ '10HáaCaCa' ] = 6,
			[ '5TLSuco' ] = 1,
			[ 'NhËmÙNg·ÙHµnhÙ' ] = 7,
		}
		[ 'v' ] = {
			[ 1 ] = {
				[ 'p' ] = 0,
				[ 'n' ] = '5TLSuco',
				[ 't' ] = 'HuynhÙ§Ö',
				[ 'l' ] = 0,
				[ 'd' ] = 0,
				[ 'd_t' ] = 0,
				[ 'l_c' ] = 0,
			}
			[ 2 ] = {
				[ 'p' ] = 0,
				[ 'n' ] = 'NhËmÙNg·ÙHµnhÙ',
				[ 't' ] = 'HuynhÙ§Ö',
				[ 'l' ] = 0,
				[ 'd' ] = 0,
				[ 'd_t' ] = 0,
				[ 'l_c' ] = 0,
			}
			[ 3 ] = {
				[ 'p' ] = 0,
				[ 'n' ] = '7NgaMiBuffBuff',
				[ 't' ] = 'HuynhÙ§Ö',
				[ 'l' ] = 0,
				[ 'd' ] = 0,
				[ 'd_t' ] = 0,
				[ 'l_c' ] = 0,
			}
			[ 4 ] = {
				[ 'p' ] = 0,
				[ 'n' ] = '10HáaCaCa',
				[ 't' ] = 'HuynhÙ§Ö',
				[ 'l' ] = 0,
				[ 'd' ] = 0,
				[ 'd_t' ] = 0,
				[ 'l_c' ] = 0,
			}
			[ 5 ] = {
				[ 'p' ] = 0,
				[ 'n' ] = '8ThóyYªnTû',
				[ 't' ] = 'HuynhÙ§Ö',
				[ 'l' ] = 0,
				[ 'd' ] = 0,
				[ 'd_t' ] = 0,
				[ 'l_c' ] = 0,
			}
			[ 6 ] = {
				[ 'p' ] = 0,
				[ 'n' ] = '6Vâ®ang',
				[ 't' ] = 'HuynhÙ§Ö',
				[ 'l' ] = 0,
				[ 'd' ] = 0,
				[ 'd_t' ] = 0,
				[ 'l_c' ] = 0,
			}
			[ 7 ] = {
				[ 'p' ] = 0,
				[ 'n' ] = '9§écV«Biªn',
				[ 't' ] = 'HuynhÙ§Ö',
				[ 'l' ] = 0,
				[ 'd' ] = 0,
				[ 'd_t' ] = 0,
				[ 'l_c' ] = 0,
			}
			[ 8 ] = {
				[ 'p' ] = 0,
				[ 'n' ] = 'HDÙMÑThiªnH¹',
				[ 't' ] = 'HuynhÙ§Ö',
				[ 'l' ] = 0,
				[ 'd' ] = 0,
				[ 'd_t' ] = 0,
				[ 'l_c' ] = 0,
			}
		}
	}
	[ 'Rank' ] = {
		[ 'p' ] = {
			[ 1 ] = {
				[ 'p' ] = 0,
				[ 'n' ] = '5TLSuco',
				[ 't' ] = 'HuynhÙ§Ö',
				[ 'l' ] = 0,
				[ 'd' ] = 0,
				[ 'd_t' ] = 0,
				[ 'l_c' ] = 0,
			}
			[ 2 ] = {
				[ 'p' ] = 0,
				[ 'n' ] = 'NhËmÙNg·ÙHµnhÙ',
				[ 't' ] = 'HuynhÙ§Ö',
				[ 'l' ] = 0,
				[ 'd' ] = 0,
				[ 'd_t' ] = 0,
				[ 'l_c' ] = 0,
			}
			[ 3 ] = {
				[ 'p' ] = 0,
				[ 'n' ] = '7NgaMiBuffBuff',
				[ 't' ] = 'HuynhÙ§Ö',
				[ 'l' ] = 0,
				[ 'd' ] = 0,
				[ 'd_t' ] = 0,
				[ 'l_c' ] = 0,
			}
			[ 4 ] = {
				[ 'p' ] = 0,
				[ 'n' ] = '10HáaCaCa',
				[ 't' ] = 'HuynhÙ§Ö',
				[ 'l' ] = 0,
				[ 'd' ] = 0,
				[ 'd_t' ] = 0,
				[ 'l_c' ] = 0,
			}
			[ 5 ] = {
				[ 'p' ] = 0,
				[ 'n' ] = '8ThóyYªnTû',
				[ 't' ] = 'HuynhÙ§Ö',
				[ 'l' ] = 0,
				[ 'd' ] = 0,
				[ 'd_t' ] = 0,
				[ 'l_c' ] = 0,
			}
			[ 6 ] = {
				[ 'p' ] = 0,
				[ 'n' ] = '6Vâ®ang',
				[ 't' ] = 'HuynhÙ§Ö',
				[ 'l' ] = 0,
				[ 'd' ] = 0,
				[ 'd_t' ] = 0,
				[ 'l_c' ] = 0,
			}
			[ 7 ] = {
				[ 'p' ] = 0,
				[ 'n' ] = '9§écV«Biªn',
				[ 't' ] = 'HuynhÙ§Ö',
				[ 'l' ] = 0,
				[ 'd' ] = 0,
				[ 'd_t' ] = 0,
				[ 'l_c' ] = 0,
			}
			[ 8 ] = {
				[ 'p' ] = 0,
				[ 'n' ] = 'HDÙMÑThiªnH¹',
				[ 't' ] = 'HuynhÙ§Ö',
				[ 'l' ] = 0,
				[ 'd' ] = 0,
				[ 'd_t' ] = 0,
				[ 'l_c' ] = 0,
			}
		}
		[ 's' ] = {
			[ 'sort_TimerLoop' ] = 60,
			[ 'sort_Now' ] = '01-09-18_201056',
		}
		[ 'd' ] = {
			[ 1 ] = {
				[ 'p' ] = 0,
				[ 'n' ] = '5TLSuco',
				[ 't' ] = 'HuynhÙ§Ö',
				[ 'l' ] = 0,
				[ 'd' ] = 0,
				[ 'd_t' ] = 0,
				[ 'l_c' ] = 0,
			}
			[ 2 ] = {
				[ 'p' ] = 0,
				[ 'n' ] = '7NgaMiBuffBuff',
				[ 't' ] = 'HuynhÙ§Ö',
				[ 'l' ] = 0,
				[ 'd' ] = 0,
				[ 'd_t' ] = 0,
				[ 'l_c' ] = 0,
			}
			[ 3 ] = {
				[ 'p' ] = 0,
				[ 'n' ] = '10HáaCaCa',
				[ 't' ] = 'HuynhÙ§Ö',
				[ 'l' ] = 0,
				[ 'd' ] = 0,
				[ 'd_t' ] = 0,
				[ 'l_c' ] = 0,
			}
			[ 4 ] = {
				[ 'p' ] = 0,
				[ 'n' ] = 'NhËmÙNg·ÙHµnhÙ',
				[ 't' ] = 'HuynhÙ§Ö',
				[ 'l' ] = 0,
				[ 'd' ] = 0,
				[ 'd_t' ] = 0,
				[ 'l_c' ] = 0,
			}
			[ 5 ] = {
				[ 'p' ] = 0,
				[ 'n' ] = '6Vâ®ang',
				[ 't' ] = 'HuynhÙ§Ö',
				[ 'l' ] = 0,
				[ 'd' ] = 0,
				[ 'd_t' ] = 0,
				[ 'l_c' ] = 0,
			}
			[ 6 ] = {
				[ 'p' ] = 0,
				[ 'n' ] = '9§écV«Biªn',
				[ 't' ] = 'HuynhÙ§Ö',
				[ 'l' ] = 0,
				[ 'd' ] = 0,
				[ 'd_t' ] = 0,
				[ 'l_c' ] = 0,
			}
			[ 7 ] = {
				[ 'p' ] = 0,
				[ 'n' ] = '8ThóyYªnTû',
				[ 't' ] = 'HuynhÙ§Ö',
				[ 'l' ] = 0,
				[ 'd' ] = 0,
				[ 'd_t' ] = 0,
				[ 'l_c' ] = 0,
			}
			[ 8 ] = {
				[ 'p' ] = 0,
				[ 'n' ] = 'HDÙMÑThiªnH¹',
				[ 't' ] = 'HuynhÙ§Ö',
				[ 'l' ] = 0,
				[ 'd' ] = 0,
				[ 'd_t' ] = 0,
				[ 'l_c' ] = 0,
			}
		}
		[ 'l' ] = {
			[ 1 ] = {
				[ 'p' ] = 0,
				[ 'n' ] = '5TLSuco',
				[ 't' ] = 'HuynhÙ§Ö',
				[ 'l' ] = 0,
				[ 'd' ] = 0,
				[ 'd_t' ] = 0,
				[ 'l_c' ] = 0,
			}
			[ 2 ] = {
				[ 'p' ] = 0,
				[ 'n' ] = '6Vâ®ang',
				[ 't' ] = 'HuynhÙ§Ö',
				[ 'l' ] = 0,
				[ 'd' ] = 0,
				[ 'd_t' ] = 0,
				[ 'l_c' ] = 0,
			}
			[ 3 ] = {
				[ 'p' ] = 0,
				[ 'n' ] = '9§écV«Biªn',
				[ 't' ] = 'HuynhÙ§Ö',
				[ 'l' ] = 0,
				[ 'd' ] = 0,
				[ 'd_t' ] = 0,
				[ 'l_c' ] = 0,
			}
			[ 4 ] = {
				[ 'p' ] = 0,
				[ 'n' ] = '8ThóyYªnTû',
				[ 't' ] = 'HuynhÙ§Ö',
				[ 'l' ] = 0,
				[ 'd' ] = 0,
				[ 'd_t' ] = 0,
				[ 'l_c' ] = 0,
			}
			[ 5 ] = {
				[ 'p' ] = 0,
				[ 'n' ] = 'NhËmÙNg·ÙHµnhÙ',
				[ 't' ] = 'HuynhÙ§Ö',
				[ 'l' ] = 0,
				[ 'd' ] = 0,
				[ 'd_t' ] = 0,
				[ 'l_c' ] = 0,
			}
			[ 6 ] = {
				[ 'p' ] = 0,
				[ 'n' ] = '7NgaMiBuffBuff',
				[ 't' ] = 'HuynhÙ§Ö',
				[ 'l' ] = 0,
				[ 'd' ] = 0,
				[ 'd_t' ] = 0,
				[ 'l_c' ] = 0,
			}
			[ 7 ] = {
				[ 'p' ] = 0,
				[ 'n' ] = '10HáaCaCa',
				[ 't' ] = 'HuynhÙ§Ö',
				[ 'l' ] = 0,
				[ 'd' ] = 0,
				[ 'd_t' ] = 0,
				[ 'l_c' ] = 0,
			}
			[ 8 ] = {
				[ 'p' ] = 0,
				[ 'n' ] = 'HDÙMÑThiªnH¹',
				[ 't' ] = 'HuynhÙ§Ö',
				[ 'l' ] = 0,
				[ 'd' ] = 0,
				[ 'd_t' ] = 0,
				[ 'l_c' ] = 0,
			}
		}
	}
	[ 'Tong' ] = {
		[ 'HuynhÙ§Ö' ] = {
			[ 'nCamp' ] = 2,
			[ 'Receiver' ] = {
				[ 'Index' ] = 0,
				[ 'GiveAward' ] = 0,
				[ 'Name' ] = '',
			}
			[ 'mMask' ] = 1,
			[ 'aPlayer' ] = {
			}
			[ 'nMemCount' ] = 0,
			[ 'nID' ] = 1769458764,
			[ 'Pos_TX' ] = {
				[ 1 ] = 56785,
				[ 2 ] = 97622,
			}
			[ 'sName' ] = 'HuynhÙ§Ö',
			[ 'nIdCamp' ] = 1,
			[ 'nRevive' ] = 1,
			[ 'nDoing' ] = 0,
			[ 'nComplete' ] = 2,
		}
	}
}

[Release] [ m_TieuBangChien ]------------------------- [02-09-18 19:00:56] -------------------------
	:: File: \script\_missions\tieu_bang_chien\inc.lua

[ 'Tong_ID' ] = {
	[ 1 ] = 'HuynhÙ§Ö',
}

[ 'Mask' ] = {
	[ 1 ] = 1,
}

[ 'Player' ] = {
	[ 'k' ] = {
		[ '6Vâ®ang' ] = 2,
		[ '8ThóyYªnTû' ] = 4,
		[ '7NgaMiBuffBuff' ] = 3,
		[ '9§écV«Biªn' ] = 5,
		[ 'HDÙMÑThiªnH¹' ] = 8,
		[ '10HáaCaCa' ] = 6,
		[ '5TLSuco' ] = 1,
		[ 'NhËmÙNg·ÙHµnhÙ' ] = 7,
	}
	[ 'v' ] = {
		[ 1 ] = {
			[ 'p' ] = 0,
			[ 'n' ] = '5TLSuco',
			[ 't' ] = 'HuynhÙ§Ö',
			[ 'l' ] = 0,
			[ 'd' ] = 0,
			[ 'd_t' ] = 0,
			[ 'l_c' ] = 0,
		}
		[ 2 ] = {
			[ 'p' ] = 0,
			[ 'n' ] = 'NhËmÙNg·ÙHµnhÙ',
			[ 't' ] = 'HuynhÙ§Ö',
			[ 'l' ] = 0,
			[ 'd' ] = 0,
			[ 'd_t' ] = 0,
			[ 'l_c' ] = 0,
		}
		[ 3 ] = {
			[ 'p' ] = 0,
			[ 'n' ] = '7NgaMiBuffBuff',
			[ 't' ] = 'HuynhÙ§Ö',
			[ 'l' ] = 0,
			[ 'd' ] = 0,
			[ 'd_t' ] = 0,
			[ 'l_c' ] = 0,
		}
		[ 4 ] = {
			[ 'p' ] = 0,
			[ 'n' ] = '10HáaCaCa',
			[ 't' ] = 'HuynhÙ§Ö',
			[ 'l' ] = 0,
			[ 'd' ] = 0,
			[ 'd_t' ] = 0,
			[ 'l_c' ] = 0,
		}
		[ 5 ] = {
			[ 'p' ] = 0,
			[ 'n' ] = '8ThóyYªnTû',
			[ 't' ] = 'HuynhÙ§Ö',
			[ 'l' ] = 0,
			[ 'd' ] = 0,
			[ 'd_t' ] = 0,
			[ 'l_c' ] = 0,
		}
		[ 6 ] = {
			[ 'p' ] = 0,
			[ 'n' ] = '6Vâ®ang',
			[ 't' ] = 'HuynhÙ§Ö',
			[ 'l' ] = 0,
			[ 'd' ] = 0,
			[ 'd_t' ] = 0,
			[ 'l_c' ] = 0,
		}
		[ 7 ] = {
			[ 'p' ] = 0,
			[ 'n' ] = '9§écV«Biªn',
			[ 't' ] = 'HuynhÙ§Ö',
			[ 'l' ] = 0,
			[ 'd' ] = 0,
			[ 'd_t' ] = 0,
			[ 'l_c' ] = 0,
		}
		[ 8 ] = {
			[ 'p' ] = 0,
			[ 'n' ] = 'HDÙMÑThiªnH¹',
			[ 't' ] = 'HuynhÙ§Ö',
			[ 'l' ] = 0,
			[ 'd' ] = 0,
			[ 'd_t' ] = 0,
			[ 'l_c' ] = 0,
		}
	}
}

[ 'Rank' ] = {
	[ 'p' ] = {
		[ 1 ] = {
			[ 'p' ] = 0,
			[ 'n' ] = '5TLSuco',
			[ 't' ] = 'HuynhÙ§Ö',
			[ 'l' ] = 0,
			[ 'd' ] = 0,
			[ 'd_t' ] = 0,
			[ 'l_c' ] = 0,
		}
		[ 2 ] = {
			[ 'p' ] = 0,
			[ 'n' ] = 'NhËmÙNg·ÙHµnhÙ',
			[ 't' ] = 'HuynhÙ§Ö',
			[ 'l' ] = 0,
			[ 'd' ] = 0,
			[ 'd_t' ] = 0,
			[ 'l_c' ] = 0,
		}
		[ 3 ] = {
			[ 'p' ] = 0,
			[ 'n' ] = '7NgaMiBuffBuff',
			[ 't' ] = 'HuynhÙ§Ö',
			[ 'l' ] = 0,
			[ 'd' ] = 0,
			[ 'd_t' ] = 0,
			[ 'l_c' ] = 0,
		}
		[ 4 ] = {
			[ 'p' ] = 0,
			[ 'n' ] = '10HáaCaCa',
			[ 't' ] = 'HuynhÙ§Ö',
			[ 'l' ] = 0,
			[ 'd' ] = 0,
			[ 'd_t' ] = 0,
			[ 'l_c' ] = 0,
		}
		[ 5 ] = {
			[ 'p' ] = 0,
			[ 'n' ] = '8ThóyYªnTû',
			[ 't' ] = 'HuynhÙ§Ö',
			[ 'l' ] = 0,
			[ 'd' ] = 0,
			[ 'd_t' ] = 0,
			[ 'l_c' ] = 0,
		}
		[ 6 ] = {
			[ 'p' ] = 0,
			[ 'n' ] = '6Vâ®ang',
			[ 't' ] = 'HuynhÙ§Ö',
			[ 'l' ] = 0,
			[ 'd' ] = 0,
			[ 'd_t' ] = 0,
			[ 'l_c' ] = 0,
		}
		[ 7 ] = {
			[ 'p' ] = 0,
			[ 'n' ] = '9§écV«Biªn',
			[ 't' ] = 'HuynhÙ§Ö',
			[ 'l' ] = 0,
			[ 'd' ] = 0,
			[ 'd_t' ] = 0,
			[ 'l_c' ] = 0,
		}
		[ 8 ] = {
			[ 'p' ] = 0,
			[ 'n' ] = 'HDÙMÑThiªnH¹',
			[ 't' ] = 'HuynhÙ§Ö',
			[ 'l' ] = 0,
			[ 'd' ] = 0,
			[ 'd_t' ] = 0,
			[ 'l_c' ] = 0,
		}
	}
	[ 's' ] = {
		[ 'sort_TimerLoop' ] = 60,
		[ 'sort_Now' ] = '01-09-18_201056',
	}
	[ 'd' ] = {
		[ 1 ] = {
			[ 'p' ] = 0,
			[ 'n' ] = '5TLSuco',
			[ 't' ] = 'HuynhÙ§Ö',
			[ 'l' ] = 0,
			[ 'd' ] = 0,
			[ 'd_t' ] = 0,
			[ 'l_c' ] = 0,
		}
		[ 2 ] = {
			[ 'p' ] = 0,
			[ 'n' ] = '7NgaMiBuffBuff',
			[ 't' ] = 'HuynhÙ§Ö',
			[ 'l' ] = 0,
			[ 'd' ] = 0,
			[ 'd_t' ] = 0,
			[ 'l_c' ] = 0,
		}
		[ 3 ] = {
			[ 'p' ] = 0,
			[ 'n' ] = '10HáaCaCa',
			[ 't' ] = 'HuynhÙ§Ö',
			[ 'l' ] = 0,
			[ 'd' ] = 0,
			[ 'd_t' ] = 0,
			[ 'l_c' ] = 0,
		}
		[ 4 ] = {
			[ 'p' ] = 0,
			[ 'n' ] = 'NhËmÙNg·ÙHµnhÙ',
			[ 't' ] = 'HuynhÙ§Ö',
			[ 'l' ] = 0,
			[ 'd' ] = 0,
			[ 'd_t' ] = 0,
			[ 'l_c' ] = 0,
		}
		[ 5 ] = {
			[ 'p' ] = 0,
			[ 'n' ] = '6Vâ®ang',
			[ 't' ] = 'HuynhÙ§Ö',
			[ 'l' ] = 0,
			[ 'd' ] = 0,
			[ 'd_t' ] = 0,
			[ 'l_c' ] = 0,
		}
		[ 6 ] = {
			[ 'p' ] = 0,
			[ 'n' ] = '9§écV«Biªn',
			[ 't' ] = 'HuynhÙ§Ö',
			[ 'l' ] = 0,
			[ 'd' ] = 0,
			[ 'd_t' ] = 0,
			[ 'l_c' ] = 0,
		}
		[ 7 ] = {
			[ 'p' ] = 0,
			[ 'n' ] = '8ThóyYªnTû',
			[ 't' ] = 'HuynhÙ§Ö',
			[ 'l' ] = 0,
			[ 'd' ] = 0,
			[ 'd_t' ] = 0,
			[ 'l_c' ] = 0,
		}
		[ 8 ] = {
			[ 'p' ] = 0,
			[ 'n' ] = 'HDÙMÑThiªnH¹',
			[ 't' ] = 'HuynhÙ§Ö',
			[ 'l' ] = 0,
			[ 'd' ] = 0,
			[ 'd_t' ] = 0,
			[ 'l_c' ] = 0,
		}
	}
	[ 'l' ] = {
		[ 1 ] = {
			[ 'p' ] = 0,
			[ 'n' ] = '5TLSuco',
			[ 't' ] = 'HuynhÙ§Ö',
			[ 'l' ] = 0,
			[ 'd' ] = 0,
			[ 'd_t' ] = 0,
			[ 'l_c' ] = 0,
		}
		[ 2 ] = {
			[ 'p' ] = 0,
			[ 'n' ] = '6Vâ®ang',
			[ 't' ] = 'HuynhÙ§Ö',
			[ 'l' ] = 0,
			[ 'd' ] = 0,
			[ 'd_t' ] = 0,
			[ 'l_c' ] = 0,
		}
		[ 3 ] = {
			[ 'p' ] = 0,
			[ 'n' ] = '9§écV«Biªn',
			[ 't' ] = 'HuynhÙ§Ö',
			[ 'l' ] = 0,
			[ 'd' ] = 0,
			[ 'd_t' ] = 0,
			[ 'l_c' ] = 0,
		}
		[ 4 ] = {
			[ 'p' ] = 0,
			[ 'n' ] = '8ThóyYªnTû',
			[ 't' ] = 'HuynhÙ§Ö',
			[ 'l' ] = 0,
			[ 'd' ] = 0,
			[ 'd_t' ] = 0,
			[ 'l_c' ] = 0,
		}
		[ 5 ] = {
			[ 'p' ] = 0,
			[ 'n' ] = 'NhËmÙNg·ÙHµnhÙ',
			[ 't' ] = 'HuynhÙ§Ö',
			[ 'l' ] = 0,
			[ 'd' ] = 0,
			[ 'd_t' ] = 0,
			[ 'l_c' ] = 0,
		}
		[ 6 ] = {
			[ 'p' ] = 0,
			[ 'n' ] = '7NgaMiBuffBuff',
			[ 't' ] = 'HuynhÙ§Ö',
			[ 'l' ] = 0,
			[ 'd' ] = 0,
			[ 'd_t' ] = 0,
			[ 'l_c' ] = 0,
		}
		[ 7 ] = {
			[ 'p' ] = 0,
			[ 'n' ] = '10HáaCaCa',
			[ 't' ] = 'HuynhÙ§Ö',
			[ 'l' ] = 0,
			[ 'd' ] = 0,
			[ 'd_t' ] = 0,
			[ 'l_c' ] = 0,
		}
		[ 8 ] = {
			[ 'p' ] = 0,
			[ 'n' ] = 'HDÙMÑThiªnH¹',
			[ 't' ] = 'HuynhÙ§Ö',
			[ 'l' ] = 0,
			[ 'd' ] = 0,
			[ 'd_t' ] = 0,
			[ 'l_c' ] = 0,
		}
	}
}

[ 'Tong' ] = {
	[ 'HuynhÙ§Ö' ] = {
		[ 'nCamp' ] = 2,
		[ 'Receiver' ] = {
			[ 'Index' ] = 0,
			[ 'GiveAward' ] = 0,
			[ 'Name' ] = '',
		}
		[ 'mMask' ] = 1,
		[ 'aPlayer' ] = {
		}
		[ 'nMemCount' ] = 0,
		[ 'nID' ] = 1769458764,
		[ 'Pos_TX' ] = {
			[ 1 ] = 56785,
			[ 2 ] = 97622,
		}
		[ 'sName' ] = 'HuynhÙ§Ö',
		[ 'nIdCamp' ] = 1,
		[ 'nRevive' ] = 1,
		[ 'nDoing' ] = 0,
		[ 'nComplete' ] = 2,
	}
}

------------------------- [02-09-18 20:10:55] -------------------------

	:: File: \script\_missions\tieu_bang_chien\inc.lua
[ 'm_TieuBangChien' ] = {
	[ 'Tong_ID' ] = {
		[ 1 ] = 'HuynhÙ§Ö',
	}
	[ 'Mask' ] = {
		[ 8 ] = 1,
	}
	[ 'Player' ] = {
		[ 'k' ] = {
			[ '6Vâ®ang' ] = 2,
			[ '8ThóyYªnTû' ] = 3,
			[ '7NgaMiBuffBuff' ] = 5,
			[ '9§écV«Biªn' ] = 7,
			[ 'ZzYunazZ' ] = 6,
			[ '10HáaCaCa' ] = 4,
			[ '5TLSuco' ] = 1,
			[ '1234566789' ] = 10,
			[ 'HDÙbuff' ] = 9,
			[ 'HDÙMÑThiªnH¹' ] = 8,
		}
		[ 'v' ] = {
			[ 1 ] = {
				[ 'p' ] = 0,
				[ 'n' ] = '5TLSuco',
				[ 't' ] = 'HuynhÙ§Ö',
				[ 'l' ] = 0,
				[ 'd' ] = 0,
				[ 'd_t' ] = 0,
				[ 'l_c' ] = 0,
			}
			[ 2 ] = {
				[ 'p' ] = 0,
				[ 'n' ] = 'ZzYunazZ',
				[ 't' ] = 'HuynhÙ§Ö',
				[ 'l' ] = 0,
				[ 'd' ] = 0,
				[ 'd_t' ] = 0,
				[ 'l_c' ] = 0,
			}
			[ 3 ] = {
				[ 'p' ] = 0,
				[ 'n' ] = '9§écV«Biªn',
				[ 't' ] = 'HuynhÙ§Ö',
				[ 'l' ] = 0,
				[ 'd' ] = 0,
				[ 'd_t' ] = 0,
				[ 'l_c' ] = 0,
			}
			[ 4 ] = {
				[ 'p' ] = 0,
				[ 'n' ] = 'HDÙMÑThiªnH¹',
				[ 't' ] = 'HuynhÙ§Ö',
				[ 'l' ] = 0,
				[ 'd' ] = 0,
				[ 'd_t' ] = 0,
				[ 'l_c' ] = 0,
			}
			[ 5 ] = {
				[ 'p' ] = 0,
				[ 'n' ] = 'HDÙbuff',
				[ 't' ] = 'HuynhÙ§Ö',
				[ 'l' ] = 0,
				[ 'd' ] = 0,
				[ 'd_t' ] = 0,
				[ 'l_c' ] = 0,
			}
			[ 6 ] = {
				[ 'p' ] = 0,
				[ 'n' ] = '7NgaMiBuffBuff',
				[ 't' ] = 'HuynhÙ§Ö',
				[ 'l' ] = 0,
				[ 'd' ] = 0,
				[ 'd_t' ] = 0,
				[ 'l_c' ] = 0,
			}
			[ 7 ] = {
				[ 'p' ] = 0,
				[ 'n' ] = '8ThóyYªnTû',
				[ 't' ] = 'HuynhÙ§Ö',
				[ 'l' ] = 0,
				[ 'd' ] = 0,
				[ 'd_t' ] = 0,
				[ 'l_c' ] = 0,
			}
			[ 8 ] = {
				[ 'p' ] = 0,
				[ 'n' ] = '6Vâ®ang',
				[ 't' ] = 'HuynhÙ§Ö',
				[ 'l' ] = 0,
				[ 'd' ] = 0,
				[ 'd_t' ] = 0,
				[ 'l_c' ] = 0,
			}
			[ 9 ] = {
				[ 'p' ] = 0,
				[ 'n' ] = '10HáaCaCa',
				[ 't' ] = 'HuynhÙ§Ö',
				[ 'l' ] = 0,
				[ 'd' ] = 0,
				[ 'd_t' ] = 0,
				[ 'l_c' ] = 0,
			}
			[ 10 ] = {
				[ 'p' ] = 0,
				[ 'n' ] = '1234566789',
				[ 't' ] = 'HuynhÙ§Ö',
				[ 'l' ] = 0,
				[ 'd' ] = 0,
				[ 'd_t' ] = 0,
				[ 'l_c' ] = 0,
			}
		}
	}
	[ 'Rank' ] = {
		[ 'p' ] = {
			[ 1 ] = {
				[ 'p' ] = 0,
				[ 'n' ] = '5TLSuco',
				[ 't' ] = 'HuynhÙ§Ö',
				[ 'l' ] = 0,
				[ 'd' ] = 0,
				[ 'd_t' ] = 0,
				[ 'l_c' ] = 0,
			}
			[ 2 ] = {
				[ 'p' ] = 0,
				[ 'n' ] = 'ZzYunazZ',
				[ 't' ] = 'HuynhÙ§Ö',
				[ 'l' ] = 0,
				[ 'd' ] = 0,
				[ 'd_t' ] = 0,
				[ 'l_c' ] = 0,
			}
			[ 3 ] = {
				[ 'p' ] = 0,
				[ 'n' ] = '9§écV«Biªn',
				[ 't' ] = 'HuynhÙ§Ö',
				[ 'l' ] = 0,
				[ 'd' ] = 0,
				[ 'd_t' ] = 0,
				[ 'l_c' ] = 0,
			}
			[ 4 ] = {
				[ 'p' ] = 0,
				[ 'n' ] = 'HDÙMÑThiªnH¹',
				[ 't' ] = 'HuynhÙ§Ö',
				[ 'l' ] = 0,
				[ 'd' ] = 0,
				[ 'd_t' ] = 0,
				[ 'l_c' ] = 0,
			}
			[ 5 ] = {
				[ 'p' ] = 0,
				[ 'n' ] = 'HDÙbuff',
				[ 't' ] = 'HuynhÙ§Ö',
				[ 'l' ] = 0,
				[ 'd' ] = 0,
				[ 'd_t' ] = 0,
				[ 'l_c' ] = 0,
			}
			[ 6 ] = {
				[ 'p' ] = 0,
				[ 'n' ] = '7NgaMiBuffBuff',
				[ 't' ] = 'HuynhÙ§Ö',
				[ 'l' ] = 0,
				[ 'd' ] = 0,
				[ 'd_t' ] = 0,
				[ 'l_c' ] = 0,
			}
			[ 7 ] = {
				[ 'p' ] = 0,
				[ 'n' ] = '8ThóyYªnTû',
				[ 't' ] = 'HuynhÙ§Ö',
				[ 'l' ] = 0,
				[ 'd' ] = 0,
				[ 'd_t' ] = 0,
				[ 'l_c' ] = 0,
			}
			[ 8 ] = {
				[ 'p' ] = 0,
				[ 'n' ] = '6Vâ®ang',
				[ 't' ] = 'HuynhÙ§Ö',
				[ 'l' ] = 0,
				[ 'd' ] = 0,
				[ 'd_t' ] = 0,
				[ 'l_c' ] = 0,
			}
			[ 9 ] = {
				[ 'p' ] = 0,
				[ 'n' ] = '10HáaCaCa',
				[ 't' ] = 'HuynhÙ§Ö',
				[ 'l' ] = 0,
				[ 'd' ] = 0,
				[ 'd_t' ] = 0,
				[ 'l_c' ] = 0,
			}
			[ 10 ] = {
				[ 'p' ] = 0,
				[ 'n' ] = '1234566789',
				[ 't' ] = 'HuynhÙ§Ö',
				[ 'l' ] = 0,
				[ 'd' ] = 0,
				[ 'd_t' ] = 0,
				[ 'l_c' ] = 0,
			}
		}
		[ 's' ] = {
			[ 'sort_TimerLoop' ] = 60,
			[ 'sort_Now' ] = '02-09-18_201055',
		}
		[ 'd' ] = {
			[ 1 ] = {
				[ 'p' ] = 0,
				[ 'n' ] = '5TLSuco',
				[ 't' ] = 'HuynhÙ§Ö',
				[ 'l' ] = 0,
				[ 'd' ] = 0,
				[ 'd_t' ] = 0,
				[ 'l_c' ] = 0,
			}
			[ 2 ] = {
				[ 'p' ] = 0,
				[ 'n' ] = 'HDÙbuff',
				[ 't' ] = 'HuynhÙ§Ö',
				[ 'l' ] = 0,
				[ 'd' ] = 0,
				[ 'd_t' ] = 0,
				[ 'l_c' ] = 0,
			}
			[ 3 ] = {
				[ 'p' ] = 0,
				[ 'n' ] = '9§écV«Biªn',
				[ 't' ] = 'HuynhÙ§Ö',
				[ 'l' ] = 0,
				[ 'd' ] = 0,
				[ 'd_t' ] = 0,
				[ 'l_c' ] = 0,
			}
			[ 4 ] = {
				[ 'p' ] = 0,
				[ 'n' ] = 'HDÙMÑThiªnH¹',
				[ 't' ] = 'HuynhÙ§Ö',
				[ 'l' ] = 0,
				[ 'd' ] = 0,
				[ 'd_t' ] = 0,
				[ 'l_c' ] = 0,
			}
			[ 5 ] = {
				[ 'p' ] = 0,
				[ 'n' ] = 'ZzYunazZ',
				[ 't' ] = 'HuynhÙ§Ö',
				[ 'l' ] = 0,
				[ 'd' ] = 0,
				[ 'd_t' ] = 0,
				[ 'l_c' ] = 0,
			}
			[ 6 ] = {
				[ 'p' ] = 0,
				[ 'n' ] = '10HáaCaCa',
				[ 't' ] = 'HuynhÙ§Ö',
				[ 'l' ] = 0,
				[ 'd' ] = 0,
				[ 'd_t' ] = 0,
				[ 'l_c' ] = 0,
			}
			[ 7 ] = {
				[ 'p' ] = 0,
				[ 'n' ] = '8ThóyYªnTû',
				[ 't' ] = 'HuynhÙ§Ö',
				[ 'l' ] = 0,
				[ 'd' ] = 0,
				[ 'd_t' ] = 0,
				[ 'l_c' ] = 0,
			}
			[ 8 ] = {
				[ 'p' ] = 0,
				[ 'n' ] = '6Vâ®ang',
				[ 't' ] = 'HuynhÙ§Ö',
				[ 'l' ] = 0,
				[ 'd' ] = 0,
				[ 'd_t' ] = 0,
				[ 'l_c' ] = 0,
			}
			[ 9 ] = {
				[ 'p' ] = 0,
				[ 'n' ] = '7NgaMiBuffBuff',
				[ 't' ] = 'HuynhÙ§Ö',
				[ 'l' ] = 0,
				[ 'd' ] = 0,
				[ 'd_t' ] = 0,
				[ 'l_c' ] = 0,
			}
			[ 10 ] = {
				[ 'p' ] = 0,
				[ 'n' ] = '1234566789',
				[ 't' ] = 'HuynhÙ§Ö',
				[ 'l' ] = 0,
				[ 'd' ] = 0,
				[ 'd_t' ] = 0,
				[ 'l_c' ] = 0,
			}
		}
		[ 'l' ] = {
			[ 1 ] = {
				[ 'p' ] = 0,
				[ 'n' ] = '5TLSuco',
				[ 't' ] = 'HuynhÙ§Ö',
				[ 'l' ] = 0,
				[ 'd' ] = 0,
				[ 'd_t' ] = 0,
				[ 'l_c' ] = 0,
			}
			[ 2 ] = {
				[ 'p' ] = 0,
				[ 'n' ] = '10HáaCaCa',
				[ 't' ] = 'HuynhÙ§Ö',
				[ 'l' ] = 0,
				[ 'd' ] = 0,
				[ 'd_t' ] = 0,
				[ 'l_c' ] = 0,
			}
			[ 3 ] = {
				[ 'p' ] = 0,
				[ 'n' ] = '8ThóyYªnTû',
				[ 't' ] = 'HuynhÙ§Ö',
				[ 'l' ] = 0,
				[ 'd' ] = 0,
				[ 'd_t' ] = 0,
				[ 'l_c' ] = 0,
			}
			[ 4 ] = {
				[ 'p' ] = 0,
				[ 'n' ] = '6Vâ®ang',
				[ 't' ] = 'HuynhÙ§Ö',
				[ 'l' ] = 0,
				[ 'd' ] = 0,
				[ 'd_t' ] = 0,
				[ 'l_c' ] = 0,
			}
			[ 5 ] = {
				[ 'p' ] = 0,
				[ 'n' ] = '7NgaMiBuffBuff',
				[ 't' ] = 'HuynhÙ§Ö',
				[ 'l' ] = 0,
				[ 'd' ] = 0,
				[ 'd_t' ] = 0,
				[ 'l_c' ] = 0,
			}
			[ 6 ] = {
				[ 'p' ] = 0,
				[ 'n' ] = 'ZzYunazZ',
				[ 't' ] = 'HuynhÙ§Ö',
				[ 'l' ] = 0,
				[ 'd' ] = 0,
				[ 'd_t' ] = 0,
				[ 'l_c' ] = 0,
			}
			[ 7 ] = {
				[ 'p' ] = 0,
				[ 'n' ] = '9§écV«Biªn',
				[ 't' ] = 'HuynhÙ§Ö',
				[ 'l' ] = 0,
				[ 'd' ] = 0,
				[ 'd_t' ] = 0,
				[ 'l_c' ] = 0,
			}
			[ 8 ] = {
				[ 'p' ] = 0,
				[ 'n' ] = 'HDÙMÑThiªnH¹',
				[ 't' ] = 'HuynhÙ§Ö',
				[ 'l' ] = 0,
				[ 'd' ] = 0,
				[ 'd_t' ] = 0,
				[ 'l_c' ] = 0,
			}
			[ 9 ] = {
				[ 'p' ] = 0,
				[ 'n' ] = 'HDÙbuff',
				[ 't' ] = 'HuynhÙ§Ö',
				[ 'l' ] = 0,
				[ 'd' ] = 0,
				[ 'd_t' ] = 0,
				[ 'l_c' ] = 0,
			}
			[ 10 ] = {
				[ 'p' ] = 0,
				[ 'n' ] = '1234566789',
				[ 't' ] = 'HuynhÙ§Ö',
				[ 'l' ] = 0,
				[ 'd' ] = 0,
				[ 'd_t' ] = 0,
				[ 'l_c' ] = 0,
			}
		}
	}
	[ 'Tong' ] = {
		[ 'HuynhÙ§Ö' ] = {
			[ 'nCamp' ] = 2,
			[ 'Receiver' ] = {
				[ 'Index' ] = 0,
				[ 'GiveAward' ] = 0,
				[ 'Name' ] = '',
			}
			[ 'mMask' ] = 8,
			[ 'aPlayer' ] = {
			}
			[ 'nMemCount' ] = 0,
			[ 'nID' ] = 1769458764,
			[ 'Pos_TX' ] = {
				[ 1 ] = 56785,
				[ 2 ] = 97622,
			}
			[ 'sName' ] = 'HuynhÙ§Ö',
			[ 'nIdCamp' ] = 1,
			[ 'nRevive' ] = 1,
			[ 'nDoing' ] = 0,
			[ 'nComplete' ] = 2,
		}
	}
}

[Release] [ m_TieuBangChien ]------------------------- [03-09-18 19:00:01] -------------------------
	:: File: \script\_missions\tieu_bang_chien\inc.lua

------------------------- [03-09-18 20:10:00] -------------------------

	:: File: \script\_missions\tieu_bang_chien\inc.lua
[ 'm_TieuBangChien' ] = {
	[ 'Tong_ID' ] = {
	}
	[ 'Mask' ] = {
	}
	[ 'Player' ] = {
		[ 'k' ] = {
		}
		[ 'v' ] = {
		}
	}
	[ 'Rank' ] = {
		[ 'p' ] = {
		}
		[ 's' ] = {
		}
		[ 'd' ] = {
		}
		[ 'l' ] = {
		}
	}
	[ 'Tong' ] = {
	}
}

[Release] [ m_TieuBangChien ]------------------------- [04-09-18 19:00:01] -------------------------
	:: File: \script\_missions\tieu_bang_chien\inc.lua

[ 'Tong_ID' ] = {
}

[ 'Mask' ] = {
}

[ 'Player' ] = {
	[ 'k' ] = {
	}
	[ 'v' ] = {
	}
}

[ 'Rank' ] = {
	[ 'p' ] = {
	}
	[ 's' ] = {
	}
	[ 'd' ] = {
	}
	[ 'l' ] = {
	}
}

[ 'Tong' ] = {
}

------------------------- [04-09-18 20:10:01] -------------------------

	:: File: \script\_missions\tieu_bang_chien\inc.lua
[ 'm_TieuBangChien' ] = {
	[ 'Tong_ID' ] = {
	}
	[ 'Mask' ] = {
	}
	[ 'Player' ] = {
		[ 'k' ] = {
		}
		[ 'v' ] = {
		}
	}
	[ 'Rank' ] = {
		[ 'p' ] = {
		}
		[ 's' ] = {
		}
		[ 'd' ] = {
		}
		[ 'l' ] = {
		}
	}
	[ 'Tong' ] = {
	}
}

[Release] [ m_TieuBangChien ]------------------------- [05-09-18 19:00:01] -------------------------
	:: File: \script\_missions\tieu_bang_chien\inc.lua

[ 'Tong_ID' ] = {
}

[ 'Mask' ] = {
}

[ 'Player' ] = {
	[ 'k' ] = {
	}
	[ 'v' ] = {
	}
}

[ 'Rank' ] = {
	[ 'p' ] = {
	}
	[ 's' ] = {
	}
	[ 'd' ] = {
	}
	[ 'l' ] = {
	}
}

[ 'Tong' ] = {
}

------------------------- [05-09-18 20:10:00] -------------------------

	:: File: \script\_missions\tieu_bang_chien\inc.lua
[ 'm_TieuBangChien' ] = {
	[ 'Tong_ID' ] = {
	}
	[ 'Mask' ] = {
	}
	[ 'Player' ] = {
		[ 'k' ] = {
		}
		[ 'v' ] = {
		}
	}
	[ 'Rank' ] = {
		[ 'p' ] = {
		}
		[ 's' ] = {
		}
		[ 'd' ] = {
		}
		[ 'l' ] = {
		}
	}
	[ 'Tong' ] = {
	}
}

[Release] [ m_TieuBangChien ]------------------------- [06-09-18 19:00:37] -------------------------
	:: File: \script\_missions\tieu_bang_chien\inc.lua

------------------------- [06-09-18 20:10:37] -------------------------

	:: File: \script\_missions\tieu_bang_chien\inc.lua
[ 'm_TieuBangChien' ] = {
	[ 'Tong_ID' ] = {
	}
	[ 'Mask' ] = {
	}
	[ 'Player' ] = {
		[ 'k' ] = {
		}
		[ 'v' ] = {
		}
	}
	[ 'Rank' ] = {
		[ 'p' ] = {
		}
		[ 's' ] = {
		}
		[ 'd' ] = {
		}
		[ 'l' ] = {
		}
	}
	[ 'Tong' ] = {
	}
}

[Release] [ m_TieuBangChien ]------------------------- [07-09-18 19:00:50] -------------------------
	:: File: \script\_missions\tieu_bang_chien\inc.lua

------------------------- [07-09-18 20:10:50] -------------------------

	:: File: \script\_missions\tieu_bang_chien\inc.lua
[ 'm_TieuBangChien' ] = {
	[ 'Tong_ID' ] = {
	}
	[ 'Mask' ] = {
	}
	[ 'Player' ] = {
		[ 'k' ] = {
		}
		[ 'v' ] = {
		}
	}
	[ 'Rank' ] = {
		[ 'p' ] = {
		}
		[ 's' ] = {
		}
		[ 'd' ] = {
		}
		[ 'l' ] = {
		}
	}
	[ 'Tong' ] = {
	}
}

[Release] [ m_TieuBangChien ]------------------------- [08-09-18 19:00:50] -------------------------
	:: File: \script\_missions\tieu_bang_chien\inc.lua

[ 'Tong_ID' ] = {
}

[ 'Mask' ] = {
}

[ 'Player' ] = {
	[ 'k' ] = {
	}
	[ 'v' ] = {
	}
}

[ 'Rank' ] = {
	[ 'p' ] = {
	}
	[ 's' ] = {
	}
	[ 'd' ] = {
	}
	[ 'l' ] = {
	}
}

[ 'Tong' ] = {
}

------------------------- [08-09-18 20:10:50] -------------------------

	:: File: \script\_missions\tieu_bang_chien\inc.lua
[ 'm_TieuBangChien' ] = {
	[ 'Tong_ID' ] = {
	}
	[ 'Mask' ] = {
	}
	[ 'Player' ] = {
		[ 'k' ] = {
		}
		[ 'v' ] = {
		}
	}
	[ 'Rank' ] = {
		[ 'p' ] = {
		}
		[ 's' ] = {
		}
		[ 'd' ] = {
		}
		[ 'l' ] = {
		}
	}
	[ 'Tong' ] = {
	}
}

[Release] [ m_TieuBangChien ]------------------------- [09-09-18 19:00:50] -------------------------
	:: File: \script\_missions\tieu_bang_chien\inc.lua

[ 'Tong_ID' ] = {
}

[ 'Mask' ] = {
}

[ 'Player' ] = {
	[ 'k' ] = {
	}
	[ 'v' ] = {
	}
}

[ 'Rank' ] = {
	[ 'p' ] = {
	}
	[ 's' ] = {
	}
	[ 'd' ] = {
	}
	[ 'l' ] = {
	}
}

[ 'Tong' ] = {
}

------------------------- [09-09-18 20:10:50] -------------------------

	:: File: \script\_missions\tieu_bang_chien\inc.lua
[ 'm_TieuBangChien' ] = {
	[ 'Tong_ID' ] = {
	}
	[ 'Mask' ] = {
	}
	[ 'Player' ] = {
		[ 'k' ] = {
		}
		[ 'v' ] = {
		}
	}
	[ 'Rank' ] = {
		[ 'p' ] = {
		}
		[ 's' ] = {
		}
		[ 'd' ] = {
		}
		[ 'l' ] = {
		}
	}
	[ 'Tong' ] = {
	}
}

[Release] [ m_TieuBangChien ]------------------------- [10-09-18 19:00:50] -------------------------
	:: File: \script\_missions\tieu_bang_chien\inc.lua

[ 'Tong_ID' ] = {
}

[ 'Mask' ] = {
}

[ 'Player' ] = {
	[ 'k' ] = {
	}
	[ 'v' ] = {
	}
}

[ 'Rank' ] = {
	[ 'p' ] = {
	}
	[ 's' ] = {
	}
	[ 'd' ] = {
	}
	[ 'l' ] = {
	}
}

[ 'Tong' ] = {
}

------------------------- [10-09-18 20:10:50] -------------------------

	:: File: \script\_missions\tieu_bang_chien\inc.lua
[ 'm_TieuBangChien' ] = {
	[ 'Tong_ID' ] = {
	}
	[ 'Mask' ] = {
	}
	[ 'Player' ] = {
		[ 'k' ] = {
		}
		[ 'v' ] = {
		}
	}
	[ 'Rank' ] = {
		[ 'p' ] = {
		}
		[ 's' ] = {
		}
		[ 'd' ] = {
		}
		[ 'l' ] = {
		}
	}
	[ 'Tong' ] = {
	}
}

[Release] [ m_TieuBangChien ]------------------------- [11-09-18 19:00:50] -------------------------
	:: File: \script\_missions\tieu_bang_chien\inc.lua

[ 'Tong_ID' ] = {
}

[ 'Mask' ] = {
}

[ 'Player' ] = {
	[ 'k' ] = {
	}
	[ 'v' ] = {
	}
}

[ 'Rank' ] = {
	[ 'p' ] = {
	}
	[ 's' ] = {
	}
	[ 'd' ] = {
	}
	[ 'l' ] = {
	}
}

[ 'Tong' ] = {
}

------------------------- [11-09-18 20:10:50] -------------------------

	:: File: \script\_missions\tieu_bang_chien\inc.lua
[ 'm_TieuBangChien' ] = {
	[ 'Tong_ID' ] = {
	}
	[ 'Mask' ] = {
	}
	[ 'Player' ] = {
		[ 'k' ] = {
		}
		[ 'v' ] = {
		}
	}
	[ 'Rank' ] = {
		[ 'p' ] = {
		}
		[ 's' ] = {
		}
		[ 'd' ] = {
		}
		[ 'l' ] = {
		}
	}
	[ 'Tong' ] = {
	}
}

[Release] [ m_TieuBangChien ]------------------------- [12-09-18 19:00:50] -------------------------
	:: File: \script\_missions\tieu_bang_chien\inc.lua

[ 'Tong_ID' ] = {
}

[ 'Mask' ] = {
}

[ 'Player' ] = {
	[ 'k' ] = {
	}
	[ 'v' ] = {
	}
}

[ 'Rank' ] = {
	[ 'p' ] = {
	}
	[ 's' ] = {
	}
	[ 'd' ] = {
	}
	[ 'l' ] = {
	}
}

[ 'Tong' ] = {
}

------------------------- [12-09-18 20:10:50] -------------------------

	:: File: \script\_missions\tieu_bang_chien\inc.lua
[ 'm_TieuBangChien' ] = {
	[ 'Tong_ID' ] = {
	}
	[ 'Mask' ] = {
	}
	[ 'Player' ] = {
		[ 'k' ] = {
		}
		[ 'v' ] = {
		}
	}
	[ 'Rank' ] = {
		[ 'p' ] = {
		}
		[ 's' ] = {
		}
		[ 'd' ] = {
		}
		[ 'l' ] = {
		}
	}
	[ 'Tong' ] = {
	}
}

[Release] [ m_TieuBangChien ]------------------------- [13-09-18 19:00:50] -------------------------
	:: File: \script\_missions\tieu_bang_chien\inc.lua

[ 'Tong_ID' ] = {
}

[ 'Mask' ] = {
}

[ 'Player' ] = {
	[ 'k' ] = {
	}
	[ 'v' ] = {
	}
}

[ 'Rank' ] = {
	[ 'p' ] = {
	}
	[ 's' ] = {
	}
	[ 'd' ] = {
	}
	[ 'l' ] = {
	}
}

[ 'Tong' ] = {
}

------------------------- [13-09-18 20:10:50] -------------------------

	:: File: \script\_missions\tieu_bang_chien\inc.lua
[ 'm_TieuBangChien' ] = {
	[ 'Tong_ID' ] = {
	}
	[ 'Mask' ] = {
	}
	[ 'Player' ] = {
		[ 'k' ] = {
		}
		[ 'v' ] = {
		}
	}
	[ 'Rank' ] = {
		[ 'p' ] = {
		}
		[ 's' ] = {
		}
		[ 'd' ] = {
		}
		[ 'l' ] = {
		}
	}
	[ 'Tong' ] = {
	}
}

[Release] [ m_TieuBangChien ]------------------------- [15-09-18 19:00:42] -------------------------
	:: File: \script\_missions\tieu_bang_chien\inc.lua

------------------------- [15-09-18 20:10:42] -------------------------

	:: File: \script\_missions\tieu_bang_chien\inc.lua
[ 'm_TieuBangChien' ] = {
	[ 'Tong_ID' ] = {
	}
	[ 'Mask' ] = {
	}
	[ 'Player' ] = {
		[ 'k' ] = {
		}
		[ 'v' ] = {
		}
	}
	[ 'Rank' ] = {
		[ 'p' ] = {
		}
		[ 's' ] = {
		}
		[ 'd' ] = {
		}
		[ 'l' ] = {
		}
	}
	[ 'Tong' ] = {
	}
}

[Release] [ m_TieuBangChien ]------------------------- [16-09-18 19:00:42] -------------------------
	:: File: \script\_missions\tieu_bang_chien\inc.lua

[ 'Tong_ID' ] = {
}

[ 'Mask' ] = {
}

[ 'Player' ] = {
	[ 'k' ] = {
	}
	[ 'v' ] = {
	}
}

[ 'Rank' ] = {
	[ 'p' ] = {
	}
	[ 's' ] = {
	}
	[ 'd' ] = {
	}
	[ 'l' ] = {
	}
}

[ 'Tong' ] = {
}

------------------------- [16-09-18 20:10:42] -------------------------

	:: File: \script\_missions\tieu_bang_chien\inc.lua
[ 'm_TieuBangChien' ] = {
	[ 'Tong_ID' ] = {
	}
	[ 'Mask' ] = {
	}
	[ 'Player' ] = {
		[ 'k' ] = {
		}
		[ 'v' ] = {
		}
	}
	[ 'Rank' ] = {
		[ 'p' ] = {
		}
		[ 's' ] = {
		}
		[ 'd' ] = {
		}
		[ 'l' ] = {
		}
	}
	[ 'Tong' ] = {
	}
}

[Release] [ m_TieuBangChien ]------------------------- [17-09-18 19:00:42] -------------------------
	:: File: \script\_missions\tieu_bang_chien\inc.lua

[ 'Tong_ID' ] = {
}

[ 'Mask' ] = {
}

[ 'Player' ] = {
	[ 'k' ] = {
	}
	[ 'v' ] = {
	}
}

[ 'Rank' ] = {
	[ 'p' ] = {
	}
	[ 's' ] = {
	}
	[ 'd' ] = {
	}
	[ 'l' ] = {
	}
}

[ 'Tong' ] = {
}

------------------------- [17-09-18 20:10:42] -------------------------

	:: File: \script\_missions\tieu_bang_chien\inc.lua
[ 'm_TieuBangChien' ] = {
	[ 'Tong_ID' ] = {
	}
	[ 'Mask' ] = {
	}
	[ 'Player' ] = {
		[ 'k' ] = {
		}
		[ 'v' ] = {
		}
	}
	[ 'Rank' ] = {
		[ 'p' ] = {
		}
		[ 's' ] = {
		}
		[ 'd' ] = {
		}
		[ 'l' ] = {
		}
	}
	[ 'Tong' ] = {
	}
}

[Release] [ m_TieuBangChien ]------------------------- [18-09-18 19:00:42] -------------------------
	:: File: \script\_missions\tieu_bang_chien\inc.lua

[ 'Tong_ID' ] = {
}

[ 'Mask' ] = {
}

[ 'Player' ] = {
	[ 'k' ] = {
	}
	[ 'v' ] = {
	}
}

[ 'Rank' ] = {
	[ 'p' ] = {
	}
	[ 's' ] = {
	}
	[ 'd' ] = {
	}
	[ 'l' ] = {
	}
}

[ 'Tong' ] = {
}

------------------------- [18-09-18 20:10:42] -------------------------

	:: File: \script\_missions\tieu_bang_chien\inc.lua
[ 'm_TieuBangChien' ] = {
	[ 'Tong_ID' ] = {
	}
	[ 'Mask' ] = {
	}
	[ 'Player' ] = {
		[ 'k' ] = {
		}
		[ 'v' ] = {
		}
	}
	[ 'Rank' ] = {
		[ 'p' ] = {
		}
		[ 's' ] = {
		}
		[ 'd' ] = {
		}
		[ 'l' ] = {
		}
	}
	[ 'Tong' ] = {
	}
}

[Release] [ m_TieuBangChien ]------------------------- [19-09-18 19:00:42] -------------------------
	:: File: \script\_missions\tieu_bang_chien\inc.lua

[ 'Tong_ID' ] = {
}

[ 'Mask' ] = {
}

[ 'Player' ] = {
	[ 'k' ] = {
	}
	[ 'v' ] = {
	}
}

[ 'Rank' ] = {
	[ 'p' ] = {
	}
	[ 's' ] = {
	}
	[ 'd' ] = {
	}
	[ 'l' ] = {
	}
}

[ 'Tong' ] = {
}

------------------------- [19-09-18 20:10:42] -------------------------

	:: File: \script\_missions\tieu_bang_chien\inc.lua
[ 'm_TieuBangChien' ] = {
	[ 'Tong_ID' ] = {
	}
	[ 'Mask' ] = {
	}
	[ 'Player' ] = {
		[ 'k' ] = {
		}
		[ 'v' ] = {
		}
	}
	[ 'Rank' ] = {
		[ 'p' ] = {
		}
		[ 's' ] = {
		}
		[ 'd' ] = {
		}
		[ 'l' ] = {
		}
	}
	[ 'Tong' ] = {
	}
}

[Release] [ m_TieuBangChien ]------------------------- [20-09-18 19:00:42] -------------------------
	:: File: \script\_missions\tieu_bang_chien\inc.lua

[ 'Tong_ID' ] = {
}

[ 'Mask' ] = {
}

[ 'Player' ] = {
	[ 'k' ] = {
	}
	[ 'v' ] = {
	}
}

[ 'Rank' ] = {
	[ 'p' ] = {
	}
	[ 's' ] = {
	}
	[ 'd' ] = {
	}
	[ 'l' ] = {
	}
}

[ 'Tong' ] = {
}

------------------------- [20-09-18 20:10:42] -------------------------

	:: File: \script\_missions\tieu_bang_chien\inc.lua
[ 'm_TieuBangChien' ] = {
	[ 'Tong_ID' ] = {
	}
	[ 'Mask' ] = {
	}
	[ 'Player' ] = {
		[ 'k' ] = {
		}
		[ 'v' ] = {
		}
	}
	[ 'Rank' ] = {
		[ 'p' ] = {
		}
		[ 's' ] = {
		}
		[ 'd' ] = {
		}
		[ 'l' ] = {
		}
	}
	[ 'Tong' ] = {
	}
}

[Release] [ m_TieuBangChien ]------------------------- [21-09-18 19:00:42] -------------------------
	:: File: \script\_missions\tieu_bang_chien\inc.lua

[ 'Tong_ID' ] = {
}

[ 'Mask' ] = {
}

[ 'Player' ] = {
	[ 'k' ] = {
	}
	[ 'v' ] = {
	}
}

[ 'Rank' ] = {
	[ 'p' ] = {
	}
	[ 's' ] = {
	}
	[ 'd' ] = {
	}
	[ 'l' ] = {
	}
}

[ 'Tong' ] = {
}

------------------------- [21-09-18 20:10:42] -------------------------

	:: File: \script\_missions\tieu_bang_chien\inc.lua
[ 'm_TieuBangChien' ] = {
	[ 'Tong_ID' ] = {
	}
	[ 'Mask' ] = {
	}
	[ 'Player' ] = {
		[ 'k' ] = {
		}
		[ 'v' ] = {
		}
	}
	[ 'Rank' ] = {
		[ 'p' ] = {
		}
		[ 's' ] = {
		}
		[ 'd' ] = {
		}
		[ 'l' ] = {
		}
	}
	[ 'Tong' ] = {
	}
}

[Release] [ m_TieuBangChien ]------------------------- [22-09-18 19:00:42] -------------------------
	:: File: \script\_missions\tieu_bang_chien\inc.lua

[ 'Tong_ID' ] = {
}

[ 'Mask' ] = {
}

[ 'Player' ] = {
	[ 'k' ] = {
	}
	[ 'v' ] = {
	}
}

[ 'Rank' ] = {
	[ 'p' ] = {
	}
	[ 's' ] = {
	}
	[ 'd' ] = {
	}
	[ 'l' ] = {
	}
}

[ 'Tong' ] = {
}

------------------------- [22-09-18 20:10:42] -------------------------

	:: File: \script\_missions\tieu_bang_chien\inc.lua
[ 'm_TieuBangChien' ] = {
	[ 'Tong_ID' ] = {
	}
	[ 'Mask' ] = {
	}
	[ 'Player' ] = {
		[ 'k' ] = {
		}
		[ 'v' ] = {
		}
	}
	[ 'Rank' ] = {
		[ 'p' ] = {
		}
		[ 's' ] = {
		}
		[ 'd' ] = {
		}
		[ 'l' ] = {
		}
	}
	[ 'Tong' ] = {
	}
}

[Release] [ m_TieuBangChien ]------------------------- [23-09-18 19:00:42] -------------------------
	:: File: \script\_missions\tieu_bang_chien\inc.lua

[ 'Tong_ID' ] = {
}

[ 'Mask' ] = {
}

[ 'Player' ] = {
	[ 'k' ] = {
	}
	[ 'v' ] = {
	}
}

[ 'Rank' ] = {
	[ 'p' ] = {
	}
	[ 's' ] = {
	}
	[ 'd' ] = {
	}
	[ 'l' ] = {
	}
}

[ 'Tong' ] = {
}

------------------------- [23-09-18 20:10:42] -------------------------

	:: File: \script\_missions\tieu_bang_chien\inc.lua
[ 'm_TieuBangChien' ] = {
	[ 'Tong_ID' ] = {
	}
	[ 'Mask' ] = {
	}
	[ 'Player' ] = {
		[ 'k' ] = {
		}
		[ 'v' ] = {
		}
	}
	[ 'Rank' ] = {
		[ 'p' ] = {
		}
		[ 's' ] = {
		}
		[ 'd' ] = {
		}
		[ 'l' ] = {
		}
	}
	[ 'Tong' ] = {
	}
}

[Release] [ m_TieuBangChien ]------------------------- [24-09-18 19:00:42] -------------------------
	:: File: \script\_missions\tieu_bang_chien\inc.lua

[ 'Tong_ID' ] = {
}

[ 'Mask' ] = {
}

[ 'Player' ] = {
	[ 'k' ] = {
	}
	[ 'v' ] = {
	}
}

[ 'Rank' ] = {
	[ 'p' ] = {
	}
	[ 's' ] = {
	}
	[ 'd' ] = {
	}
	[ 'l' ] = {
	}
}

[ 'Tong' ] = {
}

------------------------- [24-09-18 20:10:42] -------------------------

	:: File: \script\_missions\tieu_bang_chien\inc.lua
[ 'm_TieuBangChien' ] = {
	[ 'Tong_ID' ] = {
	}
	[ 'Mask' ] = {
	}
	[ 'Player' ] = {
		[ 'k' ] = {
		}
		[ 'v' ] = {
		}
	}
	[ 'Rank' ] = {
		[ 'p' ] = {
		}
		[ 's' ] = {
		}
		[ 'd' ] = {
		}
		[ 'l' ] = {
		}
	}
	[ 'Tong' ] = {
	}
}

[Release] [ m_TieuBangChien ]------------------------- [25-09-18 19:00:42] -------------------------
	:: File: \script\_missions\tieu_bang_chien\inc.lua

[ 'Tong_ID' ] = {
}

[ 'Mask' ] = {
}

[ 'Player' ] = {
	[ 'k' ] = {
	}
	[ 'v' ] = {
	}
}

[ 'Rank' ] = {
	[ 'p' ] = {
	}
	[ 's' ] = {
	}
	[ 'd' ] = {
	}
	[ 'l' ] = {
	}
}

[ 'Tong' ] = {
}

------------------------- [25-09-18 20:10:41] -------------------------

	:: File: \script\_missions\tieu_bang_chien\inc.lua
[ 'm_TieuBangChien' ] = {
	[ 'Tong_ID' ] = {
	}
	[ 'Mask' ] = {
	}
	[ 'Player' ] = {
		[ 'k' ] = {
		}
		[ 'v' ] = {
		}
	}
	[ 'Rank' ] = {
		[ 'p' ] = {
		}
		[ 's' ] = {
		}
		[ 'd' ] = {
		}
		[ 'l' ] = {
		}
	}
	[ 'Tong' ] = {
	}
}

[Release] [ m_TieuBangChien ]------------------------- [26-09-18 19:00:42] -------------------------
	:: File: \script\_missions\tieu_bang_chien\inc.lua

[ 'Tong_ID' ] = {
}

[ 'Mask' ] = {
}

[ 'Player' ] = {
	[ 'k' ] = {
	}
	[ 'v' ] = {
	}
}

[ 'Rank' ] = {
	[ 'p' ] = {
	}
	[ 's' ] = {
	}
	[ 'd' ] = {
	}
	[ 'l' ] = {
	}
}

[ 'Tong' ] = {
}

------------------------- [26-09-18 20:10:42] -------------------------

	:: File: \script\_missions\tieu_bang_chien\inc.lua
[ 'm_TieuBangChien' ] = {
	[ 'Tong_ID' ] = {
	}
	[ 'Mask' ] = {
	}
	[ 'Player' ] = {
		[ 'k' ] = {
		}
		[ 'v' ] = {
		}
	}
	[ 'Rank' ] = {
		[ 'p' ] = {
		}
		[ 's' ] = {
		}
		[ 'd' ] = {
		}
		[ 'l' ] = {
		}
	}
	[ 'Tong' ] = {
	}
}

