2018-09-21 00:02:44	SaveRoleData(BinBin) OK: datalen(13507)
2018-09-21 00:14:13	SaveRoleData(BinBin) OK: datalen(13507)
2018-09-21 00:25:42	SaveRoleData(BinBin) OK: datalen(13507)
2018-09-21 00:37:11	SaveRoleData(BinBin) OK: datalen(13507)
2018-09-21 00:48:40	SaveRoleData(BinBin) OK: datalen(13507)
2018-09-21 01:00:09	SaveRoleData(BinBin) OK: datalen(13507)
2018-09-21 01:00:14	Deliver statdata: 0 bytes
2018-09-21 01:11:38	SaveRoleData(BinBin) OK: datalen(13507)
2018-09-21 01:23:07	SaveRoleData(BinBin) OK: datalen(13507)
2018-09-21 01:34:36	SaveRoleData(BinBin) OK: datalen(13507)
2018-09-21 01:46:05	SaveRoleData(BinBin) OK: datalen(13507)
2018-09-21 01:57:34	SaveRoleData(BinBin) OK: datalen(13507)
2018-09-21 02:09:03	SaveRoleData(BinBin) OK: datalen(13507)
2018-09-21 02:20:32	SaveRoleData(BinBin) OK: datalen(13507)
2018-09-21 02:32:01	SaveRoleData(BinBin) OK: datalen(13507)
2018-09-21 02:43:30	SaveRoleData(BinBin) OK: datalen(13507)
2018-09-21 02:54:59	SaveRoleData(BinBin) OK: datalen(13507)
2018-09-21 03:00:14	Deliver statdata: 0 bytes
2018-09-21 03:06:28	SaveRoleData(BinBin) OK: datalen(13507)
2018-09-21 03:17:57	SaveRoleData(BinBin) OK: datalen(13507)
2018-09-21 03:29:26	SaveRoleData(BinBin) OK: datalen(13507)
2018-09-21 03:40:55	SaveRoleData(BinBin) OK: datalen(13507)
2018-09-21 03:52:24	SaveRoleData(BinBin) OK: datalen(13507)
2018-09-21 04:03:53	SaveRoleData(BinBin) OK: datalen(13507)
2018-09-21 04:15:22	SaveRoleData(BinBin) OK: datalen(13507)
2018-09-21 04:26:51	SaveRoleData(BinBin) OK: datalen(13507)
2018-09-21 04:38:20	SaveRoleData(BinBin) OK: datalen(13507)
2018-09-21 04:49:49	SaveRoleData(BinBin) OK: datalen(13507)
2018-09-21 05:00:14	Deliver statdata: 0 bytes
2018-09-21 05:01:18	SaveRoleData(BinBin) OK: datalen(13507)
2018-09-21 05:12:47	SaveRoleData(BinBin) OK: datalen(13507)
2018-09-21 05:24:16	SaveRoleData(BinBin) OK: datalen(13507)
2018-09-21 05:35:45	SaveRoleData(BinBin) OK: datalen(13507)
2018-09-21 05:47:14	SaveRoleData(BinBin) OK: datalen(13507)
2018-09-21 05:58:43	SaveRoleData(BinBin) OK: datalen(13507)
2018-09-21 06:10:12	SaveRoleData(BinBin) OK: datalen(13507)
2018-09-21 06:21:41	SaveRoleData(BinBin) OK: datalen(13507)
2018-09-21 06:33:10	SaveRoleData(BinBin) OK: datalen(13507)
2018-09-21 06:44:39	SaveRoleData(BinBin) OK: datalen(13507)
2018-09-21 06:56:08	SaveRoleData(BinBin) OK: datalen(13507)
2018-09-21 07:00:09	[QuitBackup]is_quit:0
2018-09-21 07:00:14	Deliver statdata: 0 bytes
2018-09-21 07:07:37	SaveRoleData(BinBin) OK: datalen(13507)
2018-09-21 07:19:06	SaveRoleData(BinBin) OK: datalen(13507)
2018-09-21 07:30:35	SaveRoleData(BinBin) OK: datalen(13507)
2018-09-21 07:42:04	SaveRoleData(BinBin) OK: datalen(13507)
2018-09-21 07:53:33	SaveRoleData(BinBin) OK: datalen(13507)
2018-09-21 08:05:02	SaveRoleData(BinBin) OK: datalen(13507)
2018-09-21 08:16:31	SaveRoleData(BinBin) OK: datalen(13507)
2018-09-21 08:28:00	SaveRoleData(BinBin) OK: datalen(13507)
2018-09-21 08:39:29	SaveRoleData(BinBin) OK: datalen(13507)
2018-09-21 08:50:58	SaveRoleData(BinBin) OK: datalen(13507)
2018-09-21 09:00:14	Deliver statdata: 0 bytes
2018-09-21 09:02:27	SaveRoleData(BinBin) OK: datalen(13507)
2018-09-21 09:13:56	SaveRoleData(BinBin) OK: datalen(13507)
2018-09-21 09:25:25	SaveRoleData(BinBin) OK: datalen(13507)
2018-09-21 09:36:54	SaveRoleData(BinBin) OK: datalen(13507)
2018-09-21 09:48:23	SaveRoleData(BinBin) OK: datalen(13507)
2018-09-21 09:59:52	SaveRoleData(BinBin) OK: datalen(13507)
2018-09-21 10:11:21	SaveRoleData(BinBin) OK: datalen(13507)
2018-09-21 10:22:50	SaveRoleData(BinBin) OK: datalen(13507)
2018-09-21 10:34:19	SaveRoleData(BinBin) OK: datalen(13507)
2018-09-21 10:45:48	SaveRoleData(BinBin) OK: datalen(13507)
2018-09-21 10:57:17	SaveRoleData(BinBin) OK: datalen(13507)
2018-09-21 11:00:14	Deliver statdata: 0 bytes
2018-09-21 11:08:46	SaveRoleData(BinBin) OK: datalen(13507)
2018-09-21 11:20:15	SaveRoleData(BinBin) OK: datalen(13507)
2018-09-21 11:31:44	SaveRoleData(BinBin) OK: datalen(13507)
2018-09-21 11:43:13	SaveRoleData(BinBin) OK: datalen(13507)
2018-09-21 11:54:42	SaveRoleData(BinBin) OK: datalen(13507)
2018-09-21 12:06:11	SaveRoleData(BinBin) OK: datalen(13507)
2018-09-21 12:17:40	SaveRoleData(BinBin) OK: datalen(13507)
2018-09-21 12:29:09	SaveRoleData(BinBin) OK: datalen(13507)
2018-09-21 12:40:38	SaveRoleData(BinBin) OK: datalen(13507)
2018-09-21 12:52:07	SaveRoleData(BinBin) OK: datalen(13507)
2018-09-21 13:00:14	Deliver statdata: 0 bytes
2018-09-21 13:03:36	SaveRoleData(BinBin) OK: datalen(13507)
2018-09-21 13:15:05	SaveRoleData(BinBin) OK: datalen(13507)
2018-09-21 13:26:34	SaveRoleData(BinBin) OK: datalen(13507)
2018-09-21 13:33:03	GetRoleInfo(EsÙTheÙKing) OK: Enter Node[0](127.0.0.1 : 59666)
2018-09-21 13:33:03	GetRoleData(EsÙTheÙKing) OK: datalen(6183)
2018-09-21 13:33:03	EnterGame(EsÙTheÙKing) OK: Move from Node[0] to Node[1]
2018-09-21 13:34:00	QuitSave[EsÙTheÙKing] OK: Leave Node[1]
2018-09-21 13:34:00	SaveRoleData(EsÙTheÙKing) OK: datalen(6183)
2018-09-21 13:38:03	SaveRoleData(BinBin) OK: datalen(13507)
2018-09-21 13:49:32	SaveRoleData(BinBin) OK: datalen(13507)
2018-09-21 14:01:01	SaveRoleData(BinBin) OK: datalen(13507)
2018-09-21 14:12:30	SaveRoleData(BinBin) OK: datalen(13507)
2018-09-21 14:23:59	SaveRoleData(BinBin) OK: datalen(13507)
2018-09-21 14:35:28	SaveRoleData(BinBin) OK: datalen(13507)
2018-09-21 14:46:57	SaveRoleData(BinBin) OK: datalen(13507)
2018-09-21 14:51:37	GetRoleInfo(EsÙTheÙKing) OK: Enter Node[0](127.0.0.1 : 59666)
2018-09-21 14:51:37	GetRoleData(EsÙTheÙKing) OK: datalen(6183)
2018-09-21 14:51:37	EnterGame(EsÙTheÙKing) OK: Move from Node[0] to Node[1]
2018-09-21 14:54:14	SaveRoleData(EsÙTheÙKing) OK: datalen(6307)
2018-09-21 14:54:14	SaveRoleData(BinBin) OK: datalen(13399)
2018-09-21 14:58:26	SaveRoleData(BinBin) OK: datalen(13399)
2018-09-21 14:59:43	SaveRoleData(EsÙTheÙKing) OK: datalen(9115)
2018-09-21 15:00:09	[QuitBackup]is_quit:0
2018-09-21 15:00:14	Deliver statdata: 0 bytes
2018-09-21 15:07:13	QuitSave[EsÙTheÙKing] OK: Leave Node[1]
2018-09-21 15:07:13	SaveRoleData(EsÙTheÙKing) OK: datalen(9099)
2018-09-21 15:09:55	SaveRoleData(BinBin) OK: datalen(13399)
2018-09-21 15:21:24	SaveRoleData(BinBin) OK: datalen(13399)
2018-09-21 15:32:53	SaveRoleData(BinBin) OK: datalen(13399)
2018-09-21 15:44:22	SaveRoleData(BinBin) OK: datalen(13399)
2018-09-21 15:55:51	SaveRoleData(BinBin) OK: datalen(13399)
2018-09-21 16:07:20	SaveRoleData(BinBin) OK: datalen(13399)
2018-09-21 16:18:49	SaveRoleData(BinBin) OK: datalen(13399)
2018-09-21 16:30:18	SaveRoleData(BinBin) OK: datalen(13168)
2018-09-21 16:41:47	SaveRoleData(BinBin) OK: datalen(13168)
2018-09-21 16:53:16	SaveRoleData(BinBin) OK: datalen(13168)
2018-09-21 17:00:14	Deliver statdata: 0 bytes
2018-09-21 17:04:45	SaveRoleData(BinBin) OK: datalen(13168)
2018-09-21 17:16:14	SaveRoleData(BinBin) OK: datalen(13168)
2018-09-21 17:27:43	SaveRoleData(BinBin) OK: datalen(13168)
2018-09-21 17:39:12	SaveRoleData(BinBin) OK: datalen(13168)
2018-09-21 17:50:41	SaveRoleData(BinBin) OK: datalen(13168)
2018-09-21 18:02:10	SaveRoleData(BinBin) OK: datalen(13168)
2018-09-21 18:13:39	SaveRoleData(BinBin) OK: datalen(13168)
2018-09-21 18:25:08	SaveRoleData(BinBin) OK: datalen(13168)
2018-09-21 18:36:37	SaveRoleData(BinBin) OK: datalen(13168)
2018-09-21 18:48:06	SaveRoleData(BinBin) OK: datalen(13168)
2018-09-21 18:59:35	SaveRoleData(BinBin) OK: datalen(13168)
2018-09-21 19:00:14	Deliver statdata: 0 bytes
2018-09-21 19:11:04	SaveRoleData(BinBin) OK: datalen(13168)
2018-09-21 19:22:33	SaveRoleData(BinBin) OK: datalen(13168)
2018-09-21 19:34:02	SaveRoleData(BinBin) OK: datalen(13168)
2018-09-21 19:45:31	SaveRoleData(BinBin) OK: datalen(13168)
2018-09-21 19:57:00	SaveRoleData(BinBin) OK: datalen(13168)
2018-09-21 20:08:29	SaveRoleData(BinBin) OK: datalen(13168)
2018-09-21 20:19:58	SaveRoleData(BinBin) OK: datalen(13168)
2018-09-21 20:31:27	SaveRoleData(BinBin) OK: datalen(13168)
2018-09-21 20:42:56	SaveRoleData(BinBin) OK: datalen(13168)
2018-09-21 20:54:25	SaveRoleData(BinBin) OK: datalen(13168)
2018-09-21 21:00:14	Deliver statdata: 0 bytes
2018-09-21 21:05:54	SaveRoleData(BinBin) OK: datalen(13168)
2018-09-21 21:17:23	SaveRoleData(BinBin) OK: datalen(13168)
2018-09-21 21:28:52	SaveRoleData(BinBin) OK: datalen(13168)
2018-09-21 21:40:21	SaveRoleData(BinBin) OK: datalen(13168)
2018-09-21 21:51:50	SaveRoleData(BinBin) OK: datalen(13168)
2018-09-21 22:03:19	SaveRoleData(BinBin) OK: datalen(13168)
2018-09-21 22:14:48	SaveRoleData(BinBin) OK: datalen(13168)
2018-09-21 22:26:17	SaveRoleData(BinBin) OK: datalen(13168)
2018-09-21 22:37:46	SaveRoleData(BinBin) OK: datalen(13168)
2018-09-21 22:49:15	SaveRoleData(BinBin) OK: datalen(13168)
2018-09-21 23:00:09	[QuitBackup]is_quit:0
2018-09-21 23:00:14	Deliver statdata: 0 bytes
2018-09-21 23:00:44	SaveRoleData(BinBin) OK: datalen(13168)
2018-09-21 23:12:13	SaveRoleData(BinBin) OK: datalen(13168)
2018-09-21 23:23:42	SaveRoleData(BinBin) OK: datalen(13168)
2018-09-21 23:35:11	SaveRoleData(BinBin) OK: datalen(13168)
2018-09-21 23:46:40	SaveRoleData(BinBin) OK: datalen(13168)
2018-09-21 23:58:09	SaveRoleData(BinBin) OK: datalen(13168)
