2018-09-23 00:05:03	SaveRoleData(BinBin) OK: datalen(13168)
2018-09-23 00:16:32	SaveRoleData(BinBin) OK: datalen(13168)
2018-09-23 00:28:01	SaveRoleData(BinBin) OK: datalen(13168)
2018-09-23 00:39:30	SaveRoleData(BinBin) OK: datalen(13168)
2018-09-23 00:50:59	SaveRoleData(BinBin) OK: datalen(13168)
2018-09-23 01:00:14	Deliver statdata: 0 bytes
2018-09-23 01:02:28	SaveRoleData(BinBin) OK: datalen(13168)
2018-09-23 01:13:57	SaveRoleData(BinBin) OK: datalen(13168)
2018-09-23 01:25:26	SaveRoleData(BinBin) OK: datalen(13168)
2018-09-23 01:36:55	SaveRoleData(BinBin) OK: datalen(13168)
2018-09-23 01:48:24	SaveRoleData(BinBin) OK: datalen(13168)
2018-09-23 01:59:53	SaveRoleData(BinBin) OK: datalen(13168)
2018-09-23 02:11:22	SaveRoleData(BinBin) OK: datalen(13168)
2018-09-23 02:22:51	SaveRoleData(BinBin) OK: datalen(13168)
2018-09-23 02:34:20	SaveRoleData(BinBin) OK: datalen(13168)
2018-09-23 02:45:49	SaveRoleData(BinBin) OK: datalen(13168)
2018-09-23 02:57:18	SaveRoleData(BinBin) OK: datalen(13168)
2018-09-23 03:00:14	Deliver statdata: 0 bytes
2018-09-23 03:08:47	SaveRoleData(BinBin) OK: datalen(13168)
2018-09-23 03:20:16	SaveRoleData(BinBin) OK: datalen(13168)
2018-09-23 03:31:45	SaveRoleData(BinBin) OK: datalen(13168)
2018-09-23 03:43:14	SaveRoleData(BinBin) OK: datalen(13168)
2018-09-23 03:54:43	SaveRoleData(BinBin) OK: datalen(13168)
2018-09-23 04:06:12	SaveRoleData(BinBin) OK: datalen(13168)
2018-09-23 04:17:41	SaveRoleData(BinBin) OK: datalen(13168)
2018-09-23 04:29:10	SaveRoleData(BinBin) OK: datalen(13168)
2018-09-23 04:40:39	SaveRoleData(BinBin) OK: datalen(13168)
2018-09-23 04:52:08	SaveRoleData(BinBin) OK: datalen(13168)
2018-09-23 05:00:14	Deliver statdata: 0 bytes
2018-09-23 05:03:37	SaveRoleData(BinBin) OK: datalen(13168)
2018-09-23 05:15:06	SaveRoleData(BinBin) OK: datalen(13168)
2018-09-23 05:26:35	SaveRoleData(BinBin) OK: datalen(13168)
2018-09-23 05:38:04	SaveRoleData(BinBin) OK: datalen(13168)
2018-09-23 05:49:33	SaveRoleData(BinBin) OK: datalen(13168)
2018-09-23 06:01:02	SaveRoleData(BinBin) OK: datalen(13168)
2018-09-23 06:12:31	SaveRoleData(BinBin) OK: datalen(13168)
2018-09-23 06:24:00	SaveRoleData(BinBin) OK: datalen(13168)
2018-09-23 06:35:29	SaveRoleData(BinBin) OK: datalen(13168)
2018-09-23 06:46:58	SaveRoleData(BinBin) OK: datalen(13168)
2018-09-23 06:58:27	SaveRoleData(BinBin) OK: datalen(13168)
2018-09-23 07:00:09	[QuitBackup]is_quit:0
2018-09-23 07:00:14	Deliver statdata: 0 bytes
2018-09-23 07:09:56	SaveRoleData(BinBin) OK: datalen(13168)
2018-09-23 07:21:25	SaveRoleData(BinBin) OK: datalen(13168)
2018-09-23 07:32:54	SaveRoleData(BinBin) OK: datalen(13168)
2018-09-23 07:44:23	SaveRoleData(BinBin) OK: datalen(13168)
2018-09-23 07:55:52	SaveRoleData(BinBin) OK: datalen(13168)
2018-09-23 08:07:21	SaveRoleData(BinBin) OK: datalen(13168)
2018-09-23 08:18:50	SaveRoleData(BinBin) OK: datalen(13168)
2018-09-23 08:30:19	SaveRoleData(BinBin) OK: datalen(13168)
2018-09-23 08:41:48	SaveRoleData(BinBin) OK: datalen(13168)
2018-09-23 08:53:17	SaveRoleData(BinBin) OK: datalen(13168)
2018-09-23 09:00:14	Deliver statdata: 0 bytes
2018-09-23 09:04:46	SaveRoleData(BinBin) OK: datalen(13168)
2018-09-23 09:16:15	SaveRoleData(BinBin) OK: datalen(13168)
2018-09-23 09:27:44	SaveRoleData(BinBin) OK: datalen(13168)
2018-09-23 09:39:13	SaveRoleData(BinBin) OK: datalen(13168)
2018-09-23 09:50:42	SaveRoleData(BinBin) OK: datalen(13168)
2018-09-23 10:02:11	SaveRoleData(BinBin) OK: datalen(13168)
2018-09-23 10:13:40	SaveRoleData(BinBin) OK: datalen(13168)
2018-09-23 10:25:09	SaveRoleData(BinBin) OK: datalen(13168)
2018-09-23 10:36:38	SaveRoleData(BinBin) OK: datalen(13168)
2018-09-23 10:48:07	SaveRoleData(BinBin) OK: datalen(13168)
2018-09-23 10:59:36	SaveRoleData(BinBin) OK: datalen(13168)
2018-09-23 11:00:14	Deliver statdata: 0 bytes
2018-09-23 11:11:05	SaveRoleData(BinBin) OK: datalen(13168)
2018-09-23 11:22:34	SaveRoleData(BinBin) OK: datalen(13168)
2018-09-23 11:34:03	SaveRoleData(BinBin) OK: datalen(13168)
2018-09-23 11:45:32	SaveRoleData(BinBin) OK: datalen(13168)
2018-09-23 11:57:01	SaveRoleData(BinBin) OK: datalen(13168)
2018-09-23 12:08:30	SaveRoleData(BinBin) OK: datalen(13168)
2018-09-23 12:19:59	SaveRoleData(BinBin) OK: datalen(13168)
2018-09-23 12:31:28	SaveRoleData(BinBin) OK: datalen(13168)
2018-09-23 12:42:57	SaveRoleData(BinBin) OK: datalen(13168)
2018-09-23 12:54:26	SaveRoleData(BinBin) OK: datalen(13168)
2018-09-23 13:00:14	Deliver statdata: 0 bytes
2018-09-23 13:05:55	SaveRoleData(BinBin) OK: datalen(13168)
2018-09-23 13:17:24	SaveRoleData(BinBin) OK: datalen(13168)
2018-09-23 13:28:53	SaveRoleData(BinBin) OK: datalen(13168)
2018-09-23 13:40:22	SaveRoleData(BinBin) OK: datalen(13168)
2018-09-23 13:51:51	SaveRoleData(BinBin) OK: datalen(13168)
2018-09-23 14:03:20	SaveRoleData(BinBin) OK: datalen(13168)
2018-09-23 14:14:49	SaveRoleData(BinBin) OK: datalen(13168)
2018-09-23 14:26:18	SaveRoleData(BinBin) OK: datalen(13168)
2018-09-23 14:37:47	SaveRoleData(BinBin) OK: datalen(13168)
2018-09-23 14:49:16	SaveRoleData(BinBin) OK: datalen(13168)
2018-09-23 15:00:09	[QuitBackup]is_quit:0
2018-09-23 15:00:14	Deliver statdata: 0 bytes
2018-09-23 15:00:45	SaveRoleData(BinBin) OK: datalen(13168)
2018-09-23 15:12:14	SaveRoleData(BinBin) OK: datalen(13168)
2018-09-23 15:23:43	SaveRoleData(BinBin) OK: datalen(13168)
2018-09-23 15:35:12	SaveRoleData(BinBin) OK: datalen(13168)
2018-09-23 15:46:41	SaveRoleData(BinBin) OK: datalen(13168)
2018-09-23 15:58:10	SaveRoleData(BinBin) OK: datalen(13168)
2018-09-23 16:09:39	SaveRoleData(BinBin) OK: datalen(13168)
2018-09-23 16:21:08	SaveRoleData(BinBin) OK: datalen(13168)
2018-09-23 16:32:37	SaveRoleData(BinBin) OK: datalen(13168)
2018-09-23 16:44:06	SaveRoleData(BinBin) OK: datalen(13168)
2018-09-23 16:54:25	GetRoleInfo(MopcChau) OK: Enter Node[0](127.0.0.1 : 59666)
2018-09-23 16:54:25	GetRoleData(MopcChau) OK: datalen(4824)
2018-09-23 16:54:25	EnterGame(MopcChau) OK: Move from Node[0] to Node[1]
2018-09-23 16:55:31	QuitSave[MopcChau] OK: Leave Node[1]
2018-09-23 16:55:31	SaveRoleData(MopcChau) OK: datalen(4824)
2018-09-23 16:55:35	SaveRoleData(BinBin) OK: datalen(13168)
2018-09-23 17:00:14	Deliver statdata: 0 bytes
2018-09-23 17:07:04	SaveRoleData(BinBin) OK: datalen(13168)
2018-09-23 17:18:33	SaveRoleData(BinBin) OK: datalen(13168)
2018-09-23 17:30:02	SaveRoleData(BinBin) OK: datalen(13168)
2018-09-23 17:41:31	SaveRoleData(BinBin) OK: datalen(13168)
2018-09-23 17:53:00	SaveRoleData(BinBin) OK: datalen(13168)
2018-09-23 18:04:29	SaveRoleData(BinBin) OK: datalen(13168)
2018-09-23 18:15:58	SaveRoleData(BinBin) OK: datalen(13168)
2018-09-23 18:27:27	SaveRoleData(BinBin) OK: datalen(13168)
2018-09-23 18:38:56	SaveRoleData(BinBin) OK: datalen(13168)
2018-09-23 18:50:25	SaveRoleData(BinBin) OK: datalen(13168)
2018-09-23 19:00:14	Deliver statdata: 0 bytes
2018-09-23 19:01:54	SaveRoleData(BinBin) OK: datalen(13168)
2018-09-23 19:13:23	SaveRoleData(BinBin) OK: datalen(13168)
2018-09-23 19:24:52	SaveRoleData(BinBin) OK: datalen(13168)
2018-09-23 19:36:21	SaveRoleData(BinBin) OK: datalen(13168)
2018-09-23 19:47:50	SaveRoleData(BinBin) OK: datalen(13168)
2018-09-23 19:59:19	SaveRoleData(BinBin) OK: datalen(13168)
2018-09-23 20:10:48	SaveRoleData(BinBin) OK: datalen(13168)
2018-09-23 20:22:17	SaveRoleData(BinBin) OK: datalen(13168)
2018-09-23 20:33:46	SaveRoleData(BinBin) OK: datalen(13168)
2018-09-23 20:45:15	SaveRoleData(BinBin) OK: datalen(13168)
2018-09-23 20:56:44	SaveRoleData(BinBin) OK: datalen(13168)
2018-09-23 21:00:14	Deliver statdata: 0 bytes
2018-09-23 21:08:13	SaveRoleData(BinBin) OK: datalen(13168)
2018-09-23 21:19:42	SaveRoleData(BinBin) OK: datalen(13168)
2018-09-23 21:31:11	SaveRoleData(BinBin) OK: datalen(13168)
2018-09-23 21:42:40	SaveRoleData(BinBin) OK: datalen(13168)
2018-09-23 21:54:09	SaveRoleData(BinBin) OK: datalen(13168)
2018-09-23 22:05:38	SaveRoleData(BinBin) OK: datalen(13168)
2018-09-23 22:17:07	SaveRoleData(BinBin) OK: datalen(13168)
2018-09-23 22:28:36	SaveRoleData(BinBin) OK: datalen(13168)
2018-09-23 22:40:05	SaveRoleData(BinBin) OK: datalen(13168)
2018-09-23 22:49:20	[WARNING]Refuse invalid connection[185.100.87.250 : 43824]
2018-09-23 22:49:20	[WARNING]Refuse invalid connection[185.100.87.250 : 44174]
2018-09-23 22:49:21	[WARNING]Refuse invalid connection[185.100.87.250 : 44372]
2018-09-23 22:49:22	[WARNING]Refuse invalid connection[185.100.87.250 : 44600]
2018-09-23 22:49:22	[WARNING]Refuse invalid connection[185.100.87.250 : 44858]
2018-09-23 22:49:23	[WARNING]Refuse invalid connection[185.100.87.250 : 45098]
2018-09-23 22:49:24	[WARNING]Refuse invalid connection[185.100.87.250 : 45586]
2018-09-23 22:49:25	[WARNING]Refuse invalid connection[185.100.87.250 : 45802]
2018-09-23 22:49:25	[WARNING]Refuse invalid connection[185.100.87.250 : 46118]
2018-09-23 22:49:26	[WARNING]Refuse invalid connection[185.100.87.250 : 46328]
2018-09-23 22:49:26	[WARNING]Refuse invalid connection[185.100.87.250 : 46554]
2018-09-23 22:49:27	[WARNING]Refuse invalid connection[185.100.87.250 : 46772]
2018-09-23 22:49:28	[WARNING]Refuse invalid connection[185.100.87.250 : 47028]
2018-09-23 22:49:28	[WARNING]Refuse invalid connection[185.100.87.250 : 47238]
2018-09-23 22:49:29	[WARNING]Refuse invalid connection[185.100.87.250 : 47520]
2018-09-23 22:49:30	[WARNING]Refuse invalid connection[185.100.87.250 : 47802]
2018-09-23 22:49:30	[WARNING]Refuse invalid connection[185.100.87.250 : 48042]
2018-09-23 22:49:31	[WARNING]Refuse invalid connection[185.100.87.250 : 48322]
2018-09-23 22:49:31	[WARNING]Refuse invalid connection[185.100.87.250 : 48526]
2018-09-23 22:49:32	[WARNING]Refuse invalid connection[185.100.87.250 : 48690]
2018-09-23 22:49:33	[WARNING]Refuse invalid connection[185.100.87.250 : 48892]
2018-09-23 22:49:33	[WARNING]Refuse invalid connection[185.100.87.250 : 49004]
2018-09-23 22:49:34	[WARNING]Refuse invalid connection[185.100.87.250 : 49262]
2018-09-23 22:49:34	[WARNING]Refuse invalid connection[185.100.87.250 : 49516]
2018-09-23 22:49:35	[WARNING]Refuse invalid connection[185.100.87.250 : 49790]
2018-09-23 22:49:36	[WARNING]Refuse invalid connection[185.100.87.250 : 50076]
2018-09-23 22:49:36	[WARNING]Refuse invalid connection[185.100.87.250 : 50282]
2018-09-23 22:49:37	[WARNING]Refuse invalid connection[185.100.87.250 : 50448]
2018-09-23 22:49:37	[WARNING]Refuse invalid connection[185.100.87.250 : 50620]
2018-09-23 22:49:38	[WARNING]Refuse invalid connection[185.100.87.250 : 50780]
2018-09-23 22:51:24	[WARNING]Refuse invalid connection[185.100.87.250 : 36204]
2018-09-23 22:51:34	SaveRoleData(BinBin) OK: datalen(13168)
2018-09-23 22:52:06	[WARNING]Refuse invalid connection[185.100.87.250 : 623]
2018-09-23 23:00:09	[QuitBackup]is_quit:0
2018-09-23 23:00:14	Deliver statdata: 0 bytes
2018-09-23 23:03:03	SaveRoleData(BinBin) OK: datalen(13168)
2018-09-23 23:14:32	SaveRoleData(BinBin) OK: datalen(13168)
2018-09-23 23:26:01	SaveRoleData(BinBin) OK: datalen(13168)
2018-09-23 23:37:30	SaveRoleData(BinBin) OK: datalen(13168)
2018-09-23 23:48:59	SaveRoleData(BinBin) OK: datalen(13168)
