2018-09-24 00:00:28	SaveRoleData(BinBin) OK: datalen(13168)
2018-09-24 00:11:57	SaveRoleData(BinBin) OK: datalen(13168)
2018-09-24 00:23:26	SaveRoleData(BinBin) OK: datalen(13168)
2018-09-24 00:34:55	SaveRoleData(BinBin) OK: datalen(13168)
2018-09-24 00:46:24	SaveRoleData(BinBin) OK: datalen(13168)
2018-09-24 00:57:53	SaveRoleData(BinBin) OK: datalen(13168)
2018-09-24 01:00:14	Deliver statdata: 0 bytes
2018-09-24 01:09:22	SaveRoleData(BinBin) OK: datalen(13168)
2018-09-24 01:20:51	SaveRoleData(BinBin) OK: datalen(13168)
2018-09-24 01:32:20	SaveRoleData(BinBin) OK: datalen(13168)
2018-09-24 01:43:49	SaveRoleData(BinBin) OK: datalen(13168)
2018-09-24 01:55:18	SaveRoleData(BinBin) OK: datalen(13168)
2018-09-24 02:06:47	SaveRoleData(BinBin) OK: datalen(13168)
2018-09-24 02:18:16	SaveRoleData(BinBin) OK: datalen(13168)
2018-09-24 02:29:45	SaveRoleData(BinBin) OK: datalen(13168)
2018-09-24 02:41:14	SaveRoleData(BinBin) OK: datalen(13168)
2018-09-24 02:52:43	SaveRoleData(BinBin) OK: datalen(13168)
2018-09-24 03:00:14	Deliver statdata: 0 bytes
2018-09-24 03:04:12	SaveRoleData(BinBin) OK: datalen(13168)
2018-09-24 03:15:41	SaveRoleData(BinBin) OK: datalen(13168)
2018-09-24 03:27:10	SaveRoleData(BinBin) OK: datalen(13168)
2018-09-24 03:38:39	SaveRoleData(BinBin) OK: datalen(13168)
2018-09-24 03:50:08	SaveRoleData(BinBin) OK: datalen(13168)
2018-09-24 04:01:37	SaveRoleData(BinBin) OK: datalen(13168)
2018-09-24 04:13:06	SaveRoleData(BinBin) OK: datalen(13168)
2018-09-24 04:24:35	SaveRoleData(BinBin) OK: datalen(13168)
2018-09-24 04:36:04	SaveRoleData(BinBin) OK: datalen(13168)
2018-09-24 04:47:33	SaveRoleData(BinBin) OK: datalen(13168)
2018-09-24 04:59:02	SaveRoleData(BinBin) OK: datalen(13168)
2018-09-24 05:00:14	Deliver statdata: 0 bytes
2018-09-24 05:10:31	SaveRoleData(BinBin) OK: datalen(13168)
2018-09-24 05:22:00	SaveRoleData(BinBin) OK: datalen(13168)
2018-09-24 05:33:29	SaveRoleData(BinBin) OK: datalen(13168)
2018-09-24 05:44:58	SaveRoleData(BinBin) OK: datalen(13168)
2018-09-24 05:56:27	SaveRoleData(BinBin) OK: datalen(13168)
2018-09-24 06:07:56	SaveRoleData(BinBin) OK: datalen(13168)
2018-09-24 06:19:25	SaveRoleData(BinBin) OK: datalen(13168)
2018-09-24 06:30:54	SaveRoleData(BinBin) OK: datalen(13168)
2018-09-24 06:42:23	SaveRoleData(BinBin) OK: datalen(13168)
2018-09-24 06:53:52	SaveRoleData(BinBin) OK: datalen(13168)
2018-09-24 07:00:09	[QuitBackup]is_quit:0
2018-09-24 07:00:14	Deliver statdata: 0 bytes
2018-09-24 07:05:21	SaveRoleData(BinBin) OK: datalen(13168)
2018-09-24 07:16:50	SaveRoleData(BinBin) OK: datalen(13168)
2018-09-24 07:28:19	SaveRoleData(BinBin) OK: datalen(13168)
2018-09-24 07:39:48	SaveRoleData(BinBin) OK: datalen(13168)
2018-09-24 07:51:17	SaveRoleData(BinBin) OK: datalen(13168)
2018-09-24 08:02:46	SaveRoleData(BinBin) OK: datalen(13168)
2018-09-24 08:14:15	SaveRoleData(BinBin) OK: datalen(13168)
2018-09-24 08:25:44	SaveRoleData(BinBin) OK: datalen(13168)
2018-09-24 08:37:13	SaveRoleData(BinBin) OK: datalen(13168)
2018-09-24 08:48:42	SaveRoleData(BinBin) OK: datalen(13168)
2018-09-24 09:00:11	SaveRoleData(BinBin) OK: datalen(13168)
2018-09-24 09:00:14	Deliver statdata: 0 bytes
2018-09-24 09:11:40	SaveRoleData(BinBin) OK: datalen(13168)
2018-09-24 09:23:09	SaveRoleData(BinBin) OK: datalen(13168)
2018-09-24 09:34:38	SaveRoleData(BinBin) OK: datalen(13168)
2018-09-24 09:46:07	SaveRoleData(BinBin) OK: datalen(13168)
2018-09-24 09:57:36	SaveRoleData(BinBin) OK: datalen(13168)
2018-09-24 10:09:05	SaveRoleData(BinBin) OK: datalen(13168)
2018-09-24 10:20:34	SaveRoleData(BinBin) OK: datalen(13168)
2018-09-24 10:32:03	SaveRoleData(BinBin) OK: datalen(13168)
2018-09-24 10:43:32	SaveRoleData(BinBin) OK: datalen(13168)
2018-09-24 10:55:01	SaveRoleData(BinBin) OK: datalen(13168)
2018-09-24 10:57:16	CreateRoleData(GiauHuynhAdmin) OK: Account(ghadmin), datalen(575)
2018-09-24 10:57:16	EnterGame(GiauHuynhAdmin) OK: Move from Node[0] to Node[1]
2018-09-24 11:00:14	Deliver statdata: 0 bytes
2018-09-24 11:01:47	SaveRoleData(GiauHuynhAdmin) OK: datalen(2316)
2018-09-24 11:06:30	SaveRoleData(BinBin) OK: datalen(13168)
2018-09-24 11:14:41	SaveRoleData(GiauHuynhAdmin) OK: datalen(2944)
2018-09-24 11:17:59	SaveRoleData(BinBin) OK: datalen(13168)
2018-09-24 11:19:50	QuitSave[GiauHuynhAdmin] OK: Leave Node[1]
2018-09-24 11:19:50	SaveRoleData(GiauHuynhAdmin) OK: datalen(2928)
2018-09-24 11:29:28	SaveRoleData(BinBin) OK: datalen(13168)
2018-09-24 11:40:57	SaveRoleData(BinBin) OK: datalen(13168)
2018-09-24 11:52:26	SaveRoleData(BinBin) OK: datalen(13168)
2018-09-24 12:03:55	SaveRoleData(BinBin) OK: datalen(13168)
2018-09-24 12:15:24	SaveRoleData(BinBin) OK: datalen(13168)
2018-09-24 12:26:53	SaveRoleData(BinBin) OK: datalen(13168)
2018-09-24 12:38:22	SaveRoleData(BinBin) OK: datalen(13168)
2018-09-24 12:49:51	SaveRoleData(BinBin) OK: datalen(13168)
2018-09-24 13:00:14	Deliver statdata: 0 bytes
2018-09-24 13:01:20	SaveRoleData(BinBin) OK: datalen(13168)
2018-09-24 13:12:49	SaveRoleData(BinBin) OK: datalen(13168)
2018-09-24 13:24:18	SaveRoleData(BinBin) OK: datalen(13168)
2018-09-24 13:35:47	SaveRoleData(BinBin) OK: datalen(13168)
2018-09-24 13:47:16	SaveRoleData(BinBin) OK: datalen(13168)
2018-09-24 13:58:45	SaveRoleData(BinBin) OK: datalen(13168)
2018-09-24 14:10:14	SaveRoleData(BinBin) OK: datalen(13168)
2018-09-24 14:21:43	SaveRoleData(BinBin) OK: datalen(13168)
2018-09-24 14:33:12	SaveRoleData(BinBin) OK: datalen(13168)
2018-09-24 14:44:41	SaveRoleData(BinBin) OK: datalen(13168)
2018-09-24 14:56:10	SaveRoleData(BinBin) OK: datalen(13168)
2018-09-24 15:00:09	[QuitBackup]is_quit:0
2018-09-24 15:00:14	Deliver statdata: 0 bytes
2018-09-24 15:07:39	SaveRoleData(BinBin) OK: datalen(13168)
2018-09-24 15:19:08	SaveRoleData(BinBin) OK: datalen(13168)
2018-09-24 15:30:37	SaveRoleData(BinBin) OK: datalen(13168)
2018-09-24 15:42:06	SaveRoleData(BinBin) OK: datalen(13168)
2018-09-24 15:53:35	SaveRoleData(BinBin) OK: datalen(13168)
2018-09-24 16:05:04	SaveRoleData(BinBin) OK: datalen(13168)
2018-09-24 16:16:33	SaveRoleData(BinBin) OK: datalen(13168)
2018-09-24 16:28:02	SaveRoleData(BinBin) OK: datalen(13168)
2018-09-24 16:39:31	SaveRoleData(BinBin) OK: datalen(13168)
2018-09-24 16:51:00	SaveRoleData(BinBin) OK: datalen(13168)
2018-09-24 16:56:57	CreateRoleData(GauCho) OK: Account(heyhayhey), datalen(575)
2018-09-24 16:56:58	EnterGame(GauCho) OK: Move from Node[0] to Node[1]
2018-09-24 16:57:18	QuitSave[GauCho] OK: Leave Node[1]
2018-09-24 16:57:18	SaveRoleData(GauCho) OK: datalen(1960)
2018-09-24 17:00:14	Deliver statdata: 0 bytes
2018-09-24 17:02:29	SaveRoleData(BinBin) OK: datalen(13168)
2018-09-24 17:13:58	SaveRoleData(BinBin) OK: datalen(13168)
2018-09-24 17:25:27	SaveRoleData(BinBin) OK: datalen(13168)
2018-09-24 17:36:56	SaveRoleData(BinBin) OK: datalen(13168)
2018-09-24 17:48:25	SaveRoleData(BinBin) OK: datalen(13168)
2018-09-24 17:59:54	SaveRoleData(BinBin) OK: datalen(13168)
2018-09-24 18:11:23	SaveRoleData(BinBin) OK: datalen(13168)
2018-09-24 18:22:52	SaveRoleData(BinBin) OK: datalen(13168)
2018-09-24 18:34:21	SaveRoleData(BinBin) OK: datalen(13168)
2018-09-24 18:43:53	[WARNING]Refuse invalid connection[185.165.169.146 : 33864]
2018-09-24 18:45:50	SaveRoleData(BinBin) OK: datalen(13168)
2018-09-24 18:57:19	SaveRoleData(BinBin) OK: datalen(13168)
2018-09-24 19:00:14	Deliver statdata: 0 bytes
2018-09-24 19:08:48	SaveRoleData(BinBin) OK: datalen(13168)
2018-09-24 19:20:17	SaveRoleData(BinBin) OK: datalen(13168)
2018-09-24 19:31:46	SaveRoleData(BinBin) OK: datalen(13168)
2018-09-24 19:43:15	SaveRoleData(BinBin) OK: datalen(13168)
2018-09-24 19:54:44	SaveRoleData(BinBin) OK: datalen(13168)
2018-09-24 20:06:13	SaveRoleData(BinBin) OK: datalen(13168)
2018-09-24 20:17:42	SaveRoleData(BinBin) OK: datalen(13168)
2018-09-24 20:29:11	SaveRoleData(BinBin) OK: datalen(13168)
2018-09-24 20:40:40	SaveRoleData(BinBin) OK: datalen(13168)
2018-09-24 20:52:09	SaveRoleData(BinBin) OK: datalen(13168)
2018-09-24 21:00:14	Deliver statdata: 0 bytes
2018-09-24 21:03:38	SaveRoleData(BinBin) OK: datalen(13168)
2018-09-24 21:15:07	SaveRoleData(BinBin) OK: datalen(13168)
2018-09-24 21:26:36	SaveRoleData(BinBin) OK: datalen(13168)
2018-09-24 21:38:05	SaveRoleData(BinBin) OK: datalen(13168)
2018-09-24 21:49:34	SaveRoleData(BinBin) OK: datalen(13168)
2018-09-24 22:01:03	SaveRoleData(BinBin) OK: datalen(13168)
2018-09-24 22:12:32	SaveRoleData(BinBin) OK: datalen(13168)
2018-09-24 22:24:01	SaveRoleData(BinBin) OK: datalen(13168)
2018-09-24 22:35:30	SaveRoleData(BinBin) OK: datalen(13168)
2018-09-24 22:46:59	SaveRoleData(BinBin) OK: datalen(13168)
2018-09-24 22:58:28	SaveRoleData(BinBin) OK: datalen(13168)
2018-09-24 23:00:09	[QuitBackup]is_quit:0
2018-09-24 23:00:14	Deliver statdata: 0 bytes
2018-09-24 23:09:57	SaveRoleData(BinBin) OK: datalen(13168)
2018-09-24 23:21:26	SaveRoleData(BinBin) OK: datalen(13168)
2018-09-24 23:32:55	SaveRoleData(BinBin) OK: datalen(13168)
2018-09-24 23:44:24	SaveRoleData(BinBin) OK: datalen(13168)
2018-09-24 23:55:53	SaveRoleData(BinBin) OK: datalen(13168)
