2018-09-25 00:07:22	SaveRoleData(BinBin) OK: datalen(13168)
2018-09-25 00:18:51	SaveRoleData(BinBin) OK: datalen(13168)
2018-09-25 00:30:20	SaveRoleData(BinBin) OK: datalen(13168)
2018-09-25 00:41:49	SaveRoleData(BinBin) OK: datalen(13168)
2018-09-25 00:53:18	SaveRoleData(BinBin) OK: datalen(13168)
2018-09-25 01:00:14	Deliver statdata: 0 bytes
2018-09-25 01:04:47	SaveRoleData(BinBin) OK: datalen(13168)
2018-09-25 01:16:16	SaveRoleData(BinBin) OK: datalen(13168)
2018-09-25 01:27:45	SaveRoleData(BinBin) OK: datalen(13168)
2018-09-25 01:39:14	SaveRoleData(BinBin) OK: datalen(13168)
2018-09-25 01:50:43	SaveRoleData(BinBin) OK: datalen(13168)
2018-09-25 02:02:12	SaveRoleData(BinBin) OK: datalen(13168)
2018-09-25 02:13:41	SaveRoleData(BinBin) OK: datalen(13168)
2018-09-25 02:25:10	SaveRoleData(BinBin) OK: datalen(13168)
2018-09-25 02:36:39	SaveRoleData(BinBin) OK: datalen(13168)
2018-09-25 02:48:08	SaveRoleData(BinBin) OK: datalen(13168)
2018-09-25 02:59:37	SaveRoleData(BinBin) OK: datalen(13168)
2018-09-25 03:00:14	Deliver statdata: 0 bytes
2018-09-25 03:11:06	SaveRoleData(BinBin) OK: datalen(13168)
2018-09-25 03:22:35	SaveRoleData(BinBin) OK: datalen(13168)
2018-09-25 03:34:04	SaveRoleData(BinBin) OK: datalen(13168)
2018-09-25 03:45:33	SaveRoleData(BinBin) OK: datalen(13168)
2018-09-25 03:57:02	SaveRoleData(BinBin) OK: datalen(13168)
2018-09-25 04:08:31	SaveRoleData(BinBin) OK: datalen(13168)
2018-09-25 04:20:00	SaveRoleData(BinBin) OK: datalen(13168)
2018-09-25 04:31:29	SaveRoleData(BinBin) OK: datalen(13168)
2018-09-25 04:42:58	SaveRoleData(BinBin) OK: datalen(13168)
2018-09-25 04:47:50	[WARNING]Refuse invalid connection[122.228.10.51 : 35157]
2018-09-25 04:47:50	[WARNING]Refuse invalid connection[122.228.10.51 : 35156]
2018-09-25 04:54:27	SaveRoleData(BinBin) OK: datalen(13168)
2018-09-25 05:00:14	Deliver statdata: 0 bytes
2018-09-25 05:05:56	SaveRoleData(BinBin) OK: datalen(13168)
2018-09-25 05:17:25	SaveRoleData(BinBin) OK: datalen(13168)
2018-09-25 05:28:54	SaveRoleData(BinBin) OK: datalen(13168)
2018-09-25 05:40:23	SaveRoleData(BinBin) OK: datalen(13168)
2018-09-25 05:51:52	SaveRoleData(BinBin) OK: datalen(13168)
2018-09-25 06:03:21	SaveRoleData(BinBin) OK: datalen(13168)
2018-09-25 06:14:50	SaveRoleData(BinBin) OK: datalen(13168)
2018-09-25 06:26:19	SaveRoleData(BinBin) OK: datalen(13168)
2018-09-25 06:37:48	SaveRoleData(BinBin) OK: datalen(13168)
2018-09-25 06:49:17	SaveRoleData(BinBin) OK: datalen(13168)
2018-09-25 07:00:09	[QuitBackup]is_quit:0
2018-09-25 07:00:14	Deliver statdata: 0 bytes
2018-09-25 07:00:46	SaveRoleData(BinBin) OK: datalen(13168)
2018-09-25 07:12:15	SaveRoleData(BinBin) OK: datalen(13168)
2018-09-25 07:23:44	SaveRoleData(BinBin) OK: datalen(13168)
2018-09-25 07:35:13	SaveRoleData(BinBin) OK: datalen(13168)
2018-09-25 07:46:42	SaveRoleData(BinBin) OK: datalen(13168)
2018-09-25 07:58:11	SaveRoleData(BinBin) OK: datalen(13168)
2018-09-25 08:09:40	SaveRoleData(BinBin) OK: datalen(13168)
2018-09-25 08:21:09	SaveRoleData(BinBin) OK: datalen(13168)
2018-09-25 08:32:38	SaveRoleData(BinBin) OK: datalen(13168)
2018-09-25 08:44:07	SaveRoleData(BinBin) OK: datalen(13168)
2018-09-25 08:55:36	SaveRoleData(BinBin) OK: datalen(13168)
2018-09-25 09:00:14	Deliver statdata: 0 bytes
2018-09-25 09:07:05	SaveRoleData(BinBin) OK: datalen(13168)
2018-09-25 09:18:34	SaveRoleData(BinBin) OK: datalen(13168)
2018-09-25 09:30:03	SaveRoleData(BinBin) OK: datalen(13168)
2018-09-25 09:41:32	SaveRoleData(BinBin) OK: datalen(13168)
2018-09-25 09:53:01	SaveRoleData(BinBin) OK: datalen(13168)
2018-09-25 10:04:30	SaveRoleData(BinBin) OK: datalen(13168)
2018-09-25 10:15:59	SaveRoleData(BinBin) OK: datalen(13168)
2018-09-25 10:27:28	SaveRoleData(BinBin) OK: datalen(13168)
2018-09-25 10:38:57	SaveRoleData(BinBin) OK: datalen(13168)
2018-09-25 10:50:26	SaveRoleData(BinBin) OK: datalen(13168)
2018-09-25 11:00:14	Deliver statdata: 0 bytes
2018-09-25 11:01:55	SaveRoleData(BinBin) OK: datalen(13168)
2018-09-25 11:13:24	SaveRoleData(BinBin) OK: datalen(13168)
2018-09-25 11:24:53	SaveRoleData(BinBin) OK: datalen(13168)
2018-09-25 11:36:22	SaveRoleData(BinBin) OK: datalen(13168)
2018-09-25 11:47:51	SaveRoleData(BinBin) OK: datalen(13168)
2018-09-25 11:59:20	SaveRoleData(BinBin) OK: datalen(13168)
2018-09-25 12:10:49	SaveRoleData(BinBin) OK: datalen(13168)
2018-09-25 12:16:12	[WARNING]Refuse invalid connection[71.6.199.23 : 38530]
2018-09-25 12:16:12	[WARNING]Refuse invalid connection[71.6.199.23 : 38794]
2018-09-25 12:22:18	SaveRoleData(BinBin) OK: datalen(13168)
2018-09-25 12:33:47	SaveRoleData(BinBin) OK: datalen(13168)
2018-09-25 12:45:16	SaveRoleData(BinBin) OK: datalen(13168)
2018-09-25 12:56:45	SaveRoleData(BinBin) OK: datalen(13168)
2018-09-25 13:00:14	Deliver statdata: 0 bytes
2018-09-25 13:08:14	SaveRoleData(BinBin) OK: datalen(13168)
2018-09-25 13:19:43	SaveRoleData(BinBin) OK: datalen(13168)
2018-09-25 13:31:12	SaveRoleData(BinBin) OK: datalen(13168)
2018-09-25 13:42:41	SaveRoleData(BinBin) OK: datalen(13168)
2018-09-25 13:54:10	SaveRoleData(BinBin) OK: datalen(13168)
2018-09-25 14:05:39	SaveRoleData(BinBin) OK: datalen(13168)
2018-09-25 14:17:08	SaveRoleData(BinBin) OK: datalen(13168)
2018-09-25 14:28:37	SaveRoleData(BinBin) OK: datalen(13168)
2018-09-25 14:40:06	SaveRoleData(BinBin) OK: datalen(13168)
2018-09-25 14:51:35	SaveRoleData(BinBin) OK: datalen(13168)
2018-09-25 14:56:14	GetRoleInfo(EsÙTheÙKing) OK: Enter Node[0](127.0.0.1 : 59666)
2018-09-25 14:56:14	GetRoleData(EsÙTheÙKing) OK: datalen(9099)
2018-09-25 14:56:14	EnterGame(EsÙTheÙKing) OK: Move from Node[0] to Node[1]
2018-09-25 14:58:59	QuitSave[EsÙTheÙKing] OK: Leave Node[1]
2018-09-25 14:58:59	SaveRoleData(EsÙTheÙKing) OK: datalen(9099)
2018-09-25 15:00:09	[QuitBackup]is_quit:0
2018-09-25 15:00:14	Deliver statdata: 0 bytes
2018-09-25 15:03:04	SaveRoleData(BinBin) OK: datalen(13168)
2018-09-25 15:14:33	SaveRoleData(BinBin) OK: datalen(13168)
2018-09-25 15:26:02	SaveRoleData(BinBin) OK: datalen(13168)
2018-09-25 15:37:31	SaveRoleData(BinBin) OK: datalen(13168)
2018-09-25 15:49:00	SaveRoleData(BinBin) OK: datalen(13168)
2018-09-25 16:00:29	SaveRoleData(BinBin) OK: datalen(13168)
2018-09-25 16:11:58	SaveRoleData(BinBin) OK: datalen(13168)
2018-09-25 16:23:27	SaveRoleData(BinBin) OK: datalen(13168)
2018-09-25 16:34:56	SaveRoleData(BinBin) OK: datalen(13168)
2018-09-25 16:46:25	SaveRoleData(BinBin) OK: datalen(13168)
2018-09-25 16:57:54	SaveRoleData(BinBin) OK: datalen(13168)
2018-09-25 17:00:14	Deliver statdata: 0 bytes
2018-09-25 17:09:23	SaveRoleData(BinBin) OK: datalen(13168)
2018-09-25 17:20:52	SaveRoleData(BinBin) OK: datalen(13168)
2018-09-25 17:32:21	SaveRoleData(BinBin) OK: datalen(13168)
2018-09-25 17:43:50	SaveRoleData(BinBin) OK: datalen(13168)
2018-09-25 17:55:19	SaveRoleData(BinBin) OK: datalen(13168)
2018-09-25 18:06:48	SaveRoleData(BinBin) OK: datalen(13168)
2018-09-25 18:18:17	SaveRoleData(BinBin) OK: datalen(13168)
2018-09-25 18:29:46	SaveRoleData(BinBin) OK: datalen(13168)
2018-09-25 18:41:15	SaveRoleData(BinBin) OK: datalen(13168)
2018-09-25 18:52:44	SaveRoleData(BinBin) OK: datalen(13168)
2018-09-25 19:00:14	Deliver statdata: 0 bytes
2018-09-25 19:04:13	SaveRoleData(BinBin) OK: datalen(13168)
2018-09-25 19:15:42	SaveRoleData(BinBin) OK: datalen(13168)
2018-09-25 19:27:11	SaveRoleData(BinBin) OK: datalen(13168)
2018-09-25 19:38:40	SaveRoleData(BinBin) OK: datalen(13168)
2018-09-25 19:50:09	SaveRoleData(BinBin) OK: datalen(13168)
2018-09-25 20:01:38	SaveRoleData(BinBin) OK: datalen(13168)
2018-09-25 20:13:07	SaveRoleData(BinBin) OK: datalen(13168)
2018-09-25 20:24:36	SaveRoleData(BinBin) OK: datalen(13168)
2018-09-25 20:36:05	SaveRoleData(BinBin) OK: datalen(13168)
2018-09-25 20:47:34	SaveRoleData(BinBin) OK: datalen(13168)
2018-09-25 20:59:03	SaveRoleData(BinBin) OK: datalen(13168)
2018-09-25 21:00:14	Deliver statdata: 0 bytes
2018-09-25 21:10:32	SaveRoleData(BinBin) OK: datalen(13168)
2018-09-25 21:22:01	SaveRoleData(BinBin) OK: datalen(13168)
2018-09-25 21:33:30	SaveRoleData(BinBin) OK: datalen(13168)
2018-09-25 21:44:59	SaveRoleData(BinBin) OK: datalen(13168)
2018-09-25 21:56:28	SaveRoleData(BinBin) OK: datalen(13168)
2018-09-25 22:07:57	SaveRoleData(BinBin) OK: datalen(13168)
2018-09-25 22:19:26	SaveRoleData(BinBin) OK: datalen(13168)
2018-09-25 22:30:55	SaveRoleData(BinBin) OK: datalen(13168)
2018-09-25 22:42:24	SaveRoleData(BinBin) OK: datalen(13168)
2018-09-25 22:53:53	SaveRoleData(BinBin) OK: datalen(13168)
2018-09-25 23:00:09	[QuitBackup]is_quit:0
2018-09-25 23:00:14	Deliver statdata: 0 bytes
2018-09-25 23:05:22	SaveRoleData(BinBin) OK: datalen(13168)
2018-09-25 23:16:51	SaveRoleData(BinBin) OK: datalen(13168)
2018-09-25 23:28:20	SaveRoleData(BinBin) OK: datalen(13168)
2018-09-25 23:39:49	SaveRoleData(BinBin) OK: datalen(13168)
2018-09-25 23:51:18	SaveRoleData(BinBin) OK: datalen(13168)
