2018-09-15 15:00:41	GameServer[0] create: 127.0.0.1 : 48498
2018-09-15 15:00:52	GameServer[1] create: 127.0.0.1 : 50787
2018-09-15 15:00:58	Gameserver(1) update map ok
2018-09-15 15:02:35	LoginToMap: Account(ngocbich01), Index(0), IP:14.233.232.193 : 49728
2018-09-15 15:02:39	set gameServer: -1=>1
2018-09-15 15:02:39	set role name: =>sanboss01
2018-09-15 15:02:39	Map changed: 0=>53
2018-09-15 15:02:39	GameServer(1) accept account(ngocbich01), Map(53)
2018-09-15 15:02:39	set status: 1=>2
2018-09-15 15:02:40	GameServer(1) notify account(ngocbich01) enter gameworld
2018-09-15 15:03:44	GameSever(1) notify account(ngocbich01) leave gameworld: CmdType(0x0), Status(2), GameServer(1), LivingTime(1min)
2018-09-15 15:03:44	LogoutFromMap: Account(ngocbich01), GameServer(1), Status(2), PlayrIndex(0), Role(sanboss01), Map(53)
2018-09-17 17:15:40	LoginToMap: Account(bomsin01), Index(2), IP:116.111.230.233 : 54922
2018-09-17 17:15:41	set gameServer: -1=>1
2018-09-17 17:15:41	set role name: =>STYªuMétNg­êi
2018-09-17 17:15:41	Map changed: 0=>1
2018-09-17 17:15:41	GameServer(1) accept account(bomsin01), Map(1)
2018-09-17 17:15:41	set status: 1=>2
2018-09-17 17:15:42	GameServer(1) notify account(bomsin01) enter gameworld
2018-09-17 17:16:30	GameSever(1) notify account(bomsin01) leave gameworld: CmdType(0x0), Status(2), GameServer(1), LivingTime(0min)
2018-09-17 17:16:30	LogoutFromMap: Account(bomsin01), GameServer(1), Status(2), PlayrIndex(2), Role(STYªuMétNg­êi), Map(1)
2018-09-18 15:01:06	LoginToMap: Account(kkk201), Index(3), IP:142.129.67.37 : 54275
2018-09-18 15:01:10	Unlock kkk201(null): 1
2018-09-18 15:01:10	LogoutFromMap: Account(kkk201), GameServer(-1), Status(1), PlayrIndex(3), Role(), Map(0)
2018-09-19 06:48:50	LoginToMap: Account(vunguyen1988), Index(4), IP:27.75.46.206 : 61142
2018-09-19 06:48:51	set gameServer: -1=>1
2018-09-19 06:48:51	set role name: =>111111111
2018-09-19 06:48:51	Map changed: 0=>1
2018-09-19 06:48:51	GameServer(1) accept account(vunguyen1988), Map(1)
2018-09-19 06:48:51	set status: 1=>2
2018-09-19 06:48:52	GameServer(1) notify account(vunguyen1988) enter gameworld
2018-09-19 06:50:04	LoginToMap: Account(vunguyen1984), Index(5), IP:27.75.46.206 : 61145
2018-09-19 06:50:05	set gameServer: -1=>1
2018-09-19 06:50:05	set role name: =>BinBin
2018-09-19 06:50:05	Map changed: 0=>1
2018-09-19 06:50:05	GameServer(1) accept account(vunguyen1984), Map(1)
2018-09-19 06:50:05	set status: 1=>2
2018-09-19 06:50:06	GameServer(1) notify account(vunguyen1984) enter gameworld
2018-09-19 07:17:22	GameSever(1) notify account(vunguyen1984) leave gameworld: CmdType(0x0), Status(2), GameServer(1), LivingTime(27min)
2018-09-19 07:17:22	LogoutFromMap: Account(vunguyen1984), GameServer(1), Status(2), PlayrIndex(5), Role(BinBin), Map(1)
2018-09-19 07:17:24	GameSever(1) notify account(vunguyen1988) leave gameworld: CmdType(0x0), Status(2), GameServer(1), LivingTime(28min)
2018-09-19 07:17:24	LogoutFromMap: Account(vunguyen1988), GameServer(1), Status(2), PlayrIndex(4), Role(111111111), Map(1)
2018-09-19 16:42:34	LoginToMap: Account(vohoangvu), Index(7), IP:27.2.129.192 : 27441
2018-09-19 16:42:39	set gameServer: -1=>1
2018-09-19 16:42:39	set role name: =>ThÇnMenPh¸Ph¸ch
2018-09-19 16:42:39	Map changed: 0=>53
2018-09-19 16:42:39	GameServer(1) accept account(vohoangvu), Map(53)
2018-09-19 16:42:39	set status: 1=>2
2018-09-19 16:42:39	GameServer(1) notify account(vohoangvu) enter gameworld
2018-09-19 16:46:26	GameSever(1) notify account(vohoangvu) leave gameworld: CmdType(0x0), Status(2), GameServer(1), LivingTime(3min)
2018-09-19 16:46:26	LogoutFromMap: Account(vohoangvu), GameServer(1), Status(2), PlayrIndex(7), Role(ThÇnMenPh¸Ph¸ch), Map(53)
2018-09-19 16:46:36	LoginToMap: Account(voanhkhoa), Index(8), IP:27.2.129.192 : 27458
2018-09-19 16:46:39	set gameServer: -1=>1
2018-09-19 16:46:39	set role name: =>Ph¸Gi¸p§écC«
2018-09-19 16:46:39	Map changed: 0=>53
2018-09-19 16:46:39	GameServer(1) accept account(voanhkhoa), Map(53)
2018-09-19 16:46:39	set status: 1=>2
2018-09-19 16:46:40	GameServer(1) notify account(voanhkhoa) enter gameworld
2018-09-19 16:47:35	GameSever(1) notify account(voanhkhoa) leave gameworld: CmdType(0x0), Status(2), GameServer(1), LivingTime(0min)
2018-09-19 16:47:35	LogoutFromMap: Account(voanhkhoa), GameServer(1), Status(2), PlayrIndex(8), Role(Ph¸Gi¸p§écC«), Map(53)
2018-09-19 16:47:47	LoginToMap: Account(voquynhnhu), Index(9), IP:27.2.129.192 : 27463
2018-09-19 16:47:50	set gameServer: -1=>1
2018-09-19 16:47:50	set role name: =>B¶o®ao§åLong
2018-09-19 16:47:50	Map changed: 0=>53
2018-09-19 16:47:50	GameServer(1) accept account(voquynhnhu), Map(53)
2018-09-19 16:47:50	set status: 1=>2
2018-09-19 16:47:50	GameServer(1) notify account(voquynhnhu) enter gameworld
2018-09-19 16:55:24	GameSever(1) notify account(voquynhnhu) leave gameworld: CmdType(0x0), Status(2), GameServer(1), LivingTime(7min)
2018-09-19 16:55:24	LogoutFromMap: Account(voquynhnhu), GameServer(1), Status(2), PlayrIndex(9), Role(B¶o®ao§åLong), Map(53)
2018-09-19 17:04:04	LoginToMap: Account(photocopy), Index(11), IP:27.2.129.192 : 27321
2018-09-19 17:04:07	set gameServer: -1=>1
2018-09-19 17:04:07	set role name: =>LýThuTh¶o
2018-09-19 17:04:07	Map changed: 0=>53
2018-09-19 17:04:07	GameServer(1) accept account(photocopy), Map(53)
2018-09-19 17:04:07	set status: 1=>2
2018-09-19 17:04:07	GameServer(1) notify account(photocopy) enter gameworld
2018-09-19 17:04:38	GameSever(1) notify account(photocopy) leave gameworld: CmdType(0x0), Status(2), GameServer(1), LivingTime(0min)
2018-09-19 17:04:38	LogoutFromMap: Account(photocopy), GameServer(1), Status(2), PlayrIndex(11), Role(LýThuTh¶o), Map(53)
2018-09-19 17:04:44	LoginToMap: Account(photocopy1), Index(12), IP:27.2.129.192 : 27326
2018-09-19 17:04:47	set gameServer: -1=>1
2018-09-19 17:04:47	set role name: =>CleopatraVII
2018-09-19 17:04:47	Map changed: 0=>53
2018-09-19 17:04:47	GameServer(1) accept account(photocopy1), Map(53)
2018-09-19 17:04:47	set status: 1=>2
2018-09-19 17:04:47	GameServer(1) notify account(photocopy1) enter gameworld
2018-09-19 17:05:59	GameSever(1) notify account(photocopy1) leave gameworld: CmdType(0x0), Status(2), GameServer(1), LivingTime(1min)
2018-09-19 17:05:59	LogoutFromMap: Account(photocopy1), GameServer(1), Status(2), PlayrIndex(12), Role(CleopatraVII), Map(53)
2018-09-19 17:06:28	LoginToMap: Account(vohoangvu1), Index(15), IP:27.2.129.192 : 63796
2018-09-19 17:06:31	set gameServer: -1=>1
2018-09-19 17:06:31	set role name: =>0903659998
2018-09-19 17:06:31	Map changed: 0=>321
2018-09-19 17:06:31	GameServer(1) accept account(vohoangvu1), Map(321)
2018-09-19 17:06:31	set status: 1=>2
2018-09-19 17:06:32	GameServer(1) notify account(vohoangvu1) enter gameworld
2018-09-19 17:09:07	GameSever(1) notify account(vohoangvu1) leave gameworld: CmdType(0x0), Status(2), GameServer(1), LivingTime(2min)
2018-09-19 17:09:07	LogoutFromMap: Account(vohoangvu1), GameServer(1), Status(2), PlayrIndex(15), Role(0903659998), Map(321)
2018-09-19 17:15:13	LoginToMap: Account(photocopy1), Index(17), IP:27.2.129.192 : 27367
2018-09-19 17:15:19	Unlock photocopy1(null): 1
2018-09-19 17:15:19	LogoutFromMap: Account(photocopy1), GameServer(-1), Status(1), PlayrIndex(17), Role(), Map(0)
2018-09-19 17:15:26	LoginToMap: Account(photocopy), Index(18), IP:27.2.129.192 : 27369
2018-09-19 17:15:31	Unlock photocopy(null): 1
2018-09-19 17:15:31	LogoutFromMap: Account(photocopy), GameServer(-1), Status(1), PlayrIndex(18), Role(), Map(0)
2018-09-19 17:15:55	LoginToMap: Account(voquynhnhu), Index(20), IP:27.2.129.192 : 27374
2018-09-19 17:15:58	set gameServer: -1=>1
2018-09-19 17:15:58	set role name: =>B¶o®ao§åLong
2018-09-19 17:15:58	Map changed: 0=>53
2018-09-19 17:15:58	GameServer(1) accept account(voquynhnhu), Map(53)
2018-09-19 17:15:58	set status: 1=>2
2018-09-19 17:15:58	GameServer(1) notify account(voquynhnhu) enter gameworld
2018-09-19 17:23:13	GameSever(1) notify account(voquynhnhu) leave gameworld: CmdType(0x0), Status(2), GameServer(1), LivingTime(7min)
2018-09-19 17:23:13	LogoutFromMap: Account(voquynhnhu), GameServer(1), Status(2), PlayrIndex(20), Role(B¶o®ao§åLong), Map(53)
2018-09-19 17:23:29	LoginToMap: Account(voanhkhoa), Index(21), IP:27.2.129.192 : 27399
2018-09-19 17:23:32	set gameServer: -1=>1
2018-09-19 17:23:32	set role name: =>Ph¸Gi¸p§écC«
2018-09-19 17:23:32	Map changed: 0=>53
2018-09-19 17:23:32	GameServer(1) accept account(voanhkhoa), Map(53)
2018-09-19 17:23:32	set status: 1=>2
2018-09-19 17:23:35	GameServer(1) notify account(voanhkhoa) enter gameworld
2018-09-19 17:23:57	GameSever(1) notify account(voanhkhoa) leave gameworld: CmdType(0x0), Status(2), GameServer(1), LivingTime(0min)
2018-09-19 17:23:57	LogoutFromMap: Account(voanhkhoa), GameServer(1), Status(2), PlayrIndex(21), Role(Ph¸Gi¸p§écC«), Map(53)
2018-09-19 18:15:30	LoginToMap: Account(letam91), Index(22), IP:61.12.252.245 : 58892
2018-09-19 18:16:02	set gameServer: -1=>1
2018-09-19 18:16:02	set role name: =>BossTrum91
2018-09-19 18:16:02	Map changed: 0=>53
2018-09-19 18:16:02	GameServer(1) accept account(letam91), Map(53)
2018-09-19 18:16:02	set status: 1=>2
2018-09-19 18:16:03	GameServer(1) notify account(letam91) enter gameworld
2018-09-19 18:28:19	LoginToMap: Account(vohoangvu), Index(26), IP:27.2.129.192 : 27391
2018-09-19 18:28:21	set gameServer: -1=>1
2018-09-19 18:28:21	set role name: =>ThÇnMenPh¸Ph¸ch
2018-09-19 18:28:21	Map changed: 0=>53
2018-09-19 18:28:21	GameServer(1) accept account(vohoangvu), Map(53)
2018-09-19 18:28:21	set status: 1=>2
2018-09-19 18:28:22	GameServer(1) notify account(vohoangvu) enter gameworld
2018-09-19 18:29:28	GameSever(1) notify account(vohoangvu) leave gameworld: CmdType(0x0), Status(2), GameServer(1), LivingTime(1min)
2018-09-19 18:29:28	LogoutFromMap: Account(vohoangvu), GameServer(1), Status(2), PlayrIndex(26), Role(ThÇnMenPh¸Ph¸ch), Map(53)
2018-09-19 18:29:40	LoginToMap: Account(voquynhnhu), Index(27), IP:27.2.129.192 : 27397
2018-09-19 18:29:42	set gameServer: -1=>1
2018-09-19 18:29:42	set role name: =>B¶o®ao§åLong
2018-09-19 18:29:42	Map changed: 0=>227
2018-09-19 18:29:42	GameServer(1) accept account(voquynhnhu), Map(227)
2018-09-19 18:29:42	set status: 1=>2
2018-09-19 18:29:43	GameServer(1) notify account(voquynhnhu) enter gameworld
2018-09-19 18:31:33	LoginToMap: Account(letam92), Index(28), IP:61.12.252.245 : 59041
2018-09-19 18:32:01	set gameServer: -1=>1
2018-09-19 18:32:01	set role name: =>BossTrum92
2018-09-19 18:32:01	Map changed: 0=>53
2018-09-19 18:32:01	GameServer(1) accept account(letam92), Map(53)
2018-09-19 18:32:01	set status: 1=>2
2018-09-19 18:32:02	GameServer(1) notify account(letam92) enter gameworld
2018-09-19 18:34:17	GameSever(1) notify account(voquynhnhu) leave gameworld: CmdType(0x0), Status(2), GameServer(1), LivingTime(4min)
2018-09-19 18:34:17	LogoutFromMap: Account(voquynhnhu), GameServer(1), Status(2), PlayrIndex(27), Role(B¶o®ao§åLong), Map(227)
2018-09-19 18:34:30	LoginToMap: Account(voanhkhoa), Index(29), IP:27.2.129.192 : 27416
2018-09-19 18:34:32	set gameServer: -1=>1
2018-09-19 18:34:32	set role name: =>Ph¸Gi¸p§écC«
2018-09-19 18:34:32	Map changed: 0=>53
2018-09-19 18:34:32	GameServer(1) accept account(voanhkhoa), Map(53)
2018-09-19 18:34:32	set status: 1=>2
2018-09-19 18:34:32	GameServer(1) notify account(voanhkhoa) enter gameworld
2018-09-19 18:51:13	GameSever(1) notify account(voanhkhoa) leave gameworld: CmdType(0x0), Status(2), GameServer(1), LivingTime(16min)
2018-09-19 18:51:13	LogoutFromMap: Account(voanhkhoa), GameServer(1), Status(2), PlayrIndex(29), Role(Ph¸Gi¸p§écC«), Map(53)
2018-09-19 18:51:19	LoginToMap: Account(voanhkhoa), Index(33), IP:27.2.129.192 : 27248
2018-09-19 18:51:19	set gameServer: -1=>1
2018-09-19 18:51:19	set role name: =>Ph¸Gi¸p§écC«
2018-09-19 18:51:19	Map changed: 0=>320
2018-09-19 18:51:20	GameServer(1) accept account(voanhkhoa), Map(320)
2018-09-19 18:51:20	set status: 1=>2
2018-09-19 18:51:20	GameServer(1) notify account(voanhkhoa) enter gameworld
2018-09-19 19:22:30	GameSever(1) notify account(letam91) leave gameworld: CmdType(0x0), Status(2), GameServer(1), LivingTime(66min)
2018-09-19 19:22:30	LogoutFromMap: Account(letam91), GameServer(1), Status(2), PlayrIndex(22), Role(BossTrum91), Map(53)
2018-09-19 19:22:38	LoginToMap: Account(letam91), Index(34), IP:61.12.252.245 : 59717
2018-09-19 19:22:40	set gameServer: -1=>1
2018-09-19 19:22:40	set role name: =>BossTrum91
2018-09-19 19:22:40	Map changed: 0=>324
2018-09-19 19:22:41	GameServer(1) accept account(letam91), Map(324)
2018-09-19 19:22:41	set status: 1=>2
2018-09-19 19:22:41	GameServer(1) notify account(letam91) enter gameworld
2018-09-19 19:23:25	GameSever(1) notify account(letam91) leave gameworld: CmdType(0x0), Status(2), GameServer(1), LivingTime(0min)
2018-09-19 19:23:25	LogoutFromMap: Account(letam91), GameServer(1), Status(2), PlayrIndex(34), Role(BossTrum91), Map(324)
2018-09-19 19:23:30	LoginToMap: Account(letam91), Index(35), IP:61.12.252.245 : 59725
2018-09-19 19:23:31	set gameServer: -1=>1
2018-09-19 19:23:31	set role name: =>BossTrum91
2018-09-19 19:23:31	Map changed: 0=>324
2018-09-19 19:23:31	GameServer(1) accept account(letam91), Map(324)
2018-09-19 19:23:31	set status: 1=>2
2018-09-19 19:23:32	GameServer(1) notify account(letam91) enter gameworld
2018-09-19 19:23:42	GameSever(1) notify account(letam91) leave gameworld: CmdType(0x0), Status(2), GameServer(1), LivingTime(0min)
2018-09-19 19:23:42	LogoutFromMap: Account(letam91), GameServer(1), Status(2), PlayrIndex(35), Role(BossTrum91), Map(324)
2018-09-19 19:23:58	LoginToMap: Account(letam91), Index(36), IP:61.12.252.245 : 59729
2018-09-19 19:23:59	set gameServer: -1=>1
2018-09-19 19:23:59	set role name: =>BossTrum91
2018-09-19 19:23:59	Map changed: 0=>324
2018-09-19 19:23:59	GameServer(1) accept account(letam91), Map(324)
2018-09-19 19:23:59	set status: 1=>2
2018-09-19 19:24:00	GameServer(1) notify account(letam91) enter gameworld
2018-09-19 19:24:19	GameSever(1) notify account(letam91) leave gameworld: CmdType(0x0), Status(2), GameServer(1), LivingTime(0min)
2018-09-19 19:24:19	LogoutFromMap: Account(letam91), GameServer(1), Status(2), PlayrIndex(36), Role(BossTrum91), Map(324)
2018-09-19 19:24:35	LoginToMap: Account(letam91), Index(38), IP:61.12.252.245 : 59736
2018-09-19 19:24:36	set gameServer: -1=>1
2018-09-19 19:24:36	set role name: =>BossTrum91
2018-09-19 19:24:36	Map changed: 0=>324
2018-09-19 19:24:36	GameServer(1) accept account(letam91), Map(324)
2018-09-19 19:24:36	set status: 1=>2
2018-09-19 19:24:37	GameServer(1) notify account(letam91) enter gameworld
2018-09-19 19:31:32	GameSever(1) notify account(voanhkhoa) leave gameworld: CmdType(0x0), Status(2), GameServer(1), LivingTime(40min)
2018-09-19 19:31:32	LogoutFromMap: Account(voanhkhoa), GameServer(1), Status(2), PlayrIndex(33), Role(Ph¸Gi¸p§écC«), Map(320)
2018-09-19 19:31:50	LoginToMap: Account(photocopy), Index(40), IP:27.2.129.192 : 27292
2018-09-19 19:32:00	GameSever(1) notify account(letam92) leave gameworld: CmdType(0x0), Status(2), GameServer(1), LivingTime(60min)
2018-09-19 19:32:00	LogoutFromMap: Account(letam92), GameServer(1), Status(2), PlayrIndex(28), Role(BossTrum92), Map(53)
2018-09-19 19:32:01	Unlock photocopy(null): 1
2018-09-19 19:32:01	LogoutFromMap: Account(photocopy), GameServer(-1), Status(1), PlayrIndex(40), Role(), Map(0)
2018-09-19 19:32:03	GameSever(1) notify account(letam91) leave gameworld: CmdType(0x0), Status(2), GameServer(1), LivingTime(7min)
2018-09-19 19:32:03	LogoutFromMap: Account(letam91), GameServer(1), Status(2), PlayrIndex(38), Role(BossTrum91), Map(324)
2018-09-19 19:32:08	LoginToMap: Account(photocopy1), Index(41), IP:27.2.129.192 : 27295
2018-09-19 19:32:17	Unlock photocopy1(null): 1
2018-09-19 19:32:17	LogoutFromMap: Account(photocopy1), GameServer(-1), Status(1), PlayrIndex(41), Role(), Map(0)
2018-09-19 19:33:05	LoginToMap: Account(vohoangvu), Index(46), IP:27.2.129.192 : 27307
2018-09-19 19:33:37	set gameServer: -1=>1
2018-09-19 19:33:37	set role name: =>0903669999
2018-09-19 19:33:37	Map changed: 0=>53
2018-09-19 19:33:37	GameServer(1) accept account(vohoangvu), Map(53)
2018-09-19 19:33:37	set status: 1=>2
2018-09-19 19:33:38	GameServer(1) notify account(vohoangvu) enter gameworld
2018-09-19 19:34:55	GameSever(1) notify account(vohoangvu) leave gameworld: CmdType(0x0), Status(2), GameServer(1), LivingTime(1min)
2018-09-19 19:34:55	LogoutFromMap: Account(vohoangvu), GameServer(1), Status(2), PlayrIndex(46), Role(0903669999), Map(53)
2018-09-19 19:35:02	LoginToMap: Account(vohoangvu), Index(47), IP:27.2.129.192 : 27322
2018-09-19 19:35:05	set gameServer: -1=>1
2018-09-19 19:35:05	set role name: =>ThÇnMenPh¸Ph¸ch
2018-09-19 19:35:05	Map changed: 0=>53
2018-09-19 19:35:05	GameServer(1) accept account(vohoangvu), Map(53)
2018-09-19 19:35:05	set status: 1=>2
2018-09-19 19:35:06	GameServer(1) notify account(vohoangvu) enter gameworld
2018-09-19 19:39:02	LoginToMap: Account(vunguyen1988), Index(48), IP:27.75.46.206 : 49437
2018-09-19 19:39:03	set gameServer: -1=>1
2018-09-19 19:39:03	set role name: =>111111111
2018-09-19 19:39:03	Map changed: 0=>1
2018-09-19 19:39:03	GameServer(1) accept account(vunguyen1988), Map(1)
2018-09-19 19:39:03	set status: 1=>2
2018-09-19 19:39:04	GameServer(1) notify account(vunguyen1988) enter gameworld
2018-09-19 19:39:30	LoginToMap: Account(vunguyen1984), Index(49), IP:27.75.46.206 : 49440
2018-09-19 19:39:31	set gameServer: -1=>1
2018-09-19 19:39:31	set role name: =>BinBin
2018-09-19 19:39:31	Map changed: 0=>11
2018-09-19 19:39:31	GameServer(1) accept account(vunguyen1984), Map(11)
2018-09-19 19:39:31	set status: 1=>2
2018-09-19 19:39:32	GameServer(1) notify account(vunguyen1984) enter gameworld
2018-09-19 20:20:36	GameSever(1) notify account(vohoangvu) leave gameworld: CmdType(0x0), Status(2), GameServer(1), LivingTime(45min)
2018-09-19 20:20:36	LogoutFromMap: Account(vohoangvu), GameServer(1), Status(2), PlayrIndex(47), Role(ThÇnMenPh¸Ph¸ch), Map(53)
2018-09-19 21:56:47	LoginToMap: Account(vunguyen1983), Index(50), IP:27.75.46.206 : 51742
2018-09-19 21:56:49	set gameServer: -1=>1
2018-09-19 21:56:49	set role name: =>Thiennhan
2018-09-19 21:56:49	Map changed: 0=>78
2018-09-19 21:56:49	GameServer(1) accept account(vunguyen1983), Map(78)
2018-09-19 21:56:49	set status: 1=>2
2018-09-19 21:56:50	GameServer(1) notify account(vunguyen1983) enter gameworld
2018-09-19 22:38:04	Offline live: vunguyen1988
2018-09-19 22:38:04	change map: 1=>78
2018-09-19 22:38:04	change index: 48=>3
2018-09-19 22:38:04	change status: 2=>3
2018-09-19 22:38:29	Offline live: vunguyen1984
2018-09-19 22:38:29	change map: 11=>1
2018-09-19 22:38:29	change index: 49=>2
2018-09-19 22:38:29	change status: 2=>3
2018-09-19 22:47:48	GameSever(1) notify account(vunguyen1983) leave gameworld: CmdType(0x0), Status(2), GameServer(1), LivingTime(51min)
2018-09-19 22:47:48	LogoutFromMap: Account(vunguyen1983), GameServer(1), Status(2), PlayrIndex(50), Role(Thiennhan), Map(78)
2018-09-20 08:16:28	ChangeUserStateInMap: Account(vunguyen1988), Status(3=>4)
2018-09-20 08:16:28	ChangeUserStateInMap: Account(vunguyen1988), Status(4=>5)
2018-09-20 08:16:28	OfflineKickout(vunguyen1988)
2018-09-20 08:16:28	Offline kickout Account(vunguyen1988) from gameserver(1)
2018-09-20 08:16:28	change gameserver: 1=>-1
2018-09-20 08:16:28	change login time: 4057418044=>4102863876
2018-09-20 08:16:28	change status: 5=>1
2018-09-20 08:16:28	change entergamecount: 1=>0
2018-09-20 08:16:28	Offline kickout: vunguyen1988
2018-09-20 08:16:29	set gameServer: -1=>1
2018-09-20 08:16:29	GameServer(1) accept account(vunguyen1988), Map(78)
2018-09-20 08:16:29	set status: 1=>2
2018-09-20 08:16:30	GameServer(1) notify account(vunguyen1988) enter gameworld
2018-09-20 08:17:10	ChangeUserStateInMap: Account(vunguyen1984), Status(3=>4)
2018-09-20 08:17:10	ChangeUserStateInMap: Account(vunguyen1984), Status(4=>5)
2018-09-20 08:17:10	OfflineKickout(vunguyen1984)
2018-09-20 08:17:10	Offline kickout Account(vunguyen1984) from gameserver(1)
2018-09-20 08:17:10	change gameserver: 1=>-1
2018-09-20 08:17:10	change login time: 4057445924=>4102906085
2018-09-20 08:17:10	change status: 5=>1
2018-09-20 08:17:10	change entergamecount: 1=>0
2018-09-20 08:17:10	Offline kickout: vunguyen1984
2018-09-20 08:17:11	set gameServer: -1=>1
2018-09-20 08:17:11	GameServer(1) accept account(vunguyen1984), Map(1)
2018-09-20 08:17:11	set status: 1=>2
2018-09-20 08:17:12	GameServer(1) notify account(vunguyen1984) enter gameworld
2018-09-20 10:59:12	GameSever(1) notify account(vunguyen1988) leave gameworld: CmdType(0x0), Status(2), GameServer(1), LivingTime(162min)
2018-09-20 10:59:12	LogoutFromMap: Account(vunguyen1988), GameServer(1), Status(2), PlayrIndex(3), Role(111111111), Map(78)
2018-09-20 10:59:14	GameSever(1) notify account(vunguyen1984) leave gameworld: CmdType(0x0), Status(2), GameServer(1), LivingTime(162min)
2018-09-20 10:59:14	LogoutFromMap: Account(vunguyen1984), GameServer(1), Status(2), PlayrIndex(2), Role(BinBin), Map(1)
2018-09-20 15:46:24	LoginToMap: Account(vunguyen1988), Index(53), IP:116.108.237.77 : 58060
2018-09-20 15:46:25	set gameServer: -1=>1
2018-09-20 15:46:25	set role name: =>111111111
2018-09-20 15:46:25	Map changed: 0=>1
2018-09-20 15:46:25	GameServer(1) accept account(vunguyen1988), Map(1)
2018-09-20 15:46:25	set status: 1=>2
2018-09-20 15:46:26	GameServer(1) notify account(vunguyen1988) enter gameworld
2018-09-20 16:23:23	LoginToMap: Account(vunguyen1984), Index(54), IP:116.108.237.77 : 58592
2018-09-20 16:23:24	set gameServer: -1=>1
2018-09-20 16:23:24	set role name: =>BinBin
2018-09-20 16:23:24	Map changed: 0=>20
2018-09-20 16:23:24	GameServer(1) accept account(vunguyen1984), Map(20)
2018-09-20 16:23:24	set status: 1=>2
2018-09-20 16:23:24	GameServer(1) notify account(vunguyen1984) enter gameworld
2018-09-20 17:58:03	Offline live: vunguyen1984
2018-09-20 17:58:03	change map: 20=>1
2018-09-20 17:58:03	change index: 54=>3
2018-09-20 17:58:03	change status: 2=>3
2018-09-20 17:59:52	Offline live: vunguyen1988
2018-09-20 17:59:52	change map: 1=>78
2018-09-20 17:59:52	change index: 53=>2
2018-09-20 17:59:52	change status: 2=>3
2018-09-20 21:57:12	ChangeUserStateInMap: Account(vunguyen1988), Status(3=>4)
2018-09-20 21:57:12	ChangeUserStateInMap: Account(vunguyen1988), Status(4=>5)
2018-09-20 21:57:12	OfflineKickout(vunguyen1988)
2018-09-20 21:57:12	Offline kickout Account(vunguyen1988) from gameserver(1)
2018-09-20 21:57:12	change gameserver: 1=>-1
2018-09-20 21:57:12	change login time: 4129859453=>4152108003
2018-09-20 21:57:12	change status: 5=>1
2018-09-20 21:57:12	change entergamecount: 1=>0
2018-09-20 21:57:12	Offline kickout: vunguyen1988
2018-09-20 21:57:13	set gameServer: -1=>1
2018-09-20 21:57:13	GameServer(1) accept account(vunguyen1988), Map(78)
2018-09-20 21:57:13	set status: 1=>2
2018-09-20 21:57:14	GameServer(1) notify account(vunguyen1988) enter gameworld
2018-09-20 22:00:27	GameSever(1) notify account(vunguyen1988) leave gameworld: CmdType(0x0), Status(2), GameServer(1), LivingTime(3min)
2018-09-20 22:00:27	LogoutFromMap: Account(vunguyen1988), GameServer(1), Status(2), PlayrIndex(2), Role(111111111), Map(78)
2018-09-21 13:33:02	LoginToMap: Account(blackboy87), Index(56), IP:42.118.214.140 : 60557
2018-09-21 13:33:03	set gameServer: -1=>1
2018-09-21 13:33:03	set role name: =>EsÙTheÙKing
2018-09-21 13:33:03	Map changed: 0=>78
2018-09-21 13:33:03	GameServer(1) accept account(blackboy87), Map(78)
2018-09-21 13:33:03	set status: 1=>2
2018-09-21 13:33:04	GameServer(1) notify account(blackboy87) enter gameworld
2018-09-21 13:34:00	GameSever(1) notify account(blackboy87) leave gameworld: CmdType(0x0), Status(2), GameServer(1), LivingTime(0min)
2018-09-21 13:34:00	LogoutFromMap: Account(blackboy87), GameServer(1), Status(2), PlayrIndex(56), Role(EsÙTheÙKing), Map(78)
2018-09-21 14:51:35	LoginToMap: Account(blackboy87), Index(57), IP:42.118.214.140 : 10998
2018-09-21 14:51:37	set gameServer: -1=>1
2018-09-21 14:51:37	set role name: =>EsÙTheÙKing
2018-09-21 14:51:37	Map changed: 0=>78
2018-09-21 14:51:37	GameServer(1) accept account(blackboy87), Map(78)
2018-09-21 14:51:37	set status: 1=>2
2018-09-21 14:51:37	GameServer(1) notify account(blackboy87) enter gameworld
2018-09-21 15:07:13	GameSever(1) notify account(blackboy87) leave gameworld: CmdType(0x0), Status(2), GameServer(1), LivingTime(15min)
2018-09-21 15:07:13	LogoutFromMap: Account(blackboy87), GameServer(1), Status(2), PlayrIndex(57), Role(EsÙTheÙKing), Map(78)
2018-09-23 16:54:24	LoginToMap: Account(oilovebuoi), Index(58), IP:115.79.47.230 : 49564
2018-09-23 16:54:25	set gameServer: -1=>1
2018-09-23 16:54:25	set role name: =>MopcChau
2018-09-23 16:54:25	Map changed: 0=>53
2018-09-23 16:54:25	GameServer(1) accept account(oilovebuoi), Map(53)
2018-09-23 16:54:25	set status: 1=>2
2018-09-23 16:54:26	GameServer(1) notify account(oilovebuoi) enter gameworld
2018-09-23 16:55:31	GameSever(1) notify account(oilovebuoi) leave gameworld: CmdType(0x0), Status(2), GameServer(1), LivingTime(1min)
2018-09-23 16:55:31	LogoutFromMap: Account(oilovebuoi), GameServer(1), Status(2), PlayrIndex(58), Role(MopcChau), Map(53)
2018-09-24 10:56:39	LoginToMap: Account(ghadmin), Index(59), IP:171.232.102.112 : 50517
2018-09-24 10:56:41	Unlock ghadmin(null): 1
2018-09-24 10:56:41	LogoutFromMap: Account(ghadmin), GameServer(-1), Status(1), PlayrIndex(59), Role(), Map(0)
2018-09-24 10:56:48	LoginToMap: Account(ghadmin), Index(61), IP:171.232.102.112 : 50519
2018-09-24 10:57:16	set gameServer: -1=>1
2018-09-24 10:57:16	set role name: =>GiauHuynhAdmin
2018-09-24 10:57:16	Map changed: 0=>53
2018-09-24 10:57:16	GameServer(1) accept account(ghadmin), Map(53)
2018-09-24 10:57:16	set status: 1=>2
2018-09-24 10:57:16	GameServer(1) notify account(ghadmin) enter gameworld
2018-09-24 11:19:50	GameSever(1) notify account(ghadmin) leave gameworld: CmdType(0x0), Status(2), GameServer(1), LivingTime(23min)
2018-09-24 11:19:50	LogoutFromMap: Account(ghadmin), GameServer(1), Status(2), PlayrIndex(61), Role(GiauHuynhAdmin), Map(53)
2018-09-24 16:56:53	LoginToMap: Account(heyhayhey), Index(62), IP:42.113.186.84 : 22154
2018-09-24 16:56:58	set gameServer: -1=>1
2018-09-24 16:56:58	set role name: =>GauCho
2018-09-24 16:56:58	Map changed: 0=>53
2018-09-24 16:56:58	GameServer(1) accept account(heyhayhey), Map(53)
2018-09-24 16:56:58	set status: 1=>2
2018-09-24 16:56:58	GameServer(1) notify account(heyhayhey) enter gameworld
2018-09-24 16:57:18	GameSever(1) notify account(heyhayhey) leave gameworld: CmdType(0x0), Status(2), GameServer(1), LivingTime(0min)
2018-09-24 16:57:18	LogoutFromMap: Account(heyhayhey), GameServer(1), Status(2), PlayrIndex(62), Role(GauCho), Map(53)
2018-09-25 14:56:12	LoginToMap: Account(blackboy87), Index(63), IP:42.118.214.140 : 53405
2018-09-25 14:56:14	set gameServer: -1=>1
2018-09-25 14:56:14	set role name: =>EsÙTheÙKing
2018-09-25 14:56:14	Map changed: 0=>1
2018-09-25 14:56:14	GameServer(1) accept account(blackboy87), Map(1)
2018-09-25 14:56:14	set status: 1=>2
2018-09-25 14:56:23	GameServer(1) notify account(blackboy87) enter gameworld
2018-09-25 14:58:59	GameSever(1) notify account(blackboy87) leave gameworld: CmdType(0x0), Status(2), GameServer(1), LivingTime(2min)
2018-09-25 14:58:59	LogoutFromMap: Account(blackboy87), GameServer(1), Status(2), PlayrIndex(63), Role(EsÙTheÙKing), Map(1)
2018-09-26 00:20:32	LoginToMap: Account(vunguyen1988), Index(64), IP:171.248.179.192 : 49185
2018-09-26 00:20:33	set gameServer: -1=>1
2018-09-26 00:20:33	set role name: =>111111111
2018-09-26 00:20:33	Map changed: 0=>78
2018-09-26 00:20:33	GameServer(1) accept account(vunguyen1988), Map(78)
2018-09-26 00:20:33	set status: 1=>2
2018-09-26 00:20:35	GameServer(1) notify account(vunguyen1988) enter gameworld
2018-09-26 00:23:53	GameSever(1) notify account(vunguyen1988) leave gameworld: CmdType(0x0), Status(2), GameServer(1), LivingTime(3min)
2018-09-26 00:23:53	LogoutFromMap: Account(vunguyen1988), GameServer(1), Status(2), PlayrIndex(64), Role(111111111), Map(78)
2018-09-26 09:57:55	LoginToMap: Account(vunguyen1988), Index(65), IP:116.108.237.77 : 50667
2018-09-26 09:57:56	set gameServer: -1=>1
2018-09-26 09:57:56	set role name: =>111111111
2018-09-26 09:57:56	Map changed: 0=>1
2018-09-26 09:57:56	GameServer(1) accept account(vunguyen1988), Map(1)
2018-09-26 09:57:56	set status: 1=>2
2018-09-26 09:57:57	GameServer(1) notify account(vunguyen1988) enter gameworld
2018-09-26 09:58:47	Ch