2018-09-20 00:01:26	SaveRoleData(111111111) OK: datalen(8956)
2018-09-20 00:04:27	SaveRoleData(BinBin) OK: datalen(10591)
2018-09-20 00:16:52	SaveRoleData(111111111) OK: datalen(8956)
2018-09-20 00:20:02	SaveRoleData(BinBin) OK: datalen(10591)
2018-09-20 00:32:18	SaveRoleData(111111111) OK: datalen(8956)
2018-09-20 00:35:37	SaveRoleData(BinBin) OK: datalen(10591)
2018-09-20 00:47:44	SaveRoleData(111111111) OK: datalen(8956)
2018-09-20 00:51:12	SaveRoleData(BinBin) OK: datalen(10591)
2018-09-20 01:00:14	Deliver statdata: 0 bytes
2018-09-20 01:03:10	SaveRoleData(111111111) OK: datalen(8956)
2018-09-20 01:06:47	SaveRoleData(BinBin) OK: datalen(10591)
2018-09-20 01:18:36	SaveRoleData(111111111) OK: datalen(8956)
2018-09-20 01:22:22	SaveRoleData(BinBin) OK: datalen(10591)
2018-09-20 01:34:02	SaveRoleData(111111111) OK: datalen(8956)
2018-09-20 01:37:57	SaveRoleData(BinBin) OK: datalen(10591)
2018-09-20 01:49:28	SaveRoleData(111111111) OK: datalen(8956)
2018-09-20 01:53:32	SaveRoleData(BinBin) OK: datalen(10591)
2018-09-20 02:04:54	SaveRoleData(111111111) OK: datalen(8956)
2018-09-20 02:09:07	SaveRoleData(BinBin) OK: datalen(10591)
2018-09-20 02:20:20	SaveRoleData(111111111) OK: datalen(8956)
2018-09-20 02:24:42	SaveRoleData(BinBin) OK: datalen(10591)
2018-09-20 02:35:46	SaveRoleData(111111111) OK: datalen(8956)
2018-09-20 02:40:17	SaveRoleData(BinBin) OK: datalen(10591)
2018-09-20 02:51:12	SaveRoleData(111111111) OK: datalen(8956)
2018-09-20 02:55:52	SaveRoleData(BinBin) OK: datalen(10591)
2018-09-20 03:00:14	Deliver statdata: 0 bytes
2018-09-20 03:06:38	SaveRoleData(111111111) OK: datalen(8956)
2018-09-20 03:11:27	SaveRoleData(BinBin) OK: datalen(10591)
2018-09-20 03:22:04	SaveRoleData(111111111) OK: datalen(8956)
2018-09-20 03:27:02	SaveRoleData(BinBin) OK: datalen(10591)
2018-09-20 03:37:30	SaveRoleData(111111111) OK: datalen(8956)
2018-09-20 03:42:37	SaveRoleData(BinBin) OK: datalen(10591)
2018-09-20 03:52:56	SaveRoleData(111111111) OK: datalen(8923)
2018-09-20 03:58:12	SaveRoleData(BinBin) OK: datalen(10591)
2018-09-20 04:08:22	SaveRoleData(111111111) OK: datalen(8923)
2018-09-20 04:13:47	SaveRoleData(BinBin) OK: datalen(10591)
2018-09-20 04:23:48	SaveRoleData(111111111) OK: datalen(8923)
2018-09-20 04:29:22	SaveRoleData(BinBin) OK: datalen(10591)
2018-09-20 04:39:14	SaveRoleData(111111111) OK: datalen(8923)
2018-09-20 04:44:57	SaveRoleData(BinBin) OK: datalen(10591)
2018-09-20 04:54:40	SaveRoleData(111111111) OK: datalen(8923)
2018-09-20 05:00:14	Deliver statdata: 0 bytes
2018-09-20 05:00:32	SaveRoleData(BinBin) OK: datalen(10591)
2018-09-20 05:10:06	SaveRoleData(111111111) OK: datalen(8923)
2018-09-20 05:16:07	SaveRoleData(BinBin) OK: datalen(10591)
2018-09-20 05:25:32	SaveRoleData(111111111) OK: datalen(8923)
2018-09-20 05:31:42	SaveRoleData(BinBin) OK: datalen(10591)
2018-09-20 05:40:58	SaveRoleData(111111111) OK: datalen(8923)
2018-09-20 05:47:17	SaveRoleData(BinBin) OK: datalen(10591)
2018-09-20 05:56:24	SaveRoleData(111111111) OK: datalen(8923)
2018-09-20 06:02:52	SaveRoleData(BinBin) OK: datalen(10591)
2018-09-20 06:11:50	SaveRoleData(111111111) OK: datalen(8923)
2018-09-20 06:18:27	SaveRoleData(BinBin) OK: datalen(10591)
2018-09-20 06:27:16	SaveRoleData(111111111) OK: datalen(8923)
2018-09-20 06:34:02	SaveRoleData(BinBin) OK: datalen(10591)
2018-09-20 06:42:42	SaveRoleData(111111111) OK: datalen(8923)
2018-09-20 06:49:37	SaveRoleData(BinBin) OK: datalen(10591)
2018-09-20 06:58:08	SaveRoleData(111111111) OK: datalen(8923)
2018-09-20 07:00:09	[QuitBackup]is_quit:0
2018-09-20 07:00:14	Deliver statdata: 0 bytes
2018-09-20 07:05:12	SaveRoleData(BinBin) OK: datalen(10591)
2018-09-20 07:13:34	SaveRoleData(111111111) OK: datalen(8923)
2018-09-20 07:20:47	SaveRoleData(BinBin) OK: datalen(10591)
2018-09-20 07:29:00	SaveRoleData(111111111) OK: datalen(8923)
2018-09-20 07:36:22	SaveRoleData(BinBin) OK: datalen(10591)
2018-09-20 07:44:26	SaveRoleData(111111111) OK: datalen(8923)
2018-09-20 07:51:57	SaveRoleData(BinBin) OK: datalen(10591)
2018-09-20 07:59:52	SaveRoleData(111111111) OK: datalen(8923)
2018-09-20 08:07:32	SaveRoleData(BinBin) OK: datalen(10591)
2018-09-20 08:15:18	SaveRoleData(111111111) OK: datalen(8923)
2018-09-20 08:16:28	QuitSave[111111111] OK: Leave Node[1]
2018-09-20 08:16:28	SaveRoleData(111111111) OK: datalen(8907)
2018-09-20 08:16:29	GetRoleInfo(111111111) OK: Enter Node[0](127.0.0.1 : 59666)
2018-09-20 08:16:29	GetRoleData(111111111) OK: datalen(8907)
2018-09-20 08:16:29	EnterGame(111111111) OK: Move from Node[0] to Node[1]
2018-09-20 08:17:10	QuitSave[BinBin] OK: Leave Node[1]
2018-09-20 08:17:10	SaveRoleData(BinBin) OK: datalen(10575)
2018-09-20 08:17:11	GetRoleInfo(BinBin) OK: Enter Node[0](127.0.0.1 : 59666)
2018-09-20 08:17:11	GetRoleData(BinBin) OK: datalen(10575)
2018-09-20 08:17:11	EnterGame(BinBin) OK: Move from Node[0] to Node[1]
2018-09-20 08:25:57	SaveRoleData(BinBin) OK: datalen(10367)
2018-09-20 08:25:57	SaveRoleData(111111111) OK: datalen(9023)
2018-09-20 08:29:43	SaveRoleData(111111111) OK: datalen(8915)
2018-09-20 08:30:54	SaveRoleData(BinBin) OK: datalen(10367)
2018-09-20 08:42:56	SaveRoleData(111111111) OK: datalen(8915)
2018-09-20 08:44:36	SaveRoleData(BinBin) OK: datalen(10475)
2018-09-20 08:56:09	SaveRoleData(111111111) OK: datalen(9056)
2018-09-20 08:58:18	SaveRoleData(BinBin) OK: datalen(10043)
2018-09-20 09:00:14	Deliver statdata: 0 bytes
2018-09-20 09:09:22	SaveRoleData(111111111) OK: datalen(9056)
2018-09-20 09:12:00	SaveRoleData(BinBin) OK: datalen(10043)
2018-09-20 09:22:35	SaveRoleData(111111111) OK: datalen(9056)
2018-09-20 09:25:42	SaveRoleData(BinBin) OK: datalen(10043)
2018-09-20 09:35:48	SaveRoleData(111111111) OK: datalen(9056)
2018-09-20 09:39:24	SaveRoleData(BinBin) OK: datalen(10043)
2018-09-20 09:49:01	SaveRoleData(111111111) OK: datalen(9056)
2018-09-20 09:53:06	SaveRoleData(BinBin) OK: datalen(10043)
2018-09-20 10:02:14	SaveRoleData(111111111) OK: datalen(9023)
2018-09-20 10:06:48	SaveRoleData(BinBin) OK: datalen(10043)
2018-09-20 10:15:27	SaveRoleData(111111111) OK: datalen(9023)
2018-09-20 10:20:30	SaveRoleData(BinBin) OK: datalen(10043)
2018-09-20 10:28:40	SaveRoleData(111111111) OK: datalen(9023)
2018-09-20 10:34:12	SaveRoleData(BinBin) OK: datalen(10043)
2018-09-20 10:41:53	SaveRoleData(111111111) OK: datalen(9023)
2018-09-20 10:47:54	SaveRoleData(BinBin) OK: datalen(10043)
2018-09-20 10:55:06	SaveRoleData(111111111) OK: datalen(9023)
2018-09-20 10:59:12	QuitSave[111111111] OK: Leave Node[1]
2018-09-20 10:59:12	SaveRoleData(111111111) OK: datalen(12787)
2018-09-20 10:59:14	QuitSave[BinBin] OK: Leave Node[1]
2018-09-20 10:59:14	SaveRoleData(BinBin) OK: datalen(10027)
2018-09-20 11:00:14	Deliver statdata: 0 bytes
2018-09-20 13:00:14	Deliver statdata: 0 bytes
2018-09-20 15:00:09	[QuitBackup]is_quit:0
2018-09-20 15:00:14	Deliver statdata: 0 bytes
2018-09-20 15:46:25	GetRoleInfo(111111111) OK: Enter Node[0](127.0.0.1 : 59666)
2018-09-20 15:46:25	GetRoleData(111111111) OK: datalen(12787)
2018-09-20 15:46:25	EnterGame(111111111) OK: Move from Node[0] to Node[1]
2018-09-20 15:57:09	SaveRoleData(111111111) OK: datalen(12695)
2018-09-20 16:07:52	SaveRoleData(111111111) OK: datalen(12695)
2018-09-20 16:18:35	SaveRoleData(111111111) OK: datalen(12587)
2018-09-20 16:23:24	GetRoleInfo(BinBin) OK: Enter Node[0](127.0.0.1 : 59666)
2018-09-20 16:23:24	GetRoleData(BinBin) OK: datalen(10027)
2018-09-20 16:23:24	EnterGame(BinBin) OK: Move from Node[0] to Node[1]
2018-09-20 16:29:18	SaveRoleData(111111111) OK: datalen(10568)
2018-09-20 16:34:53	SaveRoleData(BinBin) OK: datalen(9752)
2018-09-20 16:40:01	SaveRoleData(111111111) OK: datalen(12587)
2018-09-20 16:46:22	SaveRoleData(BinBin) OK: datalen(9536)
2018-09-20 16:50:44	SaveRoleData(111111111) OK: datalen(9995)
2018-09-20 16:57:51	SaveRoleData(BinBin) OK: datalen(9536)
2018-09-20 17:00:14	Deliver statdata: 0 bytes
2018-09-20 17:01:27	SaveRoleData(111111111) OK: datalen(9995)
2018-09-20 17:09:20	SaveRoleData(BinBin) OK: datalen(9536)
2018-09-20 17:12:10	SaveRoleData(111111111) OK: datalen(9995)
2018-09-20 17:20:49	SaveRoleData(BinBin) OK: datalen(9536)
2018-09-20 17:22:53	SaveRoleData(111111111) OK: datalen(9995)
2018-09-20 17:32:18	SaveRoleData(BinBin) OK: datalen(9287)
2018-09-20 17:33:36	SaveRoleData(111111111) OK: datalen(10319)
2018-09-20 17:43:47	SaveRoleData(BinBin) OK: datalen(13499)
2018-09-20 17:44:19	SaveRoleData(111111111) OK: datalen(10535)
2018-09-20 17:55:02	SaveRoleData(111111111) OK: datalen(13775)
2018-09-20 17:55:16	SaveRoleData(BinBin) OK: datalen(13499)
2018-09-20 17:58:03	SaveRoleData(BinBin) OK: datalen(13507)
2018-09-20 17:59:52	SaveRoleData(111111111) OK: datalen(12919)
2018-09-20 18:00:11	SaveRoleData(111111111) OK: datalen(12919)
2018-09-20 18:05:45	SaveRoleData(111111111) OK: datalen(12919)
2018-09-20 18:06:45	SaveRoleData(BinBin) OK: datalen(13507)
2018-09-20 18:16:28	SaveRoleData(111111111) OK: datalen(12919)
2018-09-20 18:18:14	SaveRoleData(BinBin) OK: datalen(13507)
2018-09-20 18:27:11	SaveRoleData(111111111) OK: datalen(12919)
2018-09-20 18:29:43	SaveRoleData(BinBin) OK: datalen(13507)
2018-09-20 18:37:54	SaveRoleData(111111111) OK: datalen(12919)
2018-09-20 18:41:12	SaveRoleData(BinBin) OK: datalen(13507)
2018-09-20 18:48:37	SaveRoleData(111111111) OK: datalen(12919)
2018-09-20 18:52:41	SaveRoleData(BinBin) OK: datalen(13507)
2018-09-20 18:59:20	SaveRoleData(111111111) OK: datalen(12919)
2018-09-20 19:00:14	Deliver statdata: 0 bytes
2018-09-20 19:04:10	SaveRoleData(BinBin) OK: datalen(13507)
2018-09-20 19:10:03	SaveRoleData(111111111) OK: datalen(12919)
2018-09-20 19:15:39	SaveRoleData(BinBin) OK: datalen(13507)
2018-09-20 19:20:46	SaveRoleData(111111111) OK: datalen(12919)
2018-09-20 19:27:08	SaveRoleData(BinBin) OK: datalen(13507)
2018-09-20 19:31:29	SaveRoleData(111111111) OK: datalen(12919)
2018-09-20 19:38:37	SaveRoleData(BinBin) OK: datalen(13507)
2018-09-20 19:42:12	SaveRoleData(111111111) OK: datalen(12919)
2018-09-20 19:50:06	SaveRoleData(BinBin) OK: datalen(13507)
2018-09-20 19:52:55	SaveRoleData(111111111) OK: datalen(12919)
2018-09-20 20:01:35	SaveRoleData(BinBin) OK: datalen(13507)
2018-09-20 20:03:38	SaveRoleData(111111111) OK: datalen(12919)
2018-09-20 20:13:04	SaveRoleData(BinBin) OK: datalen(13507)
2018-09-20 20:14:21	SaveRoleData(111111111) OK: datalen(12919)
2018-09-20 20:24:33	SaveRoleData(BinBin) OK: datalen(13507)
2018-09-20 20:25:04	SaveRoleData(111111111) OK: datalen(12919)
2018-09-20 20:35:47	SaveRoleData(111111111) OK: datalen(12919)
2018-09-20 20:36:02	SaveRoleData(BinBin) OK: datalen(13507)
2018-09-20 20:46:30	SaveRoleData(111111111) OK: datalen(12919)
2018-09-20 20:47:31	SaveRoleData(BinBin) OK: datalen(13507)
2018-09-20 20:57:13	SaveRoleData(111111111) OK: datalen(12919)
2018-09-20 20:59:00	SaveRoleData(BinBin) OK: datalen(13507)
2018-09-20 21:00:14	Deliver statdata: 0 bytes
2018-09-20 21:07:56	SaveRoleData(111111111) OK: datalen(12919)
2018-09-20 21:10:29	SaveRoleData(BinBin) OK: datalen(13507)
2018-09-20 21:18:39	SaveRoleData(111111111) OK: datalen(12919)
2018-09-20 21:21:58	SaveRoleData(BinBin) OK: datalen(13507)
2018-09-20 21:29:22	SaveRoleData(111111111) OK: datalen(12919)
2018-09-20 21:33:27	SaveRoleData(BinBin) OK: datalen(13507)
2018-09-20 21:40:05	SaveRoleData(111111111) OK: datalen(12919)
2018-09-20 21:44:56	SaveRoleData(BinBin) OK: datalen(13507)
2018-09-20 21:50:48	SaveRoleData(111111111) OK: datalen(12919)
2018-09-20 21:56:25	SaveRoleData(BinBin) OK: datalen(13507)
2018-09-20 21:57:12	QuitSave[111111111] OK: Leave Node[1]
2018-09-20 21:57:12	SaveRoleData(111111111) OK: datalen(12903)
2018-09-20 21:57:13	GetRoleInfo(111111111) OK: Enter Node[0](127.0.0.1 : 59666)
2018-09-20 21:57:13	GetRoleData(111111111) OK: datalen(12903)
2018-09-20 21:57:13	EnterGame(111111111) OK: Move from Node[0] to Node[1]
2018-09-20 22:00:27	QuitSave[111111111] OK: Leave Node[1]
2018-09-20 22:00:27	SaveRoleData(111111111) OK: datalen(12895)
2018-09-20 22:07:54	SaveRoleData(BinBin) OK: datalen(13507)
2018-09-20 22:19:23	SaveRoleData(BinBin) OK: datalen(13507)
2018-09-20 22:30:52	SaveRoleData(BinBin) OK: datalen(13507)
2018-09-20 22:42:21	SaveRoleData(BinBin) OK: datalen(13507)
2018-09-20 22:53:50	SaveRoleData(BinBin) OK: datalen(13507)
2018-09-20 23:00:09	[QuitBackup]is_quit:0
2018-09-20 23:00:14	Deliver statdata: 0 bytes
2018-09-20 23:05:19	SaveRoleData(BinBin) OK: datalen(13507)
2018-09-20 23:16:48	SaveRoleData(BinBin) OK: datalen(13507)
2018-09-20 23:28:17	SaveRoleData(BinBin) OK: datalen(13507)
2018-09-20 23:39:46	SaveRoleData(BinBin) OK: datalen(13507)
2018-09-20 23:51:15	SaveRoleData(BinBin) OK: datalen(13507)
