2018-09-26 00:02:47	SaveRoleData(BinBin) OK: datalen(13168)
2018-09-26 00:14:16	SaveRoleData(BinBin) OK: datalen(13168)
2018-09-26 00:20:33	GetRoleInfo(111111111) OK: Enter Node[0](127.0.0.1 : 59666)
2018-09-26 00:20:33	GetRoleData(111111111) OK: datalen(12895)
2018-09-26 00:20:33	EnterGame(111111111) OK: Move from Node[0] to Node[1]
2018-09-26 00:23:53	QuitSave[111111111] OK: Leave Node[1]
2018-09-26 00:23:53	SaveRoleData(111111111) OK: datalen(12895)
2018-09-26 00:25:45	SaveRoleData(BinBin) OK: datalen(13168)
2018-09-26 00:37:14	SaveRoleData(BinBin) OK: datalen(13168)
2018-09-26 00:48:43	SaveRoleData(BinBin) OK: datalen(13168)
2018-09-26 00:56:28	[WARNING]Refuse invalid connection[185.143.223.198 : 464]
2018-09-26 01:00:12	SaveRoleData(BinBin) OK: datalen(13168)
2018-09-26 01:00:14	Deliver statdata: 0 bytes
2018-09-26 01:11:41	SaveRoleData(BinBin) OK: datalen(13168)
2018-09-26 01:23:10	SaveRoleData(BinBin) OK: datalen(13168)
2018-09-26 01:34:39	SaveRoleData(BinBin) OK: datalen(13168)
2018-09-26 01:46:08	SaveRoleData(BinBin) OK: datalen(13168)
2018-09-26 01:57:37	SaveRoleData(BinBin) OK: datalen(13168)
2018-09-26 02:09:06	SaveRoleData(BinBin) OK: datalen(13168)
2018-09-26 02:20:35	SaveRoleData(BinBin) OK: datalen(13168)
2018-09-26 02:32:04	SaveRoleData(BinBin) OK: datalen(13168)
2018-09-26 02:43:33	SaveRoleData(BinBin) OK: datalen(13168)
2018-09-26 02:55:02	SaveRoleData(BinBin) OK: datalen(13168)
2018-09-26 03:00:14	Deliver statdata: 0 bytes
2018-09-26 03:06:31	SaveRoleData(BinBin) OK: datalen(13168)
2018-09-26 03:18:00	SaveRoleData(BinBin) OK: datalen(13168)
2018-09-26 03:29:29	SaveRoleData(BinBin) OK: datalen(13168)
2018-09-26 03:40:58	SaveRoleData(BinBin) OK: datalen(13168)
2018-09-26 03:52:27	SaveRoleData(BinBin) OK: datalen(13168)
2018-09-26 04:03:56	SaveRoleData(BinBin) OK: datalen(13168)
2018-09-26 04:15:25	SaveRoleData(BinBin) OK: datalen(13168)
2018-09-26 04:26:54	SaveRoleData(BinBin) OK: datalen(13168)
2018-09-26 04:38:23	SaveRoleData(BinBin) OK: datalen(13168)
2018-09-26 04:49:52	SaveRoleData(BinBin) OK: datalen(13168)
2018-09-26 05:00:14	Deliver statdata: 0 bytes
2018-09-26 05:01:21	SaveRoleData(BinBin) OK: datalen(13168)
2018-09-26 05:12:50	SaveRoleData(BinBin) OK: datalen(13168)
2018-09-26 05:24:19	SaveRoleData(BinBin) OK: datalen(13168)
2018-09-26 05:35:48	SaveRoleData(BinBin) OK: datalen(13168)
2018-09-26 05:47:17	SaveRoleData(BinBin) OK: datalen(13168)
2018-09-26 05:58:46	SaveRoleData(BinBin) OK: datalen(13168)
2018-09-26 06:10:15	SaveRoleData(BinBin) OK: datalen(13168)
2018-09-26 06:21:44	SaveRoleData(BinBin) OK: datalen(13168)
2018-09-26 06:33:13	SaveRoleData(BinBin) OK: datalen(13168)
2018-09-26 06:44:42	SaveRoleData(BinBin) OK: datalen(13168)
2018-09-26 06:56:11	SaveRoleData(BinBin) OK: datalen(13168)
2018-09-26 07:00:09	[QuitBackup]is_quit:0
2018-09-26 07:00:14	Deliver statdata: 0 bytes
2018-09-26 07:07:40	SaveRoleData(BinBin) OK: datalen(13168)
2018-09-26 07:19:09	SaveRoleData(BinBin) OK: datalen(13168)
2018-09-26 07:30:38	SaveRoleData(BinBin) OK: datalen(13168)
2018-09-26 07:42:07	SaveRoleData(BinBin) OK: datalen(13168)
2018-09-26 07:53:36	SaveRoleData(BinBin) OK: datalen(13168)
2018-09-26 08:05:05	SaveRoleData(BinBin) OK: datalen(13168)
2018-09-26 08:16:34	SaveRoleData(BinBin) OK: datalen(13168)
2018-09-26 08:28:03	SaveRoleData(BinBin) OK: datalen(13168)
2018-09-26 08:39:32	SaveRoleData(BinBin) OK: datalen(13168)
2018-09-26 08:51:01	SaveRoleData(BinBin) OK: datalen(13168)
2018-09-26 09:00:14	Deliver statdata: 0 bytes
2018-09-26 09:02:30	SaveRoleData(BinBin) OK: datalen(13168)
2018-09-26 09:13:59	SaveRoleData(BinBin) OK: datalen(13168)
2018-09-26 09:25:28	SaveRoleData(BinBin) OK: datalen(13168)
2018-09-26 09:36:57	SaveRoleData(BinBin) OK: datalen(13168)
2018-09-26 09:48:26	SaveRoleData(BinBin) OK: datalen(13168)
2018-09-26 09:57:56	GetRoleInfo(111111111) OK: Enter Node[0](127.0.0.1 : 59666)
2018-09-26 09:57:56	GetRoleData(111111111) OK: datalen(12895)
2018-09-26 09:57:56	EnterGame(111111111) OK: Move from Node[0] to Node[1]
2018-09-26 09:58:47	QuitSave[BinBin] OK: Leave Node[1]
2018-09-26 09:58:47	SaveRoleData(BinBin) OK: datalen(13152)
2018-09-26 09:58:48	GetRoleInfo(BinBin) OK: Enter Node[0](127.0.0.1 : 59666)
2018-09-26 09:58:48	GetRoleData(BinBin) OK: datalen(13152)
2018-09-26 09:58:48	EnterGame(BinBin) OK: Move from Node[0] to Node[1]
2018-09-26 10:08:02	SaveRoleData(111111111) OK: datalen(10319)
2018-09-26 10:14:16	SaveRoleData(BinBin) OK: datalen(9920)
2018-09-26 10:18:07	SaveRoleData(111111111) OK: datalen(10103)
2018-09-26 10:28:12	SaveRoleData(111111111) OK: datalen(13343)
2018-09-26 10:29:43	SaveRoleData(BinBin) OK: datalen(14165)
2018-09-26 10:36:44	QuitSave[111111111] OK: Leave Node[1]
2018-09-26 10:36:44	SaveRoleData(111111111) OK: datalen(10843)
2018-09-26 10:36:45	QuitSave[BinBin] OK: Leave Node[1]
2018-09-26 10:36:45	SaveRoleData(BinBin) OK: datalen(13825)
2018-09-26 11:00:14	Deliver statdata: 0 bytes
2018-09-26 13:00:14	Deliver statdata: 0 bytes
2018-09-26 15:00:09	[QuitBackup]is_quit:0
2018-09-26 15:00:14	Deliver statdata: 0 bytes
2018-09-26 15:49:34	CreateRoleData(GHÙAdmin) OK: Account(choigiaitri01), datalen(575)
2018-09-26 15:49:34	EnterGame(GHÙAdmin) OK: Move from Node[0] to Node[1]
2018-09-26 15:58:04	SaveRoleData(GHÙAdmin) OK: datalen(1868)
2018-09-26 16:06:33	SaveRoleData(GHÙAdmin) OK: datalen(1868)
2018-09-26 16:10:10	QuitSave[GHÙAdmin] OK: Leave Node[1]
2018-09-26 16:10:10	SaveRoleData(GHÙAdmin) OK: datalen(1852)
2018-09-26 16:12:27	GetRoleInfo(GHÙAdmin) OK: Enter Node[0](127.0.0.1 : 59666)
2018-09-26 16:12:27	GetRoleData(GHÙAdmin) OK: datalen(1852)
2018-09-26 16:12:27	EnterGame(GHÙAdmin) OK: Move from Node[0] to Node[1]
2018-09-26 16:21:25	SaveRoleData(GHÙAdmin) OK: datalen(1868)
2018-09-26 16:30:23	SaveRoleData(GHÙAdmin) OK: datalen(1868)
2018-09-26 16:39:21	SaveRoleData(GHÙAdmin) OK: datalen(1868)
2018-09-26 16:48:19	SaveRoleData(GHÙAdmin) OK: datalen(1868)
2018-09-26 16:57:17	SaveRoleData(GHÙAdmin) OK: datalen(1868)
2018-09-26 17:00:14	Deliver statdata: 0 bytes
2018-09-26 17:06:15	SaveRoleData(GHÙAdmin) OK: datalen(1868)
2018-09-26 17:15:13	SaveRoleData(GHÙAdmin) OK: datalen(1868)
2018-09-26 17:24:11	SaveRoleData(GHÙAdmin) OK: datalen(1868)
2018-09-26 17:33:09	SaveRoleData(GHÙAdmin) OK: datalen(1868)
2018-09-26 17:42:07	SaveRoleData(GHÙAdmin) OK: datalen(1868)
2018-09-26 17:51:05	SaveRoleData(GHÙAdmin) OK: datalen(1868)
2018-09-26 18:00:03	SaveRoleData(GHÙAdmin) OK: datalen(1868)
2018-09-26 18:09:01	SaveRoleData(GHÙAdmin) OK: datalen(1868)
2018-09-26 18:17:59	SaveRoleData(GHÙAdmin) OK: datalen(1868)
2018-09-26 18:26:57	SaveRoleData(GHÙAdmin) OK: datalen(1868)
2018-09-26 18:35:55	SaveRoleData(GHÙAdmin) OK: datalen(1868)
2018-09-26 18:44:53	SaveRoleData(GHÙAdmin) OK: datalen(1868)
2018-09-26 18:53:51	SaveRoleData(GHÙAdmin) OK: datalen(1868)
2018-09-26 19:00:14	Deliver statdata: 0 bytes
2018-09-26 19:02:49	SaveRoleData(GHÙAdmin) OK: datalen(1976)
2018-09-26 19:11:47	SaveRoleData(GHÙAdmin) OK: datalen(1976)
2018-09-26 19:12:03	QuitSave[GHÙAdmin] OK: Leave Node[1]
2018-09-26 19:12:03	SaveRoleData(GHÙAdmin) OK: datalen(1960)
2018-09-26 19:12:18	CreateRoleData(TestAdmin113) OK: Account(choigiaitri01), datalen(575)
2018-09-26 19:12:18	EnterGame(TestAdmin113) OK: Move from Node[0] to Node[1]
2018-09-26 19:25:44	QuitSave[TestAdmin113] OK: Leave Node[1]
2018-09-26 19:25:44	SaveRoleData(TestAdmin113) OK: datalen(4145)
2018-09-26 21:00:14	Deliver statdata: 0 bytes
2018-09-26 23:00:09	[QuitBackup]is_quit:0
2018-09-26 23:00:14	Deliver statdata: 0 bytes
