2018-09-17 01:00:14	Deliver statdata: 0 bytes
2018-09-17 03:00:14	Deliver statdata: 0 bytes
2018-09-17 05:00:14	Deliver statdata: 0 bytes
2018-09-17 07:00:09	[QuitBackup]is_quit:0
2018-09-17 07:00:14	Deliver statdata: 0 bytes
2018-09-17 09:00:14	Deliver statdata: 0 bytes
2018-09-17 11:00:14	Deliver statdata: 0 bytes
2018-09-17 13:00:14	Deliver statdata: 0 bytes
2018-09-17 15:00:09	[QuitBackup]is_quit:0
2018-09-17 15:00:14	Deliver statdata: 0 bytes
2018-09-17 17:00:14	Deliver statdata: 0 bytes
2018-09-17 17:15:41	GetRoleInfo(STYªuMétNg­êi) OK: Enter Node[0](127.0.0.1 : 59666)
2018-09-17 17:15:41	GetRoleData(STYªuMétNg­êi) OK: datalen(4532)
2018-09-17 17:15:41	EnterGame(STYªuMétNg­êi) OK: Move from Node[0] to Node[1]
2018-09-17 17:16:30	QuitSave[STYªuMétNg­êi] OK: Leave Node[1]
2018-09-17 17:16:30	SaveRoleData(STYªuMétNg­êi) OK: datalen(4416)
2018-09-17 19:00:14	Deliver statdata: 0 bytes
2018-09-17 21:00:14	Deliver statdata: 0 bytes
2018-09-17 23:00:09	[QuitBackup]is_quit:0
2018-09-17 23:00:14	Deliver statdata: 0 bytes
