ThienNha0808:SubWorldID:6
Region:237
Pos:(8,16)-(0,0)
oB¸nhBétLäc:SubWorldID:147
Region:55
Pos:(8,16)-(0,0)
oEmBuff:SubWorldID:147
Region:55
Pos:(8,16)-(0,0)
XinhGai10:SubWorldID:202
Region:28
Pos:(8,0)-(0,0)
§¹iÙThiÕuÙGia:SubWorldID:202
Region:28
Pos:(8,0)-(0,0)
AuDuongPhong1:SubWorldID:143
Region:23
Pos:(8,16)-(0,0)
DocXinh12:SubWorldID:202
Region:28
Pos:(8,0)-(0,0)
ThiªnÙNh·:SubWorldID:14
Region:33
Pos:(0,16)-(0,0)
sanboss11:SubWorldID:202
Region:28
Pos:(8,0)-(0,0)
sanboss10:SubWorldID:143
Region:23
Pos:(8,16)-(0,0)
ÙCayTienAG3Ù:SubWorldID:143
Region:23
Pos:(8,16)-(0,0)
