2018-09-07 09:36:52	[§anTr­êng=>HDÙMÑThiªnH¹]:<pic=9>
2018-09-07 09:36:57	[§anTr­êng=>HDÙMÑThiªnH¹]:sv it ng vay
2018-09-07 09:37:14	[HDÙMÑThiªnH¹=>§anTr­êng]:nghi het roi
2018-09-07 09:38:05	[HDÙMÑThiªnH¹=>§anTr­êng]:chuyen sang choi vl khac rui
2018-09-07 09:38:14	[§anTr­êng=>HDÙMÑThiªnH¹]:chu choi lam gi nua
2018-09-07 09:38:16	[§anTr­êng=>HDÙMÑThiªnH¹]:sv da it ng
2018-09-07 09:38:19	[§anTr­êng=>HDÙMÑThiªnH¹]:ma` con` choi do tim'
2018-09-07 09:38:21	[§anTr­êng=>HDÙMÑThiªnH¹]:vl ad
2018-09-07 09:38:28	[§anTr­êng=>HDÙMÑThiªnH¹]:sv nam hai mo~ 3 ngay` sap.
2018-09-07 09:38:31	[§anTr­êng=>HDÙMÑThiªnH¹]:lam` an gi <pic=1>
2018-09-07 09:39:32	[HDÙMÑThiªnH¹=>§anTr­êng]:ca bang tui míi chuyÕn sang vl míi ch¬i
2018-09-07 09:39:43	[HDÙMÑThiªnH¹=>§anTr­êng]:chiÒu thø 7 open
2018-09-07 09:39:49	[HDÙMÑThiªnH¹=>§anTr­êng]:®ong ng ch¬i l¾m
2018-09-07 09:40:16	[§anTr­êng=>HDÙMÑThiªnH¹]:sv nao
2018-09-07 09:40:42	[§anTr­êng=>HDÙMÑThiªnH¹]:sv nao ong
2018-09-07 09:40:55	[HDÙMÑThiªnH¹=>§anTr­êng]:jx
2018-09-07 09:40:58	[HDÙMÑThiªnH¹=>§anTr­êng]:vn
2018-09-07 09:41:03	[§anTr­êng=>HDÙMÑThiªnH¹]:jx1vn phai ko
2018-09-07 09:41:20	[HDÙMÑThiªnH¹=>§anTr­êng]:ukm sao t«i k viÕt liÒn ®c
2018-09-07 09:41:36	[§anTr­êng=>HDÙMÑThiªnH¹]:dc chu
2018-09-07 09:41:47	[§anTr­êng=>HDÙMÑThiªnH¹]:sv chau giang dung ko
2018-09-07 09:41:49	[HDÙMÑThiªnH¹=>§anTr­êng]:ukm qua sever ®ã ch¬i k
2018-09-07 09:41:53	[HDÙMÑThiªnH¹=>§anTr­êng]:ukm
2018-09-07 09:42:00	[§anTr­êng=>HDÙMÑThiªnH¹]:tui cung tinh' do
2018-09-07 09:42:16	[HDÙMÑThiªnH¹=>§anTr­êng]:c¶ bang t«i cßn chuyÓn sang ®ã ch¬i
2018-09-07 09:42:28	[§anTr­êng=>HDÙMÑThiªnH¹]:uk
2018-09-07 09:42:34	[§anTr­êng=>HDÙMÑThiªnH¹]:bo~ cai game nay cho r
2018-09-07 09:42:36	[HDÙMÑThiªnH¹=>§anTr­êng]:chø bªn nµy lµm g× cßn g× ch¬i n÷a ®©u
2018-09-07 09:42:41	[§anTr­êng=>HDÙMÑThiªnH¹]:then ad noi'
2018-09-07 09:42:49	[§anTr­êng=>HDÙMÑThiªnH¹]:no dang lam ban~ xanh
2018-09-07 09:42:50	[HDÙMÑThiªnH¹=>§anTr­êng]:ad nãi sao
2018-09-07 09:43:02	[HDÙMÑThiªnH¹=>§anTr­êng]:nh­ng vl ad nµy k cã ng ch¬i
2018-09-07 09:43:05	[§anTr­êng=>HDÙMÑThiªnH¹]:lam` lai sv ban~ xanh
2018-09-07 09:43:09	[HDÙMÑThiªnH¹=>§anTr­êng]:lµm b¶n nµo th× còng thÕ th«i
2018-09-07 09:43:12	[§anTr­êng=>HDÙMÑThiªnH¹]:then ad deo' biet quang cao
2018-09-07 09:43:24	[§anTr­êng=>HDÙMÑThiªnH¹]:then` ad nay` que no o dau ta
2018-09-07 09:43:39	[HDÙMÑThiªnH¹=>§anTr­êng]:hinh nh­ trong ®a n½ng hay huÕ g× ®ã
2018-09-07 09:43:55	[§anTr­êng=>HDÙMÑThiªnH¹]:uk
2018-09-07 09:44:14	[HDÙMÑThiªnH¹=>§anTr­êng]:sang ®ã ch¬i cïng bang tui k
2018-09-07 09:44:15	[§anTr­êng=>HDÙMÑThiªnH¹]:sv toi lai tk co ng danh ko
2018-09-07 09:45:13	[HDÙMÑThiªnH¹=>§anTr­êng]:sever kia tr­íc t«i còng ch¬i h¬n 1nam th× sËp
2018-09-07 09:45:23	[HDÙMÑThiªnH¹=>§anTr­êng]:bjo nã l¹i më ch¬i l¹i
2018-09-07 09:45:44	[HDÙMÑThiªnH¹=>§anTr­êng]:®©y ch¬i ch­a ®c 1 th¸ng ®· sËp
2018-09-07 09:46:16	[§anTr­êng=>HDÙMÑThiªnH¹]:uk
2018-09-07 09:46:32	[§anTr­êng=>HDÙMÑThiªnH¹]:hom nay thu may r
2018-09-07 09:46:48	[HDÙMÑThiªnH¹=>§anTr­êng]:6
2018-09-07 09:46:52	[HDÙMÑThiªnH¹=>§anTr­êng]:hái?
2018-09-07 09:46:53	[§anTr­êng=>HDÙMÑThiªnH¹]:mai may h
2018-09-07 09:47:10	[HDÙMÑThiªnH¹=>§anTr­êng]:h×nh nh­ 19h sao Êy
2018-09-07 09:47:16	[HDÙMÑThiªnH¹=>§anTr­êng]:hay 7h g× ®ã
2018-09-07 09:47:17	[§anTr­êng=>HDÙMÑThiªnH¹]:19h toi' ha
2018-09-07 09:47:27	[HDÙMÑThiªnH¹=>§anTr­êng]:k biÕt n÷a
2018-09-07 09:48:03	[§anTr­êng=>HDÙMÑThiªnH¹]:<pic=1>
2018-09-07 09:48:27	[HDÙMÑThiªnH¹=>§anTr­êng]:sang ch¬i th× vµo nhãm bang t«i k
2018-09-07 09:48:38	[§anTr­êng=>HDÙMÑThiªnH¹]:ok
2018-09-07 09:48:39	[§anTr­êng=>HDÙMÑThiªnH¹]:<pic=1>
2018-09-07 09:48:48	[HDÙMÑThiªnH¹=>§anTr­êng]:fb «ng lµ g×
2018-09-07 09:48:52	[§anTr­êng=>HDÙMÑThiªnH¹]:Nam viet
2018-09-07 09:49:13	[HDÙMÑThiªnH¹=>§anTr­êng]:«ng tim t«i nha 0988207491 th¶o g©y mª
2018-09-07 09:49:19	[HDÙMÑThiªnH¹=>§anTr­êng]:kÕt b¹n ®i
2018-09-07 09:50:32	[§anTr­êng=>HDÙMÑThiªnH¹]:avt 4 nguoi do ha
2018-09-07 09:50:59	[HDÙMÑThiªnH¹=>§anTr­êng]:k cã chØ cã 1 m×nh t«i ®ang ®øng th«i
2018-09-07 09:51:42	[§anTr­êng=>HDÙMÑThiªnH¹]:la ai
2018-09-07 09:51:54	[HDÙMÑThiªnH¹=>§anTr­êng]:ong tim sdt k ra µ
2018-09-07 09:51:59	[§anTr­êng=>HDÙMÑThiªnH¹]:ko
2018-09-07 09:52:14	[HDÙMÑThiªnH¹=>§anTr­êng]:«ng cã sdt k t«i t×m cho
2018-09-07 09:52:22	[§anTr­êng=>HDÙMÑThiªnH¹]:Nam Viet
2018-09-07 09:52:24	[§anTr­êng=>HDÙMÑThiªnH¹]:tim di
2018-09-07 09:52:26	[§anTr­êng=>HDÙMÑThiªnH¹]:ra lien
2018-09-07 09:52:35	[§anTr­êng=>HDÙMÑThiªnH¹]:hinh` tui voi then` cu nho~
2018-09-07 09:53:18	[HDÙMÑThiªnH¹=>§anTr­êng]:nhiÒu qu¸ k t×m thÊy
2018-09-07 09:54:10	[§anTr­êng=>HDÙMÑThiªnH¹]:doc sdt di
2018-09-07 09:54:19	[HDÙMÑThiªnH¹=>§anTr­êng]:t«i b¶o 0988207491
2018-09-07 09:54:43	[§anTr­êng=>HDÙMÑThiªnH¹]:met qa
2018-09-07 09:54:45	[§anTr­êng=>HDÙMÑThiªnH¹]:ko thay
2018-09-07 09:54:52	[§anTr­êng=>HDÙMÑThiªnH¹]:tim dt cung ko ra
2018-09-07 09:55:04	[HDÙMÑThiªnH¹=>§anTr­êng]:bjo k t×m thÊy «ng lªn trang chñ vlshxt.vµo diÔn ®µn
2018-09-07 09:55:17	[HDÙMÑThiªnH¹=>§anTr­êng]:«ng ®¨ng bµi thÕ nµo còng cã
2018-09-07 09:56:44	[HDÙMÑThiªnH¹=>§anTr­êng]:«ng thÊy bµi ad ®¨ng mäi ng chó ý lõa ®¶o Êy o thÊy k
2018-09-07 09:57:03	[HDÙMÑThiªnH¹=>§anTr­êng]:«ng bµo th¶ tim c¸i lµ t«i thÊy «ng ngay
2018-09-07 09:57:06	[§anTr­êng=>HDÙMÑThiªnH¹]:ok
2018-09-07 10:15:02	[5docne=>HDÙMÑThiªnH¹]:cho t di
2018-09-07 10:15:51	[5docne=>HDÙMÑThiªnH¹]:???
2018-09-07 10:15:58	[5docne=>HDÙMÑThiªnH¹]:cho ko vay ban
2018-09-07 11:51:31	[STYªuMétNg­êi=>NgoalongVD]:e
2018-09-07 11:51:31	[STYªuMétNg­êi=>NgoalongVD]:e
2018-09-07 11:51:31	[STYªuMétNg­êi=>NgoalongVD]:e
2018-09-07 11:51:53	[STYªuMétNg­êi=>§écS¸tNgo¹iC«ng]:e
2018-09-07 17:45:47	[NhËmÙNg·ÙHµnhÙ=>MaPhongBa]:alo
2018-09-07 17:46:15	[NhËmÙNg·ÙHµnhÙ=>namhai10]:alo
2018-09-07 17:46:18	[NhËmÙNg·ÙHµnhÙ=>namhai10]:onl thi pm tui
2018-09-07 17:46:30	[NhËmÙNg·ÙHµnhÙ=>namhai04]:onl thi pm tui
2018-09-07 18:02:48	[NhËmÙNg·ÙHµnhÙ=>§­êngÙM«n]:alo
2018-09-07 18:02:49	[NhËmÙNg·ÙHµnhÙ=>§­êngÙM«n]:alo
2018-09-07 18:02:49	[NhËmÙNg·ÙHµnhÙ=>§­êngÙM«n]:alo
2018-09-07 18:52:04	[NgoalongVD=>NhËmÙNg·ÙHµnhÙ]:??
2018-09-07 18:52:06	[NgoalongVD=>NhËmÙNg·ÙHµnhÙ]:j ong
2018-09-07 19:18:44	[NhËmÙNg·ÙHµnhÙ=>NgoalongVD]:van choi ben nay ha
2018-09-07 20:45:56	[§­êngÙM«n=>NhËmÙNg·ÙHµnhÙ]:sao the
