2018-09-19 07:17:22	vunguyen1984(BinBin) disconnect: Status(3), ExchangingStatus(0)
2018-09-19 07:17:24	vunguyen1988(111111111) disconnect: Status(3), ExchangingStatus(0)
2018-09-19 16:46:26	vohoangvu(ThÇnMenPh¸Ph¸ch) disconnect: Status(3), ExchangingStatus(0)
2018-09-19 16:47:35	voanhkhoa(Ph¸Gi¸p§écC«) disconnect: Status(3), ExchangingStatus(0)
2018-09-19 16:55:24	voquynhnhu(B¶o®ao§åLong) disconnect: Status(3), ExchangingStatus(0)
2018-09-19 17:04:38	photocopy(LýThuTh¶o) disconnect: Status(3), ExchangingStatus(0)
2018-09-19 17:05:59	photocopy1(CleopatraVII) disconnect: Status(3), ExchangingStatus(0)
2018-09-19 17:09:07	vohoangvu1(0903659998) disconnect: Status(3), ExchangingStatus(0)
2018-09-19 17:23:13	voquynhnhu(B¶o®ao§åLong) disconnect: Status(3), ExchangingStatus(0)
2018-09-19 17:23:57	voanhkhoa(Ph¸Gi¸p§écC«) disconnect: Status(3), ExchangingStatus(0)
2018-09-19 18:29:28	vohoangvu(ThÇnMenPh¸Ph¸ch) disconnect: Status(3), ExchangingStatus(0)
2018-09-19 18:34:17	voquynhnhu(B¶o®ao§åLong) disconnect: Status(3), ExchangingStatus(0)
2018-09-19 18:51:13	voanhkhoa(Ph¸Gi¸p§écC«) disconnect: Status(3), ExchangingStatus(0)
2018-09-19 19:22:30	letam91(BossTrum91) disconnect: Status(3), ExchangingStatus(0)
2018-09-19 19:23:25	letam91(BossTrum91) disconnect: Status(3), ExchangingStatus(0)
2018-09-19 19:23:42	letam91(BossTrum91) disconnect: Status(3), ExchangingStatus(0)
2018-09-19 19:24:19	letam91(BossTrum91) disconnect: Status(3), ExchangingStatus(0)
2018-09-19 19:31:32	voanhkhoa(Ph¸Gi¸p§écC«) disconnect: Status(3), ExchangingStatus(0)
2018-09-19 19:32:00	letam92(BossTrum92) disconnect: Status(3), ExchangingStatus(0)
2018-09-19 19:32:03	letam91(BossTrum91) disconnect: Status(3), ExchangingStatus(0)
2018-09-19 19:34:55	vohoangvu(0903669999) disconnect: Status(3), ExchangingStatus(0)
2018-09-19 20:20:36	vohoangvu(ThÇnMenPh¸Ph¸ch) disconnect: Status(3), ExchangingStatus(0)
2018-09-19 22:47:48	vunguyen1983(Thiennhan) disconnect: Status(3), ExchangingStatus(0)
