2018-09-13 18:30:56	Add huyenuyqs(RångconÙ)
2018-09-13 18:30:56	huyenuyqs(RångconÙ) sync data from bishop
2018-09-13 18:30:56	huyenuyqs(RångconÙ) login
2018-09-13 19:36:00	huyenuyqs(RångconÙ) logout
2018-09-13 19:36:00	Del huyenuyqs(RångconÙ): quit
2018-09-13 20:14:23	Add vanchungpa(ChungDaiCa)
2018-09-13 20:14:23	vanchungpa(ChungDaiCa) sync data from bishop
2018-09-13 20:14:24	vanchungpa(ChungDaiCa) login
2018-09-13 20:19:45	vanchungpa(ChungDaiCa) logout
2018-09-13 20:19:45	Del vanchungpa(ChungDaiCa): quit
2018-09-13 20:20:10	Add vanchungpa(OCCHOKATA)
2018-09-13 20:20:10	vanchungpa(OCCHOKATA) sync data from bishop
2018-09-13 20:20:11	vanchungpa(OCCHOKATA) login
2018-09-13 20:44:04	Add vanchungpa1(456456546456456)
2018-09-13 20:44:04	vanchungpa1(456456546456456) sync data from bishop
2018-09-13 20:44:05	vanchungpa1(456456546456456) login
2018-09-13 21:41:26	[ShutdownClient]	Kick Out, ReasonId (7) 2018-09-13 21:41:26	vanchungpa1(456456546456456) logout
2018-09-13 21:41:26	Del vanchungpa1(456456546456456): quit
2018-09-13 21:41:32	Add vanchungpa1(456456546456456)
2018-09-13 21:41:32	vanchungpa1(456456546456456) sync data from bishop
2018-09-13 21:41:32	vanchungpa1(456456546456456) login
2018-09-13 21:46:36	vanchungpa(OCCHOKATA) logout
2018-09-13 21:46:36	Del vanchungpa(OCCHOKATA): quit
2018-09-13 21:46:49	Add vanchungpa(rfdfdfdfd)
2018-09-13 21:46:49	vanchungpa(rfdfdfdfd) sync data from bishop
2018-09-13 21:46:50	vanchungpa(rfdfdfdfd) login
2018-09-13 21:48:11	[ShutdownClient]	Kick Out, ReasonId (7) 2018-09-13 21:48:11	vanchungpa(rfdfdfdfd) logout
2018-09-13 21:48:11	Del vanchungpa(rfdfdfdfd): quit
2018-09-13 21:48:18	Add vanchungpa(rfdfdfdfd)
2018-09-13 21:48:18	vanchungpa(rfdfdfdfd) sync data from bishop
2018-09-13 21:48:18	vanchungpa(rfdfdfdfd) login
2018-09-13 22:04:44	vanchungpa(rfdfdfdfd) logout
2018-09-13 22:04:44	Del vanchungpa(rfdfdfdfd): quit
2018-09-13 22:04:44	vanchungpa1(456456546456456) logout
2018-09-13 22:04:44	Del vanchungpa1(456456546456456): quit
