2018-09-10 00:14:54	tuanlovekun5(§­êngÙM«n) logout
2018-09-10 00:14:54	Del tuanlovekun5(§­êngÙM«n): quit
2018-09-10 00:14:55	tuanlovekun3(4StÙThiªnÙNhÉn) logout
2018-09-10 00:14:55	Del tuanlovekun3(4StÙThiªnÙNhÉn): quit
2018-09-10 00:14:56	tuanlovekun2(3StÙThiªnÙNhÉn) logout
2018-09-10 00:14:56	Del tuanlovekun2(3StÙThiªnÙNhÉn): quit
2018-09-10 00:14:56	tuanlovekun1(2StÙThiªnÙNhÉn) logout
2018-09-10 00:14:56	Del tuanlovekun1(2StÙThiªnÙNhÉn): quit
2018-09-10 00:14:58	tuanlovekun(1StÙThiªnÙNhÉn) logout
2018-09-10 00:14:58	Del tuanlovekun(1StÙThiªnÙNhÉn): quit
2018-09-10 00:14:59	tuanlovekun4(5StÙThiªnÙNhÉn) logout
2018-09-10 00:14:59	Del tuanlovekun4(5StÙThiªnÙNhÉn): quit
2018-09-10 00:34:54	Add tuanlovekun(1StÙThiªnÙNhÉn)
2018-09-10 00:34:54	tuanlovekun(1StÙThiªnÙNhÉn) sync data from bishop
2018-09-10 00:34:54	tuanlovekun(1StÙThiªnÙNhÉn) login
2018-09-10 00:35:08	Add tuanlovekun2(3StÙThiªnÙNhÉn)
2018-09-10 00:35:08	tuanlovekun2(3StÙThiªnÙNhÉn) sync data from bishop
2018-09-10 00:35:08	tuanlovekun2(3StÙThiªnÙNhÉn) login
2018-09-10 00:35:19	Add tuanlovekun1(2StÙThiªnÙNhÉn)
2018-09-10 00:35:19	tuanlovekun1(2StÙThiªnÙNhÉn) sync data from bishop
2018-09-10 00:35:19	tuanlovekun1(2StÙThiªnÙNhÉn) login
2018-09-10 00:35:28	Add tuanlovekun3(4StÙThiªnÙNhÉn)
2018-09-10 00:35:28	tuanlovekun3(4StÙThiªnÙNhÉn) sync data from bishop
2018-09-10 00:35:28	tuanlovekun3(4StÙThiªnÙNhÉn) login
2018-09-10 00:35:41	Add tuanlovekun4(5StÙThiªnÙNhÉn)
2018-09-10 00:35:41	tuanlovekun4(5StÙThiªnÙNhÉn) sync data from bishop
2018-09-10 00:35:41	tuanlovekun4(5StÙThiªnÙNhÉn) login
2018-09-10 00:35:52	Add tuanlovekun5(§­êngÙM«n)
2018-09-10 00:35:52	tuanlovekun5(§­êngÙM«n) sync data from bishop
2018-09-10 00:35:52	tuanlovekun5(§­êngÙM«n) login
2018-09-10 02:33:47	[ShutdownClient]	no response from client ID:344(Loop:4664344, PingTime:4662344), kill it...
2018-09-10 02:33:47	letutl72(DoanhDoanh) logout
2018-09-10 02:33:47	Del letutl72(DoanhDoanh): quit
2018-09-10 03:00:29	Add letutl72(DoanhDoanh)
2018-09-10 03:00:29	letutl72(DoanhDoanh) sync data from bishop
2018-09-10 03:00:29	letutl72(DoanhDoanh) login
2018-09-10 03:01:39	letutl72(DoanhDoanh) logout
2018-09-10 03:01:39	Del letutl72(DoanhDoanh): quit
2018-09-10 03:01:43	Add letutl72(DoanhDoanh)
2018-09-10 03:01:43	letutl72(DoanhDoanh) sync data from bishop
2018-09-10 03:01:43	letutl72(DoanhDoanh) login
2018-09-10 04:23:02	[ShutdownClient]	no response from client ID:343(Loop:4782343, PingTime:4780343), kill it...
2018-09-10 04:23:02	letutl74(BopVuBu) logout
2018-09-10 04:23:02	Del letutl74(BopVuBu): quit
2018-09-10 04:23:03	[ShutdownClient]	no response from client ID:352(Loop:4782352, PingTime:4780352), kill it...
2018-09-10 04:23:03	letutl72(DoanhDoanh) logout
2018-09-10 04:23:03	Del letutl72(DoanhDoanh): quit
2018-09-10 07:30:10	Add tuandaugau001(G×aLµng)
2018-09-10 07:30:10	tuandaugau001(G×aLµng) sync data from bishop
2018-09-10 07:30:10	tuandaugau001(G×aLµng) login
2018-09-10 07:30:24	[ShutdownClient]	Close connection[24] for request.
2018-09-10 07:30:24	tuandaugau001(G×aLµng) logout
2018-09-10 07:30:24	Del tuandaugau001(G×aLµng): quit
2018-09-10 07:34:41	Add tuandaugau002(ThÇnSÊmSĞt)
2018-09-10 07:34:41	tuandaugau002(ThÇnSÊmSĞt) sync data from bishop
2018-09-10 07:34:41	tuandaugau002(ThÇnSÊmSĞt) login
2018-09-10 07:51:54	tuandaugau002(ThÇnSÊmSĞt) offline live
2018-09-10 10:34:28	unlock911(Unlock911) logout
2018-09-10 10:34:28	unlock911(Unlock911) offline kickout
2018-09-10 10:34:28	Del unlock911(Unlock911): quit
2018-09-10 10:34:29	Add unlock911(Unlock911)
2018-09-10 10:34:29	unlock911(Unlock911) sync data from bishop
2018-09-10 10:34:29	unlock911(Unlock911) login
2018-09-10 10:35:46	unlock912(Unlock912) logout
2018-09-10 10:35:46	unlock912(Unlock912) offline kickout
2018-09-10 10:35:46	Del unlock912(Unlock912): quit
2018-09-10 10:35:48	Add unlock912(Unlock912)
2018-09-10 10:35:48	unlock912(Unlock912) sync data from bishop
2018-09-10 10:35:48	unlock912(Unlock912) login
2018-09-10 11:23:25	[ShutdownClient]	no response from client ID:356(Loop:5236356, PingTime:5234356), kill it...
2018-09-10 11:23:25	unlock912(Unlock912) logout
2018-09-10 11:23:25	Del unlock912(Unlock912): quit
2018-09-10 12:15:57	Add unlock912(Unlock912)
2018-09-10 12:15:57	unlock912(Unlock912) sync data from bishop
2018-09-10 12:15:57	unlock912(Unlock912) login
2018-09-10 13:52:35	Add vubluish2(hoalongcaka)
2018-09-10 13:52:35	vubluish2(hoalongcaka) sync data from bishop
2018-09-10 13:52:35	vubluish2(hoalongcaka) login
2018-09-10 14:07:28	vubluish2(hoalongcaka) logout
2018-09-10 14:07:28	Del vubluish2(hoalongcaka): quit
2018-09-10 20:34:18	unlock911(Unlock911) logout
2018-09-10 20:34:18	Del unlock911(Unlock911): quit
2018-09-10 20:34:48	Add unlock911(Unlock911)
2018-09-10 20:34:48	unlock911(Unlock911) sync data from bishop
2018-09-10 20:34:48	unlock911(Unlock911) login
2018-09-10 20:51:46	Add letutl74(BopVuBu)
2018-09-10 20:51:46	letutl74(BopVuBu) sync data from bishop
2018-09-10 20:51:46	letutl74(BopVuBu) login
2018-09-10 21:05:01	Add letutl72(DoanhDoanh)
2018-09-10 21:05:01	letutl72(DoanhDoanh) sync data from bishop
2018-09-10 21:05:01	letutl72(DoanhDoanh) login
2018-09-10 21:11:24	tuanlovekun(1StÙThiªnÙNhÉn) logout
2018-09-10 21:11:24	Del tuanlovekun(1StÙThiªnÙNhÉn): quit
2018-09-10 21:11:25	tuanlovekun1(2StÙThiªnÙNhÉn) logout
2018-09-10 21:11:25	Del tuanlovekun1(2StÙThiªnÙNhÉn): quit
2018-09-10 21:11:27	tuanlovekun2(3StÙThiªnÙNhÉn) logout
2018-09-10 21:11:27	Del tuanlovekun2(3StÙThiªnÙNhÉn): quit
2018-09-10 21:11:27	tuanlovekun3(4StÙThiªnÙNhÉn) logout
2018-09-10 21:11:27	Del tuanlovekun3(4StÙThiªnÙNhÉn): quit
2018-09-10 21:11:29	tuanlovekun4(5StÙThiªnÙNhÉn) logout
2018-09-10 21:11:29	Del tuanlovekun4(5StÙThiªnÙNhÉn): quit
2018-09-10 21:11:30	tuanlovekun5(§­êngÙM«n) logout
2018-09-10 21:11:30	Del tuanlovekun5(§­êngÙM«n): quit
2018-09-10 21:25:11	Add tuanlovekun5(§­êngÙM«n)
2018-09-10 21:25:11	tuanlovekun5(§­êngÙM«n) sync data from bishop
2018-09-10 21:25:11	tuanlovekun5(§­êngÙM«n) login
2018-09-10 21:25:27	Add tuanlovekun4(5StÙThiªnÙNhÉn)
2018-09-10 21:25:27	tuanlovekun4(5StÙThiªnÙNhÉn) sync data from bishop
2018-09-10 21:25:27	tuanlovekun4(5StÙThiªnÙNhÉn) login
2018-09-10 21:25:36	Add tuanlovekun3(4StÙThiªnÙNhÉn)
2018-09-10 21:25:36	tuanlovekun3(4StÙThiªnÙNhÉn) sync data from bishop
2018-09-10 21:25:36	tuanlovekun3(4StÙThiªnÙNhÉn) login
2018-09-10 21:25:53	Add tuanlovekun2(3StÙThiªnÙNhÉn)
2018-09-10 21:25:53	tuanlovekun2(3StÙThiªnÙNhÉn) sync data from bishop
2018-09-10 21:25:53	tuanlovekun2(3StÙThiªnÙNhÉn) login
2018-09-10 21:26:05	Add tuanlovekun1(2StÙThiªnÙNhÉn)
2018-09-10 21:26:05	tuanlovekun1(2StÙThiªnÙNhÉn) sync data from bishop
2018-09-10 21:26:05	tuanlovekun1(2StÙThiªnÙNhÉn) login
2018-09-10 21:26:14	Add tuanlovekun(1StÙThiªnÙNhÉn)
2018-09-10 21:26:14	tuanlovekun(1StÙThiªnÙNhÉn) sync data from bishop
2018-09-10 21:26:14	tuanlovekun(1StÙThiªnÙNhÉn) login
2018-09-10 22:05:27	unlock911(Unlock911) logout
2018-09-10 22:05:27	Del unlock911(Unlock911): quit
2018-09-10 22:05:40	unlock912(Unlock912) logout
2018-09-10 22:05:40	Del unlock912(Unlock912): quit
