2018-09-10 00:14:54	tuanlovekun5(§­êngÙM«n) disconnect: Status(3), ExchangingStatus(0)
2018-09-10 00:14:55	tuanlovekun3(4StÙThiªnÙNhÉn) disconnect: Status(3), ExchangingStatus(0)
2018-09-10 00:14:56	tuanlovekun2(3StÙThiªnÙNhÉn) disconnect: Status(3), ExchangingStatus(0)
2018-09-10 00:14:56	tuanlovekun1(2StÙThiªnÙNhÉn) disconnect: Status(3), ExchangingStatus(0)
2018-09-10 00:14:57	tuanlovekun(1StÙThiªnÙNhÉn) disconnect: Status(3), ExchangingStatus(0)
2018-09-10 00:14:59	tuanlovekun4(5StÙThiªnÙNhÉn) disconnect: Status(3), ExchangingStatus(0)
2018-09-10 02:33:47	letutl72(DoanhDoanh) disconnect: Status(3), ExchangingStatus(0)
2018-09-10 03:01:39	letutl72(DoanhDoanh) disconnect: Status(3), ExchangingStatus(0)
2018-09-10 04:23:02	letutl74(BopVuBu) disconnect: Status(3), ExchangingStatus(0)
2018-09-10 04:23:03	letutl72(DoanhDoanh) disconnect: Status(3), ExchangingStatus(0)
2018-09-10 07:30:24	tuandaugau001(G×aLµng) disconnect: Status(3), ExchangingStatus(0)
2018-09-10 11:23:25	unlock912(Unlock912) disconnect: Status(3), ExchangingStatus(0)
2018-09-10 14:07:28	vubluish2(hoalongcaka) disconnect: Status(3), ExchangingStatus(0)
2018-09-10 20:34:18	unlock911(Unlock911) disconnect: Status(3), ExchangingStatus(0)
2018-09-10 21:11:24	tuanlovekun(1StÙThiªnÙNhÉn) disconnect: Status(3), ExchangingStatus(0)
2018-09-10 21:11:25	tuanlovekun1(2StÙThiªnÙNhÉn) disconnect: Status(3), ExchangingStatus(0)
2018-09-10 21:11:27	tuanlovekun2(3StÙThiªnÙNhÉn) disconnect: Status(3), ExchangingStatus(0)
2018-09-10 21:11:27	tuanlovekun3(4StÙThiªnÙNhÉn) disconnect: Status(3), ExchangingStatus(0)
2018-09-10 21:11:29	tuanlovekun4(5StÙThiªnÙNhÉn) disconnect: Status(3), ExchangingStatus(0)
2018-09-10 21:11:30	tuanlovekun5(§­êngÙM«n) disconnect: Status(3), ExchangingStatus(0)
2018-09-10 22:05:27	unlock911(Unlock911) disconnect: Status(3), ExchangingStatus(0)
2018-09-10 22:05:40	unlock912(Unlock912) disconnect: Status(3), ExchangingStatus(0)
