2018-09-07 02:35:12	Add nam92hd3(ThiªnÙ§ŞaÙV«ÙCùc)
2018-09-07 02:35:12	nam92hd3(ThiªnÙ§ŞaÙV«ÙCùc) sync data from bishop
2018-09-07 02:35:12	nam92hd3(ThiªnÙ§ŞaÙV«ÙCùc) login
2018-09-07 02:35:14	Add unlock912(Unlock912)
2018-09-07 02:35:14	unlock912(Unlock912) sync data from bishop
2018-09-07 02:35:14	unlock912(Unlock912) login
2018-09-07 02:35:15	Add luukt54(NgoalongNM)
2018-09-07 02:35:15	luukt54(NgoalongNM) sync data from bishop
2018-09-07 02:35:15	Add luukt51(NgoaLongTN)
2018-09-07 02:35:15	luukt51(NgoaLongTN) sync data from bishop
2018-09-07 02:35:15	luukt54(NgoalongNM) login
2018-09-07 02:35:15	luukt51(NgoaLongTN) login
2018-09-07 02:35:16	Add nam92hd4(HoaÙR¬iÙCöaÙPhËt)
2018-09-07 02:35:16	nam92hd4(HoaÙR¬iÙCöaÙPhËt) sync data from bishop
2018-09-07 02:35:16	nam92hd4(HoaÙR¬iÙCöaÙPhËt) login
2018-09-07 02:35:16	Add unlock911(Unlock911)
2018-09-07 02:35:16	unlock911(Unlock911) sync data from bishop
2018-09-07 02:35:16	unlock911(Unlock911) login
2018-09-07 02:35:16	Add nam92hd(HáaThÇnÙV«Song)
2018-09-07 02:35:16	nam92hd(HáaThÇnÙV«Song) sync data from bishop
2018-09-07 02:35:16	nam92hd(HáaThÇnÙV«Song) login
2018-09-07 02:35:16	Add namhai0012(namhai12)
2018-09-07 02:35:16	namhai0012(namhai12) sync data from bishop
2018-09-07 02:35:16	namhai0012(namhai12) login
2018-09-07 02:35:19	Add nam92hd5(CuÙChäcÙNg­îc)
2018-09-07 02:35:19	nam92hd5(CuÙChäcÙNg­îc) sync data from bishop
2018-09-07 02:35:19	nam92hd5(CuÙChäcÙNg­îc) login
2018-09-07 02:35:19	Add tuanlovekun(1StÙThiªnÙNhÉn)
2018-09-07 02:35:19	tuanlovekun(1StÙThiªnÙNhÉn) sync data from bishop
2018-09-07 02:35:19	tuanlovekun(1StÙThiªnÙNhÉn) login
2018-09-07 02:35:19	Add tuanlovekun4(5StÙThiªnÙNhÉn)
2018-09-07 02:35:19	tuanlovekun4(5StÙThiªnÙNhÉn) sync data from bishop
2018-09-07 02:35:19	tuanlovekun4(5StÙThiªnÙNhÉn) login
2018-09-07 02:35:20	Add nam92hd1(ThÇnÙT¨ng)
2018-09-07 02:35:20	nam92hd1(ThÇnÙT¨ng) sync data from bishop
2018-09-07 02:35:20	nam92hd1(ThÇnÙT¨ng) login
2018-09-07 02:35:21	Add luukt55(NgoalongCB)
2018-09-07 02:35:21	luukt55(NgoalongCB) sync data from bishop
2018-09-07 02:35:21	luukt55(NgoalongCB) login
2018-09-07 02:35:21	Add luukt56(NgoalongND)
2018-09-07 02:35:21	luukt56(NgoalongND) sync data from bishop
2018-09-07 02:35:21	luukt56(NgoalongND) login
2018-09-07 02:35:23	Add nam92hd2(PhongÙThÇn)
2018-09-07 02:35:23	nam92hd2(PhongÙThÇn) sync data from bishop
2018-09-07 02:35:23	nam92hd2(PhongÙThÇn) login
2018-09-07 02:35:24	Add tuanlovekun5(§­êngÙM«n)
2018-09-07 02:35:24	tuanlovekun5(§­êngÙM«n) sync data from bishop
2018-09-07 02:35:24	tuanlovekun5(§­êngÙM«n) login
2018-09-07 02:35:24	Add namhai05(namhai05)
2018-09-07 02:35:24	namhai05(namhai05) sync data from bishop
2018-09-07 02:35:24	namhai05(namhai05) login
2018-09-07 02:35:24	Add tuanlovekun3(4StÙThiªnÙNhÉn)
2018-09-07 02:35:24	tuanlovekun3(4StÙThiªnÙNhÉn) sync data from bishop
2018-09-07 02:35:24	tuanlovekun3(4StÙThiªnÙNhÉn) login
2018-09-07 02:35:25	Add minhtrand19(XeÙHètÙR¸c)
2018-09-07 02:35:25	minhtrand19(XeÙHètÙR¸c) sync data from bishop
2018-09-07 02:35:25	minhtrand19(XeÙHètÙR¸c) login
2018-09-07 02:35:25	Add namhai003(namhai03)
2018-09-07 02:35:25	namhai003(namhai03) sync data from bishop
2018-09-07 02:35:26	namhai003(namhai03) login
2018-09-07 02:35:26	Add luukt52(NgoalongTN)
2018-09-07 02:35:26	luukt52(NgoalongTN) sync data from bishop
2018-09-07 02:35:26	luukt52(NgoalongTN) login
2018-09-07 02:35:27	Add tuanlovekun2(3StÙThiªnÙNhÉn)
2018-09-07 02:35:27	tuanlovekun2(3StÙThiªnÙNhÉn) sync data from bishop
2018-09-07 02:35:27	tuanlovekun2(3StÙThiªnÙNhÉn) login
2018-09-07 02:35:28	Add luukt53(NgoalongVD)
2018-09-07 02:35:28	luukt53(NgoalongVD) sync data from bishop
2018-09-07 02:35:28	Add namhai007(namhai07)
2018-09-07 02:35:28	namhai007(namhai07) sync data from bishop
2018-09-07 02:35:28	luukt53(NgoalongVD) login
2018-09-07 02:35:28	namhai007(namhai07) login
2018-09-07 02:35:28	Add tuanlovekun1(2StÙThiªnÙNhÉn)
2018-09-07 02:35:28	tuanlovekun1(2StÙThiªnÙNhÉn) sync data from bishop
2018-09-07 02:35:28	tuanlovekun1(2StÙThiªnÙNhÉn) login
2018-09-07 02:35:30	Add namhai02(namhai02)
2018-09-07 02:35:30	namhai02(namhai02) sync data from bishop
2018-09-07 02:35:30	namhai02(namhai02) login
2018-09-07 02:35:32	Add namhai0011(namhai11)
2018-09-07 02:35:32	namhai0011(namhai11) sync data from bishop
2018-09-07 02:35:32	namhai0011(namhai11) login
2018-09-07 02:35:33	Add namhai06(namhai06)
2018-09-07 02:35:33	namhai06(namhai06) sync data from bishop
2018-09-07 02:35:33	namhai06(namhai06) login
2018-09-07 02:35:34	Add namhai0010(namhai10)
2018-09-07 02:35:34	namhai0010(namhai10) sync data from bishop
2018-09-07 02:35:34	namhai0010(namhai10) login
2018-09-07 02:35:34	Add namhai008(namhai08)
2018-09-07 02:35:34	namhai008(namhai08) sync data from bishop
2018-09-07 02:35:34	namhai008(namhai08) login
2018-09-07 02:35:35	Add namhai04(namhai04)
2018-09-07 02:35:35	namhai04(namhai04) sync data from bishop
2018-09-07 02:35:35	namhai04(namhai04) login
2018-09-07 02:35:37	namhai02(namhai02) logout
2018-09-07 02:35:37	Del namhai02(namhai02): quit
2018-09-07 02:35:40	Add namhai01(MaPhongBa)
2018-09-07 02:35:40	namhai01(MaPhongBa) sync data from bishop
2018-09-07 02:35:40	namhai01(MaPhongBa) login
2018-09-07 02:35:41	Add namhai009(namhai09)
2018-09-07 02:35:41	namhai009(namhai09) sync data from bishop
2018-09-07 02:35:41	namhai009(namhai09) login
2018-09-07 02:38:05	minhtrand19(XeÙHètÙR¸c) logout
2018-09-07 02:38:05	Del minhtrand19(XeÙHètÙR¸c): quit
2018-09-07 02:38:07	Add minhtrand19(XeÙHètÙR¸c)
2018-09-07 02:38:07	minhtrand19(XeÙHètÙR¸c) sync data from bishop
2018-09-07 02:38:07	minhtrand19(XeÙHètÙR¸c) login
2018-09-07 02:42:14	minhtrand19(XeÙHètÙR¸c) logout
2018-09-07 02:42:14	Del minhtrand19(XeÙHètÙR¸c): quit
2018-09-07 02:42:24	Add minhtrand19(XeÙHètÙR¸c)
2018-09-07 02:42:24	minhtrand19(XeÙHètÙR¸c) sync data from bishop
2018-09-07 02:42:24	minhtrand19(XeÙHètÙR¸c) login
2018-09-07 03:14:03	minhtrand19(XeÙHètÙR¸c) logout
2018-09-07 03:14:03	Del minhtrand19(XeÙHètÙR¸c): quit
2018-09-07 03:14:13	Add minhtrand19(XeÙHètÙR¸c)
2018-09-07 03:14:13	minhtrand19(XeÙHètÙR¸c) sync data from bishop
2018-09-07 03:14:13	minhtrand19(XeÙHètÙR¸c) login
2018-09-07 03:16:14	minhtrand19(XeÙHètÙR¸c) logout
2018-09-07 03:16:14	Del minhtrand19(XeÙHètÙR¸c): quit
2018-09-07 03:16:24	Add minhtrand19(XeÙHètÙR¸c)
2018-09-07 03:16:24	minhtrand19(XeÙHètÙR¸c) sync data from bishop
2018-09-07 03:16:24	minhtrand19(XeÙHètÙR¸c) login
2018-09-07 03:24:59	minhtrand19(XeÙHètÙR¸c) logout
2018-09-07 03:24:59	Del minhtrand19(XeÙHètÙR¸c): quit
2018-09-07 03:25:09	Add minhtrand19(XeÙHètÙR¸c)
2018-09-07 03:25:09	minhtrand19(XeÙHètÙR¸c) sync data from bishop
2018-09-07 03:25:09	minhtrand19(XeÙHètÙR¸c) login
2018-09-07 03:48:51	Add gamethu(TaoPh¸GameHaha)
2018-09-07 03:48:51	gamethu(TaoPh¸GameHaha) sync data from bishop
2018-09-07 03:48:51	gamethu(TaoPh¸GameHaha) login
2018-09-07 03:50:58	minhtrand19(XeÙHètÙR¸c) logout
2018-09-07 03:50:58	Del minhtrand19(XeÙHètÙR¸c): quit
2018-09-07 03:51:04	Add minhtrand19(XeÙHètÙR¸c)
2018-09-07 03:51:04	minhtrand19(XeÙHètÙR¸c) sync data from bishop
2018-09-07 03:51:04	minhtrand19(XeÙHètÙR¸c) login
2018-09-07 03:52:41	minhtrand19(XeÙHètÙR¸c) logout
2018-09-07 03:52:41	Del minhtrand19(XeÙHètÙR¸c): quit
2018-09-07 03:52:50	[ShutdownClient]	Close connection[33] for request.
2018-09-07 03:52:50	gamethu(TaoPh¸GameHaha) logout
2018-09-07 03:52:50	Del gamethu(TaoPh¸GameHaha): quit
2018-09-07 03:52:50	Add minhtrand19(XeÙHètÙR¸c)
2018-09-07 03:52:50	minhtrand19(XeÙHètÙR¸c) sync data from bishop
2018-09-07 03:52:51	minhtrand19(XeÙHètÙR¸c) login
2018-09-07 03:53:20	Add gamethu(TaoPh¸GameHaha)
2018-09-07 03:53:20	gamethu(TaoPh¸GameHaha) sync data from bishop
2018-09-07 03:53:20	gamethu(TaoPh¸GameHaha) login
2018-09-07 03:53:30	minhtrand19(XeÙHètÙR¸c) logout
2018-09-07 03:53:30	Del minhtrand19(XeÙHètÙR¸c): quit
2018-09-07 03:53:39	Add minhtrand19(XeÙHètÙR¸c)
2018-09-07 03:53:39	minhtrand19(XeÙHètÙR¸c) sync data from bishop
2018-09-07 03:53:39	minhtrand19(XeÙHètÙR¸c) login
2018-09-07 03:55:28	Add huynhtrongtri14(§écS¸tNgo¹iC«ng)
2018-09-07 03:55:28	huynhtrongtri14(§écS¸tNgo¹iC«ng) sync data from bishop
2018-09-07 03:55:28	huynhtrongtri14(§écS¸tNgo¹iC«ng) login
2018-09-07 03:58:46	huynhtrongtri14(§écS¸tNgo¹iC«ng) offline live
2018-09-07 04:00:46	minhtrand19(XeÙHètÙR¸c) logout
2018-09-07 04:00:46	Del minhtrand19(XeÙHètÙR¸c): quit
2018-09-07 04:01:02	Add minhtrand19(XeÙHètÙR¸c)
2018-09-07 04:01:02	minhtrand19(XeÙHètÙR¸c) sync data from bishop
2018-09-07 04:01:02	minhtrand19(XeÙHètÙR¸c) login
2018-09-07 04:12:46	minhtrand19(XeÙHètÙR¸c) logout
2018-09-07 04:12:46	Del minhtrand19(XeÙHètÙR¸c): quit
2018-09-07 04:12:56	Add minhtrand19(XeÙHètÙR¸c)
2018-09-07 04:12:56	minhtrand19(XeÙHètÙR¸c) sync data from bishop
2018-09-07 04:12:56	minhtrand19(XeÙHètÙR¸c) login
2018-09-07 04:13:56	minhtrand19(XeÙHètÙR¸c) logout
2018-09-07 04:13:56	Del minhtrand19(XeÙHètÙR¸c): quit
2018-09-07 04:14:04	Add minhtrand19(XeÙHètÙR¸c)
2018-09-07 04:14:04	minhtrand19(XeÙHètÙR¸c) sync data from bishop
2018-09-07 04:14:04	minhtrand19(XeÙHètÙR¸c) login
2018-09-07 04:19:46	gamethu(TaoPh¸GameHaha) logout
2018-09-07 04:19:46	Del gamethu(TaoPh¸GameHaha): quit
2018-09-07 04:20:04	Add gamethu(TaoPh¸GameHaha)
2018-09-07 04:20:04	gamethu(TaoPh¸GameHaha) sync data from bishop
2018-09-07 04:20:04	gamethu(TaoPh¸GameHaha) login
2018-09-07 04:21:51	[ShutdownClient]	Close connection[19] for request.
2018-09-07 04:21:51	gamethu(TaoPh¸GameHaha) logout
2018-09-07 04:21:51	Del gamethu(TaoPh¸GameHaha): quit
2018-09-07 04:22:07	Add gamethu(TaoPh¸GameHaha)
2018-09-07 04:22:07	gamethu(TaoPh¸GameHaha) sync data from bishop
2018-09-07 04:22:07	gamethu(TaoPh¸GameHaha) login
2018-09-07 04:22:28	[ShutdownClient]	Close connection[19] for request.
2018-09-07 04:22:28	gamethu(TaoPh¸GameHaha) logout
2018-09-07 04:22:28	Del gamethu(TaoPh¸GameHaha): quit
2018-09-07 04:22:34	Add gamethu(TaoPh¸GameHaha)
2018-09-07 04:22:34	gamethu(TaoPh¸GameHaha) sync data from bishop
2018-09-07 04:22:34	gamethu(TaoPh¸GameHaha) login
2018-09-07 04:22:39	[ShutdownClient]	Close connection[19] for request.
2018-09-07 04:22:39	gamethu(TaoPh¸GameHaha) logout
2018-09-07 04:22:39	Del gamethu(TaoPh¸GameHaha): quit
2018-09-07 04:22:44	Add gamethu(TaoPh¸GameHaha)
2018-09-07 04:22:44	gamethu(TaoPh¸GameHaha) sync data from bishop
2018-09-07 04:22:44	gamethu(TaoPh¸GameHaha) login
2018-09-07 04:23:05	minhtrand19(XeÙHètÙR¸c) logout
2018-09-07 04:23:05	Del minhtrand19(XeÙHètÙR¸c): quit
2018-09-07 04:23:08	Add minhtrand19(XeÙHètÙR¸c)
2018-09-07 04:23:08	minhtrand19(XeÙHètÙR¸c) sync data from bishop
2018-09-07 04:23:08	minhtrand19(XeÙHètÙR¸c) login
2018-09-07 04:24:59	minhtrand19(XeÙHètÙR¸c) logout
2018-09-07 04:24:59	Del minhtrand19(XeÙHètÙR¸c): quit
2018-09-07 04:25:00	Add minhtrand19(XeÙHètÙR¸c)
2018-09-07 04:25:00	minhtrand19(XeÙHètÙR¸c) sync data from bishop
2018-09-07 04:25:00	minhtrand19(XeÙHètÙR¸c) login
2018-09-07 04:26:43	minhtrand19(XeÙHètÙR¸c) logout
2018-09-07 04:26:43	Del minhtrand19(XeÙHètÙR¸c): quit
2018-09-07 04:26:49	Add minhtrand19(XeÙHètÙR¸c)
2018-09-07 04:26:49	minhtrand19(XeÙHètÙR¸c) sync data from bishop
2018-09-07 04:26:49	minhtrand19(XeÙHètÙR¸c) login
2018-09-07 04:29:49	minhtrand19(XeÙHètÙR¸c) logout
2018-09-07 04:29:49	Del minhtrand19(XeÙHètÙR¸c): quit
2018-09-07 04:29:52	Add minhtrand19(XeÙHètÙR¸c)
2018-09-07 04:29:52	minhtrand19(XeÙHètÙR¸c) sync data from bishop
2018-09-07 04:29:56	minhtrand19(XeÙHètÙR¸c) login
2018-09-07 04:36:05	minhtrand19(XeÙHètÙR¸c) logout
2018-09-07 04:36:05	Del minhtrand19(XeÙHètÙR¸c): quit
2018-09-07 04:36:09	Add minhtrand19(XeÙHètÙR¸c)
2018-09-07 04:36:09	minhtrand19(XeÙHètÙR¸c) sync data from bishop
2018-09-07 04:36:09	minhtrand19(XeÙHètÙR¸c) login
2018-09-07 04:39:46	minhtrand19(XeÙHètÙR¸c) logout
2018-09-07 04:39:46	Del minhtrand19(XeÙHètÙR¸c): quit
2018-09-07 04:39:54	Add minhtrand19(XeÙHètÙR¸c)
2018-09-07 04:39:54	minhtrand19(XeÙHètÙR¸c) sync data from bishop
2018-09-07 04:39:54	minhtrand19(XeÙHètÙR¸c) login
2018-09-07 04:40:10	[ShutdownClient]	Close connection[19] for request.
2018-09-07 04:40:10	gamethu(TaoPh¸GameHaha) logout
2018-09-07 04:40:10	Del gamethu(TaoPh¸GameHaha): quit
2018-09-07 04:41:48	minhtrand19(XeÙHètÙR¸c) logout
2018-09-07 04:41:48	Del minhtrand19(XeÙHètÙR¸c): quit
2018-09-07 04:42:00	Add minhtrand19(XeÙHètÙR¸c)
2018-09-07 04:42:00	minhtrand19(XeÙHètÙR¸c) sync data from bishop
2018-09-07 04:42:00	minhtrand19(XeÙHètÙR¸c) login
2018-09-07 04:53:18	minhtrand19(XeÙHètÙR¸c) logout
2018-09-07 04:53:18	Del minhtrand19(XeÙHètÙR¸c): quit
2018-09-07 04:53:21	Add minhtrand19(XeÙHètÙR¸c)
2018-09-07 04:53:21	minhtrand19(XeÙHètÙR¸c) sync data from bishop
2018-09-07 04:53:21	minhtrand19(XeÙHètÙR¸c) login
2018-09-07 04:59:44	minhtrand19(XeÙHètÙR¸c) logout
2018-09-07 04:59:44	Del minhtrand19(XeÙHètÙR¸c): quit
2018-09-07 04:59:56	Add minhtrand19(XeÙHètÙR¸c)
2018-09-07 04:59:56	minhtrand19(XeÙHètÙR¸c) sync data from bishop
2018-09-07 04:59:56	minhtrand19(XeÙHètÙR¸c) login
2018-09-07 05:04:16	minhtrand19(XeÙHètÙR¸c) logout
2018-09-07 05:04:16	Del minhtrand19(XeÙHètÙR¸c): quit
2018-09-07 05:04:25	Add minhtrand19(XeÙHètÙR¸c)
2018-09-07 05:04:25	minhtrand19(XeÙHètÙR¸c) sync data from bishop
2018-09-07 05:04:25	minhtrand19(XeÙHètÙR¸c) login
2018-09-07 05:07:51	minhtrand19(XeÙHètÙR¸c) logout
2018-09-07 05:07:51	Del minhtrand19(XeÙHètÙR¸c): quit
2018-09-07 05:07:52	Add minhtrand19(XeÙHètÙR¸c)
2018-09-07 05:07:52	minhtrand19(XeÙHètÙR¸c) sync data from bishop
2018-09-07 05:07:52	minhtrand19(XeÙHètÙR¸c) login
2018-09-07 05:13:28	minhtrand19(XeÙHètÙR¸c) logout
2018-09-07 05:13:28	Del minhtrand19(XeÙHètÙR¸c): quit
2018-09-07 05:13:34	Add minhtrand19(XeÙHètÙR¸c)
2018-09-07 05:13:34	minhtrand19(XeÙHètÙR¸c) sync data from bishop
2018-09-07 05:13:34	minhtrand19(XeÙHètÙR¸c) login
2018-09-07 05:14:16	minhtrand19(XeÙHètÙR¸c) logout
2018-09-07 05:14:16	Del minhtrand19(XeÙHètÙR¸c): quit
2018-09-07 05:14:26	Add minhtrand19(XeÙHètÙR¸c)
2018-09-07 05:14:26	minhtrand19(XeÙHètÙR¸c) sync data from bishop
2018-09-07 05:14:26	minhtrand19(XeÙHètÙR¸c) login
2018-09-07 05:15:49	minhtrand19(XeÙHètÙR¸c) logout
2018-09-07 05:15:49	Del minhtrand19(XeÙHètÙR¸c): quit
2018-09-07 05:16:03	Add minhtrand19(XeÙHètÙR¸c)
2018-09-07 05:16:03	minhtrand19(XeÙHètÙR¸c) sync data from bishop
2018-09-07 05:16:03	minhtrand19(XeÙHètÙR¸c) login
2018-09-07 05:18:16	minhtrand19(XeÙHètÙR¸c) logout
2018-09-07 05:18:16	Del minhtrand19(XeÙHètÙR¸c): quit
2018-09-07 05:18:25	Add minhtrand19(XeÙHètÙR¸c)
2018-09-07 05:18:25	minhtrand19(XeÙHètÙR¸c) sync data from bishop
2018-09-07 05:18:26	minhtrand19(XeÙHètÙR¸c) login
2018-09-07 05:22:12	minhtrand19(XeÙHètÙR¸c) logout
2018-09-07 05:22:12	Del minhtrand19(XeÙHètÙR¸c): quit
2018-09-07 05:22:16	Add minhtrand19(XeÙHètÙR¸c)
2018-09-07 05:22:16	minhtrand19(XeÙHètÙR¸c) sync data from bishop
2018-09-07 05:22:17	minhtrand19(XeÙHètÙR¸c) login
2018-09-07 05:23:45	minhtrand19(XeÙHètÙR¸c) logout
2018-09-07 05:23:45	Del minhtrand19(XeÙHètÙR¸c): quit
2018-09-07 05:23:56	Add minhtrand19(XeÙHètÙR¸c)
2018-09-07 05:23:56	minhtrand19(XeÙHètÙR¸c) sync data from bishop
2018-09-07 05:23:56	minhtrand19(XeÙHètÙR¸c) login
2018-09-07 05:25:45	minhtrand19(XeÙHètÙR¸c) logout
2018-09-07 05:25:45	Del minhtrand19(XeÙHètÙR¸c): quit
2018-09-07 05:25:47	Add minhtrand19(XeÙHètÙR¸c)
2018-09-07 05:25:47	minhtrand19(XeÙHètÙR¸c) sync data from bishop
2018-09-07 05:25:47	minhtrand19(XeÙHètÙR¸c) login
2018-09-07 05:26:24	minhtrand19(XeÙHètÙR¸c) logout
2018-09-07 05:26:24	Del minhtrand19(XeÙHètÙR¸c): quit
2018-09-07 05:26:31	Add minhtrand19(XeÙHètÙR¸c)
2018-09-07 05:26:31	minhtrand19(XeÙHètÙR¸c) sync data from bishop
2018-09-07 05:26:31	minhtrand19(XeÙHètÙR¸c) login
2018-09-07 05:30:12	minhtrand19(XeÙHètÙR¸c) logout
2018-09-07 05:30:12	Del minhtrand19(XeÙHètÙR¸c): quit
2018-09-07 05:30:22	Add minhtrand19(XeÙHètÙR¸c)
2018-09-07 05:30:22	minhtrand19(XeÙHètÙR¸c) sync data from bishop
2018-09-07 05:30:22	minhtrand19(XeÙHètÙR¸c) login
2018-09-07 05:33:23	minhtrand19(XeÙHètÙR¸c) logout
2018-09-07 05:33:23	Del minhtrand19(XeÙHètÙR¸c): quit
2018-09-07 05:33:34	Add minhtrand19(XeÙHètÙR¸c)
2018-09-07 05:33:34	minhtrand19(XeÙHètÙR¸c) sync data from bishop
2018-09-07 05:33:36	minhtrand19(XeÙHètÙR¸c) login
2018-09-07 05:38:07	minhtrand19(XeÙHètÙR¸c) logout
2018-09-07 05:38:07	Del minhtrand19(XeÙHètÙR¸c): quit
2018-09-07 05:38:12	Add minhtrand19(XeÙHètÙR¸c)
2018-09-07 05:38:12	minhtrand19(XeÙHètÙR¸c) sync data from bishop
2018-09-07 05:38:13	minhtrand19(XeÙHètÙR¸c) login
2018-09-07 05:41:30	minhtrand19(XeÙHètÙR¸c) logout
2018-09-07 05:41:30	Del minhtrand19(XeÙHètÙR¸c): quit
2018-09-07 05:41:38	Add minhtrand19(XeÙHètÙR¸c)
2018-09-07 05:41:38	minhtrand19(XeÙHètÙR¸c) sync data from bishop
2018-09-07 05:41:39	minhtrand19(XeÙHètÙR¸c) login
2018-09-07 05:43:36	minhtrand19(XeÙHètÙR¸c) logout
2018-09-07 05:43:36	Del minhtrand19(XeÙHètÙR¸c): quit
2018-09-07 05:43:37	Add minhtrand19(XeÙHètÙR¸c)
2018-09-07 05:43:37	minhtrand19(XeÙHètÙR¸c) sync data from bishop
2018-09-07 05:43:37	minhtrand19(XeÙHètÙR¸c) login
2018-09-07 05:44:56	minhtrand19(XeÙHètÙR¸c) logout
2018-09-07 05:44:56	Del minhtrand19(XeÙHètÙR¸c): quit
2018-09-07 05:45:02	Add minhtrand19(XeÙHètÙR¸c)
2018-09-07 05:45:02	minhtrand19(XeÙHètÙR¸c) sync data from bishop
2018-09-07 05:45:02	minhtrand19(XeÙHètÙR¸c) login
2018-09-07 05:46:46	minhtrand19(XeÙHètÙR¸c) logout
2018-09-07 05:46:46	Del minhtrand19(XeÙHètÙR¸c): quit
2018-09-07 05:46:57	Add minhtrand19(XeÙHètÙR¸c)
2018-09-07 05:46:57	minhtrand19(XeÙHètÙR¸c) sync data from bishop
2018-09-07 05:46:57	minhtrand19(XeÙHètÙR¸c) login
2018-09-07 05:50:24	minhtrand19(XeÙHètÙR¸c) logout
2018-09-07 05:50:24	Del minhtrand19(XeÙHètÙR¸c): quit
2018-09-07 05:50:27	Add minhtrand19(XeÙHètÙR¸c)
2018-09-07 05:50:27	minhtrand19(XeÙHètÙR¸c) sync data from bishop
2018-09-07 05:50:28	minhtrand19(XeÙHètÙR¸c) login
2018-09-07 05:54:11	minhtrand19(XeÙHètÙR¸c) logout
2018-09-07 05:54:11	Del minhtrand19(XeÙHètÙR¸c): quit
2018-09-07 05:54:18	Add minhtrand19(XeÙHètÙR¸c)
2018-09-07 05:54:18	minhtrand19(XeÙHètÙR¸c) sync data from bishop
2018-09-07 05:54:18	minhtrand19(XeÙHètÙR¸c) login
2018-09-07 05:55:42	minhtrand19(XeÙHètÙR¸c) logout
2018-09-07 05:55:42	Del minhtrand19(XeÙHètÙR¸c): quit
2018-09-07 05:55:53	Add minhtrand19(XeÙHètÙR¸c)
2018-09-07 05:55:53	minhtrand19(XeÙHètÙR¸c) sync data from bishop
2018-09-07 05:55:53	minhtrand19(XeÙHètÙR¸c) login
2018-09-07 05:59:14	minhtrand19(XeÙHètÙR¸c) logout
2018-09-07 05:59:14	Del minhtrand19(XeÙHètÙR¸c): quit
2018-09-07 05:59:17	Add minhtrand19(XeÙHètÙR¸c)
2018-09-07 05:59:17	minhtrand19(XeÙHètÙR¸c) sync data from bishop
2018-09-07 05:59:17	minhtrand19(XeÙHètÙR¸c) login
2018-09-07 06:00:23	minhtrand19(XeÙHètÙR¸c) logout
2018-09-07 06:00:23	Del minhtrand19(XeÙHètÙR¸c): quit
2018-09-07 06:00:24	Add minhtrand19(XeÙHètÙR¸c)
2018-09-07 06:00:24	minhtrand19(XeÙHètÙR¸c) sync data from bishop
2018-09-07 06:00:24	minhtrand19(XeÙHètÙR¸c) login
2018-09-07 06:01:19	minhtrand19(XeÙHètÙR¸c) logout
2018-09-07 06:01:19	Del minhtrand19(XeÙHètÙR¸c): quit
2018-09-07 06:01:31	Add minhtrand19(XeÙHètÙR¸c)
2018-09-07 06:01:31	minhtrand19(XeÙHètÙR¸c) sync data from bishop
2018-09-07 06:01:31	minhtrand19(XeÙHètÙR¸c) login
2018-09-07 06:02:43	minhtrand19(XeÙHètÙR¸c) logout
2018-09-07 06:02:43	Del minhtrand19(XeÙHètÙR¸c): quit
2018-09-07 06:02:50	Add minhtrand19(XeÙHètÙR¸c)
2018-09-07 06:02:50	minhtrand19(XeÙHètÙR¸c) sync data from bishop
2018-09-07 06:02:50	minhtrand19(XeÙHètÙR¸c) login
2018-09-07 06:09:18	minhtrand19(XeÙHètÙR¸c) logout
2018-09-07 06:09:18	Del minhtrand19(XeÙHètÙR¸c): quit
2018-09-07 06:09:25	Add minhtrand19(XeÙHètÙR¸c)
2018-09-07 06:09:25	minhtrand19(XeÙHètÙR¸c) sync data from bishop
2018-09-07 06:09:25	minhtrand19(XeÙHètÙR¸c) login
2018-09-07 06:10:10	minhtrand19(XeÙHètÙR¸c) logout
2018-09-07 06:10:10	Del minhtrand19(XeÙHètÙR¸c): quit
2018-09-07 06:10:13	Add minhtrand19(XeÙHètÙR¸c)
2018-09-07 06:10:13	minhtrand19(XeÙHètÙR¸c) sync data from bishop
2018-09-07 06:10:13	minhtrand19(XeÙHètÙR¸c) login
2018-09-07 06:16:04	minhtrand19(XeÙHètÙR¸c) logout
2018-09-07 06:16:04	Del minhtrand19(XeÙHètÙR¸c): quit
2018-09-07 06:16:12	Add minhtrand19(XeÙHètÙR¸c)
2018-09-07 06:16:12	minhtrand19(XeÙHètÙR¸c) sync data from bishop
2018-09-07 06:16:12	minhtrand19(XeÙHètÙR¸c) login
2018-09-07 06:19:12	minhtrand19(XeÙHètÙR¸c) logout
2018-09-07 06:19:12	Del minhtrand19(XeÙHètÙR¸c): quit
2018-09-07 06:19:23	Add minhtrand19(XeÙHètÙR¸c)
2018-09-07 06:19:23	minhtrand19(XeÙHètÙR¸c) sync data from bishop
2018-09-07 06:19:23	minhtrand19(XeÙHètÙR¸c) login
2018-09-07 06:21:58	minhtrand19(XeÙHètÙR¸c) logout
2018-09-07 06:21:58	Del minhtrand19(XeÙHètÙR¸c): quit
2018-09-07 06:22:03	Add minhtrand19(XeÙHètÙR¸c)
2018-09-07 06:22:03	minhtrand19(XeÙHètÙR¸c) sync data from bishop
2018-09-07 06:22:03	minhtrand19(XeÙHètÙR¸c) login
2018-09-07 06:22:30	nam92hd(HáaThÇnÙV«Song) logout
2018-09-07 06:22:30	Del nam92hd(HáaThÇnÙV«Song): quit
2018-09-07 06:23:14	nam92hd2(PhongÙThÇn) logout
2018-09-07 06:23:14	Del nam92hd2(PhongÙThÇn): quit
2018-09-07 06:23:39	nam92hd1(ThÇnÙT¨ng) logout
2018-09-07 06:23:39	Del nam92hd1(ThÇnÙT¨ng): quit
2018-09-07 06:24:17	nam92hd3(ThiªnÙ§ŞaÙV«ÙCùc) logout
2018-09-07 06:24:17	Del nam92hd3(ThiªnÙ§ŞaÙV«ÙCùc): quit
2018-09-07 06:24:49	nam92hd5(CuÙChäcÙNg­îc) logout
2018-09-07 06:24:49	Del nam92hd5(CuÙChäcÙNg­îc): quit
2018-09-07 06:25:00	minhtrand19(XeÙHètÙR¸c) logout
2018-09-07 06:25:00	Del minhtrand19(XeÙHètÙR¸c): quit
2018-09-07 06:25:03	Add minhtrand19(XeÙHètÙR¸c)
2018-09-07 06:25:03	minhtrand19(XeÙHètÙR¸c) sync data from bishop
2018-09-07 06:25:03	minhtrand19(XeÙHètÙR¸c) login
2018-09-07 06:25:25	nam92hd4(HoaÙR¬iÙCöaÙPhËt) logout
2018-09-07 06:25:25	Del nam92hd4(HoaÙR¬iÙCöaÙPhËt): quit
2018-09-07 06:27:22	minhtrand19(XeÙHètÙR¸c) logout
2018-09-07 06:27:22	Del minhtrand19(XeÙHètÙR¸c): quit
2018-09-07 06:27:24	Add minhtrand19(XeÙHètÙR¸c)
2018-09-07 06:27:24	minhtrand19(XeÙHètÙR¸c) sync data from bishop
2018-09-07 06:27:24	minhtrand19(XeÙHètÙR¸c) login
2018-09-07 06:31:44	minhtrand19(XeÙHètÙR¸c) logout
2018-09-07 06:31:44	Del minhtrand19(XeÙHètÙR¸c): quit
2018-09-07 06:31:47	Add minhtrand19(XeÙHètÙR¸c)
2018-09-07 06:31:47	minhtrand19(XeÙHètÙR¸c) sync data from bishop
2018-09-07 06:31:47	minhtrand19(XeÙHètÙR¸c) login
2018-09-07 06:32:26	minhtrand19(XeÙHètÙR¸c) logout
2018-09-07 06:32:26	Del minhtrand19(XeÙHètÙR¸c): quit
2018-09-07 06:32:27	Add minhtrand19(XeÙHètÙR¸c)
2018-09-07 06:32:27	minhtrand19(XeÙHètÙR¸c) sync data from bishop
2018-09-07 06:32:27	minhtrand19(XeÙHètÙR¸c) login
2018-09-07 06:35:00	minhtrand19(XeÙHètÙR¸c) logout
2018-09-07 06:35:00	Del minhtrand19(XeÙHètÙR¸c): quit
2018-09-07 06:35:15	Add minhtrand19(XeÙHètÙR¸c)
2018-09-07 06:35:15	minhtrand19(XeÙHètÙR¸c) sync data from bishop
2018-09-07 06:35:15	minhtrand19(XeÙHètÙR¸c) login
2018-09-07 06:38:20	namhai01(MaPhongBa) logout
2018-09-07 06:38:20	Del namhai01(MaPhongBa): quit
2018-09-07 06:38:25	namhai06(namhai06) logout
2018-09-07 06:38:25	Del namhai06(namhai06): quit
2018-09-07 06:38:29	namhai05(namhai05) logout
2018-09-07 06:38:29	Del namhai05(namhai05): quit
2018-09-07 06:38:30	minhtrand19(XeÙHètÙR¸c) logout
2018-09-07 06:38:30	Del minhtrand19(XeÙHètÙR¸c): quit
2018-09-07 06:38:33	namhai04(namhai04) logout
2018-09-07 06:38:33	Del namhai04(namhai04): quit
2018-09-07 06:38:33	Add minhtrand19(XeÙHètÙR¸c)
2018-09-07 06:38:33	minhtrand19(XeÙHètÙR¸c) sync data from bishop
2018-09-07 06:38:33	minhtrand19(XeÙHètÙR¸c) login
2018-09-07 06:38:41	namhai003(namhai03) logout
2018-09-07 06:38:41	Del namhai003(namhai03): quit
2018-09-07 06:38:53	Add namhai01(MaPhongBa)
2018-09-07 06:38:53	namhai01(MaPhongBa) sync data from bishop
2018-09-07 06:38:53	namhai01(MaPhongBa) login
2018-09-07 06:39:18	Add namhai02(namhai02)
2018-09-07 06:39:18	namhai02(namhai02) sync data from bishop
2018-09-07 06:39:18	namhai02(namhai02) login
2018-09-07 06:39:27	minhtrand19(XeÙHètÙR¸c) logout
2018-09-07 06:39:27	Del minhtrand19(XeÙHètÙR¸c): quit
2018-09-07 06:39:33	Add minhtrand19(XeÙHètÙR¸c)
2018-09-07 06:39:33	minhtrand19(XeÙHètÙR¸c) sync data from bishop
2018-09-07 06:39:33	minhtrand19(XeÙHètÙR¸c) login
2018-09-07 06:39:46	Add namhai003(namhai03)
2018-09-07 06:39:46	namhai003(namhai03) sync data from bishop
2018-09-07 06:39:46	namhai003(namhai03) login
2018-09-07 06:40:11	Add namhai04(namhai04)
2018-09-07 06:40:11	namhai04(namhai04) sync data from bishop
2018-09-07 06:40:11	namhai04(namhai04) login
2018-09-07 06:40:20	minhtrand19(XeÙHètÙR¸c) logout
2018-09-07 06:40:20	Del minhtrand19(XeÙHètÙR¸c): quit
2018-09-07 06:40:22	Add minhtrand19(XeÙHètÙR¸c)
2018-09-07 06:40:22	minhtrand19(XeÙHètÙR¸c) sync data from bishop
2018-09-07 06:40:23	minhtrand19(XeÙHètÙR¸c) login
2018-09-07 06:40:38	Add namhai05(namhai05)
2018-09-07 06:40:38	namhai05(namhai05) sync data from bishop
2018-09-07 06:40:38	namhai05(namhai05) login
2018-09-07 06:41:01	Add namhai06(namhai06)
2018-09-07 06:41:01	namhai06(namhai06) sync data from bishop
2018-09-07 06:41:01	namhai06(namhai06) login
2018-09-07 06:41:27	minhtrand19(XeÙHètÙR¸c) logout
2018-09-07 06:41:27	Del minhtrand19(XeÙHètÙR¸c): quit
2018-09-07 06:41:30	Add minhtrand19(XeÙHètÙR¸c)
2018-09-07 06:41:30	minhtrand19(XeÙHètÙR¸c) sync data from bishop
2018-09-07 06:41:31	minhtrand19(XeÙHètÙR¸c) login
2018-09-07 06:42:37	minhtrand19(XeÙHètÙR¸c) logout
2018-09-07 06:42:37	Del minhtrand19(XeÙHètÙR¸c): quit
2018-09-07 06:42:38	Add minhtrand19(XeÙHètÙR¸c)
2018-09-07 06:42:38	minhtrand19(XeÙHètÙR¸c) sync data from bishop
2018-09-07 06:42:38	minhtrand19(XeÙHètÙR¸c) login
2018-09-07 06:43:40	minhtrand19(XeÙHètÙR¸c) logout
2018-09-07 06:43:40	Del minhtrand19(XeÙHètÙR¸c): quit
2018-09-07 06:43:41	Add minhtrand19(XeÙHètÙR¸c)
2018-09-07 06:43:41	minhtrand19(XeÙHètÙR¸c) sync data from bishop
2018-09-07 06:43:41	minhtrand19(XeÙHètÙR¸c) login
2018-09-07 06:44:59	minhtrand19(XeÙHètÙR¸c) logout
2018-09-07 06:44:59	Del minhtrand19(XeÙHètÙR¸c): quit
2018-09-07 06:45:11	Add minhtrand19(XeÙHètÙR¸c)
2018-09-07 06:45:11	minhtrand19(XeÙHètÙR¸c) sync data from bishop
2018-09-07 06:45:12	minhtrand19(XeÙHètÙR¸c) login
2018-09-07 06:45:48	minhtrand19(XeÙHètÙR¸c) logout
2018-09-07 06:45:48	Del minhtrand19(XeÙHètÙR¸c): quit
2018-09-07 06:45:53	Add minhtrand19(XeÙHètÙR¸c)
2018-09-07 06:45:53	minhtrand19(XeÙHètÙR¸c) sync data from bishop
2018-09-07 06:45:53	minhtrand19(XeÙHètÙR¸c) login
2018-09-07 06:46:58	minhtrand19(XeÙHètÙR¸c) logout
2018-09-07 06:46:58	Del minhtrand19(XeÙHètÙR¸c): quit
2018-09-07 06:47:03	Add minhtrand19(XeÙHètÙR¸c)
2018-09-07 06:47:03	minhtrand19(XeÙHètÙR¸c) sync data from bishop
2018-09-07 06:47:04	minhtrand19(XeÙHètÙR¸c) login
2018-09-07 06:48:31	minhtrand19(XeÙHètÙR¸c) logout
2018-09-07 06:48:31	Del minhtrand19(XeÙHètÙR¸c): quit
2018-09-07 06:48:37	Add minhtrand19(XeÙHètÙR¸c)
2018-09-07 06:48:37	minhtrand19(XeÙHètÙR¸c) sync data from bishop
2018-09-07 06:48:38	minhtrand19(XeÙHètÙR¸c) login
2018-09-07 06:49:39	minhtrand19(XeÙHètÙR¸c) logout
2018-09-07 06:49:39	Del minhtrand19(XeÙHètÙR¸c): quit
2018-09-07 06:49:45	Add minhtrand19(XeÙHètÙR¸c)
2018-09-07 06:49:45	minhtrand19(XeÙHètÙR¸c) sync data from bishop
2018-09-07 06:49:45	minhtrand19(XeÙHètÙR¸c) login
2018-09-07 06:58:02	minhtrand19(XeÙHètÙR¸c) logout
2018-09-07 06:58:02	Del minhtrand19(XeÙHètÙR¸c): quit
2018-09-07 06:58:11	Add minhtrand19(XeÙHètÙR¸c)
2018-09-07 06:58:11	minhtrand19(XeÙHètÙR¸c) sync data from bishop
2018-09-07 06:58:12	minhtrand19(XeÙHètÙR¸c) login
2018-09-07 07:00:51	minhtrand19(XeÙHètÙR¸c) logout
2018-09-07 07:00:51	Del minhtrand19(XeÙHètÙR¸c): quit
2018-09-07 07:00:52	Add minhtrand19(XeÙHètÙR¸c)
2018-09-07 07:00:52	minhtrand19(XeÙHètÙR¸c) sync data from bishop
2018-09-07 07:00:53	minhtrand19(XeÙHètÙR¸c) login
2018-09-07 07:01:51	minhtrand19(XeÙHètÙR¸c) logout
2018-09-07 07:01:51	Del minhtrand19(XeÙHètÙR¸c): quit
2018-09-07 07:02:00	Add minhtrand19(XeÙHètÙR¸c)
2018-09-07 07:02:00	minhtrand19(XeÙHètÙR¸c) sync data from bishop
2018-09-07 07:02:00	minhtrand19(XeÙHètÙR¸c) login
2018-09-07 07:07:19	minhtrand19(XeÙHètÙR¸c) logout
2018-09-07 07:07:19	Del minhtrand19(XeÙHètÙR¸c): quit
2018-09-07 07:07:33	Add minhtrand19(XeÙHètÙR¸c)
2018-09-07 07:07:33	minhtrand19(XeÙHètÙR¸c) sync data from bishop
2018-09-07 07:07:33	minhtrand19(XeÙHètÙR¸c) login
2018-09-07 07:09:00	minhtrand19(XeÙHètÙR¸c) logout
2018-09-07 07:09:00	Del minhtrand19(XeÙHètÙR¸c): quit
2018-09-07 07:09:02	Add minhtrand19(XeÙHètÙR¸c)
2018-09-07 07:09:02	minhtrand19(XeÙHètÙR¸c) sync data from bishop
2018-09-07 07:09:02	minhtrand19(XeÙHètÙR¸c) login
2018-09-07 07:09:59	minhtrand19(XeÙHètÙR¸c) logout
2018-09-07 07:09:59	Del minhtrand19(XeÙHètÙR¸c): quit
2018-09-07 07:10:08	Add minhtrand19(XeÙHètÙR¸c)
2018-09-07 07:10:08	minhtrand19(XeÙHètÙR¸c) sync data from bishop
2018-09-07 07:10:09	minhtrand19(XeÙHètÙR¸c) login
2018-09-07 07:16:29	minhtrand19(XeÙHètÙR¸c) logout
2018-09-07 07:16:29	Del minhtrand19(XeÙHètÙR¸c): quit
2018-09-07 07:16:30	Add minhtrand19(XeÙHètÙR¸c)
2018-09-07 07:16:30	minhtrand19(XeÙHètÙR¸c) sync data from bishop
2018-09-07 07:16:30	minhtrand19(XeÙHètÙR¸c) login
2018-09-07 07:18:31	minhtrand19(XeÙHètÙR¸c) logout
2018-09-07 07:18:31	Del minhtrand19(XeÙHètÙR¸c): quit
2018-09-07 07:18:42	Add minhtrand19(XeÙHètÙR¸c)
2018-09-07 07:18:42	minhtrand19(XeÙHètÙR¸c) sync data from bishop
2018-09-07 07:18:42	minhtrand19(XeÙHètÙR¸c) login
2018-09-07 07:20:19	minhtrand19(XeÙHètÙR¸c) logout
2018-09-07 07:20:19	Del minhtrand19(XeÙHètÙR¸c): quit
2018-09-07 07:20:20	Add minhtrand19(XeÙHètÙR¸c)
2018-09-07 07:20:20	minhtrand19(XeÙHètÙR¸c) sync data from bishop
2018-09-07 07:20:20	minhtrand19(XeÙHètÙR¸c) login
2018-09-07 07:23:23	minhtrand19(XeÙHètÙR¸c) logout
2018-09-07 07:23:23	Del minhtrand19(XeÙHètÙR¸c): quit
2018-09-07 07:23:24	Add minhtrand19(XeÙHètÙR¸c)
2018-09-07 07:23:24	minhtrand19(XeÙHètÙR¸c) sync data from bishop
2018-09-07 07:23:24	minhtrand19(XeÙHètÙR¸c) login
2018-09-07 07:28:51	[ShutdownClient]	Kick Out, ReasonId (7) 2018-09-07 07:28:51	luukt53(NgoalongVD) logout
2018-09-07 07:28:51	Del luukt53(NgoalongVD): quit
2018-09-07 07:28:58	Add luukt53(NgoalongVD)
2018-09-07 07:28:58	luukt53(NgoalongVD) sync data from bishop
2018-09-07 07:28:58	luukt53(NgoalongVD) login
2018-09-07 07:30:44	minhtrand19(XeÙHètÙR¸c) logout
2018-09-07 07:30:44	Del minhtrand19(XeÙHètÙR¸c): quit
2018-09-07 07:30:45	Add minhtrand19(XeÙHètÙR¸c)
2018-09-07 07:30:45	minhtrand19(XeÙHètÙR¸c) sync data from bishop
2018-09-07 07:30:45	minhtrand19(XeÙHètÙR¸c) login
2018-09-07 07:34:21	minhtrand19(XeÙHètÙR¸c) logout
2018-09-07 07:34:21	Del minhtrand19(XeÙHètÙR¸c): quit
2018-09-07 07:34:23	Add minhtrand19(XeÙHètÙR¸c)
2018-09-07 07:34:23	minhtrand19(XeÙHètÙR¸c) sync data from bishop
2018-09-07 07:34:23	minhtrand19(XeÙHètÙR¸c) login
2018-09-07 07:36:29	minhtrand19(XeÙHètÙR¸c) logout
2018-09-07 07:36:29	Del minhtrand19(XeÙHètÙR¸c): quit
2018-09-07 07:36:37	Add minhtrand19(XeÙHètÙR¸c)
2018-09-07 07:36:37	minhtrand19(XeÙHètÙR¸c) sync data from bishop
2018-09-07 07:36:38	minhtrand19(XeÙHètÙR¸c) login
2018-09-07 07:40:14	minhtrand19(XeÙHètÙR¸c) logout
2018-09-07 07:40:14	Del minhtrand19(XeÙHètÙR¸c): quit
2018-09-07 07:40:23	Add minhtrand19(XeÙHètÙR¸c)
2018-09-07 07:40:23	minhtrand19(XeÙHètÙR¸c) sync data from bishop
2018-09-07 07:40:23	minhtrand19(XeÙHètÙR¸c) login
2018-09-07 07:41:31	Add vunguyen1988(111111111)
2018-09-07 07:41:31	vunguyen1988(111111111) sync data from bishop
2018-09-07 07:41:31	vunguyen1988(111111111) login
2018-09-07 07:42:14	Add vunguyen1984(BinBin)
2018-09-07 07:42:14	vunguyen1984(BinBin) sync data from bishop
2018-09-07 07:42:14	vunguyen1984(BinBin) login
2018-09-07 07:43:14	minhtrand19(XeÙHètÙR¸c) logout
2018-09-07 07:43:14	Del minhtrand19(XeÙHètÙR¸c): quit
2018-09-07 07:43:22	Add minhtrand19(XeÙHètÙR¸c)
2018-09-07 07:43:22	minhtrand19(XeÙHètÙR¸c) sync data from bishop
2018-09-07 07:43:22	minhtrand19(XeÙHètÙR¸c) login
2018-09-07 07:46:39	minhtrand19(XeÙHètÙR¸c) logout
2018-09-07 07:46:39	Del minhtrand19(XeÙHètÙR¸c): quit
2018-09-07 07:46:45	Add minhtrand19(XeÙHètÙR¸c)
2018-09-07 07:46:45	minhtrand19(XeÙHètÙR¸c) sync data from bishop
2018-09-07 07:46:46	minhtrand19(XeÙHètÙR¸c) login
2018-09-07 07:54:30	minhtrand19(XeÙHètÙR¸c) logout
2018-09-07 07:54:30	Del minhtrand19(XeÙHètÙR¸c): quit
2018-09-07 07:54:31	Add minhtrand19(XeÙHètÙR¸c)
2018-09-07 07:54:31	minhtrand19(XeÙHètÙR¸c) sync data from bishop
2018-09-07 07:54:31	minhtrand19(XeÙHètÙR¸c) login
2018-09-07 08:06:02	vunguyen1988(111111111) logout
2018-09-07 08:06:02	Del vunguyen1988(111111111): quit
2018-09-07 08:17:13	Add bando(HDÙMÑThiªnH¹)
2018-09-07 08:17:13	bando(HDÙMÑThiªnH¹) sync data from bishop
2018-09-07 08:17:13	bando(HDÙMÑThiªnH¹) login
2018-09-07 08:30:37	[ShutdownClient]	no response from client ID:131(Loop:384131, PingTime:382131), kill it...
2018-09-07 08:30:37	bando(HDÙMÑThiªnH¹) logout
2018-09-07 08:30:37	Del bando(HDÙMÑThiªnH¹): quit
2018-09-07 08:57:24	vunguyen1984(BinBin) logout
2018-09-07 08:57:24	Del vunguyen1984(BinBin): quit
2018-09-07 09:01:39	Add timlaivohien(EyeSmile)
2018-09-07 09:01:39	timlaivohien(EyeSmile) sync data from bishop
2018-09-07 09:01:39	timlaivohien(EyeSmile) login
2018-09-07 09:05:18	Add timlaivohien1(EyeSmile2)
2018-09-07 09:05:18	timlaivohien1(EyeSmile2) sync data from bishop
2018-09-07 09:05:19	timlaivohien1(EyeSmile2) login
2018-09-07 09:06:09	[ShutdownClient]	Close connection[9] for request.
2018-09-07 09:06:09	timlaivohien1(EyeSmile2) logout
2018-09-07 09:06:09	Del timlaivohien1(EyeSmile2): quit
2018-09-07 09:06:19	Add timlaivohien2(EyeSmile6)
2018-09-07 09:06:19	timlaivohien2(EyeSmile6) sync data from bishop
2018-09-07 09:06:19	timlaivohien2(EyeSmile6) login
2018-09-07 09:06:53	[ShutdownClient]	Close connection[9] for request.
2018-09-07 09:06:53	timlaivohien2(EyeSmile6) logout
2018-09-07 09:06:53	Del timlaivohien2(EyeSmile6): quit
2018-09-07 09:07:02	Add timlaivohien3(EyeSmile7)
2018-09-07 09:07:02	timlaivohien3(EyeSmile7) sync data from bishop
2018-09-07 09:07:02	timlaivohien3(EyeSmile7) login
2018-09-07 09:07:29	timlaivohien3(EyeSmile7) logout
2018-09-07 09:07:29	Del timlaivohien3(EyeSmile7): quit
2018-09-07 09:29:09	[ShutdownClient]	Close connection[1] for request.
2018-09-07 09:29:09	timlaivohien(EyeSmile) logout
2018-09-07 09:29:09	Del timlaivohien(EyeSmile): quit
2018-09-07 09:29:18	Add bando(HDÙMÑThiªnH¹)
2018-09-07 09:29:18	bando(HDÙMÑThiªnH¹) sync data from bishop
2018-09-07 09:29:18	bando(HDÙMÑThiªnH¹) login
2018-09-07 09:29:27	bando(HDÙMÑThiªnH¹) logout
2018-09-07 09:29:27	Del bando(HDÙMÑThiªnH¹): quit
2018-09-07 09:29:35	Add bando(HDÙMÑThiªnH¹)
2018-09-07 09:29:35	bando(HDÙMÑThiªnH¹) sync data from bishop
2018-09-07 09:29:35	bando(HDÙMÑThiªnH¹) login
2018-09-07 09:29:37	Add timlaivohien(121324)
2018-09-07 09:29:37	timlaivohien(121324) sync data from bishop
2018-09-07 09:29:37	timlaivohien(121324) login
2018-09-07 09:36:29	Add bomsin03(§anTr­êng)
2018-09-07 09:36:29	bomsin03(§anTr­êng) sync data from bishop
2018-09-07 09:36:29	bomsin03(§anTr­êng) login
2018-09-07 09:39:30	[ShutdownClient]	Kick Out, ReasonId (7) 2018-09-07 09:39:30	timlaivohien(121324) logout
2018-09-07 09:39:30	Del timlaivohien(121324): quit
2018-09-07 09:39:35	Add timlaivohien(121324)
2018-09-07 09:39:35	timlaivohien(121324) sync data from bishop
2018-09-07 09:39:35	timlaivohien(121324) login
2018-09-07 09:43:42	[ShutdownClient]	Kick Out, ReasonId (7) 2018-09-07 09:43:42	timlaivohien(121324) logout
2018-09-07 09:43:42	Del timlaivohien(121324): quit
2018-09-07 09:43:48	Add timlaivohien(121324)
2018-09-07 09:43:48	timlaivohien(121324) sync data from bishop
2018-09-07 09:43:48	timlaivohien(121324) login
2018-09-07 09:47:21	timlaivohien(121324) logout
2018-09-07 09:47:21	Del timlaivohien(121324): quit
2018-09-07 09:47:30	bomsin03(§anTr­êng) logout
2018-09-07 09:47:30	Del bomsin03(§anTr­êng): quit
2018-09-07 09:47:44	Add bomsin03(§anTr­êng)
2018-09-07 09:47:44	bomsin03(§anTr­êng) sync data from bishop
2018-09-07 09:47:45	bomsin03(§anTr­êng) login
2018-09-07 09:48:01	Add gcity01(nvmoi02)
2018-09-07 09:48:01	gcity01(nvmoi02) sync data from bishop
2018-09-07 09:48:01	gcity01(nvmoi02) login
2018-09-07 09:48:40	Add gcity02(5docne)
2018-09-07 09:48:40	gcity02(5docne) sync data from bishop
2018-09-07 09:48:40	gcity02(5docne) login
2018-09-07 09:48:57	[ShutdownClient]	Close connection[15] for request.
2018-09-07 09:48:57	gcity02(5docne) logout
2018-09-07 09:48:57	Del gcity02(5docne): quit
2018-09-07 09:49:02	Add gcity02(nvmoi03)
2018-09-07 09:49:02	gcity02(nvmoi03) sync data from bishop
2018-09-07 09:49:02	gcity02(nvmoi03) login
2018-09-07 09:49:12	[ShutdownClient]	Close connection[15] for request.
2018-09-07 09:49:12	gcity02(nvmoi03) logout
2018-09-07 09:49:12	Del gcity02(nvmoi03): quit
2018-09-07 09:49:16	Add gcity02(5docne)
2018-09-07 09:49:16	gcity02(5docne) sync data from bishop
2018-09-07 09:49:16	gcity02(5docne) login
2018-09-07 09:49:26	Add gcity03(nvmoi04)
2018-09-07 09:49:26	gcity03(nvmoi04) sync data from bishop
2018-09-07 09:49:26	gcity03(nvmoi04) login
2018-09-07 09:50:15	Add gcity04(nvmoi01)
2018-09-07 09:50:15	gcity04(nvmoi01) sync data from bishop
2018-09-07 09:50:15	gcity04(nvmoi01) login
2018-09-07 09:50:25	Add gcity05(nvmoi05)
2018-09-07 09:50:25	gcity05(nvmoi05) sync data from bishop
2018-09-07 09:50:26	gcity05(nvmoi05) login
2018-09-07 09:50:38	Add gcity06(nvmoi06)
2018-09-07 09:50:38	gcity06(nvmoi06) sync data from bishop
2018-09-07 09:50:38	gcity06(nvmoi06) login
2018-09-07 09:55:43	unlock911(Unlock911) logout
2018-09-07 09:55:43	Del unlock911(Unlock911): quit
2018-09-07 09:55:45	unlock912(Unlock912) logout
2018-09-07 09:55:45	Del unlock912(Unlock912): quit
2018-09-07 09:56:05	Add unlock911(Unlock911)
2018-09-07 09:56:05	unlock911(Unlock911) sync data from bishop
2018-09-07 09:56:05	unlock911(Unlock911) login
2018-09-07 09:56:57	Add unlock912(Unlock912)
2018-09-07 09:56:57	unlock912(Unlock912) sync data from bishop
2018-09-07 09:56:57	unlock912(Unlock912) login
2018-09-07 09:58:45	bomsin03(§anTr­êng) logout
2018-09-07 09:58:45	Del bomsin03(§anTr­êng): quit
2018-09-07 10:05:50	bando(HDÙMÑThiªnH¹) logout
2018-09-07 10:05:50	Del bando(HDÙMÑThiªnH¹): quit
2018-09-07 10:05:56	Add bando(HDÙMÑThiªnH¹)
2018-09-07 10:05:56	bando(HDÙMÑThiªnH¹) sync data from bishop
2018-09-07 10:05:56	bando(HDÙMÑThiªnH¹) login
2018-09-07 10:07:10	Add banhang1(1234566789)
2018-09-07 10:07:10	banhang1(1234566789) sync data from bishop
2018-09-07 10:07:10	banhang1(1234566789) login
2018-09-07 10:15:17	Add tranvinh02(HuúnhÙNi)
2018-09-07 10:15:17	tranvinh02(HuúnhÙNi) sync data from bishop
2018-09-07 10:15:17	tranvinh02(HuúnhÙNi) login
2018-09-07 10:16:00	tranvinh02(HuúnhÙNi) offline live
2018-09-07 10:19:16	[ShutdownClient]	Close connection[15] for request.
2018-09-07 10:19:16	gcity02(5docne) logout
2018-09-07 10:19:16	Del gcity02(5docne): quit
2018-09-07 10:19:46	[ShutdownClient]	Close connection[7] for request.
2018-09-07 10:19:46	gcity03(nvmoi04) logout
2018-09-07 10:19:46	Del gcity03(nvmoi04): quit
2018-09-07 10:19:55	[ShutdownClient]	Close connection[19] for request.
2018-09-07 10:19:55	gcity04(nvmoi01) logout
2018-09-07 10:19:55	Del gcity04(nvmoi01): quit
2018-09-07 10:20:02	[ShutdownClient]	Close connection[9] for request.
2018-09-07 10:20:02	gcity01(nvmoi02) logout
2018-09-07 10:20:02	Del gcity01(nvmoi02): quit
2018-09-07 10:20:10	[ShutdownClient]	Close connection[35] for request.
2018-09-07 10:20:10	gcity05(nvmoi05) logout
2018-09-07 10:20:10	Del gcity05(nvmoi05): quit
2018-09-07 10:20:14	[ShutdownClient]	Close connection[36] for request.
2018-09-07 10:20:14	gcity06(nvmoi06) logout
2018-09-07 10:20:14	Del gcity06(nvmoi06): quit
2018-09-07 10:23:16	banhang1(1234566789) offline live
2018-09-07 10:23:35	Add hieuham1996(TriÖuÙTöÙLong)
2018-09-07 10:23:35	hieuham1996(TriÖuÙTöÙLong) sync data from bishop
2018-09-07 10:23:35	hieuham1996(TriÖuÙTöÙLong) login
2018-09-07 10:23:44	hieuham1996(TriÖuÙTöÙLong) offline live
2018-09-07 10:23:55	Add kingvl4(HDÙbuff)
2018-09-07 10:23:55	kingvl4(HDÙbuff) sync data from bishop
2018-09-07 10:23:55	kingvl4(HDÙbuff) login
2018-09-07 10:24:41	kingvl4(HDÙbuff) offline live
2018-09-07 10:24:58	Add thoakhungz1(§ÇuÙTräcÙ9ÙChÊm)
2018-09-07 10:24:58	thoakhungz1(§ÇuÙTräcÙ9ÙChÊm) sync data from bishop
2018-09-07 10:24:58	thoakhungz1(§ÇuÙTräcÙ9ÙChÊm) login
2018-09-07 10:25:21	thoakhungz1(§ÇuÙTräcÙ9ÙChÊm) offline live
2018-09-07 10:25:28	Add thoakhungz2(ThİchÙ¡nÙ§¹pÙKo)
2018-09-07 10:25:28	thoakhungz2(ThİchÙ¡nÙ§¹pÙKo) sync data from bishop
2018-09-07 10:25:28	thoakhungz2(ThİchÙ¡nÙ§¹pÙKo) login
2018-09-07 10:25:38	thoakhungz2(ThİchÙ¡nÙ§¹pÙKo) offline live
2018-09-07 10:25:56	Add thoakhungz3(HoaÙR¬iÙCængÙChî)
2018-09-07 10:25:56	thoakhungz3(HoaÙR¬iÙCængÙChî) sync data from bishop
2018-09-07 10:25:57	thoakhungz3(HoaÙR¬iÙCængÙChî) login
2018-09-07 10:26:05	thoakhungz3(HoaÙR¬iÙCængÙChî) offline live
2018-09-07 10:26:12	Add thoakhungz4(ThöÙ§ôngÙTaoÙ§i)
2018-09-07 10:26:12	thoakhungz4(ThöÙ§ôngÙTaoÙ§i) sync data from bishop
2018-09-07 10:26:13	thoakhungz4(ThöÙ§ôngÙTaoÙ§i) login
2018-09-07 10:26:26	thoakhungz4(ThöÙ§ôngÙTaoÙ§i) offline live
2018-09-07 10:26:33	Add thoakhungz5(§õngÙChäcÙTao)
2018-09-07 10:26:33	thoakhungz5(§õngÙChäcÙTao) sync data from bishop
2018-09-07 10:26:33	thoakhungz5(§õngÙChäcÙTao) login
2018-09-07 10:26:49	thoakhungz5(§õngÙChäcÙTao) offline live
2018-09-07 10:26:56	Add thoakhungz6(CùcÙKúÙBèÙL¸o)
2018-09-07 10:26:56	thoakhungz6(CùcÙKúÙBèÙL¸o) sync data from bishop
2018-09-07 10:26:56	thoakhungz6(CùcÙKúÙBèÙL¸o) login
2018-09-07 10:28:37	thoakhungz6(CùcÙKúÙBèÙL¸o) offline live
2018-09-07 10:28:47	Add thoakhungz7(BuffBïa)
2018-09-07 10:28:47	thoakhungz7(BuffBïa) sync data from bishop
2018-09-07 10:28:47	thoakhungz7(BuffBïa) login
2018-09-07 10:29:01	thoakhungz7(BuffBïa) offline live
2018-09-07 10:29:37	kingvl4(HDÙbuff) logout
2018-09-07 10:29:37	kingvl4(HDÙbuff) offline kickout
2018-09-07 10:29:37	Del kingvl4(HDÙbuff): quit
2018-09-07 10:29:38	Add kingvl4(HDÙbuff)
2018-09-07 10:29:38	kingvl4(HDÙbuff) sync data from bishop
2018-09-07 10:29:38	kingvl4(HDÙbuff) login
2018-09-07 10:32:43	[ShutdownClient]	no response from client ID:2(Loop:516002, PingTime:514002), kill it...
2018-09-07 10:32:43	luukt54(NgoalongNM) logout
2018-09-07 10:32:43	Del luukt54(NgoalongNM): quit
2018-09-07 10:32:43	[ShutdownClient]	no response from client ID:3(Loop:516003, PingTime:514003), kill it...
2018-09-07 10:32:43	luukt51(NgoaLongTN) logout
2018-09-07 10:32:43	Del luukt51(NgoaLongTN): quit
2018-09-07 10:32:44	[ShutdownClient]	no response from client ID:12(Loop:516012, PingTime:514012), kill it...
2018-09-07 10:32:44	luukt55(NgoalongCB) logout
2018-09-07 10:32:44	Del luukt55(NgoalongCB): quit
2018-09-07 10:32:44	[ShutdownClient]	no response from client ID:13(Loop:516013, PingTime:514013), kill it...
2018-09-07 10:32:44	luukt56(NgoalongND) logout
2018-09-07 10:32:44	Del luukt56(NgoalongND): quit
2018-09-07 10:32:44	[ShutdownClient]	no response from client ID:20(Loop:516020, PingTime:514020), kill it...
2018-09-07 10:32:44	luukt52(NgoalongTN) logout
2018-09-07 10:32:44	Del luukt52(NgoalongTN): quit
2018-09-07 10:32:50	[ShutdownClient]	no response from client ID:121(Loop:516121, PingTime:514121), kill it...
2018-09-07 10:32:50	luukt53(NgoalongVD) logout
2018-09-07 10:32:50	Del luukt53(NgoalongVD): quit
2018-09-07 10:33:09	minhtrand19(XeÙHètÙR¸c) logout
2018-09-07 10:33:09	Del minhtrand19(XeÙHètÙR¸c): quit
2018-09-07 10:34:37	Add luukt51(NgoaLongTN)
2018-09-07 10:34:37	luukt51(NgoaLongTN) sync data from bishop
2018-09-07 10:34:37	luukt51(NgoaLongTN) login
2018-09-07 10:34:37	Add luukt54(NgoalongNM)
2018-09-07 10:34:37	luukt54(NgoalongNM) sync data from bishop
2018-09-07 10:34:37	luukt54(NgoalongNM) login
2018-09-07 10:34:40	Add luukt53(NgoalongVD)
2018-09-07 10:34:40	luukt53(NgoalongVD) sync data from bishop
2018-09-07 10:34:40	luukt53(NgoalongVD) login
2018-09-07 10:34:40	Add luukt56(NgoalongND)
2018-09-07 10:34:40	luukt56(NgoalongND) sync data from bishop
2018-09-07 10:34:40	Add luukt55(NgoalongCB)
2018-09-07 10:34:40	luukt55(NgoalongCB) sync data from bishop
2018-09-07 10:34:40	luukt56(NgoalongND) login
2018-09-07 10:34:40	luukt55(NgoalongCB) login
2018-09-07 10:34:40	Add luukt52(NgoalongTN)
2018-09-07 10:34:40	luukt52(NgoalongTN) sync data from bishop
2018-09-07 10:34:40	luukt52(NgoalongTN) login
2018-09-07 10:35:55	Add gcity02(5docne)
2018-09-07 10:35:55	gcity02(5docne) sync data from bishop
2018-09-07 10:35:56	gcity02(5docne) login
2018-09-07 10:36:31	kingvl4(HDÙbuff) offline live
2018-09-07 10:36:58	Add kingvl2(HDÙSÇuThiªnThu)
2018-09-07 10:36:58	kingvl2(HDÙSÇuThiªnThu) sync data from bishop
2018-09-07 10:36:58	kingvl2(HDÙSÇuThiªnThu) login
2018-09-07 10:41:43	gcity02(5docne) logout
2018-09-07 10:41:43	Del gcity02(5docne): quit
2018-09-07 10:42:11	kingvl2(HDÙSÇuThiªnThu) offline live
2018-09-07 10:42:23	Add nonhandl(NhËmÙNg·ÙHµnhÙ)
2018-09-07 10:42:23	nonhandl(NhËmÙNg·ÙHµnhÙ) sync data from bishop
2018-09-07 10:42:23	nonhandl(NhËmÙNg·ÙHµnhÙ) login
2018-09-07 10:57:18	Add tranvinh04(B­ímÙEmÙCãÙ§éc)
2018-09-07 10:57:18	tranvinh04(B­ímÙEmÙCãÙ§éc) sync data from bishop
2018-09-07 10:57:18	tranvinh04(B­ímÙEmÙCãÙ§éc) login
2018-09-07 10:58:38	Add gcity02(5docne)
2018-09-07 10:58:38	gcity02(5docne) sync data from bishop
2018-09-07 10:58:38	gcity02(5docne) login
2018-09-07 10:59:14	tranvinh04(B­ímÙEmÙCãÙ§éc) offline live
2018-09-07 10:59:22	Add tranvinh01(Ù2SaoÙ1g¹ch)
2018-09-07 10:59:22	tranvinh01(Ù2SaoÙ1g¹ch) sync data from bishop
2018-09-07 10:59:22	tranvinh01(Ù2SaoÙ1g¹ch) login
2018-09-07 10:59:31	tranvinh01(Ù2SaoÙ1g¹ch) offline live
2018-09-07 10:59:37	tranvinh02(HuúnhÙNi) logout
2018-09-07 10:59:37	tranvinh02(HuúnhÙNi) offline kickout
2018-09-07 10:59:37	Del tranvinh02(HuúnhÙNi): quit
2018-09-07 10:59:38	Add tranvinh02(HuúnhÙNi)
2018-09-07 10:59:38	tranvinh02(HuúnhÙNi) sync data from bishop
2018-09-07 10:59:38	tranvinh02(HuúnhÙNi) login
2018-09-07 10:59:46	tranvinh02(HuúnhÙNi) offline live
2018-09-07 10:59:51	gcity02(5docne) logout
2018-09-07 10:59:51	Del gcity02(5docne): quit
2018-09-07 10:59:54	Add tranvinh03(ItsÙMyLife)
2018-09-07 10:59:54	tranvinh03(ItsÙMyLife) sync data from bishop
2018-09-07 10:59:54	tranvinh03(ItsÙMyLife) login
2018-09-07 11:00:03	tranvinh03(ItsÙMyLife) offline live
2018-09-07 11:00:10	Add tranvinh05(75ÙNhíÙMétÙNg­êi)
2018-09-07 11:00:10	tranvinh05(75ÙNhíÙMétÙNg­êi) sync data from bishop
2018-09-07 11:00:11	tranvinh05(75ÙNhíÙMétÙNg­êi) login
2018-09-07 11:00:19	tranvinh05(75ÙNhíÙMétÙNg­êi) offline live
2018-09-07 11:00:27	Add tranvinh06(GÊuÙCon)
2018-09-07 11:00:27	tranvinh06(GÊuÙCon) sync data from bishop
2018-09-07 11:00:27	tranvinh06(GÊuÙCon) login
2018-09-07 11:00:29	tranvinh06(GÊuÙCon) logout
2018-09-07 11:00:29	Del tranvinh06(GÊuÙCon): quit
2018-09-07 11:00:37	Add tranvinh06(ThiªnÙ§ŞaÙV«ÙCù)
2018-09-07 11:00:37	tranvinh06(ThiªnÙ§ŞaÙV«ÙCù) sync data from bishop
2018-09-07 11:00:37	tranvinh06(ThiªnÙ§ŞaÙV«ÙCù) login
2018-09-07 11:01:06	tranvinh06(ThiªnÙ§ŞaÙV«ÙCù) offline live
2018-09-07 11:01:24	Add ctcshxt1(CTCÙTiÒnÙ01)
2018-09-07 11:01:24	ctcshxt1(CTCÙTiÒnÙ01) sync data from bishop
2018-09-07 11:01:25	ctcshxt1(CTCÙTiÒnÙ01) login
2018-09-07 11:01:39	ctcshxt1(CTCÙTiÒnÙ01) offline live
2018-09-07 11:01:46	Add ctcshxt2(CTCÙTiÒnÙ02)
2018-09-07 11:01:46	ctcshxt2(CTCÙTiÒnÙ02) sync data from bishop
2018-09-07 11:01:46	ctcshxt2(CTCÙTiÒnÙ02) login
2018-09-07 11:02:01	ctcshxt2(CTCÙTiÒnÙ02) offline live
2018-09-07 11:02:12	Add ctcshxt3(CTCÙTiÒnÙ03)
2018-09-07 11:02:12	ctcshxt3(CTCÙTiÒnÙ03) sync data from bishop
2018-09-07 11:02:12	ctcshxt3(CTCÙTiÒnÙ03) login
2018-09-07 11:02:25	ctcshxt3(CTCÙTiÒnÙ03) offline live
2018-09-07 11:02:33	Add ctcshxt4(CTCÙTiÒnÙ04)
2018-09-07 11:02:33	ctcshxt4(CTCÙTiÒnÙ04) sync data from bishop
2018-09-07 11:02:33	ctcshxt4(CTCÙTiÒnÙ04) login
2018-09-07 11:02:48	ctcshxt4(CTCÙTiÒnÙ04) offline live
2018-09-07 11:02:56	Add ctcshxt5(CTCÙTiÒnÙ05)
2018-09-07 11:02:56	ctcshxt5(CTCÙTiÒnÙ05) sync data from bishop
2018-09-07 11:02:56	ctcshxt5(CTCÙTiÒnÙ05) login
2018-09-07 11:03:14	ctcshxt5(CTCÙTiÒnÙ05) offline live
2018-09-07 11:03:22	Add ctcshxt6(CTCÙTiÒnÙ06)
2018-09-07 11:03:22	ctcshxt6(CTCÙTiÒnÙ06) sync data from bishop
2018-09-07 11:03:22	ctcshxt6(CTCÙTiÒnÙ06) login
2018-09-07 11:03:39	ctcshxt6(CTCÙTiÒnÙ06) offline live
2018-09-07 11:03:51	Add thangvl10(10HáaCaCa)
2018-09-07 11:03:51	thangvl10(10HáaCaCa) sync data from bishop
2018-09-07 11:03:51	thangvl10(10HáaCaCa) login
2018-09-07 11:04:06	thangvl10(10HáaCaCa) offline live
2018-09-07 11:04:18	Add thangvl9(9§écV«Biªn)
2018-09-07 11:04:18	thangvl9(9§écV«Biªn) sync data from bishop
2018-09-07 11:04:18	thangvl9(9§écV«Biªn) login
2018-09-07 11:04:32	thangvl9(9§écV«Biªn) offline live
2018-09-07 11:04:39	Add thangvl8(8ThóyYªnTû)
2018-09-07 11:04:39	thangvl8(8ThóyYªnTû) sync data from bishop
2018-09-07 11:04:39	thangvl8(8ThóyYªnTû) login
2018-09-07 11:04:50	thangvl8(8ThóyYªnTû) offline live
2018-09-07 11:04:57	Add thangvl7(7NgaMiBuffBuff)
2018-09-07 11:04:57	thangvl7(7NgaMiBuffBuff) sync data from bishop
2018-09-07 11:04:58	thangvl7(7NgaMiBuffBuff) login
2018-09-07 11:05:09	thangvl7(7NgaMiBuffBuff) offline live
2018-09-07 11:05:16	Add thangvl6(6Vâ®ang)
2018-09-07 11:05:16	thangvl6(6Vâ®ang) sync data from bishop
2018-09-07 11:05:16	thangvl6(6Vâ®ang) login
2018-09-07 11:05:28	thangvl6(6Vâ®ang) offline live
2018-09-07 11:05:37	Add thangvl5(5TLSuco)
2018-09-07 11:05:37	thangvl5(5TLSuco) sync data from bishop
2018-09-07 11:05:37	thangvl5(5TLSuco) login
2018-09-07 11:05:49	thangvl5(5TLSuco) offline live
2018-09-07 11:06:00	Add ctc01(ctc01a)
2018-09-07 11:06:00	ctc01(ctc01a) sync data from bishop
2018-09-07 11:06:00	ctc01(ctc01a) login
2018-09-07 11:06:15	ctc01(ctc01a) offline live
2018-09-07 11:06:23	Add ctc02(ctcÙ02)
2018-09-07 11:06:23	ctc02(ctcÙ02) sync data from bishop
2018-09-07 11:06:23	ctc02(ctcÙ02) login
2018-09-07 11:07:02	ctc02(ctcÙ02) offline live
2018-09-07 11:37:07	Add gamethu(sadsadasas)
2018-09-07 11:37:07	gamethu(sadsadasas) sync data from bishop
2018-09-07 11:37:08	gamethu(sadsadasas) login
2018-09-07 11:45:05	Add bomsin01(STYªuMétNg­êi)
2018-09-07 11:45:05	bomsin01(STYªuMétNg­êi) sync data from bishop
2018-09-07 11:45:05	bomsin01(STYªuMétNg­êi) login
2018-09-07 11:54:12	bomsin01(STYªuMétNg­êi) offline live
2018-09-07 11:54:20	Add bomsin02(Nh·Ph­¬ng)
2018-09-07 11:54:20	bomsin02(Nh·Ph­¬ng) sync data from bishop
2018-09-07 11:54:20	bomsin02(Nh·Ph­¬ng) login
2018-09-07 11:54:23	bomsin02(Nh·Ph­¬ng) logout
2018-09-07 11:54:23	Del bomsin02(Nh·Ph­¬ng): quit
2018-09-07 11:54:26	Add bomsin02(AdminSHXT1)
2018-09-07 11:54:26	bomsin02(AdminSHXT1) sync data from bishop
2018-09-07 11:54:26	bomsin02(AdminSHXT1) login
2018-09-07 11:54:37	bomsin02(AdminSHXT1) offline live
2018-09-07 11:54:42	Add bomsin03(§anTr­êng)
2018-09-07 11:54:42	bomsin03(§anTr­êng) sync data from bishop
2018-09-07 11:54:42	bomsin03(§anTr­êng) login
2018-09-07 11:54:52	bomsin03(§anTr­êng) offline live
2018-09-07 11:54:57	Add bomsin04(TrÊnThµnh)
2018-09-07 11:54:57	bomsin04(TrÊnThµnh) sync data from bishop
2018-09-07 11:54:57	bomsin04(TrÊnThµnh) login
2018-09-07 11:55:10	bomsin04(TrÊnThµnh) offline live
2018-09-07 11:55:16	Add bomsin05(S¬nTïng)
2018-09-07 11:55:16	bomsin05(S¬nTïng) sync data from bishop
2018-09-07 11:55:16	bomsin05(S¬nTïng) login
2018-09-07 11:55:31	bomsin05(S¬nTïng) offline live
2018-09-07 12:04:44	bando(HDÙMÑThiªnH¹) offline live
2018-09-07 12:04:50	nonhandl(NhËmÙNg·ÙHµnhÙ) offline live
2018-09-07 12:15:32	Add gcity01(ExitGame)
2018-09-07 12:15:32	gcity01(ExitGame) sync data from bishop
2018-09-07 12:15:32	gcity01(ExitGame) login
2018-09-07 12:16:00	[ShutdownClient]	Close connection[67] for request.
2018-09-07 12:16:00	gcity01(ExitGame) logout
2018-09-07 12:16:00	Del gcity01(ExitGame): quit
2018-09-07 12:16:12	Add gcity06(nvmoi06)
2018-09-07 12:16:12	gcity06(nvmoi06) sync data from bishop
2018-09-07 12:16:12	gcity06(nvmoi06) login
2018-09-07 12:16:20	[ShutdownClient]	Close connection[67] for request.
2018-09-07 12:16:20	gcity06(nvmoi06) logout
2018-09-07 12:16:20	Del gcity06(nvmoi06): quit
2018-09-07 12:16:27	Add gcity01(nvmoi02)
2018-09-07 12:16:27	gcity01(nvmoi02) sync data from bishop
2018-09-07 12:16:27	gcity01(nvmoi02) login
2018-09-07 12:22:02	Add gcity02(5docne)
2018-09-07 12:22:02	gcity02(5docne) sync data from bishop
2018-09-07 12:22:02	gcity02(5docne) login
2018-09-07 12:35:51	[ShutdownClient]	Close connection[68] for request.
2018-09-07 12:35:51	gcity02(5docne) logout
2018-09-07 12:35:51	Del gcity02(5docne): quit
2018-09-07 12:36:59	gcity01(nvmoi02) logout
2018-09-07 12:36:59	Del gcity01(nvmoi02): quit
2018-09-07 13:08:27	[ShutdownClient]	no response from client ID:197(Loop:684197, PingTime:682197), kill it...
2018-09-07 13:08:27	gamethu(sadsadasas) logout
2018-09-07 13:08:27	Del gamethu(sadsadasas): quit
2018-09-07 13:22:57	[ShutdownClient]	Kick Out, ReasonId (7) 2018-09-07 13:22:57	luukt55(NgoalongCB) logout
2018-09-07 13:22:57	Del luukt55(NgoalongCB): quit
2018-09-07 13:23:03	Add luukt55(NgoalongCB)
2018-09-07 13:23:03	luukt55(NgoalongCB) sync data from bishop
2018-09-07 13:23:03	luukt55(NgoalongCB) login
2018-09-07 13:47:42	Add anhthusqt(caibangcuibap)
2018-09-07 13:47:42	anhthusqt(caibangcuibap) sync data from bishop
2018-09-07 13:47:42	anhthusqt(caibangcuibap) login
2018-09-07 13:49:03	Add anhthusqt1(docmadep)
2018-09-07 13:49:03	anhthusqt1(docmadep) sync data from bishop
2018-09-07 13:49:03	anhthusqt1(docmadep) login
2018-09-07 14:01:18	tuanlovekun(1StÙThiªnÙNhÉn) logout
2018-09-07 14:01:18	Del tuanlovekun(1StÙThiªnÙNhÉn): quit
2018-09-07 14:01:18	tuanlovekun3(4StÙThiªnÙNhÉn) logout
2018-09-07 14:01:18	Del tuanlovekun3(4StÙThiªnÙNhÉn): quit
2018-09-07 14:01:18	tuanlovekun1(2StÙThiªnÙNhÉn) logout
2018-09-07 14:01:18	Del tuanlovekun1(2StÙThiªnÙNhÉn): quit
2018-09-07 14:01:19	tuanlovekun4(5StÙThiªnÙNhÉn) logout
2018-09-07 14:01:19	Del tuanlovekun4(5StÙThiªnÙNhÉn): quit
2018-09-07 14:01:19	tuanlovekun5(§­êngÙM«n) logout
2018-09-07 14:01:19	Del tuanlovekun5(§­êngÙM«n): quit
2018-09-07 14:01:19	tuanlovekun2(3StÙThiªnÙNhÉn) logout
2018-09-07 14:01:19	Del tuanlovekun2(3StÙThiªnÙNhÉn): quit
2018-09-07 14:06:29	Add vunguyen1988(111111111)
2018-09-07 14:06:29	vunguyen1988(111111111) sync data from bishop
2018-09-07 14:06:29	vunguyen1988(111111111) login
2018-09-07 14:07:41	Add vunguyen1989(khongbietten)
2018-09-07 14:07:41	vunguyen1989(khongbietten) sync data from bishop
2018-09-07 14:07:41	vunguyen1989(khongbietten) login
2018-09-07 14:07:41	[ShutdownClient]	no response from client ID:166(Loop:748166, PingTime:746166), kill it...
2018-09-07 14:07:41	luukt51(NgoaLongTN) logout
2018-09-07 14:07:41	Del luukt51(NgoaLongTN): quit
2018-09-07 14:07:41	[ShutdownClient]	no response from client ID:167(Loop:748167, PingTime:746167), kill it...
2018-09-07 14:07:41	luukt54(NgoalongNM) logout
2018-09-07 14:07:41	Del luukt54(NgoalongNM): quit
2018-09-07 14:07:41	[ShutdownClient]	no response from client ID:168(Loop:748168, PingTime:746168), kill it...
2018-09-07 14:07:41	luukt53(NgoalongVD) logout
2018-09-07 14:07:41	Del luukt53(NgoalongVD): quit
2018-09-07 14:07:41	[ShutdownClient]	no response from client ID:169(Loop:748169, PingTime:746169), kill it...
2018-09-07 14:07:41	luukt56(NgoalongND) logout
2018-09-07 14:07:41	Del luukt56(NgoalongND): quit
2018-09-07 14:07:41	[ShutdownClient]	no response from client ID:171(Loop:748171, PingTime:746171), kill it...
2018-09-07 14:07:41	luukt52(NgoalongTN) logout
2018-09-07 14:07:41	Del luukt52(NgoalongTN): quit
2018-09-07 14:07:43	[ShutdownClient]	no response from client ID:208(Loop:748208, PingTime:746208), kill it...
2018-09-07 14:07:44	luukt55(NgoalongCB) logout
2018-09-07 14:07:44	Del luukt55(NgoalongCB): quit
2018-09-07 14:08:56	vunguyen1989(khongbietten) offline live
2018-09-07 14:09:07	Add vunguyen1984(BinBin)
2018-09-07 14:09:07	vunguyen1984(BinBin) sync data from bishop
2018-09-07 14:09:07	vunguyen1984(BinBin) login
2018-09-07 14:09:51	Add gamethu(sadsadasas)
2018-09-07 14:09:51	gamethu(sadsadasas) sync data from bishop
2018-09-07 14:09:51	gamethu(sadsadasas) login
2018-09-07 14:12:06	Add tuanlovekun(1StÙThiªnÙNhÉn)
2018-09-07 14:12:06	tuanlovekun(1StÙThiªnÙNhÉn) sync data from bishop
2018-09-07 14:12:06	tuanlovekun(1StÙThiªnÙNhÉn) login
2018-09-07 14:12:16	Add tuanlovekun1(2StÙThiªnÙNhÉn)
2018-09-07 14:12:16	tuanlovekun1(2StÙThiªnÙNhÉn) sync data from bishop
2018-09-07 14:12:16	tuanlovekun1(2StÙThiªnÙNhÉn) login
2018-09-07 14:12:29	Add tuanlovekun2(3StÙThiªnÙNhÉn)
2018-09-07 14:12:29	tuanlovekun2(3StÙThiªnÙNhÉn) sync data from bishop
2018-09-07 14:12:29	tuanlovekun2(3StÙThiªnÙNhÉn) login
2018-09-07 14:12:41	Add tuanlovekun3(4StÙThiªnÙNhÉn)
2018-09-07 14:12:41	tuanlovekun3(4StÙThiªnÙNhÉn) sync data from bishop
2018-09-07 14:12:41	tuanlovekun3(4StÙThiªnÙNhÉn) login
2018-09-07 14:13:01	Add tuanlovekun4(5StÙThiªnÙNhÉn)
2018-09-07 14:13:01	tuanlovekun4(5StÙThiªnÙNhÉn) sync data from bishop
2018-09-07 14:13:01	tuanlovekun4(5StÙThiªnÙNhÉn) login
2018-09-07 14:13:13	Add tuanlovekun5(§­êngÙM«n)
2018-09-07 14:13:13	tuanlovekun5(§­êngÙM«n) sync data from bishop
2018-09-07 14:13:13	tuanlovekun5(§­êngÙM«n) login
2018-09-07 14:24:13	anhthusqt1(docmadep) logout
2018-09-07 14:24:13	Del anhthusqt1(docmadep): quit
2018-09-07 14:24:15	anhthusqt(caibangcuibap) logout
2018-09-07 14:24:15	Del anhthusqt(caibangcuibap): quit
2018-09-07 14:30:18	vunguyen1988(111111111) logout
2018-09-07 14:30:18	Del vunguyen1988(111111111): quit
2018-09-07 14:30:48	Add vunguyen1988(111111111)
2018-09-07 14:30:48	vunguyen1988(111111111) sync data from bishop
2018-09-07 14:30:48	vunguyen1988(111111111) login
2018-09-07 14:33:57	vunguyen1988(111111111) offline live
2018-09-07 14:34:47	vunguyen1984(BinBin) offline live
2018-09-07 15:28:30	vunguyen1988(111111111) logout
2018-09-07 15:28:30	vunguyen1988(111111111) offline kickout
2018-09-07 15:28:30	Del vunguyen1988(111111111): quit
2018-09-07 15:28:31	Add vunguyen1988(111111111)
2018-09-07 15:28:31	vunguyen1988(111111111) sync data from bishop
2018-09-07 15:28:31	vunguyen1988(111111111) login
2018-09-07 15:30:56	vunguyen1988(111111111) offline live
2018-09-07 16:25:35	Add vubluish2(hoalongcaka)
2018-09-07 16:25:35	vubluish2(hoalongcaka) sync data from bishop
2018-09-07 16:25:35	vubluish2(hoalongcaka) login
2018-09-07 16:29:53	vubluish2(hoalongcaka) logout
2018-09-07 16:29:53	Del vubluish2(hoalongcaka): quit
2018-09-07 17:24:43	nonhandl(NhËmÙNg·ÙHµnhÙ) logout
2018-09-07 17:24:43	nonhandl(NhËmÙNg·ÙHµnhÙ) offline kickout
2018-09-07 17:24:43	Del nonhandl(NhËmÙNg·ÙHµnhÙ): quit
2018-09-07 17:24:44	Add nonhandl(NhËmÙNg·ÙHµnhÙ)
2018-09-07 17:24:44	nonhandl(NhËmÙNg·ÙHµnhÙ) sync data from bishop
2018-09-07 17:24:44	nonhandl(NhËmÙNg·ÙHµnhÙ) login
2018-09-07 17:26:52	Add nonhantl(V«DanhÙThÇnÙT¨ng)
2018-09-07 17:26:52	nonhantl(V«DanhÙThÇnÙT¨ng) sync data from bishop
2018-09-07 17:26:52	nonhantl(V«DanhÙThÇnÙT¨ng) login
2018-09-07 17:27:02	nonhantl(V«DanhÙThÇnÙT¨ng) offline live
2018-09-07 17:27:09	Add nonhannm(NhËmÙDoanhÙDoanh)
2018-09-07 17:27:09	nonhannm(NhËmÙDoanhÙDoanh) sync data from bishop
2018-09-07 17:27:09	nonhannm(NhËmÙDoanhÙDoanh) login
2018-09-07 17:27:22	nonhannm(NhËmÙDoanhÙDoanh) offline live
2018-09-07 17:27:29	Add nonhandm(ThµnhÙC¸tÙT­ÙH·n)
2018-09-07 17:27:29	nonhandm(ThµnhÙC¸tÙT­ÙH·n) sync data from bishop
2018-09-07 17:27:29	nonhandm(ThµnhÙC¸tÙT­ÙH·n) login
2018-09-07 17:27:42	nonhandm(ThµnhÙC¸tÙT­ÙH·n) offline live
2018-09-07 17:28:20	Add nonhanty(TÇnÙH¹oÙMiªn)
2018-09-07 17:28:20	nonhanty(TÇnÙH¹oÙMiªn) sync data from bishop
2018-09-07 17:28:20	nonhanty(TÇnÙH¹oÙMiªn) login
2018-09-07 17:28:40	nonhanty(TÇnÙH¹oÙMiªn) offline live
2018-09-07 17:28:45	Add nonhanvd(Vâ§angÙCh©nÙNh©n)
2018-09-07 17:28:45	nonhanvd(Vâ§angÙCh©nÙNh©n) sync data from bishop
2018-09-07 17:28:45	nonhanvd(Vâ§angÙCh©nÙNh©n) login
2018-09-07 17:28:59	nonhanvd(Vâ§angÙCh©nÙNh©n) offline live
2018-09-07 17:29:08	Add nonhantn(HµnÙL©mÙNhi)
2018-09-07 17:29:08	nonhantn(HµnÙL©mÙNhi) sync data from bishop
2018-09-07 17:29:08	nonhantn(HµnÙL©mÙNhi) login
2018-09-07 17:29:26	nonhantn(HµnÙL©mÙNhi) offline live
2018-09-07 17:29:33	Add nonhantn1(Th¸nhÙC«)
2018-09-07 17:29:33	nonhantn1(Th¸nhÙC«) sync data from bishop
2018-09-07 17:29:33	nonhantn1(Th¸nhÙC«) login
2018-09-07 17:30:18	nonhantn1(Th¸nhÙC«) offline live
2018-09-07 17:30:28	Add nonhannd(MécÙUyÓnÙThanh)
2018-09-07 17:30:28	nonhannd(MécÙUyÓnÙThanh) sync data from bishop
2018-09-07 17:30:28	nonhannd(MécÙUyÓnÙThanh) login
2018-09-07 17:30:58	nonhannd(MécÙUyÓnÙThanh) offline live
2018-09-07 17:31:14	Add mapdl4(§åÙThÇnÙS¸tÙQuû)
2018-09-07 17:31:14	mapdl4(§åÙThÇnÙS¸tÙQuû) sync data from bishop
2018-09-07 17:31:14	mapdl4(§åÙThÇnÙS¸tÙQuû) login
2018-09-07 17:31:54	mapdl4(§åÙThÇnÙS¸tÙQuû) offline live
2018-09-07 17:32:04	Add mapdl3(ThiªnÙNhÉn)
2018-09-07 17:32:04	mapdl3(ThiªnÙNhÉn) sync data from bishop
2018-09-07 17:32:04	mapdl3(ThiªnÙNhÉn) login
2018-09-07 17:32:22	mapdl3(ThiªnÙNhÉn) offline live
2018-09-07 17:32:34	Add mapdl2(TiªnÙTö)
2018-09-07 17:32:34	mapdl2(TiªnÙTö) sync data from bishop
2018-09-07 17:32:34	mapdl2(TiªnÙTö) login
2018-09-07 17:32:49	mapdl2(TiªnÙTö) offline live
2018-09-07 17:33:32	nonhandl(NhËmÙNg·ÙHµnhÙ) offline live
2018-09-07 17:44:49	nonhandl(NhËmÙNg·ÙHµnhÙ) logout
2018-09-07 17:44:49	nonhandl(NhËmÙNg·ÙHµnhÙ) offline kickout
2018-09-07 17:44:49	Del nonhandl(NhËmÙNg·ÙHµnhÙ): quit
2018-09-07 17:44:50	Add nonhandl(NhËmÙNg·ÙHµnhÙ)
2018-09-07 17:44:50	nonhandl(NhËmÙNg·ÙHµnhÙ) sync data from bishop
2018-09-07 17:44:50	nonhandl(NhËmÙNg·ÙHµnhÙ) login
2018-09-07 17:49:02	Add huynhtrongtri11(§écS¸tNéiC«ng)
2018-09-07 17:49:02	huynhtrongtri11(§écS¸tNéiC«ng) sync data from bishop
2018-09-07 17:49:02	huynhtrongtri11(§écS¸tNéiC«ng) login
2018-09-07 17:49:56	huynhtrongtri11(§écS¸tNéiC«ng) logout
2018-09-07 17:49:56	Del huynhtrongtri11(§écS¸tNéiC«ng): quit
2018-09-07 17:50:05	huynhtrongtri14(§écS¸tNgo¹iC«ng) logout
2018-09-07 17:50:05	huynhtrongtri14(§écS¸tNgo¹iC«ng) offline kickout
2018-09-07 17:50:05	Del huynhtrongtri14(§écS¸tNgo¹iC«ng): quit
2018-09-07 17:50:07	Add huynhtrongtri14(§écS¸tNgo¹iC«ng)
2018-09-07 17:50:07	huynhtrongtri14(§écS¸tNgo¹iC«ng) sync data from bishop
2018-09-07 17:50:07	huynhtrongtri14(§écS¸tNgo¹iC«ng) login
2018-09-07 17:51:54	huynhtrongtri14(§écS¸tNgo¹iC«ng) offline live
2018-09-07 17:53:59	Add huynhtrongtri11(§écS¸tNéiC«ng)
2018-09-07 17:53:59	huynhtrongtri11(§écS¸tNéiC«ng) sync data from bishop
2018-09-07 17:53:59	huynhtrongtri11(§écS¸tNéiC«ng) login
2018-09-07 18:01:57	huynhtrongtri11(§écS¸tNéiC«ng) logout
2018-09-07 18:01:57	Del huynhtrongtri11(§écS¸tNéiC«ng): quit
2018-09-07 18:09:40	[ShutdownClient]	Close connection[4] for request.
2018-09-07 18:09:40	gamethu(sadsadasas) logout
2018-09-07 18:09:40	Del gamethu(sadsadasas): quit
2018-09-07 18:46:45	Add luukt53(NgoalongVD)
2018-09-07 18:46:45	luukt53(NgoalongVD) sync data from bishop
2018-09-07 18:46:45	luukt53(NgoalongVD) login
2018-09-07 19:10:38	bando(HDÙMÑThiªnH¹) logout
2018-09-07 19:10:38	bando(HDÙMÑThiªnH¹) offline kickout
2018-09-07 19:10:38	Del bando(HDÙMÑThiªnH¹): quit
2018-09-07 19:10:39	Add bando(HDÙMÑThiªnH¹)
2018-09-07 19:10:39	bando(HDÙMÑThiªnH¹) sync data from bishop
2018-09-07 19:10:39	bando(HDÙMÑThiªnH¹) login
2018-09-07 19:14:21	[ShutdownClient]	Close connection[2] for request.
2018-09-07 19:14:21	unlock911(Unlock911) logout
2018-09-07 19:14:21	Del unlock911(Unlock911): quit
2018-09-07 19:14:22	Add luukt54(NgoalongNM)
2018-09-07 19:14:22	luukt54(NgoalongNM) sync data from bishop
2018-09-07 19:14:22	luukt54(NgoalongNM) login
2018-09-07 19:14:26	[ShutdownClient]	Close connection[6] for request.
2018-09-07 19:14:26	unlock912(Unlock912) logout
2018-09-07 19:14:26	Del unlock912(Unlock912): quit
2018-09-07 19:15:35	Add luukt55(NgoalongCB)
2018-09-07 19:15:35	luukt55(NgoalongCB) sync data from bishop
2018-09-07 19:15:35	luukt55(NgoalongCB) login
2018-09-07 19:16:05	Add luukt51(NgoaLongTN)
2018-09-07 19:16:05	luukt51(NgoaLongTN) sync data from bishop
2018-09-07 19:16:05	luukt51(NgoaLongTN) login
2018-09-07 19:16:22	[ShutdownClient]	Close connection[2] for request.
2018-09-07 19:16:22	luukt54(NgoalongNM) logout
2018-09-07 19:16:22	Del luukt54(NgoalongNM): quit
2018-09-07 19:16:27	hieuham1996(TriÖuÙTöÙLong) logout
2018-09-07 19:16:27	hieuham1996(TriÖuÙTöÙLong) offline kickout
2018-09-07 19:16:27	Del hieuham1996(TriÖuÙTöÙLong): quit
2018-09-07 19:16:29	Add hieuham1996(TriÖuÙTöÙLong)
2018-09-07 19:16:29	hieuham1996(TriÖuÙTöÙLong) sync data from bishop
2018-09-07 19:16:29	hieuham1996(TriÖuÙTöÙLong) login
2018-09-07 19:16:59	Add unlock911(Unlock911)
2018-09-07 19:16:59	unlock911(Unlock911) sync data from bishop
2018-09-07 19:17:00	unlock911(Unlock911) login
2018-09-07 19:17:32	Add luukt52(NgoalongTN)
2018-09-07 19:17:32	luukt52(NgoalongTN) sync data from bishop
2018-09-07 19:17:32	luukt52(NgoalongTN) login
2018-09-07 19:18:00	Add luukt54(NgoalongNM)
2018-09-07 19:18:00	luukt54(NgoalongNM) sync data from bishop
2018-09-07 19:18:00	luukt54(NgoalongNM) login
2018-09-07 19:18:03	Add unlock912(Unlock912)
2018-09-07 19:18:03	unlock912(Unlock912) sync data from bishop
2018-09-07 19:18:03	unlock912(Unlock912) login
2018-09-07 19:18:40	kingvl4(HDÙbuff) logout
2018-09-07 19:18:40	kingvl4(HDÙbuff) offline kickout
2018-09-07 19:18:40	Del kingvl4(HDÙbuff): quit
2018-09-07 19:18:41	Add kingvl4(HDÙbuff)
2018-09-07 19:18:41	kingvl4(HDÙbuff) sync data from bishop
2018-09-07 19:18:41	kingvl4(HDÙbuff) login
2018-09-07 19:19:45	banhang1(1234566789) logout
2018-09-07 19:19:45	banhang1(1234566789) offline kickout
2018-09-07 19:19:45	Del banhang1(1234566789): quit
2018-09-07 19:19:47	Add banhang1(1234566789)
2018-09-07 19:19:47	banhang1(1234566789) sync data from bishop
2018-09-07 19:19:47	banhang1(1234566789) login
2018-09-07 19:21:23	[ShutdownClient]	Close connection[4] for request.
2018-09-07 19:21:23	luukt53(NgoalongVD) logout
2018-09-07 19:21:23	Del luukt53(NgoalongVD): quit
2018-09-07 19:21:33	unlock912(Unlock912) logout
2018-09-07 19:21:33	Del unlock912(Unlock912): quit
2018-09-07 19:21:33	unlock911(Unlock911) logout
2018-09-07 19:21:33	Del unlock911(Unlock911): quit
2018-09-07 19:21:42	Add luukt53(NgoalongVD)
2018-09-07 19:21:42	luukt53(NgoalongVD) sync data from bishop
2018-09-07 19:21:42	luukt53(NgoalongVD) login
2018-09-07 19:21:51	[ShutdownClient]	Close connection[75] for request.
2018-09-07 19:21:51	luukt51(NgoaLongTN) logout
2018-09-07 19:21:51	Del luukt51(NgoaLongTN): quit
2018-09-07 19:21:57	Add luukt51(NgoaLongTN)
2018-09-07 19:21:57	luukt51(NgoaLongTN) sync data from bishop
2018-09-07 19:21:57	luukt51(NgoaLongTN) login
2018-09-07 19:24:35	Add unlock911(Unlock911)
2018-09-07 19:24:35	unlock911(Unlock911) sync data from bishop
2018-09-07 19:24:35	unlock911(Unlock911) login
2018-09-07 19:25:34	Add unlock912(Unlock912)
2018-09-07 19:25:34	unlock912(Unlock912) sync data from bishop
2018-09-07 19:25:34	unlock912(Unlock912) login
2018-09-07 19:26:09	thoakhungz3(HoaÙR¬iÙCængÙChî) logout
2018-09-07 19:26:09	thoakhungz3(HoaÙR¬iÙCængÙChî) offline kickout
2018-09-07 19:26:09	Del thoakhungz3(HoaÙR¬iÙCængÙChî): quit
2018-09-07 19:26:11	Add thoakhungz3(HoaÙR¬iÙCængÙChî)
2018-09-07 19:26:11	thoakhungz3(HoaÙR¬iÙCængÙChî) sync data from bishop
2018-09-07 19:26:11	thoakhungz3(HoaÙR¬iÙCængÙChî) login
2018-09-07 19:29:37	Add quocbaobp(§¹iÙThiÕuÙGia)
2018-09-07 19:29:37	quocbaobp(§¹iÙThiÕuÙGia) sync data from bishop
2018-09-07 19:29:37	quocbaobp(§¹iÙThiÕuÙGia) login
2018-09-07 19:30:39	nonhandl(NhËmÙNg·ÙHµnhÙ) offline live
2018-09-07 19:31:33	[ShutdownClient]	Close connection[6] for request.
2018-09-07 19:31:33	luukt55(NgoalongCB) logout
2018-09-07 19:31:33	Del luukt55(NgoalongCB): quit
2018-09-07 19:31:44	Add luukt55(NgoalongCB)
2018-09-07 19:31:44	luukt55(NgoalongCB) sync data from bishop
2018-09-07 19:31:44	luukt55(NgoalongCB) login
2018-09-07 19:34:28	Add hieuham1998(HoaR¬iÙCöaPhËt)
2018-09-07 19:34:28	hieuham1998(HoaR¬iÙCöaPhËt) sync data from bishop
2018-09-07 19:34:28	hieuham1998(HoaR¬iÙCöaPhËt) login
2018-09-07 19:43:28	kingvl4(HDÙbuff) logout
2018-09-07 19:43:28	Del kingvl4(HDÙbuff): quit
2018-09-07 19:43:37	Add kingvl4(HDÙbuff)
2018-09-07 19:43:37	kingvl4(HDÙbuff) sync data from bishop
2018-09-07 19:43:37	kingvl4(HDÙbuff) login
2018-09-07 19:45:14	[ShutdownClient]	Close connection[79] for request.
2018-09-07 19:45:14	quocbaobp(§¹iÙThiÕuÙGia) logout
2018-09-07 19:45:14	Del quocbaobp(§¹iÙThiÕuÙGia): quit
2018-09-07 19:45:19	Add quocbaobp(§¹iÙThiÕuÙGia)
2018-09-07 19:45:19	quocbaobp(§¹iÙThiÕuÙGia) sync data from bishop
2018-09-07 19:45:19	quocbaobp(§¹iÙThiÕuÙGia) login
2018-09-07 19:45:34	[ShutdownClient]	Close connection[75] for request.
2018-09-07 19:45:34	luukt51(NgoaLongTN) logout
2018-09-07 19:45:34	Del luukt51(NgoaLongTN): quit
2018-09-07 19:45:41	Add luukt51(NgoaLongTN)
2018-09-07 19:45:41	luukt51(NgoaLongTN) sync data from bishop
2018-09-07 19:45:41	luukt51(NgoaLongTN) login
2018-09-07 19:46:07	hieuham1998(HoaR¬iÙCöaPhËt) logout
2018-09-07 19:46:07	Del hieuham1998(HoaR¬iÙCöaPhËt): quit
2018-09-07 19:46:19	thoakhungz1(§ÇuÙTräcÙ9ÙChÊm) logout
2018-09-07 19:46:19	thoakhungz1(§ÇuÙTräcÙ9ÙChÊm) offline kickout
2018-09-07 19:46:19	Del thoakhungz1(§ÇuÙTräcÙ9ÙChÊm): quit
2018-09-07 19:46:20	Add thoakhungz1(§ÇuÙTräcÙ9ÙChÊm)
2018-09-07 19:46:20	thoakhungz1(§ÇuÙTräcÙ9ÙChÊm) sync data from bishop
2018-09-07 19:46:20	thoakhungz1(§ÇuÙTräcÙ9ÙChÊm) login
2018-09-07 19:51:59	namhai01(MaPhongBa) logout
2018-09-07 19:51:59	Del namhai01(MaPhongBa): quit
2018-09-07 19:52:10	namhai02(namhai02) logout
2018-09-07 19:52:10	Del namhai02(namhai02): quit
2018-09-07 19:52:14	namhai003(namhai03) logout
2018-09-07 19:52:14	Del namhai003(namhai03): quit
2018-09-07 19:52:18	namhai04(namhai04) logout
2018-09-07 19:52:18	Del namhai04(namhai04): quit
2018-09-07 19:52:22	namhai05(namhai05) logout
2018-09-07 19:52:22	Del namhai05(namhai05): quit
2018-09-07 19:52:26	namhai06(namhai06) logout
2018-09-07 19:52:26	Del namhai06(namhai06): quit
2018-09-07 19:52:38	Add namhai01(MaPhongBa)
2018-09-07 19:52:38	namhai01(MaPhongBa) sync data from bishop
2018-09-07 19:52:38	namhai01(MaPhongBa) login
2018-09-07 19:53:10	Add namhai02(namhai02)
2018-09-07 19:53:10	namhai02(namhai02) sync data from bishop
2018-09-07 19:53:10	namhai02(namhai02) login
2018-09-07 19:53:30	Add namhai003(namhai03)
2018-09-07 19:53:30	namhai003(namhai03) sync data from bishop
2018-09-07 19:53:30	namhai003(namhai03) login
2018-09-07 19:54:03	Add namhai04(namhai04)
2018-09-07 19:54:03	namhai04(namhai04) sync data from bishop
2018-09-07 19:54:03	namhai04(namhai04) login
2018-09-07 19:54:21	Add namhai05(namhai05)
2018-09-07 19:54:21	namhai05(namhai05) sync data from bishop
2018-09-07 19:54:21	namhai05(namhai05) login
2018-09-07 19:54:34	Add namhai06(namhai06)
2018-09-07 19:54:34	namhai06(namhai06) sync data from bishop
2018-09-07 19:54:34	namhai06(namhai06) login
2018-09-07 20:12:35	Add letutl72(DoanhDoanh)
2018-09-07 20:12:35	letutl72(DoanhDoanh) sync data from bishop
2018-09-07 20:12:35	letutl72(DoanhDoanh) login
2018-09-07 20:12:45	[ShutdownClient]	Close connection[75] for request.
2018-09-07 20:12:45	luukt51(NgoaLongTN) logout
2018-09-07 20:12:45	Del luukt51(NgoaLongTN): quit
2018-09-07 20:29:18	thangvl5(5TLSuco) logout
2018-09-07 20:29:18	thangvl5(5TLSuco) offline kickout
2018-09-07 20:29:18	Del thangvl5(5TLSuco): quit
2018-09-07 20:29:19	Add thangvl5(5TLSuco)
2018-09-07 20:29:19	thangvl5(5TLSuco) sync data from bishop
2018-09-07 20:29:19	thangvl5(5TLSuco) login
2018-09-07 20:31:28	thangvl5(5TLSuco) offline live
2018-09-07 20:39:37	bando(HDÙMÑThiªnH¹) offline live
2018-09-07 20:39:55	hieuham1996(TriÖuÙTöÙLong) offline live
2018-09-07 20:40:13	kingvl4(HDÙbuff) offline live
2018-09-07 20:40:27	thoakhungz3(HoaÙR¬iÙCængÙChî) offline live
2018-09-07 20:40:39	banhang1(1234566789) offline live
2018-09-07 20:40:57	thoakhungz1(§ÇuÙTräcÙ9ÙChÊm) offline live
2018-09-07 20:42:22	namhai01(MaPhongBa) logout
2018-09-07 20:42:22	Del namhai01(MaPhongBa): quit
2018-09-07 20:42:25	namhai02(namhai02) logout
2018-09-07 20:42:25	Del namhai02(namhai02): quit
2018-09-07 20:42:27	namhai003(namhai03) logout
2018-09-07 20:42:27	Del namhai003(namhai03): quit
2018-09-07 20:42:30	namhai04(namhai04) logout
2018-09-07 20:42:30	Del namhai04(namhai04): quit
2018-09-07 20:42:33	namhai05(namhai05) logout
2018-09-07 20:42:33	Del namhai05(namhai05): quit
2018-09-07 20:42:35	namhai06(namhai06) logout
2018-09-07 20:42:35	Del namhai06(namhai06): quit
2018-09-07 20:53:28	Add phamtungdhv1(ZzTungpszZ)
2018-09-07 20:53:28	phamtungdhv1(ZzTungpszZ) sync data from bishop
2018-09-07 20:53:29	phamtungdhv1(ZzTungpszZ) login
2018-09-07 20:54:04	Add phamtungdhv2(ZzNgocCuxizZ)
2018-09-07 20:54:04	phamtungdhv2(ZzNgocCuxizZ) sync data from bishop
2018-09-07 20:54:04	phamtungdhv2(ZzNgocCuxizZ) login
2018-09-07 20:54:57	Add phamtungdhv3(ZzNhimXinhzZ)
2018-09-07 20:54:57	phamtungdhv3(ZzNhimXinhzZ) sync data from bishop
2018-09-07 20:54:57	phamtungdhv3(ZzNhimXinhzZ) login
2018-09-07 20:55:24	Add phamtungdhv4(ZzJindozZ)
2018-09-07 20:55:24	phamtungdhv4(ZzJindozZ) sync data from bishop
2018-09-07 20:55:24	phamtungdhv4(ZzJindozZ) login
2018-09-07 20:55:25	[ShutdownClient]	Close connection[2] for request.
2018-09-07 20:55:25	luukt53(NgoalongVD) logout
2018-09-07 20:55:25	Del luukt53(NgoalongVD): quit
2018-09-07 20:55:36	[ShutdownClient]	Close connection[76] for request.
2018-09-07 20:55:36	luukt52(NgoalongTN) logout
2018-09-07 20:55:36	Del luukt52(NgoalongTN): quit
2018-09-07 20:55:39	[ShutdownClient]	Close connection[6] for request.
2018-09-07 20:55:39	luukt55(NgoalongCB) logout
2018-09-07 20:55:39	Del luukt55(NgoalongCB): quit
2018-09-07 20:55:43	Add phamtungdhv5(ZzThaiSonzZ)
2018-09-07 20:55:43	phamtungdhv5(ZzThaiSonzZ) sync data from bishop
2018-09-07 20:55:43	phamtungdhv5(ZzThaiSonzZ) login
2018-09-07 20:55:44	[ShutdownClient]	Close connection[77] for request.
2018-09-07 20:55:44	luukt54(NgoalongNM) logout
2018-09-07 20:55:44	Del luukt54(NgoalongNM): quit
2018-09-07 20:55:47	[ShutdownClient]	Close connection[79] for request.
2018-09-07 20:55:47	quocbaobp(§¹iÙThiÕuÙGia) logout
2018-09-07 20:55:47	Del quocbaobp(§¹iÙThiÕuÙGia): quit
2018-09-07 20:56:03	Add phamtungdhv6(ZzYunazZ)
2018-09-07 20:56:03	phamtungdhv6(ZzYunazZ) sync data from bishop
2018-09-07 20:56:03	phamtungdhv6(ZzYunazZ) login
2018-09-07 21:00:11	Add luukt53(NgoalongVD)
2018-09-07 21:00:11	luukt53(NgoalongVD) sync data from bishop
2018-09-07 21:00:11	luukt53(NgoalongVD) login
2018-09-07 21:14:54	[ShutdownClient]	Close connection[77] for request.
2018-09-07 21:14:54	luukt53(NgoalongVD) logout
2018-09-07 21:14:54	Del luukt53(NgoalongVD): quit
2018-09-07 21:35:35	phamtungdhv1(ZzTungpszZ) logout
2018-09-07 21:35:35	Del phamtungdhv1(ZzTungpszZ): quit
2018-09-07 21:35:40	phamtungdhv2(ZzNgocCuxizZ) logout
2018-09-07 21:35:40	Del phamtungdhv2(ZzNgocCuxizZ): quit
2018-09-07 21:35:44	phamtungdhv3(ZzNhimXinhzZ) logout
2018-09-07 21:35:44	Del phamtungdhv3(ZzNhimXinhzZ): quit
2018-09-07 21:35:47	phamtungdhv4(ZzJindozZ) logout
2018-09-07 21:35:47	Del phamtungdhv4(ZzJindozZ): quit
2018-09-07 21:35:52	phamtungdhv5(ZzThaiSonzZ) logout
2018-09-07 21:35:52	Del phamtungdhv5(ZzThaiSonzZ): quit
2018-09-07 21:36:11	phamtungdhv6(ZzYunazZ) logout
2018-09-07 21:36:11	Del phamtungdhv6(ZzYunazZ): quit
2018-09-07 21:37:31	Add nam92hd(HáaThÇnÙV«Song)
2018-09-07 21:37:31	nam92hd(HáaThÇnÙV«Song) sync data from bishop
2018-09-07 21:37:31	nam92hd(HáaThÇnÙV«Song) login
2018-09-07 21:42:32	nam92hd(HáaThÇnÙV«Song) offline live
2018-09-07 21:55:28	Add blackboy87(EsÙTheÙKing)
2018-09-07 21:55:28	blackboy87(EsÙTheÙKing) sync data from bishop
2018-09-07 21:55:28	blackboy87(EsÙTheÙKing) login
2018-09-07 21:56:44	[ShutdownClient]	Close connection[6] for request.
2018-09-07 21:56:44	blackboy87(EsÙTheÙKing) logout
2018-09-07 21:56:44	Del blackboy87(EsÙTheÙKing): quit
2018-09-07 22:40:27	Add letutl77(AnLyLy)
2018-09-07 22:40:27	letutl77(AnLyLy) sync data from bishop
2018-09-07 22:40:27	letutl77(AnLyLy) login
