2018-09-08 08:45:23	quocbaobp(§¹iÙThiÕuÙGia): Level(116), Protect(0-0-1), Hook(0), CallNotInSelf(0-0-0), SearchNpc(0), MKInput(0, 0), SignCode(0)
2018-09-08 08:45:23	quocbaobp(§¹iÙThiÕuÙGia) Status: RefuseCount(0), Fight(1), MapID-X-Y(1-0-20), Stall(0), Trading(0)
2018-09-08 08:52:01	luukt53(NgoalongVD): Level(131), Protect(0-0-1), Hook(0), CallNotInSelf(0-0-0), SearchNpc(0), MKInput(0, 0), SignCode(0)
2018-09-08 08:52:01	luukt53(NgoalongVD) Status: RefuseCount(0), Fight(1), MapID-X-Y(1-12-7), Stall(0), Trading(0)
2018-09-08 09:22:21	luukt54(NgoalongNM): Level(119), Protect(0-0-1), Hook(0), CallNotInSelf(0-0-0), SearchNpc(0), MKInput(0, 0), SignCode(0)
2018-09-08 09:22:21	luukt54(NgoalongNM) Status: RefuseCount(0), Fight(1), MapID-X-Y(1-12-7), Stall(0), Trading(0)
2018-09-08 10:08:42	unlock912(Unlock912): Level(101), Protect(0-0-1), Hook(0), CallNotInSelf(0-0-0), SearchNpc(0), MKInput(0, 0), SignCode(0)
2018-09-08 10:08:42	unlock912(Unlock912) Status: RefuseCount(0), Fight(1), MapID-X-Y(321-12-15), Stall(0), Trading(0)
2018-09-08 10:10:02	unlock911(Unlock911): Level(106), Protect(0-0-1), Hook(0), CallNotInSelf(0-0-0), SearchNpc(0), MKInput(0, 0), SignCode(0)
2018-09-08 10:10:02	unlock911(Unlock911) Status: RefuseCount(0), Fight(1), MapID-X-Y(321-9-9), Stall(0), Trading(0)
2018-09-08 13:12:10	luukt53(NgoalongVD): Level(131), Protect(0-0-1), Hook(0), CallNotInSelf(0-0-0), SearchNpc(0), MKInput(0, 0), SignCode(0)
2018-09-08 13:12:10	luukt53(NgoalongVD) Status: RefuseCount(0), Fight(1), MapID-X-Y(227-6-9), Stall(0), Trading(0)
2018-09-08 13:34:01	quocbaobp(§¹iÙThiÕuÙGia): Level(116), Protect(0-0-1), Hook(0), CallNotInSelf(0-0-0), SearchNpc(0), MKInput(0, 0), SignCode(0)
2018-09-08 13:34:01	quocbaobp(§¹iÙThiÕuÙGia) Status: RefuseCount(0), Fight(1), MapID-X-Y(227-14-1), Stall(0), Trading(0)
2018-09-08 13:35:12	luukt51(NgoaLongTN): Level(96), Protect(0-0-1), Hook(0), CallNotInSelf(0-0-0), SearchNpc(0), MKInput(0, 0), SignCode(0)
2018-09-08 13:35:12	luukt51(NgoaLongTN) Status: RefuseCount(0), Fight(1), MapID-X-Y(227-11-26), Stall(0), Trading(0)
2018-09-08 13:35:24	luukt52(NgoalongTN): Level(100), Protect(0-0-1), Hook(0), CallNotInSelf(0-0-0), SearchNpc(0), MKInput(0, 0), SignCode(0)
2018-09-08 13:35:24	luukt52(NgoalongTN) Status: RefuseCount(0), Fight(1), MapID-X-Y(227-8-0), Stall(0), Trading(0)
2018-09-08 13:35:31	luukt55(NgoalongCB): Level(100), Protect(0-0-1), Hook(0), CallNotInSelf(0-0-0), SearchNpc(0), MKInput(0, 0), SignCode(0)
2018-09-08 13:35:31	luukt55(NgoalongCB) Status: RefuseCount(0), Fight(1), MapID-X-Y(227-0-16), Stall(0), Trading(0)
2018-09-08 13:59:18	luukt54(NgoalongNM): Level(120), Protect(0-0-1), Hook(0), CallNotInSelf(0-0-0), SearchNpc(0), MKInput(0, 0), SignCode(0)
2018-09-08 13:59:18	luukt54(NgoalongNM) Status: RefuseCount(0), Fight(1), MapID-X-Y(227-6-20), Stall(0), Trading(0)
2018-09-08 15:51:40	luukt51(NgoaLongTN): Level(96), Protect(1-0-1), Hook(0), CallNotInSelf(0-0-0), SearchNpc(0), MKInput(0, 0), SignCode(0)
2018-09-08 15:51:40	luukt51(NgoaLongTN) Status: RefuseCount(0), Fight(1), MapID-X-Y(227-9-4), Stall(0), Trading(0)
2018-09-08 15:55:31	tuanlovekun(1StÙThiªnÙNhÉn): Level(106), Protect(0-0-1), Hook(0), CallNotInSelf(0-0-0), SearchNpc(0), MKInput(0, 0), SignCode(0)
2018-09-08 15:55:31	tuanlovekun(1StÙThiªnÙNhÉn) Status: RefuseCount(0), Fight(1), MapID-X-Y(340-0-29), Stall(0), Trading(0)
2018-09-08 15:55:58	tuanlovekun2(3StÙThiªnÙNhÉn): Level(106), Protect(0-0-1), Hook(0), CallNotInSelf(0-0-0), SearchNpc(0), MKInput(0, 0), SignCode(0)
2018-09-08 15:55:58	tuanlovekun2(3StÙThiªnÙNhÉn) Status: RefuseCount(0), Fight(1), MapID-X-Y(340-1-28), Stall(0), Trading(0)
2018-09-08 15:56:39	tuanlovekun3(4StÙThiªnÙNhÉn): Level(103), Protect(0-0-1), Hook(0), CallNotInSelf(0-0-0), SearchNpc(0), MKInput(0, 0), SignCode(0)
2018-09-08 15:56:39	tuanlovekun3(4StÙThiªnÙNhÉn) Status: RefuseCount(0), Fight(1), MapID-X-Y(340-12-3), Stall(0), Trading(0)
2018-09-08 15:56:44	tuanlovekun4(5StÙThiªnÙNhÉn): Level(103), Protect(0-0-1), Hook(0), CallNotInSelf(0-0-0), SearchNpc(0), MKInput(0, 0), SignCode(0)
2018-09-08 15:56:44	tuanlovekun4(5StÙThiªnÙNhÉn) Status: RefuseCount(0), Fight(1), MapID-X-Y(340-11-7), Stall(0), Trading(0)
2018-09-08 15:56:52	tuanlovekun5(§­êngÙM«n): Level(114), Protect(0-0-1), Hook(0), CallNotInSelf(0-0-0), SearchNpc(0), MKInput(0, 0), SignCode(0)
2018-09-08 15:56:52	tuanlovekun5(§­êngÙM«n) Status: RefuseCount(0), Fight(1), MapID-X-Y(340-11-31), Stall(0), Trading(0)
2018-09-08 16:06:08	tuanlovekun1(2StÙThiªnÙNhÉn): Level(100), Protect(0-0-1), Hook(0), CallNotInSelf(0-0-0), SearchNpc(0), MKInput(0, 0), SignCode(0)
2018-09-08 16:06:08	tuanlovekun1(2StÙThiªnÙNhÉn) Status: RefuseCount(0), Fight(1), MapID-X-Y(205-5-9), Stall(0), Trading(0)
2018-09-08 16:46:59	tuandaugau001(kimlinh): Level(80), Protect(0-0-1), Hook(0), CallNotInSelf(0-0-0), SearchNpc(0), MKInput(0, 0), SignCode(0)
2018-09-08 16:46:59	tuandaugau001(kimlinh) Status: RefuseCount(0), Fight(1), MapID-X-Y(224-14-12), Stall(0), Trading(0)
2018-09-08 21:17:07	letutl74(BopVuBu): Level(80), Protect(0-0-1), Hook(0), CallNotInSelf(0-0-0), SearchNpc(0), MKInput(0, 0), SignCode(0)
2018-09-08 21:17:07	letutl74(BopVuBu) Status: RefuseCount(0), Fight(1), MapID-X-Y(53-7-29), Stall(0), Trading(0)
2018-09-08 21:32:05	letutl72(DoanhDoanh): Level(81), Protect(0-0-1), Hook(0), CallNotInSelf(0-0-0), SearchNpc(0), MKInput(0, 0), SignCode(0)
2018-09-08 21:32:05	letutl72(DoanhDoanh) Status: RefuseCount(0), Fight(1), MapID-X-Y(201-8-16), Stall(0), Trading(0)
2018-09-08 23:49:09	letutl74(BopVuBu): Level(80), Protect(0-0-1), Hook(0), CallNotInSelf(0-0-0), SearchNpc(0), MKInput(0, 0), SignCode(0)
2018-09-08 23:49:09	letutl74(BopVuBu) Status: RefuseCount(0), Fight(1), MapID-X-Y(203-8-23), Stall(0), Trading(0)
