2018-09-19 06:50:58	vunguyen1988(111111111): Level(106), Protect(0-0-1), Hook(0), CallNotInSelf(0-0-0), SearchNpc(0), MKInput(0, 0), SignCode(0)
2018-09-19 06:50:58	vunguyen1988(111111111) Status: RefuseCount(0), Fight(1), MapID-X-Y(174-6-22), Stall(0), Trading(0)
2018-09-19 06:53:37	vunguyen1984(BinBin): Level(96), Protect(0-0-1), Hook(0), CallNotInSelf(0-0-0), SearchNpc(0), MKInput(0, 0), SignCode(0)
2018-09-19 06:53:37	vunguyen1984(BinBin) Status: RefuseCount(0), Fight(1), MapID-X-Y(153-9-20), Stall(0), Trading(0)
2018-09-19 17:06:38	vohoangvu1(0903659998): Level(82), Protect(1-0-1), Hook(0), CallNotInSelf(0-0-0), SearchNpc(0), MKInput(0, 0), SignCode(0)
2018-09-19 17:06:38	vohoangvu1(0903659998) Status: RefuseCount(0), Fight(1), MapID-X-Y(321-2-13), Stall(0), Trading(0)
2018-09-19 17:19:46	voquynhnhu(B¶o®ao§åLong): Level(81), Protect(0-0-1), Hook(0), CallNotInSelf(0-0-0), SearchNpc(0), MKInput(0, 0), SignCode(0)
2018-09-19 17:19:46	voquynhnhu(B¶o®ao§åLong) Status: RefuseCount(0), Fight(1), MapID-X-Y(227-10-29), Stall(0), Trading(0)
2018-09-19 18:26:48	letam91(BossTrum91): Level(80), Protect(0-0-1), Hook(0), CallNotInSelf(0-0-0), SearchNpc(0), MKInput(0, 0), SignCode(0)
2018-09-19 18:26:48	letam91(BossTrum91) Status: RefuseCount(0), Fight(1), MapID-X-Y(319-3-22), Stall(0), Trading(0)
2018-09-19 18:29:49	voquynhnhu(B¶o®ao§åLong): Level(81), Protect(1-0-1), Hook(0), CallNotInSelf(0-0-0), SearchNpc(0), MKInput(0, 0), SignCode(0)
2018-09-19 18:29:49	voquynhnhu(B¶o®ao§åLong) Status: RefuseCount(0), Fight(1), MapID-X-Y(227-10-28), Stall(0), Trading(0)
2018-09-19 18:36:01	letam92(BossTrum92): Level(80), Protect(0-0-1), Hook(0), CallNotInSelf(0-0-0), SearchNpc(0), MKInput(0, 0), SignCode(0)
2018-09-19 18:36:01	letam92(BossTrum92) Status: RefuseCount(0), Fight(1), MapID-X-Y(319-1-26), Stall(0), Trading(0)
2018-09-19 18:40:46	voanhkhoa(Ph¸Gi¸p§écC«): Level(83), Protect(1-0-1), Hook(0), CallNotInSelf(0-0-0), SearchNpc(0), MKInput(0, 0), SignCode(0)
2018-09-19 18:40:46	voanhkhoa(Ph¸Gi¸p§écC«) Status: RefuseCount(0), Fight(1), MapID-X-Y(320-9-30), Stall(0), Trading(0)
2018-09-19 19:05:53	voanhkhoa(Ph¸Gi¸p§écC«): Level(83), Protect(1-0-1), Hook(0), CallNotInSelf(0-0-0), SearchNpc(0), MKInput(0, 0), SignCode(0)
2018-09-19 19:05:53	voanhkhoa(Ph¸Gi¸p§écC«) Status: RefuseCount(0), Fight(1), MapID-X-Y(320-1-21), Stall(0), Trading(0)
2018-09-19 19:23:08	letam91(BossTrum91): Level(81), Protect(1-0-1), Hook(0), CallNotInSelf(0-0-0), SearchNpc(0), MKInput(0, 0), SignCode(0)
2018-09-19 19:23:08	letam91(BossTrum91) Status: RefuseCount(0), Fight(1), MapID-X-Y(78-11-6), Stall(0), Trading(0)
2018-09-19 19:25:01	letam91(BossTrum91): Level(81), Protect(1-0-1), Hook(0), CallNotInSelf(0-0-0), SearchNpc(0), MKInput(0, 0), SignCode(0)
2018-09-19 19:25:01	letam91(BossTrum91) Status: RefuseCount(0), Fight(1), MapID-X-Y(319-3-29), Stall(0), Trading(0)
2018-09-19 19:39:39	vunguyen1984(BinBin): Level(96), Protect(0-0-1), Hook(0), CallNotInSelf(0-0-0), SearchNpc(0), MKInput(0, 0), SignCode(0)
2018-09-19 19:39:39	vunguyen1984(BinBin) Status: RefuseCount(0), Fight(1), MapID-X-Y(11-11-2), Stall(0), Trading(0)
2018-09-19 19:40:33	vunguyen1988(111111111): Level(107), Protect(0-0-1), Hook(0), CallNotInSelf(0-0-0), SearchNpc(0), MKInput(0, 0), SignCode(0)
2018-09-19 19:40:33	vunguyen1988(111111111) Status: RefuseCount(0), Fight(1), MapID-X-Y(153-2-15), Stall(0), Trading(0)
2018-09-19 19:42:14	vohoangvu(ThÇnMenPh¸Ph¸ch): Level(80), Protect(1-0-1), Hook(0), CallNotInSelf(0-0-0), SearchNpc(0), MKInput(0, 0), SignCode(0)
2018-09-19 19:42:14	vohoangvu(ThÇnMenPh¸Ph¸ch) Status: RefuseCount(0), Fight(1), MapID-X-Y(320-0-22), Stall(0), Trading(0)
