2018-09-09 00:30:16	letutl74(BopVuBu): Level(81), Protect(1-0-1), Hook(0), CallNotInSelf(0-0-0), SearchNpc(0), MKInput(0, 0), SignCode(0)
2018-09-09 00:30:16	letutl74(BopVuBu) Status: RefuseCount(0), Fight(1), MapID-X-Y(202-13-1), Stall(0), Trading(0)
2018-09-09 12:31:27	vubluish2(hoalongcaka): Level(88), Protect(0-0-1), Hook(0), CallNotInSelf(0-0-0), SearchNpc(0), MKInput(0, 0), SignCode(0)
2018-09-09 12:31:27	vubluish2(hoalongcaka) Status: RefuseCount(0), Fight(1), MapID-X-Y(224-8-5), Stall(0), Trading(0)
2018-09-09 12:47:09	vubluish(truongchannhan): Level(92), Protect(1-0-1), Hook(0), CallNotInSelf(0-0-0), SearchNpc(0), MKInput(0, 0), SignCode(0)
2018-09-09 12:47:09	vubluish(truongchannhan) Status: RefuseCount(0), Fight(1), MapID-X-Y(75-2-20), Stall(0), Trading(0)
2018-09-09 14:36:31	blackboy88(EsÙTrangÙNhi): Level(100), Protect(0-0-1), Hook(0), CallNotInSelf(0-0-0), SearchNpc(0), MKInput(0, 0), SignCode(0)
2018-09-09 14:36:31	blackboy88(EsÙTrangÙNhi) Status: RefuseCount(0), Fight(1), MapID-X-Y(53-9-1), Stall(0), Trading(0)
2018-09-09 19:22:48	hieuadnew(AdminÙSHXT): Level(91), Protect(0-0-1), Hook(0), CallNotInSelf(0-0-0), SearchNpc(0), MKInput(0, 0), SignCode(0)
2018-09-09 19:22:48	hieuadnew(AdminÙSHXT) Status: RefuseCount(0), Fight(1), MapID-X-Y(100-13-0), Stall(0), Trading(0)
2018-09-09 20:40:50	letutl74(BopVuBu): Level(81), Protect(0-0-1), Hook(0), CallNotInSelf(0-0-0), SearchNpc(0), MKInput(0, 0), SignCode(0)
2018-09-09 20:40:50	letutl74(BopVuBu) Status: RefuseCount(0), Fight(1), MapID-X-Y(199-12-25), Stall(0), Trading(0)
2018-09-09 20:44:42	letutl72(DoanhDoanh): Level(81), Protect(0-0-1), Hook(0), CallNotInSelf(0-0-0), SearchNpc(0), MKInput(0, 0), SignCode(0)
2018-09-09 20:44:42	letutl72(DoanhDoanh) Status: RefuseCount(0), Fight(1), MapID-X-Y(143-5-17), Stall(0), Trading(0)
2018-09-09 21:06:45	letutl74(BopVuBu): Level(81), Protect(1-0-1), Hook(0), CallNotInSelf(0-0-0), SearchNpc(0), MKInput(0, 0), SignCode(0)
2018-09-09 21:06:45	letutl74(BopVuBu) Status: RefuseCount(0), Fight(1), MapID-X-Y(181-8-2), Stall(0), Trading(0)
2018-09-09 21:09:31	letutl72(DoanhDoanh): Level(81), Protect(0-0-1), Hook(0), CallNotInSelf(0-0-0), SearchNpc(0), MKInput(0, 0), SignCode(0)
2018-09-09 21:09:31	letutl72(DoanhDoanh) Status: RefuseCount(0), Fight(1), MapID-X-Y(201-11-6), Stall(0), Trading(0)
2018-09-09 21:46:35	letutl74(BopVuBu): Level(81), Protect(0-0-1), Hook(0), CallNotInSelf(0-0-0), SearchNpc(0), MKInput(0, 0), SignCode(0)
2018-09-09 21:46:35	letutl74(BopVuBu) Status: RefuseCount(0), Fight(1), MapID-X-Y(152-10-12), Stall(0), Trading(0)
2018-09-09 22:02:36	letutl72(DoanhDoanh): Level(81), Protect(0-0-1), Hook(0), CallNotInSelf(0-0-0), SearchNpc(0), MKInput(0, 0), SignCode(0)
2018-09-09 22:02:36	letutl72(DoanhDoanh) Status: RefuseCount(0), Fight(1), MapID-X-Y(10-12-3), Stall(0), Trading(0)
2018-09-09 22:04:27	letutl74(BopVuBu): Level(81), Protect(1-0-1), Hook(0), CallNotInSelf(0-0-0), SearchNpc(0), MKInput(0, 0), SignCode(0)
2018-09-09 22:04:27	letutl74(BopVuBu) Status: RefuseCount(0), Fight(1), MapID-X-Y(79-12-7), Stall(0), Trading(0)
