2018-09-14 00:58:45	nonhandl(NhËmÙNg·ÙHµnhÙ) logout
2018-09-14 00:58:45	nonhandl(NhËmÙNg·ÙHµnhÙ) offline kickout
2018-09-14 00:58:45	Del nonhandl(NhËmÙNg·ÙHµnhÙ): quit
2018-09-14 00:58:46	Add nonhandl(NhËmÙNg·ÙHµnhÙ)
2018-09-14 00:58:46	nonhandl(NhËmÙNg·ÙHµnhÙ) sync data from bishop
2018-09-14 00:58:46	nonhandl(NhËmÙNg·ÙHµnhÙ) login
2018-09-14 01:00:31	[ShutdownClient]	Close connection[3] for request.
2018-09-14 01:00:31	nonhandl(NhËmÙNg·ÙHµnhÙ) logout
2018-09-14 01:00:31	Del nonhandl(NhËmÙNg·ÙHµnhÙ): quit
2018-09-14 08:22:51	bando(HDÙMÑThiªnH¹) logout
2018-09-14 08:22:51	Del bando(HDÙMÑThiªnH¹): quit
2018-09-14 08:22:51	unlock911(Unlock911) logout
2018-09-14 08:22:51	Del unlock911(Unlock911): quit
2018-09-14 08:22:51	thoakhungz3(HoaÙR¬iÙCængÙChî) logout
2018-09-14 08:22:51	Del thoakhungz3(HoaÙR¬iÙCængÙChî): quit
2018-09-14 08:22:51	thoakhungz1(§ÇuÙTräcÙ9ÙChÊm) logout
2018-09-14 08:22:51	Del thoakhungz1(§ÇuÙTräcÙ9ÙChÊm): quit
2018-09-14 08:22:51	nonhanty(TÇnÙH¹oÙMiªn) logout
2018-09-14 08:22:51	Del nonhanty(TÇnÙH¹oÙMiªn): quit
2018-09-14 08:22:51	banhang1(1234566789) logout
2018-09-14 08:22:52	Del banhang1(1234566789): quit
2018-09-14 08:22:52	vunguyen1984(BinBin) logout
2018-09-14 08:22:52	Del vunguyen1984(BinBin): quit
2018-09-14 08:22:52	thoakhungz4(ThöÙ§ôngÙTaoÙ§i) logout
2018-09-14 08:22:52	Del thoakhungz4(ThöÙ§ôngÙTaoÙ§i): quit
2018-09-14 08:22:52	vunguyen1989(khongbietten) logout
2018-09-14 08:22:52	Del vunguyen1989(khongbietten): quit
2018-09-14 08:22:52	nonhandm(ThµnhÙC¸tÙT­ÙH·n) logout
2018-09-14 08:22:52	Del nonhandm(ThµnhÙC¸tÙT­ÙH·n): quit
2018-09-14 08:22:52	thoakhungz2(ThİchÙ¡nÙ§¹pÙKo) logout
2018-09-14 08:22:52	Del thoakhungz2(ThİchÙ¡nÙ§¹pÙKo): quit
2018-09-14 08:22:52	vunguyen1988(111111111) logout
2018-09-14 08:22:52	Del vunguyen1988(111111111): quit
2018-09-14 08:22:52	tuandaugau002(ThÇnSÊmSĞt) logout
2018-09-14 08:22:52	Del tuandaugau002(ThÇnSÊmSĞt): quit
2018-09-14 08:22:52	huynhtrongtri14(§écS¸tNgo¹iC«ng) logout
2018-09-14 08:22:52	Del huynhtrongtri14(§écS¸tNgo¹iC«ng): quit
2018-09-14 08:22:52	kingvl4(HDÙbuff) logout
2018-09-14 08:22:52	Del kingvl4(HDÙbuff): quit
2018-09-14 08:22:52	hieuham1996(TriÖuÙTöÙLong) logout
2018-09-14 08:22:52	Del hieuham1996(TriÖuÙTöÙLong): quit
2018-09-14 08:22:52	tranvinh02(HuúnhÙNi) logout
2018-09-14 08:22:52	Del tranvinh02(HuúnhÙNi): quit
2018-09-14 08:22:52	thoakhungz5(§õngÙChäcÙTao) logout
2018-09-14 08:22:52	Del thoakhungz5(§õngÙChäcÙTao): quit
2018-09-14 08:22:52	thoakhungz6(CùcÙKúÙBèÙL¸o) logout
2018-09-14 08:22:52	Del thoakhungz6(CùcÙKúÙBèÙL¸o): quit
2018-09-14 08:22:52	thoakhungz7(BuffBïa) logout
2018-09-14 08:22:52	Del thoakhungz7(BuffBïa): quit
2018-09-14 08:22:52	kingvl2(HDÙSÇuThiªnThu) logout
2018-09-14 08:22:52	Del kingvl2(HDÙSÇuThiªnThu): quit
2018-09-14 08:22:52	tranvinh04(B­ímÙEmÙCãÙ§éc) logout
2018-09-14 08:22:53	Del tranvinh04(B­ímÙEmÙCãÙ§éc): quit
2018-09-14 08:22:53	tranvinh03(ItsÙMyLife) logout
2018-09-14 08:22:53	Del tranvinh03(ItsÙMyLife): quit
2018-09-14 08:22:53	tranvinh01(Ù2SaoÙ1g¹ch) logout
2018-09-14 08:22:53	Del tranvinh01(Ù2SaoÙ1g¹ch): quit
2018-09-14 08:22:53	tranvinh05(75ÙNhíÙMétÙNg­êi) logout
2018-09-14 08:22:53	Del tranvinh05(75ÙNhíÙMétÙNg­êi): quit
2018-09-14 08:22:53	tranvinh06(ThiªnÙ§ŞaÙV«ÙCù) logout
2018-09-14 08:22:53	Del tranvinh06(ThiªnÙ§ŞaÙV«ÙCù): quit
2018-09-14 08:22:53	ctcshxt1(CTCÙTiÒnÙ01) logout
2018-09-14 08:22:53	Del ctcshxt1(CTCÙTiÒnÙ01): quit
2018-09-14 08:22:53	ctcshxt2(CTCÙTiÒnÙ02) logout
2018-09-14 08:22:53	Del ctcshxt2(CTCÙTiÒnÙ02): quit
2018-09-14 08:22:53	ctcshxt3(CTCÙTiÒnÙ03) logout
2018-09-14 08:22:53	Del ctcshxt3(CTCÙTiÒnÙ03): quit
2018-09-14 08:22:53	ctcshxt4(CTCÙTiÒnÙ04) logout
2018-09-14 08:22:53	Del ctcshxt4(CTCÙTiÒnÙ04): quit
2018-09-14 08:22:53	ctcshxt5(CTCÙTiÒnÙ05) logout
2018-09-14 08:22:53	Del ctcshxt5(CTCÙTiÒnÙ05): quit
2018-09-14 08:22:53	ctcshxt6(CTCÙTiÒnÙ06) logout
2018-09-14 08:22:53	Del ctcshxt6(CTCÙTiÒnÙ06): quit
2018-09-14 08:22:53	thangvl10(10HáaCaCa) logout
2018-09-14 08:22:53	Del thangvl10(10HáaCaCa): quit
2018-09-14 08:22:53	thangvl9(9§écV«Biªn) logout
2018-09-14 08:22:53	Del thangvl9(9§écV«Biªn): quit
2018-09-14 08:22:53	thangvl8(8ThóyYªnTû) logout
2018-09-14 08:22:53	Del thangvl8(8ThóyYªnTû): quit
2018-09-14 08:22:53	thangvl7(7NgaMiBuffBuff) logout
2018-09-14 08:22:53	Del thangvl7(7NgaMiBuffBuff): quit
2018-09-14 08:22:53	thangvl6(6Vâ®ang) logout
2018-09-14 08:22:53	Del thangvl6(6Vâ®ang): quit
2018-09-14 08:22:53	thangvl5(5TLSuco) logout
2018-09-14 08:22:53	Del thangvl5(5TLSuco): quit
2018-09-14 08:22:53	ctc01(ctc01a) logout
2018-09-14 08:22:53	Del ctc01(ctc01a): quit
2018-09-14 08:22:53	ctc02(ctcÙ02) logout
2018-09-14 08:22:54	Del ctc02(ctcÙ02): quit
2018-09-14 08:22:54	nonhantl(V«DanhÙThÇnÙT¨ng) logout
2018-09-14 08:22:54	Del nonhantl(V«DanhÙThÇnÙT¨ng): quit
2018-09-14 08:22:54	bomsin01(STYªuMétNg­êi) logout
2018-09-14 08:22:54	Del bomsin01(STYªuMétNg­êi): quit
2018-09-14 08:22:54	bomsin02(AdminSHXT1) logout
2018-09-14 08:22:54	Del bomsin02(AdminSHXT1): quit
2018-09-14 08:22:54	bomsin03(§anTr­êng) logout
2018-09-14 08:22:54	Del bomsin03(§anTr­êng): quit
2018-09-14 08:22:54	bomsin04(TrÊnThµnh) logout
2018-09-14 08:22:54	Del bomsin04(TrÊnThµnh): quit
2018-09-14 08:22:54	bomsin05(S¬nTïng) logout
2018-09-14 08:22:54	Del bomsin05(S¬nTïng): quit
2018-09-14 08:22:54	nonhannm(NhËmÙDoanhÙDoanh) logout
2018-09-14 08:22:54	Del nonhannm(NhËmÙDoanhÙDoanh): quit
2018-09-14 08:22:54	nonhanvd(Vâ§angÙCh©nÙNh©n) logout
2018-09-14 08:22:54	Del nonhanvd(Vâ§angÙCh©nÙNh©n): quit
2018-09-14 08:22:54	nonhantn(HµnÙL©mÙNhi) logout
2018-09-14 08:22:54	Del nonhantn(HµnÙL©mÙNhi): quit
2018-09-14 08:22:54	nonhantn1(Th¸nhÙC«) logout
2018-09-14 08:22:54	Del nonhantn1(Th¸nhÙC«): quit
2018-09-14 08:22:54	nonhannd(MécÙUyÓnÙThanh) logout
2018-09-14 08:22:54	Del nonhannd(MécÙUyÓnÙThanh): quit
2018-09-14 08:22:54	mapdl4(§åÙThÇnÙS¸tÙQuû) logout
2018-09-14 08:22:54	Del mapdl4(§åÙThÇnÙS¸tÙQuû): quit
2018-09-14 08:22:54	mapdl3(ThiªnÙNhÉn) logout
2018-09-14 08:22:54	Del mapdl3(ThiªnÙNhÉn): quit
2018-09-14 08:22:54	mapdl2(TiªnÙTö) logout
2018-09-14 08:22:54	Del mapdl2(TiªnÙTö): quit
2018-09-14 08:22:54	nam92hd(HáaThÇnÙV«Song) logout
2018-09-14 08:22:54	Del nam92hd(HáaThÇnÙV«Song): quit
