2018-09-20 08:16:28	vunguyen1988(111111111) logout
2018-09-20 08:16:28	vunguyen1988(111111111) offline kickout
2018-09-20 08:16:28	Del vunguyen1988(111111111): quit
2018-09-20 08:16:29	Add vunguyen1988(111111111)
2018-09-20 08:16:29	vunguyen1988(111111111) sync data from bishop
2018-09-20 08:16:29	vunguyen1988(111111111) login
2018-09-20 08:17:10	vunguyen1984(BinBin) logout
2018-09-20 08:17:10	vunguyen1984(BinBin) offline kickout
2018-09-20 08:17:10	Del vunguyen1984(BinBin): quit
2018-09-20 08:17:11	Add vunguyen1984(BinBin)
2018-09-20 08:17:11	vunguyen1984(BinBin) sync data from bishop
2018-09-20 08:17:11	vunguyen1984(BinBin) login
2018-09-20 10:59:12	vunguyen1988(111111111) logout
2018-09-20 10:59:12	Del vunguyen1988(111111111): quit
2018-09-20 10:59:14	vunguyen1984(BinBin) logout
2018-09-20 10:59:14	Del vunguyen1984(BinBin): quit
2018-09-20 15:46:25	Add vunguyen1988(111111111)
2018-09-20 15:46:25	vunguyen1988(111111111) sync data from bishop
2018-09-20 15:46:25	vunguyen1988(111111111) login
2018-09-20 16:23:24	Add vunguyen1984(BinBin)
2018-09-20 16:23:24	vunguyen1984(BinBin) sync data from bishop
2018-09-20 16:23:24	vunguyen1984(BinBin) login
2018-09-20 17:58:03	vunguyen1984(BinBin) offline live
2018-09-20 17:59:52	vunguyen1988(111111111) offline live
2018-09-20 21:57:12	vunguyen1988(111111111) logout
2018-09-20 21:57:12	vunguyen1988(111111111) offline kickout
2018-09-20 21:57:12	Del vunguyen1988(111111111): quit
2018-09-20 21:57:13	Add vunguyen1988(111111111)
2018-09-20 21:57:13	vunguyen1988(111111111) sync data from bishop
2018-09-20 21:57:13	vunguyen1988(111111111) login
2018-09-20 22:00:27	vunguyen1988(111111111) logout
2018-09-20 22:00:27	Del vunguyen1988(111111111): quit
