2018-09-10 00:35:05	tuanlovekun(1StÙThiªnÙNhÉn): Level(107), Protect(0-0-1), Hook(0), CallNotInSelf(0-0-0), SearchNpc(0), MKInput(0, 0), SignCode(0)
2018-09-10 00:35:05	tuanlovekun(1StÙThiªnÙNhÉn) Status: RefuseCount(0), Fight(1), MapID-X-Y(340-10-27), Stall(0), Trading(0)
2018-09-10 00:35:12	tuanlovekun2(3StÙThiªnÙNhÉn): Level(107), Protect(0-0-1), Hook(0), CallNotInSelf(0-0-0), SearchNpc(0), MKInput(0, 0), SignCode(0)
2018-09-10 00:35:12	tuanlovekun2(3StÙThiªnÙNhÉn) Status: RefuseCount(0), Fight(1), MapID-X-Y(340-11-27), Stall(0), Trading(0)
2018-09-10 00:36:06	tuanlovekun4(5StÙThiªnÙNhÉn): Level(103), Protect(0-0-1), Hook(0), CallNotInSelf(0-0-0), SearchNpc(0), MKInput(0, 0), SignCode(0)
2018-09-10 00:36:06	tuanlovekun4(5StÙThiªnÙNhÉn) Status: RefuseCount(0), Fight(1), MapID-X-Y(340-1-14), Stall(0), Trading(0)
2018-09-10 00:40:55	tuanlovekun3(4StÙThiªnÙNhÉn): Level(104), Protect(0-0-1), Hook(0), CallNotInSelf(0-0-0), SearchNpc(0), MKInput(0, 0), SignCode(0)
2018-09-10 00:40:55	tuanlovekun3(4StÙThiªnÙNhÉn) Status: RefuseCount(0), Fight(1), MapID-X-Y(340-6-11), Stall(0), Trading(0)
2018-09-10 00:48:34	tuanlovekun1(2StÙThiªnÙNhÉn): Level(100), Protect(0-0-1), Hook(0), CallNotInSelf(0-0-0), SearchNpc(0), MKInput(0, 0), SignCode(0)
2018-09-10 00:48:34	tuanlovekun1(2StÙThiªnÙNhÉn) Status: RefuseCount(0), Fight(1), MapID-X-Y(205-5-15), Stall(0), Trading(0)
2018-09-10 00:51:43	tuanlovekun5(§­êngÙM«n): Level(115), Protect(0-0-1), Hook(0), CallNotInSelf(0-0-0), SearchNpc(0), MKInput(0, 0), SignCode(0)
2018-09-10 00:51:43	tuanlovekun5(§­êngÙM«n) Status: RefuseCount(0), Fight(1), MapID-X-Y(340-8-14), Stall(0), Trading(0)
2018-09-10 07:41:58	tuandaugau002(ThÇnSÊmSÐt): Level(80), Protect(1-0-1), Hook(0), CallNotInSelf(0-0-0), SearchNpc(0), MKInput(0, 0), SignCode(0)
2018-09-10 07:41:58	tuandaugau002(ThÇnSÊmSÐt) Status: RefuseCount(0), Fight(1), MapID-X-Y(224-14-29), Stall(0), Trading(0)
2018-09-10 10:36:38	unlock912(Unlock912): Level(101), Protect(0-0-1), Hook(0), CallNotInSelf(0-0-0), SearchNpc(0), MKInput(0, 0), SignCode(0)
2018-09-10 10:36:38	unlock912(Unlock912) Status: RefuseCount(0), Fight(1), MapID-X-Y(321-6-24), Stall(0), Trading(0)
2018-09-10 10:36:44	unlock911(Unlock911): Level(107), Protect(0-0-1), Hook(0), CallNotInSelf(0-0-0), SearchNpc(0), MKInput(0, 0), SignCode(0)
2018-09-10 10:36:44	unlock911(Unlock911) Status: RefuseCount(0), Fight(1), MapID-X-Y(321-6-30), Stall(0), Trading(0)
2018-09-10 12:18:07	unlock912(Unlock912): Level(101), Protect(0-0-1), Hook(0), CallNotInSelf(0-0-0), SearchNpc(0), MKInput(0, 0), SignCode(0)
2018-09-10 12:18:07	unlock912(Unlock912) Status: RefuseCount(0), Fight(1), MapID-X-Y(321-3-14), Stall(0), Trading(0)
2018-09-10 14:05:17	vubluish2(hoalongcaka): Level(88), Protect(0-0-1), Hook(0), CallNotInSelf(0-0-0), SearchNpc(0), MKInput(0, 0), SignCode(0)
2018-09-10 14:05:17	vubluish2(hoalongcaka) Status: RefuseCount(0), Fight(1), MapID-X-Y(321-8-18), Stall(0), Trading(0)
2018-09-10 20:35:11	unlock911(Unlock911): Level(107), Protect(0-0-1), Hook(0), CallNotInSelf(0-0-0), SearchNpc(0), MKInput(0, 0), SignCode(0)
2018-09-10 20:35:11	unlock911(Unlock911) Status: RefuseCount(0), Fight(1), MapID-X-Y(321-7-2), Stall(0), Trading(0)
2018-09-10 20:52:06	letutl74(BopVuBu): Level(82), Protect(0-0-1), Hook(0), CallNotInSelf(0-0-0), SearchNpc(0), MKInput(0, 0), SignCode(0)
2018-09-10 20:52:06	letutl74(BopVuBu) Status: RefuseCount(0), Fight(1), MapID-X-Y(224-9-15), Stall(0), Trading(0)
2018-09-10 21:06:43	letutl72(DoanhDoanh): Level(82), Protect(0-0-1), Hook(0), CallNotInSelf(0-0-0), SearchNpc(0), MKInput(0, 0), SignCode(0)
2018-09-10 21:06:43	letutl72(DoanhDoanh) Status: RefuseCount(0), Fight(1), MapID-X-Y(201-3-9), Stall(0), Trading(0)
2018-09-10 21:25:15	tuanlovekun5(§­êngÙM«n): Level(116), Protect(0-0-1), Hook(0), CallNotInSelf(0-0-0), SearchNpc(0), MKInput(0, 0), SignCode(0)
2018-09-10 21:25:15	tuanlovekun5(§­êngÙM«n) Status: RefuseCount(0), Fight(1), MapID-X-Y(340-8-12), Stall(0), Trading(0)
2018-09-10 21:26:07	tuanlovekun1(2StÙThiªnÙNhÉn): Level(100), Protect(0-0-1), Hook(0), CallNotInSelf(0-0-0), SearchNpc(0), MKInput(0, 0), SignCode(0)
2018-09-10 21:26:07	tuanlovekun1(2StÙThiªnÙNhÉn) Status: RefuseCount(0), Fight(1), MapID-X-Y(205-12-24), Stall(0), Trading(0)
2018-09-10 21:30:01	tuanlovekun3(4StÙThiªnÙNhÉn): Level(104), Protect(0-0-1), Hook(0), CallNotInSelf(0-0-0), SearchNpc(0), MKInput(0, 0), SignCode(0)
2018-09-10 21:30:01	tuanlovekun3(4StÙThiªnÙNhÉn) Status: RefuseCount(0), Fight(1), MapID-X-Y(340-4-22), Stall(0), Trading(0)
2018-09-10 21:32:18	tuanlovekun4(5StÙThiªnÙNhÉn): Level(104), Protect(0-0-1), Hook(0), CallNotInSelf(0-0-0), SearchNpc(0), MKInput(0, 0), SignCode(0)
2018-09-10 21:32:18	tuanlovekun4(5StÙThiªnÙNhÉn) Status: RefuseCount(0), Fight(1), MapID-X-Y(340-0-6), Stall(0), Trading(0)
2018-09-10 21:34:53	tuanlovekun2(3StÙThiªnÙNhÉn): Level(108), Protect(0-0-1), Hook(0), CallNotInSelf(0-0-0), SearchNpc(0), MKInput(0, 0), SignCode(0)
2018-09-10 21:34:53	tuanlovekun2(3StÙThiªnÙNhÉn) Status: RefuseCount(0), Fight(1), MapID-X-Y(340-15-14), Stall(0), Trading(0)
2018-09-10 21:35:52	tuanlovekun(1StÙThiªnÙNhÉn): Level(108), Protect(0-0-1), Hook(0), CallNotInSelf(0-0-0), SearchNpc(0), MKInput(0, 0), SignCode(0)
2018-09-10 21:35:52	tuanlovekun(1StÙThiªnÙNhÉn) Status: RefuseCount(0), Fight(1), MapID-X-Y(340-6-3), Stall(0), Trading(0)
