2018-09-09 00:23:04	letutl74(BopVuBu) logout
2018-09-09 00:23:04	Del letutl74(BopVuBu): quit
2018-09-09 00:24:39	Add letutl74(BopVuBu)
2018-09-09 00:24:39	letutl74(BopVuBu) sync data from bishop
2018-09-09 00:24:39	letutl74(BopVuBu) login
2018-09-09 00:24:51	letutl74(BopVuBu) logout
2018-09-09 00:24:51	Del letutl74(BopVuBu): quit
2018-09-09 00:25:08	[ShutdownClient]	Close connection[32] for request.
2018-09-09 00:25:08	letutl72(DoanhDoanh) logout
2018-09-09 00:25:08	Del letutl72(DoanhDoanh): quit
2018-09-09 00:25:22	Add letutl74(BopVuBu)
2018-09-09 00:25:22	letutl74(BopVuBu) sync data from bishop
2018-09-09 00:25:22	letutl74(BopVuBu) login
2018-09-09 02:43:23	letutl74(BopVuBu) logout
2018-09-09 02:43:23	Del letutl74(BopVuBu): quit
2018-09-09 08:26:09	bando(HDÙMÑThiªnH¹) logout
2018-09-09 08:26:09	bando(HDÙMÑThiªnH¹) offline kickout
2018-09-09 08:26:09	Del bando(HDÙMÑThiªnH¹): quit
2018-09-09 08:26:10	Add bando(HDÙMÑThiªnH¹)
2018-09-09 08:26:10	bando(HDÙMÑThiªnH¹) sync data from bishop
2018-09-09 08:26:10	bando(HDÙMÑThiªnH¹) login
2018-09-09 08:27:27	bando(HDÙMÑThiªnH¹) offline live
2018-09-09 08:46:41	Add luukt53(NgoalongVD)
2018-09-09 08:46:41	luukt53(NgoalongVD) sync data from bishop
2018-09-09 08:46:41	luukt53(NgoalongVD) login
2018-09-09 08:47:38	[ShutdownClient]	Close connection[32] for request.
2018-09-09 08:47:38	luukt53(NgoalongVD) logout
2018-09-09 08:47:38	Del luukt53(NgoalongVD): quit
2018-09-09 12:30:13	Add vubluish2(hoalongcaka)
2018-09-09 12:30:13	vubluish2(hoalongcaka) sync data from bishop
2018-09-09 12:30:13	vubluish2(hoalongcaka) login
2018-09-09 12:33:29	Add vubluish(truongchannhan)
2018-09-09 12:33:29	vubluish(truongchannhan) sync data from bishop
2018-09-09 12:33:29	vubluish(truongchannhan) login
2018-09-09 12:36:18	Add vubluish1(vipngamy)
2018-09-09 12:36:18	vubluish1(vipngamy) sync data from bishop
2018-09-09 12:36:18	vubluish1(vipngamy) login
2018-09-09 12:44:07	[ShutdownClient]	no response from client ID:313(Loop:3768313, PingTime:3766313), kill it...
2018-09-09 12:44:07	vubluish2(hoalongcaka) logout
2018-09-09 12:44:07	Del vubluish2(hoalongcaka): quit
2018-09-09 12:44:07	[ShutdownClient]	no response from client ID:314(Loop:3768314, PingTime:3766314), kill it...
2018-09-09 12:44:07	vubluish(truongchannhan) logout
2018-09-09 12:44:07	Del vubluish(truongchannhan): quit
2018-09-09 12:44:07	[ShutdownClient]	no response from client ID:315(Loop:3768315, PingTime:3766315), kill it...
2018-09-09 12:44:07	vubluish1(vipngamy) logout
2018-09-09 12:44:07	Del vubluish1(vipngamy): quit
2018-09-09 12:44:50	Add vubluish1(vipngamy)
2018-09-09 12:44:50	vubluish1(vipngamy) sync data from bishop
2018-09-09 12:44:50	vubluish1(vipngamy) login
2018-09-09 12:46:14	Add vubluish(truongchannhan)
2018-09-09 12:46:14	vubluish(truongchannhan) sync data from bishop
2018-09-09 12:46:14	vubluish(truongchannhan) login
2018-09-09 12:50:10	Add vubluish2(hoalongcaka)
2018-09-09 12:50:10	vubluish2(hoalongcaka) sync data from bishop
2018-09-09 12:50:10	vubluish2(hoalongcaka) login
2018-09-09 13:35:57	vubluish2(hoalongcaka) logout
2018-09-09 13:35:57	Del vubluish2(hoalongcaka): quit
2018-09-09 13:35:58	[ShutdownClient]	no response from client ID:317(Loop:3824317, PingTime:3822317), kill it...
2018-09-09 13:35:58	vubluish(truongchannhan) logout
2018-09-09 13:35:58	Del vubluish(truongchannhan): quit
2018-09-09 13:36:00	Add vubluish2(hoalongcaka)
2018-09-09 13:36:00	vubluish2(hoalongcaka) sync data from bishop
2018-09-09 13:36:00	vubluish2(hoalongcaka) login
2018-09-09 13:36:03	Add vubluish(truongchannhan)
2018-09-09 13:36:03	vubluish(truongchannhan) sync data from bishop
2018-09-09 13:36:03	vubluish(truongchannhan) login
2018-09-09 13:44:30	vubluish1(vipngamy) logout
2018-09-09 13:44:30	Del vubluish1(vipngamy): quit
2018-09-09 13:45:07	Add vubluish1(vipngamy)
2018-09-09 13:45:07	vubluish1(vipngamy) sync data from bishop
2018-09-09 13:45:07	vubluish1(vipngamy) login
2018-09-09 13:45:14	[ShutdownClient]	no response from client ID:319(Loop:3834319, PingTime:3832319), kill it...
2018-09-09 13:45:14	vubluish2(hoalongcaka) logout
2018-09-09 13:45:14	Del vubluish2(hoalongcaka): quit
2018-09-09 13:45:14	[ShutdownClient]	no response from client ID:320(Loop:3834320, PingTime:3832320), kill it...
2018-09-09 13:45:14	vubluish(truongchannhan) logout
2018-09-09 13:45:14	Del vubluish(truongchannhan): quit
2018-09-09 13:45:15	Add vubluish(truongchannhan)
2018-09-09 13:45:15	vubluish(truongchannhan) sync data from bishop
2018-09-09 13:45:15	vubluish(truongchannhan) login
2018-09-09 13:45:25	Add vubluish2(hoalongcaka)
2018-09-09 13:45:25	vubluish2(hoalongcaka) sync data from bishop
2018-09-09 13:45:25	vubluish2(hoalongcaka) login
2018-09-09 14:03:45	[ShutdownClient]	no response from client ID:321(Loop:3854321, PingTime:3852321), kill it...
2018-09-09 14:03:45	vubluish1(vipngamy) logout
2018-09-09 14:03:45	Del vubluish1(vipngamy): quit
2018-09-09 14:03:45	[ShutdownClient]	no response from client ID:322(Loop:3854322, PingTime:3852322), kill it...
2018-09-09 14:03:45	vubluish(truongchannhan) logout
2018-09-09 14:03:45	Del vubluish(truongchannhan): quit
2018-09-09 14:03:45	[ShutdownClient]	no response from client ID:323(Loop:3854323, PingTime:3852323), kill it...
2018-09-09 14:03:45	vubluish2(hoalongcaka) logout
2018-09-09 14:03:45	Del vubluish2(hoalongcaka): quit
2018-09-09 14:04:44	Add vubluish2(hoalongcaka)
2018-09-09 14:04:44	vubluish2(hoalongcaka) sync data from bishop
2018-09-09 14:04:44	vubluish2(hoalongcaka) login
2018-09-09 14:04:44	Add vubluish1(vipngamy)
2018-09-09 14:04:44	vubluish1(vipngamy) sync data from bishop
2018-09-09 14:04:44	vubluish1(vipngamy) login
2018-09-09 14:04:45	Add vubluish(truongchannhan)
2018-09-09 14:04:45	vubluish(truongchannhan) sync data from bishop
2018-09-09 14:04:45	vubluish(truongchannhan) login
2018-09-09 14:22:17	[ShutdownClient]	no response from client ID:324(Loop:3874324, PingTime:3872324), kill it...
2018-09-09 14:22:17	vubluish2(hoalongcaka) logout
2018-09-09 14:22:17	Del vubluish2(hoalongcaka): quit
2018-09-09 14:22:17	[ShutdownClient]	no response from client ID:325(Loop:3874325, PingTime:3872325), kill it...
2018-09-09 14:22:17	vubluish1(vipngamy) logout
2018-09-09 14:22:17	Del vubluish1(vipngamy): quit
2018-09-09 14:22:17	[ShutdownClient]	no response from client ID:326(Loop:3874326, PingTime:3872326), kill it...
2018-09-09 14:22:17	vubluish(truongchannhan) logout
2018-09-09 14:22:17	Del vubluish(truongchannhan): quit
2018-09-09 14:23:22	Add vubluish(truongchannhan)
2018-09-09 14:23:22	vubluish(truongchannhan) sync data from bishop
2018-09-09 14:23:22	vubluish(truongchannhan) login
2018-09-09 14:23:24	Add vubluish1(vipngamy)
2018-09-09 14:23:24	vubluish1(vipngamy) sync data from bishop
2018-09-09 14:23:24	vubluish1(vipngamy) login
2018-09-09 14:23:25	Add vubluish2(hoalongcaka)
2018-09-09 14:23:25	vubluish2(hoalongcaka) sync data from bishop
2018-09-09 14:23:25	vubluish2(hoalongcaka) login
2018-09-09 14:31:10	vubluish2(hoalongcaka) logout
2018-09-09 14:31:10	Del vubluish2(hoalongcaka): quit
2018-09-09 14:31:16	Add vubluish2(hoalongcaka)
2018-09-09 14:31:16	vubluish2(hoalongcaka) sync data from bishop
2018-09-09 14:31:16	vubluish2(hoalongcaka) login
2018-09-09 14:31:32	[ShutdownClient]	no response from client ID:327(Loop:3884327, PingTime:3882327), kill it...
2018-09-09 14:31:32	vubluish(truongchannhan) logout
2018-09-09 14:31:32	Del vubluish(truongchannhan): quit
2018-09-09 14:31:32	[ShutdownClient]	no response from client ID:328(Loop:3884328, PingTime:3882328), kill it...
2018-09-09 14:31:32	vubluish1(vipngamy) logout
2018-09-09 14:31:32	Del vubluish1(vipngamy): quit
2018-09-09 14:31:37	Add vubluish(truongchannhan)
2018-09-09 14:31:37	vubluish(truongchannhan) sync data from bishop
2018-09-09 14:31:37	vubluish(truongchannhan) login
2018-09-09 14:31:40	Add vubluish1(vipngamy)
2018-09-09 14:31:40	vubluish1(vipngamy) sync data from bishop
2018-09-09 14:31:40	vubluish1(vipngamy) login
2018-09-09 14:32:13	Add blackboy87(EsÙTheÙKing)
2018-09-09 14:32:13	blackboy87(EsÙTheÙKing) sync data from bishop
2018-09-09 14:32:13	blackboy87(EsÙTheÙKing) login
2018-09-09 14:32:34	Add blackboy88(EsÙTrangÙNhi)
2018-09-09 14:32:34	blackboy88(EsÙTrangÙNhi) sync data from bishop
2018-09-09 14:32:34	blackboy88(EsÙTrangÙNhi) login
2018-09-09 14:33:30	vubluish1(vipngamy) logout
2018-09-09 14:33:30	Del vubluish1(vipngamy): quit
2018-09-09 14:33:34	vubluish2(hoalongcaka) logout
2018-09-09 14:33:34	Del vubluish2(hoalongcaka): quit
2018-09-09 14:33:37	vubluish(truongchannhan) logout
2018-09-09 14:33:37	Del vubluish(truongchannhan): quit
2018-09-09 14:38:39	[ShutdownClient]	Close connection[24] for request.
2018-09-09 14:38:39	blackboy88(EsÙTrangÙNhi) logout
2018-09-09 14:38:39	Del blackboy88(EsÙTrangÙNhi): quit
2018-09-09 14:39:41	blackboy87(EsÙTheÙKing) logout
2018-09-09 14:39:41	Del blackboy87(EsÙTheÙKing): quit
2018-09-09 16:24:17	unlock911(Unlock911) logout
2018-09-09 16:24:17	Del unlock911(Unlock911): quit
2018-09-09 16:24:21	unlock912(Unlock912) logout
2018-09-09 16:24:21	Del unlock912(Unlock912): quit
2018-09-09 18:55:25	Add unlock911(Unlock911)
2018-09-09 18:55:25	unlock911(Unlock911) sync data from bishop
2018-09-09 18:55:25	unlock911(Unlock911) login
2018-09-09 18:56:08	unlock911(Unlock911) offline live
2018-09-09 18:56:22	Add unlock912(Unlock912)
2018-09-09 18:56:22	unlock912(Unlock912) sync data from bishop
2018-09-09 18:56:22	unlock912(Unlock912) login
2018-09-09 18:56:50	unlock912(Unlock912) offline live
2018-09-09 19:22:39	Add hieuadnew(AdminÙSHXT)
2018-09-09 19:22:39	hieuadnew(AdminÙSHXT) sync data from bishop
2018-09-09 19:22:39	hieuadnew(AdminÙSHXT) login
2018-09-09 19:39:46	hieuadnew(AdminÙSHXT) logout
2018-09-09 19:39:46	Del hieuadnew(AdminÙSHXT): quit
2018-09-09 20:36:57	Add letutl74(BopVuBu)
2018-09-09 20:36:57	letutl74(BopVuBu) sync data from bishop
2018-09-09 20:36:57	letutl74(BopVuBu) login
2018-09-09 20:44:31	Add letutl72(DoanhDoanh)
2018-09-09 20:44:31	letutl72(DoanhDoanh) sync data from bishop
2018-09-09 20:44:31	letutl72(DoanhDoanh) login
2018-09-09 20:51:53	[ShutdownClient]	Close connection[4] for request.
2018-09-09 20:51:53	letutl74(BopVuBu) logout
2018-09-09 20:51:53	Del letutl74(BopVuBu): quit
2018-09-09 20:52:16	Add letutl74(BopVuBu)
2018-09-09 20:52:16	letutl74(BopVuBu) sync data from bishop
2018-09-09 20:52:16	letutl74(BopVuBu) login
2018-09-09 21:05:48	letutl72(DoanhDoanh) logout
2018-09-09 21:05:48	Del letutl72(DoanhDoanh): quit
2018-09-09 21:09:19	Add letutl72(DoanhDoanh)
2018-09-09 21:09:19	letutl72(DoanhDoanh) sync data from bishop
2018-09-09 21:09:19	letutl72(DoanhDoanh) login
2018-09-09 21:20:08	[ShutdownClient]	Close connection[24] for request.
2018-09-09 21:20:08	letutl72(DoanhDoanh) logout
2018-09-09 21:20:08	Del letutl72(DoanhDoanh): quit
2018-09-09 21:43:11	letutl74(BopVuBu) logout
2018-09-09 21:43:11	Del letutl74(BopVuBu): quit
2018-09-09 21:43:50	Add letutl74(BopVuBu)
2018-09-09 21:43:50	letutl74(BopVuBu) sync data from bishop
2018-09-09 21:43:50	letutl74(BopVuBu) login
2018-09-09 22:01:37	letutl74(BopVuBu) logout
2018-09-09 22:01:37	Del letutl74(BopVuBu): quit
2018-09-09 22:01:38	Add letutl74(BopVuBu)
2018-09-09 22:01:38	letutl74(BopVuBu) sync data from bishop
2018-09-09 22:01:38	letutl74(BopVuBu) login
2018-09-09 22:02:29	Add letutl72(DoanhDoanh)
2018-09-09 22:02:29	letutl72(DoanhDoanh) sync data from bishop
2018-09-09 22:02:29	letutl72(DoanhDoanh) login
