2018-09-26 00:20:33	Add vunguyen1988(111111111)
2018-09-26 00:20:33	vunguyen1988(111111111) sync data from bishop
2018-09-26 00:20:33	vunguyen1988(111111111) login
2018-09-26 00:23:53	vunguyen1988(111111111) logout
2018-09-26 00:23:53	Del vunguyen1988(111111111): quit
2018-09-26 09:57:56	Add vunguyen1988(111111111)
2018-09-26 09:57:56	vunguyen1988(111111111) sync data from bishop
2018-09-26 09:57:56	vunguyen1988(111111111) login
2018-09-26 09:58:47	vunguyen1984(BinBin) logout
2018-09-26 09:58:47	vunguyen1984(BinBin) offline kickout
2018-09-26 09:58:47	Del vunguyen1984(BinBin): quit
2018-09-26 09:58:48	Add vunguyen1984(BinBin)
2018-09-26 09:58:48	vunguyen1984(BinBin) sync data from bishop
2018-09-26 09:58:48	vunguyen1984(BinBin) login
2018-09-26 10:36:44	vunguyen1988(111111111) logout
2018-09-26 10:36:44	Del vunguyen1988(111111111): quit
2018-09-26 10:36:45	vunguyen1984(BinBin) logout
2018-09-26 10:36:45	Del vunguyen1984(BinBin): quit
2018-09-26 15:49:34	Add choigiaitri01(GHÙAdmin)
2018-09-26 15:49:34	choigiaitri01(GHÙAdmin) sync data from bishop
2018-09-26 15:49:34	choigiaitri01(GHÙAdmin) login
2018-09-26 16:10:10	[ShutdownClient]	no response from client ID:42(Loop:17182042, PingTime:17180042), kill it...
2018-09-26 16:10:10	choigiaitri01(GHÙAdmin) logout
2018-09-26 16:10:10	Del choigiaitri01(GHÙAdmin): quit
2018-09-26 16:12:27	Add choigiaitri01(GHÙAdmin)
2018-09-26 16:12:27	choigiaitri01(GHÙAdmin) sync data from bishop
2018-09-26 16:12:27	choigiaitri01(GHÙAdmin) login
2018-09-26 19:12:03	choigiaitri01(GHÙAdmin) logout
2018-09-26 19:12:03	Del choigiaitri01(GHÙAdmin): quit
2018-09-26 19:12:18	Add choigiaitri01(TestAdmin113)
2018-09-26 19:12:18	choigiaitri01(TestAdmin113) sync data from bishop
2018-09-26 19:12:18	choigiaitri01(TestAdmin113) login
2018-09-26 19:25:44	choigiaitri01(TestAdmin113) logout
2018-09-26 19:25:44	Del choigiaitri01(TestAdmin113): quit
