[2018-09-07 07:33:05	] luukt54(NgoalongNM) BUY 1 [6-1-4300-1]N¨ng §éng LÔ Bao(6,1,4300,0,1) 10(COIN) at Shop[79]
[2018-09-07 07:35:48	] luukt54(NgoalongNM) BUY 1 [6-1-2312-1]Hçn Nguyªn Linh Lé(6,1,2312,0,1) 2(COIN) at Shop[79]
[2018-09-07 07:35:48	] luukt54(NgoalongNM) BUY 1 [6-1-2312-1]Hçn Nguyªn Linh Lé(6,1,2312,0,1) 2(COIN) at Shop[79]
[2018-09-07 07:35:48	] luukt54(NgoalongNM) BUY 1 [6-1-2312-1]Hçn Nguyªn Linh Lé(6,1,2312,0,1) 2(COIN) at Shop[79]
[2018-09-07 07:35:48	] luukt54(NgoalongNM) BUY 1 [6-1-2312-1]Hçn Nguyªn Linh Lé(6,1,2312,0,1) 2(COIN) at Shop[79]
[2018-09-07 07:35:48	] luukt54(NgoalongNM) BUY 1 [6-1-2312-1]Hçn Nguyªn Linh Lé(6,1,2312,0,1) 2(COIN) at Shop[79]
[2018-09-07 07:35:48	] luukt54(NgoalongNM) BUY 1 [6-1-2312-1]Hçn Nguyªn Linh Lé(6,1,2312,0,1) 2(COIN) at Shop[79]
[2018-09-07 07:35:49	] luukt54(NgoalongNM) BUY 1 [6-1-2312-1]Hçn Nguyªn Linh Lé(6,1,2312,0,1) 2(COIN) at Shop[79]
[2018-09-07 07:35:49	] luukt54(NgoalongNM) BUY 1 [6-1-2312-1]Hçn Nguyªn Linh Lé(6,1,2312,0,1) 2(COIN) at Shop[79]
[2018-09-07 07:35:49	] luukt54(NgoalongNM) BUY 1 [6-1-2312-1]Hçn Nguyªn Linh Lé(6,1,2312,0,1) 2(COIN) at Shop[79]
[2018-09-07 07:35:49	] luukt54(NgoalongNM) BUY 1 [6-1-2312-1]Hçn Nguyªn Linh Lé(6,1,2312,0,1) 2(COIN) at Shop[79]
[2018-09-07 09:55:44	] gcity03(nvmoi04) SEL 1 Thiªn Hoµng Long Bµn Long c«i(0,9,1,0,6) 12499(MONEY) at Shop[0]
[2018-09-07 09:57:08	] gcity04(nvmoi01) SEL 1 Thiªn Hoµng Long Long Khèc Thiªn Lý (0,5,1,4,6) 12499(MONEY) at Shop[0]
[2018-09-07 09:58:17	] gcity02(5docne) SEL 1 Thiªn Hoµng Long Hoµng Kim L©n(0,8,1,3,6) 12499(MONEY) at Shop[0]
[2018-09-07 10:06:43	] gcity03(nvmoi04) SEL 1 Thiªn Hoµng Long Né Long §ång(0,3,0,1,6) 12499(MONEY) at Shop[0]
[2018-09-07 10:09:12	] gcity06(nvmoi06) SEL 1 Thiªn Hoµng Long Bµn Long c«i(0,9,1,0,6) 12499(MONEY) at Shop[0]
[2018-09-07 10:09:57	] gcity03(nvmoi04) SEL 1 Thiªn Hoµng Long Ngäc Tiªu Diªu(0,6,1,4,6) 12499(MONEY) at Shop[0]
[2018-09-07 10:54:50	] luukt54(NgoalongNM) BUY 1 [6-1-4300-1]N¨ng §éng LÔ Bao(6,1,4300,0,1) 10(COIN) at Shop[79]
[2018-09-07 10:55:02	] luukt54(NgoalongNM) BUY 1 [6-1-4300-1]N¨ng §éng LÔ Bao(6,1,4300,0,1) 10(COIN) at Shop[79]
[2018-09-07 14:13:40	] anhthusqt1(docmadep) SEL 1 Thiªn Hoµng Long Bµn Long c«i(0,9,1,0,6) 12499(MONEY) at Shop[12]
[2018-09-07 14:13:40	] anhthusqt1(docmadep) SEL 1 Thiªn Hoµng Long B¹ch Long Tøc(0,2,18,0,6) 12499(MONEY) at Shop[12]
[2018-09-07 14:13:43	] anhthusqt1(docmadep) SEL 1 Thiªn Hoµng Long Bµn Long c«i(0,9,1,0,6) 12499(MONEY) at Shop[12]
[2018-09-07 21:00:05	] phamtungdhv2(ZzNgocCuxizZ) SEL 1 Thiªn Hoµng Long B¹ch Long Tøc(0,2,18,0,6) 12499(MONEY) at Shop[20]
[2018-09-07 21:00:06	] phamtungdhv2(ZzNgocCuxizZ) SEL 1 Thiªn Hoµng Long TrÊn Minh Liªn(0,4,1,1,6) 12499(MONEY) at Shop[20]
[2018-09-07 21:01:05	] phamtungdhv3(ZzNhimXinhzZ) SEL 1 Thiªn Hoµng Long Ngäc Tiªu Diªu(0,6,1,4,6) 12499(MONEY) at Shop[20]
[2018-09-07 21:01:08	] phamtungdhv3(ZzNhimXinhzZ) SEL 1 Thiªn Hoµng Long Bµn Long c«i(0,9,1,0,6) 12499(MONEY) at Shop[20]
[2018-09-07 21:01:11	] phamtungdhv3(ZzNhimXinhzZ) SEL 1 Thiªn Hoµng Long Long Khèc Thiªn Lý (0,5,1,4,6) 12499(MONEY) at Shop[20]
[2018-09-07 21:02:51	] phamtungdhv5(ZzThaiSonzZ) SEL 1 Thiªn Hoµng Long Long Khèc Thiªn Lý (0,5,1,4,6) 12499(MONEY) at Shop[20]
[2018-09-07 21:02:53	] phamtungdhv5(ZzThaiSonzZ) SEL 1 Thiªn Hoµng Long Long §µi(0,7,4,2,6) 12499(MONEY) at Shop[20]
[2018-09-07 21:02:54	] phamtungdhv5(ZzThaiSonzZ) SEL 1 Thiªn Hoµng Long Long §µi(0,7,4,2,6) 12499(MONEY) at Shop[20]
[2018-09-07 21:03:34	] phamtungdhv6(ZzYunazZ) SEL 1 Thiªn Hoµng Long B¹ch Long Tøc(0,2,18,0,6) 12499(MONEY) at Shop[20]
[2018-09-07 21:03:35	] phamtungdhv6(ZzYunazZ) SEL 1 Thiªn Hoµng Long B¹ch Long Tøc(0,2,18,0,6) 12499(MONEY) at Shop[20]
[2018-09-07 21:03:36	] phamtungdhv6(ZzYunazZ) SEL 1 Thiªn Hoµng Long Hoµng Kim L©n(0,8,1,3,6) 12499(MONEY) at Shop[20]
[2018-09-07 21:03:37	] phamtungdhv6(ZzYunazZ) SEL 1 Thiªn Hoµng Long TrÊn Minh Liªn(0,4,1,1,6) 12499(MONEY) at Shop[20]
[2018-09-07 21:03:39	] phamtungdhv6(ZzYunazZ) SEL 1 Thiªn Hoµng Long Cöu HiÖn chØ (0,3,0,2,6) 12499(MONEY) at Shop[20]
