2018-09-07 02:35:15	luukt54(NgoalongNM): Level(116), Protect(1-0-1), Hook(0), CallNotInSelf(0-0-0), SearchNpc(0), MKInput(0, 0), SignCode(0)
2018-09-07 02:35:15	luukt54(NgoalongNM) Status: RefuseCount(0), Fight(1), MapID-X-Y(340-6-20), Stall(0), Trading(0)
2018-09-07 02:35:42	tuanlovekun3(4StÙThiªnÙNhÉn): Level(102), Protect(1-0-1), Hook(0), CallNotInSelf(0-0-0), SearchNpc(0), MKInput(0, 0), SignCode(0)
2018-09-07 02:35:42	tuanlovekun3(4StÙThiªnÙNhÉn) Status: RefuseCount(0), Fight(1), MapID-X-Y(340-13-11), Stall(0), Trading(0)
2018-09-07 02:35:49	namhai01(MaPhongBa): Level(91), Protect(1-0-1), Hook(0), CallNotInSelf(0-0-0), SearchNpc(0), MKInput(0, 0), SignCode(0)
2018-09-07 02:35:49	namhai01(MaPhongBa) Status: RefuseCount(0), Fight(1), MapID-X-Y(322-15-20), Stall(0), Trading(0)
2018-09-07 02:36:09	nam92hd2(PhongÙThÇn): Level(102), Protect(1-0-1), Hook(0), CallNotInSelf(0-0-0), SearchNpc(0), MKInput(0, 0), SignCode(0)
2018-09-07 02:36:09	nam92hd2(PhongÙThÇn) Status: RefuseCount(0), Fight(1), MapID-X-Y(340-9-26), Stall(0), Trading(0)
2018-09-07 02:36:23	namhai007(namhai07): Level(84), Protect(1-0-1), Hook(0), CallNotInSelf(0-0-0), SearchNpc(0), MKInput(0, 0), SignCode(0)
2018-09-07 02:36:23	namhai007(namhai07) Status: RefuseCount(0), Fight(1), MapID-X-Y(322-9-11), Stall(0), Trading(0)
2018-09-07 02:36:34	namhai008(namhai08): Level(84), Protect(1-0-1), Hook(0), CallNotInSelf(0-0-0), SearchNpc(0), MKInput(0, 0), SignCode(0)
2018-09-07 02:36:34	namhai008(namhai08) Status: RefuseCount(0), Fight(1), MapID-X-Y(322-4-9), Stall(0), Trading(0)
2018-09-07 02:37:15	namhai05(namhai05): Level(86), Protect(1-0-1), Hook(0), CallNotInSelf(0-0-0), SearchNpc(0), MKInput(0, 0), SignCode(0)
2018-09-07 02:37:15	namhai05(namhai05) Status: RefuseCount(0), Fight(1), MapID-X-Y(322-5-26), Stall(0), Trading(0)
2018-09-07 02:37:42	namhai04(namhai04): Level(86), Protect(1-0-1), Hook(0), CallNotInSelf(0-0-0), SearchNpc(0), MKInput(0, 0), SignCode(0)
2018-09-07 02:37:42	namhai04(namhai04) Status: RefuseCount(0), Fight(1), MapID-X-Y(322-15-12), Stall(0), Trading(0)
2018-09-07 02:38:17	namhai0011(namhai11): Level(83), Protect(1-0-1), Hook(0), CallNotInSelf(0-0-0), SearchNpc(0), MKInput(0, 0), SignCode(0)
2018-09-07 02:38:17	namhai0011(namhai11) Status: RefuseCount(0), Fight(1), MapID-X-Y(322-15-14), Stall(0), Trading(0)
2018-09-07 02:38:24	namhai009(namhai09): Level(83), Protect(1-0-1), Hook(0), CallNotInSelf(0-0-0), SearchNpc(0), MKInput(0, 0), SignCode(0)
2018-09-07 02:38:24	namhai009(namhai09) Status: RefuseCount(0), Fight(1), MapID-X-Y(322-7-3), Stall(0), Trading(0)
2018-09-07 02:38:46	tuanlovekun4(5StÙThiªnÙNhÉn): Level(102), Protect(1-0-1), Hook(0), CallNotInSelf(0-0-0), SearchNpc(0), MKInput(0, 0), SignCode(0)
2018-09-07 02:38:46	tuanlovekun4(5StÙThiªnÙNhÉn) Status: RefuseCount(0), Fight(1), MapID-X-Y(340-15-29), Stall(0), Trading(0)
2018-09-07 02:39:17	luukt53(NgoalongVD): Level(131), Protect(1-0-1), Hook(0), CallNotInSelf(0-0-0), SearchNpc(0), MKInput(0, 0), SignCode(0)
2018-09-07 02:39:17	luukt53(NgoalongVD) Status: RefuseCount(0), Fight(1), MapID-X-Y(340-9-31), Stall(0), Trading(0)
2018-09-07 02:39:29	luukt52(NgoalongTN): Level(99), Protect(1-0-1), Hook(0), CallNotInSelf(0-0-0), SearchNpc(0), MKInput(0, 0), SignCode(0)
2018-09-07 02:39:29	luukt52(NgoalongTN) Status: RefuseCount(0), Fight(1), MapID-X-Y(340-9-0), Stall(0), Trading(0)
2018-09-07 02:40:00	tuanlovekun1(2StÙThiªnÙNhÉn): Level(99), Protect(1-0-1), Hook(0), CallNotInSelf(0-0-0), SearchNpc(0), MKInput(0, 0), SignCode(0)
2018-09-07 02:40:00	tuanlovekun1(2StÙThiªnÙNhÉn) Status: RefuseCount(0), Fight(1), MapID-X-Y(205-14-23), Stall(0), Trading(0)
2018-09-07 02:41:05	namhai0010(namhai10): Level(83), Protect(1-0-1), Hook(0), CallNotInSelf(0-0-0), SearchNpc(0), MKInput(0, 0), SignCode(0)
2018-09-07 02:41:05	namhai0010(namhai10) Status: RefuseCount(0), Fight(1), MapID-X-Y(322-15-24), Stall(0), Trading(0)
2018-09-07 02:41:06	tuanlovekun(1StÙThiªnÙNhÉn): Level(105), Protect(1-0-1), Hook(0), CallNotInSelf(0-0-0), SearchNpc(0), MKInput(0, 0), SignCode(0)
2018-09-07 02:41:06	tuanlovekun(1StÙThiªnÙNhÉn) Status: RefuseCount(0), Fight(1), MapID-X-Y(340-9-31), Stall(0), Trading(0)
2018-09-07 02:43:28	namhai0012(namhai12): Level(84), Protect(1-0-1), Hook(0), CallNotInSelf(0-0-0), SearchNpc(0), MKInput(0, 0), SignCode(0)
2018-09-07 02:43:28	namhai0012(namhai12) Status: RefuseCount(0), Fight(1), MapID-X-Y(322-9-14), Stall(0), Trading(0)
2018-09-07 02:44:44	namhai003(namhai03): Level(85), Protect(1-0-1), Hook(0), CallNotInSelf(0-0-0), SearchNpc(0), MKInput(0, 0), SignCode(0)
2018-09-07 02:44:44	namhai003(namhai03) Status: RefuseCount(0), Fight(1), MapID-X-Y(322-8-22), Stall(0), Trading(0)
2018-09-07 02:44:58	tuanlovekun2(3StÙThiªnÙNhÉn): Level(105), Protect(1-0-1), Hook(0), CallNotInSelf(0-0-0), SearchNpc(0), MKInput(0, 0), SignCode(0)
2018-09-07 02:44:58	tuanlovekun2(3StÙThiªnÙNhÉn) Status: RefuseCount(0), Fight(1), MapID-X-Y(340-7-31), Stall(0), Trading(0)
2018-09-07 02:49:52	nam92hd(HáaThÇnÙV«Song): Level(113), Protect(1-0-1), Hook(0), CallNotInSelf(0-0-0), SearchNpc(0), MKInput(0, 0), SignCode(0)
2018-09-07 02:49:52	nam92hd(HáaThÇnÙV«Song) Status: RefuseCount(0), Fight(1), MapID-X-Y(340-13-11), Stall(0), Trading(0)
2018-09-07 02:53:21	tuanlovekun5(§­êngÙM«n): Level(113), Protect(1-0-1), Hook(0), CallNotInSelf(0-0-0), SearchNpc(0), MKInput(0, 0), SignCode(0)
2018-09-07 02:53:21	tuanlovekun5(§­êngÙM«n) Status: RefuseCount(0), Fight(1), MapID-X-Y(340-8-17), Stall(0), Trading(0)
2018-09-07 03:05:52	nam92hd1(ThÇnÙT¨ng): Level(101), Protect(1-0-1), Hook(0), CallNotInSelf(0-0-0), SearchNpc(0), MKInput(0, 0), SignCode(0)
2018-09-07 03:05:52	nam92hd1(ThÇnÙT¨ng) Status: RefuseCount(0), Fight(1), MapID-X-Y(340-15-8), Stall(0), Trading(0)
2018-09-07 03:08:55	namhai06(namhai06): Level(85), Protect(1-0-1), Hook(0), CallNotInSelf(0-0-0), SearchNpc(0), MKInput(0, 0), SignCode(0)
2018-09-07 03:08:55	namhai06(namhai06) Status: RefuseCount(0), Fight(1), MapID-X-Y(322-15-11), Stall(0), Trading(0)
2018-09-07 03:11:46	nam92hd3(ThiªnÙ§ÞaÙV«ÙCùc): Level(102), Protect(1-0-1), Hook(0), CallNotInSelf(0-0-0), SearchNpc(0), MKInput(0, 0), SignCode(0)
2018-09-07 03:11:46	nam92hd3(ThiªnÙ§ÞaÙV«ÙCùc) Status: RefuseCount(0), Fight(1), MapID-X-Y(340-6-25), Stall(0), Trading(0)
2018-09-07 03:16:48	nam92hd5(CuÙChäcÙNg­îc): Level(100), Protect(1-0-1), Hook(0), CallNotInSelf(0-0-0), SearchNpc(0), MKInput(0, 0), SignCode(0)
2018-09-07 03:16:48	nam92hd5(CuÙChäcÙNg­îc) Status: RefuseCount(0), Fight(1), MapID-X-Y(340-11-28), Stall(0), Trading(0)
2018-09-07 03:18:41	nam92hd4(HoaÙR¬iÙCöaÙPhËt): Level(101), Protect(1-0-1), Hook(0), CallNotInSelf(0-0-0), SearchNpc(0), MKInput(0, 0), SignCode(0)
2018-09-07 03:18:41	nam92hd4(HoaÙR¬iÙCöaÙPhËt) Status: RefuseCount(0), Fight(1), MapID-X-Y(340-3-14), Stall(0), Trading(0)
2018-09-07 03:29:14	luukt55(NgoalongCB): Level(100), Protect(1-0-1), Hook(0), CallNotInSelf(0-0-0), SearchNpc(0), MKInput(0, 0), SignCode(0)
2018-09-07 03:29:14	luukt55(NgoalongCB) Status: RefuseCount(0), Fight(1), MapID-X-Y(340-2-9), Stall(0), Trading(0)
2018-09-07 04:53:14	unlock911(Unlock911): Level(106), Protect(1-0-1), Hook(0), CallNotInSelf(0-0-0), SearchNpc(0), MKInput(0, 0), SignCode(0)
2018-09-07 04:53:14	unlock911(Unlock911) Status: RefuseCount(0), Fight(1), MapID-X-Y(321-11-18), Stall(0), Trading(0)
2018-09-07 06:18:55	unlock912(Unlock912): Level(100), Protect(1-0-1), Hook(0), CallNotInSelf(0-0-0), SearchNpc(0), MKInput(0, 0), SignCode(0)
2018-09-07 06:18:55	unlock912(Unlock912) Status: RefuseCount(0), Fight(1), MapID-X-Y(321-0-24), Stall(0), Trading(0)
2018-09-07 06:39:05	namhai01(MaPhongBa): Level(91), Protect(0-0-1), Hook(0), CallNotInSelf(0-0-0), SearchNpc(0), MKInput(0, 0), SignCode(0)
2018-09-07 06:39:05	namhai01(MaPhongBa) Status: RefuseCount(0), Fight(1), MapID-X-Y(322-8-6), Stall(0), Trading(0)
2018-09-07 06:39:21	namhai02(namhai02): Level(86), Protect(0-0-1), Hook(0), CallNotInSelf(0-0-0), SearchNpc(0), MKInput(0, 0), SignCode(0)
2018-09-07 06:39:21	namhai02(namhai02) Status: RefuseCount(0), Fight(1), MapID-X-Y(322-2-2), Stall(0), Trading(0)
2018-09-07 06:40:16	namhai04(namhai04): Level(86), Protect(0-0-1), Hook(0), CallNotInSelf(0-0-0), SearchNpc(0), MKInput(0, 0), SignCode(0)
2018-09-07 06:40:16	namhai04(namhai04) Status: RefuseCount(0), Fight(1), MapID-X-Y(322-5-21), Stall(0), Trading(0)
2018-09-07 06:40:45	namhai05(namhai05): Level(87), Protect(0-0-1), Hook(0), CallNotInSelf(0-0-0), SearchNpc(0), MKInput(0, 0), SignCode(0)
2018-09-07 06:40:45	namhai05(namhai05) Status: RefuseCount(0), Fight(1), MapID-X-Y(322-6-31), Stall(0), Trading(0)
2018-09-07 06:41:55	namhai003(namhai03): Level(85), Protect(0-0-1), Hook(0), CallNotInSelf(0-0-0), SearchNpc(0), MKInput(0, 0), SignCode(0)
2018-09-07 06:41:55	namhai003(namhai03) Status: RefuseCount(0), Fight(1), MapID-X-Y(322-7-24), Stall(0), Trading(0)
2018-09-07 06:43:46	namhai06(namhai06): Level(85), Protect(0-0-1), Hook(0), CallNotInSelf(0-0-0), SearchNpc(0), MKInput(0, 0), SignCode(0)
2018-09-07 06:43:46	namhai06(namhai06) Status: RefuseCount(0), Fight(1), MapID-X-Y(322-12-5), Stall(0), Trading(0)
2018-09-07 07:26:54	luukt51(NgoaLongTN): Level(96), Protect(1-0-1), Hook(0), CallNotInSelf(0-0-0), SearchNpc(0), MKInput(0, 0), SignCode(0)
2018-09-07 07:26:54	luukt51(NgoaLongTN) Status: RefuseCount(0), Fight(1), MapID-X-Y(340-14-26), Stall(0), Trading(0)
2018-09-07 07:26:54	luukt56(NgoalongND): Level(98), Protect(1-0-1), Hook(0), CallNotInSelf(0-0-0), SearchNpc(0), MKInput(0, 0), SignCode(0)
2018-09-07 07:26:54	luukt56(NgoalongND) Status: RefuseCount(0), Fight(1), MapID-X-Y(340-15-24), Stall(0), Trading(0)
2018-09-07 07:36:28	luukt53(NgoalongVD): Level(131), Protect(1-0-1), Hook(0), CallNotInSelf(0-0-0), SearchNpc(0), MKInput(0, 0), SignCode(0)
2018-09-07 07:36:28	luukt53(NgoalongVD) Status: RefuseCount(0), Fight(1), MapID-X-Y(1-10-10), Stall(0), Trading(0)
2018-09-07 07:44:11	vunguyen1984(BinBin): Level(96), Protect(0-0-1), Hook(0), CallNotInSelf(0-0-0), SearchNpc(0), MKInput(0, 0), SignCode(0)
2018-09-07 07:44:11	vunguyen1984(BinBin) Status: RefuseCount(0), Fight(1), MapID-X-Y(174-14-18), Stall(0), Trading(0)
2018-09-07 07:44:38	vunguyen1988(111111111): Level(106), Protect(0-0-1), Hook(0), CallNotInSelf(0-0-0), SearchNpc(0), MKInput(0, 0), SignCode(0)
2018-09-07 07:44:38	vunguyen1988(111111111) Status: RefuseCount(0), Fight(1), MapID-X-Y(153-1-12), Stall(0), Trading(0)
2018-09-07 09:01:44	timlaivohien(EyeSmile): Level(100), Protect(0-0-1), Hook(0), CallNotInSelf(0-0-0), SearchNpc(0), MKInput(0, 0), SignCode(0)
2018-09-07 09:01:44	timlaivohien(EyeSmile) Status: RefuseCount(0), Fight(1), MapID-X-Y(321-14-25), Stall(0), Trading(0)
2018-09-07 09:05:21	timlaivohien1(EyeSmile2): Level(94), Protect(0-0-1), Hook(0), CallNotInSelf(0-0-0), SearchNpc(0), MKInput(0, 0), SignCode(0)
2018-09-07 09:05:21	timlaivohien1(EyeSmile2) Status: RefuseCount(0), Fight(1), MapID-X-Y(320-5-15), Stall(0), Trading(0)
2018-09-07 09:06:22	timlaivohien2(EyeSmile6): Level(93), Protect(1-0-1), Hook(0), CallNotInSelf(0-0-0), SearchNpc(0), MKInput(0, 0), SignCode(0)
2018-09-07 09:06:22	timlaivohien2(EyeSmile6) Status: RefuseCount(0), Fight(1), MapID-X-Y(320-9-19), Stall(0), Trading(0)
2018-09-07 09:34:14	timlaivohien(121324): Level(80), Protect(1-0-1), Hook(0), CallNotInSelf(0-0-0), SearchNpc(0), MKInput(0, 0), SignCode(0)
2018-09-07 09:34:14	timlaivohien(121324) Status: RefuseCount(0), Fight(1), MapID-X-Y(53-8-30), Stall(0), Trading(0)
2018-09-07 09:49:52	bando(HDÙMÑThiªnH¹): Level(122), Protect(0-0-1), Hook(0), CallNotInSelf(0-0-0), SearchNpc(0), MKInput(0, 0), SignCode(0)
2018-09-07 09:49:52	bando(HDÙMÑThiªnH¹) Status: RefuseCount(0), Fight(1), MapID-X-Y(20-1-3), Stall(0), Trading(0)
2018-09-07 09:50:45	gcity05(nvmoi05): Level(81), Protect(0-0-1), Hook(0), CallNotInSelf(0-0-0), SearchNpc(0), MKInput(0, 0), SignCode(0)
2018-09-07 09:50:45	gcity05(nvmoi05) Status: RefuseCount(0), Fight(1), MapID-X-Y(11-15-3), Stall(0), Trading(0)
2018-09-07 09:50:46	gcity01(nvmoi02): Level(80), Protect(0-0-1), Hook(0), CallNotInSelf(0-0-0), SearchNpc(0), MKInput(0, 0), SignCode(0)
2018-09-07 09:50:46	gcity01(nvmoi02) Status: RefuseCount(0), Fight(1), MapID-X-Y(11-13-8), Stall(0), Trading(0)
2018-09-07 09:50:46	gcity04(nvmoi01): Level(80), Protect(0-0-1), Hook(0), CallNotInSelf(0-0-0), SearchNpc(0), MKInput(0, 0), SignCode(0)
2018-09-07 09:50:46	gcity04(nvmoi01) Status: RefuseCount(0), Fight(1), MapID-X-Y(11-2-20), Stall(0), Trading(0)
2018-09-07 09:53:35	gcity03(nvmoi04): Level(85), Protect(0-0-1), Hook(0), CallNotInSelf(0-0-0), SearchNpc(0), MKInput(0, 0), SignCode(0)
2018-09-07 09:53:35	gcity03(nvmoi04) Status: RefuseCount(0), Fight(1), MapID-X-Y(201-13-29), Stall(0), Trading(0)
2018-09-07 09:53:36	gcity06(nvmoi06): Level(80), Protect(0-0-1), Hook(0), CallNotInSelf(0-0-0), SearchNpc(0), MKInput(0, 0), SignCode(0)
2018-09-07 09:53:36	gcity06(nvmoi06) Status: RefuseCount(0), Fight(1), MapID-X-Y(201-13-26), Stall(0), Trading(0)
2018-09-07 09:53:36	gcity02(5docne): Level(85), Protect(1-0-1), Hook(0), CallNotInSelf(0-0-0), SearchNpc(0), MKInput(0, 0), SignCode(0)
2018-09-07 09:53:36	gcity02(5docne) Status: RefuseCount(0), Fight(1), MapID-X-Y(201-13-27), Stall(0), Trading(0)
2018-09-07 09:57:38	unlock911(Unlock911): Level(106), Protect(0-0-1), Hook(0), CallNotInSelf(0-0-0), SearchNpc(0), MKInput(0, 0), SignCode(0)
2018-09-07 09:57:38	unlock911(Unlock911) Status: RefuseCount(0), Fight(1), MapID-X-Y(321-1-26), Stall(0), Trading(0)
2018-09-07 09:57:43	unlock912(Unlock912): Level(100), Protect(0-0-1), Hook(0), CallNotInSelf(0-0-0), SearchNpc(0), MKInput(0, 0), SignCode(0)
2018-09-07 09:57:43	unlock912(Unlock912) Status: RefuseCount(0), Fight(1), MapID-X-Y(321-2-4), Stall(0), Trading(0)
2018-09-07 10:06:35	bando(HDÙMÑThiªnH¹): Level(122), Protect(1-0-1), Hook(0), CallNotInSelf(0-0-0), SearchNpc(0), MKInput(0, 0), SignCode(0)
2018-09-07 10:06:35	bando(HDÙMÑThiªnH¹) Status: RefuseCount(0), Fight(1), MapID-X-Y(100-7-14), Stall(0), Trading(0)
2018-09-07 10:07:40	banhang1(1234566789): Level(97), Protect(0-0-1), Hook(0), CallNotInSelf(0-0-0), SearchNpc(0), MKInput(0, 0), SignCode(0)
2018-09-07 10:07:40	banhang1(1234566789) Status: RefuseCount(0), Fight(1), MapID-X-Y(100-8-15), Stall(0), Trading(0)
2018-09-07 10:24:59	thoakhungz1(§ÇuÙTräcÙ9ÙChÊm): Level(110), Protect(1-0-1), Hook(0), CallNotInSelf(0-0-0), SearchNpc(0), MKInput(0, 0), SignCode(0)
2018-09-07 10:24:59	thoakhungz1(§ÇuÙTräcÙ9ÙChÊm) Status: RefuseCount(0), Fight(1), MapID-X-Y(340-0-30), Stall(0), Trading(0)
2018-09-07 10:26:15	thoakhungz4(ThöÙ§ôngÙTaoÙ§i): Level(111), Protect(1-0-1), Hook(0), CallNotInSelf(0-0-0), SearchNpc(0), MKInput(0, 0), SignCode(0)
2018-09-07 10:26:15	thoakhungz4(ThöÙ§ôngÙTaoÙ§i) Status: RefuseCount(0), Fight(1), MapID-X-Y(340-9-7), Stall(0), Trading(0)
2018-09-07 10:44:12	luukt55(NgoalongCB): Level(100), Protect(1-0-1), Hook(0), CallNotInSelf(0-0-0), SearchNpc(0), MKInput(0, 0), SignCode(0)
2018-09-07 10:44:12	luukt55(NgoalongCB) Status: RefuseCount(0), Fight(1), MapID-X-Y(1-0-9), Stall(0), Trading(0)
2018-09-07 10:44:12	luukt53(NgoalongVD): Level(131), Protect(1-0-1), Hook(0), CallNotInSelf(0-0-0), SearchNpc(0), MKInput(0, 0), SignCode(0)
2018-09-07 10:44:12	luukt53(NgoalongVD) Status: RefuseCount(0), Fight(1), MapID-X-Y(1-0-6), Stall(0), Trading(0)
2018-09-07 10:44:14	luukt51(NgoaLongTN): Level(96), Protect(1-0-1), Hook(0), CallNotInSelf(0-0-0), SearchNpc(0), MKInput(0, 0), SignCode(0)
2018-09-07 10:44:14	luukt51(NgoaLongTN) Status: RefuseCount(0), Fight(1), MapID-X-Y(1-1-12), Stall(0), Trading(0)
2018-09-07 10:44:28	luukt56(NgoalongND): Level(98), Protect(1-0-1), Hook(0), CallNotInSelf(0-0-0), SearchNpc(0), MKInput(0, 0), SignCode(0)
2018-09-07 10:44:28	luukt56(NgoalongND) Status: RefuseCount(0), Fight(1), MapID-X-Y(1-12-1), Stall(0), Trading(0)
2018-09-07 10:54:37	luukt54(NgoalongNM): Level(118), Protect(1-0-1), Hook(0), CallNotInSelf(0-0-0), SearchNpc(0), MKInput(0, 0), SignCode(0)
2018-09-07 10:54:37	luukt54(NgoalongNM) Status: RefuseCount(0), Fight(1), MapID-X-Y(1-13-1), Stall(0), Trading(0)
2018-09-07 10:56:17	luukt52(NgoalongTN): Level(100), Protect(1-0-1), Hook(0), CallNotInSelf(0-0-0), SearchNpc(0), MKInput(0, 0), SignCode(0)
2018-09-07 10:56:17	luukt52(NgoalongTN) Status: RefuseCount(0), Fight(1), MapID-X-Y(11-14-4), Stall(0), Trading(0)
2018-09-07 11:01:27	ctcshxt1(CTCÙTiÒnÙ01): Level(93), Protect(1-0-1), Hook(0), CallNotInSelf(0-0-0), SearchNpc(0), MKInput(0, 0), SignCode(0)
2018-09-07 11:01:27	ctcshxt1(CTCÙTiÒnÙ01) Status: RefuseCount(0), Fight(1), MapID-X-Y(340-12-13), Stall(0), Trading(0)
2018-09-07 11:01:48	ctcshxt2(CTCÙTiÒnÙ02): Level(91), Protect(1-0-1), Hook(0), CallNotInSelf(0-0-0), SearchNpc(0), MKInput(0, 0), SignCode(0)
2018-09-07 11:01:48	ctcshxt2(CTCÙTiÒnÙ02) Status: RefuseCount(0), Fight(1), MapID-X-Y(340-14-13), Stall(0), Trading(0)
2018-09-07 11:02:14	ctcshxt3(CTCÙTiÒnÙ03): Level(91), Protect(1-0-1), Hook(0), CallNotInSelf(0-0-0), SearchNpc(0), MKInput(0, 0), SignCode(0)
2018-09-07 11:02:14	ctcshxt3(CTCÙTiÒnÙ03) Status: RefuseCount(0), Fight(1), MapID-X-Y(340-14-9), Stall(0), Trading(0)
2018-09-07 11:02:35	ctcshxt4(CTCÙTiÒnÙ04): Level(93), Protect(1-0-1), Hook(0), CallNotInSelf(0-0-0), SearchNpc(0), MKInput(0, 0), SignCode(0)
2018-09-07 11:02:35	ctcshxt4(CTCÙTiÒnÙ04) Status: RefuseCount(0), Fight(1), MapID-X-Y(340-2-31), Stall(0), Trading(0)
2018-09-07 11:02:58	ctcshxt5(CTCÙTiÒnÙ05): Level(93), Protect(1-0-1), Hook(0), CallNotInSelf(0-0-0), SearchNpc(0), MKInput(0, 0), SignCode(0)
2018-09-07 11:02:58	ctcshxt5(CTCÙTiÒnÙ05) Status: RefuseCount(0), Fight(1), MapID-X-Y(340-1-30), Stall(0), Trading(0)
2018-09-07 11:03:24	ctcshxt6(CTCÙTiÒnÙ06): Level(93), Protect(1-0-1), Hook(0), CallNotInSelf(0-0-0), SearchNpc(0), MKInput(0, 0), SignCode(0)
2018-09-07 11:03:24	ctcshxt6(CTCÙTiÒnÙ06) Status: RefuseCount(0), Fight(1), MapID-X-Y(340-1-27), Stall(0), Trading(0)
2018-09-07 11:42:17	nonhandl(NhËmÙNg·ÙHµnhÙ): Level(128), Protect(1-0-1), Hook(0), CallNotInSelf(0-0-0), SearchNpc(0), MKInput(0, 0), SignCode(0)
2018-09-07 11:42:17	nonhandl(NhËmÙNg·ÙHµnhÙ) Status: RefuseCount(0), Fight(1), MapID-X-Y(340-1-13), Stall(0), Trading(0)
2018-09-07 11:54:59	bomsin04(TrÊnThµnh): Level(80), Protect(1-0-1), Hook(0), CallNotInSelf(0-0-0), SearchNpc(0), MKInput(0, 0), SignCode(0)
2018-09-07 11:54:59	bomsin04(TrÊnThµnh) Status: RefuseCount(0), Fight(1), MapID-X-Y(320-0-30), Stall(0), Trading(0)
2018-09-07 12:17:11	gcity01(nvmoi02): Level(80), Protect(1-0-1), Hook(0), CallNotInSelf(0-0-0), SearchNpc(0), MKInput(0, 0), SignCode(0)
2018-09-07 12:17:11	gcity01(nvmoi02) Status: RefuseCount(0), Fight(1), MapID-X-Y(78-12-4), Stall(0), Trading(0)
2018-09-07 13:25:43	luukt55(NgoalongCB): Level(100), Protect(1-0-1), Hook(0), CallNotInSelf(0-0-0), SearchNpc(0), MKInput(0, 0), SignCode(0)
2018-09-07 13:25:43	luukt55(NgoalongCB) Status: RefuseCount(0), Fight(1), MapID-X-Y(227-14-22), Stall(0), Trading(0)
2018-09-07 13:53:37	anhthusqt1(docmadep): Level(100), Protect(0-0-1), Hook(0), CallNotInSelf(0-0-0), SearchNpc(0), MKInput(0, 0), SignCode(0)
2018-09-07 13:53:37	anhthusqt1(docmadep) Status: RefuseCount(0), Fight(1), MapID-X-Y(93-9-11), Stall(0), Trading(0)
2018-09-07 14:04:16	anhthusqt(caibangcuibap): Level(100), Protect(0-0-1), Hook(0), CallNotInSelf(0-0-0), SearchNpc(0), MKInput(0, 0), SignCode(0)
2018-09-07 14:04:16	anhthusqt(caibangcuibap) Status: RefuseCount(0), Fight(1), MapID-X-Y(93-10-14), Stall(0), Trading(0)
2018-09-07 14:10:02	vunguyen1988(111111111): Level(106), Protect(0-0-1), Hook(0), CallNotInSelf(0-0-0), SearchNpc(0), MKInput(0, 0), SignCode(0)
2018-09-07 14:10:02	vunguyen1988(111111111) Status: RefuseCount(0), Fight(1), MapID-X-Y(174-9-8), Stall(0), Trading(0)
2018-09-07 14:10:51	vunguyen1984(BinBin): Level(96), Protect(1-0-1), Hook(0), CallNotInSelf(0-0-0), SearchNpc(0), MKInput(0, 0), SignCode(0)
2018-09-07 14:10:51	vunguyen1984(BinBin) Status: RefuseCount(0), Fight(1), MapID-X-Y(153-6-12), Stall(0), Trading(0)
2018-09-07 14:12:09	tuanlovekun(1StÙThiªnÙNhÉn): Level(105), Protect(0-0-1), Hook(0), CallNotInSelf(0-0-0), SearchNpc(0), MKInput(0, 0), SignCode(0)
2018-09-07 14:12:09	tuanlovekun(1StÙThiªnÙNhÉn) Status: RefuseCount(0), Fight(1), MapID-X-Y(340-2-2), Stall(0), Trading(0)
2018-09-07 14:12:45	tuanlovekun3(4StÙThiªnÙNhÉn): Level(102), Protect(0-0-1), Hook(0), CallNotInSelf(0-0-0), SearchNpc(0), MKInput(0, 0), SignCode(0)
2018-09-07 14:12:45	tuanlovekun3(4StÙThiªnÙNhÉn) Status: RefuseCount(0), Fight(1), MapID-X-Y(340-0-8), Stall(0), Trading(0)
2018-09-07 14:13:17	tuanlovekun5(§­êngÙM«n): Level(113), Protect(0-0-1), Hook(0), CallNotInSelf(0-0-0), SearchNpc(0), MKInput(0, 0), SignCode(0)
2018-09-07 14:13:17	tuanlovekun5(§­êngÙM«n) Status: RefuseCount(0), Fight(1), MapID-X-Y(340-1-31), Stall(0), Trading(0)
2018-09-07 14:15:05	tuanlovekun4(5StÙThiªnÙNhÉn): Level(102), Protect(0-0-1), Hook(0), CallNotInSelf(0-0-0), SearchNpc(0), MKInput(0, 0), SignCode(0)
2018-09-07 14:15:05	tuanlovekun4(5StÙThiªnÙNhÉn) Status: RefuseCount(0), Fight(1), MapID-X-Y(340-9-12), Stall(0), Trading(0)
2018-09-07 14:16:52	tuanlovekun1(2StÙThiªnÙNhÉn): Level(100), Protect(0-0-1), Hook(0), CallNotInSelf(0-0-0), SearchNpc(0), MKInput(0, 0), SignCode(0)
2018-09-07 14:16:52	tuanlovekun1(2StÙThiªnÙNhÉn) Status: RefuseCount(0), Fight(1), MapID-X-Y(205-14-6), Stall(0), Trading(0)
2018-09-07 14:27:04	tuanlovekun2(3StÙThiªnÙNhÉn): Level(105), Protect(0-0-1), Hook(0), CallNotInSelf(0-0-0), SearchNpc(0), MKInput(0, 0), SignCode(0)
2018-09-07 14:27:04	tuanlovekun2(3StÙThiªnÙNhÉn) Status: RefuseCount(0), Fight(1), MapID-X-Y(340-14-27), Stall(0), Trading(0)
2018-09-07 14:30:58	vunguyen1988(111111111): Level(106), Protect(0-0-1), Hook(0), CallNotInSelf(0-0-0), SearchNpc(0), MKInput(0, 0), SignCode(0)
2018-09-07 14:30:58	vunguyen1988(111111111) Status: RefuseCount(0), Fight(1), MapID-X-Y(53-15-6), Stall(0), Trading(0)
2018-09-07 17:28:25	nonhanty(TÇnÙH¹oÙMiªn): Level(87), Protect(1-0-1), Hook(0), CallNotInSelf(0-0-0), SearchNpc(0), MKInput(0, 0), SignCode(0)
2018-09-07 17:28:25	nonhanty(TÇnÙH¹oÙMiªn) Status: RefuseCount(0), Fight(1), MapID-X-Y(78-8-26), Stall(0), Trading(0)
2018-09-07 17:29:12	nonhantn(HµnÙL©mÙNhi): Level(97), Protect(1-0-1), Hook(0), CallNotInSelf(0-0-0), SearchNpc(0), MKInput(0, 0), SignCode(0)
2018-09-07 17:29:12	nonhantn(HµnÙL©mÙNhi) Status: RefuseCount(0), Fight(1), MapID-X-Y(319-11-19), Stall(0), Trading(0)
2018-09-07 18:46:58	luukt53(NgoalongVD): Level(131), Protect(0-0-1), Hook(0), CallNotInSelf(0-0-0), SearchNpc(0), MKInput(0, 0), SignCode(0)
2018-09-07 18:46:58	luukt53(NgoalongVD) Status: RefuseCount(0), Fight(1), MapID-X-Y(227-0-2), Stall(0), Trading(0)
2018-09-07 19:12:56	bando(HDÙMÑThiªnH¹): Level(122), Protect(0-0-1), Hook(0), CallNotInSelf(0-0-0), SearchNpc(0), MKInput(0, 0), SignCode(0)
2018-09-07 19:12:56	bando(HDÙMÑThiªnH¹) Status: RefuseCount(0), Fight(1), MapID-X-Y(990-12-27), Stall(0), Trading(0)
2018-09-07 19:14:24	luukt54(NgoalongNM): Level(118), Protect(0-0-1), Hook(0), CallNotInSelf(0-0-0), SearchNpc(0), MKInput(0, 0), SignCode(0)
2018-09-07 19:14:24	luukt54(NgoalongNM) Status: RefuseCount(0), Fight(1), MapID-X-Y(227-12-9), Stall(0), Trading(0)
2018-09-07 19:15:37	luukt55(NgoalongCB): Level(100), Protect(0-0-1), Hook(0), CallNotInSelf(0-0-0), SearchNpc(0), MKInput(0, 0), SignCode(0)
2018-09-07 19:15:37	luukt55(NgoalongCB) Status: RefuseCount(0), Fight(1), MapID-X-Y(227-15-3), Stall(0), Trading(0)
2018-09-07 19:16:06	luukt51(NgoaLongTN): Level(96), Protect(0-0-1), Hook(0), CallNotInSelf(0-0-0), SearchNpc(0), MKInput(0, 0), SignCode(0)
2018-09-07 19:16:06	luukt51(NgoaLongTN) Status: RefuseCount(0), Fight(1), MapID-X-Y(227-14-5), Stall(0), Trading(0)
2018-09-07 19:17:04	hieuham1996(TriÖuÙTöÙLong): Level(117), Protect(0-0-1), Hook(0), CallNotInSelf(0-0-0), SearchNpc(0), MKInput(0, 0), SignCode(0)
2018-09-07 19:17:04	hieuham1996(TriÖuÙTöÙLong) Status: RefuseCount(0), Fight(1), MapID-X-Y(990-13-23), Stall(0), Trading(0)
2018-09-07 19:17:34	luukt52(NgoalongTN): Level(100), Protect(1-0-1), Hook(0), CallNotInSelf(0-0-0), SearchNpc(0), MKInput(0, 0), SignCode(0)
2018-09-07 19:17:34	luukt52(NgoalongTN) Status: RefuseCount(0), Fight(1), MapID-X-Y(227-15-0), Stall(0), Trading(0)
2018-09-07 19:18:17	luukt54(NgoalongNM): Level(118), Protect(0-0-1), Hook(0), CallNotInSelf(0-0-0), SearchNpc(0), MKInput(0, 0), SignCode(0)
2018-09-07 19:18:17	luukt54(NgoalongNM) Status: RefuseCount(0), Fight(1), MapID-X-Y(990-3-19), Stall(0), Trading(0)
2018-09-07 19:19:03	kingvl4(HDÙbuff): Level(96), Protect(0-0-1), Hook(0), CallNotInSelf(0-0-0), SearchNpc(0), MKInput(0, 0), SignCode(0)
2018-09-07 19:19:03	kingvl4(HDÙbuff) Status: RefuseCount(0), Fight(1), MapID-X-Y(990-0-12), Stall(0), Trading(0)
2018-09-07 19:19:21	unlock911(Unlock911): Level(106), Protect(0-0-1), Hook(0), CallNotInSelf(0-0-0), SearchNpc(0), MKInput(0, 0), SignCode(0)
2018-09-07 19:19:21	unlock911(Unlock911) Status: RefuseCount(0), Fight(1), MapID-X-Y(321-6-13), Stall(0), Trading(0)
2018-09-07 19:20:20	banhang1(1234566789): Level(97), Protect(0-0-1), Hook(0), CallNotInSelf(0-0-0), SearchNpc(0), MKInput(0, 0), SignCode(0)
2018-09-07 19:20:20	banhang1(1234566789) Status: RefuseCount(0), Fight(1), MapID-X-Y(990-13-1), Stall(0), Trading(0)
2018-09-07 19:22:30	luukt51(NgoaLongTN): Level(96), Protect(1-0-1), Hook(0), CallNotInSelf(0-0-0), SearchNpc(0), MKInput(0, 0), SignCode(0)
2018-09-07 19:22:30	luukt51(NgoaLongTN) Status: RefuseCount(0), Fight(1), MapID-X-Y(990-0-12), Stall(0), Trading(0)
2018-09-07 19:23:05	luukt53(NgoalongVD): Level(131), Protect(1-0-1), Hook(0), CallNotInSelf(0-0-0), SearchNpc(0), MKInput(0, 0), SignCode(0)
2018-09-07 19:23:05	luukt53(NgoalongVD) Status: RefuseCount(0), Fight(1), MapID-X-Y(990-14-17), Stall(0), Trading(0)
2018-09-07 19:26:06	unlock911(Unlock911): Level(106), Protect(0-0-1), Hook(0), CallNotInSelf(0-0-0), SearchNpc(0), MKInput(0, 0), SignCode(0)
2018-09-07 19:26:06	unlock911(Unlock911) Status: RefuseCount(0), Fight(1), MapID-X-Y(321-0-18), Stall(0), Trading(0)
2018-09-07 19:26:11	unlock912(Unlock912): Level(101), Protect(0-0-1), Hook(0), CallNotInSelf(0-0-0), SearchNpc(0), MKInput(0, 0), SignCode(0)
2018-09-07 19:26:11	unlock912(Unlock912) Status: RefuseCount(0), Fight(1), MapID-X-Y(321-1-15), Stall(0), Trading(0)
2018-09-07 19:27:34	thoakhungz3(HoaÙR¬iÙCængÙChî): Level(102), Protect(0-0-1), Hook(0), CallNotInSelf(0-0-0), SearchNpc(0), MKInput(0, 0), SignCode(0)
2018-09-07 19:27:34	thoakhungz3(HoaÙR¬iÙCængÙChî) Status: RefuseCount(0), Fight(1), MapID-X-Y(990-13-1), Stall(0), Trading(0)
2018-09-07 19:30:15	quocbaobp(§¹iÙThiÕuÙGia): Level(116), Protect(0-0-1), Hook(0), CallNotInSelf(0-0-0), SearchNpc(0), MKInput(0, 0), SignCode(0)
2018-09-07 19:30:15	quocbaobp(§¹iÙThiÕuÙGia) Status: RefuseCount(0), Fight(1), MapID-X-Y(990-0-12), Stall(0), Trading(0)
2018-09-07 19:32:24	luukt55(NgoalongCB): Level(100), Protect(1-0-1), Hook(0), CallNotInSelf(0-0-0), SearchNpc(0), MKInput(0, 0), SignCode(0)
2018-09-07 19:32:24	luukt55(NgoalongCB) Status: RefuseCount(0), Fight(1), MapID-X-Y(990-9-11), Stall(0), Trading(0)
2018-09-07 19:34:42	hieuham1998(HoaR¬iÙCöaPhËt): Level(92), Protect(0-0-1), Hook(0), CallNotInSelf(0-0-0), SearchNpc(0), MKInput(0, 0), SignCode(0)
2018-09-07 19:34:42	hieuham1998(HoaR¬iÙCöaPhËt) Status: RefuseCount(0), Fight(1), MapID-X-Y(78-8-26), Stall(0), Trading(0)
2018-09-07 19:47:43	kingvl4(HDÙbuff): Level(96), Protect(1-0-1), Hook(0), CallNotInSelf(0-0-0), SearchNpc(0), MKInput(0, 0), SignCode(0)
2018-09-07 19:47:43	kingvl4(HDÙbuff) Status: RefuseCount(0), Fight(1), MapID-X-Y(37-5-27), Stall(0), Trading(0)
2018-09-07 19:47:43	thoakhungz1(§ÇuÙTräcÙ9ÙChÊm): Level(110), Protect(1-0-1), Hook(0), CallNotInSelf(0-0-0), SearchNpc(0), MKInput(0, 0), SignCode(0)
2018-09-07 19:47:43	thoakhungz1(§ÇuÙTräcÙ9ÙChÊm) Status: RefuseCount(0), Fight(1), MapID-X-Y(37-5-25), Stall(0), Trading(0)
2018-09-07 19:52:56	namhai01(MaPhongBa): Level(93), Protect(0-0-1), Hook(0), CallNotInSelf(0-0-0), SearchNpc(0), MKInput(0, 0), SignCode(0)
2018-09-07 19:52:56	namhai01(MaPhongBa) Status: RefuseCount(0), Fight(1), MapID-X-Y(322-15-24), Stall(0), Trading(0)
2018-09-07 19:53:15	namhai02(namhai02): Level(88), Protect(0-0-1), Hook(0), CallNotInSelf(0-0-0), SearchNpc(0), MKInput(0, 0), SignCode(0)
2018-09-07 19:53:15	namhai02(namhai02) Status: RefuseCount(0), Fight(1), MapID-X-Y(322-4-0), Stall(0), Trading(0)
2018-09-07 19:54:11	namhai04(namhai04): Level(89), Protect(0-0-1), Hook(0), CallNotInSelf(0-0-0), SearchNpc(0), MKInput(0, 0), SignCode(0)
2018-09-07 19:54:11	namhai04(namhai04) Status: RefuseCount(0), Fight(1), MapID-X-Y(322-0-0), Stall(0), Trading(0)
2018-09-07 19:58:44	namhai06(namhai06): Level(88), Protect(0-0-1), Hook(0), CallNotInSelf(0-0-0), SearchNpc(0), MKInput(0, 0), SignCode(0)
2018-09-07 19:58:44	namhai06(namhai06) Status: RefuseCount(0), Fight(1), MapID-X-Y(322-10-18), Stall(0), Trading(0)
2018-09-07 19:58:51	namhai003(namhai03): Level(88), Protect(0-0-1), Hook(0), CallNotInSelf(0-0-0), SearchNpc(0), MKInput(0, 0), SignCode(0)
2018-09-07 19:58:51	namhai003(namhai03) Status: RefuseCount(0), Fight(1), MapID-X-Y(322-11-15), Stall(0), Trading(0)
2018-09-07 19:59:36	namhai05(namhai05): Level(89), Protect(0-0-1), Hook(0), CallNotInSelf(0-0-0), SearchNpc(0), MKInput(0, 0), SignCode(0)
2018-09-07 19:59:36	namhai05(namhai05) Status: RefuseCount(0), Fight(1), MapID-X-Y(322-2-5), Stall(0), Trading(0)
2018-09-07 20:04:02	luukt51(NgoaLongTN): Level(96), Protect(1-0-1), Hook(0), CallNotInSelf(0-0-0), SearchNpc(0), MKInput(0, 0), SignCode(0)
2018-09-07 20:04:02	luukt51(NgoaLongTN) Status: RefuseCount(0), Fight(1), MapID-X-Y(37-5-26), Stall(0), Trading(0)
2018-09-07 20:04:53	quocbaobp(§¹iÙThiÕuÙGia): Level(116), Protect(1-0-1), Hook(0), CallNotInSelf(0-0-0), SearchNpc(0), MKInput(0, 0), SignCode(0)
2018-09-07 20:04:53	quocbaobp(§¹iÙThiÕuÙGia) Status: RefuseCount(0), Fight(1), MapID-X-Y(37-8-6), Stall(0), Trading(0)
2018-09-07 20:14:38	letutl72(DoanhDoanh): Level(81), Protect(0-0-1), Hook(0), CallNotInSelf(0-0-0), SearchNpc(0), MKInput(0, 0), SignCode(0)
2018-09-07 20:14:38	letutl72(DoanhDoanh) Status: RefuseCount(0), Fight(1), MapID-X-Y(10-0-7), Stall(0), Trading(0)
2018-09-07 20:58:39	phamtungdhv4(ZzJindozZ): Level(92), Protect(0-0-1), Hook(0), CallNotInSelf(0-0-0), SearchNpc(0), MKInput(0, 0), SignCode(0)
2018-09-07 20:58:39	phamtungdhv4(ZzJindozZ) Status: RefuseCount(0), Fight(1), MapID-X-Y(93-8-0), Stall(0), Trading(0)
2018-09-07 20:58:47	phamtungdhv6(ZzYunazZ): Level(102), Protect(0-0-1), Hook(0), CallNotInSelf(0-0-0), SearchNpc(0), MKInput(0, 0), SignCode(0)
2018-09-07 20:58:47	phamtungdhv6(ZzYunazZ) Status: RefuseCount(0), Fight(1), MapID-X-Y(93-6-11), Stall(0), Trading(0)
2018-09-07 20:58:55	phamtungdhv5(ZzThaiSonzZ): Level(92), Protect(0-0-1), Hook(0), CallNotInSelf(0-0-0), SearchNpc(0), MKInput(0, 0), SignCode(0)
2018-09-07 20:58:55	phamtungdhv5(ZzThaiSonzZ) Status: RefuseCount(0), Fight(1), MapID-X-Y(93-7-1), Stall(0), Trading(0)
2018-09-07 20:59:09	phamtungdhv3(ZzNhimXinhzZ): Level(96), Protect(0-0-1), Hook(0), CallNotInSelf(0-0-0), SearchNpc(0), MKInput(0, 0), SignCode(0)
2018-09-07 20:59:09	phamtungdhv3(ZzNhimXinhzZ) Status: RefuseCount(0), Fight(1), MapID-X-Y(93-8-0), Stall(0), Trading(0)
2018-09-07 20:59:23	phamtungdhv2(ZzNgocCuxizZ): Level(92), Protect(0-0-1), Hook(0), CallNotInSelf(0-0-0), SearchNpc(0), MKInput(0, 0), SignCode(0)
2018-09-07 20:59:23	phamtungdhv2(ZzNgocCuxizZ) Status: RefuseCount(0), Fight(1), MapID-X-Y(93-8-0), Stall(0), Trading(0)
2018-09-07 20:59:29	phamtungdhv1(ZzTungpszZ): Level(93), Protect(0-0-1), Hook(0), CallNotInSelf(0-0-0), SearchNpc(0), MKInput(0, 0), SignCode(0)
2018-09-07 20:59:29	phamtungdhv1(ZzTungpszZ) Status: RefuseCount(0), Fight(1), MapID-X-Y(93-8-0), Stall(0), Trading(0)
2018-09-07 23:02:46	letutl77(AnLyLy): Level(80), Protect(0-0-1), Hook(0), CallNotInSelf(0-0-0), SearchNpc(0), MKInput(0, 0), SignCode(0)
2018-09-07 23:02:46	letutl77(AnLyLy) Status: RefuseCount(0), Fight(1), MapID-X-Y(202-14-19), Stall(0), Trading(0)
