2018-09-07 02:35:37	namhai02(namhai02) disconnect: Status(3), ExchangingStatus(0)
2018-09-07 02:38:05	minhtrand19(XeÙHètÙR¸c) disconnect: Status(3), ExchangingStatus(0)
2018-09-07 02:42:14	minhtrand19(XeÙHètÙR¸c) disconnect: Status(3), ExchangingStatus(0)
2018-09-07 03:14:03	minhtrand19(XeÙHètÙR¸c) disconnect: Status(3), ExchangingStatus(0)
2018-09-07 03:16:14	minhtrand19(XeÙHètÙR¸c) disconnect: Status(3), ExchangingStatus(0)
2018-09-07 03:24:59	minhtrand19(XeÙHètÙR¸c) disconnect: Status(3), ExchangingStatus(0)
2018-09-07 03:50:58	minhtrand19(XeÙHètÙR¸c) disconnect: Status(3), ExchangingStatus(0)
2018-09-07 03:52:41	minhtrand19(XeÙHètÙR¸c) disconnect: Status(3), ExchangingStatus(0)
2018-09-07 03:52:50	gamethu(TaoPh¸GameHaha) disconnect: Status(3), ExchangingStatus(0)
2018-09-07 03:53:30	minhtrand19(XeÙHètÙR¸c) disconnect: Status(3), ExchangingStatus(0)
2018-09-07 04:00:46	minhtrand19(XeÙHètÙR¸c) disconnect: Status(3), ExchangingStatus(0)
2018-09-07 04:12:46	minhtrand19(XeÙHètÙR¸c) disconnect: Status(3), ExchangingStatus(0)
2018-09-07 04:13:56	minhtrand19(XeÙHètÙR¸c) disconnect: Status(3), ExchangingStatus(0)
2018-09-07 04:19:46	gamethu(TaoPh¸GameHaha) disconnect: Status(3), ExchangingStatus(0)
2018-09-07 04:21:51	gamethu(TaoPh¸GameHaha) disconnect: Status(3), ExchangingStatus(0)
2018-09-07 04:22:28	gamethu(TaoPh¸GameHaha) disconnect: Status(3), ExchangingStatus(0)
2018-09-07 04:22:39	gamethu(TaoPh¸GameHaha) disconnect: Status(3), ExchangingStatus(0)
2018-09-07 04:23:05	minhtrand19(XeÙHètÙR¸c) disconnect: Status(3), ExchangingStatus(0)
2018-09-07 04:24:59	minhtrand19(XeÙHètÙR¸c) disconnect: Status(3), ExchangingStatus(0)
2018-09-07 04:26:43	minhtrand19(XeÙHètÙR¸c) disconnect: Status(3), ExchangingStatus(0)
2018-09-07 04:29:49	minhtrand19(XeÙHètÙR¸c) disconnect: Status(3), ExchangingStatus(0)
2018-09-07 04:36:05	minhtrand19(XeÙHètÙR¸c) disconnect: Status(3), ExchangingStatus(0)
2018-09-07 04:39:46	minhtrand19(XeÙHètÙR¸c) disconnect: Status(3), ExchangingStatus(0)
2018-09-07 04:40:10	gamethu(TaoPh¸GameHaha) disconnect: Status(3), ExchangingStatus(0)
2018-09-07 04:41:48	minhtrand19(XeÙHètÙR¸c) disconnect: Status(3), ExchangingStatus(0)
2018-09-07 04:53:18	minhtrand19(XeÙHètÙR¸c) disconnect: Status(3), ExchangingStatus(0)
2018-09-07 04:59:44	minhtrand19(XeÙHètÙR¸c) disconnect: Status(3), ExchangingStatus(0)
2018-09-07 05:04:16	minhtrand19(XeÙHètÙR¸c) disconnect: Status(3), ExchangingStatus(0)
2018-09-07 05:07:51	minhtrand19(XeÙHètÙR¸c) disconnect: Status(3), ExchangingStatus(0)
2018-09-07 05:13:28	minhtrand19(XeÙHètÙR¸c) disconnect: Status(3), ExchangingStatus(0)
2018-09-07 05:14:16	minhtrand19(XeÙHètÙR¸c) disconnect: Status(3), ExchangingStatus(0)
2018-09-07 05:15:49	minhtrand19(XeÙHètÙR¸c) disconnect: Status(3), ExchangingStatus(0)
2018-09-07 05:18:16	minhtrand19(XeÙHètÙR¸c) disconnect: Status(3), ExchangingStatus(0)
2018-09-07 05:22:12	minhtrand19(XeÙHètÙR¸c) disconnect: Status(3), ExchangingStatus(0)
2018-09-07 05:23:45	minhtrand19(XeÙHètÙR¸c) disconnect: Status(3), ExchangingStatus(0)
2018-09-07 05:25:45	minhtrand19(XeÙHètÙR¸c) disconnect: Status(3), ExchangingStatus(0)
2018-09-07 05:26:24	minhtrand19(XeÙHètÙR¸c) disconnect: Status(3), ExchangingStatus(0)
2018-09-07 05:30:12	minhtrand19(XeÙHètÙR¸c) disconnect: Status(3), ExchangingStatus(0)
2018-09-07 05:33:23	minhtrand19(XeÙHètÙR¸c) disconnect: Status(3), ExchangingStatus(0)
2018-09-07 05:38:07	minhtrand19(XeÙHètÙR¸c) disconnect: Status(3), ExchangingStatus(0)
2018-09-07 05:41:30	minhtrand19(XeÙHètÙR¸c) disconnect: Status(3), ExchangingStatus(0)
2018-09-07 05:43:36	minhtrand19(XeÙHètÙR¸c) disconnect: Status(3), ExchangingStatus(0)
2018-09-07 05:44:56	minhtrand19(XeÙHètÙR¸c) disconnect: Status(3), ExchangingStatus(0)
2018-09-07 05:46:46	minhtrand19(XeÙHètÙR¸c) disconnect: Status(3), ExchangingStatus(0)
2018-09-07 05:50:24	minhtrand19(XeÙHètÙR¸c) disconnect: Status(3), ExchangingStatus(0)
2018-09-07 05:54:11	minhtrand19(XeÙHètÙR¸c) disconnect: Status(3), ExchangingStatus(0)
2018-09-07 05:55:42	minhtrand19(XeÙHètÙR¸c) disconnect: Status(3), ExchangingStatus(0)
2018-09-07 05:59:14	minhtrand19(XeÙHètÙR¸c) disconnect: Status(3), ExchangingStatus(0)
2018-09-07 06:00:23	minhtrand19(XeÙHètÙR¸c) disconnect: Status(3), ExchangingStatus(0)
2018-09-07 06:01:19	minhtrand19(XeÙHètÙR¸c) disconnect: Status(3), ExchangingStatus(0)
2018-09-07 06:02:43	minhtrand19(XeÙHètÙR¸c) disconnect: Status(3), ExchangingStatus(0)
2018-09-07 06:09:18	minhtrand19(XeÙHètÙR¸c) disconnect: Status(3), ExchangingStatus(0)
2018-09-07 06:10:10	minhtrand19(XeÙHètÙR¸c) disconnect: Status(3), ExchangingStatus(0)
2018-09-07 06:16:04	minhtrand19(XeÙHètÙR¸c) disconnect: Status(3), ExchangingStatus(0)
2018-09-07 06:19:12	minhtrand19(XeÙHètÙR¸c) disconnect: Status(3), ExchangingStatus(0)
2018-09-07 06:21:58	minhtrand19(XeÙHètÙR¸c) disconnect: Status(3), ExchangingStatus(0)
2018-09-07 06:22:30	nam92hd(HáaThÇnÙV«Song) disconnect: Status(3), ExchangingStatus(0)
2018-09-07 06:23:14	nam92hd2(PhongÙThÇn) disconnect: Status(3), ExchangingStatus(0)
2018-09-07 06:23:39	nam92hd1(ThÇnÙT¨ng) disconnect: Status(3), ExchangingStatus(0)
2018-09-07 06:24:17	nam92hd3(ThiªnÙ§ŞaÙV«ÙCùc) disconnect: Status(3), ExchangingStatus(0)
2018-09-07 06:24:48	nam92hd5(CuÙChäcÙNg­îc) disconnect: Status(3), ExchangingStatus(0)
2018-09-07 06:24:59	minhtrand19(XeÙHètÙR¸c) disconnect: Status(3), ExchangingStatus(0)
2018-09-07 06:25:25	nam92hd4(HoaÙR¬iÙCöaÙPhËt) disconnect: Status(3), ExchangingStatus(0)
2018-09-07 06:27:22	minhtrand19(XeÙHètÙR¸c) disconnect: Status(3), ExchangingStatus(0)
2018-09-07 06:31:44	minhtrand19(XeÙHètÙR¸c) disconnect: Status(3), ExchangingStatus(0)
2018-09-07 06:32:26	minhtrand19(XeÙHètÙR¸c) disconnect: Status(3), ExchangingStatus(0)
2018-09-07 06:35:00	minhtrand19(XeÙHètÙR¸c) disconnect: Status(3), ExchangingStatus(0)
2018-09-07 06:38:20	namhai01(MaPhongBa) disconnect: Status(3), ExchangingStatus(0)
2018-09-07 06:38:25	namhai06(namhai06) disconnect: Status(3), ExchangingStatus(0)
2018-09-07 06:38:29	namhai05(namhai05) disconnect: Status(3), ExchangingStatus(0)
2018-09-07 06:38:30	minhtrand19(XeÙHètÙR¸c) disconnect: Status(3), ExchangingStatus(0)
2018-09-07 06:38:33	namhai04(namhai04) disconnect: Status(3), ExchangingStatus(0)
2018-09-07 06:38:41	namhai003(namhai03) disconnect: Status(3), ExchangingStatus(0)
2018-09-07 06:39:27	minhtrand19(XeÙHètÙR¸c) disconnect: Status(3), ExchangingStatus(0)
2018-09-07 06:40:20	minhtrand19(XeÙHètÙR¸c) disconnect: Status(3), ExchangingStatus(0)
2018-09-07 06:41:27	minhtrand19(XeÙHètÙR¸c) disconnect: Status(3), ExchangingStatus(0)
2018-09-07 06:42:37	minhtrand19(XeÙHètÙR¸c) disconnect: Status(3), ExchangingStatus(0)
2018-09-07 06:43:40	minhtrand19(XeÙHètÙR¸c) disconnect: Status(3), ExchangingStatus(0)
2018-09-07 06:44:59	minhtrand19(XeÙHètÙR¸c) disconnect: Status(3), ExchangingStatus(0)
2018-09-07 06:45:48	minhtrand19(XeÙHètÙR¸c) disconnect: Status(3), ExchangingStatus(0)
2018-09-07 06:46:58	minhtrand19(XeÙHètÙR¸c) disconnect: Status(3), ExchangingStatus(0)
2018-09-07 06:48:31	minhtrand19(XeÙHètÙR¸c) disconnect: Status(3), ExchangingStatus(0)
2018-09-07 06:49:39	minhtrand19(XeÙHètÙR¸c) disconnect: Status(3), ExchangingStatus(0)
2018-09-07 06:58:02	minhtrand19(XeÙHètÙR¸c) disconnect: Status(3), ExchangingStatus(0)
2018-09-07 07:00:51	minhtrand19(XeÙHètÙR¸c) disconnect: Status(3), ExchangingStatus(0)
2018-09-07 07:01:51	minhtrand19(XeÙHètÙR¸c) disconnect: Status(3), ExchangingStatus(0)
2018-09-07 07:07:19	minhtrand19(XeÙHètÙR¸c) disconnect: Status(3), ExchangingStatus(0)
2018-09-07 07:09:00	minhtrand19(XeÙHètÙR¸c) disconnect: Status(3), ExchangingStatus(0)
2018-09-07 07:09:59	minhtrand19(XeÙHètÙR¸c) disconnect: Status(3), ExchangingStatus(0)
2018-09-07 07:16:29	minhtrand19(XeÙHètÙR¸c) disconnect: Status(3), ExchangingStatus(0)
2018-09-07 07:18:31	minhtrand19(XeÙHètÙR¸c) disconnect: Status(3), ExchangingStatus(0)
2018-09-07 07:20:19	minhtrand19(XeÙHètÙR¸c) disconnect: Status(3), ExchangingStatus(0)
2018-09-07 07:23:23	minhtrand19(XeÙHètÙR¸c) disconnect: Status(3), ExchangingStatus(0)
2018-09-07 07:28:51	luukt53(NgoalongVD) disconnect: Status(3), ExchangingStatus(0)
2018-09-07 07:30:44	minhtrand19(XeÙHètÙR¸c) disconnect: Status(3), ExchangingStatus(0)
2018-09-07 07:34:21	minhtrand19(XeÙHètÙR¸c) disconnect: Status(3), ExchangingStatus(0)
2018-09-07 07:36:29	minhtrand19(XeÙHètÙR¸c) disconnect: Status(3), ExchangingStatus(0)
2018-09-07 07:40:14	minhtrand19(XeÙHètÙR¸c) disconnect: Status(3), ExchangingStatus(0)
2018-09-07 07:43:14	minhtrand19(XeÙHètÙR¸c) disconnect: Status(3), ExchangingStatus(0)
2018-09-07 07:46:39	minhtrand19(XeÙHètÙR¸c) disconnect: Status(3), ExchangingStatus(0)
2018-09-07 07:54:30	minhtrand19(XeÙHètÙR¸c) disconnect: Status(3), ExchangingStatus(0)
2018-09-07 08:06:02	vunguyen1988(111111111) disconnect: Status(3), ExchangingStatus(0)
2018-09-07 08:30:37	bando(HDÙMÑThiªnH¹) disconnect: Status(3), ExchangingStatus(0)
2018-09-07 08:57:24	vunguyen1984(BinBin) disconnect: Status(3), ExchangingStatus(0)
2018-09-07 09:06:09	timlaivohien1(EyeSmile2) disconnect: Status(3), ExchangingStatus(0)
2018-09-07 09:06:53	timlaivohien2(EyeSmile6) disconnect: Status(3), ExchangingStatus(0)
2018-09-07 09:07:29	timlaivohien3(EyeSmile7) disconnect: Status(3), ExchangingStatus(0)
2018-09-07 09:29:09	timlaivohien(EyeSmile) disconnect: Status(3), ExchangingStatus(0)
2018-09-07 09:29:27	bando(HDÙMÑThiªnH¹) disconnect: Status(3), ExchangingStatus(0)
2018-09-07 09:39:30	timlaivohien(121324) disconnect: Status(3), ExchangingStatus(0)
2018-09-07 09:43:42	timlaivohien(121324) disconnect: Status(3), ExchangingStatus(0)
2018-09-07 09:47:21	timlaivohien(121324) disconnect: Status(3), ExchangingStatus(0)
2018-09-07 09:47:30	bomsin03(§anTr­êng) disconnect: Status(3), ExchangingStatus(0)
2018-09-07 09:48:57	gcity02(5docne) disconnect: Status(3), ExchangingStatus(0)
2018-09-07 09:49:12	gcity02(nvmoi03) disconnect: Status(3), ExchangingStatus(0)
2018-09-07 09:55:43	unlock911(Unlock911) disconnect: Status(3), ExchangingStatus(0)
2018-09-07 09:55:45	unlock912(Unlock912) disconnect: Status(3), ExchangingStatus(0)
2018-09-07 09:58:45	bomsin03(§anTr­êng) disconnect: Status(3), ExchangingStatus(0)
2018-09-07 10:05:50	bando(HDÙMÑThiªnH¹) disconnect: Status(3), ExchangingStatus(0)
2018-09-07 10:19:16	gcity02(5docne) disconnect: Status(3), ExchangingStatus(0)
2018-09-07 10:19:46	gcity03(nvmoi04) disconnect: Status(3), ExchangingStatus(0)
2018-09-07 10:19:55	gcity04(nvmoi01) disconnect: Status(3), ExchangingStatus(0)
2018-09-07 10:20:02	gcity01(nvmoi02) disconnect: Status(3), ExchangingStatus(0)
2018-09-07 10:20:10	gcity05(nvmoi05) disconnect: Status(3), ExchangingStatus(0)
2018-09-07 10:20:14	gcity06(nvmoi06) disconnect: Status(3), ExchangingStatus(0)
2018-09-07 10:32:43	luukt54(NgoalongNM) disconnect: Status(3), ExchangingStatus(0)
2018-09-07 10:32:43	luukt51(NgoaLongTN) disconnect: Status(3), ExchangingStatus(0)
2018-09-07 10:32:44	luukt55(NgoalongCB) disconnect: Status(3), ExchangingStatus(0)
2018-09-07 10:32:44	luukt56(NgoalongND) disconnect: Status(3), ExchangingStatus(0)
2018-09-07 10:32:44	luukt52(NgoalongTN) disconnect: Status(3), ExchangingStatus(0)
2018-09-07 10:32:50	luukt53(NgoalongVD) disconnect: Status(3), ExchangingStatus(0)
2018-09-07 10:33:09	minhtrand19(XeÙHètÙR¸c) disconnect: Status(3), ExchangingStatus(0)
2018-09-07 10:41:43	gcity02(5docne) disconnect: Status(3), ExchangingStatus(0)
2018-09-07 10:59:51	gcity02(5docne) disconnect: Status(3), ExchangingStatus(0)
2018-09-07 11:00:29	tranvinh06(GÊuÙCon) disconnect: Status(3), ExchangingStatus(0)
2018-09-07 11:54:23	bomsin02(Nh·Ph­¬ng) disconnect: Status(3), ExchangingStatus(0)
2018-09-07 12:16:00	gcity01(ExitGame) disconnect: Status(3), ExchangingStatus(0)
2018-09-07 12:16:20	gcity06(nvmoi06) disconnect: Status(3), ExchangingStatus(0)
2018-09-07 12:35:51	gcity02(5docne) disconnect: Status(3), ExchangingStatus(0)
2018-09-07 12:36:59	gcity01(nvmoi02) disconnect: Status(3), ExchangingStatus(0)
2018-09-07 13:08:27	gamethu(sadsadasas) disconnect: Status(3), ExchangingStatus(0)
2018-09-07 13:22:57	luukt55(NgoalongCB) disconnect: Status(3), ExchangingStatus(0)
2018-09-07 14:01:18	tuanlovekun1(2StÙThiªnÙNhÉn) disconnect: Status(3), ExchangingStatus(0)
2018-09-07 14:01:18	tuanlovekun(1StÙThiªnÙNhÉn) disconnect: Status(3), ExchangingStatus(0)
2018-09-07 14:01:18	tuanlovekun3(4StÙThiªnÙNhÉn) disconnect: Status(3), ExchangingStatus(0)
2018-09-07 14:01:18	tuanlovekun5(§­êngÙM«n) disconnect: Status(3), ExchangingStatus(0)
2018-09-07 14:01:18	tuanlovekun2(3StÙThiªnÙNhÉn) disconnect: Status(3), ExchangingStatus(0)
2018-09-07 14:01:18	tuanlovekun4(5StÙThiªnÙNhÉn) disconnect: Status(3), ExchangingStatus(0)
2018-09-07 14:07:41	luukt51(NgoaLongTN) disconnect: Status(3), ExchangingStatus(0)
2018-09-07 14:07:41	luukt54(NgoalongNM) disconnect: Status(3), ExchangingStatus(0)
2018-09-07 14:07:41	luukt53(NgoalongVD) disconnect: Status(3), ExchangingStatus(0)
2018-09-07 14:07:41	luukt56(NgoalongND) disconnect: Status(3), ExchangingStatus(0)
2018-09-07 14:07:41	luukt52(NgoalongTN) disconnect: Status(3), ExchangingStatus(0)
2018-09-07 14:07:43	luukt55(NgoalongCB) disconnect: Status(3), ExchangingStatus(0)
2018-09-07 14:24:13	anhthusqt1(docmadep) disconnect: Status(3), ExchangingStatus(0)
2018-09-07 14:24:15	anhthusqt(caibangcuibap) disconnect: Status(3), ExchangingStatus(0)
2018-09-07 14:30:18	vunguyen1988(111111111) disconnect: Status(3), ExchangingStatus(0)
2018-09-07 16:29:53	vubluish2(hoalongcaka) disconnect: Status(3), ExchangingStatus(0)
2018-09-07 17:49:56	huynhtrongtri11(§écS¸tNéiC«ng) disconnect: Status(3), ExchangingStatus(0)
2018-09-07 18:01:57	huynhtrongtri11(§écS¸tNéiC«ng) disconnect: Status(3), ExchangingStatus(0)
2018-09-07 18:09:40	gamethu(sadsadasas) disconnect: Status(3), ExchangingStatus(0)
2018-09-07 19:14:21	unlock911(Unlock911) disconnect: Status(3), ExchangingStatus(0)
2018-09-07 19:14:26	unlock912(Unlock912) disconnect: Status(3), ExchangingStatus(0)
2018-09-07 19:16:22	luukt54(NgoalongNM) disconnect: Status(3), ExchangingStatus(0)
2018-09-07 19:21:23	luukt53(NgoalongVD) disconnect: Status(3), ExchangingStatus(0)
2018-09-07 19:21:33	unlock912(Unlock912) disconnect: Status(3), ExchangingStatus(0)
2018-09-07 19:21:33	unlock911(Unlock911) disconnect: Status(3), ExchangingStatus(0)
2018-09-07 19:21:51	luukt51(NgoaLongTN) disconnect: Status(3), ExchangingStatus(0)
2018-09-07 19:31:33	luukt55(NgoalongCB) disconnect: Status(3), ExchangingStatus(0)
2018-09-07 19:43:28	kingvl4(HDÙbuff) disconnect: Status(3), ExchangingStatus(0)
2018-09-07 19:45:14	quocbaobp(§¹iÙThiÕuÙGia) disconnect: Status(3), ExchangingStatus(0)
2018-09-07 19:45:34	luukt51(NgoaLongTN) disconnect: Status(3), ExchangingStatus(0)
2018-09-07 19:46:07	hieuham1998(HoaR¬iÙCöaPhËt) disconnect: Status(3), ExchangingStatus(0)
2018-09-07 19:51:59	namhai01(MaPhongBa) disconnect: Status(3), ExchangingStatus(0)
2018-09-07 19:52:09	namhai02(namhai02) disconnect: Status(3), ExchangingStatus(0)
2018-09-07 19:52:14	namhai003(namhai03) disconnect: Status(3), ExchangingStatus(0)
2018-09-07 19:52:18	namhai04(namhai04) disconnect: Status(3), ExchangingStatus(0)
2018-09-07 19:52:22	namhai05(namhai05) disconnect: Status(3), ExchangingStatus(0)
2018-09-07 19:52:25	namhai06(namhai06) disconnect: Status(3), ExchangingStatus(0)
2018-09-07 20:12:45	luukt51(NgoaLongTN) disconnect: Status(3), ExchangingStatus(0)
2018-09-07 20:42:22	namhai01(MaPhongBa) disconnect: Status(3), ExchangingStatus(0)
2018-09-07 20:42:25	namhai02(namhai02) disconnect: Status(3), ExchangingStatus(0)
2018-09-07 20:42:27	namhai003(namhai03) disconnect: Status(3), ExchangingStatus(0)
2018-09-07 20:42:30	namhai04(namhai04) disconnect: Status(3), ExchangingStatus(0)
2018-09-07 20:42:33	namhai05(namhai05) disconnect: Status(3), ExchangingStatus(0)
2018-09-07 20:42:35	namhai06(namhai06) disconnect: Status(3), ExchangingStatus(0)
2018-09-07 20:55:25	luukt53(NgoalongVD) disconnect: Status(3), ExchangingStatus(0)
2018-09-07 20:55:36	luukt52(NgoalongTN) disconnect: Status(3), ExchangingStatus(0)
2018-09-07 20:55:39	luukt55(NgoalongCB) disconnect: Status(3), ExchangingStatus(0)
2018-09-07 20:55:44	luukt54(NgoalongNM) disconnect: Status(3), ExchangingStatus(0)
2018-09-07 20:55:47	quocbaobp(§¹iÙThiÕuÙGia) disconnect: Status(3), ExchangingStatus(0)
2018-09-07 21:14:54	luukt53(NgoalongVD) disconnect: Status(3), ExchangingStatus(0)
2018-09-07 21:35:35	phamtungdhv1(ZzTungpszZ) disconnect: Status(3), ExchangingStatus(0)
2018-09-07 21:35:40	phamtungdhv2(ZzNgocCuxizZ) disconnect: Status(3), ExchangingStatus(0)
2018-09-07 21:35:44	phamtungdhv3(ZzNhimXinhzZ) disconnect: Status(3), ExchangingStatus(0)
2018-09-07 21:35:47	phamtungdhv4(ZzJindozZ) disconnect: Status(3), ExchangingStatus(0)
2018-09-07 21:35:52	phamtungdhv5(ZzThaiSonzZ) disconnect: Status(3), ExchangingStatus(0)
2018-09-07 21:36:11	phamtungdhv6(ZzYunazZ) disconnect: Status(3), ExchangingStatus(0)
2018-09-07 21:56:44	blackboy87(EsÙTheÙKing) disconnect: Status(3), ExchangingStatus(0)
