2018-09-19 06:48:51	Add vunguyen1988(111111111)
2018-09-19 06:48:51	vunguyen1988(111111111) sync data from bishop
2018-09-19 06:48:51	vunguyen1988(111111111) login
2018-09-19 06:50:05	Add vunguyen1984(BinBin)
2018-09-19 06:50:05	vunguyen1984(BinBin) sync data from bishop
2018-09-19 06:50:05	vunguyen1984(BinBin) login
2018-09-19 07:17:22	vunguyen1984(BinBin) logout
2018-09-19 07:17:22	Del vunguyen1984(BinBin): quit
2018-09-19 07:17:24	vunguyen1988(111111111) logout
2018-09-19 07:17:24	Del vunguyen1988(111111111): quit
2018-09-19 16:42:39	Add vohoangvu(ThÇnMenPh¸Ph¸ch)
2018-09-19 16:42:39	vohoangvu(ThÇnMenPh¸Ph¸ch) sync data from bishop
2018-09-19 16:42:39	vohoangvu(ThÇnMenPh¸Ph¸ch) login
2018-09-19 16:46:26	[ShutdownClient]	Close connection[1] for request.
2018-09-19 16:46:26	vohoangvu(ThÇnMenPh¸Ph¸ch) logout
2018-09-19 16:46:26	Del vohoangvu(ThÇnMenPh¸Ph¸ch): quit
2018-09-19 16:46:39	Add voanhkhoa(Ph¸Gi¸p§écC«)
2018-09-19 16:46:39	voanhkhoa(Ph¸Gi¸p§écC«) sync data from bishop
2018-09-19 16:46:39	voanhkhoa(Ph¸Gi¸p§écC«) login
2018-09-19 16:47:35	[ShutdownClient]	Close connection[1] for request.
2018-09-19 16:47:35	voanhkhoa(Ph¸Gi¸p§écC«) logout
2018-09-19 16:47:35	Del voanhkhoa(Ph¸Gi¸p§écC«): quit
2018-09-19 16:47:50	Add voquynhnhu(B¶o®ao§åLong)
2018-09-19 16:47:50	voquynhnhu(B¶o®ao§åLong) sync data from bishop
2018-09-19 16:47:50	voquynhnhu(B¶o®ao§åLong) login
2018-09-19 16:55:24	voquynhnhu(B¶o®ao§åLong) logout
2018-09-19 16:55:24	Del voquynhnhu(B¶o®ao§åLong): quit
2018-09-19 17:04:07	Add photocopy(LýThuTh¶o)
2018-09-19 17:04:07	photocopy(LýThuTh¶o) sync data from bishop
2018-09-19 17:04:07	photocopy(LýThuTh¶o) login
2018-09-19 17:04:38	[ShutdownClient]	Close connection[1] for request.
2018-09-19 17:04:38	photocopy(LýThuTh¶o) logout
2018-09-19 17:04:38	Del photocopy(LýThuTh¶o): quit
2018-09-19 17:04:47	Add photocopy1(CleopatraVII)
2018-09-19 17:04:47	photocopy1(CleopatraVII) sync data from bishop
2018-09-19 17:04:47	photocopy1(CleopatraVII) login
2018-09-19 17:05:59	[ShutdownClient]	Close connection[1] for request.
2018-09-19 17:05:59	photocopy1(CleopatraVII) logout
2018-09-19 17:05:59	Del photocopy1(CleopatraVII): quit
2018-09-19 17:06:31	Add vohoangvu1(0903659998)
2018-09-19 17:06:31	vohoangvu1(0903659998) sync data from bishop
2018-09-19 17:06:31	vohoangvu1(0903659998) login
2018-09-19 17:09:07	[ShutdownClient]	Close connection[1] for request.
2018-09-19 17:09:07	vohoangvu1(0903659998) logout
2018-09-19 17:09:07	Del vohoangvu1(0903659998): quit
2018-09-19 17:15:58	Add voquynhnhu(B¶o®ao§åLong)
2018-09-19 17:15:58	voquynhnhu(B¶o®ao§åLong) sync data from bishop
2018-09-19 17:15:58	voquynhnhu(B¶o®ao§åLong) login
2018-09-19 17:23:13	[ShutdownClient]	Close connection[1] for request.
2018-09-19 17:23:13	voquynhnhu(B¶o®ao§åLong) logout
2018-09-19 17:23:13	Del voquynhnhu(B¶o®ao§åLong): quit
2018-09-19 17:23:32	Add voanhkhoa(Ph¸Gi¸p§écC«)
2018-09-19 17:23:32	voanhkhoa(Ph¸Gi¸p§écC«) sync data from bishop
2018-09-19 17:23:33	voanhkhoa(Ph¸Gi¸p§écC«) login
2018-09-19 17:23:57	[ShutdownClient]	Close connection[1] for request.
2018-09-19 17:23:57	voanhkhoa(Ph¸Gi¸p§écC«) logout
2018-09-19 17:23:57	Del voanhkhoa(Ph¸Gi¸p§écC«): quit
2018-09-19 18:16:02	Add letam91(BossTrum91)
2018-09-19 18:16:02	letam91(BossTrum91) sync data from bishop
2018-09-19 18:16:02	letam91(BossTrum91) login
2018-09-19 18:28:21	Add vohoangvu(ThÇnMenPh¸Ph¸ch)
2018-09-19 18:28:21	vohoangvu(ThÇnMenPh¸Ph¸ch) sync data from bishop
2018-09-19 18:28:21	vohoangvu(ThÇnMenPh¸Ph¸ch) login
2018-09-19 18:29:28	[ShutdownClient]	Close connection[2] for request.
2018-09-19 18:29:28	vohoangvu(ThÇnMenPh¸Ph¸ch) logout
2018-09-19 18:29:28	Del vohoangvu(ThÇnMenPh¸Ph¸ch): quit
2018-09-19 18:29:42	Add voquynhnhu(B¶o®ao§åLong)
2018-09-19 18:29:42	voquynhnhu(B¶o®ao§åLong) sync data from bishop
2018-09-19 18:29:42	voquynhnhu(B¶o®ao§åLong) login
2018-09-19 18:32:01	Add letam92(BossTrum92)
2018-09-19 18:32:01	letam92(BossTrum92) sync data from bishop
2018-09-19 18:32:02	letam92(BossTrum92) login
2018-09-19 18:34:17	[ShutdownClient]	Close connection[2] for request.
2018-09-19 18:34:17	voquynhnhu(B¶o®ao§åLong) logout
2018-09-19 18:34:17	Del voquynhnhu(B¶o®ao§åLong): quit
2018-09-19 18:34:32	Add voanhkhoa(Ph¸Gi¸p§écC«)
2018-09-19 18:34:32	voanhkhoa(Ph¸Gi¸p§écC«) sync data from bishop
2018-09-19 18:34:32	voanhkhoa(Ph¸Gi¸p§écC«) login
2018-09-19 18:51:13	voanhkhoa(Ph¸Gi¸p§écC«) logout
2018-09-19 18:51:13	Del voanhkhoa(Ph¸Gi¸p§écC«): quit
2018-09-19 18:51:20	Add voanhkhoa(Ph¸Gi¸p§écC«)
2018-09-19 18:51:20	voanhkhoa(Ph¸Gi¸p§écC«) sync data from bishop
2018-09-19 18:51:20	voanhkhoa(Ph¸Gi¸p§écC«) login
2018-09-19 19:22:30	[ShutdownClient]	Close connection[1] for request.
2018-09-19 19:22:30	letam91(BossTrum91) logout
2018-09-19 19:22:30	Del letam91(BossTrum91): quit
2018-09-19 19:22:41	Add letam91(BossTrum91)
2018-09-19 19:22:41	letam91(BossTrum91) sync data from bishop
2018-09-19 19:22:41	letam91(BossTrum91) login
2018-09-19 19:23:25	[ShutdownClient]	Close connection[1] for request.
2018-09-19 19:23:25	letam91(BossTrum91) logout
2018-09-19 19:23:25	Del letam91(BossTrum91): quit
2018-09-19 19:23:31	Add letam91(BossTrum91)
2018-09-19 19:23:31	letam91(BossTrum91) sync data from bishop
2018-09-19 19:23:31	letam91(BossTrum91) login
2018-09-19 19:23:42	[ShutdownClient]	Close connection[1] for request.
2018-09-19 19:23:42	letam91(BossTrum91) logout
2018-09-19 19:23:42	Del letam91(BossTrum91): quit
2018-09-19 19:23:59	Add letam91(BossTrum91)
2018-09-19 19:23:59	letam91(BossTrum91) sync data from bishop
2018-09-19 19:24:00	letam91(BossTrum91) login
2018-09-19 19:24:19	[ShutdownClient]	Close connection[1] for request.
2018-09-19 19:24:19	letam91(BossTrum91) logout
2018-09-19 19:24:19	Del letam91(BossTrum91): quit
2018-09-19 19:24:36	Add letam91(BossTrum91)
2018-09-19 19:24:36	letam91(BossTrum91) sync data from bishop
2018-09-19 19:24:36	letam91(BossTrum91) login
2018-09-19 19:31:32	[ShutdownClient]	Close connection[2] for request.
2018-09-19 19:31:32	voanhkhoa(Ph¸Gi¸p§écC«) logout
2018-09-19 19:31:32	Del voanhkhoa(Ph¸Gi¸p§écC«): quit
2018-09-19 19:32:00	[ShutdownClient]	Close connection[3] for request.
2018-09-19 19:32:00	letam92(BossTrum92) logout
2018-09-19 19:32:00	Del letam92(BossTrum92): quit
2018-09-19 19:32:03	[ShutdownClient]	Close connection[1] for request.
2018-09-19 19:32:03	letam91(BossTrum91) logout
2018-09-19 19:32:03	Del letam91(BossTrum91): quit
2018-09-19 19:33:37	Add vohoangvu(0903669999)
2018-09-19 19:33:37	vohoangvu(0903669999) sync data from bishop
2018-09-19 19:33:38	vohoangvu(0903669999) login
2018-09-19 19:34:55	[ShutdownClient]	Close connection[1] for request.
2018-09-19 19:34:55	vohoangvu(0903669999) logout
2018-09-19 19:34:55	Del vohoangvu(0903669999): quit
2018-09-19 19:35:05	Add vohoangvu(ThÇnMenPh¸Ph¸ch)
2018-09-19 19:35:05	vohoangvu(ThÇnMenPh¸Ph¸ch) sync data from bishop
2018-09-19 19:35:06	vohoangvu(ThÇnMenPh¸Ph¸ch) login
2018-09-19 19:39:03	Add vunguyen1988(111111111)
2018-09-19 19:39:03	vunguyen1988(111111111) sync data from bishop
2018-09-19 19:39:03	vunguyen1988(111111111) login
2018-09-19 19:39:31	Add vunguyen1984(BinBin)
2018-09-19 19:39:31	vunguyen1984(BinBin) sync data from bishop
2018-09-19 19:39:31	vunguyen1984(BinBin) login
2018-09-19 20:20:36	[ShutdownClient]	Close connection[1] for request.
2018-09-19 20:20:36	vohoangvu(ThÇnMenPh¸Ph¸ch) logout
2018-09-19 20:20:36	Del vohoangvu(ThÇnMenPh¸Ph¸ch): quit
2018-09-19 21:56:49	Add vunguyen1983(Thiennhan)
2018-09-19 21:56:49	vunguyen1983(Thiennhan) sync data from bishop
2018-09-19 21:56:49	vunguyen1983(Thiennhan) login
2018-09-19 22:38:04	vunguyen1988(111111111) offline live
2018-09-19 22:38:29	vunguyen1984(BinBin) offline live
2018-09-19 22:47:48	vunguyen1983(Thiennhan) logout
2018-09-19 22:47:48	Del vunguyen1983(Thiennhan): quit
