[vunguyen1984][BinBin] sell Vâ L©m MËt TÞch(AddItemEx(4,801773951,0,6,1,26,1,0,0,0,0,0,0,0,0,0))(count:1) to [vunguyen1988][111111111], GenTime:1537365693
TradeTime: 9-19 21:1:55

[vunguyen1988][111111111] sell  §å phæ Hoµng Kim - §Þnh Quèc Thanh Sa Tr­êng Sam(AddItemEx(4,-1511157449,1,0,158,3,8,0,0,0,0,0,0,0,0,0))(count:1) to [vunguyen1984][BinBin], GenTime:1535000667
TradeTime: 9-19 21:56:5

[vunguyen1984][BinBin] sell [Cùc phÈm] §Þnh Quèc XÝch Quyªn NhuyÔn Ngoa(AddItemEx(4,1163209394,1,0,404,1,8,1,0,0,0,0,0,0,0,0))(count:1) to [vunguyen1983][Thiennhan], GenTime:1536247917
TradeTime: 9-19 21:57:19

[vunguyen1988][111111111] sell Lôc Thñy Tinh(AddItemEx(4,710101235,0,4,240,1,1,0,0,0,0,0,0,0,0,0))(count:1) to [vunguyen1983][Thiennhan], GenTime:1537368920
[vunguyen1988][111111111] sell Lôc Thñy Tinh(AddItemEx(4,-1709724103,0,4,240,1,1,0,0,0,0,0,0,0,0,0))(count:1) to [vunguyen1983][Thiennhan], GenTime:1537368920
[vunguyen1988][111111111] sell Lôc Thñy Tinh(AddItemEx(4,-11519068,0,4,240,1,1,0,0,0,0,0,0,0,0,0))(count:1) to [vunguyen1983][Thiennhan], GenTime:1537368920
[vunguyen1988][111111111] sell Tö Thñy Tinh(AddItemEx(4,-992746979,0,4,239,1,1,0,0,0,0,0,0,0,0,0))(count:1) to [vunguyen1983][Thiennhan], GenTime:1537368507
[vunguyen1988][111111111] sell Tö Thñy Tinh(AddItemEx(4,385260728,0,4,239,1,1,0,0,0,0,0,0,0,0,0))(count:1) to [vunguyen1983][Thiennhan], GenTime:1537368507
[vunguyen1988][111111111] sell Lôc Thñy Tinh(AddItemEx(4,-1475242492,0,4,240,1,1,0,0,0,0,0,0,0,0,0))(count:1) to [vunguyen1983][Thiennhan], GenTime:1537368507
[vunguyen1988][111111111] sell Lôc Thñy Tinh(AddItemEx(4,-589310794,0,4,240,1,1,0,0,0,0,0,0,0,0,0))(count:1) to [vunguyen1983][Thiennhan], GenTime:1537368507
[vunguyen1988][111111111] sell Tö Thñy Tinh(AddItemEx(4,-1108271478,0,4,239,1,1,0,0,0,0,0,0,0,0,0))(count:1) to [vunguyen1983][Thiennhan], GenTime:1537368507
[vunguyen1988][111111111] sell Tö Thñy Tinh(AddItemEx(4,-1801194633,0,4,239,1,1,0,0,0,0,0,0,0,0,0))(count:1) to [vunguyen1983][Thiennhan], GenTime:1537368507
[vunguyen1988][111111111] sell Lôc Thñy Tinh(AddItemEx(4,164682707,0,4,240,1,1,0,0,0,0,0,0,0,0,0))(count:1) to [vunguyen1983][Thiennhan], GenTime:1537368507
[vunguyen1988][111111111] sell Tö Thñy Tinh(AddItemEx(4,-1315252639,0,4,239,1,1,0,0,0,0,0,0,0,0,0))(count:1) to [vunguyen1983][Thiennhan], GenTime:1537368507
[vunguyen1988][111111111] sell [Cùc phÈm] §Þnh Quèc XÝch Quyªn NhuyÔn Ngoa(AddItemEx(4,-1391316800,1,0,404,1,8,1,0,0,0,0,0,0,0,0))(count:1) to [vunguyen1983][Thiennhan], GenTime:1537365185
[vunguyen1988][111111111] sell Lam Thñy Tinh(AddItemEx(4,874478999,0,4,238,1,1,0,0,0,0,0,0,0,0,0))(count:1) to [vunguyen1983][Thiennhan], GenTime:1537363181
[vunguyen1988][111111111] sell Lam Thñy Tinh(AddItemEx(4,765720106,0,4,238,1,1,0,0,0,0,0,0,0,0,0))(count:1) to [vunguyen1983][Thiennhan], GenTime:1537363181
[vunguyen1988][111111111] sell Lam Thñy Tinh(AddItemEx(4,-1186263679,0,4,238,1,1,0,0,0,0,0,0,0,0,0))(count:1) to [vunguyen1983][Thiennhan], GenTime:1537363181
[vunguyen1988][111111111] sell Lam Thñy Tinh(AddItemEx(4,530333516,0,4,238,1,1,0,0,0,0,0,0,0,0,0))(count:1) to [vunguyen1983][Thiennhan], GenTime:1537363181
[vunguyen1988][111111111] sell Lam Thñy Tinh(AddItemEx(4,2140428571,0,4,238,1,1,0,0,0,0,0,0,0,0,0))(count:1) to [vunguyen1983][Thiennhan], GenTime:1536248502
[vunguyen1988][111111111] sell Lam Thñy Tinh(AddItemEx(4,-520664157,0,4,238,1,1,0,0,0,0,0,0,0,0,0))(count:1) to [vunguyen1983][Thiennhan], GenTime:1536247917
[vunguyen1988][111111111] sell Lam Thñy Tinh(AddItemEx(4,1186219720,0,4,238,1,1,0,0,0,0,0,0,0,0,0))(count:1) to [vunguyen1983][Thiennhan], GenTime:1536247917
[vunguyen1988][111111111] sell Lam Thñy Tinh(AddItemEx(4,26453062,0,4,238,1,1,0,0,0,0,0,0,0,0,0))(count:1) to [vunguyen1983][Thiennhan], GenTime:1536247917
[vunguyen1988][111111111] sell Lam Thñy Tinh(AddItemEx(4,-936090003,0,4,238,1,1,0,0,0,0,0,0,0,0,0))(count:1) to [vunguyen1983][Thiennhan], GenTime:1536247917
[vunguyen1988][111111111] sell [Cùc phÈm] §Þnh Quèc Ng©n Tµm Yªu §¸i(AddItemEx(4,-1698091907,1,0,406,1,8,4,0,0,0,0,0,0,0,0))(count:1) to [vunguyen1983][Thiennhan], GenTime:1536242747
[vunguyen1988][111111111] sell [Cùc phÈm] §Þnh Quèc Ng©n Tµm Yªu §¸i(AddItemEx(4,1873989615,1,0,406,1,8,4,0,0,0,0,0,0,0,0))(count:1) to [vunguyen1983][Thiennhan], GenTime:1535730672
TradeTime: 9-19 21:58:49

