[luukt56][NgoalongND] sell TiÒn ®ång(AddItemEx(4,-107204351,0,4,417,1,1,0,0,0,0,0,0,0,0,0))(count:70) to [luukt54][NgoalongNM], GenTime:1536057688
[luukt56][NgoalongND] sell TiÒn ®ång(AddItemEx(4,-447869277,0,4,417,1,1,0,0,0,0,0,0,0,0,0))(count:71) to [luukt54][NgoalongNM], GenTime:1536065573
TradeTime: 9-7 7:32:47

[vunguyen1988][111111111] sell  §å phæ Hoµng Kim - §Þnh Quèc Tö §»ng Hé uyÓn(AddItemEx(4,-1319538815,1,0,161,1,8,3,0,0,0,0,0,0,0,0))(count:1) to [vunguyen1984][BinBin], GenTime:1535442433
[vunguyen1988][111111111] sell  §å phæ Hoµng Kim - An Bang B¨ng Tinh Th¹ch H¹ng Liªn(AddItemEx(4,1441423093,1,0,163,0,10,4,0,0,0,0,0,0,0,0))(count:1) to [vunguyen1984][BinBin], GenTime:1535442719
[vunguyen1988][111111111] sell  §å phæ Hoµng Kim - An Bang §iÒn Hoµng Th¹ch Ngäc Béi(AddItemEx(4,931100407,1,0,165,1,8,1,0,0,0,0,0,0,0,0))(count:1) to [vunguyen1984][BinBin], GenTime:1535800850
[vunguyen1988][111111111] sell  §å phæ Hoµng Kim - An Bang Kª HuyÕt Th¹ch Giíi ChØ (AddItemEx(4,-2033682629,1,0,166,0,8,3,0,0,0,0,0,0,0,0))(count:1) to [vunguyen1984][BinBin], GenTime:1535800878
[vunguyen1988][111111111] sell Thiªn Hoµng Long Cöu HiÖn chØ (AddItemEx(4,-82501880,1,0,170,0,6,2,0,0,0,0,0,0,0,0))(count:1) to [vunguyen1984][BinBin], GenTime:1536241048
[vunguyen1988][111111111] sell [Cùc phÈm] §Þnh Quèc Ng©n Tµm Yªu §¸i(AddItemEx(4,-1953765379,1,0,406,1,8,4,0,0,0,0,0,0,0,0))(count:1) to [vunguyen1984][BinBin], GenTime:1536241304
TradeTime: 9-7 7:48:47

[vunguyen1988][111111111] sell  §å phæ Hoµng Kim - An Bang Cóc Hoa Th¹ch ChØ hoµn(AddItemEx(4,-1015584744,1,0,164,0,8,2,0,0,0,0,0,0,0,0))(count:1) to [vunguyen1984][BinBin], GenTime:1535800901
TradeTime: 9-7 8:4:29

[gcity02][5docne] sell Qu¶ Huy Hoµng (trung)(AddItemEx(4,-820825027,0,6,1,905,1,0,0,0,0,0,0,0,0,0))(count:1) to [gcity03][nvmoi04], GenTime:1536235696
[gcity02][5docne] sell Qu¶ Huy Hoµng (trung)(AddItemEx(4,1300769637,0,6,1,905,1,0,0,0,0,0,0,0,0,0))(count:1) to [gcity03][nvmoi04], GenTime:1536235685
[gcity02][5docne] sell Qu¶ Huy Hoµng (trung)(AddItemEx(4,-1757834477,0,6,1,905,1,0,0,0,0,0,0,0,0,0))(count:1) to [gcity03][nvmoi04], GenTime:1536235674
[gcity02][5docne] sell Qu¶ Huy Hoµng (trung)(AddItemEx(4,762585577,0,6,1,905,1,0,0,0,0,0,0,0,0,0))(count:1) to [gcity03][nvmoi04], GenTime:1536235663
[gcity02][5docne] sell Qu¶ Huy Hoµng (trung)(AddItemEx(4,-943293124,0,6,1,905,1,0,0,0,0,0,0,0,0,0))(count:1) to [gcity03][nvmoi04], GenTime:1536235652
TradeTime: 9-7 9:49:52

[gcity05][nvmoi05] sell Thiªn Hoµng Long B¹ch Long Tøc(AddItemEx(4,1419819298,1,0,168,18,6,0,0,0,0,0,0,0,0,0))(count:1) to [gcity03][nvmoi04], GenTime:1536288809
TradeTime: 9-7 9:56:13

[gcity04][nvmoi01] sell Thiªn Hoµng Long Ngäc Tiªu Diªu(AddItemEx(4,867802834,1,0,171,1,6,4,0,0,0,0,0,0,0,0))(count:1) to [gcity03][nvmoi04], GenTime:1536289079
TradeTime: 9-7 10:11:54

[gcity03][nvmoi04] sell Thiªn Hoµng Long Bµn Long c«i(AddItemEx(4,1694675565,1,0,173,1,6,0,0,0,0,0,0,0,0,0))(count:1) to [gcity02][5docne], GenTime:1536288927
TradeTime: 9-7 10:12:28

[gcity01][nvmoi02] sell Thiªn Hoµng Long Cöu HiÖn chØ (AddItemEx(4,1320194924,1,0,170,0,6,2,0,0,0,0,0,0,0,0))(count:1) to [gcity02][5docne], GenTime:1536289187
TradeTime: 9-7 10:13:20

[gcity04][nvmoi01] sell Thiªn Hoµng Long Hoµng Kim L©n(AddItemEx(4,-257450600,1,0,172,1,6,3,0,0,0,0,0,0,0,0))(count:1) to [gcity02][5docne], GenTime:1536121353
TradeTime: 9-7 10:14:17

[anhthusqt1][docmadep] sell Thiªn Hoµng Long Long §µi(AddItemEx(4,1388177078,1,0,167,4,6,2,0,0,0,0,0,0,0,0))(count:1) to [anhthusqt][caibangcuibap], GenTime:1536193907
[anhthusqt1][docmadep] sell Thiªn Hoµng Long Hoµng Kim L©n(AddItemEx(4,496292164,1,0,172,1,6,3,0,0,0,0,0,0,0,0))(count:1) to [anhthusqt][caibangcuibap], GenTime:1536147093
[anhthusqt][caibangcuibap] sell Thiªn s¬n B¶o Lé (AddItemEx(4,1249160267,0,6,1,72,1,0,0,0,0,0,0,0,0,0))(count:9) to [anhthusqt1][docmadep], GenTime:1536112188
[anhthusqt][caibangcuibap] sell QuÕ Hoa Töu(AddItemEx(4,1085688814,0,6,1,125,1,0,0,0,0,0,0,0,0,0))(count:1) to [anhthusqt1][docmadep], GenTime:1536234798
TradeTime: 9-7 13:52:20

[huynhtrongtri14][§écS¸tNgo¹iC«ng] sell [Hoµn Mü] An Bang B¨ng Tinh Th¹ch H¹ng Liªn(AddItemEx(4,-1448873677,1,0,209,0,10,4,0,0,0,0,0,0,0,0))(count:1) to [nonhandl][NhËmÙNg·ÙHµnhÙ], GenTime:1535117481
[huynhtrongtri14][§écS¸tNgo¹iC«ng] sell [Hoµn Mü] An Bang Cóc Hoa Th¹ch ChØ Hoµn(AddItemEx(4,1858854970,1,0,210,0,8,2,0,0,0,0,0,0,0,0))(count:1) to [nonhandl][NhËmÙNg·ÙHµnhÙ], GenTime:1535024854
[huynhtrongtri14][§écS¸tNgo¹iC«ng] sell [Hoµn Mü] An Bang Kª HuyÕt Th¹ch Giíi ChØ(AddItemEx(4,-1639624392,1,0,212,0,8,3,0,0,0,0,0,0,0,0))(count:1) to [nonhandl][NhËmÙNg·ÙHµnhÙ], GenTime:1535025689
[huynhtrongtri14][§écS¸tNgo¹iC«ng] sell [Hoµn Mü] An Bang §iÒn Hoµng Th¹ch Ngäc Béi(AddItemEx(4,1736301451,1,0,211,1,8,1,0,0,0,0,0,0,0,0))(count:1) to [nonhandl][NhËmÙNg·ÙHµnhÙ], GenTime:1535701707
TradeTime: 9-7 17:51:42

[luukt53][NgoalongVD] sell Thiªn Niªn Huy Hoµng qu¶(AddItemEx(4,1959441919,0,6,1,2270,1,0,0,0,0,0,0,0,0,0))(count:5) to [luukt54][NgoalongNM], GenTime:1536321975
TradeTime: 9-7 19:47:46

[letutl77][AnLyLy] sell Thiªn Hoµng Long Long §µi(AddItemEx(4,-1619458604,1,0,167,4,6,2,0,0,0,0,0,0,0,0))(count:1) to [letutl72][DoanhDoanh], GenTime:1535743994
[letutl77][AnLyLy] sell Thiªn Hoµng Long Long Khèc Thiªn Lý (AddItemEx(4,-1329741683,1,0,174,1,6,4,0,0,0,0,0,0,0,0))(count:1) to [letutl72][DoanhDoanh], GenTime:1535744824
[letutl77][AnLyLy] sell Thiªn Hoµng Long Ngäc Tiªu Diªu(AddItemEx(4,-1941635873,1,0,171,1,6,4,0,0,0,0,0,0,0,0))(count:1) to [letutl72][DoanhDoanh], GenTime:1535746585
TradeTime: 9-7 22:42:3

[letutl72][DoanhDoanh] sell Thiªn Hoµng Long Long §µi(AddItemEx(4,282988136,1,0,167,4,6,2,0,0,0,0,0,0,0,0))(count:1) to [letutl77][AnLyLy], GenTime:1536334341
[letutl72][DoanhDoanh] sell Thiªn Hoµng Long Ngäc Tiªu Diªu(AddItemEx(4,-817519402,1,0,171,1,6,4,0,0,0,0,0,0,0,0))(count:1) to [letutl77][AnLyLy], GenTime:1536333379
TradeTime: 9-7 22:46:17

