[20-08-18 00:44:54]	EventID: 1	NpcID: 1	JoinItemId: 2	[Giá Hoa Quèc Kh¸nh]	[§æi 116 Giá Hoa Quèc Kh¸nh param:  116-Hoa Quèc Kh¸nh 116-D©y Buéc Hoa 116-Giá §ùng Hoa]	Acc: samsimon1	Player: ÙRitaÙOri
[20-08-18 00:49:36]	EventID: 1	NpcID: 1	JoinItemId: 2	[Giá Hoa Quèc Kh¸nh]	[§æi 13 Giá Hoa Quèc Kh¸nh param:  13-Hoa Quèc Kh¸nh 13-D©y Buéc Hoa 13-Giá §ùng Hoa]	Acc: kaiba1	Player: ÙAÙTònÙ
[20-08-18 03:05:26]	EventID: 1	NpcID: 1	JoinItemId: 2	[Giá Hoa Quèc Kh¸nh]	[§æi 8 Giá Hoa Quèc Kh¸nh param:  8-Hoa Quèc Kh¸nh 8-D©y Buéc Hoa 8-Giá §ùng Hoa]	Acc: thaocanh114	Player: ThiªnÙNh·
[20-08-18 03:46:45]	EventID: 1	NpcID: 1	JoinItemId: 2	[Giá Hoa Quèc Kh¸nh]	[§æi 202 Giá Hoa Quèc Kh¸nh param:  202-Hoa Quèc Kh¸nh 202-D©y Buéc Hoa 202-Giá §ùng Hoa]	Acc: minsimon1	Player: ÙJunÙKiri
[20-08-18 05:32:34]	EventID: 1	NpcID: 1	JoinItemId: 2	[Giá Hoa Quèc Kh¸nh]	[§æi 82 Giá Hoa Quèc Kh¸nh param:  82-Hoa Quèc Kh¸nh 82-D©y Buéc Hoa 82-Giá §ùng Hoa]	Acc: samsimon1	Player: ÙRitaÙOri
[20-08-18 12:52:14]	EventID: 1	NpcID: 1	JoinItemId: 1	[Bã Hoa Quèc Kh¸nh]	[§æi 1 Bã Hoa Quèc Kh¸nh param:  1-Hoa Quèc Kh¸nh 1-D©y Buéc Hoa 1-GiÊy Gãi Hoa]	Acc: luukt53	Player: NgoalongVD
[20-08-18 12:55:11]	EventID: 1	NpcID: 1	JoinItemId: 2	[Giá Hoa Quèc Kh¸nh]	[§æi 36 Giá Hoa Quèc Kh¸nh param:  36-Hoa Quèc Kh¸nh 36-D©y Buéc Hoa 36-Giá §ùng Hoa]	Acc: luukt53	Player: NgoalongVD
[20-08-18 12:58:23]	EventID: 1	NpcID: 1	JoinItemId: 2	[Giá Hoa Quèc Kh¸nh]	[§æi 50 Giá Hoa Quèc Kh¸nh param:  50-Hoa Quèc Kh¸nh 50-D©y Buéc Hoa 50-Giá §ùng Hoa]	Acc: luukt53	Player: NgoalongVD
[20-08-18 13:05:36]	EventID: 1	NpcID: 1	JoinItemId: 2	[Giá Hoa Quèc Kh¸nh]	[§æi 100 Giá Hoa Quèc Kh¸nh param:  100-Hoa Quèc Kh¸nh 100-D©y Buéc Hoa 100-Giá §ùng Hoa]	Acc: luukt53	Player: NgoalongVD
[20-08-18 13:07:11]	EventID: 1	NpcID: 1	JoinItemId: 2	[Giá Hoa Quèc Kh¸nh]	[§æi 33 Giá Hoa Quèc Kh¸nh param:  33-Hoa Quèc Kh¸nh 33-D©y Buéc Hoa 33-Giá §ùng Hoa]	Acc: kaiba1	Player: ÙAÙTònÙ
[20-08-18 13:12:41]	EventID: 1	NpcID: 1	JoinItemId: 2	[Giá Hoa Quèc Kh¸nh]	[§æi 100 Giá Hoa Quèc Kh¸nh param:  100-Hoa Quèc Kh¸nh 100-D©y Buéc Hoa 100-Giá §ùng Hoa]	Acc: luukt53	Player: NgoalongVD
[20-08-18 13:18:25]	EventID: 1	NpcID: 1	JoinItemId: 2	[Giá Hoa Quèc Kh¸nh]	[§æi 100 Giá Hoa Quèc Kh¸nh param:  100-Hoa Quèc Kh¸nh 100-D©y Buéc Hoa 100-Giá §ùng Hoa]	Acc: luukt53	Player: NgoalongVD
[20-08-18 14:27:15]	EventID: 1	NpcID: 1	JoinItemId: 1	[Bã Hoa Quèc Kh¸nh]	[§æi 1 Bã Hoa Quèc Kh¸nh param:  1-Hoa Quèc Kh¸nh 1-D©y Buéc Hoa 1-GiÊy Gãi Hoa]	Acc: kaiba1	Player: ÙAÙTònÙ
[20-08-18 14:27:23]	EventID: 1	NpcID: 1	JoinItemId: 2	[Giá Hoa Quèc Kh¸nh]	[§æi 25 Giá Hoa Quèc Kh¸nh param:  25-Hoa Quèc Kh¸nh 25-D©y Buéc Hoa 25-Giá §ùng Hoa]	Acc: kaiba1	Player: ÙAÙTònÙ
[20-08-18 15:00:08]	EventID: 1	NpcID: 1	JoinItemId: 2	[Giá Hoa Quèc Kh¸nh]	[§æi 81 Giá Hoa Quèc Kh¸nh param:  81-Hoa Quèc Kh¸nh 81-D©y Buéc Hoa 81-Giá §ùng Hoa]	Acc: thaocanh114	Player: ThiªnÙNh·
[20-08-18 15:01:39]	EventID: 1	NpcID: 1	JoinItemId: 2	[Giá Hoa Quèc Kh¸nh]	[§æi 210 Giá Hoa Quèc Kh¸nh param:  210-Hoa Quèc Kh¸nh 210-D©y Buéc Hoa 210-Giá §ùng Hoa]	Acc: kaiba1	Player: ÙAÙTònÙ
[20-08-18 15:25:17]	EventID: 1	NpcID: 1	JoinItemId: 2	[Giá Hoa Quèc Kh¸nh]	[§æi 250 Giá Hoa Quèc Kh¸nh param:  250-Hoa Quèc Kh¸nh 250-D©y Buéc Hoa 250-Giá §ùng Hoa]	Acc: thaocanh114	Player: ThiªnÙNh·
[20-08-18 15:25:29]	EventID: 1	NpcID: 1	JoinItemId: 2	[Giá Hoa Quèc Kh¸nh]	[§æi 189 Giá Hoa Quèc Kh¸nh param:  189-Hoa Quèc Kh¸nh 189-D©y Buéc Hoa 189-Giá §ùng Hoa]	Acc: thaocanh114	Player: ThiªnÙNh·
[20-08-18 16:27:35]	EventID: 1	NpcID: 1	JoinItemId: 2	[Giá Hoa Quèc Kh¸nh]	[§æi 1 Giá Hoa Quèc Kh¸nh param:  1-Hoa Quèc Kh¸nh 1-D©y Buéc Hoa 1-Giá §ùng Hoa]	Acc: hieuadnew	Player: AdminÙSHXT
[20-08-18 16:27:42]	EventID: 1	NpcID: 1	JoinItemId: 1	[Bã Hoa Quèc Kh¸nh]	[§æi 5 Bã Hoa Quèc Kh¸nh param:  5-Hoa Quèc Kh¸nh 5-D©y Buéc Hoa 5-GiÊy Gãi Hoa]	Acc: hieuadnew	Player: AdminÙSHXT
[20-08-18 16:46:23]	EventID: 1	NpcID: 1	JoinItemId: 2	[Giá Hoa Quèc Kh¸nh]	[§æi 250 Giá Hoa Quèc Kh¸nh param:  250-Hoa Quèc Kh¸nh 250-D©y Buéc Hoa 250-Giá §ùng Hoa]	Acc: quocbaobp	Player: §¹iÙThiÕuÙGia
[20-08-18 16:46:28]	EventID: 1	NpcID: 1	JoinItemId: 2	[Giá Hoa Quèc Kh¸nh]	[§æi 250 Giá Hoa Quèc Kh¸nh param:  250-Hoa Quèc Kh¸nh 250-D©y Buéc Hoa 250-Giá §ùng Hoa]	Acc: quocbaobp	Player: §¹iÙThiÕuÙGia
[20-08-18 16:46:33]	EventID: 1	NpcID: 1	JoinItemId: 1	[Bã Hoa Quèc Kh¸nh]	[§æi 10 Bã Hoa Quèc Kh¸nh param:  10-Hoa Quèc Kh¸nh 10-D©y Buéc Hoa 10-GiÊy Gãi Hoa]	Acc: quocbaobp	Player: §¹iÙThiÕuÙGia
[20-08-18 16:46:38]	EventID: 1	NpcID: 1	JoinItemId: 2	[Giá Hoa Quèc Kh¸nh]	[§æi 20 Giá Hoa Quèc Kh¸nh param:  20-Hoa Quèc Kh¸nh 20-D©y Buéc Hoa 20-Giá §ùng Hoa]	Acc: quocbaobp	Player: §¹iÙThiÕuÙGia
[20-08-18 16:56:44]	EventID: 1	NpcID: 1	JoinItemId: 2	[Giá Hoa Quèc Kh¸nh]	[§æi 119 Giá Hoa Quèc Kh¸nh param:  119-Hoa Quèc Kh¸nh 119-D©y Buéc Hoa 119-Giá §ùng Hoa]	Acc: quocbaobp	Player: §¹iÙThiÕuÙGia
[20-08-18 17:42:22]	EventID: 1	NpcID: 1	JoinItemId: 2	[Giá Hoa Quèc Kh¸nh]	[§æi 250 Giá Hoa Quèc Kh¸nh param:  250-Hoa Quèc Kh¸nh 250-D©y Buéc Hoa 250-Giá §ùng Hoa]	Acc: quocbaobp	Player: §¹iÙThiÕuÙGia
[20-08-18 17:42:27]	EventID: 1	NpcID: 1	JoinItemId: 2	[Giá Hoa Quèc Kh¸nh]	[§æi 250 Giá Hoa Quèc Kh¸nh param:  250-Hoa Quèc Kh¸nh 250-D©y Buéc Hoa 250-Giá §ùng Hoa]	Acc: quocbaobp	Player: §¹iÙThiÕuÙGia
[20-08-18 17:42:32]	EventID: 1	NpcID: 1	JoinItemId: 2	[Giá Hoa Quèc Kh¸nh]	[§æi 1 Giá Hoa Quèc Kh¸nh param:  1-Hoa Quèc Kh¸nh 1-D©y Buéc Hoa 1-Giá §ùng Hoa]	Acc: quocbaobp	Player: §¹iÙThiÕuÙGia
[20-08-18 17:51:23]	EventID: 1	NpcID: 1	JoinItemId: 1	[Bã Hoa Quèc Kh¸nh]	[§æi 1 Bã Hoa Quèc Kh¸nh param:  1-Hoa Quèc Kh¸nh 1-D©y Buéc Hoa 1-GiÊy Gãi Hoa]	Acc: huyenuyqs	Player: RångconÙ
[20-08-18 18:52:13]	EventID: 1	NpcID: 1	JoinItemId: 2	[Giá Hoa Quèc Kh¸nh]	[§æi 250 Giá Hoa Quèc Kh¸nh param:  250-Hoa Quèc Kh¸nh 250-D©y Buéc Hoa 250-Giá §ùng Hoa]	Acc: samsimon1	Player: ÙRitaÙOri
[20-08-18 18:52:18]	EventID: 1	NpcID: 1	JoinItemId: 2	[Giá Hoa Quèc Kh¸nh]	[§æi 150 Giá Hoa Quèc Kh¸nh param:  150-Hoa Quèc Kh¸nh 150-D©y Buéc Hoa 150-Giá §ùng Hoa]	Acc: samsimon1	Player: ÙRitaÙOri
[20-08-18 19:14:03]	EventID: 1	NpcID: 1	JoinItemId: 2	[Giá Hoa Quèc Kh¸nh]	[§æi 250 Giá Hoa Quèc Kh¸nh param:  250-Hoa Quèc Kh¸nh 250-D©y Buéc Hoa 250-Giá §ùng Hoa]	Acc: samsimon1	Player: ÙRitaÙOri
[20-08-18 19:14:07]	EventID: 1	NpcID: 1	JoinItemId: 2	[Giá Hoa Quèc Kh¸nh]	[§æi 250 Giá Hoa Quèc Kh¸nh param:  250-Hoa Quèc Kh¸nh 250-D©y Buéc Hoa 250-Giá §ùng Hoa]	Acc: samsimon1	Player: ÙRitaÙOri
[20-08-18 19:14:11]	EventID: 1	NpcID: 1	JoinItemId: 2	[Giá Hoa Quèc Kh¸nh]	[§æi 250 Giá Hoa Quèc Kh¸nh param:  250-Hoa Quèc Kh¸nh 250-D©y Buéc Hoa 250-Giá §ùng Hoa]	Acc: samsimon1	Player: ÙRitaÙOri
[20-08-18 19:14:15]	EventID: 1	NpcID: 1	JoinItemId: 2	[Giá Hoa Quèc Kh¸nh]	[§æi 180 Giá Hoa Quèc Kh¸nh param:  180-Hoa Quèc Kh¸nh 180-D©y Buéc Hoa 180-Giá §ùng Hoa]	Acc: samsimon1	Player: ÙRitaÙOri
[20-08-18 19:25:03]	EventID: 1	NpcID: 1	JoinItemId: 2	[Giá Hoa Quèc Kh¸nh]	[§æi 100 Giá Hoa Quèc Kh¸nh param:  100-Hoa Quèc Kh¸nh 100-D©y Buéc Hoa 100-Giá §ùng Hoa]	Acc: samsimon1	Player: ÙRitaÙOri
[20-08-18 19:44:57]	EventID: 1	NpcID: 1	JoinItemId: 1	[Bã Hoa Quèc Kh¸nh]	[§æi 1 Bã Hoa Quèc Kh¸nh param:  1-Hoa Quèc Kh¸nh 1-D©y Buéc Hoa 1-GiÊy Gãi Hoa]	Acc: hieuham1996	Player: TriÖuÙTöÙLong
[20-08-18 19:45:51]	EventID: 1	NpcID: 1	JoinItemId: 1	[Bã Hoa Quèc Kh¸nh]	[§æi 10 Bã Hoa Quèc Kh¸nh param:  10-Hoa Quèc Kh¸nh 10-D©y Buéc Hoa 10-GiÊy Gãi Hoa]	Acc: hieuham1996	Player: TriÖuÙTöÙLong
[20-08-18 19:46:46]	EventID: 1	NpcID: 1	JoinItemId: 2	[Giá Hoa Quèc Kh¸nh]	[§æi 1 Giá Hoa Quèc Kh¸nh param:  1-Hoa Quèc Kh¸nh 1-D©y Buéc Hoa 1-Giá §ùng Hoa]	Acc: hieuham1996	Player: TriÖuÙTöÙLong
[20-08-18 19:47:44]	EventID: 1	NpcID: 1	JoinItemId: 2	[Giá Hoa Quèc Kh¸nh]	[§æi 10 Giá Hoa Quèc Kh¸nh param:  10-Hoa Quèc Kh¸nh 10-D©y Buéc Hoa 10-Giá §ùng Hoa]	Acc: hieuham1996	Player: TriÖuÙTöÙLong
[20-08-18 19:50:45]	EventID: 1	NpcID: 1	JoinItemId: 2	[Giá Hoa Quèc Kh¸nh]	[§æi 10 Giá Hoa Quèc Kh¸nh param:  10-Hoa Quèc Kh¸nh 10-D©y Buéc Hoa 10-Giá §ùng Hoa]	Acc: hieuham1996	Player: TriÖuÙTöÙLong
[20-08-18 19:58:55]	EventID: 1	NpcID: 1	JoinItemId: 2	[Giá Hoa Quèc Kh¸nh]	[§æi 10 Giá Hoa Quèc Kh¸nh param:  10-Hoa Quèc Kh¸nh 10-D©y Buéc Hoa 10-Giá §ùng Hoa]	Acc: anlonnhe	Player: Kvedoc
[20-08-18 20:23:31]	EventID: 1	NpcID: 1	JoinItemId: 1	[Bã Hoa Quèc Kh¸nh]	[§æi 1 Bã Hoa Quèc Kh¸nh param:  1-Hoa Quèc Kh¸nh 1-D©y Buéc Hoa 1-GiÊy Gãi Hoa]	Acc: luukt53	Player: NgoalongVD
[20-08-18 20:23:43]	EventID: 1	NpcID: 1	JoinItemId: 1	[Bã Hoa Quèc Kh¸nh]	[§æi 9 Bã Hoa Quèc Kh¸nh param:  9-Hoa Quèc Kh¸nh 9-D©y Buéc Hoa 9-GiÊy Gãi Hoa]	Acc: luukt53	Player: NgoalongVD
[20-08-18 20:24:35]	EventID: 1	NpcID: 1	JoinItemId: 2	[Giá Hoa Quèc Kh¸nh]	[§æi 250 Giá Hoa Quèc Kh¸nh param:  250-Hoa Quèc Kh¸nh 250-D©y Buéc Hoa 250-Giá §ùng Hoa]	Acc: luukt53	Player: NgoalongVD
[20-08-18 20:26:08]	EventID: 1	NpcID: 1	JoinItemId: 2	[Giá Hoa Quèc Kh¸nh]	[§æi 250 Giá Hoa Quèc Kh¸nh param:  250-Hoa Quèc Kh¸nh 250-D©y Buéc Hoa 250-Giá §ùng Hoa]	Acc: luukt53	Player: NgoalongVD
[20-08-18 20:27:28]	EventID: 1	NpcID: 1	JoinItemId: 2	[Giá Hoa Quèc Kh¸nh]	[§æi 250 Giá Hoa Quèc Kh¸nh param:  250-Hoa Quèc Kh¸nh 250-D©y Buéc Hoa 250-Giá §ùng Hoa]	Acc: luukt53	Player: NgoalongVD
[20-08-18 20:31:32]	EventID: 1	NpcID: 1	JoinItemId: 2	[Giá Hoa Quèc Kh¸nh]	[§æi 250 Giá Hoa Quèc Kh¸nh param:  250-Hoa Quèc Kh¸nh 250-D©y Buéc Hoa 250-Giá §ùng Hoa]	Acc: luukt53	Player: NgoalongVD
[20-08-18 20:36:59]	EventID: 1	NpcID: 1	JoinItemId: 2	[Giá Hoa Quèc Kh¸nh]	[§æi 212 Giá Hoa Quèc Kh¸nh param:  212-Hoa Quèc Kh¸nh 212-D©y Buéc Hoa 212-Giá §ùng Hoa]	Acc: luukt53	Player: NgoalongVD
[20-08-18 20:43:02]	EventID: 1	NpcID: 1	JoinItemId: 2	[Giá Hoa Quèc Kh¸nh]	[§æi 10 Giá Hoa Quèc Kh¸nh param:  10-Hoa Quèc Kh¸nh 10-D©y Buéc Hoa 10-Giá §ùng Hoa]	Acc: tranhoangcham	Player: KeVoDanh
[20-08-18 21:14:35]	EventID: 1	NpcID: 1	JoinItemId: 2	[Giá Hoa Quèc Kh¸nh]	[§æi 200 Giá Hoa Quèc Kh¸nh param:  200-Hoa Quèc Kh¸nh 200-D©y Buéc Hoa 200-Giá §ùng Hoa]	Acc: ribi01	Player: RiBi01
[20-08-18 22:11:42]	EventID: 1	NpcID: 1	JoinItemId: 2	[Giá Hoa Quèc Kh¸nh]	[§æi 250 Giá Hoa Quèc Kh¸nh param:  250-Hoa Quèc Kh¸nh 250-D©y Buéc Hoa 250-Giá §ùng Hoa]	Acc: luukt53	Player: NgoalongVD
[20-08-18 22:11:48]	EventID: 1	NpcID: 1	JoinItemId: 2	[Giá Hoa Quèc Kh¸nh]	[§æi 250 Giá Hoa Quèc Kh¸nh param:  250-Hoa Quèc Kh¸nh 250-D©y Buéc Hoa 250-Giá §ùng Hoa]	Acc: luukt53	Player: NgoalongVD
[20-08-18 22:11:54]	EventID: 1	NpcID: 1	JoinItemId: 2	[Giá Hoa Quèc Kh¸nh]	[§æi 250 Giá Hoa Quèc Kh¸nh param:  250-Hoa Quèc Kh¸nh 250-D©y Buéc Hoa 250-Giá §ùng Hoa]	Acc: luukt53	Player: NgoalongVD
[20-08-18 22:12:01]	EventID: 1	NpcID: 1	JoinItemId: 2	[Giá Hoa Quèc Kh¸nh]	[§æi 250 Giá Hoa Quèc Kh¸nh param:  250-Hoa Quèc Kh¸nh 250-D©y Buéc Hoa 250-Giá §ùng Hoa]	Acc: luukt53	Player: NgoalongVD
[20-08-18 22:12:07]	EventID: 1	NpcID: 1	JoinItemId: 2	[Giá Hoa Quèc Kh¸nh]	[§æi 250 Giá Hoa Quèc Kh¸nh param:  250-Hoa Quèc Kh¸nh 250-D©y Buéc Hoa 250-Giá §ùng Hoa]	Acc: luukt53	Player: NgoalongVD
[20-08-18 22:12:15]	EventID: 1	NpcID: 1	JoinItemId: 2	[Giá Hoa Quèc Kh¸nh]	[§æi 100 Giá Hoa Quèc Kh¸nh param:  100-Hoa Quèc Kh¸nh 100-D©y Buéc Hoa 100-Giá §ùng Hoa]	Acc: luukt53	Player: NgoalongVD
[20-08-18 22:17:02]	EventID: 1	NpcID: 1	JoinItemId: 2	[Giá Hoa Quèc Kh¸nh]	[§æi 40 Giá Hoa Quèc Kh¸nh param:  40-Hoa Quèc Kh¸nh 40-D©y Buéc Hoa 40-Giá §ùng Hoa]	Acc: luukt53	Player: NgoalongVD
[20-08-18 23:23:03]	EventID: 1	NpcID: 1	JoinItemId: 2	[Giá Hoa Quèc Kh¸nh]	[§æi 187 Giá Hoa Quèc Kh¸nh param:  187-Hoa Quèc Kh¸nh 187-D©y Buéc Hoa 187-Giá §ùng Hoa]	Acc: luukt53	Player: NgoalongVD
[20-08-18 23:30:12]	EventID: 1	NpcID: 1	JoinItemId: 2	[Giá Hoa Quèc Kh¸nh]	[§æi 250 Giá Hoa Quèc Kh¸nh param:  250-Hoa Quèc Kh¸nh 250-D©y Buéc Hoa 250-Giá §ùng Hoa]	Acc: samsimon1	Player: ÙRitaÙOri
[20-08-18 23:39:59]	EventID: 1	NpcID: 1	JoinItemId: 1	[Bã Hoa Quèc Kh¸nh]	[§æi 10 Bã Hoa Quèc Kh¸nh param:  10-Hoa Quèc Kh¸nh 10-D©y Buéc Hoa 10-GiÊy Gãi Hoa]	Acc: luukt53	Player: NgoalongVD
[20-08-18 23:40:05]	EventID: 1	NpcID: 1	JoinItemId: 1	[Bã Hoa Quèc Kh¸nh]	[§æi 10 Bã Hoa Quèc Kh¸nh param:  10-Hoa Quèc Kh¸nh 10-D©y Buéc Hoa 10-GiÊy Gãi Hoa]	Acc: luukt53	Player: NgoalongVD
[20-08-18 23:42:19]	EventID: 1	NpcID: 1	JoinItemId: 1	[Bã Hoa Quèc Kh¸nh]	[§æi 10 Bã Hoa Quèc Kh¸nh param:  10-Hoa Quèc Kh¸nh 10-D©y Buéc Hoa 10-GiÊy Gãi Hoa]	Acc: luukt53	Player: NgoalongVD
[20-08-18 23:53:55]	EventID: 1	NpcID: 1	JoinItemId: 2	[Giá Hoa Quèc Kh¸nh]	[§æi 163 Giá Hoa Quèc Kh¸nh param:  163-Hoa Quèc Kh¸nh 163-D©y Buéc Hoa 163-Giá §ùng Hoa]	Acc: luukt53	Player: NgoalongVD
