[23-08-18 03:24:06]	EventID: 1	NpcID: 1	JoinItemId: 2	[Giá Hoa Quèc Kh¸nh]	[§æi 250 Giá Hoa Quèc Kh¸nh param:  250-Hoa Quèc Kh¸nh 250-D©y Buéc Hoa 250-Giá §ùng Hoa]	Acc: sangtpbrvt	Player: SangTp
[23-08-18 03:24:12]	EventID: 1	NpcID: 1	JoinItemId: 2	[Giá Hoa Quèc Kh¸nh]	[§æi 250 Giá Hoa Quèc Kh¸nh param:  250-Hoa Quèc Kh¸nh 250-D©y Buéc Hoa 250-Giá §ùng Hoa]	Acc: sangtpbrvt	Player: SangTp
[23-08-18 03:24:21]	EventID: 1	NpcID: 1	JoinItemId: 2	[Giá Hoa Quèc Kh¸nh]	[§æi 250 Giá Hoa Quèc Kh¸nh param:  250-Hoa Quèc Kh¸nh 250-D©y Buéc Hoa 250-Giá §ùng Hoa]	Acc: sangtpbrvt	Player: SangTp
[23-08-18 03:24:27]	EventID: 1	NpcID: 1	JoinItemId: 2	[Giá Hoa Quèc Kh¸nh]	[§æi 250 Giá Hoa Quèc Kh¸nh param:  250-Hoa Quèc Kh¸nh 250-D©y Buéc Hoa 250-Giá §ùng Hoa]	Acc: sangtpbrvt	Player: SangTp
[23-08-18 12:24:49]	EventID: 1	NpcID: 1	JoinItemId: 2	[Giá Hoa Quèc Kh¸nh]	[§æi 77 Giá Hoa Quèc Kh¸nh param:  77-Hoa Quèc Kh¸nh 77-D©y Buéc Hoa 77-Giá §ùng Hoa]	Acc: thaocanh114	Player: ThiªnÙNh·
[23-08-18 14:55:33]	EventID: 1	NpcID: 1	JoinItemId: 1	[Bã Hoa Quèc Kh¸nh]	[§æi 5 Bã Hoa Quèc Kh¸nh param:  5-Hoa Quèc Kh¸nh 5-D©y Buéc Hoa 5-GiÊy Gãi Hoa]	Acc: huynhtrongtri11	Player: §écS¸tNéiC«ng
[23-08-18 14:55:53]	EventID: 1	NpcID: 1	JoinItemId: 2	[Giá Hoa Quèc Kh¸nh]	[§æi 9 Giá Hoa Quèc Kh¸nh param:  9-Hoa Quèc Kh¸nh 9-D©y Buéc Hoa 9-Giá §ùng Hoa]	Acc: huynhtrongtri11	Player: §écS¸tNéiC«ng
[23-08-18 15:18:03]	EventID: 1	NpcID: 1	JoinItemId: 2	[Giá Hoa Quèc Kh¸nh]	[§æi 20 Giá Hoa Quèc Kh¸nh param:  20-Hoa Quèc Kh¸nh 20-D©y Buéc Hoa 20-Giá §ùng Hoa]	Acc: huynhtrongtri11	Player: §écS¸tNéiC«ng
[23-08-18 15:18:12]	EventID: 1	NpcID: 1	JoinItemId: 1	[Bã Hoa Quèc Kh¸nh]	[§æi 10 Bã Hoa Quèc Kh¸nh param:  10-Hoa Quèc Kh¸nh 10-D©y Buéc Hoa 10-GiÊy Gãi Hoa]	Acc: huynhtrongtri11	Player: §écS¸tNéiC«ng
[23-08-18 15:25:20]	EventID: 1	NpcID: 1	JoinItemId: 2	[Giá Hoa Quèc Kh¸nh]	[§æi 10 Giá Hoa Quèc Kh¸nh param:  10-Hoa Quèc Kh¸nh 10-D©y Buéc Hoa 10-Giá §ùng Hoa]	Acc: haivlc1	Player: Violet
[23-08-18 16:03:14]	EventID: 1	NpcID: 1	JoinItemId: 1	[Bã Hoa Quèc Kh¸nh]	[§æi 250 Bã Hoa Quèc Kh¸nh param:  250-Hoa Quèc Kh¸nh 250-D©y Buéc Hoa 250-GiÊy Gãi Hoa]	Acc: quocbaobp	Player: §¹iÙThiÕuÙGia
[23-08-18 16:03:22]	EventID: 1	NpcID: 1	JoinItemId: 1	[Bã Hoa Quèc Kh¸nh]	[§æi 250 Bã Hoa Quèc Kh¸nh param:  250-Hoa Quèc Kh¸nh 250-D©y Buéc Hoa 250-GiÊy Gãi Hoa]	Acc: quocbaobp	Player: §¹iÙThiÕuÙGia
[23-08-18 16:03:27]	EventID: 1	NpcID: 1	JoinItemId: 1	[Bã Hoa Quèc Kh¸nh]	[§æi 250 Bã Hoa Quèc Kh¸nh param:  250-Hoa Quèc Kh¸nh 250-D©y Buéc Hoa 250-GiÊy Gãi Hoa]	Acc: quocbaobp	Player: §¹iÙThiÕuÙGia
[23-08-18 16:03:32]	EventID: 1	NpcID: 1	JoinItemId: 1	[Bã Hoa Quèc Kh¸nh]	[§æi 250 Bã Hoa Quèc Kh¸nh param:  250-Hoa Quèc Kh¸nh 250-D©y Buéc Hoa 250-GiÊy Gãi Hoa]	Acc: quocbaobp	Player: §¹iÙThiÕuÙGia
[23-08-18 16:22:27]	EventID: 1	NpcID: 1	JoinItemId: 2	[Giá Hoa Quèc Kh¸nh]	[§æi 5 Giá Hoa Quèc Kh¸nh param:  5-Hoa Quèc Kh¸nh 5-D©y Buéc Hoa 5-Giá §ùng Hoa]	Acc: sarin1990	Player: DocDep
[23-08-18 18:21:43]	EventID: 1	NpcID: 1	JoinItemId: 2	[Giá Hoa Quèc Kh¸nh]	[§æi 30 Giá Hoa Quèc Kh¸nh param:  30-Hoa Quèc Kh¸nh 30-D©y Buéc Hoa 30-Giá §ùng Hoa]	Acc: huynhtrongtri11	Player: §écS¸tNéiC«ng
[23-08-18 20:00:23]	EventID: 1	NpcID: 1	JoinItemId: 1	[Bã Hoa Quèc Kh¸nh]	[§æi 10 Bã Hoa Quèc Kh¸nh param:  10-Hoa Quèc Kh¸nh 10-D©y Buéc Hoa 10-GiÊy Gãi Hoa]	Acc: huynhtrongtri13	Player: B¨ngS¸tNéiC«ng
[23-08-18 20:04:08]	EventID: 1	NpcID: 1	JoinItemId: 2	[Giá Hoa Quèc Kh¸nh]	[§æi 20 Giá Hoa Quèc Kh¸nh param:  20-Hoa Quèc Kh¸nh 20-D©y Buéc Hoa 20-Giá §ùng Hoa]	Acc: huynhtrongtri14	Player: §écS¸tNgo¹iC«ng
[23-08-18 20:04:57]	EventID: 1	NpcID: 1	JoinItemId: 2	[Giá Hoa Quèc Kh¸nh]	[§æi 40 Giá Hoa Quèc Kh¸nh param:  40-Hoa Quèc Kh¸nh 40-D©y Buéc Hoa 40-Giá §ùng Hoa]	Acc: huynhtrongtri14	Player: §écS¸tNgo¹iC«ng
[23-08-18 20:09:27]	EventID: 1	NpcID: 1	JoinItemId: 2	[Giá Hoa Quèc Kh¸nh]	[§æi 80 Giá Hoa Quèc Kh¸nh param:  80-Hoa Quèc Kh¸nh 80-D©y Buéc Hoa 80-Giá §ùng Hoa]	Acc: huynhtrongtri14	Player: §écS¸tNgo¹iC«ng
[23-08-18 20:11:25]	EventID: 1	NpcID: 1	JoinItemId: 2	[Giá Hoa Quèc Kh¸nh]	[§æi 70 Giá Hoa Quèc Kh¸nh param:  70-Hoa Quèc Kh¸nh 70-D©y Buéc Hoa 70-Giá §ùng Hoa]	Acc: huynhtrongtri14	Player: §écS¸tNgo¹iC«ng
[23-08-18 20:12:27]	EventID: 1	NpcID: 1	JoinItemId: 2	[Giá Hoa Quèc Kh¸nh]	[§æi 30 Giá Hoa Quèc Kh¸nh param:  30-Hoa Quèc Kh¸nh 30-D©y Buéc Hoa 30-Giá §ùng Hoa]	Acc: huynhtrongtri14	Player: §écS¸tNgo¹iC«ng
[23-08-18 20:13:23]	EventID: 1	NpcID: 1	JoinItemId: 2	[Giá Hoa Quèc Kh¸nh]	[§æi 100 Giá Hoa Quèc Kh¸nh param:  100-Hoa Quèc Kh¸nh 100-D©y Buéc Hoa 100-Giá §ùng Hoa]	Acc: huynhtrongtri14	Player: §écS¸tNgo¹iC«ng
[23-08-18 20:20:37]	EventID: 1	NpcID: 1	JoinItemId: 2	[Giá Hoa Quèc Kh¸nh]	[§æi 151 Giá Hoa Quèc Kh¸nh param:  151-Hoa Quèc Kh¸nh 151-D©y Buéc Hoa 151-Giá §ùng Hoa]	Acc: huynhtrongtri11	Player: §écS¸tNéiC«ng
[23-08-18 20:20:48]	EventID: 1	NpcID: 1	JoinItemId: 1	[Bã Hoa Quèc Kh¸nh]	[§æi 99 Bã Hoa Quèc Kh¸nh param:  99-Hoa Quèc Kh¸nh 99-D©y Buéc Hoa 99-GiÊy Gãi Hoa]	Acc: huynhtrongtri11	Player: §écS¸tNéiC«ng
[23-08-18 20:23:10]	EventID: 1	NpcID: 1	JoinItemId: 2	[Giá Hoa Quèc Kh¸nh]	[§æi 180 Giá Hoa Quèc Kh¸nh param:  180-Hoa Quèc Kh¸nh 180-D©y Buéc Hoa 180-Giá §ùng Hoa]	Acc: thaocanh114	Player: ThiªnÙNh·
[23-08-18 20:31:01]	EventID: 1	NpcID: 1	JoinItemId: 2	[Giá Hoa Quèc Kh¸nh]	[§æi 70 Giá Hoa Quèc Kh¸nh param:  70-Hoa Quèc Kh¸nh 70-D©y Buéc Hoa 70-Giá §ùng Hoa]	Acc: thaocanh114	Player: ThiªnÙNh·
[23-08-18 21:00:25]	EventID: 1	NpcID: 1	JoinItemId: 2	[Giá Hoa Quèc Kh¸nh]	[§æi 5 Giá Hoa Quèc Kh¸nh param:  5-Hoa Quèc Kh¸nh 5-D©y Buéc Hoa 5-Giá §ùng Hoa]	Acc: tranhoangcham	Player: KeVoDanh
[23-08-18 21:15:32]	EventID: 1	NpcID: 1	JoinItemId: 2	[Giá Hoa Quèc Kh¸nh]	[§æi 250 Giá Hoa Quèc Kh¸nh param:  250-Hoa Quèc Kh¸nh 250-D©y Buéc Hoa 250-Giá §ùng Hoa]	Acc: nam92hd	Player: HáaThÇnÙV«Song
[23-08-18 21:15:38]	EventID: 1	NpcID: 1	JoinItemId: 2	[Giá Hoa Quèc Kh¸nh]	[§æi 70 Giá Hoa Quèc Kh¸nh param:  70-Hoa Quèc Kh¸nh 70-D©y Buéc Hoa 70-Giá §ùng Hoa]	Acc: nam92hd	Player: HáaThÇnÙV«Song
[23-08-18 21:38:59]	EventID: 1	NpcID: 1	JoinItemId: 2	[Giá Hoa Quèc Kh¸nh]	[§æi 250 Giá Hoa Quèc Kh¸nh param:  250-Hoa Quèc Kh¸nh 250-D©y Buéc Hoa 250-Giá §ùng Hoa]	Acc: tuanlovekun5	Player: §­êngÙM«n
[23-08-18 21:39:03]	EventID: 1	NpcID: 1	JoinItemId: 2	[Giá Hoa Quèc Kh¸nh]	[§æi 250 Giá Hoa Quèc Kh¸nh param:  250-Hoa Quèc Kh¸nh 250-D©y Buéc Hoa 250-Giá §ùng Hoa]	Acc: tuanlovekun5	Player: §­êngÙM«n
[23-08-18 22:00:43]	EventID: 1	NpcID: 1	JoinItemId: 2	[Giá Hoa Quèc Kh¸nh]	[§æi 10 Giá Hoa Quèc Kh¸nh param:  10-Hoa Quèc Kh¸nh 10-D©y Buéc Hoa 10-Giá §ùng Hoa]	Acc: taodeohieu	Player: ConLonDe1
[23-08-18 22:57:44]	EventID: 1	NpcID: 1	JoinItemId: 2	[Giá Hoa Quèc Kh¸nh]	[§æi 4 Giá Hoa Quèc Kh¸nh param:  4-Hoa Quèc Kh¸nh 4-D©y Buéc Hoa 4-Giá §ùng Hoa]	Acc: thaocanh114	Player: ThiªnÙNh·
