[17-08-18 06:45:42]	EventID: 1	NpcID: 1	JoinItemId: 1	[Bã Hoa Quèc Kh¸nh]	[§æi 1 Bã Hoa Quèc Kh¸nh param:  1-Hoa Quèc Kh¸nh 1-D©y Buéc Hoa 1-GiÊy Gãi Hoa]	Acc: tranhoangcham	Player: KeVoDanh113
[17-08-18 06:45:49]	EventID: 1	NpcID: 1	JoinItemId: 2	[Giá Hoa Quèc Kh¸nh]	[§æi 1 Giá Hoa Quèc Kh¸nh param:  1-Hoa Quèc Kh¸nh 1-D©y Buéc Hoa 1-Giá §ùng Hoa]	Acc: tranhoangcham	Player: KeVoDanh113
[17-08-18 11:34:12]	EventID: 1	NpcID: 1	JoinItemId: 2	[Giá Hoa Quèc Kh¸nh]	[§æi 5 Giá Hoa Quèc Kh¸nh param:  5-Hoa Quèc Kh¸nh 5-D©y Buéc Hoa 5-Giá §ùng Hoa]	Acc: phamtungdhv1	Player: ZzJindozZ
[17-08-18 11:34:20]	EventID: 1	NpcID: 1	JoinItemId: 2	[Giá Hoa Quèc Kh¸nh]	[§æi 2 Giá Hoa Quèc Kh¸nh param:  2-Hoa Quèc Kh¸nh 2-D©y Buéc Hoa 2-Giá §ùng Hoa]	Acc: phamtungdhv1	Player: ZzJindozZ
[17-08-18 11:35:39]	EventID: 1	NpcID: 1	JoinItemId: 2	[Giá Hoa Quèc Kh¸nh]	[§æi 5 Giá Hoa Quèc Kh¸nh param:  5-Hoa Quèc Kh¸nh 5-D©y Buéc Hoa 5-Giá §ùng Hoa]	Acc: phamtungdhv2	Player: ZzNgocCuxiZz
[17-08-18 11:35:48]	EventID: 1	NpcID: 1	JoinItemId: 2	[Giá Hoa Quèc Kh¸nh]	[§æi 2 Giá Hoa Quèc Kh¸nh param:  2-Hoa Quèc Kh¸nh 2-D©y Buéc Hoa 2-Giá §ùng Hoa]	Acc: phamtungdhv2	Player: ZzNgocCuxiZz
[17-08-18 11:37:26]	EventID: 1	NpcID: 1	JoinItemId: 2	[Giá Hoa Quèc Kh¸nh]	[§æi 12 Giá Hoa Quèc Kh¸nh param:  12-Hoa Quèc Kh¸nh 12-D©y Buéc Hoa 12-Giá §ùng Hoa]	Acc: phamtungdhv3	Player: ZzNhimXinhzZ
[17-08-18 11:38:43]	EventID: 1	NpcID: 1	JoinItemId: 2	[Giá Hoa Quèc Kh¸nh]	[§æi 8 Giá Hoa Quèc Kh¸nh param:  8-Hoa Quèc Kh¸nh 8-D©y Buéc Hoa 8-Giá §ùng Hoa]	Acc: phamtungdhv6	Player: ZzYunazZ
[17-08-18 11:44:17]	EventID: 1	NpcID: 1	JoinItemId: 1	[Bã Hoa Quèc Kh¸nh]	[§æi 1 Bã Hoa Quèc Kh¸nh param:  1-Hoa Quèc Kh¸nh 1-D©y Buéc Hoa 1-GiÊy Gãi Hoa]	Acc: phamtungdhv3	Player: ZzNhimXinhzZ
[17-08-18 11:50:05]	EventID: 1	NpcID: 1	JoinItemId: 1	[Bã Hoa Quèc Kh¸nh]	[§æi 1 Bã Hoa Quèc Kh¸nh param:  1-Hoa Quèc Kh¸nh 1-D©y Buéc Hoa 1-GiÊy Gãi Hoa]	Acc: phamtungdhv1	Player: ZzJindozZ
[17-08-18 11:52:16]	EventID: 1	NpcID: 1	JoinItemId: 2	[Giá Hoa Quèc Kh¸nh]	[§æi 4 Giá Hoa Quèc Kh¸nh param:  4-Hoa Quèc Kh¸nh 4-D©y Buéc Hoa 4-Giá §ùng Hoa]	Acc: phamtungdhv5	Player: ZzPhiLongzZ
[17-08-18 13:49:45]	EventID: 1	NpcID: 1	JoinItemId: 2	[Giá Hoa Quèc Kh¸nh]	[§æi 64 Giá Hoa Quèc Kh¸nh param:  64-Hoa Quèc Kh¸nh 64-D©y Buéc Hoa 64-Giá §ùng Hoa]	Acc: kingvl2	Player: KimLongKaKa
[17-08-18 14:04:41]	EventID: 1	NpcID: 1	JoinItemId: 2	[Giá Hoa Quèc Kh¸nh]	[§æi 70 Giá Hoa Quèc Kh¸nh param:  70-Hoa Quèc Kh¸nh 70-D©y Buéc Hoa 70-Giá §ùng Hoa]	Acc: kingvl2	Player: KimLongKaKa
[17-08-18 14:24:36]	EventID: 1	NpcID: 1	JoinItemId: 2	[Giá Hoa Quèc Kh¸nh]	[§æi 8 Giá Hoa Quèc Kh¸nh param:  8-Hoa Quèc Kh¸nh 8-D©y Buéc Hoa 8-Giá §ùng Hoa]	Acc: sarin1990	Player: DocXinh
[17-08-18 17:27:46]	EventID: 1	NpcID: 1	JoinItemId: 2	[Giá Hoa Quèc Kh¸nh]	[§æi 7 Giá Hoa Quèc Kh¸nh param:  7-Hoa Quèc Kh¸nh 7-D©y Buéc Hoa 7-Giá §ùng Hoa]	Acc: ribi01	Player: RiBi01
[17-08-18 17:27:53]	EventID: 1	NpcID: 1	JoinItemId: 2	[Giá Hoa Quèc Kh¸nh]	[§æi 19 Giá Hoa Quèc Kh¸nh param:  19-Hoa Quèc Kh¸nh 19-D©y Buéc Hoa 19-Giá §ùng Hoa]	Acc: samsimon1	Player: ÙHîiÙSG
[17-08-18 17:28:16]	EventID: 1	NpcID: 1	JoinItemId: 2	[Giá Hoa Quèc Kh¸nh]	[§æi 2 Giá Hoa Quèc Kh¸nh param:  2-Hoa Quèc Kh¸nh 2-D©y Buéc Hoa 2-Giá §ùng Hoa]	Acc: ribi01	Player: RiBi01
[17-08-18 17:47:08]	EventID: 1	NpcID: 1	JoinItemId: 2	[Giá Hoa Quèc Kh¸nh]	[§æi 4 Giá Hoa Quèc Kh¸nh param:  4-Hoa Quèc Kh¸nh 4-D©y Buéc Hoa 4-Giá §ùng Hoa]	Acc: kingvl2	Player: KimLongKaKa
[17-08-18 17:55:32]	EventID: 1	NpcID: 1	JoinItemId: 1	[Bã Hoa Quèc Kh¸nh]	[§æi 1 Bã Hoa Quèc Kh¸nh param:  1-Hoa Quèc Kh¸nh 1-D©y Buéc Hoa 1-GiÊy Gãi Hoa]	Acc: samsimon1	Player: ÙHîiÙSG
[17-08-18 17:56:07]	EventID: 1	NpcID: 1	JoinItemId: 2	[Giá Hoa Quèc Kh¸nh]	[§æi 1 Giá Hoa Quèc Kh¸nh param:  1-Hoa Quèc Kh¸nh 1-D©y Buéc Hoa 1-Giá §ùng Hoa]	Acc: samsimon1	Player: ÙHîiÙSG
[17-08-18 19:22:31]	EventID: 1	NpcID: 1	JoinItemId: 2	[Giá Hoa Quèc Kh¸nh]	[§æi 100 Giá Hoa Quèc Kh¸nh param:  100-Hoa Quèc Kh¸nh 100-D©y Buéc Hoa 100-Giá §ùng Hoa]	Acc: sangtpbrvt1	Player: SangTp1
[17-08-18 22:40:40]	EventID: 1	NpcID: 1	JoinItemId: 2	[Giá Hoa Quèc Kh¸nh]	[§æi 3 Giá Hoa Quèc Kh¸nh param:  3-Hoa Quèc Kh¸nh 3-D©y Buéc Hoa 3-Giá §ùng Hoa]	Acc: tranhoangcham	Player: KeVoDanh113
[17-08-18 22:40:47]	EventID: 1	NpcID: 1	JoinItemId: 1	[Bã Hoa Quèc Kh¸nh]	[§æi 1 Bã Hoa Quèc Kh¸nh param:  1-Hoa Quèc Kh¸nh 1-D©y Buéc Hoa 1-GiÊy Gãi Hoa]	Acc: tranhoangcham	Player: KeVoDanh113
[17-08-18 22:42:14]	EventID: 1	NpcID: 1	JoinItemId: 2	[Giá Hoa Quèc Kh¸nh]	[§æi 2 Giá Hoa Quèc Kh¸nh param:  2-Hoa Quèc Kh¸nh 2-D©y Buéc Hoa 2-Giá §ùng Hoa]	Acc: tranhoangcham	Player: KeVoDanh113
[17-08-18 22:42:59]	EventID: 1	NpcID: 1	JoinItemId: 2	[Giá Hoa Quèc Kh¸nh]	[§æi 3 Giá Hoa Quèc Kh¸nh param:  3-Hoa Quèc Kh¸nh 3-D©y Buéc Hoa 3-Giá §ùng Hoa]	Acc: tranhoangcham	Player: KeVoDanh113
[17-08-18 22:43:07]	EventID: 1	NpcID: 1	JoinItemId: 2	[Giá Hoa Quèc Kh¸nh]	[§æi 1 Giá Hoa Quèc Kh¸nh param:  1-Hoa Quèc Kh¸nh 1-D©y Buéc Hoa 1-Giá §ùng Hoa]	Acc: tranhoangcham	Player: KeVoDanh113
[17-08-18 23:43:35]	EventID: 1	NpcID: 1	JoinItemId: 2	[Giá Hoa Quèc Kh¸nh]	[§æi 110 Giá Hoa Quèc Kh¸nh param:  110-Hoa Quèc Kh¸nh 110-D©y Buéc Hoa 110-Giá §ùng Hoa]	Acc: sangtpbrvt1	Player: SangTp1
