[15-08-18 17:36:50]	EventID: 1	NpcID: 1	JoinItemId: 1	[Bã Hoa Quèc Kh¸nh]	[§æi 2 Bã Hoa Quèc Kh¸nh param:  2-Hoa Quèc Kh¸nh 2-D©y Buéc Hoa 2-GiÊy Gãi Hoa]	Acc: hieuadnew	Player: AdminÙSHXT
[15-08-18 17:38:15]	EventID: 1	NpcID: 1	JoinItemId: 1	[Bã Hoa Quèc Kh¸nh]	[§æi 1 Bã Hoa Quèc Kh¸nh param:  1-Hoa Quèc Kh¸nh 1-D©y Buéc Hoa 1-GiÊy Gãi Hoa]	Acc: gcity02	Player: 02ÙThiªnÙNhÉn
[15-08-18 17:43:40]	EventID: 1	NpcID: 1	JoinItemId: 1	[Bã Hoa Quèc Kh¸nh]	[§æi 1 Bã Hoa Quèc Kh¸nh param:  1-Hoa Quèc Kh¸nh 1-D©y Buéc Hoa 1-GiÊy Gãi Hoa]	Acc: hieuadnew	Player: AdminÙSHXT
[15-08-18 17:45:49]	EventID: 1	NpcID: 1	JoinItemId: 2	[Giá Hoa Quèc Kh¸nh]	[§æi 1 Giá Hoa Quèc Kh¸nh param:  1-Hoa Quèc Kh¸nh 1-D©y Buéc Hoa 1-Giá §ùng Hoa]	Acc: hieuadnew	Player: AdminÙSHXT
[15-08-18 17:57:48]	EventID: 1	NpcID: 1	JoinItemId: 1	[Bã Hoa Quèc Kh¸nh]	[§æi 1 Bã Hoa Quèc Kh¸nh param:  1-Hoa Quèc Kh¸nh 1-D©y Buéc Hoa 1-GiÊy Gãi Hoa]	Acc: hieuadnew	Player: AdminÙSHXT
[15-08-18 18:32:58]	EventID: 1	NpcID: 1	JoinItemId: 2	[Giá Hoa Quèc Kh¸nh]	[§æi 1 Giá Hoa Quèc Kh¸nh param:  1-Hoa Quèc Kh¸nh 1-D©y Buéc Hoa 1-Giá §ùng Hoa]	Acc: sangtpbrvt1	Player: SangTp1
[15-08-18 18:39:00]	EventID: 1	NpcID: 1	JoinItemId: 2	[Giá Hoa Quèc Kh¸nh]	[§æi 13 Giá Hoa Quèc Kh¸nh param:  13-Hoa Quèc Kh¸nh 13-D©y Buéc Hoa 13-Giá §ùng Hoa]	Acc: sangtpbrvt1	Player: SangTp1
[15-08-18 19:19:16]	EventID: 1	NpcID: 1	JoinItemId: 2	[Giá Hoa Quèc Kh¸nh]	[§æi 1 Giá Hoa Quèc Kh¸nh param:  1-Hoa Quèc Kh¸nh 1-D©y Buéc Hoa 1-Giá §ùng Hoa]	Acc: thoakhungz3	Player: CånÙDaÙL¹p
[15-08-18 19:19:24]	EventID: 1	NpcID: 1	JoinItemId: 2	[Giá Hoa Quèc Kh¸nh]	[§æi 47 Giá Hoa Quèc Kh¸nh param:  47-Hoa Quèc Kh¸nh 47-D©y Buéc Hoa 47-Giá §ùng Hoa]	Acc: thoakhungz3	Player: CånÙDaÙL¹p
[15-08-18 19:21:59]	EventID: 1	NpcID: 1	JoinItemId: 2	[Giá Hoa Quèc Kh¸nh]	[§æi 32 Giá Hoa Quèc Kh¸nh param:  32-Hoa Quèc Kh¸nh 32-D©y Buéc Hoa 32-Giá §ùng Hoa]	Acc: sangtpbrvt1	Player: SangTp1
[15-08-18 19:24:28]	EventID: 1	NpcID: 1	JoinItemId: 2	[Giá Hoa Quèc Kh¸nh]	[§æi 33 Giá Hoa Quèc Kh¸nh param:  33-Hoa Quèc Kh¸nh 33-D©y Buéc Hoa 33-Giá §ùng Hoa]	Acc: thoakhungz3	Player: CånÙDaÙL¹p
[15-08-18 19:29:26]	EventID: 1	NpcID: 1	JoinItemId: 2	[Giá Hoa Quèc Kh¸nh]	[§æi 10 Giá Hoa Quèc Kh¸nh param:  10-Hoa Quèc Kh¸nh 10-D©y Buéc Hoa 10-Giá §ùng Hoa]	Acc: kingvl2	Player: KimLongKaKa
[15-08-18 19:31:32]	EventID: 1	NpcID: 1	JoinItemId: 2	[Giá Hoa Quèc Kh¸nh]	[§æi 4 Giá Hoa Quèc Kh¸nh param:  4-Hoa Quèc Kh¸nh 4-D©y Buéc Hoa 4-Giá §ùng Hoa]	Acc: kingvl2	Player: KimLongKaKa
[15-08-18 19:37:20]	EventID: 1	NpcID: 1	JoinItemId: 2	[Giá Hoa Quèc Kh¸nh]	[§æi 1 Giá Hoa Quèc Kh¸nh param:  1-Hoa Quèc Kh¸nh 1-D©y Buéc Hoa 1-Giá §ùng Hoa]	Acc: qwqwqw1	Player: TinhNhatPhai
[15-08-18 19:41:58]	EventID: 1	NpcID: 1	JoinItemId: 2	[Giá Hoa Quèc Kh¸nh]	[§æi 24 Giá Hoa Quèc Kh¸nh param:  24-Hoa Quèc Kh¸nh 24-D©y Buéc Hoa 24-Giá §ùng Hoa]	Acc: kingvl2	Player: KimLongKaKa
[15-08-18 20:15:29]	EventID: 1	NpcID: 1	JoinItemId: 2	[Giá Hoa Quèc Kh¸nh]	[§æi 4 Giá Hoa Quèc Kh¸nh param:  4-Hoa Quèc Kh¸nh 4-D©y Buéc Hoa 4-Giá §ùng Hoa]	Acc: sangtpbrvt1	Player: SangTp1
[15-08-18 21:14:51]	EventID: 1	NpcID: 1	JoinItemId: 2	[Giá Hoa Quèc Kh¸nh]	[§æi 63 Giá Hoa Quèc Kh¸nh param:  63-Hoa Quèc Kh¸nh 63-D©y Buéc Hoa 63-Giá §ùng Hoa]	Acc: thoakhungz3	Player: CånÙDaÙL¹p
[15-08-18 22:14:50]	EventID: 1	NpcID: 1	JoinItemId: 2	[Giá Hoa Quèc Kh¸nh]	[§æi 31 Giá Hoa Quèc Kh¸nh param:  31-Hoa Quèc Kh¸nh 31-D©y Buéc Hoa 31-Giá §ùng Hoa]	Acc: kingvl2	Player: KimLongKaKa
[15-08-18 22:41:38]	EventID: 1	NpcID: 1	JoinItemId: 2	[Giá Hoa Quèc Kh¸nh]	[§æi 42 Giá Hoa Quèc Kh¸nh param:  42-Hoa Quèc Kh¸nh 42-D©y Buéc Hoa 42-Giá §ùng Hoa]	Acc: sangtpbrvt1	Player: SangTp1
[15-08-18 23:18:52]	EventID: 1	NpcID: 1	JoinItemId: 2	[Giá Hoa Quèc Kh¸nh]	[§æi 23 Giá Hoa Quèc Kh¸nh param:  23-Hoa Quèc Kh¸nh 23-D©y Buéc Hoa 23-Giá §ùng Hoa]	Acc: tungdaika1980	Player: hnÙyazing
[15-08-18 23:39:53]	EventID: 1	NpcID: 1	JoinItemId: 2	[Giá Hoa Quèc Kh¸nh]	[§æi 7 Giá Hoa Quèc Kh¸nh param:  7-Hoa Quèc Kh¸nh 7-D©y Buéc Hoa 7-Giá §ùng Hoa]	Acc: samsimon1	Player: ÙHîiÙSG
[15-08-18 23:40:58]	EventID: 1	NpcID: 1	JoinItemId: 2	[Giá Hoa Quèc Kh¸nh]	[§æi 82 Giá Hoa Quèc Kh¸nh param:  82-Hoa Quèc Kh¸nh 82-D©y Buéc Hoa 82-Giá §ùng Hoa]	Acc: thoakhungz3	Player: CånÙDaÙL¹p
[15-08-18 23:44:34]	EventID: 1	NpcID: 1	JoinItemId: 2	[Giá Hoa Quèc Kh¸nh]	[§æi 46 Giá Hoa Quèc Kh¸nh param:  46-Hoa Quèc Kh¸nh 46-D©y Buéc Hoa 46-Giá §ùng Hoa]	Acc: samsimon1	Player: ÙHîiÙSG
[15-08-18 23:46:39]	EventID: 1	NpcID: 1	JoinItemId: 2	[Giá Hoa Quèc Kh¸nh]	[§æi 29 Giá Hoa Quèc Kh¸nh param:  29-Hoa Quèc Kh¸nh 29-D©y Buéc Hoa 29-Giá §ùng Hoa]	Acc: samsimon1	Player: ÙHîiÙSG
[15-08-18 23:50:02]	EventID: 1	NpcID: 1	JoinItemId: 2	[Giá Hoa Quèc Kh¸nh]	[§æi 1 Giá Hoa Quèc Kh¸nh param:  1-Hoa Quèc Kh¸nh 1-D©y Buéc Hoa 1-Giá §ùng Hoa]	Acc: qwqwqw1	Player: TinhNhatPhai
