[19-08-18 15:52:40]	EventID: 1	NpcID: 1	JoinItemId: 1	[Bã Hoa Quèc Kh¸nh]	[§æi 1 Bã Hoa Quèc Kh¸nh param:  1-Hoa Quèc Kh¸nh 1-D©y Buéc Hoa 1-GiÊy Gãi Hoa]	Acc: usd001	Player: USD001
[19-08-18 15:57:00]	EventID: 1	NpcID: 1	JoinItemId: 2	[Giá Hoa Quèc Kh¸nh]	[§æi 1 Giá Hoa Quèc Kh¸nh param:  1-Hoa Quèc Kh¸nh 1-D©y Buéc Hoa 1-Giá §ùng Hoa]	Acc: ribi01	Player: RiBi01
[19-08-18 15:57:26]	EventID: 1	NpcID: 1	JoinItemId: 2	[Giá Hoa Quèc Kh¸nh]	[§æi 1 Giá Hoa Quèc Kh¸nh param:  1-Hoa Quèc Kh¸nh 1-D©y Buéc Hoa 1-Giá §ùng Hoa]	Acc: ribi01	Player: RiBi01
[19-08-18 16:06:16]	EventID: 1	NpcID: 1	JoinItemId: 2	[Giá Hoa Quèc Kh¸nh]	[§æi 3 Giá Hoa Quèc Kh¸nh param:  3-Hoa Quèc Kh¸nh 3-D©y Buéc Hoa 3-Giá §ùng Hoa]	Acc: usd001	Player: USD001
[19-08-18 16:15:13]	EventID: 1	NpcID: 1	JoinItemId: 2	[Giá Hoa Quèc Kh¸nh]	[§æi 40 Giá Hoa Quèc Kh¸nh param:  40-Hoa Quèc Kh¸nh 40-D©y Buéc Hoa 40-Giá §ùng Hoa]	Acc: samsimon1	Player: ÙRitaÙOri
[19-08-18 16:27:48]	EventID: 1	NpcID: 1	JoinItemId: 1	[Bã Hoa Quèc Kh¸nh]	[§æi 1 Bã Hoa Quèc Kh¸nh param:  1-Hoa Quèc Kh¸nh 1-D©y Buéc Hoa 1-GiÊy Gãi Hoa]	Acc: qwqwqw3	Player: TinhNhatPhai
[19-08-18 16:27:54]	EventID: 1	NpcID: 1	JoinItemId: 2	[Giá Hoa Quèc Kh¸nh]	[§æi 1 Giá Hoa Quèc Kh¸nh param:  1-Hoa Quèc Kh¸nh 1-D©y Buéc Hoa 1-Giá §ùng Hoa]	Acc: qwqwqw3	Player: TinhNhatPhai
[19-08-18 16:28:47]	EventID: 1	NpcID: 1	JoinItemId: 2	[Giá Hoa Quèc Kh¸nh]	[§æi 1 Giá Hoa Quèc Kh¸nh param:  1-Hoa Quèc Kh¸nh 1-D©y Buéc Hoa 1-Giá §ùng Hoa]	Acc: qwqwqw3	Player: TinhNhatPhai
[19-08-18 17:06:53]	EventID: 1	NpcID: 1	JoinItemId: 2	[Giá Hoa Quèc Kh¸nh]	[§æi 129 Giá Hoa Quèc Kh¸nh param:  129-Hoa Quèc Kh¸nh 129-D©y Buéc Hoa 129-Giá §ùng Hoa]	Acc: samsimon1	Player: ÙRitaÙOri
[19-08-18 17:13:12]	EventID: 1	NpcID: 1	JoinItemId: 2	[Giá Hoa Quèc Kh¸nh]	[§æi 49 Giá Hoa Quèc Kh¸nh param:  49-Hoa Quèc Kh¸nh 49-D©y Buéc Hoa 49-Giá §ùng Hoa]	Acc: quocbaobp	Player: §¹iÙThiÕuÙGia
[19-08-18 18:30:49]	EventID: 1	NpcID: 1	JoinItemId: 1	[Bã Hoa Quèc Kh¸nh]	[§æi 1 Bã Hoa Quèc Kh¸nh param:  1-Hoa Quèc Kh¸nh 1-D©y Buéc Hoa 1-GiÊy Gãi Hoa]	Acc: vonhutuan123	Player: LunLungLinh
[19-08-18 18:40:26]	EventID: 1	NpcID: 1	JoinItemId: 2	[Giá Hoa Quèc Kh¸nh]	[§æi 1 Giá Hoa Quèc Kh¸nh param:  1-Hoa Quèc Kh¸nh 1-D©y Buéc Hoa 1-Giá §ùng Hoa]	Acc: vonhutuan123	Player: LunLungLinh
[19-08-18 18:44:45]	EventID: 1	NpcID: 1	JoinItemId: 2	[Giá Hoa Quèc Kh¸nh]	[§æi 7 Giá Hoa Quèc Kh¸nh param:  7-Hoa Quèc Kh¸nh 7-D©y Buéc Hoa 7-Giá §ùng Hoa]	Acc: thaocanh114	Player: ThiªnÙNh·
[19-08-18 19:19:37]	EventID: 1	NpcID: 1	JoinItemId: 2	[Giá Hoa Quèc Kh¸nh]	[§æi 3 Giá Hoa Quèc Kh¸nh param:  3-Hoa Quèc Kh¸nh 3-D©y Buéc Hoa 3-Giá §ùng Hoa]	Acc: sangtpbrvt	Player: SangTp
[19-08-18 19:20:39]	EventID: 1	NpcID: 1	JoinItemId: 2	[Giá Hoa Quèc Kh¸nh]	[§æi 14 Giá Hoa Quèc Kh¸nh param:  14-Hoa Quèc Kh¸nh 14-D©y Buéc Hoa 14-Giá §ùng Hoa]	Acc: sangtpbrvt	Player: SangTp
[19-08-18 20:05:00]	EventID: 1	NpcID: 1	JoinItemId: 2	[Giá Hoa Quèc Kh¸nh]	[§æi 17 Giá Hoa Quèc Kh¸nh param:  17-Hoa Quèc Kh¸nh 17-D©y Buéc Hoa 17-Giá §ùng Hoa]	Acc: luukt53	Player: NgoalongVD
[19-08-18 20:59:04]	EventID: 1	NpcID: 1	JoinItemId: 2	[Giá Hoa Quèc Kh¸nh]	[§æi 20 Giá Hoa Quèc Kh¸nh param:  20-Hoa Quèc Kh¸nh 20-D©y Buéc Hoa 20-Giá §ùng Hoa]	Acc: thaocanh114	Player: ThiªnÙNh·
[19-08-18 22:07:44]	EventID: 1	NpcID: 1	JoinItemId: 2	[Giá Hoa Quèc Kh¸nh]	[§æi 7 Giá Hoa Quèc Kh¸nh param:  7-Hoa Quèc Kh¸nh 7-D©y Buéc Hoa 7-Giá §ùng Hoa]	Acc: usd002	Player: USD002
[19-08-18 22:08:04]	EventID: 1	NpcID: 1	JoinItemId: 2	[Giá Hoa Quèc Kh¸nh]	[§æi 1 Giá Hoa Quèc Kh¸nh param:  1-Hoa Quèc Kh¸nh 1-D©y Buéc Hoa 1-Giá §ùng Hoa]	Acc: usd002	Player: USD002
[19-08-18 22:08:44]	EventID: 1	NpcID: 1	JoinItemId: 2	[Giá Hoa Quèc Kh¸nh]	[§æi 90 Giá Hoa Quèc Kh¸nh param:  90-Hoa Quèc Kh¸nh 90-D©y Buéc Hoa 90-Giá §ùng Hoa]	Acc: building1987bmt	Player: ÙTayÙCh¬iÙBèÙGiµ
[19-08-18 22:22:47]	EventID: 1	NpcID: 1	JoinItemId: 2	[Giá Hoa Quèc Kh¸nh]	[§æi 2 Giá Hoa Quèc Kh¸nh param:  2-Hoa Quèc Kh¸nh 2-D©y Buéc Hoa 2-Giá §ùng Hoa]	Acc: thaocanh114	Player: ThiªnÙNh·
[19-08-18 22:55:00]	EventID: 1	NpcID: 1	JoinItemId: 1	[Bã Hoa Quèc Kh¸nh]	[§æi 1 Bã Hoa Quèc Kh¸nh param:  1-Hoa Quèc Kh¸nh 1-D©y Buéc Hoa 1-GiÊy Gãi Hoa]	Acc: tranhoangcham	Player: KeVoDanh
[19-08-18 22:55:18]	EventID: 1	NpcID: 1	JoinItemId: 2	[Giá Hoa Quèc Kh¸nh]	[§æi 1 Giá Hoa Quèc Kh¸nh param:  1-Hoa Quèc Kh¸nh 1-D©y Buéc Hoa 1-Giá §ùng Hoa]	Acc: tranhoangcham	Player: KeVoDanh
[19-08-18 22:58:23]	EventID: 1	NpcID: 1	JoinItemId: 2	[Giá Hoa Quèc Kh¸nh]	[§æi 2 Giá Hoa Quèc Kh¸nh param:  2-Hoa Quèc Kh¸nh 2-D©y Buéc Hoa 2-Giá §ùng Hoa]	Acc: kaiba1	Player: ÙAÙTònÙ
[19-08-18 23:00:49]	EventID: 1	NpcID: 1	JoinItemId: 2	[Giá Hoa Quèc Kh¸nh]	[§æi 63 Giá Hoa Quèc Kh¸nh param:  63-Hoa Quèc Kh¸nh 63-D©y Buéc Hoa 63-Giá §ùng Hoa]	Acc: thaocanh114	Player: ThiªnÙNh·
[19-08-18 23:07:31]	EventID: 1	NpcID: 1	JoinItemId: 2	[Giá Hoa Quèc Kh¸nh]	[§æi 1 Giá Hoa Quèc Kh¸nh param:  1-Hoa Quèc Kh¸nh 1-D©y Buéc Hoa 1-Giá §ùng Hoa]	Acc: tranhoangcham	Player: KeVoDanh
[19-08-18 23:11:52]	EventID: 1	NpcID: 1	JoinItemId: 2	[Giá Hoa Quèc Kh¸nh]	[§æi 146 Giá Hoa Quèc Kh¸nh param:  146-Hoa Quèc Kh¸nh 146-D©y Buéc Hoa 146-Giá §ùng Hoa]	Acc: thaocanh114	Player: ThiªnÙNh·
[19-08-18 23:31:41]	EventID: 1	NpcID: 1	JoinItemId: 2	[Giá Hoa Quèc Kh¸nh]	[§æi 209 Giá Hoa Quèc Kh¸nh param:  209-Hoa Quèc Kh¸nh 209-D©y Buéc Hoa 209-Giá §ùng Hoa]	Acc: samsimon1	Player: ÙRitaÙOri
[19-08-18 23:39:59]	EventID: 1	NpcID: 1	JoinItemId: 2	[Giá Hoa Quèc Kh¸nh]	[§æi 1 Giá Hoa Quèc Kh¸nh param:  1-Hoa Quèc Kh¸nh 1-D©y Buéc Hoa 1-Giá §ùng Hoa]	Acc: tranhoangcham	Player: KeVoDanh
[19-08-18 23:51:39]	EventID: 1	NpcID: 1	JoinItemId: 2	[Giá Hoa Quèc Kh¸nh]	[§æi 27 Giá Hoa Quèc Kh¸nh param:  27-Hoa Quèc Kh¸nh 27-D©y Buéc Hoa 27-Giá §ùng Hoa]	Acc: kaiba1	Player: ÙAÙTònÙ
