[16-08-18 00:11:03]	EventID: 1	NpcID: 1	JoinItemId: 2	[Giá Hoa Quèc Kh¸nh]	[§æi 100 Giá Hoa Quèc Kh¸nh param:  100-Hoa Quèc Kh¸nh 100-D©y Buéc Hoa 100-Giá §ùng Hoa]	Acc: qwqwqw1	Player: TinhNhatPhai
[16-08-18 00:16:37]	EventID: 1	NpcID: 1	JoinItemId: 1	[Bã Hoa Quèc Kh¸nh]	[§æi 1 Bã Hoa Quèc Kh¸nh param:  1-Hoa Quèc Kh¸nh 1-D©y Buéc Hoa 1-GiÊy Gãi Hoa]	Acc: hieuadnew	Player: AdminÙSHXT
[16-08-18 00:19:36]	EventID: 1	NpcID: 1	JoinItemId: 2	[Giá Hoa Quèc Kh¸nh]	[§æi 1 Giá Hoa Quèc Kh¸nh param:  1-Hoa Quèc Kh¸nh 1-D©y Buéc Hoa 1-Giá §ùng Hoa]	Acc: hieuadnew	Player: AdminÙSHXT
[16-08-18 00:19:56]	EventID: 1	NpcID: 1	JoinItemId: 2	[Giá Hoa Quèc Kh¸nh]	[§æi 1 Giá Hoa Quèc Kh¸nh param:  1-Hoa Quèc Kh¸nh 1-D©y Buéc Hoa 1-Giá §ùng Hoa]	Acc: hieuadnew	Player: AdminÙSHXT
[16-08-18 00:20:14]	EventID: 1	NpcID: 1	JoinItemId: 1	[Bã Hoa Quèc Kh¸nh]	[§æi 1 Bã Hoa Quèc Kh¸nh param:  1-Hoa Quèc Kh¸nh 1-D©y Buéc Hoa 1-GiÊy Gãi Hoa]	Acc: hieuadnew	Player: AdminÙSHXT
[16-08-18 00:20:45]	EventID: 1	NpcID: 1	JoinItemId: 2	[Giá Hoa Quèc Kh¸nh]	[§æi 1 Giá Hoa Quèc Kh¸nh param:  1-Hoa Quèc Kh¸nh 1-D©y Buéc Hoa 1-Giá §ùng Hoa]	Acc: hieuadnew	Player: AdminÙSHXT
[16-08-18 00:25:38]	EventID: 1	NpcID: 1	JoinItemId: 1	[Bã Hoa Quèc Kh¸nh]	[§æi 1 Bã Hoa Quèc Kh¸nh param:  1-Hoa Quèc Kh¸nh 1-D©y Buéc Hoa 1-GiÊy Gãi Hoa]	Acc: hieuadnew	Player: AdminÙSHXT
[16-08-18 00:30:23]	EventID: 1	NpcID: 1	JoinItemId: 1	[Bã Hoa Quèc Kh¸nh]	[§æi 1 Bã Hoa Quèc Kh¸nh param:  1-Hoa Quèc Kh¸nh 1-D©y Buéc Hoa 1-GiÊy Gãi Hoa]	Acc: hieuadnew	Player: AdminÙSHXT
[16-08-18 00:30:40]	EventID: 1	NpcID: 1	JoinItemId: 2	[Giá Hoa Quèc Kh¸nh]	[§æi 1 Giá Hoa Quèc Kh¸nh param:  1-Hoa Quèc Kh¸nh 1-D©y Buéc Hoa 1-Giá §ùng Hoa]	Acc: hieuadnew	Player: AdminÙSHXT
[16-08-18 00:33:35]	EventID: 1	NpcID: 1	JoinItemId: 2	[Giá Hoa Quèc Kh¸nh]	[§æi 19 Giá Hoa Quèc Kh¸nh param:  19-Hoa Quèc Kh¸nh 19-D©y Buéc Hoa 19-Giá §ùng Hoa]	Acc: samsimon1	Player: ÙHîiÙSG
[16-08-18 01:22:25]	EventID: 1	NpcID: 1	JoinItemId: 2	[Giá Hoa Quèc Kh¸nh]	[§æi 64 Giá Hoa Quèc Kh¸nh param:  64-Hoa Quèc Kh¸nh 64-D©y Buéc Hoa 64-Giá §ùng Hoa]	Acc: sangtpbrvt1	Player: SangTp1
[16-08-18 02:09:53]	EventID: 1	NpcID: 1	JoinItemId: 1	[Bã Hoa Quèc Kh¸nh]	[§æi 1 Bã Hoa Quèc Kh¸nh param:  1-Hoa Quèc Kh¸nh 1-D©y Buéc Hoa 1-GiÊy Gãi Hoa]	Acc: hieuadnew	Player: AdminÙSHXT
[16-08-18 02:10:16]	EventID: 1	NpcID: 1	JoinItemId: 1	[Bã Hoa Quèc Kh¸nh]	[§æi 1 Bã Hoa Quèc Kh¸nh param:  1-Hoa Quèc Kh¸nh 1-D©y Buéc Hoa 1-GiÊy Gãi Hoa]	Acc: hieuadnew	Player: AdminÙSHXT
[16-08-18 02:34:24]	EventID: 1	NpcID: 1	JoinItemId: 2	[Giá Hoa Quèc Kh¸nh]	[§æi 67 Giá Hoa Quèc Kh¸nh param:  67-Hoa Quèc Kh¸nh 67-D©y Buéc Hoa 67-Giá §ùng Hoa]	Acc: samsimon1	Player: ÙHîiÙSG
[16-08-18 03:48:38]	EventID: 1	NpcID: 1	JoinItemId: 2	[Giá Hoa Quèc Kh¸nh]	[§æi 100 Giá Hoa Quèc Kh¸nh param:  100-Hoa Quèc Kh¸nh 100-D©y Buéc Hoa 100-Giá §ùng Hoa]	Acc: qwqwqw1	Player: TinhNhatPhai
[16-08-18 04:00:43]	EventID: 1	NpcID: 1	JoinItemId: 2	[Giá Hoa Quèc Kh¸nh]	[§æi 1 Giá Hoa Quèc Kh¸nh param:  1-Hoa Quèc Kh¸nh 1-D©y Buéc Hoa 1-Giá §ùng Hoa]	Acc: longyen010	Player: MrÙLong
[16-08-18 06:32:48]	EventID: 1	NpcID: 1	JoinItemId: 2	[Giá Hoa Quèc Kh¸nh]	[§æi 150 Giá Hoa Quèc Kh¸nh param:  150-Hoa Quèc Kh¸nh 150-D©y Buéc Hoa 150-Giá §ùng Hoa]	Acc: samsimon1	Player: ÙHîiÙSG
[16-08-18 06:44:08]	EventID: 1	NpcID: 1	JoinItemId: 2	[Giá Hoa Quèc Kh¸nh]	[§æi 16 Giá Hoa Quèc Kh¸nh param:  16-Hoa Quèc Kh¸nh 16-D©y Buéc Hoa 16-Giá §ùng Hoa]	Acc: building1987	Player: TiÒnÙV«ÙNghÜa
[16-08-18 07:39:53]	EventID: 1	NpcID: 1	JoinItemId: 2	[Giá Hoa Quèc Kh¸nh]	[§æi 2 Giá Hoa Quèc Kh¸nh param:  2-Hoa Quèc Kh¸nh 2-D©y Buéc Hoa 2-Giá §ùng Hoa]	Acc: phamtungdhv2	Player: ZzNgocCuxiZz
[16-08-18 07:47:37]	EventID: 1	NpcID: 1	JoinItemId: 2	[Giá Hoa Quèc Kh¸nh]	[§æi 101 Giá Hoa Quèc Kh¸nh param:  101-Hoa Quèc Kh¸nh 101-D©y Buéc Hoa 101-Giá §ùng Hoa]	Acc: building1987	Player: TiÒnÙV«ÙNghÜa
[16-08-18 08:06:36]	EventID: 1	NpcID: 1	JoinItemId: 1	[Bã Hoa Quèc Kh¸nh]	[§æi 2 Bã Hoa Quèc Kh¸nh param:  2-Hoa Quèc Kh¸nh 2-D©y Buéc Hoa 2-GiÊy Gãi Hoa]	Acc: thoakhungz3	Player: CånÙDaÙL¹p
[16-08-18 08:07:20]	EventID: 1	NpcID: 1	JoinItemId: 2	[Giá Hoa Quèc Kh¸nh]	[§æi 230 Giá Hoa Quèc Kh¸nh param:  230-Hoa Quèc Kh¸nh 230-D©y Buéc Hoa 230-Giá §ùng Hoa]	Acc: thoakhungz3	Player: CånÙDaÙL¹p
[16-08-18 08:17:17]	EventID: 1	NpcID: 1	JoinItemId: 2	[Giá Hoa Quèc Kh¸nh]	[§æi 1 Giá Hoa Quèc Kh¸nh param:  1-Hoa Quèc Kh¸nh 1-D©y Buéc Hoa 1-Giá §ùng Hoa]	Acc: phamtungdhv5	Player: ZzPhiLongzZ
[16-08-18 08:17:54]	EventID: 1	NpcID: 1	JoinItemId: 1	[Bã Hoa Quèc Kh¸nh]	[§æi 1 Bã Hoa Quèc Kh¸nh param:  1-Hoa Quèc Kh¸nh 1-D©y Buéc Hoa 1-GiÊy Gãi Hoa]	Acc: phamtungdhv5	Player: ZzPhiLongzZ
[16-08-18 08:24:24]	EventID: 1	NpcID: 1	JoinItemId: 2	[Giá Hoa Quèc Kh¸nh]	[§æi 1 Giá Hoa Quèc Kh¸nh param:  1-Hoa Quèc Kh¸nh 1-D©y Buéc Hoa 1-Giá §ùng Hoa]	Acc: phamtungdhv1	Player: ZzJindozZ
[16-08-18 08:39:48]	EventID: 1	NpcID: 1	JoinItemId: 2	[Giá Hoa Quèc Kh¸nh]	[§æi 100 Giá Hoa Quèc Kh¸nh param:  100-Hoa Quèc Kh¸nh 100-D©y Buéc Hoa 100-Giá §ùng Hoa]	Acc: sangtpbrvt1	Player: SangTp1
[16-08-18 08:48:36]	EventID: 1	NpcID: 1	JoinItemId: 2	[Giá Hoa Quèc Kh¸nh]	[§æi 100 Giá Hoa Quèc Kh¸nh param:  100-Hoa Quèc Kh¸nh 100-D©y Buéc Hoa 100-Giá §ùng Hoa]	Acc: tranvinh01	Player: Ù2ÙSaoÙ1ÙG¹ch
[16-08-18 08:48:57]	EventID: 1	NpcID: 1	JoinItemId: 1	[Bã Hoa Quèc Kh¸nh]	[§æi 1 Bã Hoa Quèc Kh¸nh param:  1-Hoa Quèc Kh¸nh 1-D©y Buéc Hoa 1-GiÊy Gãi Hoa]	Acc: tranvinh01	Player: Ù2ÙSaoÙ1ÙG¹ch
[16-08-18 09:20:02]	EventID: 1	NpcID: 1	JoinItemId: 2	[Giá Hoa Quèc Kh¸nh]	[§æi 20 Giá Hoa Quèc Kh¸nh param:  20-Hoa Quèc Kh¸nh 20-D©y Buéc Hoa 20-Giá §ùng Hoa]	Acc: samsimon1	Player: ÙHîiÙSG
[16-08-18 10:23:15]	EventID: 1	NpcID: 1	JoinItemId: 2	[Giá Hoa Quèc Kh¸nh]	[§æi 20 Giá Hoa Quèc Kh¸nh param:  20-Hoa Quèc Kh¸nh 20-D©y Buéc Hoa 20-Giá §ùng Hoa]	Acc: thoakhungz3	Player: CånÙDaÙL¹p
[16-08-18 10:30:39]	EventID: 1	NpcID: 1	JoinItemId: 2	[Giá Hoa Quèc Kh¸nh]	[§æi 1 Giá Hoa Quèc Kh¸nh param:  1-Hoa Quèc Kh¸nh 1-D©y Buéc Hoa 1-Giá §ùng Hoa]	Acc: longyen010	Player: MrÙLong
[16-08-18 11:40:06]	EventID: 1	NpcID: 1	JoinItemId: 2	[Giá Hoa Quèc Kh¸nh]	[§æi 5 Giá Hoa Quèc Kh¸nh param:  5-Hoa Quèc Kh¸nh 5-D©y Buéc Hoa 5-Giá §ùng Hoa]	Acc: mapdl1	Player: TiÕuNg¹oÙGiangHå
[16-08-18 11:43:44]	EventID: 1	NpcID: 1	JoinItemId: 1	[Bã Hoa Quèc Kh¸nh]	[§æi 7 Bã Hoa Quèc Kh¸nh param:  7-Hoa Quèc Kh¸nh 7-D©y Buéc Hoa 7-GiÊy Gãi Hoa]	Acc: samsimon1	Player: ÙHîiÙSG
[16-08-18 13:02:29]	EventID: 1	NpcID: 1	JoinItemId: 1	[Bã Hoa Quèc Kh¸nh]	[§æi 1 Bã Hoa Quèc Kh¸nh param:  1-Hoa Quèc Kh¸nh 1-D©y Buéc Hoa 1-GiÊy Gãi Hoa]	Acc: thaocanh113	Player: ThiªnÙNh·
[16-08-18 18:04:55]	EventID: 1	NpcID: 1	JoinItemId: 1	[Bã Hoa Quèc Kh¸nh]	[§æi 1 Bã Hoa Quèc Kh¸nh param:  1-Hoa Quèc Kh¸nh 1-D©y Buéc Hoa 1-GiÊy Gãi Hoa]	Acc: tranhoangcham	Player: KeVoDanh113
[16-08-18 18:05:05]	EventID: 1	NpcID: 1	JoinItemId: 1	[Bã Hoa Quèc Kh¸nh]	[§æi 1 Bã Hoa Quèc Kh¸nh param:  1-Hoa Quèc Kh¸nh 1-D©y Buéc Hoa 1-GiÊy Gãi Hoa]	Acc: tranhoangcham	Player: KeVoDanh113
[16-08-18 18:17:31]	EventID: 1	NpcID: 1	JoinItemId: 2	[Giá Hoa Quèc Kh¸nh]	[§æi 1 Giá Hoa Quèc Kh¸nh param:  1-Hoa Quèc Kh¸nh 1-D©y Buéc Hoa 1-Giá §ùng Hoa]	Acc: quocbaobp	Player: NçiÙBuånÙKoÙTªn
[16-08-18 18:17:43]	EventID: 1	NpcID: 1	JoinItemId: 1	[Bã Hoa Quèc Kh¸nh]	[§æi 1 Bã Hoa Quèc Kh¸nh param:  1-Hoa Quèc Kh¸nh 1-D©y Buéc Hoa 1-GiÊy Gãi Hoa]	Acc: quocbaobp	Player: NçiÙBuånÙKoÙTªn
[16-08-18 18:19:44]	EventID: 1	NpcID: 1	JoinItemId: 2	[Giá Hoa Quèc Kh¸nh]	[§æi 20 Giá Hoa Quèc Kh¸nh param:  20-Hoa Quèc Kh¸nh 20-D©y Buéc Hoa 20-Giá §ùng Hoa]	Acc: quocbaobp	Player: NçiÙBuånÙKoÙTªn
[16-08-18 18:20:30]	EventID: 1	NpcID: 1	JoinItemId: 2	[Giá Hoa Quèc Kh¸nh]	[§æi 10 Giá Hoa Quèc Kh¸nh param:  10-Hoa Quèc Kh¸nh 10-D©y Buéc Hoa 10-Giá §ùng Hoa]	Acc: quocbaobp	Player: NçiÙBuånÙKoÙTªn
[16-08-18 18:46:26]	EventID: 1	NpcID: 1	JoinItemId: 2	[Giá Hoa Quèc Kh¸nh]	[§æi 40 Giá Hoa Quèc Kh¸nh param:  40-Hoa Quèc Kh¸nh 40-D©y Buéc Hoa 40-Giá §ùng Hoa]	Acc: quocbaobp	Player: NçiÙBuånÙKoÙTªn
[16-08-18 18:54:16]	EventID: 1	NpcID: 1	JoinItemId: 2	[Giá Hoa Quèc Kh¸nh]	[§æi 100 Giá Hoa Quèc Kh¸nh param:  100-Hoa Quèc Kh¸nh 100-D©y Buéc Hoa 100-Giá §ùng Hoa]	Acc: quocbaobp	Player: NçiÙBuånÙKoÙTªn
[16-08-18 18:59:59]	EventID: 1	NpcID: 1	JoinItemId: 2	[Giá Hoa Quèc Kh¸nh]	[§æi 50 Giá Hoa Quèc Kh¸nh param:  50-Hoa Quèc Kh¸nh 50-D©y Buéc Hoa 50-Giá §ùng Hoa]	Acc: quocbaobp	Player: NçiÙBuånÙKoÙTªn
[16-08-18 19:01:39]	EventID: 1	NpcID: 1	JoinItemId: 2	[Giá Hoa Quèc Kh¸nh]	[§æi 40 Giá Hoa Quèc Kh¸nh param:  40-Hoa Quèc Kh¸nh 40-D©y Buéc Hoa 40-Giá §ùng Hoa]	Acc: quocbaobp	Player: NçiÙBuånÙKoÙTªn
[16-08-18 19:02:43]	EventID: 1	NpcID: 1	JoinItemId: 2	[Giá Hoa Quèc Kh¸nh]	[§æi 10 Giá Hoa Quèc Kh¸nh param:  10-Hoa Quèc Kh¸nh 10-D©y Buéc Hoa 10-Giá §ùng Hoa]	Acc: quocbaobp	Player: NçiÙBuånÙKoÙTªn
[16-08-18 19:13:08]	EventID: 1	NpcID: 1	JoinItemId: 1	[Bã Hoa Quèc Kh¸nh]	[§æi 1 Bã Hoa Quèc Kh¸nh param:  1-Hoa Quèc Kh¸nh 1-D©y Buéc Hoa 1-GiÊy Gãi Hoa]	Acc: quocbaobp	Player: NçiÙBuånÙKoÙTªn
[16-08-18 20:06:57]	EventID: 1	NpcID: 1	JoinItemId: 2	[Giá Hoa Quèc Kh¸nh]	[§æi 50 Giá Hoa Quèc Kh¸nh param:  50-Hoa Quèc Kh¸nh 50-D©y Buéc Hoa 50-Giá §ùng Hoa]	Acc: ribi01	Player: RiBi01
[16-08-18 20:07:42]	EventID: 1	NpcID: 1	JoinItemId: 1	[Bã Hoa Quèc Kh¸nh]	[§æi 6 Bã Hoa Quèc Kh¸nh param:  6-Hoa Quèc Kh¸nh 6-D©y Buéc Hoa 6-GiÊy Gãi Hoa]	Acc: ribi01	Player: RiBi01
[16-08-18 20:27:20]	EventID: 1	NpcID: 1	JoinItemId: 2	[Giá Hoa Quèc Kh¸nh]	[§æi 101 Giá Hoa Quèc Kh¸nh param:  101-Hoa Quèc Kh¸nh 101-D©y Buéc Hoa 101-Giá §ùng Hoa]	Acc: quocbaobp	Player: NçiÙBuånÙKoÙTªn
[16-08-18 20:30:36]	EventID: 1	NpcID: 1	JoinItemId: 2	[Giá Hoa Quèc Kh¸nh]	[§æi 52 Giá Hoa Quèc Kh¸nh param:  52-Hoa Quèc Kh¸nh 52-D©y Buéc Hoa 52-Giá §ùng Hoa]	Acc: quocbaobp	Player: NçiÙBuånÙKoÙTªn
[16-08-18 20:31:06]	EventID: 1	NpcID: 1	JoinItemId: 2	[Giá Hoa Quèc Kh¸nh]	[§æi 5 Giá Hoa Quèc Kh¸nh param:  5-Hoa Quèc Kh¸nh 5-D©y Buéc Hoa 5-Giá §ùng Hoa]	Acc: building1987	Player: TiÒnÙV«ÙNghÜa
[16-08-18 20:38:51]	EventID: 1	NpcID: 1	JoinItemId: 2	[Giá Hoa Quèc Kh¸nh]	[§æi 50 Giá Hoa Quèc Kh¸nh param:  50-Hoa Quèc Kh¸nh 50-D©y Buéc Hoa 50-Giá §ùng Hoa]	Acc: quocbaobp	Player: NçiÙBuånÙKoÙTªn
[16-08-18 20:40:13]	EventID: 1	NpcID: 1	JoinItemId: 2	[Giá Hoa Quèc Kh¸nh]	[§æi 1 Giá Hoa Quèc Kh¸nh param:  1-Hoa Quèc Kh¸nh 1-D©y Buéc Hoa 1-Giá §ùng Hoa]	Acc: building1987	Player: TiÒnÙV«ÙNghÜa
[16-08-18 20:43:12]	EventID: 1	NpcID: 1	JoinItemId: 1	[Bã Hoa Quèc Kh¸nh]	[§æi 1 Bã Hoa Quèc Kh¸nh param:  1-Hoa Quèc Kh¸nh 1-D©y Buéc Hoa 1-GiÊy Gãi Hoa]	Acc: hung131102	Player: Qu¸chTïngH­ng
[16-08-18 20:43:19]	EventID: 1	NpcID: 1	JoinItemId: 2	[Giá Hoa Quèc Kh¸nh]	[§æi 1 Giá Hoa Quèc Kh¸nh param:  1-Hoa Quèc Kh¸nh 1-D©y Buéc Hoa 1-Giá §ùng Hoa]	Acc: hung131102	Player: Qu¸chTïngH­ng
[16-08-18 20:44:37]	EventID: 1	NpcID: 1	JoinItemId: 1	[Bã Hoa Quèc Kh¸nh]	[§æi 2 Bã Hoa Quèc Kh¸nh param:  2-Hoa Quèc Kh¸nh 2-D©y Buéc Hoa 2-GiÊy Gãi Hoa]	Acc: hung131102	Player: Qu¸chTïngH­ng
[16-08-18 20:44:45]	EventID: 1	NpcID: 1	JoinItemId: 2	[Giá Hoa Quèc Kh¸nh]	[§æi 2 Giá Hoa Quèc Kh¸nh param:  2-Hoa Quèc Kh¸nh 2-D©y Buéc Hoa 2-Giá §ùng Hoa]	Acc: hung131102	Player: Qu¸chTïngH­ng
[16-08-18 22:23:39]	EventID: 1	NpcID: 1	JoinItemId: 1	[Bã Hoa Quèc Kh¸nh]	[§æi 1 Bã Hoa Quèc Kh¸nh param:  1-Hoa Quèc Kh¸nh 1-D©y Buéc Hoa 1-GiÊy Gãi Hoa]	Acc: tranhoangcham	Player: KeVoDanh113
[16-08-18 22:23:46]	EventID: 1	NpcID: 1	JoinItemId: 2	[Giá Hoa Quèc Kh¸nh]	[§æi 1 Giá Hoa Quèc Kh¸nh param:  1-Hoa Quèc Kh¸nh 1-D©y Buéc Hoa 1-Giá §ùng Hoa]	Acc: tranhoangcham	Player: KeVoDanh113
[16-08-18 22:26:06]	EventID: 1	NpcID: 1	JoinItemId: 2	[Giá Hoa Quèc Kh¸nh]	[§æi 1 Giá Hoa Quèc Kh¸nh param:  1-Hoa Quèc Kh¸nh 1-D©y Buéc Hoa 1-Giá §ùng Hoa]	Acc: tranhoangcham	Player: KeVoDanh113
[16-08-18 22:52:14]	EventID: 1	NpcID: 1	JoinItemId: 2	[Giá Hoa Quèc Kh¸nh]	[§æi 2 Giá Hoa Quèc Kh¸nh param:  2-Hoa Quèc Kh¸nh 2-D©y Buéc Hoa 2-Giá §ùng Hoa]	Acc: mapdl1	Player: TiÕuNg¹oÙGiangHå
