[22-08-18 00:22:54]	EventID: 1	NpcID: 1	JoinItemId: 2	[Giá Hoa Quèc Kh¸nh]	[§æi 30 Giá Hoa Quèc Kh¸nh param:  30-Hoa Quèc Kh¸nh 30-D©y Buéc Hoa 30-Giá §ùng Hoa]	Acc: mapdl4	Player: §åÙThÇnÙS¸tÙQuû
[22-08-18 00:24:17]	EventID: 1	NpcID: 1	JoinItemId: 2	[Giá Hoa Quèc Kh¸nh]	[§æi 60 Giá Hoa Quèc Kh¸nh param:  60-Hoa Quèc Kh¸nh 60-D©y Buéc Hoa 60-Giá §ùng Hoa]	Acc: mapdl4	Player: §åÙThÇnÙS¸tÙQuû
[22-08-18 00:26:03]	EventID: 1	NpcID: 1	JoinItemId: 2	[Giá Hoa Quèc Kh¸nh]	[§æi 120 Giá Hoa Quèc Kh¸nh param:  120-Hoa Quèc Kh¸nh 120-D©y Buéc Hoa 120-Giá §ùng Hoa]	Acc: mapdl4	Player: §åÙThÇnÙS¸tÙQuû
[22-08-18 00:30:16]	EventID: 1	NpcID: 1	JoinItemId: 2	[Giá Hoa Quèc Kh¸nh]	[§æi 200 Giá Hoa Quèc Kh¸nh param:  200-Hoa Quèc Kh¸nh 200-D©y Buéc Hoa 200-Giá §ùng Hoa]	Acc: mapdl4	Player: §åÙThÇnÙS¸tÙQuû
[22-08-18 00:30:24]	EventID: 1	NpcID: 1	JoinItemId: 1	[Bã Hoa Quèc Kh¸nh]	[§æi 10 Bã Hoa Quèc Kh¸nh param:  10-Hoa Quèc Kh¸nh 10-D©y Buéc Hoa 10-GiÊy Gãi Hoa]	Acc: mapdl4	Player: §åÙThÇnÙS¸tÙQuû
[22-08-18 00:33:12]	EventID: 1	NpcID: 1	JoinItemId: 2	[Giá Hoa Quèc Kh¸nh]	[§æi 200 Giá Hoa Quèc Kh¸nh param:  200-Hoa Quèc Kh¸nh 200-D©y Buéc Hoa 200-Giá §ùng Hoa]	Acc: mapdl4	Player: §åÙThÇnÙS¸tÙQuû
[22-08-18 00:35:42]	EventID: 1	NpcID: 1	JoinItemId: 2	[Giá Hoa Quèc Kh¸nh]	[§æi 160 Giá Hoa Quèc Kh¸nh param:  160-Hoa Quèc Kh¸nh 160-D©y Buéc Hoa 160-Giá §ùng Hoa]	Acc: mapdl4	Player: §åÙThÇnÙS¸tÙQuû
[22-08-18 00:38:56]	EventID: 1	NpcID: 1	JoinItemId: 2	[Giá Hoa Quèc Kh¸nh]	[§æi 10 Giá Hoa Quèc Kh¸nh param:  10-Hoa Quèc Kh¸nh 10-D©y Buéc Hoa 10-Giá §ùng Hoa]	Acc: mapdl4	Player: §åÙThÇnÙS¸tÙQuû
[22-08-18 00:42:02]	EventID: 1	NpcID: 1	JoinItemId: 2	[Giá Hoa Quèc Kh¸nh]	[§æi 220 Giá Hoa Quèc Kh¸nh param:  220-Hoa Quèc Kh¸nh 220-D©y Buéc Hoa 220-Giá §ùng Hoa]	Acc: mapdl4	Player: §åÙThÇnÙS¸tÙQuû
[22-08-18 00:58:28]	EventID: 1	NpcID: 1	JoinItemId: 2	[Giá Hoa Quèc Kh¸nh]	[§æi 200 Giá Hoa Quèc Kh¸nh param:  200-Hoa Quèc Kh¸nh 200-D©y Buéc Hoa 200-Giá §ùng Hoa]	Acc: mapdl4	Player: §åÙThÇnÙS¸tÙQuû
[22-08-18 01:00:41]	EventID: 1	NpcID: 1	JoinItemId: 2	[Giá Hoa Quèc Kh¸nh]	[§æi 10 Giá Hoa Quèc Kh¸nh param:  10-Hoa Quèc Kh¸nh 10-D©y Buéc Hoa 10-Giá §ùng Hoa]	Acc: mapdl4	Player: §åÙThÇnÙS¸tÙQuû
[22-08-18 01:26:00]	EventID: 1	NpcID: 1	JoinItemId: 1	[Bã Hoa Quèc Kh¸nh]	[§æi 30 Bã Hoa Quèc Kh¸nh param:  30-Hoa Quèc Kh¸nh 30-D©y Buéc Hoa 30-GiÊy Gãi Hoa]	Acc: nonhandl	Player: NhËmÙNg·ÙHµnhÙ
[22-08-18 01:26:06]	EventID: 1	NpcID: 1	JoinItemId: 2	[Giá Hoa Quèc Kh¸nh]	[§æi 30 Giá Hoa Quèc Kh¸nh param:  30-Hoa Quèc Kh¸nh 30-D©y Buéc Hoa 30-Giá §ùng Hoa]	Acc: nonhandl	Player: NhËmÙNg·ÙHµnhÙ
[22-08-18 01:28:07]	EventID: 1	NpcID: 1	JoinItemId: 1	[Bã Hoa Quèc Kh¸nh]	[§æi 100 Bã Hoa Quèc Kh¸nh param:  100-Hoa Quèc Kh¸nh 100-D©y Buéc Hoa 100-GiÊy Gãi Hoa]	Acc: nonhandl	Player: NhËmÙNg·ÙHµnhÙ
[22-08-18 01:28:14]	EventID: 1	NpcID: 1	JoinItemId: 2	[Giá Hoa Quèc Kh¸nh]	[§æi 100 Giá Hoa Quèc Kh¸nh param:  100-Hoa Quèc Kh¸nh 100-D©y Buéc Hoa 100-Giá §ùng Hoa]	Acc: nonhandl	Player: NhËmÙNg·ÙHµnhÙ
[22-08-18 01:32:54]	EventID: 1	NpcID: 1	JoinItemId: 2	[Giá Hoa Quèc Kh¸nh]	[§æi 50 Giá Hoa Quèc Kh¸nh param:  50-Hoa Quèc Kh¸nh 50-D©y Buéc Hoa 50-Giá §ùng Hoa]	Acc: nonhandl	Player: NhËmÙNg·ÙHµnhÙ
[22-08-18 01:33:44]	EventID: 1	NpcID: 1	JoinItemId: 1	[Bã Hoa Quèc Kh¸nh]	[§æi 50 Bã Hoa Quèc Kh¸nh param:  50-Hoa Quèc Kh¸nh 50-D©y Buéc Hoa 50-GiÊy Gãi Hoa]	Acc: nonhandl	Player: NhËmÙNg·ÙHµnhÙ
[22-08-18 01:34:13]	EventID: 1	NpcID: 1	JoinItemId: 2	[Giá Hoa Quèc Kh¸nh]	[§æi 100 Giá Hoa Quèc Kh¸nh param:  100-Hoa Quèc Kh¸nh 100-D©y Buéc Hoa 100-Giá §ùng Hoa]	Acc: nonhandl	Player: NhËmÙNg·ÙHµnhÙ
[22-08-18 07:16:55]	EventID: 1	NpcID: 1	JoinItemId: 1	[Bã Hoa Quèc Kh¸nh]	[§æi 2 Bã Hoa Quèc Kh¸nh param:  2-Hoa Quèc Kh¸nh 2-D©y Buéc Hoa 2-GiÊy Gãi Hoa]	Acc: kaiba1	Player: ÙAÙTònÙ
[22-08-18 07:38:44]	EventID: 1	NpcID: 1	JoinItemId: 2	[Giá Hoa Quèc Kh¸nh]	[§æi 3 Giá Hoa Quèc Kh¸nh param:  3-Hoa Quèc Kh¸nh 3-D©y Buéc Hoa 3-Giá §ùng Hoa]	Acc: kaiba1	Player: ÙAÙTònÙ
[22-08-18 09:29:00]	EventID: 1	NpcID: 1	JoinItemId: 2	[Giá Hoa Quèc Kh¸nh]	[§æi 20 Giá Hoa Quèc Kh¸nh param:  20-Hoa Quèc Kh¸nh 20-D©y Buéc Hoa 20-Giá §ùng Hoa]	Acc: mapdl4	Player: §åÙThÇnÙS¸tÙQuû
[22-08-18 11:18:07]	EventID: 1	NpcID: 1	JoinItemId: 2	[Giá Hoa Quèc Kh¸nh]	[§æi 2 Giá Hoa Quèc Kh¸nh param:  2-Hoa Quèc Kh¸nh 2-D©y Buéc Hoa 2-Giá §ùng Hoa]	Acc: huynhtrongtri11	Player: §écS¸tNéiC«ng
[22-08-18 11:18:17]	EventID: 1	NpcID: 1	JoinItemId: 1	[Bã Hoa Quèc Kh¸nh]	[§æi 1 Bã Hoa Quèc Kh¸nh param:  1-Hoa Quèc Kh¸nh 1-D©y Buéc Hoa 1-GiÊy Gãi Hoa]	Acc: huynhtrongtri11	Player: §écS¸tNéiC«ng
[22-08-18 13:05:01]	EventID: 1	NpcID: 1	JoinItemId: 2	[Giá Hoa Quèc Kh¸nh]	[§æi 250 Giá Hoa Quèc Kh¸nh param:  250-Hoa Quèc Kh¸nh 250-D©y Buéc Hoa 250-Giá §ùng Hoa]	Acc: mapdl4	Player: §åÙThÇnÙS¸tÙQuû
[22-08-18 13:05:07]	EventID: 1	NpcID: 1	JoinItemId: 2	[Giá Hoa Quèc Kh¸nh]	[§æi 210 Giá Hoa Quèc Kh¸nh param:  210-Hoa Quèc Kh¸nh 210-D©y Buéc Hoa 210-Giá §ùng Hoa]	Acc: mapdl4	Player: §åÙThÇnÙS¸tÙQuû
[22-08-18 13:50:41]	EventID: 1	NpcID: 1	JoinItemId: 2	[Giá Hoa Quèc Kh¸nh]	[§æi 10 Giá Hoa Quèc Kh¸nh param:  10-Hoa Quèc Kh¸nh 10-D©y Buéc Hoa 10-Giá §ùng Hoa]	Acc: thoakhungz5	Player: §õngÙChäcÙTao
[22-08-18 13:52:20]	EventID: 1	NpcID: 1	JoinItemId: 1	[Bã Hoa Quèc Kh¸nh]	[§æi 10 Bã Hoa Quèc Kh¸nh param:  10-Hoa Quèc Kh¸nh 10-D©y Buéc Hoa 10-GiÊy Gãi Hoa]	Acc: vubluish	Player: truongchannhan
[22-08-18 13:52:47]	EventID: 1	NpcID: 1	JoinItemId: 2	[Giá Hoa Quèc Kh¸nh]	[§æi 10 Giá Hoa Quèc Kh¸nh param:  10-Hoa Quèc Kh¸nh 10-D©y Buéc Hoa 10-Giá §ùng Hoa]	Acc: vubluish	Player: truongchannhan
[22-08-18 13:53:40]	EventID: 1	NpcID: 1	JoinItemId: 1	[Bã Hoa Quèc Kh¸nh]	[§æi 10 Bã Hoa Quèc Kh¸nh param:  10-Hoa Quèc Kh¸nh 10-D©y Buéc Hoa 10-GiÊy Gãi Hoa]	Acc: vubluish	Player: truongchannhan
[22-08-18 14:45:41]	EventID: 1	NpcID: 1	JoinItemId: 2	[Giá Hoa Quèc Kh¸nh]	[§æi 73 Giá Hoa Quèc Kh¸nh param:  73-Hoa Quèc Kh¸nh 73-D©y Buéc Hoa 73-Giá §ùng Hoa]	Acc: kaiba1	Player: ÙAÙTònÙ
[22-08-18 17:20:31]	EventID: 1	NpcID: 1	JoinItemId: 1	[Bã Hoa Quèc Kh¸nh]	[§æi 250 Bã Hoa Quèc Kh¸nh param:  250-Hoa Quèc Kh¸nh 250-D©y Buéc Hoa 250-GiÊy Gãi Hoa]	Acc: quocbaobp	Player: §¹iÙThiÕuÙGia
[22-08-18 17:20:37]	EventID: 1	NpcID: 1	JoinItemId: 1	[Bã Hoa Quèc Kh¸nh]	[§æi 250 Bã Hoa Quèc Kh¸nh param:  250-Hoa Quèc Kh¸nh 250-D©y Buéc Hoa 250-GiÊy Gãi Hoa]	Acc: quocbaobp	Player: §¹iÙThiÕuÙGia
[22-08-18 17:20:42]	EventID: 1	NpcID: 1	JoinItemId: 1	[Bã Hoa Quèc Kh¸nh]	[§æi 220 Bã Hoa Quèc Kh¸nh param:  220-Hoa Quèc Kh¸nh 220-D©y Buéc Hoa 220-GiÊy Gãi Hoa]	Acc: quocbaobp	Player: §¹iÙThiÕuÙGia
[22-08-18 17:35:23]	EventID: 1	NpcID: 1	JoinItemId: 2	[Giá Hoa Quèc Kh¸nh]	[§æi 10 Giá Hoa Quèc Kh¸nh param:  10-Hoa Quèc Kh¸nh 10-D©y Buéc Hoa 10-Giá §ùng Hoa]	Acc: huynhtrongtri14	Player: §écS¸tNgo¹iC«ng
[22-08-18 17:36:13]	EventID: 1	NpcID: 1	JoinItemId: 1	[Bã Hoa Quèc Kh¸nh]	[§æi 10 Bã Hoa Quèc Kh¸nh param:  10-Hoa Quèc Kh¸nh 10-D©y Buéc Hoa 10-GiÊy Gãi Hoa]	Acc: huynhtrongtri14	Player: §écS¸tNgo¹iC«ng
[22-08-18 17:37:20]	EventID: 1	NpcID: 1	JoinItemId: 2	[Giá Hoa Quèc Kh¸nh]	[§æi 38 Giá Hoa Quèc Kh¸nh param:  38-Hoa Quèc Kh¸nh 38-D©y Buéc Hoa 38-Giá §ùng Hoa]	Acc: huynhtrongtri14	Player: §écS¸tNgo¹iC«ng
[22-08-18 17:39:52]	EventID: 1	NpcID: 1	JoinItemId: 2	[Giá Hoa Quèc Kh¸nh]	[§æi 22 Giá Hoa Quèc Kh¸nh param:  22-Hoa Quèc Kh¸nh 22-D©y Buéc Hoa 22-Giá §ùng Hoa]	Acc: huynhtrongtri14	Player: §écS¸tNgo¹iC«ng
[22-08-18 17:39:58]	EventID: 1	NpcID: 1	JoinItemId: 1	[Bã Hoa Quèc Kh¸nh]	[§æi 20 Bã Hoa Quèc Kh¸nh param:  20-Hoa Quèc Kh¸nh 20-D©y Buéc Hoa 20-GiÊy Gãi Hoa]	Acc: huynhtrongtri14	Player: §écS¸tNgo¹iC«ng
[22-08-18 17:44:07]	EventID: 1	NpcID: 1	JoinItemId: 1	[Bã Hoa Quèc Kh¸nh]	[§æi 40 Bã Hoa Quèc Kh¸nh param:  40-Hoa Quèc Kh¸nh 40-D©y Buéc Hoa 40-GiÊy Gãi Hoa]	Acc: huynhtrongtri11	Player: §écS¸tNéiC«ng
[22-08-18 17:44:17]	EventID: 1	NpcID: 1	JoinItemId: 2	[Giá Hoa Quèc Kh¸nh]	[§æi 4 Giá Hoa Quèc Kh¸nh param:  4-Hoa Quèc Kh¸nh 4-D©y Buéc Hoa 4-Giá §ùng Hoa]	Acc: huynhtrongtri11	Player: §écS¸tNéiC«ng
[22-08-18 17:51:24]	EventID: 1	NpcID: 1	JoinItemId: 2	[Giá Hoa Quèc Kh¸nh]	[§æi 25 Giá Hoa Quèc Kh¸nh param:  25-Hoa Quèc Kh¸nh 25-D©y Buéc Hoa 25-Giá §ùng Hoa]	Acc: huynhtrongtri11	Player: §écS¸tNéiC«ng
[22-08-18 17:53:07]	EventID: 1	NpcID: 1	JoinItemId: 2	[Giá Hoa Quèc Kh¸nh]	[§æi 20 Giá Hoa Quèc Kh¸nh param:  20-Hoa Quèc Kh¸nh 20-D©y Buéc Hoa 20-Giá §ùng Hoa]	Acc: huyenuyqs	Player: RångconÙ
[22-08-18 17:53:24]	EventID: 1	NpcID: 1	JoinItemId: 2	[Giá Hoa Quèc Kh¸nh]	[§æi 11 Giá Hoa Quèc Kh¸nh param:  11-Hoa Quèc Kh¸nh 11-D©y Buéc Hoa 11-Giá §ùng Hoa]	Acc: huynhtrongtri11	Player: §écS¸tNéiC«ng
[22-08-18 17:53:38]	EventID: 1	NpcID: 1	JoinItemId: 1	[Bã Hoa Quèc Kh¸nh]	[§æi 19 Bã Hoa Quèc Kh¸nh param:  19-Hoa Quèc Kh¸nh 19-D©y Buéc Hoa 19-GiÊy Gãi Hoa]	Acc: huynhtrongtri11	Player: §écS¸tNéiC«ng
[22-08-18 18:34:40]	EventID: 1	NpcID: 1	JoinItemId: 2	[Giá Hoa Quèc Kh¸nh]	[§æi 250 Giá Hoa Quèc Kh¸nh param:  250-Hoa Quèc Kh¸nh 250-D©y Buéc Hoa 250-Giá §ùng Hoa]	Acc: tuanlovekun5	Player: §­êngÙM«n
[22-08-18 18:34:46]	EventID: 1	NpcID: 1	JoinItemId: 2	[Giá Hoa Quèc Kh¸nh]	[§æi 150 Giá Hoa Quèc Kh¸nh param:  150-Hoa Quèc Kh¸nh 150-D©y Buéc Hoa 150-Giá §ùng Hoa]	Acc: tuanlovekun5	Player: §­êngÙM«n
[22-08-18 18:49:24]	EventID: 1	NpcID: 1	JoinItemId: 2	[Giá Hoa Quèc Kh¸nh]	[§æi 10 Giá Hoa Quèc Kh¸nh param:  10-Hoa Quèc Kh¸nh 10-D©y Buéc Hoa 10-Giá §ùng Hoa]	Acc: huynhtrongtri11	Player: §écS¸tNéiC«ng
[22-08-18 19:36:30]	EventID: 1	NpcID: 1	JoinItemId: 2	[Giá Hoa Quèc Kh¸nh]	[§æi 200 Giá Hoa Quèc Kh¸nh param:  200-Hoa Quèc Kh¸nh 200-D©y Buéc Hoa 200-Giá §ùng Hoa]	Acc: bando	Player: HDÙMÑThiªnH¹
[22-08-18 19:38:26]	EventID: 1	NpcID: 1	JoinItemId: 1	[Bã Hoa Quèc Kh¸nh]	[§æi 11 Bã Hoa Quèc Kh¸nh param:  11-Hoa Quèc Kh¸nh 11-D©y Buéc Hoa 11-GiÊy Gãi Hoa]	Acc: huynhtrongtri11	Player: §écS¸tNéiC«ng
[22-08-18 19:38:45]	EventID: 1	NpcID: 1	JoinItemId: 2	[Giá Hoa Quèc Kh¸nh]	[§æi 4 Giá Hoa Quèc Kh¸nh param:  4-Hoa Quèc Kh¸nh 4-D©y Buéc Hoa 4-Giá §ùng Hoa]	Acc: huynhtrongtri11	Player: §écS¸tNéiC«ng
[22-08-18 19:45:53]	EventID: 1	NpcID: 1	JoinItemId: 2	[Giá Hoa Quèc Kh¸nh]	[§æi 116 Giá Hoa Quèc Kh¸nh param:  116-Hoa Quèc Kh¸nh 116-D©y Buéc Hoa 116-Giá §ùng Hoa]	Acc: kaiba1	Player: ÙAÙTònÙ
[22-08-18 20:10:41]	EventID: 1	NpcID: 1	JoinItemId: 1	[Bã Hoa Quèc Kh¸nh]	[§æi 30 Bã Hoa Quèc Kh¸nh param:  30-Hoa Quèc Kh¸nh 30-D©y Buéc Hoa 30-GiÊy Gãi Hoa]	Acc: huynhtrongtri11	Player: §écS¸tNéiC«ng
[22-08-18 20:10:51]	EventID: 1	NpcID: 1	JoinItemId: 2	[Giá Hoa Quèc Kh¸nh]	[§æi 36 Giá Hoa Quèc Kh¸nh param:  36-Hoa Quèc Kh¸nh 36-D©y Buéc Hoa 36-Giá §ùng Hoa]	Acc: huynhtrongtri11	Player: §écS¸tNéiC«ng
[22-08-18 20:12:51]	EventID: 1	NpcID: 1	JoinItemId: 2	[Giá Hoa Quèc Kh¸nh]	[§æi 60 Giá Hoa Quèc Kh¸nh param:  60-Hoa Quèc Kh¸nh 60-D©y Buéc Hoa 60-Giá §ùng Hoa]	Acc: huynhtrongtri11	Player: §écS¸tNéiC«ng
[22-08-18 20:13:00]	EventID: 1	NpcID: 1	JoinItemId: 1	[Bã Hoa Quèc Kh¸nh]	[§æi 60 Bã Hoa Quèc Kh¸nh param:  60-Hoa Quèc Kh¸nh 60-D©y Buéc Hoa 60-GiÊy Gãi Hoa]	Acc: huynhtrongtri11	Player: §écS¸tNéiC«ng
[22-08-18 20:33:18]	EventID: 1	NpcID: 1	JoinItemId: 2	[Giá Hoa Quèc Kh¸nh]	[§æi 90 Giá Hoa Quèc Kh¸nh param:  90-Hoa Quèc Kh¸nh 90-D©y Buéc Hoa 90-Giá §ùng Hoa]	Acc: huynhtrongtri11	Player: §écS¸tNéiC«ng
[22-08-18 20:34:25]	EventID: 1	NpcID: 1	JoinItemId: 2	[Giá Hoa Quèc Kh¸nh]	[§æi 100 Giá Hoa Quèc Kh¸nh param:  100-Hoa Quèc Kh¸nh 100-D©y Buéc Hoa 100-Giá §ùng Hoa]	Acc: huynhtrongtri11	Player: §écS¸tNéiC«ng
[22-08-18 20:35:31]	EventID: 1	NpcID: 1	JoinItemId: 1	[Bã Hoa Quèc Kh¸nh]	[§æi 80 Bã Hoa Quèc Kh¸nh param:  80-Hoa Quèc Kh¸nh 80-D©y Buéc Hoa 80-GiÊy Gãi Hoa]	Acc: huynhtrongtri11	Player: §écS¸tNéiC«ng
[22-08-18 20:36:15]	EventID: 1	NpcID: 1	JoinItemId: 2	[Giá Hoa Quèc Kh¸nh]	[§æi 30 Giá Hoa Quèc Kh¸nh param:  30-Hoa Quèc Kh¸nh 30-D©y Buéc Hoa 30-Giá §ùng Hoa]	Acc: huynhtrongtri11	Player: §écS¸tNéiC«ng
[22-08-18 20:37:25]	EventID: 1	NpcID: 1	JoinItemId: 2	[Giá Hoa Quèc Kh¸nh]	[§æi 50 Giá Hoa Quèc Kh¸nh param:  50-Hoa Quèc Kh¸nh 50-D©y Buéc Hoa 50-Giá §ùng Hoa]	Acc: huynhtrongtri11	Player: §écS¸tNéiC«ng
[22-08-18 20:54:38]	EventID: 1	NpcID: 1	JoinItemId: 1	[Bã Hoa Quèc Kh¸nh]	[§æi 50 Bã Hoa Quèc Kh¸nh param:  50-Hoa Quèc Kh¸nh 50-D©y Buéc Hoa 50-GiÊy Gãi Hoa]	Acc: huynhtrongtri11	Player: §écS¸tNéiC«ng
[22-08-18 20:54:44]	EventID: 1	NpcID: 1	JoinItemId: 2	[Giá Hoa Quèc Kh¸nh]	[§æi 50 Giá Hoa Quèc Kh¸nh param:  50-Hoa Quèc Kh¸nh 50-D©y Buéc Hoa 50-Giá §ùng Hoa]	Acc: huynhtrongtri11	Player: §écS¸tNéiC«ng
[22-08-18 20:55:51]	EventID: 1	NpcID: 1	JoinItemId: 2	[Giá Hoa Quèc Kh¸nh]	[§æi 50 Giá Hoa Quèc Kh¸nh param:  50-Hoa Quèc Kh¸nh 50-D©y Buéc Hoa 50-Giá §ùng Hoa]	Acc: huynhtrongtri11	Player: §écS¸tNéiC«ng
[22-08-18 20:58:03]	EventID: 1	NpcID: 1	JoinItemId: 1	[Bã Hoa Quèc Kh¸nh]	[§æi 20 Bã Hoa Quèc Kh¸nh param:  20-Hoa Quèc Kh¸nh 20-D©y Buéc Hoa 20-GiÊy Gãi Hoa]	Acc: huynhtrongtri11	Player: §écS¸tNéiC«ng
[22-08-18 20:58:09]	EventID: 1	NpcID: 1	JoinItemId: 2	[Giá Hoa Quèc Kh¸nh]	[§æi 40 Giá Hoa Quèc Kh¸nh param:  40-Hoa Quèc Kh¸nh 40-D©y Buéc Hoa 40-Giá §ùng Hoa]	Acc: huynhtrongtri11	Player: §écS¸tNéiC«ng
[22-08-18 20:59:44]	EventID: 1	NpcID: 1	JoinItemId: 2	[Giá Hoa Quèc Kh¸nh]	[§æi 30 Giá Hoa Quèc Kh¸nh param:  30-Hoa Quèc Kh¸nh 30-D©y Buéc Hoa 30-Giá §ùng Hoa]	Acc: huynhtrongtri11	Player: §écS¸tNéiC«ng
[22-08-18 21:42:57]	EventID: 1	NpcID: 1	JoinItemId: 2	[Giá Hoa Quèc Kh¸nh]	[§æi 2 Giá Hoa Quèc Kh¸nh param:  2-Hoa Quèc Kh¸nh 2-D©y Buéc Hoa 2-Giá §ùng Hoa]	Acc: sarin1990	Player: DocDep
[22-08-18 21:44:31]	EventID: 1	NpcID: 1	JoinItemId: 2	[Giá Hoa Quèc Kh¸nh]	[§æi 250 Giá Hoa Quèc Kh¸nh param:  250-Hoa Quèc Kh¸nh 250-D©y Buéc Hoa 250-Giá §ùng Hoa]	Acc: nam92hd	Player: HáaThÇnÙV«Song
[22-08-18 21:44:36]	EventID: 1	NpcID: 1	JoinItemId: 2	[Giá Hoa Quèc Kh¸nh]	[§æi 50 Giá Hoa Quèc Kh¸nh param:  50-Hoa Quèc Kh¸nh 50-D©y Buéc Hoa 50-Giá §ùng Hoa]	Acc: nam92hd	Player: HáaThÇnÙV«Song
[22-08-18 21:49:41]	EventID: 1	NpcID: 1	JoinItemId: 1	[Bã Hoa Quèc Kh¸nh]	[§æi 30 Bã Hoa Quèc Kh¸nh param:  30-Hoa Quèc Kh¸nh 30-D©y Buéc Hoa 30-GiÊy Gãi Hoa]	Acc: huynhtrongtri11	Player: §écS¸tNéiC«ng
[22-08-18 21:49:47]	EventID: 1	NpcID: 1	JoinItemId: 2	[Giá Hoa Quèc Kh¸nh]	[§æi 30 Giá Hoa Quèc Kh¸nh param:  30-Hoa Quèc Kh¸nh 30-D©y Buéc Hoa 30-Giá §ùng Hoa]	Acc: huynhtrongtri11	Player: §écS¸tNéiC«ng
[22-08-18 21:58:04]	EventID: 1	NpcID: 1	JoinItemId: 2	[Giá Hoa Quèc Kh¸nh]	[§æi 90 Giá Hoa Quèc Kh¸nh param:  90-Hoa Quèc Kh¸nh 90-D©y Buéc Hoa 90-Giá §ùng Hoa]	Acc: huynhtrongtri11	Player: §écS¸tNéiC«ng
[22-08-18 21:58:45]	EventID: 1	NpcID: 1	JoinItemId: 1	[Bã Hoa Quèc Kh¸nh]	[§æi 85 Bã Hoa Quèc Kh¸nh param:  85-Hoa Quèc Kh¸nh 85-D©y Buéc Hoa 85-GiÊy Gãi Hoa]	Acc: huynhtrongtri11	Player: §écS¸tNéiC«ng
[22-08-18 22:01:48]	EventID: 1	NpcID: 1	JoinItemId: 2	[Giá Hoa Quèc Kh¸nh]	[§æi 30 Giá Hoa Quèc Kh¸nh param:  30-Hoa Quèc Kh¸nh 30-D©y Buéc Hoa 30-Giá §ùng Hoa]	Acc: vuongkaka1	Player: ThienLucLong
[22-08-18 22:12:43]	EventID: 1	NpcID: 1	JoinItemId: 1	[Bã Hoa Quèc Kh¸nh]	[§æi 5 Bã Hoa Quèc Kh¸nh param:  5-Hoa Quèc Kh¸nh 5-D©y Buéc Hoa 5-GiÊy Gãi Hoa]	Acc: tranhoangcham1	Player: Duonggia
[22-08-18 22:13:46]	EventID: 1	NpcID: 1	JoinItemId: 1	[Bã Hoa Quèc Kh¸nh]	[§æi 5 Bã Hoa Quèc Kh¸nh param:  5-Hoa Quèc Kh¸nh 5-D©y Buéc Hoa 5-GiÊy Gãi Hoa]	Acc: tranhoangcham1	Player: Duonggia
[22-08-18 22:14:43]	EventID: 1	NpcID: 1	JoinItemId: 1	[Bã Hoa Quèc Kh¸nh]	[§æi 10 Bã Hoa Quèc Kh¸nh param:  10-Hoa Quèc Kh¸nh 10-D©y Buéc Hoa 10-GiÊy Gãi Hoa]	Acc: tranhoangcham1	Player: Duonggia
[22-08-18 22:48:55]	EventID: 1	NpcID: 1	JoinItemId: 2	[Giá Hoa Quèc Kh¸nh]	[§æi 30 Giá Hoa Quèc Kh¸nh param:  30-Hoa Quèc Kh¸nh 30-D©y Buéc Hoa 30-Giá §ùng Hoa]	Acc: huynhtrongtri11	Player: §écS¸tNéiC«ng
