[21-08-18 01:04:06]	EventID: 1	NpcID: 1	JoinItemId: 2	[Giá Hoa Quèc Kh¸nh]	[§æi 10 Giá Hoa Quèc Kh¸nh param:  10-Hoa Quèc Kh¸nh 10-D©y Buéc Hoa 10-Giá §ùng Hoa]	Acc: longyen010	Player: BXÙLong
[21-08-18 01:04:49]	EventID: 1	NpcID: 1	JoinItemId: 2	[Giá Hoa Quèc Kh¸nh]	[§æi 10 Giá Hoa Quèc Kh¸nh param:  10-Hoa Quèc Kh¸nh 10-D©y Buéc Hoa 10-Giá §ùng Hoa]	Acc: longyen010	Player: BXÙLong
[21-08-18 01:13:32]	EventID: 1	NpcID: 1	JoinItemId: 2	[Giá Hoa Quèc Kh¸nh]	[§æi 78 Giá Hoa Quèc Kh¸nh param:  78-Hoa Quèc Kh¸nh 78-D©y Buéc Hoa 78-Giá §ùng Hoa]	Acc: kaiba1	Player: ÙAÙTònÙ
[21-08-18 01:48:04]	EventID: 1	NpcID: 1	JoinItemId: 2	[Giá Hoa Quèc Kh¸nh]	[§æi 10 Giá Hoa Quèc Kh¸nh param:  10-Hoa Quèc Kh¸nh 10-D©y Buéc Hoa 10-Giá §ùng Hoa]	Acc: samsimon1	Player: ÙRitaÙOri
[21-08-18 04:17:35]	EventID: 1	NpcID: 1	JoinItemId: 2	[Giá Hoa Quèc Kh¸nh]	[§æi 150 Giá Hoa Quèc Kh¸nh param:  150-Hoa Quèc Kh¸nh 150-D©y Buéc Hoa 150-Giá §ùng Hoa]	Acc: thangvl5	Player: 5TLSuco
[21-08-18 04:23:21]	EventID: 1	NpcID: 1	JoinItemId: 2	[Giá Hoa Quèc Kh¸nh]	[§æi 120 Giá Hoa Quèc Kh¸nh param:  120-Hoa Quèc Kh¸nh 120-D©y Buéc Hoa 120-Giá §ùng Hoa]	Acc: thangvl5	Player: 5TLSuco
[21-08-18 04:28:43]	EventID: 1	NpcID: 1	JoinItemId: 2	[Giá Hoa Quèc Kh¸nh]	[§æi 230 Giá Hoa Quèc Kh¸nh param:  230-Hoa Quèc Kh¸nh 230-D©y Buéc Hoa 230-Giá §ùng Hoa]	Acc: thangvl5	Player: 5TLSuco
[21-08-18 06:20:56]	EventID: 1	NpcID: 1	JoinItemId: 2	[Giá Hoa Quèc Kh¸nh]	[§æi 60 Giá Hoa Quèc Kh¸nh param:  60-Hoa Quèc Kh¸nh 60-D©y Buéc Hoa 60-Giá §ùng Hoa]	Acc: hieuham1996	Player: TriÖuÙTöÙLong
[21-08-18 06:22:55]	EventID: 1	NpcID: 1	JoinItemId: 2	[Giá Hoa Quèc Kh¸nh]	[§æi 50 Giá Hoa Quèc Kh¸nh param:  50-Hoa Quèc Kh¸nh 50-D©y Buéc Hoa 50-Giá §ùng Hoa]	Acc: hieuham1996	Player: TriÖuÙTöÙLong
[21-08-18 08:05:28]	EventID: 1	NpcID: 1	JoinItemId: 2	[Giá Hoa Quèc Kh¸nh]	[§æi 10 Giá Hoa Quèc Kh¸nh param:  10-Hoa Quèc Kh¸nh 10-D©y Buéc Hoa 10-Giá §ùng Hoa]	Acc: tranhoangcham	Player: KeVoDanh
[21-08-18 09:00:03]	EventID: 1	NpcID: 1	JoinItemId: 2	[Giá Hoa Quèc Kh¸nh]	[§æi 10 Giá Hoa Quèc Kh¸nh param:  10-Hoa Quèc Kh¸nh 10-D©y Buéc Hoa 10-Giá §ùng Hoa]	Acc: bando	Player: HDÙMÑThiªnH¹
[21-08-18 09:00:18]	EventID: 1	NpcID: 1	JoinItemId: 2	[Giá Hoa Quèc Kh¸nh]	[§æi 9 Giá Hoa Quèc Kh¸nh param:  9-Hoa Quèc Kh¸nh 9-D©y Buéc Hoa 9-Giá §ùng Hoa]	Acc: bando	Player: HDÙMÑThiªnH¹
[21-08-18 09:29:31]	EventID: 1	NpcID: 1	JoinItemId: 2	[Giá Hoa Quèc Kh¸nh]	[§æi 51 Giá Hoa Quèc Kh¸nh param:  51-Hoa Quèc Kh¸nh 51-D©y Buéc Hoa 51-Giá §ùng Hoa]	Acc: bando	Player: HDÙMÑThiªnH¹
[21-08-18 12:08:51]	EventID: 1	NpcID: 1	JoinItemId: 2	[Giá Hoa Quèc Kh¸nh]	[§æi 10 Giá Hoa Quèc Kh¸nh param:  10-Hoa Quèc Kh¸nh 10-D©y Buéc Hoa 10-Giá §ùng Hoa]	Acc: phamtungdhv6	Player: ZzYunazZ
[21-08-18 12:21:30]	EventID: 1	NpcID: 1	JoinItemId: 2	[Giá Hoa Quèc Kh¸nh]	[§æi 250 Giá Hoa Quèc Kh¸nh param:  250-Hoa Quèc Kh¸nh 250-D©y Buéc Hoa 250-Giá §ùng Hoa]	Acc: thaocanh114	Player: ThiªnÙNh·
[21-08-18 12:21:40]	EventID: 1	NpcID: 1	JoinItemId: 2	[Giá Hoa Quèc Kh¸nh]	[§æi 160 Giá Hoa Quèc Kh¸nh param:  160-Hoa Quèc Kh¸nh 160-D©y Buéc Hoa 160-Giá §ùng Hoa]	Acc: thaocanh114	Player: ThiªnÙNh·
[21-08-18 12:53:20]	EventID: 1	NpcID: 1	JoinItemId: 2	[Giá Hoa Quèc Kh¸nh]	[§æi 200 Giá Hoa Quèc Kh¸nh param:  200-Hoa Quèc Kh¸nh 200-D©y Buéc Hoa 200-Giá §ùng Hoa]	Acc: bando	Player: HDÙMÑThiªnH¹
[21-08-18 12:54:04]	EventID: 1	NpcID: 1	JoinItemId: 2	[Giá Hoa Quèc Kh¸nh]	[§æi 70 Giá Hoa Quèc Kh¸nh param:  70-Hoa Quèc Kh¸nh 70-D©y Buéc Hoa 70-Giá §ùng Hoa]	Acc: bando	Player: HDÙMÑThiªnH¹
[21-08-18 13:24:26]	EventID: 1	NpcID: 1	JoinItemId: 2	[Giá Hoa Quèc Kh¸nh]	[§æi 10 Giá Hoa Quèc Kh¸nh param:  10-Hoa Quèc Kh¸nh 10-D©y Buéc Hoa 10-Giá §ùng Hoa]	Acc: bihulk01	Player: Ng¹oÙLµÙGiÕt
[21-08-18 13:26:12]	EventID: 1	NpcID: 1	JoinItemId: 2	[Giá Hoa Quèc Kh¸nh]	[§æi 60 Giá Hoa Quèc Kh¸nh param:  60-Hoa Quèc Kh¸nh 60-D©y Buéc Hoa 60-Giá §ùng Hoa]	Acc: bihulk01	Player: Ng¹oÙLµÙGiÕt
[21-08-18 15:41:20]	EventID: 1	NpcID: 1	JoinItemId: 2	[Giá Hoa Quèc Kh¸nh]	[§æi 250 Giá Hoa Quèc Kh¸nh param:  250-Hoa Quèc Kh¸nh 250-D©y Buéc Hoa 250-Giá §ùng Hoa]	Acc: quocbaobp	Player: §¹iÙThiÕuÙGia
[21-08-18 15:41:24]	EventID: 1	NpcID: 1	JoinItemId: 2	[Giá Hoa Quèc Kh¸nh]	[§æi 250 Giá Hoa Quèc Kh¸nh param:  250-Hoa Quèc Kh¸nh 250-D©y Buéc Hoa 250-Giá §ùng Hoa]	Acc: quocbaobp	Player: §¹iÙThiÕuÙGia
[21-08-18 15:41:29]	EventID: 1	NpcID: 1	JoinItemId: 2	[Giá Hoa Quèc Kh¸nh]	[§æi 250 Giá Hoa Quèc Kh¸nh param:  250-Hoa Quèc Kh¸nh 250-D©y Buéc Hoa 250-Giá §ùng Hoa]	Acc: quocbaobp	Player: §¹iÙThiÕuÙGia
[21-08-18 15:41:34]	EventID: 1	NpcID: 1	JoinItemId: 2	[Giá Hoa Quèc Kh¸nh]	[§æi 20 Giá Hoa Quèc Kh¸nh param:  20-Hoa Quèc Kh¸nh 20-D©y Buéc Hoa 20-Giá §ùng Hoa]	Acc: quocbaobp	Player: §¹iÙThiÕuÙGia
[21-08-18 16:11:17]	EventID: 1	NpcID: 1	JoinItemId: 1	[Bã Hoa Quèc Kh¸nh]	[§æi 10 Bã Hoa Quèc Kh¸nh param:  10-Hoa Quèc Kh¸nh 10-D©y Buéc Hoa 10-GiÊy Gãi Hoa]	Acc: bunia90	Player: 5DocNhop
[21-08-18 16:11:27]	EventID: 1	NpcID: 1	JoinItemId: 2	[Giá Hoa Quèc Kh¸nh]	[§æi 10 Giá Hoa Quèc Kh¸nh param:  10-Hoa Quèc Kh¸nh 10-D©y Buéc Hoa 10-Giá §ùng Hoa]	Acc: bunia90	Player: 5DocNhop
[21-08-18 16:12:20]	EventID: 1	NpcID: 1	JoinItemId: 1	[Bã Hoa Quèc Kh¸nh]	[§æi 10 Bã Hoa Quèc Kh¸nh param:  10-Hoa Quèc Kh¸nh 10-D©y Buéc Hoa 10-GiÊy Gãi Hoa]	Acc: bunia90	Player: 5DocNhop
[21-08-18 17:44:12]	EventID: 1	NpcID: 1	JoinItemId: 2	[Giá Hoa Quèc Kh¸nh]	[§æi 10 Giá Hoa Quèc Kh¸nh param:  10-Hoa Quèc Kh¸nh 10-D©y Buéc Hoa 10-Giá §ùng Hoa]	Acc: pmp111	Player: BéiNhi
[21-08-18 17:45:41]	EventID: 1	NpcID: 1	JoinItemId: 2	[Giá Hoa Quèc Kh¸nh]	[§æi 40 Giá Hoa Quèc Kh¸nh param:  40-Hoa Quèc Kh¸nh 40-D©y Buéc Hoa 40-Giá §ùng Hoa]	Acc: pmp111	Player: BéiNhi
[21-08-18 17:46:05]	EventID: 1	NpcID: 1	JoinItemId: 2	[Giá Hoa Quèc Kh¸nh]	[§æi 10 Giá Hoa Quèc Kh¸nh param:  10-Hoa Quèc Kh¸nh 10-D©y Buéc Hoa 10-Giá §ùng Hoa]	Acc: pmp111	Player: BéiNhi
[21-08-18 18:02:15]	EventID: 1	NpcID: 1	JoinItemId: 2	[Giá Hoa Quèc Kh¸nh]	[§æi 10 Giá Hoa Quèc Kh¸nh param:  10-Hoa Quèc Kh¸nh 10-D©y Buéc Hoa 10-Giá §ùng Hoa]	Acc: hieuham1996	Player: TriÖuÙTöÙLong
[21-08-18 18:06:57]	EventID: 1	NpcID: 1	JoinItemId: 2	[Giá Hoa Quèc Kh¸nh]	[§æi 6 Giá Hoa Quèc Kh¸nh param:  6-Hoa Quèc Kh¸nh 6-D©y Buéc Hoa 6-Giá §ùng Hoa]	Acc: sarin1990	Player: DocDep
[21-08-18 18:29:35]	EventID: 1	NpcID: 1	JoinItemId: 2	[Giá Hoa Quèc Kh¸nh]	[§æi 190 Giá Hoa Quèc Kh¸nh param:  190-Hoa Quèc Kh¸nh 190-D©y Buéc Hoa 190-Giá §ùng Hoa]	Acc: pmp111	Player: BéiNhi
[21-08-18 19:33:57]	EventID: 1	NpcID: 1	JoinItemId: 2	[Giá Hoa Quèc Kh¸nh]	[§æi 4 Giá Hoa Quèc Kh¸nh param:  4-Hoa Quèc Kh¸nh 4-D©y Buéc Hoa 4-Giá §ùng Hoa]	Acc: huy1712	Player: ¡nÙMµyÙV­¬ngÙGia
[21-08-18 19:58:47]	EventID: 1	NpcID: 1	JoinItemId: 2	[Giá Hoa Quèc Kh¸nh]	[§æi 250 Giá Hoa Quèc Kh¸nh param:  250-Hoa Quèc Kh¸nh 250-D©y Buéc Hoa 250-Giá §ùng Hoa]	Acc: quocbaobp	Player: §¹iÙThiÕuÙGia
[21-08-18 19:58:53]	EventID: 1	NpcID: 1	JoinItemId: 2	[Giá Hoa Quèc Kh¸nh]	[§æi 180 Giá Hoa Quèc Kh¸nh param:  180-Hoa Quèc Kh¸nh 180-D©y Buéc Hoa 180-Giá §ùng Hoa]	Acc: quocbaobp	Player: §¹iÙThiÕuÙGia
[21-08-18 20:17:25]	EventID: 1	NpcID: 1	JoinItemId: 2	[Giá Hoa Quèc Kh¸nh]	[§æi 250 Giá Hoa Quèc Kh¸nh param:  250-Hoa Quèc Kh¸nh 250-D©y Buéc Hoa 250-Giá §ùng Hoa]	Acc: quocbaobp	Player: §¹iÙThiÕuÙGia
[21-08-18 20:17:29]	EventID: 1	NpcID: 1	JoinItemId: 2	[Giá Hoa Quèc Kh¸nh]	[§æi 250 Giá Hoa Quèc Kh¸nh param:  250-Hoa Quèc Kh¸nh 250-D©y Buéc Hoa 250-Giá §ùng Hoa]	Acc: quocbaobp	Player: §¹iÙThiÕuÙGia
[21-08-18 20:17:34]	EventID: 1	NpcID: 1	JoinItemId: 2	[Giá Hoa Quèc Kh¸nh]	[§æi 170 Giá Hoa Quèc Kh¸nh param:  170-Hoa Quèc Kh¸nh 170-D©y Buéc Hoa 170-Giá §ùng Hoa]	Acc: quocbaobp	Player: §¹iÙThiÕuÙGia
[21-08-18 20:20:37]	EventID: 1	NpcID: 1	JoinItemId: 1	[Bã Hoa Quèc Kh¸nh]	[§æi 230 Bã Hoa Quèc Kh¸nh param:  230-Hoa Quèc Kh¸nh 230-D©y Buéc Hoa 230-GiÊy Gãi Hoa]	Acc: quocbaobp	Player: §¹iÙThiÕuÙGia
[21-08-18 20:41:41]	EventID: 1	NpcID: 1	JoinItemId: 1	[Bã Hoa Quèc Kh¸nh]	[§æi 10 Bã Hoa Quèc Kh¸nh param:  10-Hoa Quèc Kh¸nh 10-D©y Buéc Hoa 10-GiÊy Gãi Hoa]	Acc: taodeohieu	Player: ConLonDe1
[21-08-18 20:54:01]	EventID: 1	NpcID: 1	JoinItemId: 2	[Giá Hoa Quèc Kh¸nh]	[§æi 100 Giá Hoa Quèc Kh¸nh param:  100-Hoa Quèc Kh¸nh 100-D©y Buéc Hoa 100-Giá §ùng Hoa]	Acc: sangtpbrvt	Player: SangTp
[21-08-18 20:58:08]	EventID: 1	NpcID: 1	JoinItemId: 2	[Giá Hoa Quèc Kh¸nh]	[§æi 250 Giá Hoa Quèc Kh¸nh param:  250-Hoa Quèc Kh¸nh 250-D©y Buéc Hoa 250-Giá §ùng Hoa]	Acc: nam92hd	Player: HáaThÇnÙV«Song
[21-08-18 20:58:13]	EventID: 1	NpcID: 1	JoinItemId: 2	[Giá Hoa Quèc Kh¸nh]	[§æi 150 Giá Hoa Quèc Kh¸nh param:  150-Hoa Quèc Kh¸nh 150-D©y Buéc Hoa 150-Giá §ùng Hoa]	Acc: nam92hd	Player: HáaThÇnÙV«Song
[21-08-18 21:00:48]	EventID: 1	NpcID: 1	JoinItemId: 2	[Giá Hoa Quèc Kh¸nh]	[§æi 200 Giá Hoa Quèc Kh¸nh param:  200-Hoa Quèc Kh¸nh 200-D©y Buéc Hoa 200-Giá §ùng Hoa]	Acc: sangtpbrvt	Player: SangTp
[21-08-18 21:11:05]	EventID: 1	NpcID: 1	JoinItemId: 2	[Giá Hoa Quèc Kh¸nh]	[§æi 250 Giá Hoa Quèc Kh¸nh param:  250-Hoa Quèc Kh¸nh 250-D©y Buéc Hoa 250-Giá §ùng Hoa]	Acc: sangtpbrvt	Player: SangTp
[21-08-18 21:35:10]	EventID: 1	NpcID: 1	JoinItemId: 2	[Giá Hoa Quèc Kh¸nh]	[§æi 140 Giá Hoa Quèc Kh¸nh param:  140-Hoa Quèc Kh¸nh 140-D©y Buéc Hoa 140-Giá §ùng Hoa]	Acc: thangvl5	Player: 5TLSuco
[21-08-18 21:36:48]	EventID: 1	NpcID: 1	JoinItemId: 2	[Giá Hoa Quèc Kh¸nh]	[§æi 60 Giá Hoa Quèc Kh¸nh param:  60-Hoa Quèc Kh¸nh 60-D©y Buéc Hoa 60-Giá §ùng Hoa]	Acc: thangvl5	Player: 5TLSuco
[21-08-18 22:15:34]	EventID: 1	NpcID: 1	JoinItemId: 2	[Giá Hoa Quèc Kh¸nh]	[§æi 10 Giá Hoa Quèc Kh¸nh param:  10-Hoa Quèc Kh¸nh 10-D©y Buéc Hoa 10-Giá §ùng Hoa]	Acc: tranhoangcham	Player: KeVoDanh
[21-08-18 22:44:55]	EventID: 1	NpcID: 1	JoinItemId: 1	[Bã Hoa Quèc Kh¸nh]	[§æi 10 Bã Hoa Quèc Kh¸nh param:  10-Hoa Quèc Kh¸nh 10-D©y Buéc Hoa 10-GiÊy Gãi Hoa]	Acc: huy1712	Player: ¡nÙMµyÙV­¬ngÙGia
[21-08-18 22:45:57]	EventID: 1	NpcID: 1	JoinItemId: 2	[Giá Hoa Quèc Kh¸nh]	[§æi 106 Giá Hoa Quèc Kh¸nh param:  106-Hoa Quèc Kh¸nh 106-D©y Buéc Hoa 106-Giá §ùng Hoa]	Acc: huy1712	Player: ¡nÙMµyÙV­¬ngÙGia
[21-08-18 22:47:57]	EventID: 1	NpcID: 1	JoinItemId: 2	[Giá Hoa Quèc Kh¸nh]	[§æi 190 Giá Hoa Quèc Kh¸nh param:  190-Hoa Quèc Kh¸nh 190-D©y Buéc Hoa 190-Giá §ùng Hoa]	Acc: huy1712	Player: ¡nÙMµyÙV­¬ngÙGia
[21-08-18 22:59:42]	EventID: 1	NpcID: 1	JoinItemId: 1	[Bã Hoa Quèc Kh¸nh]	[§æi 10 Bã Hoa Quèc Kh¸nh param:  10-Hoa Quèc Kh¸nh 10-D©y Buéc Hoa 10-GiÊy Gãi Hoa]	Acc: tuanlovekun4	Player: 5StÙThiªnÙNhÉn
[21-08-18 23:09:46]	EventID: 1	NpcID: 1	JoinItemId: 2	[Giá Hoa Quèc Kh¸nh]	[§æi 100 Giá Hoa Quèc Kh¸nh param:  100-Hoa Quèc Kh¸nh 100-D©y Buéc Hoa 100-Giá §ùng Hoa]	Acc: tuanlovekun5	Player: §­êngÙM«n
[21-08-18 23:10:52]	EventID: 1	NpcID: 1	JoinItemId: 2	[Giá Hoa Quèc Kh¸nh]	[§æi 100 Giá Hoa Quèc Kh¸nh param:  100-Hoa Quèc Kh¸nh 100-D©y Buéc Hoa 100-Giá §ùng Hoa]	Acc: tuanlovekun5	Player: §­êngÙM«n
[21-08-18 23:14:25]	EventID: 1	NpcID: 1	JoinItemId: 2	[Giá Hoa Quèc Kh¸nh]	[§æi 210 Giá Hoa Quèc Kh¸nh param:  210-Hoa Quèc Kh¸nh 210-D©y Buéc Hoa 210-Giá §ùng Hoa]	Acc: tuanlovekun5	Player: §­êngÙM«n
[21-08-18 23:23:44]	EventID: 1	NpcID: 1	JoinItemId: 2	[Giá Hoa Quèc Kh¸nh]	[§æi 100 Giá Hoa Quèc Kh¸nh param:  100-Hoa Quèc Kh¸nh 100-D©y Buéc Hoa 100-Giá §ùng Hoa]	Acc: tuanlovekun5	Player: §­êngÙM«n
[21-08-18 23:51:18]	EventID: 1	NpcID: 1	JoinItemId: 2	[Giá Hoa Quèc Kh¸nh]	[§æi 100 Giá Hoa Quèc Kh¸nh param:  100-Hoa Quèc Kh¸nh 100-D©y Buéc Hoa 100-Giá §ùng Hoa]	Acc: thaocanh114	Player: ThiªnÙNh·
