15-05-2018 17:19:22	Account: banhbanh	NamePlayer: NguoiMoi	PreSex: 0	BeforSex: 1	Times & KNB: 1
15-05-2018 18:51:14	Account: banhbanh	NamePlayer: NguoiMoi	PreSex: 1	BeforSex: 0	Times & KNB: 2
04-08-2018 17:51:59	Account: hieuad	NamePlayer: AdminŸSHXT	PreSex: 0	BeforSex: 1	Times & KNB: 1
05-08-2018 00:25:37	Account: khanghero	NamePlayer: CuŸCh‹ŸNg≠‰c	PreSex: 1	BeforSex: 0	Times & KNB: 1
05-08-2018 07:41:04	Account: phuno1016	NamePlayer: DCPŸDLT	PreSex: 0	BeforSex: 1	Times & KNB: 1
05-08-2018 07:42:15	Account: phuno1016	NamePlayer: DCPŸDLT	PreSex: 1	BeforSex: 0	Times & KNB: 2
05-08-2018 22:29:54	Account: khangbiker2018	NamePlayer: CuŸChÿŸNg≠Óc	PreSex: 0	BeforSex: 1	Times & KNB: 1
06-08-2018 13:04:22	Account: khangbiker2018	NamePlayer: ŸCuŸCh‹ŸNg≠ÓcŸ	PreSex: 1	BeforSex: 0	Times & KNB: 1
06-08-2018 22:37:15	Account: nhulin09	NamePlayer: NMxHide	PreSex: 1	BeforSex: 0	Times & KNB: 1
07-08-2018 01:25:22	Account: haivlc1	NamePlayer: Bπchßﬁnh	PreSex: 0	BeforSex: 1	Times & KNB: 1
07-08-2018 11:15:45	Account: amcang1	NamePlayer: DocDuoc	PreSex: 1	BeforSex: 0	Times & KNB: 1
07-08-2018 13:06:25	Account: amcang1	NamePlayer: axxxxxxx	PreSex: 1	BeforSex: 0	Times & KNB: 1
07-08-2018 20:52:56	Account: thanhgia0102	NamePlayer: KimTuong	PreSex: 0	BeforSex: 1	Times & KNB: 1
07-08-2018 20:54:15	Account: thanhgia0102	NamePlayer: KimTuong	PreSex: 1	BeforSex: 0	Times & KNB: 2
07-08-2018 21:00:56	Account: thanhgia0102	NamePlayer: KimTuong	PreSex: 0	BeforSex: 1	Times & KNB: 3
08-08-2018 10:02:46	Account: kuronasy	NamePlayer: SlockŸHome	PreSex: 1	BeforSex: 0	Times & KNB: 1
08-08-2018 15:44:46	Account: toanphandn	NamePlayer: JxfŸŸCasino	PreSex: 0	BeforSex: 1	Times & KNB: 1
10-08-2018 17:14:33	Account: tumap3000	NamePlayer: DungSoEm	PreSex: 1	BeforSex: 0	Times & KNB: 1
10-08-2018 18:13:18	Account: dautay07	NamePlayer: SGŸAnhŸBaŸH≠ng	PreSex: 0	BeforSex: 1	Times & KNB: 1
18-08-2018 19:05:16	Account: cutitamda1992	NamePlayer: BrockŸLenes	PreSex: 0	BeforSex: 1	Times & KNB: 1
18-08-2018 21:21:07	Account: khang1	NamePlayer: CuŸChÿŸNg≠Óc	PreSex: 1	BeforSex: 0	Times & KNB: 1
18-08-2018 21:26:41	Account: khangbiker2018	NamePlayer: BÈTr≠ÎngBÈC´ngAn	PreSex: 1	BeforSex: 0	Times & KNB: 1
04-09-2018 13:39:46	Account: luukt51	NamePlayer: NgoaLongTN	PreSex: 0	BeforSex: 1	Times & KNB: 1
