00:07:26	 Account: nonhantl	Name: V«DanhÙThÇnÙT¨ng	 DelItem: Kim Phong Tr¹c Liªn Quang
00:07:26	 Account: nonhantl	Name: V«DanhÙThÇnÙT¨ng	 DelItem: Kim Phong §ång T­íc Xu©n Th©m
00:07:38	 Account: nonhantl	Name: V«DanhÙThÇnÙT¨ng	 DelItem: Kim Phong §o¹t Hån Ngäc ®¸i
00:29:16	 Account: nonhandophoi	Name: DoNgon	 DelItem: S¸ch kü n¨ng cÊp 90
00:29:16	 Account: nonhandophoi	Name: DoNgon	 DelItem: §¹i Thµnh BÝ KÝp 90
00:30:31	 Account: nonhandophoi	Name: DoPhoi1	 DelItem: S¸ch kü n¨ng cÊp 90
00:30:31	 Account: nonhandophoi	Name: DoPhoi1	 DelItem: §¹i Thµnh BÝ KÝp 90
00:32:00	 Account: nonhandophoi	Name: DayChuyenNgocBoi	 DelItem: S¸ch kü n¨ng cÊp 90
00:32:00	 Account: nonhandophoi	Name: DayChuyenNgocBoi	 DelItem: §¹i Thµnh BÝ KÝp 90
00:42:20	 Account: nonhannd	Name: MécÙUyÓnÙThanh	 DelItem: Tóc S­¬ng
08:15:59	 Account: banhang1	Name: 1234566789	 DelItem: Kim Phong §o¹t Hån Ngäc ®¸i
08:21:04	 Account: kingvl2	Name: HDÙSÇuThiªnThu	 DelItem: Kim Phong Kú L©n HuyÕt
08:21:09	 Account: kingvl2	Name: HDÙSÇuThiªnThu	 DelItem: Kim Phong Tr¹c Liªn Quang
08:21:16	 Account: kingvl2	Name: HDÙSÇuThiªnThu	 DelItem: Kim Phong Tr¹c Liªn Quang
08:21:23	 Account: kingvl2	Name: HDÙSÇuThiªnThu	 DelItem: Kim Phong Thanh D­¬ng Kh«i
08:21:30	 Account: kingvl2	Name: HDÙSÇuThiªnThu	 DelItem: Kim Phong HËu NghÖ dÉn cung
08:21:36	 Account: kingvl2	Name: HDÙSÇuThiªnThu	 DelItem: Kim Phong Tr¹c Liªn Quang
08:21:43	 Account: kingvl2	Name: HDÙSÇuThiªnThu	 DelItem: BÝch Ngäc Ngäc Béi 
08:21:50	 Account: kingvl2	Name: HDÙSÇuThiªnThu	 DelItem: Kim Phong Thiªn Lý Th¶o Th­îng Phi
08:21:57	 Account: kingvl2	Name: HDÙSÇuThiªnThu	 DelItem: Kim Phong Lan §×nh Ngäc
08:22:03	 Account: kingvl2	Name: HDÙSÇuThiªnThu	 DelItem: Kim Phong §o¹t Hån Ngäc ®¸i
08:22:08	 Account: kingvl2	Name: HDÙSÇuThiªnThu	 DelItem: Kim Phong §ång T­íc Xu©n Th©m
08:22:14	 Account: kingvl2	Name: HDÙSÇuThiªnThu	 DelItem: Kim Phong C«ng CÈn Tam Th¸n
08:25:38	 Account: banhang1	Name: 1234566789	 DelItem: Kim Phong Lan §×nh Ngäc
08:37:38	 Account: kingvl3	Name: HDÙNgòÙ§écÙAnhCÈ	 DelItem: Kim Phong Thanh D­¬ng Kh«i
08:37:45	 Account: kingvl3	Name: HDÙNgòÙ§écÙAnhCÈ	 DelItem: Kim Phong Thiªn Lý Th¶o Th­îng Phi
08:37:51	 Account: kingvl3	Name: HDÙNgòÙ§écÙAnhCÈ	 DelItem: Kim Phong Lan §×nh Ngäc
08:37:57	 Account: kingvl3	Name: HDÙNgòÙ§écÙAnhCÈ	 DelItem: Kim Phong §o¹t Hån Ngäc ®¸i
08:38:02	 Account: kingvl3	Name: HDÙNgòÙ§écÙAnhCÈ	 DelItem: Kim Phong Kú L©n HuyÕt
08:38:09	 Account: kingvl3	Name: HDÙNgòÙ§écÙAnhCÈ	 DelItem: Kim Phong Tr¹c Liªn Quang
08:38:16	 Account: kingvl3	Name: HDÙNgòÙ§écÙAnhCÈ	 DelItem: Kim Phong Tr¹c Liªn Quang
08:38:22	 Account: kingvl3	Name: HDÙNgòÙ§écÙAnhCÈ	 DelItem: Kim Phong HËu NghÖ dÉn cung
08:38:28	 Account: kingvl3	Name: HDÙNgòÙ§écÙAnhCÈ	 DelItem: Kim Phong C«ng CÈn Tam Th¸n
08:38:33	 Account: kingvl3	Name: HDÙNgòÙ§écÙAnhCÈ	 DelItem: Kim Phong §ång T­íc Xu©n Th©m
08:38:56	 Account: kingvl3	Name: HDÙNgòÙ§écÙAnhCÈ	 DelItem: Kim Phong Thanh D­¬ng Kh«i
08:39:03	 Account: kingvl3	Name: HDÙNgòÙ§écÙAnhCÈ	 DelItem: Kim Phong Kú L©n HuyÕt
08:39:08	 Account: kingvl3	Name: HDÙNgòÙ§écÙAnhCÈ	 DelItem: Kim Phong HËu NghÖ dÉn cung
08:39:13	 Account: kingvl3	Name: HDÙNgòÙ§écÙAnhCÈ	 DelItem: Kim Phong Thiªn Lý Th¶o Th­îng Phi
08:39:19	 Account: kingvl3	Name: HDÙNgòÙ§écÙAnhCÈ	 DelItem: Kim Phong §o¹t Hån Ngäc ®¸i
08:39:25	 Account: kingvl3	Name: HDÙNgòÙ§écÙAnhCÈ	 DelItem: Kim Phong Lan §×nh Ngäc
08:39:31	 Account: kingvl3	Name: HDÙNgòÙ§écÙAnhCÈ	 DelItem: Kim Phong C«ng CÈn Tam Th¸n
08:41:48	 Account: kingvl3	Name: HDÙNgòÙ§écÙAnhCÈ	 DelItem: Tóc S­¬ng
08:45:24	 Account: kingvl3	Name: HDÙNgòÙ§écÙAnhCÈ	 DelItem: Tóc S­¬ng
08:53:10	 Account: kingvl3	Name: HDÙNgòÙ§écÙAnhCÈ	 DelItem: Kim Phong §ång T­íc Xu©n Th©m
08:59:27	 Account: kingvl5	Name: HDÙTh¶o	 DelItem: Kim Phong Kú L©n HuyÕt
08:59:33	 Account: kingvl5	Name: HDÙTh¶o	 DelItem: Kim Phong Thiªn Lý Th¶o Th­îng Phi
08:59:38	 Account: kingvl5	Name: HDÙTh¶o	 DelItem: Kim Phong Thanh D­¬ng Kh«i
08:59:45	 Account: kingvl5	Name: HDÙTh¶o	 DelItem: Kim Phong HËu NghÖ dÉn cung
08:59:50	 Account: kingvl5	Name: HDÙTh¶o	 DelItem: Kim Phong Lan §×nh Ngäc
08:59:57	 Account: kingvl5	Name: HDÙTh¶o	 DelItem: Kim Phong Tr¹c Liªn Quang
09:00:02	 Account: kingvl5	Name: HDÙTh¶o	 DelItem: Kim Phong §o¹t Hån Ngäc ®¸i
09:00:08	 Account: kingvl5	Name: HDÙTh¶o	 DelItem: Kim Phong §ång T­íc Xu©n Th©m
09:00:15	 Account: kingvl5	Name: HDÙTh¶o	 DelItem: Kim Phong C«ng CÈn Tam Th¸n
09:12:15	 Account: kingvl3	Name: HDÙNgòÙ§écÙAnhCÈ	 DelItem: Kim Phong Tr¹c Liªn Quang
09:28:25	 Account: banhang1	Name: 1234566789	 DelItem: Tóc S­¬ng
10:43:18	 Account: sarin1	Name: DocXinh9	 DelItem: S¸ch kü n¨ng cÊp 90
10:43:18	 Account: sarin1	Name: DocXinh9	 DelItem: §¹i Thµnh BÝ KÝp 90
10:43:18	 Account: sarin1	Name: DocXinh9	 DelItem: Tóc S­¬ng
11:05:46	 Account: vunguyen1984	Name: BinBin	 DelItem: Tóc S­¬ng
11:34:34	 Account: vunguyen1987	Name: 22222222	 DelItem: Kim Phong §o¹t Hån Ngäc ®¸i
11:34:34	 Account: vunguyen1987	Name: 22222222	 DelItem: Kim Phong HËu NghÖ dÉn cung
11:34:34	 Account: vunguyen1987	Name: 22222222	 DelItem: Kim Phong Lan §×nh Ngäc
11:34:34	 Account: vunguyen1987	Name: 22222222	 DelItem: Kim Phong Thanh D­¬ng Kh«i
11:34:34	 Account: vunguyen1987	Name: 22222222	 DelItem: Kim Phong Kú L©n HuyÕt
11:34:34	 Account: vunguyen1987	Name: 22222222	 DelItem: Kim Phong Tr¹c Liªn Quang
11:34:34	 Account: vunguyen1987	Name: 22222222	 DelItem: Kim Phong Thiªn Lý Th¶o Th­îng Phi
13:53:12	 Account: minhtrand2	Name: TiÓuÙLinh	 DelItem: Tóc S­¬ng
13:53:12	 Account: minhtrand2	Name: TiÓuÙLinh	 DelItem: Kim Phong Thiªn Lý Th¶o Th­îng Phi
13:53:12	 Account: minhtrand2	Name: TiÓuÙLinh	 DelItem: Kim Phong HËu NghÖ dÉn cung
14:10:56	 Account: nam92hd6	Name: Gi÷ÙR¸cÙNo0	 DelItem: Kim Phong Thanh D­¬ng Kh«i
14:11:12	 Account: nam92hd6	Name: Gi÷ÙR¸cÙNo0	 DelItem: Kim Phong §o¹t Hån Ngäc ®¸i
14:11:18	 Account: nam92hd6	Name: Gi÷ÙR¸cÙNo0	 DelItem: Kim Phong C«ng CÈn Tam Th¸n
14:11:35	 Account: nam92hd6	Name: Gi÷ÙR¸cÙNo0	 DelItem: Kim Phong Kú L©n HuyÕt
14:11:42	 Account: nam92hd6	Name: Gi÷ÙR¸cÙNo0	 DelItem: Kim Phong HËu NghÖ dÉn cung
14:11:53	 Account: nam92hd6	Name: Gi÷ÙR¸cÙNo0	 DelItem: Kim Phong Tr¹c Liªn Quang
14:11:58	 Account: nam92hd6	Name: Gi÷ÙR¸cÙNo0	 DelItem: Kim Phong Thiªn Lý Th¶o Th­îng Phi
14:12:03	 Account: nam92hd6	Name: Gi÷ÙR¸cÙNo0	 DelItem: Kim Phong Lan §×nh Ngäc
14:12:09	 Account: nam92hd6	Name: Gi÷ÙR¸cÙNo0	 DelItem: Kim Phong §ång T­íc Xu©n Th©m
15:59:37	 Account: tranhoangcham	Name: KeVoDanh	 DelItem: Thiªn V­¬ng §ao ph¸p.QuyÓn 3
15:59:59	 Account: tranhoangcham	Name: KeVoDanh	 DelItem: Bµn Nh­îc T©m Kinh
15:59:59	 Account: tranhoangcham	Name: KeVoDanh	 DelItem: Ngò §éc Ch­ëng Ph¸p. QuyÓn 1
17:03:36	 Account: banhang1	Name: 1234566789	 DelItem: Kim Phong Tr¹c Liªn Quang
17:03:42	 Account: banhang1	Name: 1234566789	 DelItem: Kim Phong C«ng CÈn Tam Th¸n
17:49:02	 Account: kingvl4	Name: HDÙbuff	 DelItem: Kim Phong §o¹t Hån Ngäc ®¸i
17:49:06	 Account: kingvl4	Name: HDÙbuff	 DelItem: Kim Phong Kú L©n HuyÕt
17:49:13	 Account: kingvl4	Name: HDÙbuff	 DelItem: Kim Phong HËu NghÖ dÉn cung
17:49:18	 Account: kingvl4	Name: HDÙbuff	 DelItem: Kim Phong §ång T­íc Xu©n Th©m
17:49:23	 Account: kingvl4	Name: HDÙbuff	 DelItem: Kim Phong Tr¹c Liªn Quang
17:49:28	 Account: kingvl4	Name: HDÙbuff	 DelItem: Kim Phong Lan §×nh Ngäc
17:49:34	 Account: kingvl4	Name: HDÙbuff	 DelItem: Kim Phong C«ng CÈn Tam Th¸n
17:49:40	 Account: kingvl4	Name: HDÙbuff	 DelItem: Kim Phong Thanh D­¬ng Kh«i
17:49:45	 Account: kingvl4	Name: HDÙbuff	 DelItem: Kim Phong Thiªn Lý Th¶o Th­îng Phi
17:49:50	 Account: kingvl4	Name: HDÙbuff	 DelItem: Kim Phong Thanh D­¬ng Kh«i
17:54:18	 Account: 85vunguyen	Name: NgocNgoc	 DelItem: Tóc S­¬ng
17:54:18	 Account: 85vunguyen	Name: NgocNgoc	 DelItem: Tóc S­¬ng
17:55:19	 Account: kingvl4	Name: HDÙbuff	 DelItem: Kim Phong Thiªn Lý Th¶o Th­îng Phi
17:55:23	 Account: kingvl4	Name: HDÙbuff	 DelItem: Kim Phong §o¹t Hån Ngäc ®¸i
18:10:04	 Account: kingvl4	Name: HDÙbuff	 DelItem: Kim Phong Kú L©n HuyÕt
18:10:11	 Account: kingvl4	Name: HDÙbuff	 DelItem: Kim Phong Tr¹c Liªn Quang
18:10:16	 Account: kingvl4	Name: HDÙbuff	 DelItem: Kim Phong Lan §×nh Ngäc
18:10:22	 Account: kingvl4	Name: HDÙbuff	 DelItem: Kim Phong C«ng CÈn Tam Th¸n
19:04:27	 Account: helpp	Name: DytMeMaySucSinh	 DelItem: S¸ch kü n¨ng cÊp 90
19:04:27	 Account: helpp	Name: DytMeMaySucSinh	 DelItem: §¹i Thµnh BÝ KÝp 90
19:04:27	 Account: helpp	Name: DytMeMaySucSinh	 DelItem: S¸ch kü n¨ng cÊp 90
19:04:27	 Account: helpp	Name: DytMeMaySucSinh	 DelItem: §¹i Thµnh BÝ KÝp 90
19:04:27	 Account: helpp	Name: DytMeMaySucSinh	 DelItem: Tóc S­¬ng
19:04:27	 Account: helpp	Name: DytMeMaySucSinh	 DelItem: Tóc S­¬ng
19:04:27	 Account: helpp	Name: DytMeMaySucSinh	 DelItem: Tóc S­¬ng
19:12:02	 Account: helii	Name: LozMeMayConCho	 DelItem: Tóc S­¬ng
19:12:02	 Account: helii	Name: LozMeMayConCho	 DelItem: Nga Mi ThÝch
19:19:04	 Account: hieuham1994	Name: §écC«ÙCÇuB¹i	 DelItem: Kim Phong HËu NghÖ dÉn cung
19:19:11	 Account: hieuham1994	Name: §écC«ÙCÇuB¹i	 DelItem: Kim Phong Kú L©n HuyÕt
19:19:17	 Account: hieuham1994	Name: §écC«ÙCÇuB¹i	 DelItem: Kim Phong Thanh D­¬ng Kh«i
19:19:23	 Account: hieuham1994	Name: §écC«ÙCÇuB¹i	 DelItem: Kim Phong §o¹t Hån Ngäc ®¸i
19:19:32	 Account: hieuham1994	Name: §écC«ÙCÇuB¹i	 DelItem: Kim Phong Tr¹c Liªn Quang
19:20:01	 Account: hieuham1994	Name: §écC«ÙCÇuB¹i	 DelItem: Kim Phong Tr¹c Liªn Quang
19:20:06	 Account: hieuham1994	Name: §écC«ÙCÇuB¹i	 DelItem: Kim Phong Thiªn Lý Th¶o Th­îng Phi
19:20:13	 Account: hieuham1994	Name: §écC«ÙCÇuB¹i	 DelItem: Kim Phong Lan §×nh Ngäc
19:20:20	 Account: hieuham1994	Name: §écC«ÙCÇuB¹i	 DelItem: Kim Phong §ång T­íc Xu©n Th©m
19:20:25	 Account: hieuham1994	Name: §écC«ÙCÇuB¹i	 DelItem: Kim Phong C«ng CÈn Tam Th¸n
19:21:48	 Account: hieuham1994	Name: §écC«ÙCÇuB¹i	 DelItem: Kim Phong Thanh D­¬ng Kh«i
19:22:17	 Account: hieuham1996	Name: TriÖuÙTöÙLong	 DelItem: Kim Phong §ång T­íc Xu©n Th©m
19:22:44	 Account: heloo	Name: DitCuMayLamSao	 DelItem: Tóc S­¬ng
19:52:02	 Account: hangnitocvay3	Name: ConÙnghiÖnÙJAV	 DelItem: Kim Phong Kú L©n HuyÕt
20:03:42	 Account: hangnitocvay2	Name: BÐÙngµnhÙJAV	 DelItem: Kim Phong §o¹t Hån Ngäc ®¸i
20:03:42	 Account: hangnitocvay2	Name: BÐÙngµnhÙJAV	 DelItem: Kim Phong Lan §×nh Ngäc
20:25:11	 Account: hangnitocvay	Name: ThiªnÙthÇnÙJAV	 DelItem: Kim Phong Kú L©n HuyÕt
20:25:57	 Account: hangnitocvay	Name: ThiªnÙthÇnÙJAV	 DelItem: Kim Phong Lan §×nh Ngäc
20:53:39	 Account: kingvl5	Name: HDÙTh¶o	 DelItem: Tóc S­¬ng
21:43:59	 Account: minhtrand1	Name: GiÕtÙS­Ù§ètÙChïa	 DelItem: Kim Phong §o¹t Hån Ngäc ®¸i
22:01:23	 Account: nam92hd	Name: HáaThÇnÙV«Song	 DelItem: Tèng Kim Phi Tèc hoµn
22:01:29	 Account: nam92hd	Name: HáaThÇnÙV«Song	 DelItem: LÖnh bµi
22:03:01	 Account: samsimon1	Name: ÙRitaÙOri	 DelItem: Tóc S­¬ng
22:36:57	 Account: kingvl4	Name: HDÙbuff	 DelItem: Tóc S­¬ng
22:37:01	 Account: tranvinh05	Name: 75ÙNhíÙMétÙNg­êi	 DelItem: Kim Phong §ång T­íc Xu©n Th©m
22:38:53	 Account: nonhannm	Name: NhËmÙDoanhÙDoanh	 DelItem: Tóc S­¬ng
22:53:12	 Account: tranvinh02	Name: HuúnhÙNi	 DelItem: Kim Phong HËu NghÖ dÉn cung
23:04:14	 Account: kingvl4	Name: HDÙbuff	 DelItem: Tóc S­¬ng
23:29:56	 Account: nonhantn1	Name: Th¸nhÙC«	 DelItem: Tóc S­¬ng
23:42:26	 Account: nonhantn1	Name: Th¸nhÙC«	 DelItem: Kim Phong Thiªn Lý Th¶o Th­îng Phi
23:42:26	 Account: nonhantn1	Name: Th¸nhÙC«	 DelItem: Kim Phong Kú L©n HuyÕt
23:42:26	 Account: nonhantn1	Name: Th¸nhÙC«	 DelItem: Kim Phong Thanh D­¬ng Kh«i
23:42:26	 Account: nonhantn1	Name: Th¸nhÙC«	 DelItem: Kim Phong HËu NghÖ dÉn cung
23:42:26	 Account: nonhantn1	Name: Th¸nhÙC«	 DelItem: Kim Phong §o¹t Hån Ngäc ®¸i
23:57:17	 Account: nonhannd	Name: MécÙUyÓnÙThanh	 DelItem: Tóc S­¬ng
