09:17:00	 Account: vunguyen83	Name: VuVuVnn	 DelItem: HuyÒn Tinh Kho¸ng Th¹ch 
09:17:00	 Account: vunguyen83	Name: VuVuVnn	 DelItem: TiÒn ®ång
09:17:00	 Account: vunguyen83	Name: VuVuVnn	 DelItem: TiÒn ®ång
09:59:11	 Account: vunguyen83	Name: VuVuVnn	 DelItem: §iÒn Hoµng th¹ch
09:59:11	 Account: vunguyen83	Name: VuVuVnn	 DelItem: TiÒn ®ång
09:59:11	 Account: vunguyen83	Name: VuVuVnn	 DelItem: TiÒn ®ång
09:59:11	 Account: vunguyen83	Name: VuVuVnn	 DelItem: TiÒn ®ång
09:59:11	 Account: vunguyen83	Name: VuVuVnn	 DelItem: TiÒn ®ång
09:59:11	 Account: vunguyen83	Name: VuVuVnn	 DelItem: TiÒn ®ång
12:33:14	 Account: danthu2014	Name: zzLanhHuyetzz	 DelItem: Ngù T©m thuËt
12:33:14	 Account: danthu2014	Name: zzLanhHuyetzz	 DelItem: Ngù L«i thuËt
12:33:14	 Account: danthu2014	Name: zzLanhHuyetzz	 DelItem: Ngù Phong thuËt
12:33:14	 Account: danthu2014	Name: zzLanhHuyetzz	 DelItem: Th¸i Cùc KiÕm Phæ. QuyÓn 2
12:33:14	 Account: danthu2014	Name: zzLanhHuyetzz	 DelItem: NhiÕp Hån. Chó thuËt
12:33:14	 Account: danthu2014	Name: zzLanhHuyetzz	 DelItem: V©n Long KÝch. M©u ph¸p
12:33:14	 Account: danthu2014	Name: zzLanhHuyetzz	 DelItem: L­u Tinh. §ao ph¸p
12:33:14	 Account: danthu2014	Name: zzLanhHuyetzz	 DelItem: C¸i Bang Ch­ëng Ph¸p
12:33:14	 Account: danthu2014	Name: zzLanhHuyetzz	 DelItem: Thóy Yªn Song ®ao
12:33:14	 Account: danthu2014	Name: zzLanhHuyetzz	 DelItem: Thóy Yªn §ao ph¸p
12:33:14	 Account: danthu2014	Name: zzLanhHuyetzz	 DelItem: Phæ §é MËt TÞch
12:33:14	 Account: danthu2014	Name: zzLanhHuyetzz	 DelItem: Nga Mi  PhËt Quang Ch­ëng MËt TÞch
12:33:14	 Account: danthu2014	Name: zzLanhHuyetzz	 DelItem: DiÖt KiÕm MËt TÞch
12:33:14	 Account: danthu2014	Name: zzLanhHuyetzz	 DelItem: H·m TÜnh thuËt.Lo¹n Hoµn KÝch
12:33:14	 Account: danthu2014	Name: zzLanhHuyetzz	 DelItem: Phi Tiªu thuËt. Cöu Cung Phi Tinh
12:33:14	 Account: danthu2014	Name: zzLanhHuyetzz	 DelItem: Tô TiÔn thuËt. B¹o Vò Lª Hoa
12:33:14	 Account: danthu2014	Name: zzLanhHuyetzz	 DelItem: Thiªn V­¬ng Th­¬ng ph¸p. QuyÓn 2
12:33:14	 Account: danthu2014	Name: zzLanhHuyetzz	 DelItem: Thiªn V­¬ng §ao ph¸p.QuyÓn 3
12:33:14	 Account: danthu2014	Name: zzLanhHuyetzz	 DelItem: ThiÕu L©m QuyÒn Ph¸p. QuyÓn 1
12:33:14	 Account: danthu2014	Name: zzLanhHuyetzz	 DelItem: ThiÕu L©m C«n ph¸p. QuyÓn 2
12:33:14	 Account: danthu2014	Name: zzLanhHuyetzz	 DelItem: ThiÕu L©m §ao ph¸p. QuyÓn 3
12:33:14	 Account: danthu2014	Name: zzLanhHuyetzz	 DelItem: Ngò §éc NhiÕp T©m thuËt. QuyÓn 3
12:33:14	 Account: danthu2014	Name: zzLanhHuyetzz	 DelItem: Ngò §éc §ao ph¸p. QuyÓn 2
12:33:14	 Account: danthu2014	Name: zzLanhHuyetzz	 DelItem: Ngò §éc Ch­ëng Ph¸p. QuyÓn 1
12:33:23	 Account: danthu2014	Name: zzLanhHuyetzz	 DelItem: C¸i Bang C«n ph¸p
12:33:23	 Account: danthu2014	Name: zzLanhHuyetzz	 DelItem: Thiªn V­¬ng Chïy Ph¸p. QuyÓn 1
19:25:38	 Account: vutitan	Name: DuongLang	 DelItem: Méng Long Kim Ti ChÝnh Hång Cµ Sa
19:25:38	 Account: vutitan	Name: DuongLang	 DelItem: Méng Long ChÝnh Hång T¨ng M·o
19:25:38	 Account: vutitan	Name: DuongLang	 DelItem: Méng Long Kim Ti ChÝnh Hång Cµ Sa
19:26:06	 Account: vutitan	Name: DuongLang	 DelItem: Méng Long §¹t Ma T¨ng hµi
19:26:06	 Account: vutitan	Name: DuongLang	 DelItem: Méng Long HuyÒn Ti Ph¸t ®¸i
19:26:06	 Account: vutitan	Name: DuongLang	 DelItem: Méng Long PhËt Ph¸p HuyÒn Béi
19:26:06	 Account: vutitan	Name: DuongLang	 DelItem: Méng Long ChÝnh Hång T¨ng M·o
19:32:20	 Account: vutitan	Name: DuongLang	 DelItem: Méng Long §¹t Ma T¨ng hµi
19:32:20	 Account: vutitan	Name: DuongLang	 DelItem: Méng Long PhËt Ph¸p HuyÒn Béi
19:32:20	 Account: vutitan	Name: DuongLang	 DelItem: Méng Long §¹t Ma T¨ng hµi
19:32:20	 Account: vutitan	Name: DuongLang	 DelItem: Méng Long PhËt Ph¸p HuyÒn Béi
19:32:20	 Account: vutitan	Name: DuongLang	 DelItem: Méng Long Kim Ti ChÝnh Hång Cµ Sa
19:32:20	 Account: vutitan	Name: DuongLang	 DelItem: Méng Long ChÝnh Hång T¨ng M·o
19:32:20	 Account: vutitan	Name: DuongLang	 DelItem: Méng Long HuyÒn Ti Ph¸t ®¸i
19:34:10	 Account: vutitan	Name: DuongLang	 DelItem: Méng Long §¹t Ma T¨ng hµi
19:34:10	 Account: vutitan	Name: DuongLang	 DelItem: Méng Long Kim Ti ChÝnh Hång Cµ Sa
19:34:10	 Account: vutitan	Name: DuongLang	 DelItem: Méng Long §¹t Ma T¨ng hµi
19:34:10	 Account: vutitan	Name: DuongLang	 DelItem: Méng Long HuyÒn Ti Ph¸t ®¸i
19:34:10	 Account: vutitan	Name: DuongLang	 DelItem: Méng Long Kim Ti ChÝnh Hång Cµ Sa
19:34:10	 Account: vutitan	Name: DuongLang	 DelItem: Méng Long HuyÒn Ti Ph¸t ®¸i
19:34:24	 Account: vutitan	Name: DuongLang	 DelItem: Méng Long PhËt Ph¸p HuyÒn Béi
19:34:24	 Account: vutitan	Name: DuongLang	 DelItem: Méng Long HuyÒn Ti Ph¸t ®¸i
19:34:24	 Account: vutitan	Name: DuongLang	 DelItem: Méng Long ChÝnh Hång T¨ng M·o
19:34:24	 Account: vutitan	Name: DuongLang	 DelItem: Méng Long PhËt Ph¸p HuyÒn Béi
19:34:24	 Account: vutitan	Name: DuongLang	 DelItem: Méng Long ChÝnh Hång T¨ng M·o
19:36:16	 Account: vutitan	Name: DuongLang	 DelItem: Méng Long §¹t Ma T¨ng hµi
19:36:16	 Account: vutitan	Name: DuongLang	 DelItem: Méng Long HuyÒn Ti Ph¸t ®¸i
19:36:16	 Account: vutitan	Name: DuongLang	 DelItem: Méng Long Kim Ti ChÝnh Hång Cµ Sa
19:36:16	 Account: vutitan	Name: DuongLang	 DelItem: Méng Long §¹t Ma T¨ng hµi
19:36:16	 Account: vutitan	Name: DuongLang	 DelItem: Méng Long HuyÒn Ti Ph¸t ®¸i
19:36:16	 Account: vutitan	Name: DuongLang	 DelItem: Méng Long Kim Ti ChÝnh Hång Cµ Sa
19:36:28	 Account: vutitan	Name: DuongLang	 DelItem: Méng Long PhËt Ph¸p HuyÒn Béi
19:36:28	 Account: vutitan	Name: DuongLang	 DelItem: Méng Long PhËt Ph¸p HuyÒn Béi
19:36:28	 Account: vutitan	Name: DuongLang	 DelItem: Méng Long ChÝnh Hång T¨ng M·o
19:36:28	 Account: vutitan	Name: DuongLang	 DelItem: Méng Long ChÝnh Hång T¨ng M·o
19:37:45	 Account: vutitan	Name: DuongLang	 DelItem: Méng Long §¹t Ma T¨ng hµi
19:37:45	 Account: vutitan	Name: DuongLang	 DelItem: Méng Long Kim Ti ChÝnh Hång Cµ Sa
19:37:45	 Account: vutitan	Name: DuongLang	 DelItem: Méng Long §¹t Ma T¨ng hµi
19:37:45	 Account: vutitan	Name: DuongLang	 DelItem: Méng Long Kim Ti ChÝnh Hång Cµ Sa
19:38:02	 Account: vutitan	Name: DuongLang	 DelItem: Méng Long PhËt Ph¸p HuyÒn Béi
19:38:02	 Account: vutitan	Name: DuongLang	 DelItem: Méng Long HuyÒn Ti Ph¸t ®¸i
19:38:02	 Account: vutitan	Name: DuongLang	 DelItem: Méng Long ChÝnh Hång T¨ng M·o
19:38:02	 Account: vutitan	Name: DuongLang	 DelItem: Méng Long PhËt Ph¸p HuyÒn Béi
19:38:02	 Account: vutitan	Name: DuongLang	 DelItem: Méng Long HuyÒn Ti Ph¸t ®¸i
19:38:02	 Account: vutitan	Name: DuongLang	 DelItem: Méng Long ChÝnh Hång T¨ng M·o
19:38:47	 Account: vutitan	Name: DuongLang	 DelItem: Méng Long Kim Ti ChÝnh Hång Cµ Sa
19:38:47	 Account: vutitan	Name: DuongLang	 DelItem: Méng Long §¹t Ma T¨ng hµi
19:38:47	 Account: vutitan	Name: DuongLang	 DelItem: Méng Long Kim Ti ChÝnh Hång Cµ Sa
19:38:47	 Account: vutitan	Name: DuongLang	 DelItem: Méng Long §¹t Ma T¨ng hµi
19:39:02	 Account: vutitan	Name: DuongLang	 DelItem: Méng Long PhËt Ph¸p HuyÒn Béi
19:39:02	 Account: vutitan	Name: DuongLang	 DelItem: Méng Long HuyÒn Ti Ph¸t ®¸i
19:39:02	 Account: vutitan	Name: DuongLang	 DelItem: Méng Long ChÝnh Hång T¨ng M·o
19:39:02	 Account: vutitan	Name: DuongLang	 DelItem: Méng Long PhËt Ph¸p HuyÒn Béi
19:39:02	 Account: vutitan	Name: DuongLang	 DelItem: Méng Long HuyÒn Ti Ph¸t ®¸i
19:39:02	 Account: vutitan	Name: DuongLang	 DelItem: Méng Long ChÝnh Hång T¨ng M·o
19:40:52	 Account: vutitan	Name: DuongLang	 DelItem: Phôc Ma PhËt T©m NhuyÔn KhÊu
19:40:52	 Account: vutitan	Name: DuongLang	 DelItem: Phôc Ma ¤ Kim NhuyÔn §iÒu
19:40:52	 Account: vutitan	Name: DuongLang	 DelItem: Phôc Ma HuyÒn Hoµng Cµ Sa
19:40:52	 Account: vutitan	Name: DuongLang	 DelItem: Phôc Ma Tö Kim C«n
19:40:52	 Account: vutitan	Name: DuongLang	 DelItem: Tø Kh«ng Hé ph¸p Yªu ®¸i
19:40:52	 Account: vutitan	Name: DuongLang	 DelItem: Tø Kh«ng Tö Kim Cµ Sa
19:41:49	 Account: vutitan	Name: DuongLang	 DelItem: Tø Kh«ng NhuyÔn B× Hé UyÓn
19:41:49	 Account: vutitan	Name: DuongLang	 DelItem: Tø Kh«ng Hé ph¸p Yªu ®¸i
19:41:49	 Account: vutitan	Name: DuongLang	 DelItem: Tø Kh«ng Tö Kim Cµ Sa
19:41:49	 Account: vutitan	Name: DuongLang	 DelItem: Tø Kh«ng Gi¸ng Ma Giíi ®ao
19:41:49	 Account: vutitan	Name: DuongLang	 DelItem: Phôc Ma Phæ §é T¨ng hµi
