09:15:03	 Account: minhngo7989	Name: MrMinh	 DelItem: Tóc S­¬ng
10:34:02	 Account: kingvl2	Name: KimLongKaKa	 DelItem: Kim Phong Thanh D­¬ng Kh«i
10:34:09	 Account: kingvl2	Name: KimLongKaKa	 DelItem: Kim Phong Kú L©n HuyÕt
10:34:19	 Account: kingvl2	Name: KimLongKaKa	 DelItem: Kim Phong Thiªn Lý Th¶o Th­îng Phi
10:34:27	 Account: kingvl2	Name: KimLongKaKa	 DelItem: Kim Phong §o¹t Hån Ngäc ®¸i
10:34:37	 Account: kingvl2	Name: KimLongKaKa	 DelItem: Kim Phong HËu NghÖ dÉn cung
11:40:48	 Account: sangtpbrvt1	Name: SangTp1	 DelItem: C¸i Bang C«n ph¸p
11:40:48	 Account: sangtpbrvt1	Name: SangTp1	 DelItem: NhiÕp Hån. Chó thuËt
11:40:48	 Account: sangtpbrvt1	Name: SangTp1	 DelItem: Ngù Phong thuËt
11:40:48	 Account: sangtpbrvt1	Name: SangTp1	 DelItem: H·m TÜnh thuËt.Lo¹n Hoµn KÝch
11:40:48	 Account: sangtpbrvt1	Name: SangTp1	 DelItem: C¸i Bang C«n ph¸p
12:31:12	 Account: gamethu	Name: KhaiCheckGame	 DelItem: Kim Phong Tr¹c Liªn Quang
12:31:12	 Account: gamethu	Name: KhaiCheckGame	 DelItem: Kim Phong HËu NghÖ dÉn cung
12:31:12	 Account: gamethu	Name: KhaiCheckGame	 DelItem: Kim Phong Thiªn Lý Th¶o Th­îng Phi
12:31:12	 Account: gamethu	Name: KhaiCheckGame	 DelItem: Kim Phong Thanh D­¬ng Kh«i
12:31:12	 Account: gamethu	Name: KhaiCheckGame	 DelItem: Kim Phong Thiªn Lý Th¶o Th­îng Phi
12:31:12	 Account: gamethu	Name: KhaiCheckGame	 DelItem: Kim Phong Thanh D­¬ng Kh«i
12:31:12	 Account: gamethu	Name: KhaiCheckGame	 DelItem: Kim Phong HËu NghÖ dÉn cung
12:31:12	 Account: gamethu	Name: KhaiCheckGame	 DelItem: Kim Phong §o¹t Hån Ngäc ®¸i
13:18:10	 Account: keoxe03	Name: AEthuyYen	 DelItem: Tiªn Th¶o Lé 
13:18:10	 Account: keoxe03	Name: AEthuyYen	 DelItem: Kim Phong Tr¹c Liªn Quang
13:20:56	 Account: keoxe03	Name: ÙÙÙMétÙÙÙ	 DelItem: HuyÒn Tinh Kho¸ng Th¹ch 
13:20:56	 Account: keoxe03	Name: ÙÙÙMétÙÙÙ	 DelItem: HuyÒn Tinh Kho¸ng Th¹ch 
13:20:56	 Account: keoxe03	Name: ÙÙÙMétÙÙÙ	 DelItem: HuyÒn Tinh Kho¸ng Th¹ch 
13:20:56	 Account: keoxe03	Name: ÙÙÙMétÙÙÙ	 DelItem: HuyÒn Tinh Kho¸ng Th¹ch 
13:20:56	 Account: keoxe03	Name: ÙÙÙMétÙÙÙ	 DelItem: HuyÒn Tinh Kho¸ng Th¹ch 
13:20:56	 Account: keoxe03	Name: ÙÙÙMétÙÙÙ	 DelItem: HuyÒn Tinh Kho¸ng Th¹ch 
13:20:56	 Account: keoxe03	Name: ÙÙÙMétÙÙÙ	 DelItem: HuyÒn Tinh Kho¸ng Th¹ch 
13:20:56	 Account: keoxe03	Name: ÙÙÙMétÙÙÙ	 DelItem: HuyÒn Tinh Kho¸ng Th¹ch 
13:20:56	 Account: keoxe03	Name: ÙÙÙMétÙÙÙ	 DelItem: HuyÒn Tinh Kho¸ng Th¹ch 
14:14:52	 Account: keoxe02	Name: 74LaAnh	 DelItem: Kim Phong Thiªn Lý Th¶o Th­îng Phi
14:14:52	 Account: keoxe02	Name: 74LaAnh	 DelItem: Kim Phong Tr¹c Liªn Quang
14:14:52	 Account: keoxe02	Name: 74LaAnh	 DelItem: Kim Phong Kú L©n HuyÕt
14:14:52	 Account: keoxe02	Name: 74LaAnh	 DelItem: Kim Phong Thanh D­¬ng Kh«i
14:14:52	 Account: keoxe02	Name: 74LaAnh	 DelItem: Kim Phong Lan §×nh Ngäc
14:14:52	 Account: keoxe02	Name: 74LaAnh	 DelItem: Kim Phong C«ng CÈn Tam Th¸n
14:14:52	 Account: keoxe02	Name: 74LaAnh	 DelItem: Kim Phong HËu NghÖ dÉn cung
14:14:52	 Account: keoxe02	Name: 74LaAnh	 DelItem: Kim Phong §o¹t Hån Ngäc ®¸i
14:14:52	 Account: keoxe02	Name: 74LaAnh	 DelItem: Kim Phong §ång T­íc Xu©n Th©m
14:23:32	 Account: kimmalenhhai1	Name: MÊtTrinhRåi	 DelItem: Tóc S­¬ng
14:23:32	 Account: kimmalenhhai1	Name: MÊtTrinhRåi	 DelItem: Kim Phong Kú L©n HuyÕt
14:23:32	 Account: kimmalenhhai1	Name: MÊtTrinhRåi	 DelItem: Kim Phong Lan §×nh Ngäc
14:23:32	 Account: kimmalenhhai1	Name: MÊtTrinhRåi	 DelItem: Kim Phong C«ng CÈn Tam Th¸n
14:23:32	 Account: kimmalenhhai1	Name: MÊtTrinhRåi	 DelItem: Kim Phong HËu NghÖ dÉn cung
14:23:32	 Account: kimmalenhhai1	Name: MÊtTrinhRåi	 DelItem: Kim Phong §o¹t Hån Ngäc ®¸i
14:23:32	 Account: kimmalenhhai1	Name: MÊtTrinhRåi	 DelItem: Kim Phong §ång T­íc Xu©n Th©m
14:23:32	 Account: kimmalenhhai1	Name: MÊtTrinhRåi	 DelItem:  §å phæ Hoµng Kim - An Bang Kª HuyÕt Th¹ch Giíi ChØ 
14:27:05	 Account: kimmalenhhai1	Name: MÊtTrinhRåi	 DelItem: Tiªn Th¶o Lé 
14:27:05	 Account: kimmalenhhai1	Name: MÊtTrinhRåi	 DelItem: Tiªn Th¶o Lé 
14:27:05	 Account: kimmalenhhai1	Name: MÊtTrinhRåi	 DelItem: Tiªn Th¶o Lé 
14:27:05	 Account: kimmalenhhai1	Name: MÊtTrinhRåi	 DelItem: Tiªn Th¶o Lé 
14:27:05	 Account: kimmalenhhai1	Name: MÊtTrinhRåi	 DelItem: Kim Phong Thanh D­¬ng Kh«i
14:27:05	 Account: kimmalenhhai1	Name: MÊtTrinhRåi	 DelItem: Hoa hång
14:27:05	 Account: kimmalenhhai1	Name: MÊtTrinhRåi	 DelItem: D©y Thõng
14:27:05	 Account: kimmalenhhai1	Name: MÊtTrinhRåi	 DelItem: Hoa Quèc Kh¸nh
14:27:05	 Account: kimmalenhhai1	Name: MÊtTrinhRåi	 DelItem: D©y Buéc Hoa
14:27:05	 Account: kimmalenhhai1	Name: MÊtTrinhRåi	 DelItem:  §å phæ Hoµng Kim - An Bang §iÒn Hoµng Th¹ch Ngäc Béi
14:34:30	 Account: kimmalenhhai1	Name: MÊtTrinhRåi	 DelItem: Kim Phong Thiªn Lý Th¶o Th­îng Phi
14:41:57	 Account: thaocanh115	Name: EmÙLµÙConÙG¸i	 DelItem: Tóc S­¬ng
14:59:15	 Account: kimmalenhhai1	Name: MÊtTrinhRåi	 DelItem: Cöu TiÕt X­¬ng VÜ Ngoa
14:59:15	 Account: kimmalenhhai1	Name: MÊtTrinhRåi	 DelItem: Cöu TiÕt X­¬ng VÜ Ngoa
14:59:15	 Account: kimmalenhhai1	Name: MÊtTrinhRåi	 DelItem: Cöu TiÕt X­¬ng VÜ Ngoa
14:59:15	 Account: kimmalenhhai1	Name: MÊtTrinhRåi	 DelItem: Cöu TiÕt X­¬ng VÜ Ngoa
15:00:19	 Account: kimmalenhhai1	Name: MÊtTrinhRåi	 DelItem: Kim Lò hµi
15:00:19	 Account: kimmalenhhai1	Name: MÊtTrinhRåi	 DelItem: Kim Lò hµi
15:00:19	 Account: kimmalenhhai1	Name: MÊtTrinhRåi	 DelItem: Kim Lò hµi
15:00:19	 Account: kimmalenhhai1	Name: MÊtTrinhRåi	 DelItem: Kim Lò hµi
15:06:41	 Account: pmp111	Name: TrÇnThanhThanh	 DelItem: Kim Phong §ång T­íc Xu©n Th©m
15:06:41	 Account: pmp111	Name: TrÇnThanhThanh	 DelItem: Kim Phong §o¹t Hån Ngäc ®¸i
15:06:41	 Account: pmp111	Name: TrÇnThanhThanh	 DelItem: Kim Phong HËu NghÖ dÉn cung
15:06:41	 Account: pmp111	Name: TrÇnThanhThanh	 DelItem: Kim Phong Lan §×nh Ngäc
15:06:41	 Account: pmp111	Name: TrÇnThanhThanh	 DelItem: Kim Phong Kú L©n HuyÕt
15:06:49	 Account: giongtre01	Name: L©mÙKa	 DelItem: Kim Phong §ång T­íc Xu©n Th©m
15:06:49	 Account: giongtre01	Name: L©mÙKa	 DelItem: Kim Phong C«ng CÈn Tam Th¸n
15:06:49	 Account: giongtre01	Name: L©mÙKa	 DelItem: Kim Phong Lan §×nh Ngäc
15:06:49	 Account: giongtre01	Name: L©mÙKa	 DelItem: Kim Phong Thanh D­¬ng Kh«i
15:06:49	 Account: giongtre01	Name: L©mÙKa	 DelItem: Tiªn Th¶o Lé 
15:06:49	 Account: giongtre01	Name: L©mÙKa	 DelItem: Tiªn Th¶o Lé 
15:06:49	 Account: giongtre01	Name: L©mÙKa	 DelItem: Tiªn Th¶o Lé 
15:06:49	 Account: giongtre01	Name: L©mÙKa	 DelItem: Tiªn Th¶o Lé 
15:06:49	 Account: giongtre01	Name: L©mÙKa	 DelItem: Tiªn Th¶o Lé 
15:06:49	 Account: giongtre01	Name: L©mÙKa	 DelItem: Tiªn Th¶o Lé 
15:06:49	 Account: giongtre01	Name: L©mÙKa	 DelItem: Tiªn Th¶o Lé 
15:06:49	 Account: giongtre01	Name: L©mÙKa	 DelItem: Tiªn Th¶o Lé 
15:07:48	 Account: giongtre01	Name: L©mÙKa	 DelItem: Kim Phong §o¹t Hån Ngäc ®¸i
15:07:48	 Account: giongtre01	Name: L©mÙKa	 DelItem: Kim Phong HËu NghÖ dÉn cung
15:07:48	 Account: giongtre01	Name: L©mÙKa	 DelItem: Kim Phong Kú L©n HuyÕt
15:07:48	 Account: giongtre01	Name: L©mÙKa	 DelItem: Kim Phong Tr¹c Liªn Quang
15:07:48	 Account: giongtre01	Name: L©mÙKa	 DelItem: Kim Phong Thiªn Lý Th¶o Th­îng Phi
15:14:35	 Account: khangbiker2018	Name: CuÙChÜÙNg­îc	 DelItem: Kim Phong §ång T­íc Xu©n Th©m
15:14:35	 Account: khangbiker2018	Name: CuÙChÜÙNg­îc	 DelItem: Kim Phong §o¹t Hån Ngäc ®¸i
15:14:35	 Account: khangbiker2018	Name: CuÙChÜÙNg­îc	 DelItem: Kim Phong HËu NghÖ dÉn cung
15:14:35	 Account: khangbiker2018	Name: CuÙChÜÙNg­îc	 DelItem: Kim Phong C«ng CÈn Tam Th¸n
15:14:35	 Account: khangbiker2018	Name: CuÙChÜÙNg­îc	 DelItem: Kim Phong Lan §×nh Ngäc
15:14:35	 Account: khangbiker2018	Name: CuÙChÜÙNg­îc	 DelItem: Kim Phong Thanh D­¬ng Kh«i
15:14:35	 Account: khangbiker2018	Name: CuÙChÜÙNg­îc	 DelItem: Kim Phong Kú L©n HuyÕt
15:14:35	 Account: khangbiker2018	Name: CuÙChÜÙNg­îc	 DelItem: Kim Phong Tr¹c Liªn Quang
15:14:35	 Account: khangbiker2018	Name: CuÙChÜÙNg­îc	 DelItem: Kim Phong Thiªn Lý Th¶o Th­îng Phi
15:14:50	 Account: giongtre01	Name: L©mÙKa	 DelItem: Tóc S­¬ng
15:15:30	 Account: giongtre01	Name: L©mÙKa	 DelItem: Méng Long §¹t Ma T¨ng hµi
15:33:36	 Account: giongtre02	Name: ThamÙQuan	 DelItem: Tiªn Th¶o Lé 
15:33:36	 Account: giongtre02	Name: ThamÙQuan	 DelItem: Tiªn Th¶o Lé 
15:33:36	 Account: giongtre02	Name: ThamÙQuan	 DelItem: Tiªn Th¶o Lé 
15:33:36	 Account: giongtre02	Name: ThamÙQuan	 DelItem: Tiªn Th¶o Lé 
15:33:36	 Account: giongtre02	Name: ThamÙQuan	 DelItem: Tiªn Th¶o Lé 
15:33:36	 Account: giongtre02	Name: ThamÙQuan	 DelItem: Tiªn Th¶o Lé 
15:33:36	 Account: giongtre02	Name: ThamÙQuan	 DelItem: Tiªn Th¶o Lé 
15:33:36	 Account: giongtre02	Name: ThamÙQuan	 DelItem: Tiªn Th¶o Lé 
15:33:36	 Account: giongtre02	Name: ThamÙQuan	 DelItem: Tiªn Th¶o Lé 
15:33:36	 Account: giongtre02	Name: ThamÙQuan	 DelItem: Tiªn Th¶o Lé 
15:33:36	 Account: giongtre02	Name: ThamÙQuan	 DelItem: Tiªn Th¶o Lé 
15:33:36	 Account: giongtre02	Name: ThamÙQuan	 DelItem: Tiªn Th¶o Lé 
15:33:36	 Account: giongtre02	Name: ThamÙQuan	 DelItem: Tiªn Th¶o Lé 
15:33:36	 Account: giongtre02	Name: ThamÙQuan	 DelItem: Tiªn Th¶o Lé 
15:33:36	 Account: giongtre02	Name: ThamÙQuan	 DelItem: Tiªn Th¶o Lé 
15:33:36	 Account: giongtre02	Name: ThamÙQuan	 DelItem: Tiªn Th¶o Lé 
15:33:36	 Account: giongtre02	Name: ThamÙQuan	 DelItem: Tiªn Th¶o Lé 
15:34:12	 Account: giongtre02	Name: ThamÙQuan	 DelItem: Tóc S­¬ng
15:34:12	 Account: giongtre02	Name: ThamÙQuan	 DelItem: Kim Phong Thiªn Lý Th¶o Th­îng Phi
15:34:12	 Account: giongtre02	Name: ThamÙQuan	 DelItem: Kim Phong Thanh D­¬ng Kh«i
15:34:12	 Account: giongtre02	Name: ThamÙQuan	 DelItem: Kim Phong §o¹t Hån Ngäc ®¸i
15:34:12	 Account: giongtre02	Name: ThamÙQuan	 DelItem: Kim Phong Tr¹c Liªn Quang
15:34:23	 Account: giongtre02	Name: ThamÙQuan	 DelItem: Kim Phong Kú L©n HuyÕt
15:34:23	 Account: giongtre02	Name: ThamÙQuan	 DelItem: Kim Phong Lan §×nh Ngäc
15:34:23	 Account: giongtre02	Name: ThamÙQuan	 DelItem: Kim Phong C«ng CÈn Tam Th¸n
15:34:23	 Account: giongtre02	Name: ThamÙQuan	 DelItem: Kim Phong HËu NghÖ dÉn cung
15:34:23	 Account: giongtre02	Name: ThamÙQuan	 DelItem: Kim Phong §ång T­íc Xu©n Th©m
16:04:30	 Account: keoxe02	Name: ÙÙÙCh¬iÙÙÙ	 DelItem: Kim Phong Thiªn Lý Th¶o Th­îng Phi
16:04:30	 Account: keoxe02	Name: ÙÙÙCh¬iÙÙÙ	 DelItem: Kim Phong Kú L©n HuyÕt
16:04:30	 Account: keoxe02	Name: ÙÙÙCh¬iÙÙÙ	 DelItem: Kim Phong Thanh D­¬ng Kh«i
16:04:30	 Account: keoxe02	Name: ÙÙÙCh¬iÙÙÙ	 DelItem: Kim Phong HËu NghÖ dÉn cung
16:04:30	 Account: keoxe02	Name: ÙÙÙCh¬iÙÙÙ	 DelItem: Kim Phong §o¹t Hån Ngäc ®¸i
16:06:34	 Account: keoxe02	Name: ÙÙÙCh¬iÙÙÙ	 DelItem: Chó Ph­îc U ¶o ChØ Hoµn
16:06:34	 Account: keoxe02	Name: ÙÙÙCh¬iÙÙÙ	 DelItem: Kim Phong Tr¹c Liªn Quang
16:06:34	 Account: keoxe02	Name: ÙÙÙCh¬iÙÙÙ	 DelItem: Kim Phong Lan §×nh Ngäc
16:06:34	 Account: keoxe02	Name: ÙÙÙCh¬iÙÙÙ	 DelItem: Kim Phong §ång T­íc Xu©n Th©m
16:12:53	 Account: longyen010	Name: MrÙLong	 DelItem: Kim Phong Thiªn Lý Th¶o Th­îng Phi
16:13:03	 Account: longyen010	Name: MrÙLong	 DelItem: Kim Phong HËu NghÖ dÉn cung
16:13:11	 Account: longyen010	Name: MrÙLong	 DelItem: Kim Phong §o¹t Hån Ngäc ®¸i
16:13:20	 Account: longyen010	Name: MrÙLong	 DelItem: Kim Phong Tr¹c Liªn Quang
16:13:28	 Account: longyen010	Name: MrÙLong	 DelItem: Kim Phong §ång T­íc Xu©n Th©m
16:16:00	 Account: building1987	Name: TiÒnÙV«ÙNghÜa	 DelItem: Phï Dung Nguyªn Th¹ch 
16:16:00	 Account: building1987	Name: TiÒnÙV«ÙNghÜa	 DelItem: B¨ng Phßng hoµn
16:16:00	 Account: building1987	Name: TiÒnÙV«ÙNghÜa	 DelItem: TÝn Sø Kim yªu bµi
16:16:00	 Account: building1987	Name: TiÒnÙV«ÙNghÜa	 DelItem: Tèng Kim Phi Tèc hoµn
16:16:00	 Account: building1987	Name: TiÒnÙV«ÙNghÜa	 DelItem: Tiªn Th¶o Lé 
16:16:00	 Account: building1987	Name: TiÒnÙV«ÙNghÜa	 DelItem: LÖnh Bµi Thñy TÆc
16:16:00	 Account: building1987	Name: TiÒnÙV«ÙNghÜa	 DelItem: Tinh Hång B¶o Th¹ch
16:19:26	 Account: longyen014	Name: ÙTiÓuÙYÕn	 DelItem: Kim Phong Thanh D­¬ng Kh«i
16:19:36	 Account: longyen014	Name: ÙTiÓuÙYÕn	 DelItem: Kim Phong Kú L©n HuyÕt
16:19:38	 Account: building1987	Name: TiÒnÙV«ÙNghÜa	 DelItem: ThÊt B¶o Cµ Sa
16:19:44	 Account: longyen014	Name: ÙTiÓuÙYÕn	 DelItem: Kim Phong Thiªn Lý Th¶o Th­îng Phi
16:19:51	 Account: longyen014	Name: ÙTiÓuÙYÕn	 DelItem: Kim Phong §o¹t Hån Ngäc ®¸i
16:19:59	 Account: longyen014	Name: ÙTiÓuÙYÕn	 DelItem: Kim Phong Lan §×nh Ngäc
16:20:07	 Account: longyen014	Name: ÙTiÓuÙYÕn	 DelItem: Kim Phong §ång T­íc Xu©n Th©m
16:20:16	 Account: longyen014	Name: ÙTiÓuÙYÕn	 DelItem: Lam B¶o Th¹ch Giíi ChØ
16:20:49	 Account: longyen011	Name: MrÙÙLong	 DelItem: Kim Phong Lan §×nh Ngäc
16:36:54	 Account: longyen012	Name: TiÓuÙLong	 DelItem: Kim Phong Kú L©n HuyÕt
16:37:01	 Account: longyen012	Name: TiÓuÙLong	 DelItem: Kim Phong §o¹t Hån Ngäc ®¸i
16:37:09	 Account: longyen012	Name: TiÓuÙLong	 DelItem: Kim Phong Thiªn Lý Th¶o Th­îng Phi
16:37:15	 Account: longyen012	Name: TiÓuÙLong	 DelItem: Kim Phong HËu NghÖ dÉn cung
16:37:22	 Account: longyen012	Name: TiÓuÙLong	 DelItem: Kim Phong §ång T­íc Xu©n Th©m
16:37:56	 Account: longyen012	Name: TiÓuÙLong	 DelItem: Tóc S­¬ng
16:39:37	 Account: keoxe04	Name: CBCaiBang	 DelItem: Kim Phong §ång T­íc Xu©n Th©m
16:39:37	 Account: keoxe04	Name: CBCaiBang	 DelItem: Kim Phong §o¹t Hån Ngäc ®¸i
16:39:37	 Account: keoxe04	Name: CBCaiBang	 DelItem: Kim Phong HËu NghÖ dÉn cung
16:39:37	 Account: keoxe04	Name: CBCaiBang	 DelItem: Kim Phong C«ng CÈn Tam Th¸n
16:39:37	 Account: keoxe04	Name: CBCaiBang	 DelItem: Kim Phong Lan §×nh Ngäc
16:39:37	 Account: keoxe04	Name: CBCaiBang	 DelItem: Kim Phong Thanh D­¬ng Kh«i
16:39:37	 Account: keoxe04	Name: CBCaiBang	 DelItem: Kim Phong Kú L©n HuyÕt
16:40:04	 Account: longyen012	Name: TiÓuÙLong	 DelItem: Chó Ph­îc B¨ng Háa Thùc Cèt Ngoa
16:40:15	 Account: longyen012	Name: TiÓuÙLong	 DelItem: Kim Phong Lan §×nh Ngäc
16:40:23	 Account: longyen012	Name: TiÓuÙLong	 DelItem: Kim Phong Thanh D­¬ng Kh«i
16:40:31	 Account: longyen012	Name: TiÓuÙLong	 DelItem: Kim Phong C«ng CÈn Tam Th¸n
16:40:37	 Account: longyen012	Name: TiÓuÙLong	 DelItem: Kim Phong Tr¹c Liªn Quang
16:41:12	 Account: thoakhungz7	Name: ThöÙ§ôngÙTaoÙXem	 DelItem: Tiªn Th¶o Lé 
16:41:43	 Account: keoxe04	Name: CBCaiBang	 DelItem: Kim Phong Tr¹c Liªn Quang
16:41:43	 Account: keoxe04	Name: CBCaiBang	 DelItem: Kim Phong Thiªn Lý Th¶o Th­îng Phi
16:43:19	 Account: thoakhungz7	Name: ThöÙ§ôngÙTaoÙXem	 DelItem: Kim Phong Lan §×nh Ngäc
16:43:19	 Account: thoakhungz7	Name: ThöÙ§ôngÙTaoÙXem	 DelItem: Kim Phong §o¹t Hån Ngäc ®¸i
16:44:56	 Account: thoakhungz7	Name: ThöÙ§ôngÙTaoÙXem	 DelItem: Kim Phong Kú L©n HuyÕt
16:44:56	 Account: thoakhungz7	Name: ThöÙ§ôngÙTaoÙXem	 DelItem: Kim Phong HËu NghÖ dÉn cung
16:46:00	 Account: thoakhungz7	Name: ThöÙ§ôngÙTaoÙXem	 DelItem: Kim Phong Thiªn Lý Th¶o Th­îng Phi
16:46:00	 Account: thoakhungz7	Name: ThöÙ§ôngÙTaoÙXem	 DelItem: Kim Phong Thanh D­¬ng Kh«i
16:46:00	 Account: thoakhungz7	Name: ThöÙ§ôngÙTaoÙXem	 DelItem: Kim Phong C«ng CÈn Tam Th¸n
16:46:00	 Account: thoakhungz7	Name: ThöÙ§ôngÙTaoÙXem	 DelItem: Kim Phong §ång T­íc Xu©n Th©m
16:46:00	 Account: thoakhungz7	Name: ThöÙ§ôngÙTaoÙXem	 DelItem: Kim Phong Tr¹c Liªn Quang
16:47:15	 Account: longyen013	Name: ÙTiÓuÙB¶o	 DelItem: Kim Phong Thiªn Lý Th¶o Th­îng Phi
16:47:22	 Account: longyen013	Name: ÙTiÓuÙB¶o	 DelItem: Kim Phong Kú L©n HuyÕt
16:47:31	 Account: longyen013	Name: ÙTiÓuÙB¶o	 DelItem: Kim Phong HËu NghÖ dÉn cung
16:47:38	 Account: longyen013	Name: ÙTiÓuÙB¶o	 DelItem: Kim Phong §o¹t Hån Ngäc ®¸i
16:47:45	 Account: longyen013	Name: ÙTiÓuÙB¶o	 DelItem: Kim Phong §ång T­íc Xu©n Th©m
16:48:32	 Account: longyen013	Name: ÙTiÓuÙB¶o	 DelItem: Kim Phong Thanh D­¬ng Kh«i
16:48:42	 Account: longyen013	Name: ÙTiÓuÙB¶o	 DelItem: Kim Phong Lan §×nh Ngäc
16:49:50	 Account: longyen013	Name: ÙTiÓuÙB¶o	 DelItem: Kim Phong C«ng CÈn Tam Th¸n
16:54:03	 Account: thoakhungz7	Name: ThöÙ§ôngÙTaoÙXem	 DelItem: Tóc S­¬ng
17:10:51	 Account: khang1	Name: CuÙChØÙNg­îc	 DelItem: Kim Phong §ång T­íc Xu©n Th©m
17:10:51	 Account: khang1	Name: CuÙChØÙNg­îc	 DelItem: Kim Phong §o¹t Hån Ngäc ®¸i
17:10:51	 Account: khang1	Name: CuÙChØÙNg­îc	 DelItem: Kim Phong HËu NghÖ dÉn cung
17:10:51	 Account: khang1	Name: CuÙChØÙNg­îc	 DelItem: Kim Phong C«ng CÈn Tam Th¸n
17:10:51	 Account: khang1	Name: CuÙChØÙNg­îc	 DelItem: Kim Phong Lan §×nh Ngäc
17:10:51	 Account: khang1	Name: CuÙChØÙNg­îc	 DelItem: Kim Phong Thanh D­¬ng Kh«i
17:10:51	 Account: khang1	Name: CuÙChØÙNg­îc	 DelItem: Kim Phong Kú L©n HuyÕt
17:10:51	 Account: khang1	Name: CuÙChØÙNg­îc	 DelItem: Kim Phong Tr¹c Liªn Quang
17:10:51	 Account: khang1	Name: CuÙChØÙNg­îc	 DelItem: Kim Phong Thiªn Lý Th¶o Th­îng Phi
17:49:42	 Account: huy1712	Name: ¡nÙMµyÙV­¬ngÙGia	 DelItem: Kim Phong §ång T­íc Xu©n Th©m
17:49:42	 Account: huy1712	Name: ¡nÙMµyÙV­¬ngÙGia	 DelItem: Kim Phong §o¹t Hån Ngäc ®¸i
17:49:42	 Account: huy1712	Name: ¡nÙMµyÙV­¬ngÙGia	 DelItem: Kim Phong Lan §×nh Ngäc
17:53:58	 Account: huy1712	Name: ¡nÙMµyÙV­¬ngÙGia	 DelItem: Tiªn Th¶o Lé 
18:22:09	 Account: qwqwqw1	Name: TinhNhatPhai	 DelItem: Kim Phong C«ng CÈn Tam Th¸n
18:27:17	 Account: sangtpbrvt1	Name: SangTp1	 DelItem: Kim Phong Thiªn Lý Th¶o Th­îng Phi
18:27:17	 Account: sangtpbrvt1	Name: SangTp1	 DelItem: Kim Phong Tr¹c Liªn Quang
18:27:17	 Account: sangtpbrvt1	Name: SangTp1	 DelItem: Kim Phong Kú L©n HuyÕt
18:27:17	 Account: sangtpbrvt1	Name: SangTp1	 DelItem: Kim Phong Thanh D­¬ng Kh«i
18:27:17	 Account: sangtpbrvt1	Name: SangTp1	 DelItem: Kim Phong Lan §×nh Ngäc
18:27:17	 Account: sangtpbrvt1	Name: SangTp1	 DelItem: Kim Phong HËu NghÖ dÉn cung
18:27:29	 Account: sangtpbrvt1	Name: SangTp1	 DelItem: Kim Phong C«ng CÈn Tam Th¸n
18:27:29	 Account: sangtpbrvt1	Name: SangTp1	 DelItem: Kim Phong §o¹t Hån Ngäc ®¸i
18:27:29	 Account: sangtpbrvt1	Name: SangTp1	 DelItem: Kim Phong §ång T­íc Xu©n Th©m
18:34:16	 Account: huy1712	Name: ¡nÙMµyÙV­¬ngÙGia	 DelItem: Kim Phong Kú L©n HuyÕt
18:34:16	 Account: huy1712	Name: ¡nÙMµyÙV­¬ngÙGia	 DelItem: Kim Phong Thanh D­¬ng Kh«i
18:34:16	 Account: huy1712	Name: ¡nÙMµyÙV­¬ngÙGia	 DelItem: Kim Phong HËu NghÖ dÉn cung
19:18:47	 Account: ngocminhthu2	Name: GinÙMéc	 DelItem: Tóc S­¬ng
19:19:33	 Account: ngocminhthu2	Name: GinÙMéc	 DelItem: Kim Phong Thiªn Lý Th¶o Th­îng Phi
19:19:33	 Account: ngocminhthu2	Name: GinÙMéc	 DelItem: Kim Phong Kú L©n HuyÕt
19:19:33	 Account: ngocminhthu2	Name: GinÙMéc	 DelItem: Kim Phong Thanh D­¬ng Kh«i
19:19:33	 Account: ngocminhthu2	Name: GinÙMéc	 DelItem: Kim Phong HËu NghÖ dÉn cung
19:19:33	 Account: ngocminhthu2	Name: GinÙMéc	 DelItem: Kim Phong §o¹t Hån Ngäc ®¸i
19:21:17	 Account: ngocminhthu2	Name: GinÙMéc	 DelItem: Kim Phong Lan §×nh Ngäc
19:21:17	 Account: ngocminhthu2	Name: GinÙMéc	 DelItem: Kim Phong C«ng CÈn Tam Th¸n
19:21:17	 Account: ngocminhthu2	Name: GinÙMéc	 DelItem: Kim Phong §ång T­íc Xu©n Th©m
19:29:47	 Account: ngocminhthu2	Name: GinÙMéc	 DelItem: Kim Phong Tr¹c Liªn Quang
19:32:34	 Account: keoxe04	Name: CBCaiBang	 DelItem: Th«n NhËt Tr·m
19:32:34	 Account: keoxe04	Name: CBCaiBang	 DelItem: Th«n NhËt Tr·m
19:32:34	 Account: keoxe04	Name: CBCaiBang	 DelItem: Th«n NhËt Tr·m
19:38:33	 Account: thaocanh113	Name: ThiªnÙNh·	 DelItem: Kim Phong Kú L©n HuyÕt
19:48:17	 Account: nam92hd	Name: LµmTýLöaKh«ngEm	 DelItem: Ma Hoµng §¨ng §¹p Ngoa
19:48:22	 Account: nam92hd	Name: LµmTýLöaKh«ngEm	 DelItem: Kim Phong HËu NghÖ dÉn cung
19:48:27	 Account: nam92hd	Name: LµmTýLöaKh«ngEm	 DelItem: Kim Phong §o¹t Hån Ngäc ®¸i
19:48:32	 Account: nam92hd	Name: LµmTýLöaKh«ngEm	 DelItem: B¹ch PhØ Thóy Hé Th©n phï 
19:48:37	 Account: nam92hd	Name: LµmTýLöaKh«ngEm	 DelItem: TrÝch Tinh hoµn
19:48:43	 Account: nam92hd	Name: LµmTýLöaKh«ngEm	 DelItem: Kim Phong §ång T­íc Xu©n Th©m
19:50:44	 Account: sangtpbrvt	Name: SangTp	 DelItem: Tóc S­¬ng
19:52:10	 Account: nam92hd	Name: LµmTýLöaKh«ngEm	 DelItem: Kim Phong Thiªn Lý Th¶o Th­îng Phi
19:53:45	 Account: nam92hd	Name: LµmTýLöaKh«ngEm	 DelItem: Ma Hoµng Kim Gi¸p Kh«i
19:53:51	 Account: nam92hd	Name: LµmTýLöaKh«ngEm	 DelItem: Kim Phong C«ng CÈn Tam Th¸n
19:53:57	 Account: nam92hd	Name: LµmTýLöaKh«ngEm	 DelItem: Kim Phong Lan §×nh Ngäc
19:55:12	 Account: nam92hd	Name: LµmTýLöaKh«ngEm	 DelItem: Tiªn Th¶o Lé 
19:56:32	 Account: sangtpbrvt2	Name: SangTp2	 DelItem: Kim Phong Kú L©n HuyÕt
19:56:32	 Account: sangtpbrvt2	Name: SangTp2	 DelItem: Kim Phong Lan §×nh Ngäc
19:56:32	 Account: sangtpbrvt2	Name: SangTp2	 DelItem: Kim Phong HËu NghÖ dÉn cung
19:56:32	 Account: sangtpbrvt2	Name: SangTp2	 DelItem: Kim Phong §o¹t Hån Ngäc ®¸i
19:56:32	 Account: sangtpbrvt2	Name: SangTp2	 DelItem: Kim Phong §ång T­íc Xu©n Th©m
20:01:25	 Account: building1987	Name: TiÒnÙV«ÙNghÜa	 DelItem: Tinh Hång B¶o Th¹ch
20:01:25	 Account: building1987	Name: TiÒnÙV«ÙNghÜa	 DelItem: Tinh Hång B¶o Th¹ch
20:01:25	 Account: building1987	Name: TiÒnÙV«ÙNghÜa	 DelItem: Tinh Hång B¶o Th¹ch
20:01:25	 Account: building1987	Name: TiÒnÙV«ÙNghÜa	 DelItem: Tinh Hång B¶o Th¹ch
20:01:25	 Account: building1987	Name: TiÒnÙV«ÙNghÜa	 DelItem: Tinh Hång B¶o Th¹ch
20:01:25	 Account: building1987	Name: TiÒnÙV«ÙNghÜa	 DelItem: Qu¶ Huy Hoµng (trung)
20:08:28	 Account: building1987	Name: TiÒnÙV«ÙNghÜa	 DelItem: Tiªn Th¶o Lé ®Æc biÖt
20:08:28	 Account: building1987	Name: TiÒnÙV«ÙNghÜa	 DelItem: Tinh Hång B¶o Th¹ch
20:08:28	 Account: building1987	Name: TiÒnÙV«ÙNghÜa	 DelItem: LÖnh bµi Vi S¬n ®¶o
20:08:28	 Account: building1987	Name: TiÒnÙV«ÙNghÜa	 DelItem: Tiªn Th¶o Lé 
20:11:36	 Account: huy1712	Name: ¡nÙMµyÙV­¬ngÙGia	 DelItem: Kim Phong Thiªn Lý Th¶o Th­îng Phi
20:12:58	 Account: huy1712	Name: ¡nÙMµyÙV­¬ngÙGia	 DelItem: Kim Phong C«ng CÈn Tam Th¸n
20:13:32	 Account: huy1712	Name: ¡nÙMµyÙV­¬ngÙGia	 DelItem: Kim Phong Tr¹c Liªn Quang
20:17:05	 Account: thaocanh113	Name: ThiªnÙNh·	 DelItem: Kim Phong §o¹t Hån Ngäc ®¸i
20:23:17	 Account: building1987	Name: TiÒnÙV«ÙNghÜa	 DelItem: Lôc Thñy Tinh
20:23:17	 Account: building1987	Name: TiÒnÙV«ÙNghÜa	 DelItem: Lôc Thñy Tinh
20:23:17	 Account: building1987	Name: TiÒnÙV«ÙNghÜa	 DelItem: Lôc Thñy Tinh
20:23:17	 Account: building1987	Name: TiÒnÙV«ÙNghÜa	 DelItem: Lôc Thñy Tinh
20:23:17	 Account: building1987	Name: TiÒnÙV«ÙNghÜa	 DelItem: Lôc Thñy Tinh
20:27:19	 Account: thoakhungz3	Name: CånÙDaÙL¹p	 DelItem: Kim Phong C«ng CÈn Tam Th¸n
20:29:42	 Account: thoakhungz3	Name: CånÙDaÙL¹p	 DelItem: Kim Phong Lan §×nh Ngäc
20:59:52	 Account: minhngo89	Name: MaiMai	 DelItem: Tóc S­¬ng
21:14:45	 Account: phamtungdhv4	Name: ZzTungpszZ	 DelItem: Kim Phong Lan §×nh Ngäc
21:24:11	 Account: khangbiker2018	Name: BéTr­ëngBéC«ngAn	 DelItem: Kim Phong §ång T­íc Xu©n Th©m
21:24:11	 Account: khangbiker2018	Name: BéTr­ëngBéC«ngAn	 DelItem: Kim Phong §o¹t Hån Ngäc ®¸i
21:24:11	 Account: khangbiker2018	Name: BéTr­ëngBéC«ngAn	 DelItem: Kim Phong HËu NghÖ dÉn cung
21:24:11	 Account: khangbiker2018	Name: BéTr­ëngBéC«ngAn	 DelItem: Kim Phong C«ng CÈn Tam Th¸n
21:24:11	 Account: khangbiker2018	Name: BéTr­ëngBéC«ngAn	 DelItem: Kim Phong Lan §×nh Ngäc
21:24:11	 Account: khangbiker2018	Name: BéTr­ëngBéC«ngAn	 DelItem: Kim Phong Thanh D­¬ng Kh«i
21:24:11	 Account: khangbiker2018	Name: BéTr­ëngBéC«ngAn	 DelItem: Kim Phong Kú L©n HuyÕt
21:24:11	 Account: khangbiker2018	Name: BéTr­ëngBéC«ngAn	 DelItem: Kim Phong Tr¹c Liªn Quang
21:24:11	 Account: khangbiker2018	Name: BéTr­ëngBéC«ngAn	 DelItem: Kim Phong Thiªn Lý Th¶o Th­îng Phi
21:27:10	 Account: thaocanh113	Name: ThiªnÙNh·	 DelItem: Kim Phong HËu NghÖ dÉn cung
21:33:09	 Account: nam92hd	Name: LµmTýLöaKh«ngEm	 DelItem: BÝ quyÕt kü n¨ng cÊp 120
21:33:14	 Account: nam92hd	Name: LµmTýLöaKh«ngEm	 DelItem: Tiªn Th¶o Lé 
21:51:07	 Account: phamtungdhv4	Name: ZzTungpszZ	 DelItem: Kim Phong §o¹t Hån Ngäc ®¸i
21:51:07	 Account: phamtungdhv4	Name: ZzTungpszZ	 DelItem: Kim Phong Thanh D­¬ng Kh«i
21:54:02	 Account: phamtungdhv4	Name: ZzTungpszZ	 DelItem: Kim Phong HËu NghÖ dÉn cung
22:02:12	 Account: phamtungdhv4	Name: ZzTungpszZ	 DelItem: Kim Phong Thiªn Lý Th¶o Th­îng Phi
22:02:12	 Account: phamtungdhv4	Name: ZzTungpszZ	 DelItem: Kim Phong Kú L©n HuyÕt
22:02:12	 Account: phamtungdhv4	Name: ZzTungpszZ	 DelItem: Kim Phong C«ng CÈn Tam Th¸n
22:16:35	 Account: thaocanh113	Name: ThiªnÙNh·	 DelItem: Kim Phong Thiªn Lý Th¶o Th­îng Phi
22:26:56	 Account: minhvu25091990	Name: Kamikaze	 DelItem: Kim Phong §ång T­íc Xu©n Th©m
22:26:56	 Account: minhvu25091990	Name: Kamikaze	 DelItem: Kim Phong §o¹t Hån Ngäc ®¸i
22:26:56	 Account: minhvu25091990	Name: Kamikaze	 DelItem: Kim Phong HËu NghÖ dÉn cung
22:26:56	 Account: minhvu25091990	Name: Kamikaze	 DelItem: Kim Phong Thiªn Lý Th¶o Th­îng Phi
22:26:56	 Account: minhvu25091990	Name: Kamikaze	 DelItem: Kim Phong Kú L©n HuyÕt
22:26:56	 Account: minhvu25091990	Name: Kamikaze	 DelItem: Kim Phong Thanh D­¬ng Kh«i
22:26:56	 Account: minhvu25091990	Name: Kamikaze	 DelItem: Kim Phong C«ng CÈn Tam Th¸n
22:26:56	 Account: minhvu25091990	Name: Kamikaze	 DelItem: Lôc PhØ Thóy Hé Th©n phï 
22:32:39	 Account: minhvu25091990	Name: Kamikaze	 DelItem: B¨ng Hµn NguyÖt ¶nh Ngoa
22:32:39	 Account: minhvu25091990	Name: Kamikaze	 DelItem: B¨ng Hµn HuyÒn Thiªn B¨ng Háa Béi
22:32:39	 Account: minhvu25091990	Name: Kamikaze	 DelItem: B¨ng Hµn T©m TiÔn Yªu KhÊu
22:32:39	 Account: minhvu25091990	Name: Kamikaze	 DelItem: B¨ng Hµn §¬n ChØ Phi §ao
22:32:39	 Account: minhvu25091990	Name: Kamikaze	 DelItem: B¨ng Hµn T©m TiÔn Yªu KhÊu
22:32:39	 Account: minhvu25091990	Name: Kamikaze	 DelItem: B¨ng Hµn NguyÖt ¶nh Ngoa
22:40:04	 Account: minhvu25091990	Name: Kamikaze	 DelItem: BÝ quyÕt kü n¨ng cÊp 120
22:40:04	 Account: minhvu25091990	Name: Kamikaze	 DelItem: Tiªn Th¶o Lé 
22:44:58	 Account: sarin1990	Name: DocXinh	 DelItem: Kim Phong §ång T­íc Xu©n Th©m
22:44:58	 Account: sarin1990	Name: DocXinh	 DelItem: Kim Phong HËu NghÖ dÉn cung
22:44:58	 Account: sarin1990	Name: DocXinh	 DelItem: Kim Phong Lan §×nh Ngäc
22:44:58	 Account: sarin1990	Name: DocXinh	 DelItem: Kim Phong Thanh D­¬ng Kh«i
22:44:58	 Account: sarin1990	Name: DocXinh	 DelItem: Kim Phong Tr¹c Liªn Quang
22:44:58	 Account: sarin1990	Name: DocXinh	 DelItem: Kim Phong Thiªn Lý Th¶o Th­îng Phi
22:45:21	 Account: sarin1990	Name: DocXinh	 DelItem: Kim Phong §o¹t Hån Ngäc ®¸i
22:45:21	 Account: sarin1990	Name: DocXinh	 DelItem: Kim Phong C«ng CÈn Tam Th¸n
22:45:21	 Account: sarin1990	Name: DocXinh	 DelItem: Kim Phong Kú L©n HuyÕt
22:46:03	 Account: sarin1990	Name: DocXinh	 DelItem: U Lung MÆc Thï NhuyÔn Lý 
22:46:03	 Account: sarin1990	Name: DocXinh	 DelItem: U Lung Ng©n ThÒm Hé UyÓn
22:46:03	 Account: sarin1990	Name: DocXinh	 DelItem: U Lung Kim Xµ Ph¸t ®¸i
22:46:03	 Account: sarin1990	Name: DocXinh	 DelItem: Tóc S­¬ng
22:46:41	 Account: sarin1990	Name: DocXinh	 DelItem: [H¹n chÕ thêi gian] Minh Hoan Song Hoµn Xµ KhÊu
22:46:41	 Account: sarin1990	Name: DocXinh	 DelItem: Minh ¶o Song Hoµn Xµ Hµi
22:46:41	 Account: sarin1990	Name: DocXinh	 DelItem: Minh ¶o Hñ Cèt Hé uyÓn
22:46:41	 Account: sarin1990	Name: DocXinh	 DelItem: Minh ¶o U §éc ¸m Y
22:47:26	 Account: levannguyen194	Name: TienNuGianTran	 DelItem: §¹i Phong §ao
22:47:26	 Account: levannguyen194	Name: TienNuGianTran	 DelItem: §¹i Phong §ao
22:47:26	 Account: levannguyen194	Name: TienNuGianTran	 DelItem: Kim Phong §ång T­íc Xu©n Th©m
22:47:26	 Account: levannguyen194	Name: TienNuGianTran	 DelItem: Kim Phong §o¹t Hån Ngäc ®¸i
22:47:26	 Account: levannguyen194	Name: TienNuGianTran	 DelItem: Kim Phong HËu NghÖ dÉn cung
22:47:26	 Account: levannguyen194	Name: TienNuGianTran	 DelItem: Kim Phong Lan §×nh Ngäc
22:47:26	 Account: levannguyen194	Name: TienNuGianTran	 DelItem: Kim Phong Kú L©n HuyÕt
22:49:53	 Account: levannguyen194	Name: TienNuGianTran	 DelItem: [H¹n chÕ thêi gian] Thª Hoµng HuÖ T©m Tr­êng Sinh KhÊu
22:49:53	 Account: levannguyen194	Name: TienNuGianTran	 DelItem: Tª Hoµng Phong TuyÕt B¹ch V©n Thóc §¸i
22:49:53	 Account: levannguyen194	Name: TienNuGianTran	 DelItem: Tª Hoµng TuÖ T©m Khinh Sa Y
22:49:53	 Account: levannguyen194	Name: TienNuGianTran	 DelItem:  §å phæ Hoµng Kim - An Bang Kª HuyÕt Th¹ch Giíi ChØ 
22:49:53	 Account: levannguyen194	Name: TienNuGianTran	 DelItem:  §å phæ Hoµng Kim - An Bang §iÒn Hoµng Th¹ch Ngäc Béi
22:49:53	 Account: levannguyen194	Name: TienNuGianTran	 DelItem: Tª Hoµng B¨ng Tung CÈm uyÓn
22:49:53	 Account: levannguyen194	Name: TienNuGianTran	 DelItem: Tª Hoµng Phông Nghi ®ao
22:49:53	 Account: levannguyen194	Name: TienNuGianTran	 DelItem: Kim Phong C«ng CÈn Tam Th¸n
22:49:53	 Account: levannguyen194	Name: TienNuGianTran	 DelItem: Kim Phong Tr¹c Liªn Quang
23:09:40	 Account: nonhandl	Name: V«ÙNhaiÙTö	 DelItem: Kim Phong Lan §×nh Ngäc
23:09:40	 Account: nonhandl	Name: V«ÙNhaiÙTö	 DelItem: Kim Phong C«ng CÈn Tam Th¸n
23:09:40	 Account: nonhandl	Name: V«ÙNhaiÙTö	 DelItem: Kim Phong HËu NghÖ dÉn cung
23:09:40	 Account: nonhandl	Name: V«ÙNhaiÙTö	 DelItem: Kim Phong §o¹t Hån Ngäc ®¸i
23:09:40	 Account: nonhandl	Name: V«ÙNhaiÙTö	 DelItem: Kim Phong §ång T­íc Xu©n Th©m
23:20:09	 Account: phamtungdhv6	Name: ZzYunazZ	 DelItem: Kim Phong §o¹t Hån Ngäc ®¸i
23:20:09	 Account: phamtungdhv6	Name: ZzYunazZ	 DelItem: Kim Phong C«ng CÈn Tam Th¸n
23:20:09	 Account: phamtungdhv6	Name: ZzYunazZ	 DelItem: Kim Phong Thiªn Lý Th¶o Th­îng Phi
23:20:09	 Account: phamtungdhv6	Name: ZzYunazZ	 DelItem: Kim Phong Kú L©n HuyÕt
23:20:09	 Account: phamtungdhv6	Name: ZzYunazZ	 DelItem: Kim Phong Thanh D­¬ng Kh«i
23:26:20	 Account: nonhannd	Name: MécÙUyÓnÙThanh	 DelItem: TrÇm H­¬ng sam
23:26:20	 Account: nonhannd	Name: MécÙUyÓnÙThanh	 DelItem: Long Tiªu ®¹o y
23:26:20	 Account: nonhannd	Name: MécÙUyÓnÙThanh	 DelItem: Kim Phong Tr¹c Liªn Quang
23:26:20	 Account: nonhannd	Name: MécÙUyÓnÙThanh	 DelItem: Kim Phong Tr¹c Liªn Quang
23:41:52	 Account: nonhannd	Name: MécÙUyÓnÙThanh	 DelItem: Kim Phong C«ng CÈn Tam Th¸n
23:41:52	 Account: nonhannd	Name: MécÙUyÓnÙThanh	 DelItem: Kim Phong Kú L©n HuyÕt
