00:38:21	 Account: building1987bmt	Name: ÙTayÙCh¬iÙBèÙGiµ	 DelItem: M¶nh thiªn th¹ch
00:38:21	 Account: building1987bmt	Name: ÙTayÙCh¬iÙBèÙGiµ	 DelItem: Kim Phong Lan §×nh Ngäc
01:26:29	 Account: nonhantn2	Name: ThiªnÙNhÉnÙ02	 DelItem: Kim Phong §o¹t Hån Ngäc ®¸i
01:26:29	 Account: nonhantn2	Name: ThiªnÙNhÉnÙ02	 DelItem: Kim Phong C«ng CÈn Tam Th¸n
01:26:29	 Account: nonhantn2	Name: ThiªnÙNhÉnÙ02	 DelItem: Kim Phong Thanh D­¬ng Kh«i
01:26:29	 Account: nonhantn2	Name: ThiªnÙNhÉnÙ02	 DelItem: Kim Phong Thiªn Lý Th¶o Th­îng Phi
01:26:29	 Account: nonhantn2	Name: ThiªnÙNhÉnÙ02	 DelItem: Kim Phong Tr¹c Liªn Quang
01:26:29	 Account: nonhantn2	Name: ThiªnÙNhÉnÙ02	 DelItem: Kim Phong Kú L©n HuyÕt
01:26:29	 Account: nonhantn2	Name: ThiªnÙNhÉnÙ02	 DelItem: Kim Phong Lan §×nh Ngäc
01:26:29	 Account: nonhantn2	Name: ThiªnÙNhÉnÙ02	 DelItem: Kim Phong HËu NghÖ dÉn cung
01:26:29	 Account: nonhantn2	Name: ThiªnÙNhÉnÙ02	 DelItem: Kim Phong §ång T­íc Xu©n Th©m
01:51:13	 Account: huy1712	Name: ¡nÙMµyÙV­¬ngÙGia	 DelItem: Kim Phong Thanh D­¬ng Kh«i
01:51:13	 Account: huy1712	Name: ¡nÙMµyÙV­¬ngÙGia	 DelItem: Kim Phong Kú L©n HuyÕt
01:51:13	 Account: huy1712	Name: ¡nÙMµyÙV­¬ngÙGia	 DelItem: Kim Phong HËu NghÖ dÉn cung
02:21:50	 Account: nonhantn2	Name: ThiªnÙNhÉnÙ02	 DelItem: Tóc S­¬ng
06:34:07	 Account: nam92hd3	Name: ThiªnÙ§ÞaÙV«ÙCùc	 DelItem: Tóc S­¬ng
06:34:15	 Account: nam92hd3	Name: ThiªnÙ§ÞaÙV«ÙCùc	 DelItem: S¸ch kü n¨ng cÊp 90
06:34:20	 Account: nam92hd3	Name: ThiªnÙ§ÞaÙV«ÙCùc	 DelItem: §¹i Thµnh BÝ KÝp 90
07:28:36	 Account: nonhantn3	Name: ThiªnÙNhÉnÙ03	 DelItem: Kim Phong §o¹t Hån Ngäc ®¸i
07:28:36	 Account: nonhantn3	Name: ThiªnÙNhÉnÙ03	 DelItem: Kim Phong Kú L©n HuyÕt
07:28:36	 Account: nonhantn3	Name: ThiªnÙNhÉnÙ03	 DelItem: Kim Phong Tr¹c Liªn Quang
07:28:36	 Account: nonhantn3	Name: ThiªnÙNhÉnÙ03	 DelItem: Kim Phong Thiªn Lý Th¶o Th­îng Phi
07:28:36	 Account: nonhantn3	Name: ThiªnÙNhÉnÙ03	 DelItem: Tóc S­¬ng
07:28:36	 Account: nonhantn3	Name: ThiªnÙNhÉnÙ03	 DelItem: Kim Phong Thanh D­¬ng Kh«i
07:28:51	 Account: nonhantn3	Name: ThiªnÙNhÉnÙ03	 DelItem: Kim Phong HËu NghÖ dÉn cung
07:28:51	 Account: nonhantn3	Name: ThiªnÙNhÉnÙ03	 DelItem: Kim Phong C«ng CÈn Tam Th¸n
07:28:51	 Account: nonhantn3	Name: ThiªnÙNhÉnÙ03	 DelItem: Kim Phong Lan §×nh Ngäc
07:28:51	 Account: nonhantn3	Name: ThiªnÙNhÉnÙ03	 DelItem: Kim Phong §ång T­íc Xu©n Th©m
07:59:00	 Account: bando	Name: HDÙMÑThiªnH¹	 DelItem: Kim Phong HËu NghÖ dÉn cung
08:18:19	 Account: kingvl1	Name: HáaLongCaCa	 DelItem: Tóc S­¬ng
08:18:25	 Account: kingvl1	Name: HáaLongCaCa	 DelItem: Kim Phong Kú L©n HuyÕt
08:18:33	 Account: kingvl1	Name: HáaLongCaCa	 DelItem: Kim Phong Thiªn Lý Th¶o Th­îng Phi
08:18:39	 Account: kingvl1	Name: HáaLongCaCa	 DelItem: Kim Phong Thanh D­¬ng Kh«i
08:18:46	 Account: kingvl1	Name: HáaLongCaCa	 DelItem: Kim Phong HËu NghÖ dÉn cung
08:18:53	 Account: kingvl1	Name: HáaLongCaCa	 DelItem: Kim Phong §o¹t Hån Ngäc ®¸i
08:18:59	 Account: kingvl1	Name: HáaLongCaCa	 DelItem: Kim Phong Tr¹c Liªn Quang
08:19:05	 Account: kingvl1	Name: HáaLongCaCa	 DelItem: Kim Phong Tr¹c Liªn Quang
08:19:12	 Account: kingvl1	Name: HáaLongCaCa	 DelItem: Kim Phong Lan §×nh Ngäc
08:19:19	 Account: kingvl1	Name: HáaLongCaCa	 DelItem: Kim Phong §ång T­íc Xu©n Th©m
09:25:32	 Account: xuxuka20	Name: OÙNyÙNogÙNoiÙO	 DelItem: Kim Phong §o¹t Hån Ngäc ®¸i
09:25:32	 Account: xuxuka20	Name: OÙNyÙNogÙNoiÙO	 DelItem: Kim Phong C«ng CÈn Tam Th¸n
09:25:32	 Account: xuxuka20	Name: OÙNyÙNogÙNoiÙO	 DelItem: Kim Phong Thiªn Lý Th¶o Th­îng Phi
09:45:52	 Account: ribi02	Name: RiBi02	 DelItem: Kim Phong Thiªn Lý Th¶o Th­îng Phi
09:45:52	 Account: ribi02	Name: RiBi02	 DelItem: Kim Phong Tr¹c Liªn Quang
09:45:52	 Account: ribi02	Name: RiBi02	 DelItem: Kim Phong Thanh D­¬ng Kh«i
09:45:52	 Account: ribi02	Name: RiBi02	 DelItem: Kim Phong Lan §×nh Ngäc
09:45:52	 Account: ribi02	Name: RiBi02	 DelItem: Kim Phong C«ng CÈn Tam Th¸n
09:45:52	 Account: ribi02	Name: RiBi02	 DelItem: Kim Phong HËu NghÖ dÉn cung
09:45:52	 Account: ribi02	Name: RiBi02	 DelItem: Kim Phong §o¹t Hån Ngäc ®¸i
09:45:52	 Account: ribi02	Name: RiBi02	 DelItem: Kim Phong §ång T­íc Xu©n Th©m
09:45:52	 Account: ribi02	Name: RiBi02	 DelItem: Tóc S­¬ng
09:46:04	 Account: ribi02	Name: RiBi02	 DelItem: Kim Phong Kú L©n HuyÕt
09:54:11	 Account: thoakhungzz5	Name: FangLßiCøt	 DelItem: Tóc S­¬ng
10:08:12	 Account: huynhtrongtri14	Name: §écS¸tNgo¹iC«ng	 DelItem: Khæng T­íc Linh
10:08:53	 Account: minhtrand20	Name: sanboss2	 DelItem: Kim Phong §ång T­íc Xu©n Th©m
10:08:53	 Account: minhtrand20	Name: sanboss2	 DelItem: Kim Phong C«ng CÈn Tam Th¸n
10:08:53	 Account: minhtrand20	Name: sanboss2	 DelItem: Kim Phong Thanh D­¬ng Kh«i
10:08:53	 Account: minhtrand20	Name: sanboss2	 DelItem: Kim Phong Kú L©n HuyÕt
10:08:53	 Account: minhtrand20	Name: sanboss2	 DelItem: Kim Phong Thiªn Lý Th¶o Th­îng Phi
10:09:43	 Account: minhtrand7	Name: 3143242	 DelItem: Tóc S­¬ng
10:27:11	 Account: minhtrand20	Name: sanboss2	 DelItem: Kim Phong Lan §×nh Ngäc
10:30:29	 Account: minhtrand21	Name: sanboss4	 DelItem: Kim Phong §ång T­íc Xu©n Th©m
10:30:29	 Account: minhtrand21	Name: sanboss4	 DelItem: Kim Phong §o¹t Hån Ngäc ®¸i
10:30:29	 Account: minhtrand21	Name: sanboss4	 DelItem: Kim Phong C«ng CÈn Tam Th¸n
10:30:29	 Account: minhtrand21	Name: sanboss4	 DelItem: Kim Phong Lan §×nh Ngäc
10:30:29	 Account: minhtrand21	Name: sanboss4	 DelItem: Kim Phong Thanh D­¬ng Kh«i
10:30:29	 Account: minhtrand21	Name: sanboss4	 DelItem: Kim Phong Kú L©n HuyÕt
10:30:29	 Account: minhtrand21	Name: sanboss4	 DelItem: Kim Phong Tr¹c Liªn Quang
10:30:49	 Account: ngocbich01	Name: sanboss01	 DelItem: Tiªn Th¶o Lé 
10:36:55	 Account: thangvl1	Name: DocDoc1	 DelItem: Tóc S­¬ng
10:44:48	 Account: huynhtrongtri14	Name: §écS¸tNgo¹iC«ng	 DelItem: Kim Phong Lan §×nh Ngäc
10:44:48	 Account: huynhtrongtri14	Name: §écS¸tNgo¹iC«ng	 DelItem: Kim Phong Kú L©n HuyÕt
10:44:48	 Account: huynhtrongtri14	Name: §écS¸tNgo¹iC«ng	 DelItem: Kim Phong Thiªn Lý Th¶o Th­îng Phi
10:44:48	 Account: huynhtrongtri14	Name: §écS¸tNgo¹iC«ng	 DelItem: Tóc S­¬ng
10:44:48	 Account: huynhtrongtri14	Name: §écS¸tNgo¹iC«ng	 DelItem: Kim Phong Tr¹c Liªn Quang
10:44:48	 Account: huynhtrongtri14	Name: §écS¸tNgo¹iC«ng	 DelItem: Kim Phong §o¹t Hån Ngäc ®¸i
10:44:48	 Account: huynhtrongtri14	Name: §écS¸tNgo¹iC«ng	 DelItem: Kim Phong HËu NghÖ dÉn cung
10:45:03	 Account: huynhtrongtri14	Name: §écS¸tNgo¹iC«ng	 DelItem: Kim Phong §ång T­íc Xu©n Th©m
11:07:19	 Account: huynhtrongtri14	Name: §écS¸tNgo¹iC«ng	 DelItem: Kim Phong Tr¹c Liªn Quang
11:15:51	 Account: minhtrand22	Name: sanboss5	 DelItem: Tóc S­¬ng
11:15:51	 Account: minhtrand22	Name: sanboss5	 DelItem: Kim Phong §ång T­íc Xu©n Th©m
11:15:51	 Account: minhtrand22	Name: sanboss5	 DelItem: Kim Phong §o¹t Hån Ngäc ®¸i
11:15:51	 Account: minhtrand22	Name: sanboss5	 DelItem: Kim Phong C«ng CÈn Tam Th¸n
11:15:51	 Account: minhtrand22	Name: sanboss5	 DelItem: Kim Phong Lan §×nh Ngäc
11:15:51	 Account: minhtrand22	Name: sanboss5	 DelItem: Kim Phong Thanh D­¬ng Kh«i
11:15:51	 Account: minhtrand22	Name: sanboss5	 DelItem: Kim Phong Kú L©n HuyÕt
11:15:59	 Account: minhtrand22	Name: sanboss5	 DelItem: Kim Phong Tr¹c Liªn Quang
12:02:12	 Account: sarin2	Name: DocXinh14	 DelItem: Kim Phong §ång T­íc Xu©n Th©m
12:02:12	 Account: sarin2	Name: DocXinh14	 DelItem: Kim Phong §o¹t Hån Ngäc ®¸i
12:02:12	 Account: sarin2	Name: DocXinh14	 DelItem: Kim Phong HËu NghÖ dÉn cung
12:02:12	 Account: sarin2	Name: DocXinh14	 DelItem: Kim Phong C«ng CÈn Tam Th¸n
12:02:12	 Account: sarin2	Name: DocXinh14	 DelItem: Kim Phong Lan §×nh Ngäc
12:02:12	 Account: sarin2	Name: DocXinh14	 DelItem: Kim Phong Thanh D­¬ng Kh«i
12:02:12	 Account: sarin2	Name: DocXinh14	 DelItem: Kim Phong Kú L©n HuyÕt
12:02:12	 Account: sarin2	Name: DocXinh14	 DelItem: Kim Phong Tr¹c Liªn Quang
12:02:12	 Account: sarin2	Name: DocXinh14	 DelItem: Kim Phong Thiªn Lý Th¶o Th­îng Phi
12:05:50	 Account: minhtrand3	Name: HáaÙLongÙTµÙNh©n	 DelItem: Kim Phong HËu NghÖ dÉn cung
12:05:50	 Account: minhtrand3	Name: HáaÙLongÙTµÙNh©n	 DelItem: Kim Phong Lan §×nh Ngäc
12:06:19	 Account: minhtrand3	Name: HáaÙLongÙTµÙNh©n	 DelItem: Kim Phong §ång T­íc Xu©n Th©m
12:42:28	 Account: sarin2	Name: DocXinh13	 DelItem: Kim Phong §ång T­íc Xu©n Th©m
12:42:28	 Account: sarin2	Name: DocXinh13	 DelItem: Kim Phong §o¹t Hån Ngäc ®¸i
12:42:28	 Account: sarin2	Name: DocXinh13	 DelItem: Kim Phong HËu NghÖ dÉn cung
12:42:28	 Account: sarin2	Name: DocXinh13	 DelItem: Kim Phong C«ng CÈn Tam Th¸n
12:42:28	 Account: sarin2	Name: DocXinh13	 DelItem: Kim Phong Lan §×nh Ngäc
12:42:28	 Account: sarin2	Name: DocXinh13	 DelItem: Kim Phong Thanh D­¬ng Kh«i
12:42:28	 Account: sarin2	Name: DocXinh13	 DelItem: Kim Phong Kú L©n HuyÕt
12:42:28	 Account: sarin2	Name: DocXinh13	 DelItem: Kim Phong Tr¹c Liªn Quang
12:42:28	 Account: sarin2	Name: DocXinh13	 DelItem: Kim Phong Thiªn Lý Th¶o Th­îng Phi
12:42:35	 Account: hieuadnew	Name: AdminÙSHXT	 DelItem: Kim Tª
12:42:35	 Account: hieuadnew	Name: AdminÙSHXT	 DelItem: Kim Tª
12:42:35	 Account: hieuadnew	Name: AdminÙSHXT	 DelItem: Kim Tª
12:42:35	 Account: hieuadnew	Name: AdminÙSHXT	 DelItem: Th«ng Thiªn Ph¸t Qu¸n
12:57:35	 Account: sarin3	Name: DocXinh16	 DelItem: Kim Phong §ång T­íc Xu©n Th©m
12:57:35	 Account: sarin3	Name: DocXinh16	 DelItem: Kim Phong §o¹t Hån Ngäc ®¸i
12:57:35	 Account: sarin3	Name: DocXinh16	 DelItem: Kim Phong HËu NghÖ dÉn cung
12:57:35	 Account: sarin3	Name: DocXinh16	 DelItem: Kim Phong C«ng CÈn Tam Th¸n
12:57:35	 Account: sarin3	Name: DocXinh16	 DelItem: Kim Phong Lan §×nh Ngäc
12:57:35	 Account: sarin3	Name: DocXinh16	 DelItem: Kim Phong Thanh D­¬ng Kh«i
12:57:35	 Account: sarin3	Name: DocXinh16	 DelItem: Kim Phong Kú L©n HuyÕt
12:57:35	 Account: sarin3	Name: DocXinh16	 DelItem: Kim Phong Tr¹c Liªn Quang
12:57:35	 Account: sarin3	Name: DocXinh16	 DelItem: Kim Phong Thiªn Lý Th¶o Th­îng Phi
13:08:50	 Account: sarin3	Name: DocXinh15	 DelItem: Kim Phong §ång T­íc Xu©n Th©m
13:08:50	 Account: sarin3	Name: DocXinh15	 DelItem: Kim Phong §o¹t Hån Ngäc ®¸i
13:08:50	 Account: sarin3	Name: DocXinh15	 DelItem: Kim Phong HËu NghÖ dÉn cung
13:08:50	 Account: sarin3	Name: DocXinh15	 DelItem: Kim Phong C«ng CÈn Tam Th¸n
13:08:50	 Account: sarin3	Name: DocXinh15	 DelItem: Kim Phong Lan §×nh Ngäc
13:08:50	 Account: sarin3	Name: DocXinh15	 DelItem: Kim Phong Thanh D­¬ng Kh«i
13:08:50	 Account: sarin3	Name: DocXinh15	 DelItem: Kim Phong Kú L©n HuyÕt
13:08:50	 Account: sarin3	Name: DocXinh15	 DelItem: Kim Phong Tr¹c Liªn Quang
13:08:50	 Account: sarin3	Name: DocXinh15	 DelItem: Kim Phong Thiªn Lý Th¶o Th­îng Phi
13:22:12	 Account: sarin3	Name: DocXinh17	 DelItem: Kim Phong Thiªn Lý Th¶o Th­îng Phi
13:22:12	 Account: sarin3	Name: DocXinh17	 DelItem: Kim Phong Tr¹c Liªn Quang
13:22:12	 Account: sarin3	Name: DocXinh17	 DelItem: Kim Phong Kú L©n HuyÕt
13:22:12	 Account: sarin3	Name: DocXinh17	 DelItem: Kim Phong Thanh D­¬ng Kh«i
13:22:12	 Account: sarin3	Name: DocXinh17	 DelItem: Kim Phong Lan §×nh Ngäc
13:22:12	 Account: sarin3	Name: DocXinh17	 DelItem: Kim Phong C«ng CÈn Tam Th¸n
13:22:12	 Account: sarin3	Name: DocXinh17	 DelItem: Kim Phong HËu NghÖ dÉn cung
13:22:12	 Account: sarin3	Name: DocXinh17	 DelItem: Kim Phong §o¹t Hån Ngäc ®¸i
13:22:12	 Account: sarin3	Name: DocXinh17	 DelItem: Kim Phong §ång T­íc Xu©n Th©m
13:52:09	 Account: sarin4	Name: DocXinh18	 DelItem: Kim Phong §ång T­íc Xu©n Th©m
13:52:09	 Account: sarin4	Name: DocXinh18	 DelItem: Kim Phong §o¹t Hån Ngäc ®¸i
13:52:09	 Account: sarin4	Name: DocXinh18	 DelItem: Kim Phong HËu NghÖ dÉn cung
13:52:09	 Account: sarin4	Name: DocXinh18	 DelItem: Kim Phong C«ng CÈn Tam Th¸n
13:52:09	 Account: sarin4	Name: DocXinh18	 DelItem: Kim Phong Lan §×nh Ngäc
13:52:09	 Account: sarin4	Name: DocXinh18	 DelItem: Kim Phong Thanh D­¬ng Kh«i
13:52:09	 Account: sarin4	Name: DocXinh18	 DelItem: Kim Phong Kú L©n HuyÕt
13:52:09	 Account: sarin4	Name: DocXinh18	 DelItem: Kim Phong Tr¹c Liªn Quang
13:52:09	 Account: sarin4	Name: DocXinh18	 DelItem: Kim Phong Thiªn Lý Th¶o Th­îng Phi
13:58:34	 Account: huynhtrongtri15	Name: HáaS¸tNéiC«ng	 DelItem: Kim Phong §ång T­íc Xu©n Th©m
13:58:34	 Account: huynhtrongtri15	Name: HáaS¸tNéiC«ng	 DelItem: Kim Phong HËu NghÖ dÉn cung
13:58:34	 Account: huynhtrongtri15	Name: HáaS¸tNéiC«ng	 DelItem: Kim Phong Tr¹c Liªn Quang
13:58:34	 Account: huynhtrongtri15	Name: HáaS¸tNéiC«ng	 DelItem: Kim Phong Thiªn Lý Th¶o Th­îng Phi
13:58:34	 Account: huynhtrongtri15	Name: HáaS¸tNéiC«ng	 DelItem: Tóc S­¬ng
13:58:34	 Account: huynhtrongtri15	Name: HáaS¸tNéiC«ng	 DelItem: Kim Phong Thanh D­¬ng Kh«i
13:58:34	 Account: huynhtrongtri15	Name: HáaS¸tNéiC«ng	 DelItem: Kim Phong Lan §×nh Ngäc
13:58:34	 Account: huynhtrongtri15	Name: HáaS¸tNéiC«ng	 DelItem: Kim Phong C«ng CÈn Tam Th¸n
13:58:34	 Account: huynhtrongtri15	Name: HáaS¸tNéiC«ng	 DelItem: Kim Phong §o¹t Hån Ngäc ®¸i
13:58:49	 Account: huynhtrongtri15	Name: HáaS¸tNéiC«ng	 DelItem: Kim Phong Kú L©n HuyÕt
13:58:49	 Account: huynhtrongtri15	Name: HáaS¸tNéiC«ng	 DelItem: Tóc S­¬ng
14:12:06	 Account: sarin4	Name: DocXinh19	 DelItem: Kim Phong §ång T­íc Xu©n Th©m
14:12:06	 Account: sarin4	Name: DocXinh19	 DelItem: Kim Phong §o¹t Hån Ngäc ®¸i
14:12:06	 Account: sarin4	Name: DocXinh19	 DelItem: Kim Phong HËu NghÖ dÉn cung
14:12:06	 Account: sarin4	Name: DocXinh19	 DelItem: Kim Phong C«ng CÈn Tam Th¸n
14:12:06	 Account: sarin4	Name: DocXinh19	 DelItem: Kim Phong Lan §×nh Ngäc
14:12:06	 Account: sarin4	Name: DocXinh19	 DelItem: Kim Phong Thanh D­¬ng Kh«i
14:12:06	 Account: sarin4	Name: DocXinh19	 DelItem: Kim Phong Kú L©n HuyÕt
14:12:06	 Account: sarin4	Name: DocXinh19	 DelItem: Kim Phong Tr¹c Liªn Quang
14:12:06	 Account: sarin4	Name: DocXinh19	 DelItem: Kim Phong Thiªn Lý Th¶o Th­îng Phi
14:38:22	 Account: vu25091990	Name: DocXinh22	 DelItem: Kim Phong Lan §×nh Ngäc
14:54:54	 Account: vu25091990	Name: DocXinh23	 DelItem: Kim Phong Lan §×nh Ngäc
15:09:36	 Account: saluci	Name: DocXinh3	 DelItem: Kim Phong §ång T­íc Xu©n Th©m
15:09:36	 Account: saluci	Name: DocXinh3	 DelItem: Kim Phong §o¹t Hån Ngäc ®¸i
15:09:36	 Account: saluci	Name: DocXinh3	 DelItem: Kim Phong HËu NghÖ dÉn cung
15:09:36	 Account: saluci	Name: DocXinh3	 DelItem: Kim Phong C«ng CÈn Tam Th¸n
15:09:36	 Account: saluci	Name: DocXinh3	 DelItem: Kim Phong Lan §×nh Ngäc
15:09:36	 Account: saluci	Name: DocXinh3	 DelItem: Kim Phong Thanh D­¬ng Kh«i
15:09:36	 Account: saluci	Name: DocXinh3	 DelItem: Kim Phong Kú L©n HuyÕt
15:09:36	 Account: saluci	Name: DocXinh3	 DelItem: Kim Phong Thiªn Lý Th¶o Th­îng Phi
15:13:43	 Account: huynhtrongtri16	Name: L«iS¸tNéiC«ng	 DelItem: Tóc S­¬ng
15:13:43	 Account: huynhtrongtri16	Name: L«iS¸tNéiC«ng	 DelItem: Kim Phong Kú L©n HuyÕt
15:13:43	 Account: huynhtrongtri16	Name: L«iS¸tNéiC«ng	 DelItem: Kim Phong Lan §×nh Ngäc
15:13:43	 Account: huynhtrongtri16	Name: L«iS¸tNéiC«ng	 DelItem: Kim Phong C«ng CÈn Tam Th¸n
15:13:43	 Account: huynhtrongtri16	Name: L«iS¸tNéiC«ng	 DelItem: Kim Phong HËu NghÖ dÉn cung
15:13:43	 Account: huynhtrongtri16	Name: L«iS¸tNéiC«ng	 DelItem: Kim Phong §o¹t Hån Ngäc ®¸i
15:13:43	 Account: huynhtrongtri16	Name: L«iS¸tNéiC«ng	 DelItem: Kim Phong §ång T­íc Xu©n Th©m
15:13:43	 Account: huynhtrongtri16	Name: L«iS¸tNéiC«ng	 DelItem: Kim Phong Tr¹c Liªn Quang
15:14:03	 Account: huynhtrongtri16	Name: L«iS¸tNéiC«ng	 DelItem: Kim Phong Thiªn Lý Th¶o Th­îng Phi
15:14:03	 Account: huynhtrongtri16	Name: L«iS¸tNéiC«ng	 DelItem: Kim Phong Thanh D­¬ng Kh«i
15:18:38	 Account: huynhtrongtri12	Name: KiÕmPhongKim	 DelItem: §¹i Phong §ao
15:21:19	 Account: huynhtrongtri12	Name: KiÕmPhongKim	 DelItem: Kim Phong Tr¹c Liªn Quang
15:21:19	 Account: huynhtrongtri12	Name: KiÕmPhongKim	 DelItem: Tóc S­¬ng
15:21:19	 Account: huynhtrongtri12	Name: KiÕmPhongKim	 DelItem: Kim Phong §o¹t Hån Ngäc ®¸i
15:21:19	 Account: huynhtrongtri12	Name: KiÕmPhongKim	 DelItem: Kim Phong Thanh D­¬ng Kh«i
15:21:19	 Account: huynhtrongtri12	Name: KiÕmPhongKim	 DelItem: Kim Phong Kú L©n HuyÕt
15:21:19	 Account: huynhtrongtri12	Name: KiÕmPhongKim	 DelItem: Kim Phong Thiªn Lý Th¶o Th­îng Phi
15:21:31	 Account: huynhtrongtri12	Name: KiÕmPhongKim	 DelItem: Kim Phong §ång T­íc Xu©n Th©m
15:21:31	 Account: huynhtrongtri12	Name: KiÕmPhongKim	 DelItem: Kim Phong HËu NghÖ dÉn cung
15:21:31	 Account: huynhtrongtri12	Name: KiÕmPhongKim	 DelItem: Kim Phong C«ng CÈn Tam Th¸n
15:21:31	 Account: huynhtrongtri12	Name: KiÕmPhongKim	 DelItem: Kim Phong Lan §×nh Ngäc
15:27:06	 Account: huynhtrongtri13	Name: B¨ngS¸tNéiC«ng	 DelItem: Kim Phong Thanh D­¬ng Kh«i
15:27:06	 Account: huynhtrongtri13	Name: B¨ngS¸tNéiC«ng	 DelItem: Kim Phong Tr¹c Liªn Quang
15:27:06	 Account: huynhtrongtri13	Name: B¨ngS¸tNéiC«ng	 DelItem: Kim Phong Thiªn Lý Th¶o Th­îng Phi
15:27:06	 Account: huynhtrongtri13	Name: B¨ngS¸tNéiC«ng	 DelItem: Tóc S­¬ng
15:27:06	 Account: huynhtrongtri13	Name: B¨ngS¸tNéiC«ng	 DelItem: Kim Phong §o¹t Hån Ngäc ®¸i
15:27:06	 Account: huynhtrongtri13	Name: B¨ngS¸tNéiC«ng	 DelItem: Kim Phong Kú L©n HuyÕt
15:27:21	 Account: huynhtrongtri13	Name: B¨ngS¸tNéiC«ng	 DelItem: Kim Phong §ång T­íc Xu©n Th©m
15:27:21	 Account: huynhtrongtri13	Name: B¨ngS¸tNéiC«ng	 DelItem: Kim Phong HËu NghÖ dÉn cung
15:27:21	 Account: huynhtrongtri13	Name: B¨ngS¸tNéiC«ng	 DelItem: Kim Phong C«ng CÈn Tam Th¸n
15:27:21	 Account: huynhtrongtri13	Name: B¨ngS¸tNéiC«ng	 DelItem: Kim Phong Lan §×nh Ngäc
15:36:36	 Account: minhtrand21	Name: sanboss7	 DelItem: Kim Phong §ång T­íc Xu©n Th©m
15:36:36	 Account: minhtrand21	Name: sanboss7	 DelItem: Kim Phong §o¹t Hån Ngäc ®¸i
15:36:36	 Account: minhtrand21	Name: sanboss7	 DelItem: Kim Phong C«ng CÈn Tam Th¸n
15:36:36	 Account: minhtrand21	Name: sanboss7	 DelItem: Kim Phong Lan §×nh Ngäc
15:36:36	 Account: minhtrand21	Name: sanboss7	 DelItem: Kim Phong Thanh D­¬ng Kh«i
15:36:36	 Account: minhtrand21	Name: sanboss7	 DelItem: Kim Phong Kú L©n HuyÕt
15:36:36	 Account: minhtrand21	Name: sanboss7	 DelItem: Kim Phong Tr¹c Liªn Quang
15:37:44	 Account: minhtrand23	Name: sanboss06	 DelItem: Kim Phong §ång T­íc Xu©n Th©m
15:37:44	 Account: minhtrand23	Name: sanboss06	 DelItem: Kim Phong §o¹t Hån Ngäc ®¸i
15:37:44	 Account: minhtrand23	Name: sanboss06	 DelItem: Kim Phong C«ng CÈn Tam Th¸n
15:37:44	 Account: minhtrand23	Name: sanboss06	 DelItem: Kim Phong Lan §×nh Ngäc
15:37:44	 Account: minhtrand23	Name: sanboss06	 DelItem: Kim Phong Thanh D­¬ng Kh«i
15:37:44	 Account: minhtrand23	Name: sanboss06	 DelItem: Kim Phong Kú L©n HuyÕt
15:37:44	 Account: minhtrand23	Name: sanboss06	 DelItem: Kim Phong Tr¹c Liªn Quang
15:45:26	 Account: luukt57	Name: ruongdonl01	 DelItem: §å phæ Hoµng Kim - An Bang §iÒn Hoµng Th¹ch Ngäc Béi
15:45:26	 Account: luukt57	Name: ruongdonl01	 DelItem: §å phæ Hoµng Kim - §Þnh Quèc Thanh Sa Tr­êng Sam
15:45:26	 Account: luukt57	Name: ruongdonl01	 DelItem: §å phæ Hoµng Kim - §Þnh Quèc Ng©n Tµm Yªu ®¸i
15:45:26	 Account: luukt57	Name: ruongdonl01	 DelItem: §å phæ Hoµng Kim - An Bang Cóc Hoa Th¹ch ChØ hoµn
15:45:26	 Account: luukt57	Name: ruongdonl01	 DelItem: §å phæ Hoµng Kim - An Bang B¨ng Tinh Th¹ch H¹ng Liªn
15:45:26	 Account: luukt57	Name: ruongdonl01	 DelItem: §å phæ Hoµng Kim - §Þnh Quèc XÝch Quyªn NhuyÔn Ngoa
15:46:42	 Account: luukt57	Name: ruongdonl01	 DelItem: §å phæ Hoµng Kim - §Þnh Quèc Ng©n Tµm Yªu ®¸i
15:46:42	 Account: luukt57	Name: ruongdonl01	 DelItem: §å phæ Hoµng Kim - §Þnh Quèc Tö §»ng Hé uyÓn
15:46:42	 Account: luukt57	Name: ruongdonl01	 DelItem: §å phæ Hoµng Kim - §Þnh Quèc ¤ Sa Ph¸t Qu¸n
15:46:42	 Account: luukt57	Name: ruongdonl01	 DelItem: §å phæ Hoµng Kim - An Bang B¨ng Tinh Th¹ch H¹ng Liªn
15:54:30	 Account: luukt57	Name: ruongdonl01	 DelItem: §å phæ Hoµng Kim - §Þnh Quèc ¤ Sa Ph¸t Qu¸n
15:54:30	 Account: luukt57	Name: ruongdonl01	 DelItem: §å phæ Hoµng Kim - An Bang Kª HuyÕt Th¹ch Giíi ChØ 
15:54:30	 Account: luukt57	Name: ruongdonl01	 DelItem: §å phæ Hoµng Kim - §Þnh Quèc XÝch Quyªn NhuyÔn Ngoa
15:54:30	 Account: luukt57	Name: ruongdonl01	 DelItem: §å phæ Hoµng Kim - §Þnh Quèc Thanh Sa Tr­êng Sam
15:54:30	 Account: luukt57	Name: ruongdonl01	 DelItem: §å phæ Hoµng Kim - §Þnh Quèc Ng©n Tµm Yªu ®¸i
15:54:30	 Account: luukt57	Name: ruongdonl01	 DelItem: §å phæ Hoµng Kim - An Bang B¨ng Tinh Th¹ch H¹ng Liªn
15:59:52	 Account: saluci	Name: DocXinh5	 DelItem: Kim Phong §ång T­íc Xu©n Th©m
15:59:52	 Account: saluci	Name: DocXinh5	 DelItem: Kim Phong §o¹t Hån Ngäc ®¸i
15:59:52	 Account: saluci	Name: DocXinh5	 DelItem: Kim Phong HËu NghÖ dÉn cung
15:59:52	 Account: saluci	Name: DocXinh5	 DelItem: Kim Phong C«ng CÈn Tam Th¸n
15:59:52	 Account: saluci	Name: DocXinh5	 DelItem: Kim Phong Lan §×nh Ngäc
15:59:52	 Account: saluci	Name: DocXinh5	 DelItem: Kim Phong Thanh D­¬ng Kh«i
15:59:52	 Account: saluci	Name: DocXinh5	 DelItem: Kim Phong Kú L©n HuyÕt
15:59:52	 Account: saluci	Name: DocXinh5	 DelItem: Kim Phong Tr¹c Liªn Quang
15:59:52	 Account: saluci	Name: DocXinh5	 DelItem: Kim Phong Thiªn Lý Th¶o Th­îng Phi
16:06:56	 Account: luukt57	Name: ruongdonl01	 DelItem: Kim Phong §ång T­íc Xu©n Th©m
16:11:56	 Account: saluci	Name: DocXinh4	 DelItem: Kim Phong Thiªn Lý Th¶o Th­îng Phi
16:11:56	 Account: saluci	Name: DocXinh4	 DelItem: Kim Phong Tr¹c Liªn Quang
16:11:56	 Account: saluci	Name: DocXinh4	 DelItem: Kim Phong Kú L©n HuyÕt
16:11:56	 Account: saluci	Name: DocXinh4	 DelItem: Kim Phong Thanh D­¬ng Kh«i
16:11:56	 Account: saluci	Name: DocXinh4	 DelItem: Kim Phong Lan §×nh Ngäc
16:11:56	 Account: saluci	Name: DocXinh4	 DelItem: Kim Phong C«ng CÈn Tam Th¸n
16:11:56	 Account: saluci	Name: DocXinh4	 DelItem: Kim Phong HËu NghÖ dÉn cung
16:11:56	 Account: saluci	Name: DocXinh4	 DelItem: Kim Phong §o¹t Hån Ngäc ®¸i
16:11:56	 Account: saluci	Name: DocXinh4	 DelItem: Kim Phong §ång T­íc Xu©n Th©m
16:23:20	 Account: minhvu25091990	Name: Kamikaze	 DelItem: Kim Phong Thiªn Lý Th¶o Th­îng Phi
16:23:20	 Account: minhvu25091990	Name: Kamikaze	 DelItem: Kim Phong Tr¹c Liªn Quang
16:23:20	 Account: minhvu25091990	Name: Kamikaze	 DelItem: Kim Phong Kú L©n HuyÕt
16:23:20	 Account: minhvu25091990	Name: Kamikaze	 DelItem: Kim Phong Thanh D­¬ng Kh«i
16:23:20	 Account: minhvu25091990	Name: Kamikaze	 DelItem: Kim Phong Lan §×nh Ngäc
16:23:20	 Account: minhvu25091990	Name: Kamikaze	 DelItem: Kim Phong C«ng CÈn Tam Th¸n
16:23:20	 Account: minhvu25091990	Name: Kamikaze	 DelItem: Kim Phong HËu NghÖ dÉn cung
16:23:20	 Account: minhvu25091990	Name: Kamikaze	 DelItem: Kim Phong §o¹t Hån Ngäc ®¸i
16:23:20	 Account: minhvu25091990	Name: Kamikaze	 DelItem: Kim Phong §ång T­íc Xu©n Th©m
16:25:53	 Account: luukt54	Name: NgoalongNM	 DelItem: Kim Phong Tr¹c Liªn Quang
16:25:53	 Account: luukt54	Name: NgoalongNM	 DelItem: Kim Phong Lan §×nh Ngäc
16:25:53	 Account: luukt54	Name: NgoalongNM	 DelItem: Kim Phong C«ng CÈn Tam Th¸n
16:25:53	 Account: luukt54	Name: NgoalongNM	 DelItem: Kim Phong §ång T­íc Xu©n Th©m
16:35:55	 Account: minhvu25091990	Name: DocXinh2	 DelItem: Kim Phong Thiªn Lý Th¶o Th­îng Phi
16:35:55	 Account: minhvu25091990	Name: DocXinh2	 DelItem: Kim Phong Tr¹c Liªn Quang
16:35:55	 Account: minhvu25091990	Name: DocXinh2	 DelItem: Kim Phong Kú L©n HuyÕt
16:35:55	 Account: minhvu25091990	Name: DocXinh2	 DelItem: Kim Phong Thanh D­¬ng Kh«i
16:35:55	 Account: minhvu25091990	Name: DocXinh2	 DelItem: Kim Phong Lan §×nh Ngäc
16:35:55	 Account: minhvu25091990	Name: DocXinh2	 DelItem: Kim Phong C«ng CÈn Tam Th¸n
16:35:55	 Account: minhvu25091990	Name: DocXinh2	 DelItem: Kim Phong HËu NghÖ dÉn cung
16:35:55	 Account: minhvu25091990	Name: DocXinh2	 DelItem: Kim Phong §o¹t Hån Ngäc ®¸i
16:35:55	 Account: minhvu25091990	Name: DocXinh2	 DelItem: Kim Phong §ång T­íc Xu©n Th©m
16:37:07	 Account: thangvl5	Name: 5TLSuco	 DelItem: Kim Phong Lan §×nh Ngäc
16:37:07	 Account: thangvl5	Name: 5TLSuco	 DelItem: Kim Phong Tr¹c Liªn Quang
16:45:19	 Account: nonhanvd	Name: Vâ§angÙCh©nÙNh©n	 DelItem: Kim Phong Thanh D­¬ng Kh«i
16:45:19	 Account: nonhanvd	Name: Vâ§angÙCh©nÙNh©n	 DelItem: Kim Phong Lan §×nh Ngäc
16:45:19	 Account: nonhanvd	Name: Vâ§angÙCh©nÙNh©n	 DelItem: Kim Phong §o¹t Hån Ngäc ®¸i
16:45:19	 Account: nonhanvd	Name: Vâ§angÙCh©nÙNh©n	 DelItem: Kim Phong §ång T­íc Xu©n Th©m
16:45:19	 Account: nonhanvd	Name: Vâ§angÙCh©nÙNh©n	 DelItem: Kim Phong Tr¹c Liªn Quang
16:45:19	 Account: nonhanvd	Name: Vâ§angÙCh©nÙNh©n	 DelItem: Kim Phong Kú L©n HuyÕt
16:45:19	 Account: nonhanvd	Name: Vâ§angÙCh©nÙNh©n	 DelItem: Kim Phong C«ng CÈn Tam Th¸n
16:48:51	 Account: minhtrand23	Name: sanboss8	 DelItem: Kim Phong §ång T­íc Xu©n Th©m
16:48:51	 Account: minhtrand23	Name: sanboss8	 DelItem: Kim Phong §o¹t Hån Ngäc ®¸i
16:48:51	 Account: minhtrand23	Name: sanboss8	 DelItem: Kim Phong HËu NghÖ dÉn cung
16:48:51	 Account: minhtrand23	Name: sanboss8	 DelItem: Kim Phong C«ng CÈn Tam Th¸n
16:48:51	 Account: minhtrand23	Name: sanboss8	 DelItem: Kim Phong Lan §×nh Ngäc
16:48:51	 Account: minhtrand23	Name: sanboss8	 DelItem: Kim Phong Thanh D­¬ng Kh«i
16:48:51	 Account: minhtrand23	Name: sanboss8	 DelItem: Kim Phong Kú L©n HuyÕt
16:48:51	 Account: minhtrand23	Name: sanboss8	 DelItem: Kim Phong Tr¹c Liªn Quang
16:52:21	 Account: minhvu25091990	Name: DocXinh	 DelItem: Kim Phong §ång T­íc Xu©n Th©m
16:52:21	 Account: minhvu25091990	Name: DocXinh	 DelItem: Kim Phong §o¹t Hån Ngäc ®¸i
16:52:21	 Account: minhvu25091990	Name: DocXinh	 DelItem: Kim Phong HËu NghÖ dÉn cung
16:52:21	 Account: minhvu25091990	Name: DocXinh	 DelItem: Kim Phong C«ng CÈn Tam Th¸n
16:52:21	 Account: minhvu25091990	Name: DocXinh	 DelItem: Kim Phong Lan §×nh Ngäc
16:52:21	 Account: minhvu25091990	Name: DocXinh	 DelItem: Kim Phong Thanh D­¬ng Kh«i
16:52:21	 Account: minhvu25091990	Name: DocXinh	 DelItem: Kim Phong Kú L©n HuyÕt
16:52:21	 Account: minhvu25091990	Name: DocXinh	 DelItem: Kim Phong Tr¹c Liªn Quang
16:52:21	 Account: minhvu25091990	Name: DocXinh	 DelItem: Kim Phong Thiªn Lý Th¶o Th­îng Phi
16:54:25	 Account: luukt54	Name: NgoalongNM	 DelItem: Kim Phong Kú L©n HuyÕt
17:23:25	 Account: nonhanvd	Name: Vâ§angÙCh©nÙNh©n	 DelItem: Kim Phong Thiªn Lý Th¶o Th­îng Phi
17:23:25	 Account: nonhanvd	Name: Vâ§angÙCh©nÙNh©n	 DelItem: Kim Phong HËu NghÖ dÉn cung
17:35:20	 Account: nonhantl	Name: V«DanhÙThÇnÙT¨ng	 DelItem: §­êng Nghª gi¸p
17:55:24	 Account: nonhantl	Name: V«DanhÙThÇnÙT¨ng	 DelItem: Kim Phong Thanh D­¬ng Kh«i
17:55:24	 Account: nonhantl	Name: V«DanhÙThÇnÙT¨ng	 DelItem: Kim Phong C«ng CÈn Tam Th¸n
17:55:24	 Account: nonhantl	Name: V«DanhÙThÇnÙT¨ng	 DelItem: Kim Phong HËu NghÖ dÉn cung
17:55:24	 Account: nonhantl	Name: V«DanhÙThÇnÙT¨ng	 DelItem: Kim Phong Lan §×nh Ngäc
17:55:44	 Account: nonhantl	Name: V«DanhÙThÇnÙT¨ng	 DelItem: Kim Phong Thiªn Lý Th¶o Th­îng Phi
17:55:44	 Account: nonhantl	Name: V«DanhÙThÇnÙT¨ng	 DelItem: Kim Phong Kú L©n HuyÕt
18:11:03	 Account: ngocbichtn	Name: ExciTerTN	 DelItem: Kim Phong §ång T­íc Xu©n Th©m
18:11:03	 Account: ngocbichtn	Name: ExciTerTN	 DelItem: Kim Phong §o¹t Hån Ngäc ®¸i
18:11:03	 Account: ngocbichtn	Name: ExciTerTN	 DelItem: Kim Phong HËu NghÖ dÉn cung
18:11:03	 Account: ngocbichtn	Name: ExciTerTN	 DelItem: Kim Phong C«ng CÈn Tam Th¸n
18:11:03	 Account: ngocbichtn	Name: ExciTerTN	 DelItem: Kim Phong Lan §×nh Ngäc
18:11:03	 Account: ngocbichtn	Name: ExciTerTN	 DelItem: Kim Phong Thanh D­¬ng Kh«i
18:11:03	 Account: ngocbichtn	Name: ExciTerTN	 DelItem: Kim Phong Kú L©n HuyÕt
18:11:03	 Account: ngocbichtn	Name: ExciTerTN	 DelItem: Kim Phong Tr¹c Liªn Quang
18:11:03	 Account: ngocbichtn	Name: ExciTerTN	 DelItem: Kim Phong Thiªn Lý Th¶o Th­îng Phi
18:20:03	 Account: nonhantl	Name: V«DanhÙThÇnÙT¨ng	 DelItem: Tóc S­¬ng
18:41:21	 Account: huynhtrongtri11	Name: §écS¸tNéiC«ng	 DelItem: Tèng Kim Phi Tèc hoµn
18:41:27	 Account: huynhtrongtri11	Name: §écS¸tNéiC«ng	 DelItem: LÖnh bµi
18:42:17	 Account: huynhtrongtri14	Name: §écS¸tNgo¹iC«ng	 DelItem: LÖnh bµi
18:42:17	 Account: huynhtrongtri14	Name: §écS¸tNgo¹iC«ng	 DelItem: Tèng Kim Phi Tèc hoµn
19:06:03	 Account: huy1712	Name: ¡nÙMµyÙV­¬ngÙGia	 DelItem: Kim Phong §ång T­íc Xu©n Th©m
19:06:03	 Account: huy1712	Name: ¡nÙMµyÙV­¬ngÙGia	 DelItem: Kim Phong Tr¹c Liªn Quang
19:06:03	 Account: huy1712	Name: ¡nÙMµyÙV­¬ngÙGia	 DelItem: Kim Phong C«ng CÈn Tam Th¸n
19:06:03	 Account: huy1712	Name: ¡nÙMµyÙV­¬ngÙGia	 DelItem: Kim Phong Lan §×nh Ngäc
19:07:37	 Account: thangvl8	Name: 8ThóyYªnTû	 DelItem: Kim Phong Thiªn Lý Th¶o Th­îng Phi
19:07:37	 Account: thangvl8	Name: 8ThóyYªnTû	 DelItem: Kim Phong Lan §×nh Ngäc
19:07:37	 Account: thangvl8	Name: 8ThóyYªnTû	 DelItem: Kim Phong C«ng CÈn Tam Th¸n
19:07:37	 Account: thangvl8	Name: 8ThóyYªnTû	 DelItem: Kim Phong §o¹t Hån Ngäc ®¸i
19:07:37	 Account: thangvl8	Name: 8ThóyYªnTû	 DelItem: Kim Phong §ång T­íc Xu©n Th©m
19:20:42	 Account: ngocbichtn	Name: ExciTerTN	 DelItem: Tóc S­¬ng
19:24:10	 Account: usd002	Name: USD002	 DelItem: Tóc S­¬ng
19:39:01	 Account: sangtpbrvt	Name: SangTp	 DelItem: Kim Phong Tr¹c Liªn Quang
19:57:05	 Account: nam92hd7	Name: Gi÷ÙR¸cÙNo1	 DelItem: Kim Phong Kú L©n HuyÕt
19:57:11	 Account: nam92hd7	Name: Gi÷ÙR¸cÙNo1	 DelItem: Kim Phong §o¹t Hån Ngäc ®¸i
19:57:17	 Account: nam92hd7	Name: Gi÷ÙR¸cÙNo1	 DelItem: Kim Phong C«ng CÈn Tam Th¸n
19:57:23	 Account: nam92hd7	Name: Gi÷ÙR¸cÙNo1	 DelItem: Tóc S­¬ng
19:57:29	 Account: nam92hd7	Name: Gi÷ÙR¸cÙNo1	 DelItem: Kim Phong HËu NghÖ dÉn cung
19:57:33	 Account: nam92hd7	Name: Gi÷ÙR¸cÙNo1	 DelItem: Kim Phong Tr¹c Liªn Quang
19:57:38	 Account: nam92hd7	Name: Gi÷ÙR¸cÙNo1	 DelItem: Kim Phong Thiªn Lý Th¶o Th­îng Phi
19:57:44	 Account: nam92hd7	Name: Gi÷ÙR¸cÙNo1	 DelItem: Kim Phong Thanh D­¬ng Kh«i
19:57:49	 Account: nam92hd7	Name: Gi÷ÙR¸cÙNo1	 DelItem: Kim Phong §ång T­íc Xu©n Th©m
19:57:54	 Account: nam92hd7	Name: Gi÷ÙR¸cÙNo1	 DelItem: Kim Phong Lan §×nh Ngäc
19:59:13	 Account: nam92hd7	Name: Gi÷ÙR¸cÙNo1	 DelItem: Kim Phong Lan §×nh Ngäc
20:01:30	 Account: thangvl9	Name: 9§écV«Biªn	 DelItem: Kim Phong Thiªn Lý Th¶o Th­îng Phi
20:01:30	 Account: thangvl9	Name: 9§écV«Biªn	 DelItem: Kim Phong Tr¹c Liªn Quang
20:01:30	 Account: thangvl9	Name: 9§écV«Biªn	 DelItem: Kim Phong Kú L©n HuyÕt
20:01:30	 Account: thangvl9	Name: 9§écV«Biªn	 DelItem: Kim Phong Lan §×nh Ngäc
20:01:30	 Account: thangvl9	Name: 9§écV«Biªn	 DelItem: Kim Phong HËu NghÖ dÉn cung
20:01:30	 Account: thangvl9	Name: 9§écV«Biªn	 DelItem: Kim Phong §o¹t Hån Ngäc ®¸i
20:01:30	 Account: thangvl9	Name: 9§écV«Biªn	 DelItem: Kim Phong §ång T­íc Xu©n Th©m
20:18:37	 Account: nam92hd7	Name: Gi÷ÙR¸cÙNo1	 DelItem: Kim Phong Thiªn Lý Th¶o Th­îng Phi
20:19:38	 Account: nam92hd7	Name: Gi÷ÙR¸cÙNo1	 DelItem: Kim Phong §o¹t Hån Ngäc ®¸i
20:25:20	 Account: building1987bmt	Name: ÙTayÙCh¬iÙBèÙGiµ	 DelItem: Kim Phong Tr¹c Liªn Quang
20:25:37	 Account: ngocbichnm	Name: ExciterNM	 DelItem: Tóc S­¬ng
20:26:39	 Account: luukt57	Name: ruongdonl01	 DelItem: M¶nh HiÖp Cèt T×nh ý KÕt (4/6) 
20:26:39	 Account: luukt57	Name: ruongdonl01	 DelItem: §å phæ Hoµng Kim - An Bang Cóc Hoa Th¹ch ChØ hoµn
20:26:39	 Account: luukt57	Name: ruongdonl01	 DelItem: M¶nh Nhu T×nh  TuÖ T©m Ngäc Béi (2/4) 
20:26:39	 Account: luukt57	Name: ruongdonl01	 DelItem: M¶nh HiÖp Cèt §an T©m Giíi (3/4) 
20:26:39	 Account: luukt57	Name: ruongdonl01	 DelItem: M¶nh HiÖp Cèt §a T×nh Hoµn (3/4) 
20:26:39	 Account: luukt57	Name: ruongdonl01	 DelItem: §å phæ Hoµng Kim - §Þnh Quèc Tö §»ng Hé uyÓn
20:26:39	 Account: luukt57	Name: ruongdonl01	 DelItem: M¶nh Nhu T×nh Thôc N÷ H¹ng Liªn (3/4) 
20:26:39	 Account: luukt57	Name: ruongdonl01	 DelItem: §å phæ Hoµng Kim - An Bang Cóc Hoa Th¹ch ChØ hoµn
20:26:39	 Account: luukt57	Name: ruongdonl01	 DelItem: §å phæ Hoµng Kim - §Þnh Quèc Thanh Sa Tr­êng Sam
20:26:39	 Account: luukt57	Name: ruongdonl01	 DelItem: Phi Tiªu thuËt. Cöu Cung Phi Tinh
20:29:09	 Account: luukt53	Name: NgoalongVD	 DelItem: §å phæ Hoµng Kim - An Bang B¨ng Tinh Th¹ch H¹ng Liªn
20:29:09	 Account: luukt53	Name: NgoalongVD	 DelItem: §å phæ Hoµng Kim - §Þnh Quèc XÝch Quyªn NhuyÔn Ngoa
20:29:09	 Account: luukt53	Name: NgoalongVD	 DelItem: §å phæ Hoµng Kim - §Þnh Quèc Tö §»ng Hé uyÓn
20:29:09	 Account: luukt53	Name: NgoalongVD	 DelItem: §å phæ Hoµng Kim - An Bang Kª HuyÕt Th¹ch Giíi ChØ 
20:29:09	 Account: luukt53	Name: NgoalongVD	 DelItem: §å phæ Hoµng Kim - §Þnh Quèc Ng©n Tµm Yªu ®¸i
20:30:55	 Account: voquynhnhu	Name: B¶o®ao§åLong	 DelItem: Kim Phong §o¹t Hån Ngäc ®¸i
20:30:55	 Account: voquynhnhu	Name: B¶o®ao§åLong	 DelItem: Kim Phong C«ng CÈn Tam Th¸n
20:30:55	 Account: voquynhnhu	Name: B¶o®ao§åLong	 DelItem: Kim Phong Lan §×nh Ngäc
20:30:55	 Account: voquynhnhu	Name: B¶o®ao§åLong	 DelItem: Kim Phong Kú L©n HuyÕt
20:30:55	 Account: voquynhnhu	Name: B¶o®ao§åLong	 DelItem: Kim Phong §ång T­íc Xu©n Th©m
20:30:55	 Account: voquynhnhu	Name: B¶o®ao§åLong	 DelItem: Kim Phong HËu NghÖ dÉn cung
20:30:55	 Account: voquynhnhu	Name: B¶o®ao§åLong	 DelItem: Kim Phong Thanh D­¬ng Kh«i
20:30:55	 Account: voquynhnhu	Name: B¶o®ao§åLong	 DelItem: Kim Phong Tr¹c Liªn Quang
20:30:55	 Account: voquynhnhu	Name: B¶o®ao§åLong	 DelItem: Kim Phong Thiªn Lý Th¶o Th­îng Phi
20:39:06	 Account: luukt53	Name: NgoalongVD	 DelItem: §å phæ Hoµng Kim - §Þnh Quèc XÝch Quyªn NhuyÔn Ngoa
20:39:06	 Account: luukt53	Name: NgoalongVD	 DelItem: §å phæ Hoµng Kim - §Þnh Quèc Tö §»ng Hé uyÓn
20:39:06	 Account: luukt53	Name: NgoalongVD	 DelItem: §å phæ Hoµng Kim - §Þnh Quèc Ng©n Tµm Yªu ®¸i
20:39:06	 Account: luukt53	Name: NgoalongVD	 DelItem: §å phæ Hoµng Kim - An Bang Kª HuyÕt Th¹ch Giíi ChØ 
20:39:06	 Account: luukt53	Name: NgoalongVD	 DelItem: §å phæ Hoµng Kim - An Bang Cóc Hoa Th¹ch ChØ hoµn
20:39:06	 Account: luukt53	Name: NgoalongVD	 DelItem: §å phæ Hoµng Kim - §Þnh Quèc Thanh Sa Tr­êng Sam
20:41:15	 Account: nam92hd	Name: HáaThÇnÙV«Song	 DelItem: LÖnh bµi
20:43:05	 Account: nam92hd8	Name: Gi÷ÙR¸cÙNo2	 DelItem: Kim Phong Kú L©n HuyÕt
20:43:10	 Account: nam92hd8	Name: Gi÷ÙR¸cÙNo2	 DelItem: Tóc S­¬ng
20:43:15	 Account: nam92hd8	Name: Gi÷ÙR¸cÙNo2	 DelItem: Kim Phong Tr¹c Liªn Quang
20:43:20	 Account: nam92hd8	Name: Gi÷ÙR¸cÙNo2	 DelItem: Kim Phong §o¹t Hån Ngäc ®¸i
20:43:25	 Account: nam92hd8	Name: Gi÷ÙR¸cÙNo2	 DelItem: Kim Phong §ång T­íc Xu©n Th©m
20:43:30	 Account: nam92hd8	Name: Gi÷ÙR¸cÙNo2	 DelItem: Kim Phong HËu NghÖ dÉn cung
20:43:36	 Account: nam92hd8	Name: Gi÷ÙR¸cÙNo2	 DelItem: Kim Phong Thiªn Lý Th¶o Th­îng Phi
20:43:41	 Account: nam92hd8	Name: Gi÷ÙR¸cÙNo2	 DelItem: Kim Phong Lan §×nh Ngäc
20:43:46	 Account: nam92hd8	Name: Gi÷ÙR¸cÙNo2	 DelItem: Kim Phong Thanh D­¬ng Kh«i
20:43:52	 Account: nam92hd8	Name: Gi÷ÙR¸cÙNo2	 DelItem: Kim Phong C«ng CÈn Tam Th¸n
20:44:46	 Account: building1987bmt	Name: ÙTayÙCh¬iÙBèÙGiµ	 DelItem: Kim Phong Thiªn Lý Th¶o Th­îng Phi
20:48:45	 Account: nam92hd8	Name: Gi÷ÙR¸cÙNo2	 DelItem: Kim Phong §o¹t Hån Ngäc ®¸i
20:48:50	 Account: nam92hd8	Name: Gi÷ÙR¸cÙNo2	 DelItem: Kim Phong Thiªn Lý Th¶o Th­îng Phi
20:48:55	 Account: nam92hd8	Name: Gi÷ÙR¸cÙNo2	 DelItem: Kim Phong Lan §×nh Ngäc
20:56:09	 Account: nam92hd8	Name: Gi÷ÙR¸cÙNo2	 DelItem: Kim Phong Kú L©n HuyÕt
20:59:23	 Account: nam92hd8	Name: Gi÷ÙR¸cÙNo2	 DelItem: Kim Phong Tr¹c Liªn Quang
21:07:06	 Account: nam92hd8	Name: Gi÷ÙR¸cÙNo2	 DelItem: Kim Phong §ång T­íc Xu©n Th©m
21:10:31	 Account: nam92hd9	Name: Gi÷ÙR¸cÙNo3	 DelItem: Kim Phong Kú L©n HuyÕt
21:10:38	 Account: nam92hd9	Name: Gi÷ÙR¸cÙNo3	 DelItem: Kim Phong §o¹t Hån Ngäc ®¸i
21:10:45	 Account: nam92hd9	Name: Gi÷ÙR¸cÙNo3	 DelItem: Kim Phong §ång T­íc Xu©n Th©m
21:10:56	 Account: nam92hd9	Name: Gi÷ÙR¸cÙNo3	 DelItem: Kim Phong HËu NghÖ dÉn cung
21:11:02	 Account: nam92hd9	Name: Gi÷ÙR¸cÙNo3	 DelItem: Kim Phong Tr¹c Liªn Quang
21:11:07	 Account: nam92hd9	Name: Gi÷ÙR¸cÙNo3	 DelItem: Kim Phong Thiªn Lý Th¶o Th­îng Phi
21:11:12	 Account: nam92hd9	Name: Gi÷ÙR¸cÙNo3	 DelItem: Kim Phong Lan §×nh Ngäc
21:11:17	 Account: nam92hd9	Name: Gi÷ÙR¸cÙNo3	 DelItem: Kim Phong Thanh D­¬ng Kh«i
21:11:22	 Account: nam92hd9	Name: Gi÷ÙR¸cÙNo3	 DelItem: Kim Phong §ång T­íc Xu©n Th©m
21:13:24	 Account: nam92hd9	Name: Gi÷ÙR¸cÙNo3	 DelItem: Kim Phong §o¹t Hån Ngäc ®¸i
21:13:29	 Account: nam92hd9	Name: Gi÷ÙR¸cÙNo3	 DelItem: Kim Phong Lan §×nh Ngäc
21:13:40	 Account: nam92hd9	Name: Gi÷ÙR¸cÙNo3	 DelItem: Kim Phong Kú L©n HuyÕt
21:14:20	 Account: luukt53	Name: NgoalongVD	 DelItem: §å phæ Hoµng Kim - §Þnh Quèc XÝch Quyªn NhuyÔn Ngoa
21:14:20	 Account: luukt53	Name: NgoalongVD	 DelItem: §å phæ Hoµng Kim - §Þnh Quèc Ng©n Tµm Yªu ®¸i
21:14:20	 Account: luukt53	Name: NgoalongVD	 DelItem: §å phæ Hoµng Kim - An Bang Kª HuyÕt Th¹ch Giíi ChØ 
21:14:26	 Account: nam92hd9	Name: Gi÷ÙR¸cÙNo3	 DelItem: Kim Phong Tr¹c Liªn Quang
21:14:31	 Account: nam92hd9	Name: Gi÷ÙR¸cÙNo3	 DelItem: Kim Phong Thiªn Lý Th¶o Th­îng Phi
21:16:11	 Account: nam92hd9	Name: Gi÷ÙR¸cÙNo3	 DelItem: Tóc S­¬ng
21:44:47	 Account: nam92hd10	Name: Gi÷ÙR¸cÙNo5	 DelItem: Kim Phong §o¹t Hån Ngäc ®¸i
21:44:51	 Account: nam92hd10	Name: Gi÷ÙR¸cÙNo5	 DelItem: Kim Phong Tr¹c Liªn Quang
21:44:57	 Account: nam92hd10	Name: Gi÷ÙR¸cÙNo5	 DelItem: Kim Phong Kú L©n HuyÕt
21:45:42	 Account: nam92hd10	Name: Gi÷ÙR¸cÙNo5	 DelItem: Kim Phong Thiªn Lý Th¶o Th­îng Phi
21:45:47	 Account: nam92hd10	Name: Gi÷ÙR¸cÙNo5	 DelItem: Kim Phong §ång T­íc Xu©n Th©m
21:45:52	 Account: nam92hd10	Name: Gi÷ÙR¸cÙNo5	 DelItem: Kim Phong Lan §×nh Ngäc
21:47:04	 Account: nam92hd10	Name: Gi÷ÙR¸cÙNo5	 DelItem: Kim Phong Kú L©n HuyÕt
21:47:09	 Account: nam92hd10	Name: Gi÷ÙR¸cÙNo5	 DelItem: Kim Phong §o¹t Hån Ngäc ®¸i
21:47:19	 Account: nam92hd10	Name: Gi÷ÙR¸cÙNo5	 DelItem: Kim Phong HËu NghÖ dÉn cung
21:47:25	 Account: nam92hd10	Name: Gi÷ÙR¸cÙNo5	 DelItem: Kim Phong Thiªn Lý Th¶o Th­îng Phi
21:47:29	 Account: nam92hd10	Name: Gi÷ÙR¸cÙNo5	 DelItem: Kim Phong Tr¹c Liªn Quang
21:47:34	 Account: nam92hd10	Name: Gi÷ÙR¸cÙNo5	 DelItem: Kim Phong §ång T­íc Xu©n Th©m
21:47:38	 Account: nam92hd10	Name: Gi÷ÙR¸cÙNo5	 DelItem: Kim Phong Lan §×nh Ngäc
21:47:43	 Account: nam92hd10	Name: Gi÷ÙR¸cÙNo5	 DelItem: Kim Phong Thanh D­¬ng Kh«i
21:52:16	 Account: nam92hd10	Name: Gi÷ÙR¸cÙNo5	 DelItem: Tóc S­¬ng
21:52:25	 Account: nam92hd10	Name: Gi÷ÙR¸cÙNo5	 DelItem: Tóc S­¬ng
22:57:56	 Account: xuxuka06	Name: KaTaNa06	 DelItem: Kim Phong §ång T­íc Xu©n Th©m
22:57:56	 Account: xuxuka06	Name: KaTaNa06	 DelItem: Kim Phong §o¹t Hån Ngäc ®¸i
22:57:56	 Account: xuxuka06	Name: KaTaNa06	 DelItem: Kim Phong HËu NghÖ dÉn cung
22:57:56	 Account: xuxuka06	Name: KaTaNa06	 DelItem: Kim Phong C«ng CÈn Tam Th¸n
22:57:56	 Account: xuxuka06	Name: KaTaNa06	 DelItem: Kim Phong Lan §×nh Ngäc
22:57:56	 Account: xuxuka06	Name: KaTaNa06	 DelItem: Kim Phong Thanh D­¬ng Kh«i
22:57:56	 Account: xuxuka06	Name: KaTaNa06	 DelItem: Kim Phong Kú L©n HuyÕt
22:57:56	 Account: xuxuka06	Name: KaTaNa06	 DelItem: Kim Phong Tr¹c Liªn Quang
22:57:56	 Account: xuxuka06	Name: KaTaNa06	 DelItem: Kim Phong Thiªn Lý Th¶o Th­îng Phi
23:04:51	 Account: xuxuka07	Name: KaTaNa7	 DelItem: Kim Phong §ång T­íc Xu©n Th©m
23:04:51	 Account: xuxuka07	Name: KaTaNa7	 DelItem: Kim Phong §o¹t Hån Ngäc ®¸i
23:04:51	 Account: xuxuka07	Name: KaTaNa7	 DelItem: Kim Phong HËu NghÖ dÉn cung
23:04:51	 Account: xuxuka07	Name: KaTaNa7	 DelItem: Kim Phong C«ng CÈn Tam Th¸n
23:04:51	 Account: xuxuka07	Name: KaTaNa7	 DelItem: Kim Phong Lan §×nh Ngäc
23:04:51	 Account: xuxuka07	Name: KaTaNa7	 DelItem: Kim Phong Thanh D­¬ng Kh«i
23:04:51	 Account: xuxuka07	Name: KaTaNa7	 DelItem: Kim Phong Kú L©n HuyÕt
23:04:51	 Account: xuxuka07	Name: KaTaNa7	 DelItem: Kim Phong Tr¹c Liªn Quang
23:04:51	 Account: xuxuka07	Name: KaTaNa7	 DelItem: Kim Phong Thiªn Lý Th¶o Th­îng Phi
23:07:41	 Account: xuxuka08	Name: KaTaNa8	 DelItem: Kim Phong §ång T­íc Xu©n Th©m
23:07:41	 Account: xuxuka08	Name: KaTaNa8	 DelItem: Kim Phong §o¹t Hån Ngäc ®¸i
23:07:41	 Account: xuxuka08	Name: KaTaNa8	 DelItem: Kim Phong HËu NghÖ dÉn cung
23:07:41	 Account: xuxuka08	Name: KaTaNa8	 DelItem: Kim Phong C«ng CÈn Tam Th¸n
23:07:41	 Account: xuxuka08	Name: KaTaNa8	 DelItem: Kim Phong Lan §×nh Ngäc
23:07:41	 Account: xuxuka08	Name: KaTaNa8	 DelItem: Kim Phong Thanh D­¬ng Kh«i
23:07:41	 Account: xuxuka08	Name: KaTaNa8	 DelItem: Kim Phong Kú L©n HuyÕt
23:07:41	 Account: xuxuka08	Name: KaTaNa8	 DelItem: Kim Phong Tr¹c Liªn Quang
23:07:41	 Account: xuxuka08	Name: KaTaNa8	 DelItem: Kim Phong Thiªn Lý Th¶o Th­îng Phi
23:09:52	 Account: xuxuka09	Name: KaTaNa09	 DelItem: Kim Phong §ång T­íc Xu©n Th©m
23:09:52	 Account: xuxuka09	Name: KaTaNa09	 DelItem: Kim Phong §o¹t Hån Ngäc ®¸i
23:09:52	 Account: xuxuka09	Name: KaTaNa09	 DelItem: Kim Phong HËu NghÖ dÉn cung
23:09:52	 Account: xuxuka09	Name: KaTaNa09	 DelItem: Kim Phong C«ng CÈn Tam Th¸n
23:09:52	 Account: xuxuka09	Name: KaTaNa09	 DelItem: Kim Phong Lan §×nh Ngäc
23:09:52	 Account: xuxuka09	Name: KaTaNa09	 DelItem: Kim Phong Thanh D­¬ng Kh«i
23:09:52	 Account: xuxuka09	Name: KaTaNa09	 DelItem: Kim Phong Kú L©n HuyÕt
23:09:52	 Account: xuxuka09	Name: KaTaNa09	 DelItem: Kim Phong Tr¹c Liªn Quang
23:09:52	 Account: xuxuka09	Name: KaTaNa09	 DelItem: Kim Phong Thiªn Lý Th¶o Th­îng Phi
23:14:24	 Account: nam92hd	Name: HáaThÇnÙV«Song	 DelItem: Kim Phong Thiªn Lý Th¶o Th­îng Phi
23:31:05	 Account: thoakhungzz6	Name: KinhBáMÑ	 DelItem: Tóc S­¬ng
23:52:13	 Account: nam92hd	Name: HáaThÇnÙV«Song	 DelItem: Kim Phong §ång T­íc Xu©n Th©m
23:57:49	 Account: sarin	Name: DocXinh6	 DelItem: Kim Phong Lan §×nh Ngäc
