01:29:17	 Account: vantuan1	Name: VuaMãcLèp	 DelItem: CÈm nang ®ång hµnh
01:44:04	 Account: vantuan5	Name: ¤ngÙNéi	 DelItem: CÈm nang ®ång hµnh
02:06:58	 Account: hieuad	Name: AdminÙSHXT	 DelItem: [H¹n chÕ thêi gian] Thiªn Quang §Þa Hµnh Thiªn Lý  Ngoa
02:06:58	 Account: hieuad	Name: AdminÙSHXT	 DelItem: [§Þnh thêi] Thiªn Ngoa Thóc Thiªn Phäc §Þa Hoµn
02:06:58	 Account: hieuad	Name: AdminÙSHXT	 DelItem: S©m Hoang Phi Tinh §o¹t Hån
02:06:58	 Account: hieuad	Name: AdminÙSHXT	 DelItem: Thiªn Quang Song B¹o Hµn ThiÕt Tr¹c
02:06:58	 Account: hieuad	Name: AdminÙSHXT	 DelItem: Thiªn Quang S©m La Thóc §¸i
02:06:58	 Account: hieuad	Name: AdminÙSHXT	 DelItem: Thiªn Quang §Þnh T©m Ng­ng ThÇn Phï 
02:06:58	 Account: hieuad	Name: AdminÙSHXT	 DelItem: Thiªn Quang Hoa Vò M¹n Thiªn
02:08:50	 Account: hieuad	Name: AdminÙSHXT	 DelItem: Thiªn Quang Thóc Thiªn Ph­îc §Þa Hoµn
02:13:48	 Account: hieuad	Name: AdminÙSHXT	 DelItem: [H¹n chÕ thêi gian] Méng Long Tö Kim B¸t Nh· Giíi
02:13:48	 Account: hieuad	Name: AdminÙSHXT	 DelItem: Phôc Ma Tö Kim C«n
02:13:48	 Account: hieuad	Name: AdminÙSHXT	 DelItem: Méng Long §¹t Ma T¨ng hµi
02:13:48	 Account: hieuad	Name: AdminÙSHXT	 DelItem: Méng Long PhËt Ph¸p HuyÒn Béi
02:13:48	 Account: hieuad	Name: AdminÙSHXT	 DelItem: Méng Long HuyÒn Ti Ph¸t ®¸i
02:13:48	 Account: hieuad	Name: AdminÙSHXT	 DelItem: Méng Long Kim Ti ChÝnh Hång Cµ Sa
02:16:19	 Account: hieuad	Name: AdminÙSHXT	 DelItem: [H¹n chÕ thêi gian] Tø Kh«ng §¹t Ma T¨ng Hµi
02:16:19	 Account: hieuad	Name: AdminÙSHXT	 DelItem: [H¹n chÕ thêi gian] Phôc Ma V« L­îng Kim Cang UyÓn
02:16:19	 Account: hieuad	Name: AdminÙSHXT	 DelItem: [H¹n chÕ thêi gian] Méng Long Tö Kim B¸t Nh· Giíi
02:16:19	 Account: hieuad	Name: AdminÙSHXT	 DelItem: Méng Long ChÝnh Hång T¨ng M·o
02:17:29	 Account: hieuad	Name: AdminÙSHXT	 DelItem: Méng Long §¹t Ma T¨ng hµi
02:17:29	 Account: hieuad	Name: AdminÙSHXT	 DelItem: Méng Long Kim Ti ChÝnh Hång Cµ Sa
02:17:40	 Account: hieuad	Name: AdminÙSHXT	 DelItem: Méng Long PhËt Ph¸p HuyÒn Béi
02:17:40	 Account: hieuad	Name: AdminÙSHXT	 DelItem: Méng Long HuyÒn Ti Ph¸t ®¸i
02:17:40	 Account: hieuad	Name: AdminÙSHXT	 DelItem: Méng Long ChÝnh Hång T¨ng M·o
02:19:49	 Account: hieuad	Name: AdminÙSHXT	 DelItem: Tø Kh«ng NhuyÔn B× Hé UyÓn
02:19:49	 Account: hieuad	Name: AdminÙSHXT	 DelItem: Tø Kh«ng Hé ph¸p Yªu ®¸i
02:19:49	 Account: hieuad	Name: AdminÙSHXT	 DelItem: Tø Kh«ng Tö Kim Cµ Sa
02:19:49	 Account: hieuad	Name: AdminÙSHXT	 DelItem: Tø Kh«ng Gi¸ng Ma Giíi ®ao
02:27:56	 Account: hieuad	Name: AdminÙSHXT	 DelItem: Tø Kh«ng Giíi LuËt Ph¸p giíi
02:31:19	 Account: hieuad	Name: AdminÙSHXT	 DelItem: Méng Long §¹t Ma T¨ng hµi
02:31:19	 Account: hieuad	Name: AdminÙSHXT	 DelItem: Méng Long HuyÒn Ti Ph¸t ®¸i
02:31:19	 Account: hieuad	Name: AdminÙSHXT	 DelItem: Méng Long Kim Ti ChÝnh Hång Cµ Sa
02:31:19	 Account: hieuad	Name: AdminÙSHXT	 DelItem: Méng Long ChÝnh Hång T¨ng M·o
02:31:19	 Account: hieuad	Name: AdminÙSHXT	 DelItem: [H¹n chÕ thêi gian] Thiªn Quang §Þa Hµnh Thiªn Lý  Ngoa
02:31:26	 Account: hieuad	Name: AdminÙSHXT	 DelItem: Méng Long PhËt Ph¸p HuyÒn Béi
02:36:52	 Account: hieuad	Name: AdminÙSHXT	 DelItem: Méng Long §¹t Ma T¨ng hµi
02:36:52	 Account: hieuad	Name: AdminÙSHXT	 DelItem: Méng Long PhËt Ph¸p HuyÒn Béi
02:36:52	 Account: hieuad	Name: AdminÙSHXT	 DelItem: [H¹n chÕ thêi gian] Méng Long Tö Kim B¸t Nh· Giíi
02:36:52	 Account: hieuad	Name: AdminÙSHXT	 DelItem: Méng Long HuyÒn Ti Ph¸t ®¸i
02:36:52	 Account: hieuad	Name: AdminÙSHXT	 DelItem: Méng Long Kim Ti ChÝnh Hång Cµ Sa
02:36:52	 Account: hieuad	Name: AdminÙSHXT	 DelItem: Méng Long ChÝnh Hång T¨ng M·o
02:42:02	 Account: hieuad	Name: AdminÙSHXT	 DelItem: [H¹n chÕ thêi gian] Méng Long Tö Kim B¸t Nh· Giíi
02:42:02	 Account: hieuad	Name: AdminÙSHXT	 DelItem: [H¹n chÕ thêi gian] Méng Long Tö Kim B¸t Nh· Giíi
02:42:02	 Account: hieuad	Name: AdminÙSHXT	 DelItem: [H¹n chÕ thêi gian] Méng Long Tö Kim B¸t Nh· Giíi
02:42:12	 Account: hieuad	Name: AdminÙSHXT	 DelItem: [H¹n chÕ thêi gian] Méng Long Tö Kim B¸t Nh· Giíi
02:42:12	 Account: hieuad	Name: AdminÙSHXT	 DelItem: [H¹n chÕ thêi gian] Méng Long Tö Kim B¸t Nh· Giíi
02:42:12	 Account: hieuad	Name: AdminÙSHXT	 DelItem: [H¹n chÕ thêi gian] Méng Long Tö Kim B¸t Nh· Giíi
02:42:29	 Account: vantuan1	Name: AdminÙQu©yT©y	 DelItem: CÈm nang ®ång hµnh
02:46:24	 Account: hieuad	Name: AdminÙSHXT	 DelItem: Méng Long HuyÒn Ti Ph¸t ®¸i
02:46:24	 Account: hieuad	Name: AdminÙSHXT	 DelItem: Méng Long Kim Ti ChÝnh Hång Cµ Sa
02:46:24	 Account: hieuad	Name: AdminÙSHXT	 DelItem: Méng Long ChÝnh Hång T¨ng M·o
02:46:31	 Account: hieuad	Name: AdminÙSHXT	 DelItem: [H¹n chÕ thêi gian] Méng Long Tö Kim B¸t Nh· Giíi
02:46:31	 Account: hieuad	Name: AdminÙSHXT	 DelItem: Méng Long PhËt Ph¸p HuyÒn Béi
02:48:50	 Account: hieuad	Name: AdminÙSHXT	 DelItem: Méng Long §¹t Ma T¨ng hµi
02:48:50	 Account: hieuad	Name: AdminÙSHXT	 DelItem: Méng Long Kim Ti ChÝnh Hång Cµ Sa
02:48:50	 Account: hieuad	Name: AdminÙSHXT	 DelItem: Méng Long ChÝnh Hång T¨ng M·o
02:49:05	 Account: hieuad	Name: AdminÙSHXT	 DelItem: [H¹n chÕ thêi gian] Méng Long Tö Kim B¸t Nh· Giíi
02:49:05	 Account: hieuad	Name: AdminÙSHXT	 DelItem: Méng Long PhËt Ph¸p HuyÒn Béi
02:49:05	 Account: hieuad	Name: AdminÙSHXT	 DelItem: Méng Long HuyÒn Ti Ph¸t ®¸i
02:56:47	 Account: hieuad	Name: AdminÙSHXT	 DelItem: Phôc Ma Phæ §é T¨ng hµi
02:56:47	 Account: hieuad	Name: AdminÙSHXT	 DelItem: Phôc Ma HuyÒn Hoµng Cµ Sa
02:56:47	 Account: hieuad	Name: AdminÙSHXT	 DelItem: Phôc Ma Tö Kim C«n
02:57:00	 Account: hieuad	Name: AdminÙSHXT	 DelItem: [H¹n chÕ thêi gian] Phôc Ma V« L­îng Kim Cang UyÓn
02:57:00	 Account: hieuad	Name: AdminÙSHXT	 DelItem: Phôc Ma PhËt T©m NhuyÔn KhÊu
02:57:00	 Account: hieuad	Name: AdminÙSHXT	 DelItem: Phôc Ma ¤ Kim NhuyÔn §iÒu
03:01:53	 Account: hieuad	Name: AdminÙSHXT	 DelItem: H¸m Thiªn Uy Vò Thóc yªu ®¸i
03:01:53	 Account: hieuad	Name: AdminÙSHXT	 DelItem: H¸m Thiªn Vò ThÇn T­¬ng Kim Gi¸p
03:01:53	 Account: hieuad	Name: AdminÙSHXT	 DelItem: H¸m Thiªn Kim Hoµn §¹i Nh·n ThÇn Chïy
03:02:00	 Account: hieuad	Name: AdminÙSHXT	 DelItem: H¸m Thiªn Thõa Long ChiÕn Ngoa
03:02:00	 Account: hieuad	Name: AdminÙSHXT	 DelItem: H¸m Thiªn Hæ ®Çu KhÈn Thóc UyÓn
13:33:31	 Account: lamxung	Name: adidaphap	 DelItem: Tø Kh«ng NhuyÔn B× Hé UyÓn
13:33:31	 Account: lamxung	Name: adidaphap	 DelItem: Tø Kh«ng Hé ph¸p Yªu ®¸i
13:33:31	 Account: lamxung	Name: adidaphap	 DelItem:  §å phæ Hoµng Kim - §Þnh Quèc Ng©n Tµm Yªu ®¸i
13:33:31	 Account: lamxung	Name: adidaphap	 DelItem:  §å phæ Hoµng Kim - §Þnh Quèc Thanh Sa Tr­êng Sam
13:35:49	 Account: lamxung	Name: adidaphap	 DelItem: Tø Kh«ng Tö Kim Cµ Sa
13:35:49	 Account: lamxung	Name: adidaphap	 DelItem: Tø Kh«ng Gi¸ng Ma Giíi ®ao
13:35:49	 Account: lamxung	Name: adidaphap	 DelItem:  §å phæ Hoµng Kim - §Þnh Quèc Tö §»ng Hé uyÓn
13:35:49	 Account: lamxung	Name: adidaphap	 DelItem:  §å phæ Hoµng Kim - §Þnh Quèc XÝch Quyªn NhuyÔn Ngoa
13:35:49	 Account: lamxung	Name: adidaphap	 DelItem:  §å phæ Hoµng Kim - §Þnh Quèc ¤ Sa Ph¸t Qu¸n
13:36:35	 Account: lamxung	Name: adidaphap	 DelItem: [H¹n chÕ thêi gian] Tø Kh«ng §¹t Ma T¨ng Hµi
13:36:35	 Account: lamxung	Name: adidaphap	 DelItem: Tø Kh«ng Giíi LuËt Ph¸p giíi
13:36:35	 Account: lamxung	Name: adidaphap	 DelItem: Tø Kh«ng NhuyÔn B× Hé UyÓn
13:36:35	 Account: lamxung	Name: adidaphap	 DelItem: Tø Kh«ng Hé ph¸p Yªu ®¸i
13:36:35	 Account: lamxung	Name: adidaphap	 DelItem: Tø Kh«ng Tö Kim Cµ Sa
13:36:35	 Account: lamxung	Name: adidaphap	 DelItem: Tø Kh«ng Gi¸ng Ma Giíi ®ao
13:44:47	 Account: lamxung	Name: adidaphap	 DelItem: TiÒn ®ång
13:46:35	 Account: lamxung	Name: adidaphap	 DelItem: Lôc PhØ Thóy Hé Th©n phï 
13:46:35	 Account: lamxung	Name: adidaphap	 DelItem: Lôc PhØ Thóy Hé Th©n phï 
13:46:35	 Account: lamxung	Name: adidaphap	 DelItem: Lôc PhØ Thóy Hé Th©n phï 
13:46:35	 Account: lamxung	Name: adidaphap	 DelItem: Lôc PhØ Thóy Hé Th©n phï 
13:46:35	 Account: lamxung	Name: adidaphap	 DelItem: Lôc PhØ Thóy Hé Th©n phï 
13:46:35	 Account: lamxung	Name: adidaphap	 DelItem: Lôc PhØ Thóy Hé Th©n phï 
13:46:35	 Account: lamxung	Name: adidaphap	 DelItem: Lôc PhØ Thóy Hé Th©n phï 
13:46:35	 Account: lamxung	Name: adidaphap	 DelItem: Lôc PhØ Thóy Hé Th©n phï 
13:46:35	 Account: lamxung	Name: adidaphap	 DelItem: Lôc PhØ Thóy Hé Th©n phï 
13:46:35	 Account: lamxung	Name: adidaphap	 DelItem: Lôc PhØ Thóy Hé Th©n phï 
13:46:35	 Account: lamxung	Name: adidaphap	 DelItem: Lôc PhØ Thóy Hé Th©n phï 
13:46:35	 Account: lamxung	Name: adidaphap	 DelItem: TiÒn ®ång
13:46:35	 Account: lamxung	Name: adidaphap	 DelItem: TiÒn ®ång
13:46:58	 Account: lamxung	Name: adidaphap	 DelItem: Lôc PhØ Thóy Hé Th©n phï 
13:46:58	 Account: lamxung	Name: adidaphap	 DelItem: Lôc PhØ Thóy Hé Th©n phï 
13:46:58	 Account: lamxung	Name: adidaphap	 DelItem: Lôc PhØ Thóy Hé Th©n phï 
13:46:58	 Account: lamxung	Name: adidaphap	 DelItem: Lôc PhØ Thóy Hé Th©n phï 
13:46:58	 Account: lamxung	Name: adidaphap	 DelItem: Lôc PhØ Thóy Hé Th©n phï 
13:46:58	 Account: lamxung	Name: adidaphap	 DelItem: Lôc PhØ Thóy Hé Th©n phï 
13:46:58	 Account: lamxung	Name: adidaphap	 DelItem: Lôc PhØ Thóy Hé Th©n phï 
13:46:58	 Account: lamxung	Name: adidaphap	 DelItem: Lôc PhØ Thóy Hé Th©n phï 
13:46:58	 Account: lamxung	Name: adidaphap	 DelItem: TiÒn ®ång
13:46:58	 Account: lamxung	Name: adidaphap	 DelItem: TiÒn ®ång
14:00:59	 Account: lamxung	Name: adidaphap	 DelItem: D­¬ng Chi B¹ch Ngäc
14:00:59	 Account: lamxung	Name: adidaphap	 DelItem: B¹ch Kim Yªu §¸i
14:00:59	 Account: lamxung	Name: adidaphap	 DelItem: B¹ch Kim Yªu §¸i
14:00:59	 Account: lamxung	Name: adidaphap	 DelItem: B¹ch Kim Yªu §¸i
14:00:59	 Account: lamxung	Name: adidaphap	 DelItem: B¹ch Kim Yªu §¸i
14:00:59	 Account: lamxung	Name: adidaphap	 DelItem: B¹ch Kim Yªu §¸i
14:33:51	 Account: lamxung	Name: adidaphap	 DelItem: B«n Tiªu
14:43:46	 Account: lamxung	Name: adidaphap	 DelItem: B«n Tiªu
20:55:40	 Account: sangtpbrvt	Name: SangTp	 DelItem: Lan Hoa H­¬ng Nang
20:55:40	 Account: sangtpbrvt	Name: SangTp	 DelItem: V« Ma Ma Ni qu¸n
20:55:40	 Account: sangtpbrvt	Name: SangTp	 DelItem: V« Ma Tö Kh©m Cµ Sa
20:55:40	 Account: sangtpbrvt	Name: SangTp	 DelItem: V« Ma B¨ng Tinh ChØ Hoµn
20:55:40	 Account: sangtpbrvt	Name: SangTp	 DelItem: V« Ma TÈy T­îng Ngäc KhÊu 
20:55:40	 Account: sangtpbrvt	Name: SangTp	 DelItem: V« Ma Hång Truy NhuyÔn Th¸p hµi
20:55:40	 Account: sangtpbrvt	Name: SangTp	 DelItem: [H¹n chÕ thêi gian] V« YÓm Thu Thñy L­u Quang §¸i
23:57:18	 Account: vuduymanhhp	Name: 1111111111111111	 DelItem: Nga Mi  PhËt Quang Ch­ëng MËt TÞch
23:57:18	 Account: vuduymanhhp	Name: 1111111111111111	 DelItem: DiÖt KiÕm MËt TÞch
23:57:18	 Account: vuduymanhhp	Name: 1111111111111111	 DelItem: Phi Tiªu thuËt. Cöu Cung Phi Tinh
23:57:18	 Account: vuduymanhhp	Name: 1111111111111111	 DelItem: ThiÕu L©m C«n ph¸p. QuyÓn 2
23:57:18	 Account: vuduymanhhp	Name: 1111111111111111	 DelItem: ThiÕu L©m §ao ph¸p. QuyÓn 3
23:57:18	 Account: vuduymanhhp	Name: 1111111111111111	 DelItem: Ngò §éc NhiÕp T©m thuËt. QuyÓn 3
23:57:18	 Account: vuduymanhhp	Name: 1111111111111111	 DelItem: Ngò §éc §ao ph¸p. QuyÓn 2
23:57:18	 Account: vuduymanhhp	Name: 1111111111111111	 DelItem: Ngò §éc Ch­ëng Ph¸p. QuyÓn 1
23:57:40	 Account: vuduymanhhp	Name: 1111111111111111	 DelItem: Th¸i Cùc KiÕm Phæ. QuyÓn 2
23:57:40	 Account: vuduymanhhp	Name: 1111111111111111	 DelItem: NhiÕp Hån. Chó thuËt
23:57:40	 Account: vuduymanhhp	Name: 1111111111111111	 DelItem: V©n Long KÝch. M©u ph¸p
23:57:40	 Account: vuduymanhhp	Name: 1111111111111111	 DelItem: L­u Tinh. §ao ph¸p
23:57:40	 Account: vuduymanhhp	Name: 1111111111111111	 DelItem: C¸i Bang Ch­ëng Ph¸p
23:57:40	 Account: vuduymanhhp	Name: 1111111111111111	 DelItem: C¸i Bang C«n ph¸p
23:57:40	 Account: vuduymanhhp	Name: 1111111111111111	 DelItem: H·m TÜnh thuËt.Lo¹n Hoµn KÝch
23:57:40	 Account: vuduymanhhp	Name: 1111111111111111	 DelItem: Tô TiÔn thuËt. B¹o Vò Lª Hoa
23:57:40	 Account: vuduymanhhp	Name: 1111111111111111	 DelItem: Thiªn V­¬ng Th­¬ng ph¸p. QuyÓn 2
23:58:43	 Account: vuduymanhhp	Name: 1111111111111111	 DelItem: Ngù T©m thuËt
23:58:43	 Account: vuduymanhhp	Name: 1111111111111111	 DelItem: Ngù L«i thuËt
23:58:43	 Account: vuduymanhhp	Name: 1111111111111111	 DelItem: Ngù Phong thuËt
23:58:43	 Account: vuduymanhhp	Name: 1111111111111111	 DelItem: Thóy Yªn Song ®ao
23:58:43	 Account: vuduymanhhp	Name: 1111111111111111	 DelItem: Thóy Yªn §ao ph¸p
23:58:43	 Account: vuduymanhhp	Name: 1111111111111111	 DelItem: Phæ §é MËt TÞch
23:58:43	 Account: vuduymanhhp	Name: 1111111111111111	 DelItem: Thiªn V­¬ng Chïy Ph¸p. QuyÓn 1
23:58:43	 Account: vuduymanhhp	Name: 1111111111111111	 DelItem: Thiªn V­¬ng §ao ph¸p.QuyÓn 3
23:58:43	 Account: vuduymanhhp	Name: 1111111111111111	 DelItem: ThiÕu L©m QuyÒn Ph¸p. QuyÓn 1
