08:29:14	 Account: kuronasy	Name: SlockÙHome	 DelItem: Lam Thñy Tinh
08:55:05	 Account: kuronasy	Name: SlockÙLife	 DelItem: B¾c §Èu ThuÇn M· ThuËt
13:40:45	 Account: vunguyen83	Name: VuVuVnn	 DelItem: TiÒn ®ång
13:40:45	 Account: vunguyen83	Name: VuVuVnn	 DelItem: TiÒn ®ång
16:38:31	 Account: hongvan	Name: despacito	 DelItem: L­u Tinh. §ao ph¸p
16:38:31	 Account: hongvan	Name: despacito	 DelItem: Nga Mi  PhËt Quang Ch­ëng MËt TÞch
16:38:31	 Account: hongvan	Name: despacito	 DelItem: DiÖt KiÕm MËt TÞch
16:38:31	 Account: hongvan	Name: despacito	 DelItem: ThiÕu L©m §ao ph¸p. QuyÓn 3
16:38:31	 Account: hongvan	Name: despacito	 DelItem: Ngò §éc NhiÕp T©m thuËt. QuyÓn 3
16:38:31	 Account: hongvan	Name: despacito	 DelItem: Tiªn Th¶o Lé 
16:38:31	 Account: hongvan	Name: despacito	 DelItem: Tiªn Th¶o Lé 
16:38:31	 Account: hongvan	Name: despacito	 DelItem: Tiªn Th¶o Lé 
16:38:31	 Account: hongvan	Name: despacito	 DelItem: Tiªn Th¶o Lé 
16:38:31	 Account: hongvan	Name: despacito	 DelItem: Tiªn Th¶o Lé 
16:38:31	 Account: hongvan	Name: despacito	 DelItem: Tiªn Th¶o Lé 
16:38:31	 Account: hongvan	Name: despacito	 DelItem: Tiªn Th¶o Lé 
16:38:31	 Account: hongvan	Name: despacito	 DelItem: Tiªn Th¶o Lé 
16:38:31	 Account: hongvan	Name: despacito	 DelItem: Tiªn Th¶o Lé 
16:38:31	 Account: hongvan	Name: despacito	 DelItem: Tiªn Th¶o Lé 
16:38:31	 Account: hongvan	Name: despacito	 DelItem: Tiªn Th¶o Lé 
16:38:31	 Account: hongvan	Name: despacito	 DelItem: Tiªn Th¶o Lé 
16:38:31	 Account: hongvan	Name: despacito	 DelItem: Tiªn Th¶o Lé 
16:38:31	 Account: hongvan	Name: despacito	 DelItem: Tiªn Th¶o Lé 
16:38:31	 Account: hongvan	Name: despacito	 DelItem: Tiªn Th¶o Lé 
16:38:31	 Account: hongvan	Name: despacito	 DelItem: Tiªn Th¶o Lé 
16:38:31	 Account: hongvan	Name: despacito	 DelItem: Tiªn Th¶o Lé 
16:38:31	 Account: hongvan	Name: despacito	 DelItem: Tiªn Th¶o Lé 
16:38:31	 Account: hongvan	Name: despacito	 DelItem: Tiªn Th¶o Lé 
16:39:02	 Account: hongvan	Name: despacito	 DelItem: Ngù T©m thuËt
16:39:02	 Account: hongvan	Name: despacito	 DelItem: Ngù L«i thuËt
16:39:02	 Account: hongvan	Name: despacito	 DelItem: Ngù Phong thuËt
16:39:02	 Account: hongvan	Name: despacito	 DelItem: Th¸i Cùc KiÕm Phæ. QuyÓn 2
16:39:02	 Account: hongvan	Name: despacito	 DelItem: NhiÕp Hån. Chó thuËt
16:39:02	 Account: hongvan	Name: despacito	 DelItem: V©n Long KÝch. M©u ph¸p
16:39:02	 Account: hongvan	Name: despacito	 DelItem: C¸i Bang Ch­ëng Ph¸p
16:39:02	 Account: hongvan	Name: despacito	 DelItem: C¸i Bang C«n ph¸p
16:39:02	 Account: hongvan	Name: despacito	 DelItem: Thóy Yªn Song ®ao
16:39:02	 Account: hongvan	Name: despacito	 DelItem: Thóy Yªn §ao ph¸p
16:39:02	 Account: hongvan	Name: despacito	 DelItem: Phæ §é MËt TÞch
16:39:02	 Account: hongvan	Name: despacito	 DelItem: H·m TÜnh thuËt.Lo¹n Hoµn KÝch
16:39:02	 Account: hongvan	Name: despacito	 DelItem: Phi Tiªu thuËt. Cöu Cung Phi Tinh
16:39:02	 Account: hongvan	Name: despacito	 DelItem: Tô TiÔn thuËt. B¹o Vò Lª Hoa
16:39:02	 Account: hongvan	Name: despacito	 DelItem: Thiªn V­¬ng Th­¬ng ph¸p. QuyÓn 2
16:39:02	 Account: hongvan	Name: despacito	 DelItem: Thiªn V­¬ng Chïy Ph¸p. QuyÓn 1
16:39:02	 Account: hongvan	Name: despacito	 DelItem: Thiªn V­¬ng §ao ph¸p.QuyÓn 3
16:39:02	 Account: hongvan	Name: despacito	 DelItem: ThiÕu L©m QuyÒn Ph¸p. QuyÓn 1
16:39:02	 Account: hongvan	Name: despacito	 DelItem: ThiÕu L©m C«n ph¸p. QuyÓn 2
16:39:02	 Account: hongvan	Name: despacito	 DelItem: Ngò §éc §ao ph¸p. QuyÓn 2
16:39:02	 Account: hongvan	Name: despacito	 DelItem: Ngò §éc Ch­ëng Ph¸p. QuyÓn 1
16:39:09	 Account: hongvan	Name: despacito	 DelItem: Tiªn Th¶o Lé 
16:39:09	 Account: hongvan	Name: despacito	 DelItem: Tiªn Th¶o Lé 
16:39:09	 Account: hongvan	Name: despacito	 DelItem: Tiªn Th¶o Lé 
16:39:09	 Account: hongvan	Name: despacito	 DelItem: Tiªn Th¶o Lé 
19:34:56	 Account: vunguyen83	Name: VuVuVnn	 DelItem: TiÒn ®ång
19:34:56	 Account: vunguyen83	Name: VuVuVnn	 DelItem: TiÒn ®ång
19:34:56	 Account: vunguyen83	Name: VuVuVnn	 DelItem: TiÒn ®ång
19:34:56	 Account: vunguyen83	Name: VuVuVnn	 DelItem: TiÒn ®ång
19:34:56	 Account: vunguyen83	Name: VuVuVnn	 DelItem: TiÒn ®ång
20:27:34	 Account: vunguyen83	Name: VuVuVnn	 DelItem: Lôc Thñy Tinh
20:32:12	 Account: vunguyen83	Name: VuVuVnn	 DelItem: Tinh Hång B¶o Th¹ch
20:32:12	 Account: vunguyen83	Name: VuVuVnn	 DelItem: Tinh Hång B¶o Th¹ch
20:32:12	 Account: vunguyen83	Name: VuVuVnn	 DelItem: Tinh Hång B¶o Th¹ch
20:32:12	 Account: vunguyen83	Name: VuVuVnn	 DelItem: Tinh Hång B¶o Th¹ch
20:32:12	 Account: vunguyen83	Name: VuVuVnn	 DelItem: Tinh Hång B¶o Th¹ch
20:32:12	 Account: vunguyen83	Name: VuVuVnn	 DelItem: Tinh Hång B¶o Th¹ch
20:32:12	 Account: vunguyen83	Name: VuVuVnn	 DelItem: TiÒn ®ång
20:32:12	 Account: vunguyen83	Name: VuVuVnn	 DelItem: TiÒn ®ång
20:32:12	 Account: vunguyen83	Name: VuVuVnn	 DelItem: TiÒn ®ång
20:32:12	 Account: vunguyen83	Name: VuVuVnn	 DelItem: TiÒn ®ång
20:32:12	 Account: vunguyen83	Name: VuVuVnn	 DelItem: TiÒn ®ång
21:03:27	 Account: thanhbinh1504	Name: Ta§iT×mEm	 DelItem: Tø Kh«ng Tö Kim Cµ Sa
21:09:02	 Account: thanhbinh1504	Name: Ta§iT×mEm	 DelItem: Méng Long §¹t Ma T¨ng hµi
21:10:44	 Account: loncume1	Name: gwegfte	 DelItem: §ång Cõu Gi¸ng Long C¸i Y
22:27:07	 Account: vunguyen83	Name: VuVuVnn	 DelItem: TiÒn ®ång
22:27:07	 Account: vunguyen83	Name: VuVuVnn	 DelItem: TiÒn ®ång
22:27:07	 Account: vunguyen83	Name: VuVuVnn	 DelItem: TiÒn ®ång
