00:00:00	 Account: nam92hd	Name: LµmTýLöaKh«ngEm	 DelItem: Kim Phong §o¹t Hån Ngäc ®¸i
00:00:08	 Account: nam92hd	Name: LµmTýLöaKh«ngEm	 DelItem: Kim Phong §ång T­íc Xu©n Th©m
00:00:25	 Account: nam92hd	Name: LµmTýLöaKh«ngEm	 DelItem: Kim Phong Thanh D­¬ng Kh«i
00:00:29	 Account: haivlc2	Name: EmLµSè02	 DelItem: Kim Phong HËu NghÖ dÉn cung
00:00:29	 Account: haivlc2	Name: EmLµSè02	 DelItem: Kim Phong Lan §×nh Ngäc
00:00:29	 Account: haivlc2	Name: EmLµSè02	 DelItem: Kim Phong Kú L©n HuyÕt
00:00:29	 Account: haivlc2	Name: EmLµSè02	 DelItem: Kim Phong Tr¹c Liªn Quang
00:00:29	 Account: haivlc2	Name: EmLµSè02	 DelItem: Kim Phong Thiªn Lý Th¶o Th­îng Phi
00:00:29	 Account: haivlc2	Name: EmLµSè02	 DelItem: Kim Phong Thanh D­¬ng Kh«i
00:00:29	 Account: haivlc2	Name: EmLµSè02	 DelItem: Kim Phong Lan §×nh Ngäc
00:00:29	 Account: haivlc2	Name: EmLµSè02	 DelItem: Kim Phong HËu NghÖ dÉn cung
00:00:30	 Account: nam92hd	Name: LµmTýLöaKh«ngEm	 DelItem: Kim Phong Lan §×nh Ngäc
00:00:31	 Account: gamethu	Name: KhaiCheckGame	 DelItem: Kim Phong §o¹t Hån Ngäc ®¸i
00:00:31	 Account: gamethu	Name: KhaiCheckGame	 DelItem: Kim Phong HËu NghÖ dÉn cung
00:00:31	 Account: gamethu	Name: KhaiCheckGame	 DelItem: Kim Phong Lan §×nh Ngäc
00:00:31	 Account: gamethu	Name: KhaiCheckGame	 DelItem: Kim Phong Thanh D­¬ng Kh«i
00:00:31	 Account: gamethu	Name: KhaiCheckGame	 DelItem: Kim Phong Kú L©n HuyÕt
00:00:31	 Account: gamethu	Name: KhaiCheckGame	 DelItem: Kim Phong Tr¹c Liªn Quang
00:00:31	 Account: gamethu	Name: KhaiCheckGame	 DelItem: Kim Phong Thiªn Lý Th¶o Th­îng Phi
00:00:46	 Account: nam92hd	Name: LµmTýLöaKh«ngEm	 DelItem: Kim Phong Lan §×nh Ngäc
00:00:52	 Account: nam92hd	Name: LµmTýLöaKh«ngEm	 DelItem: Kim Phong C«ng CÈn Tam Th¸n
00:00:53	 Account: haivlc2	Name: EmLµSè02	 DelItem: Kim Phong C«ng CÈn Tam Th¸n
00:00:53	 Account: haivlc2	Name: EmLµSè02	 DelItem: Kim Phong §ång T­íc Xu©n Th©m
00:00:53	 Account: haivlc2	Name: EmLµSè02	 DelItem: Kim Phong §o¹t Hån Ngäc ®¸i
00:00:53	 Account: haivlc2	Name: EmLµSè02	 DelItem: Kim Phong Thanh D­¬ng Kh«i
00:00:53	 Account: haivlc2	Name: EmLµSè02	 DelItem: Kim Phong Thiªn Lý Th¶o Th­îng Phi
00:00:53	 Account: haivlc2	Name: EmLµSè02	 DelItem: Kim Phong Tr¹c Liªn Quang
00:00:53	 Account: haivlc2	Name: EmLµSè02	 DelItem: Kim Phong Kú L©n HuyÕt
00:00:53	 Account: haivlc2	Name: EmLµSè02	 DelItem: Kim Phong C«ng CÈn Tam Th¸n
00:00:53	 Account: haivlc2	Name: EmLµSè02	 DelItem: Kim Phong §o¹t Hån Ngäc ®¸i
00:00:53	 Account: haivlc2	Name: EmLµSè02	 DelItem: Kim Phong §ång T­íc Xu©n Th©m
00:01:03	 Account: nam92hd	Name: LµmTýLöaKh«ngEm	 DelItem: Kim Phong §ång T­íc Xu©n Th©m
00:01:10	 Account: vunguyen1985	Name: ThanhThanh	 DelItem: Kim Phong §ång T­íc Xu©n Th©m
00:01:10	 Account: vunguyen1985	Name: ThanhThanh	 DelItem: Kim Phong §o¹t Hån Ngäc ®¸i
00:01:10	 Account: vunguyen1985	Name: ThanhThanh	 DelItem: Kim Phong HËu NghÖ dÉn cung
00:01:10	 Account: vunguyen1985	Name: ThanhThanh	 DelItem: Kim Phong C«ng CÈn Tam Th¸n
00:01:10	 Account: vunguyen1985	Name: ThanhThanh	 DelItem: Kim Phong Lan §×nh Ngäc
00:01:10	 Account: vunguyen1985	Name: ThanhThanh	 DelItem: Kim Phong Thanh D­¬ng Kh«i
00:01:10	 Account: vunguyen1985	Name: ThanhThanh	 DelItem: Kim Phong Kú L©n HuyÕt
00:01:10	 Account: vunguyen1985	Name: ThanhThanh	 DelItem: Kim Phong Tr¹c Liªn Quang
00:01:10	 Account: vunguyen1985	Name: ThanhThanh	 DelItem: Kim Phong Thiªn Lý Th¶o Th­îng Phi
00:01:15	 Account: nam92hd1	Name: LµmTýC«nKh«ngEm	 DelItem: Kim Phong Kú L©n HuyÕt
00:01:21	 Account: nam92hd1	Name: LµmTýC«nKh«ngEm	 DelItem: Kim Phong HËu NghÖ dÉn cung
00:01:25	 Account: nam92hd1	Name: LµmTýC«nKh«ngEm	 DelItem: Kim Phong Tr¹c Liªn Quang
00:01:32	 Account: nam92hd1	Name: LµmTýC«nKh«ngEm	 DelItem: Kim Phong Thiªn Lý Th¶o Th­îng Phi
00:01:37	 Account: nam92hd1	Name: LµmTýC«nKh«ngEm	 DelItem: Kim Phong Lan §×nh Ngäc
00:01:43	 Account: nam92hd1	Name: LµmTýC«nKh«ngEm	 DelItem: Kim Phong Thanh D­¬ng Kh«i
00:01:57	 Account: gamethu	Name: KhaiCheckGame	 DelItem: Kim Phong Kú L©n HuyÕt
00:01:57	 Account: gamethu	Name: KhaiCheckGame	 DelItem: Kim Phong Thiªn Lý Th¶o Th­îng Phi
00:01:57	 Account: gamethu	Name: KhaiCheckGame	 DelItem: Kim Phong Kú L©n HuyÕt
00:01:57	 Account: gamethu	Name: KhaiCheckGame	 DelItem: Kim Phong Thanh D­¬ng Kh«i
00:02:03	 Account: nam92hd1	Name: LµmTýC«nKh«ngEm	 DelItem: Kim Phong §o¹t Hån Ngäc ®¸i
00:02:08	 Account: nam92hd1	Name: LµmTýC«nKh«ngEm	 DelItem: Kim Phong C«ng CÈn Tam Th¸n
00:02:13	 Account: nam92hd1	Name: LµmTýC«nKh«ngEm	 DelItem: Kim Phong §ång T­íc Xu©n Th©m
00:02:30	 Account: nam92hd	Name: LµmTýLöaKh«ngEm	 DelItem: Kim Phong HËu NghÖ dÉn cung
00:03:12	 Account: saluci0507	Name: XinhGai1	 DelItem: Kim Phong §ång T­íc Xu©n Th©m
00:03:12	 Account: saluci0507	Name: XinhGai1	 DelItem: Kim Phong §o¹t Hån Ngäc ®¸i
00:03:12	 Account: saluci0507	Name: XinhGai1	 DelItem: Kim Phong HËu NghÖ dÉn cung
00:03:12	 Account: saluci0507	Name: XinhGai1	 DelItem: Kim Phong C«ng CÈn Tam Th¸n
00:03:12	 Account: saluci0507	Name: XinhGai1	 DelItem: Kim Phong Lan §×nh Ngäc
00:03:12	 Account: saluci0507	Name: XinhGai1	 DelItem: Kim Phong Thanh D­¬ng Kh«i
00:03:12	 Account: saluci0507	Name: XinhGai1	 DelItem: Kim Phong Kú L©n HuyÕt
00:03:12	 Account: saluci0507	Name: XinhGai1	 DelItem: Kim Phong Tr¹c Liªn Quang
00:03:12	 Account: saluci0507	Name: XinhGai1	 DelItem: Kim Phong Thiªn Lý Th¶o Th­îng Phi
00:04:19	 Account: nam92hd2	Name: LµmTýLècKh«ngEm	 DelItem: Kim Phong Kú L©n HuyÕt
00:04:31	 Account: nam92hd2	Name: LµmTýLècKh«ngEm	 DelItem: Kim Phong HËu NghÖ dÉn cung
00:04:36	 Account: nam92hd2	Name: LµmTýLècKh«ngEm	 DelItem: Kim Phong Thiªn Lý Th¶o Th­îng Phi
00:04:40	 Account: nam92hd2	Name: LµmTýLècKh«ngEm	 DelItem: Kim Phong Tr¹c Liªn Quang
00:04:45	 Account: nam92hd2	Name: LµmTýLècKh«ngEm	 DelItem: Kim Phong §ång T­íc Xu©n Th©m
00:04:49	 Account: nam92hd2	Name: LµmTýLècKh«ngEm	 DelItem: Kim Phong Lan §×nh Ngäc
00:04:53	 Account: nam92hd2	Name: LµmTýLècKh«ngEm	 DelItem: Kim Phong Thanh D­¬ng Kh«i
00:04:58	 Account: nam92hd2	Name: LµmTýLècKh«ngEm	 DelItem: Kim Phong §o¹t Hån Ngäc ®¸i
00:05:02	 Account: nam92hd2	Name: LµmTýLècKh«ngEm	 DelItem: Kim Phong C«ng CÈn Tam Th¸n
00:05:32	 Account: gcity05	Name: testthuyyen	 DelItem: Kim Phong §o¹t Hån Ngäc ®¸i
00:05:32	 Account: gcity05	Name: testthuyyen	 DelItem: Kim Phong Lan §×nh Ngäc
00:05:32	 Account: gcity05	Name: testthuyyen	 DelItem: Kim Phong Kú L©n HuyÕt
00:05:32	 Account: gcity05	Name: testthuyyen	 DelItem: Kim Phong Tr¹c Liªn Quang
00:05:32	 Account: gcity05	Name: testthuyyen	 DelItem: Kim Phong Thiªn Lý Th¶o Th­îng Phi
00:05:32	 Account: gcity05	Name: testthuyyen	 DelItem: Kim Phong Thanh D­¬ng Kh«i
00:05:32	 Account: gcity05	Name: testthuyyen	 DelItem: Kim Phong C«ng CÈn Tam Th¸n
00:05:32	 Account: gcity05	Name: testthuyyen	 DelItem: Kim Phong §ång T­íc Xu©n Th©m
00:05:38	 Account: gcity05	Name: testthuyyen	 DelItem: Kim Phong HËu NghÖ dÉn cung
00:06:14	 Account: gamethu	Name: KhaiCheckGame	 DelItem: Kim Phong Thanh D­¬ng Kh«i
00:06:14	 Account: gamethu	Name: KhaiCheckGame	 DelItem: Kim Phong Kú L©n HuyÕt
00:06:14	 Account: gamethu	Name: KhaiCheckGame	 DelItem: Kim Phong Thiªn Lý Th¶o Th­îng Phi
00:06:14	 Account: gamethu	Name: KhaiCheckGame	 DelItem: Kim Phong Lan §×nh Ngäc
00:06:14	 Account: gamethu	Name: KhaiCheckGame	 DelItem: Kim Phong Tr¹c Liªn Quang
00:06:14	 Account: gamethu	Name: KhaiCheckGame	 DelItem: Kim Phong Thiªn Lý Th¶o Th­îng Phi
00:06:14	 Account: gamethu	Name: KhaiCheckGame	 DelItem: Kim Phong Lan §×nh Ngäc
00:07:27	 Account: hieuadnew	Name: AdminÙSHXT	 DelItem: Kim Phong Kú L©n HuyÕt
00:07:27	 Account: hieuadnew	Name: AdminÙSHXT	 DelItem: Kim Phong Thiªn Lý Th¶o Th­îng Phi
00:07:27	 Account: hieuadnew	Name: AdminÙSHXT	 DelItem: Kim Phong Thiªn Lý Th¶o Th­îng Phi
00:08:28	 Account: nam92hd2	Name: LµmTýLècKh«ngEm	 DelItem: Kim Phong §o¹t Hån Ngäc ®¸i
00:08:34	 Account: nam92hd2	Name: LµmTýLècKh«ngEm	 DelItem: Kim Phong Thanh D­¬ng Kh«i
00:08:46	 Account: nam92hd2	Name: LµmTýLècKh«ngEm	 DelItem: Kim Phong Kú L©n HuyÕt
00:08:55	 Account: nam92hd2	Name: LµmTýLècKh«ngEm	 DelItem: Kim Phong C«ng CÈn Tam Th¸n
00:09:11	 Account: nam92hd2	Name: LµmTýLècKh«ngEm	 DelItem: Kim Phong Tr¹c Liªn Quang
00:09:17	 Account: nam92hd2	Name: LµmTýLècKh«ngEm	 DelItem: Kim Phong §ång T­íc Xu©n Th©m
00:09:24	 Account: nam92hd2	Name: LµmTýLècKh«ngEm	 DelItem: Kim Phong Thiªn Lý Th¶o Th­îng Phi
00:09:24	 Account: bihulk01	Name: 74ÙBiÙSHXT	 DelItem: Kim Phong §ång T­íc Xu©n Th©m
00:09:24	 Account: bihulk01	Name: 74ÙBiÙSHXT	 DelItem: Kim Phong C«ng CÈn Tam Th¸n
00:09:24	 Account: bihulk01	Name: 74ÙBiÙSHXT	 DelItem: Kim Phong Lan §×nh Ngäc
00:09:24	 Account: bihulk01	Name: 74ÙBiÙSHXT	 DelItem: Kim Phong Kú L©n HuyÕt
00:09:24	 Account: bihulk01	Name: 74ÙBiÙSHXT	 DelItem: Kim Phong Tr¹c Liªn Quang
00:09:24	 Account: bihulk01	Name: 74ÙBiÙSHXT	 DelItem: Kim Phong Tr¹c Liªn Quang
00:09:24	 Account: bihulk01	Name: 74ÙBiÙSHXT	 DelItem: Kim Phong Kú L©n HuyÕt
00:09:24	 Account: bihulk01	Name: 74ÙBiÙSHXT	 DelItem: Kim Phong Lan §×nh Ngäc
00:09:24	 Account: bihulk01	Name: 74ÙBiÙSHXT	 DelItem: Kim Phong C«ng CÈn Tam Th¸n
00:09:24	 Account: bihulk01	Name: 74ÙBiÙSHXT	 DelItem: Kim Phong §ång T­íc Xu©n Th©m
00:09:29	 Account: nam92hd2	Name: LµmTýLècKh«ngEm	 DelItem: Kim Phong HËu NghÖ dÉn cung
00:09:39	 Account: nam92hd2	Name: LµmTýLècKh«ngEm	 DelItem: Kim Phong Lan §×nh Ngäc
00:09:40	 Account: bihulk01	Name: 74ÙBiÙSHXT	 DelItem: Kim Phong Thiªn Lý Th¶o Th­îng Phi
00:09:40	 Account: bihulk01	Name: 74ÙBiÙSHXT	 DelItem: Kim Phong Thiªn Lý Th¶o Th­îng Phi
00:09:40	 Account: bihulk01	Name: 74ÙBiÙSHXT	 DelItem: Kim Phong Thanh D­¬ng Kh«i
00:09:40	 Account: bihulk01	Name: 74ÙBiÙSHXT	 DelItem: Kim Phong HËu NghÖ dÉn cung
00:09:40	 Account: bihulk01	Name: 74ÙBiÙSHXT	 DelItem: Kim Phong §o¹t Hån Ngäc ®¸i
00:10:21	 Account: nam92hd3	Name: LµmTýN­ícKh«ngE	 DelItem: Kim Phong Thanh D­¬ng Kh«i
00:10:28	 Account: nam92hd3	Name: LµmTýN­ícKh«ngE	 DelItem: Kim Phong Kú L©n HuyÕt
00:10:35	 Account: nam92hd3	Name: LµmTýN­ícKh«ngE	 DelItem: Kim Phong Lan §×nh Ngäc
00:10:41	 Account: nam92hd3	Name: LµmTýN­ícKh«ngE	 DelItem: Kim Phong Kú L©n HuyÕt
00:10:45	 Account: nam92hd3	Name: LµmTýN­ícKh«ngE	 DelItem: Kim Phong Tr¹c Liªn Quang
00:10:46	 Account: bihulk01	Name: 74ÙBiÙSHXT	 DelItem: Kim Phong §ång T­íc Xu©n Th©m
00:10:46	 Account: bihulk01	Name: 74ÙBiÙSHXT	 DelItem: Kim Phong HËu NghÖ dÉn cung
00:10:46	 Account: bihulk01	Name: 74ÙBiÙSHXT	 DelItem: Kim Phong Lan §×nh Ngäc
00:10:46	 Account: bihulk01	Name: 74ÙBiÙSHXT	 DelItem: Kim Phong Thanh D­¬ng Kh«i
00:10:46	 Account: bihulk01	Name: 74ÙBiÙSHXT	 DelItem: Kim Phong Tr¹c Liªn Quang
00:10:46	 Account: bihulk01	Name: 74ÙBiÙSHXT	 DelItem: Kim Phong Thiªn Lý Th¶o Th­îng Phi
00:10:46	 Account: bihulk01	Name: 74ÙBiÙSHXT	 DelItem: Kim Phong Kú L©n HuyÕt
00:10:46	 Account: bihulk01	Name: 74ÙBiÙSHXT	 DelItem: Kim Phong C«ng CÈn Tam Th¸n
00:10:46	 Account: bihulk01	Name: 74ÙBiÙSHXT	 DelItem: Kim Phong §o¹t Hån Ngäc ®¸i
00:10:50	 Account: nam92hd3	Name: LµmTýN­ícKh«ngE	 DelItem: Kim Phong HËu NghÖ dÉn cung
00:10:55	 Account: nam92hd3	Name: LµmTýN­ícKh«ngE	 DelItem: Kim Phong Thiªn Lý Th¶o Th­îng Phi
00:11:00	 Account: nam92hd3	Name: LµmTýN­ícKh«ngE	 DelItem: Kim Phong C«ng CÈn Tam Th¸n
00:11:09	 Account: nam92hd3	Name: LµmTýN­ícKh«ngE	 DelItem: Kim Phong §o¹t Hån Ngäc ®¸i
00:11:15	 Account: nam92hd3	Name: LµmTýN­ícKh«ngE	 DelItem: Kim Phong Thiªn Lý Th¶o Th­îng Phi
00:11:20	 Account: nam92hd3	Name: LµmTýN­ícKh«ngE	 DelItem: Kim Phong C«ng CÈn Tam Th¸n
00:11:24	 Account: gcity05	Name: testthuyyen	 DelItem: Kim Phong §ång T­íc Xu©n Th©m
00:11:24	 Account: gcity05	Name: testthuyyen	 DelItem: Kim Phong §o¹t Hån Ngäc ®¸i
00:11:24	 Account: gcity05	Name: testthuyyen	 DelItem: Kim Phong HËu NghÖ dÉn cung
00:11:24	 Account: gcity05	Name: testthuyyen	 DelItem: Kim Phong Lan §×nh Ngäc
00:11:24	 Account: gcity05	Name: testthuyyen	 DelItem: Kim Phong Thanh D­¬ng Kh«i
00:11:24	 Account: gcity05	Name: testthuyyen	 DelItem: Kim Phong Tr¹c Liªn Quang
00:11:24	 Account: gcity05	Name: testthuyyen	 DelItem: Kim Phong Kú L©n HuyÕt
00:11:24	 Account: gcity05	Name: testthuyyen	 DelItem: Kim Phong Thiªn Lý Th¶o Th­îng Phi
00:11:24	 Account: gcity05	Name: testthuyyen	 DelItem: Kim Phong C«ng CÈn Tam Th¸n
00:11:25	 Account: nam92hd3	Name: LµmTýN­ícKh«ngE	 DelItem: Kim Phong Lan §×nh Ngäc
00:11:35	 Account: nam92hd3	Name: LµmTýN­ícKh«ngE	 DelItem: Kim Phong §ång T­íc Xu©n Th©m
00:11:40	 Account: nam92hd3	Name: LµmTýN­ícKh«ngE	 DelItem: Kim Phong Lan §×nh Ngäc
00:11:45	 Account: nam92hd3	Name: LµmTýN­ícKh«ngE	 DelItem: Kim Phong Tr¹c Liªn Quang
00:11:49	 Account: bihulk01	Name: 74ÙBiÙSHXT	 DelItem: Kim Phong Lan §×nh Ngäc
00:11:49	 Account: bihulk01	Name: 74ÙBiÙSHXT	 DelItem: Kim Phong Thiªn Lý Th¶o Th­îng Phi
00:11:49	 Account: bihulk01	Name: 74ÙBiÙSHXT	 DelItem: Kim Phong Tr¹c Liªn Quang
00:11:49	 Account: bihulk01	Name: 74ÙBiÙSHXT	 DelItem: Kim Phong Kú L©n HuyÕt
00:11:49	 Account: bihulk01	Name: 74ÙBiÙSHXT	 DelItem: Kim Phong Thanh D­¬ng Kh«i
00:11:49	 Account: bihulk01	Name: 74ÙBiÙSHXT	 DelItem: Kim Phong Lan §×nh Ngäc
00:11:49	 Account: bihulk01	Name: 74ÙBiÙSHXT	 DelItem: Kim Phong C«ng CÈn Tam Th¸n
00:11:49	 Account: bihulk01	Name: 74ÙBiÙSHXT	 DelItem: Kim Phong §o¹t Hån Ngäc ®¸i
00:11:49	 Account: bihulk01	Name: 74ÙBiÙSHXT	 DelItem: Kim Phong §ång T­íc Xu©n Th©m
00:11:50	 Account: nam92hd3	Name: LµmTýN­ícKh«ngE	 DelItem: Kim Phong Thanh D­¬ng Kh«i
00:11:57	 Account: nam92hd3	Name: LµmTýN­ícKh«ngE	 DelItem: Kim Phong §ång T­íc Xu©n Th©m
00:13:48	 Account: vu25091990	Name: XinhGai6	 DelItem: Kim Phong §ång T­íc Xu©n Th©m
00:13:48	 Account: vu25091990	Name: XinhGai6	 DelItem: Kim Phong C«ng CÈn Tam Th¸n
00:13:48	 Account: vu25091990	Name: XinhGai6	 DelItem: Kim Phong Lan §×nh Ngäc
00:13:48	 Account: vu25091990	Name: XinhGai6	 DelItem: Kim Phong Kú L©n HuyÕt
00:13:48	 Account: vu25091990	Name: XinhGai6	 DelItem: Kim Phong §o¹t Hån Ngäc ®¸i
00:13:48	 Account: vu25091990	Name: XinhGai6	 DelItem: Kim Phong HËu NghÖ dÉn cung
00:13:48	 Account: vu25091990	Name: XinhGai6	 DelItem: Kim Phong Thanh D­¬ng Kh«i
00:13:48	 Account: vu25091990	Name: XinhGai6	 DelItem: Kim Phong Tr¹c Liªn Quang
00:13:48	 Account: vu25091990	Name: XinhGai6	 DelItem: Kim Phong Thiªn Lý Th¶o Th­îng Phi
00:13:56	 Account: bihulk01	Name: 74ÙBiÙSHXT	 DelItem: Kim Phong §o¹t Hån Ngäc ®¸i
00:13:56	 Account: bihulk01	Name: 74ÙBiÙSHXT	 DelItem: Kim Phong HËu NghÖ dÉn cung
00:13:56	 Account: bihulk01	Name: 74ÙBiÙSHXT	 DelItem: Kim Phong C«ng CÈn Tam Th¸n
00:13:56	 Account: bihulk01	Name: 74ÙBiÙSHXT	 DelItem: Kim Phong Kú L©n HuyÕt
00:13:56	 Account: bihulk01	Name: 74ÙBiÙSHXT	 DelItem: Kim Phong Tr¹c Liªn Quang
00:13:56	 Account: bihulk01	Name: 74ÙBiÙSHXT	 DelItem: Kim Phong HËu NghÖ dÉn cung
00:13:56	 Account: bihulk01	Name: 74ÙBiÙSHXT	 DelItem: Kim Phong Thanh D­¬ng Kh«i
00:13:56	 Account: bihulk01	Name: 74ÙBiÙSHXT	 DelItem: Kim Phong C«ng CÈn Tam Th¸n
00:13:56	 Account: bihulk01	Name: 74ÙBiÙSHXT	 DelItem: Kim Phong Tr¹c Liªn Quang
00:13:56	 Account: bihulk01	Name: 74ÙBiÙSHXT	 DelItem: Kim Phong §o¹t Hån Ngäc ®¸i
00:14:07	 Account: nam92hd	Name: LµmTýLöaKh«ngEm	 DelItem: Kim Phong Kú L©n HuyÕt
00:14:15	 Account: bihulk01	Name: 74ÙBiÙSHXT	 DelItem: Kim Phong §ång T­íc Xu©n Th©m
00:14:15	 Account: bihulk01	Name: 74ÙBiÙSHXT	 DelItem: Kim Phong Lan §×nh Ngäc
00:14:15	 Account: bihulk01	Name: 74ÙBiÙSHXT	 DelItem: Kim Phong Thiªn Lý Th¶o Th­îng Phi
00:14:15	 Account: bihulk01	Name: 74ÙBiÙSHXT	 DelItem: Kim Phong Kú L©n HuyÕt
00:14:15	 Account: bihulk01	Name: 74ÙBiÙSHXT	 DelItem: Kim Phong Thanh D­¬ng Kh«i
00:14:15	 Account: bihulk01	Name: 74ÙBiÙSHXT	 DelItem: Kim Phong C«ng CÈn Tam Th¸n
00:14:15	 Account: bihulk01	Name: 74ÙBiÙSHXT	 DelItem: Kim Phong HËu NghÖ dÉn cung
00:14:19	 Account: nam92hd	Name: LµmTýLöaKh«ngEm	 DelItem: Kim Phong §o¹t Hån Ngäc ®¸i
00:14:21	 Account: bihulk01	Name: 74ÙBiÙSHXT	 DelItem: Kim Phong Thiªn Lý Th¶o Th­îng Phi
00:14:30	 Account: nam92hd	Name: LµmTýLöaKh«ngEm	 DelItem: Kim Phong Thiªn Lý Th¶o Th­îng Phi
00:14:37	 Account: nam92hd	Name: LµmTýLöaKh«ngEm	 DelItem: Kim Phong Tr¹c Liªn Quang
00:14:42	 Account: nam92hd	Name: LµmTýLöaKh«ngEm	 DelItem: Kim Phong HËu NghÖ dÉn cung
00:14:46	 Account: nam92hd	Name: LµmTýLöaKh«ngEm	 DelItem: Kim Phong Lan §×nh Ngäc
00:14:52	 Account: nam92hd	Name: LµmTýLöaKh«ngEm	 DelItem: Kim Phong Thanh D­¬ng Kh«i
00:15:03	 Account: nam92hd	Name: LµmTýLöaKh«ngEm	 DelItem: Kim Phong §ång T­íc Xu©n Th©m
00:15:12	 Account: nam92hd	Name: LµmTýLöaKh«ngEm	 DelItem: Kim Phong C«ng CÈn Tam Th¸n
00:15:34	 Account: bihulk01	Name: 74ÙBiÙSHXT	 DelItem: Kim Phong §ång T­íc Xu©n Th©m
00:15:34	 Account: bihulk01	Name: 74ÙBiÙSHXT	 DelItem: Kim Phong §o¹t Hån Ngäc ®¸i
00:15:34	 Account: bihulk01	Name: 74ÙBiÙSHXT	 DelItem: Kim Phong HËu NghÖ dÉn cung
00:15:34	 Account: bihulk01	Name: 74ÙBiÙSHXT	 DelItem: Kim Phong C«ng CÈn Tam Th¸n
00:15:34	 Account: bihulk01	Name: 74ÙBiÙSHXT	 DelItem: Kim Phong Lan §×nh Ngäc
00:15:34	 Account: bihulk01	Name: 74ÙBiÙSHXT	 DelItem: Kim Phong Kú L©n HuyÕt
00:15:34	 Account: bihulk01	Name: 74ÙBiÙSHXT	 DelItem: Kim Phong Tr¹c Liªn Quang
00:15:34	 Account: bihulk01	Name: 74ÙBiÙSHXT	 DelItem: Kim Phong §o¹t Hån Ngäc ®¸i
00:15:34	 Account: bihulk01	Name: 74ÙBiÙSHXT	 DelItem: Kim Phong Thiªn Lý Th¶o Th­îng Phi
00:15:34	 Account: bihulk01	Name: 74ÙBiÙSHXT	 DelItem: Kim Phong C«ng CÈn Tam Th¸n
00:15:34	 Account: bihulk01	Name: 74ÙBiÙSHXT	 DelItem: Kim Phong §ång T­íc Xu©n Th©m
00:15:36	 Account: sarin1990	Name: DocXinh	 DelItem: Kim Phong §ång T­íc Xu©n Th©m
00:15:36	 Account: sarin1990	Name: DocXinh	 DelItem: Kim Phong §o¹t Hån Ngäc ®¸i
00:15:36	 Account: sarin1990	Name: DocXinh	 DelItem: Kim Phong HËu NghÖ dÉn cung
00:15:36	 Account: sarin1990	Name: DocXinh	 DelItem: Kim Phong C«ng CÈn Tam Th¸n
00:15:36	 Account: sarin1990	Name: DocXinh	 DelItem: Kim Phong Lan §×nh Ngäc
00:15:36	 Account: sarin1990	Name: DocXinh	 DelItem: Kim Phong Thanh D­¬ng Kh«i
00:15:36	 Account: sarin1990	Name: DocXinh	 DelItem: Kim Phong Kú L©n HuyÕt
00:15:36	 Account: sarin1990	Name: DocXinh	 DelItem: Kim Phong Tr¹c Liªn Quang
00:15:36	 Account: sarin1990	Name: DocXinh	 DelItem: Kim Phong Thiªn Lý Th¶o Th­îng Phi
00:15:48	 Account: bihulk01	Name: 74ÙBiÙSHXT	 DelItem: Kim Phong Thanh D­¬ng Kh«i
00:15:48	 Account: bihulk01	Name: 74ÙBiÙSHXT	 DelItem: Kim Phong Thiªn Lý Th¶o Th­îng Phi
00:15:48	 Account: bihulk01	Name: 74ÙBiÙSHXT	 DelItem: Kim Phong Tr¹c Liªn Quang
00:15:48	 Account: bihulk01	Name: 74ÙBiÙSHXT	 DelItem: Kim Phong Kú L©n HuyÕt
00:15:48	 Account: bihulk01	Name: 74ÙBiÙSHXT	 DelItem: Kim Phong Thanh D­¬ng Kh«i
00:15:48	 Account: bihulk01	Name: 74ÙBiÙSHXT	 DelItem: Kim Phong Lan §×nh Ngäc
00:15:48	 Account: bihulk01	Name: 74ÙBiÙSHXT	 DelItem: Kim Phong HËu NghÖ dÉn cung
00:16:57	 Account: bihulk01	Name: 74ÙBiÙSHXT	 DelItem: Kim Phong HËu NghÖ dÉn cung
00:16:57	 Account: bihulk01	Name: 74ÙBiÙSHXT	 DelItem: Kim Phong Lan §×nh Ngäc
00:16:57	 Account: bihulk01	Name: 74ÙBiÙSHXT	 DelItem: Kim Phong Tr¹c Liªn Quang
00:16:57	 Account: bihulk01	Name: 74ÙBiÙSHXT	 DelItem: Kim Phong Thiªn Lý Th¶o Th­îng Phi
00:16:57	 Account: bihulk01	Name: 74ÙBiÙSHXT	 DelItem: Kim Phong Tr¹c Liªn Quang
00:16:57	 Account: bihulk01	Name: 74ÙBiÙSHXT	 DelItem: Kim Phong Kú L©n HuyÕt
00:16:57	 Account: bihulk01	Name: 74ÙBiÙSHXT	 DelItem: Kim Phong Thanh D­¬ng Kh«i
00:16:57	 Account: bihulk01	Name: 74ÙBiÙSHXT	 DelItem: Kim Phong §o¹t Hån Ngäc ®¸i
00:19:30	 Account: bihulk01	Name: 74ÙBiÙSHXT	 DelItem: Kim Phong §ång T­íc Xu©n Th©m
00:19:30	 Account: bihulk01	Name: 74ÙBiÙSHXT	 DelItem: Kim Phong HËu NghÖ dÉn cung
00:19:30	 Account: bihulk01	Name: 74ÙBiÙSHXT	 DelItem: Kim Phong Lan §×nh Ngäc
00:19:30	 Account: bihulk01	Name: 74ÙBiÙSHXT	 DelItem: Kim Phong Thiªn Lý Th¶o Th­îng Phi
00:19:30	 Account: bihulk01	Name: 74ÙBiÙSHXT	 DelItem: Kim Phong Kú L©n HuyÕt
00:19:30	 Account: bihulk01	Name: 74ÙBiÙSHXT	 DelItem: Kim Phong §ång T­íc Xu©n Th©m
00:19:30	 Account: bihulk01	Name: 74ÙBiÙSHXT	 DelItem: Kim Phong Thanh D­¬ng Kh«i
00:19:30	 Account: bihulk01	Name: 74ÙBiÙSHXT	 DelItem: Kim Phong C«ng CÈn Tam Th¸n
00:19:30	 Account: bihulk01	Name: 74ÙBiÙSHXT	 DelItem: Kim Phong §o¹t Hån Ngäc ®¸i
00:19:30	 Account: bihulk01	Name: 74ÙBiÙSHXT	 DelItem: Kim Phong §ång T­íc Xu©n Th©m
00:19:50	 Account: minsimon1	Name: ÙDÇnÙSG	 DelItem: Kim Phong Kú L©n HuyÕt
00:20:20	 Account: gcity06	Name: test5doc	 DelItem: Kim Phong §ång T­íc Xu©n Th©m
00:20:20	 Account: gcity06	Name: test5doc	 DelItem: Kim Phong HËu NghÖ dÉn cung
00:20:20	 Account: gcity06	Name: test5doc	 DelItem: Kim Phong C«ng CÈn Tam Th¸n
00:20:20	 Account: gcity06	Name: test5doc	 DelItem: Kim Phong Lan §×nh Ngäc
00:20:20	 Account: gcity06	Name: test5doc	 DelItem: Kim Phong Thiªn Lý Th¶o Th­îng Phi
00:20:20	 Account: gcity06	Name: test5doc	 DelItem: Kim Phong Tr¹c Liªn Quang
00:20:20	 Account: gcity06	Name: test5doc	 DelItem: Kim Phong Kú L©n HuyÕt
00:20:20	 Account: gcity06	Name: test5doc	 DelItem: Kim Phong Thanh D­¬ng Kh«i
00:20:20	 Account: gcity06	Name: test5doc	 DelItem: Kim Phong §o¹t Hån Ngäc ®¸i
00:21:02	 Account: minhvu25091990	Name: Kamikaze	 DelItem: Kim Phong C«ng CÈn Tam Th¸n
00:21:02	 Account: minhvu25091990	Name: Kamikaze	 DelItem: Kim Phong Thanh D­¬ng Kh«i
00:21:02	 Account: minhvu25091990	Name: Kamikaze	 DelItem: Kim Phong Kú L©n HuyÕt
00:21:02	 Account: minhvu25091990	Name: Kamikaze	 DelItem: Kim Phong Thiªn Lý Th¶o Th­îng Phi
00:21:02	 Account: minhvu25091990	Name: Kamikaze	 DelItem: Kim Phong Tr¹c Liªn Quang
00:21:02	 Account: minhvu25091990	Name: Kamikaze	 DelItem: Kim Phong Lan §×nh Ngäc
00:21:02	 Account: minhvu25091990	Name: Kamikaze	 DelItem: Kim Phong HËu NghÖ dÉn cung
00:21:02	 Account: minhvu25091990	Name: Kamikaze	 DelItem: Kim Phong §o¹t Hån Ngäc ®¸i
00:21:02	 Account: minhvu25091990	Name: Kamikaze	 DelItem: Kim Phong §ång T­íc Xu©n Th©m
00:21:19	 Account: vuduymanhhp	Name: êqeqeqeqeqee	 DelItem: Kim Phong Thiªn Lý Th¶o Th­îng Phi
00:21:19	 Account: vuduymanhhp	Name: êqeqeqeqeqee	 DelItem: Kim Phong Kú L©n HuyÕt
00:21:19	 Account: vuduymanhhp	Name: êqeqeqeqeqee	 DelItem: Kim Phong Thiªn Lý Th¶o Th­îng Phi
00:26:22	 Account: vunguyen1987	Name: ThuyYen	 DelItem: Kim Phong Tr¹c Liªn Quang
00:26:22	 Account: vunguyen1987	Name: ThuyYen	 DelItem: Kim Phong Lan §×nh Ngäc
00:27:12	 Account: nonhannd	Name: ÙMécÙUyÓnÙThanh	 DelItem: Kim Phong §ång T­íc Xu©n Th©m
00:27:12	 Account: nonhannd	Name: ÙMécÙUyÓnÙThanh	 DelItem: Kim Phong §o¹t Hån Ngäc ®¸i
00:27:12	 Account: nonhannd	Name: ÙMécÙUyÓnÙThanh	 DelItem: Kim Phong C«ng CÈn Tam Th¸n
00:27:12	 Account: nonhannd	Name: ÙMécÙUyÓnÙThanh	 DelItem: Kim Phong Lan §×nh Ngäc
00:27:12	 Account: nonhannd	Name: ÙMécÙUyÓnÙThanh	 DelItem: Kim Phong Thanh D­¬ng Kh«i
00:27:12	 Account: nonhannd	Name: ÙMécÙUyÓnÙThanh	 DelItem: Kim Phong Thiªn Lý Th¶o Th­îng Phi
00:27:12	 Account: nonhannd	Name: ÙMécÙUyÓnÙThanh	 DelItem: Kim Phong HËu NghÖ dÉn cung
00:27:12	 Account: nonhannd	Name: ÙMécÙUyÓnÙThanh	 DelItem: Kim Phong Kú L©n HuyÕt
00:27:12	 Account: nonhannd	Name: ÙMécÙUyÓnÙThanh	 DelItem: Kim Phong Tr¹c Liªn Quang
00:30:15	 Account: tranvinh06	Name: ÙB¸Ù§¹o	 DelItem: Kim Phong C«ng CÈn Tam Th¸n
00:30:15	 Account: tranvinh06	Name: ÙB¸Ù§¹o	 DelItem: Kim Phong Thiªn Lý Th¶o Th­îng Phi
00:30:15	 Account: tranvinh06	Name: ÙB¸Ù§¹o	 DelItem: Kim Phong Tr¹c Liªn Quang
00:30:15	 Account: tranvinh06	Name: ÙB¸Ù§¹o	 DelItem: Kim Phong Kú L©n HuyÕt
00:30:15	 Account: tranvinh06	Name: ÙB¸Ù§¹o	 DelItem: Kim Phong Thanh D­¬ng Kh«i
00:30:15	 Account: tranvinh06	Name: ÙB¸Ù§¹o	 DelItem: Kim Phong Lan §×nh Ngäc
00:30:15	 Account: tranvinh06	Name: ÙB¸Ù§¹o	 DelItem: Kim Phong HËu NghÖ dÉn cung
00:30:15	 Account: tranvinh06	Name: ÙB¸Ù§¹o	 DelItem: Kim Phong §o¹t Hån Ngäc ®¸i
00:30:15	 Account: tranvinh06	Name: ÙB¸Ù§¹o	 DelItem: Kim Phong §ång T­íc Xu©n Th©m
00:30:16	 Account: coca03	Name: CanhSat115	 DelItem: Tóc S­¬ng
00:30:52	 Account: thoakhungz1	Name: HètÙCøtÙLiÖng	 DelItem: Kim Phong Tr¹c Liªn Quang
00:30:52	 Account: thoakhungz1	Name: HètÙCøtÙLiÖng	 DelItem: Kim Phong Lan §×nh Ngäc
00:32:43	 Account: tranvinh05	Name: Mylove	 DelItem: Kim Phong HËu NghÖ dÉn cung
00:32:43	 Account: tranvinh05	Name: Mylove	 DelItem: Kim Phong C«ng CÈn Tam Th¸n
00:32:43	 Account: tranvinh05	Name: Mylove	 DelItem: Kim Phong Kú L©n HuyÕt
00:32:43	 Account: tranvinh05	Name: Mylove	 DelItem: Kim Phong Tr¹c Liªn Quang
00:32:43	 Account: tranvinh05	Name: Mylove	 DelItem: Kim Phong Thiªn Lý Th¶o Th­îng Phi
00:32:43	 Account: tranvinh05	Name: Mylove	 DelItem: Kim Phong Thanh D­¬ng Kh«i
00:32:43	 Account: tranvinh05	Name: Mylove	 DelItem: Kim Phong Lan §×nh Ngäc
00:32:43	 Account: tranvinh05	Name: Mylove	 DelItem: Kim Phong §o¹t Hån Ngäc ®¸i
00:32:43	 Account: tranvinh05	Name: Mylove	 DelItem: Kim Phong §ång T­íc Xu©n Th©m
00:38:54	 Account: samsimon	Name: ÙTýÙSG	 DelItem: Kim Phong Kú L©n HuyÕt
00:38:58	 Account: nonhancl	Name: XÝchLuyÖnTiªnTö	 DelItem: Kim Phong §o¹t Hån Ngäc ®¸i
00:38:58	 Account: nonhancl	Name: XÝchLuyÖnTiªnTö	 DelItem: Kim Phong HËu NghÖ dÉn cung
00:38:58	 Account: nonhancl	Name: XÝchLuyÖnTiªnTö	 DelItem: Kim Phong C«ng CÈn Tam Th¸n
00:38:58	 Account: nonhancl	Name: XÝchLuyÖnTiªnTö	 DelItem: Kim Phong Lan §×nh Ngäc
00:38:58	 Account: nonhancl	Name: XÝchLuyÖnTiªnTö	 DelItem: Kim Phong Kú L©n HuyÕt
00:38:58	 Account: nonhancl	Name: XÝchLuyÖnTiªnTö	 DelItem: Kim Phong §ång T­íc Xu©n Th©m
00:38:58	 Account: nonhancl	Name: XÝchLuyÖnTiªnTö	 DelItem: Kim Phong Thanh D­¬ng Kh«i
00:38:58	 Account: nonhancl	Name: XÝchLuyÖnTiªnTö	 DelItem: Kim Phong Tr¹c Liªn Quang
00:38:58	 Account: nonhancl	Name: XÝchLuyÖnTiªnTö	 DelItem: Kim Phong Thiªn Lý Th¶o Th­îng Phi
00:39:04	 Account: samsimon	Name: ÙTýÙSG	 DelItem: Kim Phong Thiªn Lý Th¶o Th­îng Phi
00:39:11	 Account: samsimon	Name: ÙTýÙSG	 DelItem: Kim Phong Lan §×nh Ngäc
00:39:22	 Account: samsimon	Name: ÙTýÙSG	 DelItem: Kim Phong Thanh D­¬ng Kh«i
00:39:28	 Account: samsimon	Name: ÙTýÙSG	 DelItem: Kim Phong §o¹t Hån Ngäc ®¸i
00:39:34	 Account: samsimon	Name: ÙTýÙSG	 DelItem: Kim Phong HËu NghÖ dÉn cung
00:39:40	 Account: samsimon	Name: ÙTýÙSG	 DelItem: Kim Phong Tr¹c Liªn Quang
00:42:23	 Account: phamtungdhv4	Name: ZzTungpszZ	 DelItem: Kim Phong Tr¹c Liªn Quang
00:43:14	 Account: phamtungdhv4	Name: ZzTungpszZ	 DelItem: Kim Phong §o¹t Hån Ngäc ®¸i
00:43:24	 Account: phamtungdhv4	Name: ZzTungpszZ	 DelItem: Kim Phong Kú L©n HuyÕt
00:43:36	 Account: phamtungdhv4	Name: ZzTungpszZ	 DelItem: Kim Phong Thiªn Lý Th¶o Th­îng Phi
00:43:36	 Account: phamtungdhv4	Name: ZzTungpszZ	 DelItem: Kim Phong HËu NghÖ dÉn cung
00:43:43	 Account: minsimon	Name: ÙRinÙSG	 DelItem: Kim Phong Kú L©n HuyÕt
00:43:49	 Account: minsimon	Name: ÙRinÙSG	 DelItem: Kim Phong Thiªn Lý Th¶o Th­îng Phi
00:43:54	 Account: phamtungdhv4	Name: ZzTungpszZ	 DelItem: Kim Phong Thanh D­¬ng Kh«i
00:43:54	 Account: phamtungdhv4	Name: ZzTungpszZ	 DelItem: Kim Phong Lan §×nh Ngäc
00:43:54	 Account: phamtungdhv4	Name: ZzTungpszZ	 DelItem: Kim Phong C«ng CÈn Tam Th¸n
00:43:54	 Account: phamtungdhv4	Name: ZzTungpszZ	 DelItem: Kim Phong §ång T­íc Xu©n Th©m
00:43:54	 Account: phamtungdhv4	Name: ZzTungpszZ	 DelItem: Kim Phong Tr¹c Liªn Quang
00:43:55	 Account: minsimon	Name: ÙRinÙSG	 DelItem: Kim Phong HËu NghÖ dÉn cung
00:44:00	 Account: minsimon	Name: ÙRinÙSG	 DelItem: Kim Phong Thanh D­¬ng Kh«i
00:44:05	 Account: minsimon	Name: ÙRinÙSG	 DelItem: Kim Phong Tr¹c Liªn Quang
00:44:11	 Account: minsimon	Name: ÙRinÙSG	 DelItem: Kim Phong Lan §×nh Ngäc
00:44:17	 Account: minsimon	Name: ÙRinÙSG	 DelItem: Kim Phong §o¹t Hån Ngäc ®¸i
00:44:23	 Account: minsimon	Name: ÙRinÙSG	 DelItem: Kim Phong C«ng CÈn Tam Th¸n
01:18:56	 Account: vu25091990	Name: XinhGai5	 DelItem: Kim Phong §ång T­íc Xu©n Th©m
01:18:56	 Account: vu25091990	Name: XinhGai5	 DelItem: Kim Phong §o¹t Hån Ngäc ®¸i
01:18:56	 Account: vu25091990	Name: XinhGai5	 DelItem: Kim Phong HËu NghÖ dÉn cung
01:18:56	 Account: vu25091990	Name: XinhGai5	 DelItem: Kim Phong Thanh D­¬ng Kh«i
01:18:56	 Account: vu25091990	Name: XinhGai5	 DelItem: Kim Phong Kú L©n HuyÕt
01:18:56	 Account: vu25091990	Name: XinhGai5	 DelItem: Kim Phong Tr¹c Liªn Quang
01:18:56	 Account: vu25091990	Name: XinhGai5	 DelItem: Kim Phong Thiªn Lý Th¶o Th­îng Phi
01:18:56	 Account: vu25091990	Name: XinhGai5	 DelItem: Kim Phong Lan §×nh Ngäc
01:19:21	 Account: vu25091990	Name: XinhGai5	 DelItem: Kim Phong C«ng CÈn Tam Th¸n
01:27:57	 Account: hieuadnew	Name: AdminÙSHXT	 DelItem: Kim Phong HËu NghÖ dÉn cung
01:27:57	 Account: hieuadnew	Name: AdminÙSHXT	 DelItem: Kim Phong Lan §×nh Ngäc
01:27:57	 Account: hieuadnew	Name: AdminÙSHXT	 DelItem: Kim Phong Tr¹c Liªn Quang
01:27:57	 Account: hieuadnew	Name: AdminÙSHXT	 DelItem: Kim Phong Thiªn Lý Th¶o Th­îng Phi
01:27:57	 Account: hieuadnew	Name: AdminÙSHXT	 DelItem: Kim Phong Tr¹c Liªn Quang
01:27:57	 Account: hieuadnew	Name: AdminÙSHXT	 DelItem: Kim Phong Thanh D­¬ng Kh«i
01:27:57	 Account: hieuadnew	Name: AdminÙSHXT	 DelItem: Kim Phong Lan §×nh Ngäc
01:27:57	 Account: hieuadnew	Name: AdminÙSHXT	 DelItem: Kim Phong HËu NghÖ dÉn cung
01:27:57	 Account: hieuadnew	Name: AdminÙSHXT	 DelItem: Kim Phong §o¹t Hån Ngäc ®¸i
01:29:00	 Account: hieuadnew	Name: AdminÙSHXT	 DelItem: Kim Phong C«ng CÈn Tam Th¸n
01:29:00	 Account: hieuadnew	Name: AdminÙSHXT	 DelItem: Kim Phong Thanh D­¬ng Kh«i
01:29:00	 Account: hieuadnew	Name: AdminÙSHXT	 DelItem: Kim Phong C«ng CÈn Tam Th¸n
01:29:00	 Account: hieuadnew	Name: AdminÙSHXT	 DelItem: Kim Phong §ång T­íc Xu©n Th©m
01:43:04	 Account: gcity02	Name: 02ÙThiªnÙNhÉn	 DelItem: Kim Phong Tr¹c Liªn Quang
01:43:04	 Account: gcity02	Name: 02ÙThiªnÙNhÉn	 DelItem: Kim Phong Lan §×nh Ngäc
01:43:04	 Account: gcity02	Name: 02ÙThiªnÙNhÉn	 DelItem: Kim Phong §ång T­íc Xu©n Th©m
02:02:27	 Account: minsimon	Name: ÙLieÙSG	 DelItem: Kim Phong Kú L©n HuyÕt
02:02:34	 Account: minsimon	Name: ÙLieÙSG	 DelItem: Kim Phong Thiªn Lý Th¶o Th­îng Phi
02:02:41	 Account: minsimon	Name: ÙLieÙSG	 DelItem: Kim Phong HËu NghÖ dÉn cung
02:02:55	 Account: minsimon	Name: ÙLieÙSG	 DelItem: Kim Phong C«ng CÈn Tam Th¸n
02:03:00	 Account: minsimon	Name: ÙLieÙSG	 DelItem: Kim Phong §o¹t Hån Ngäc ®¸i
02:03:08	 Account: minsimon	Name: ÙLieÙSG	 DelItem: Kim Phong C«ng CÈn Tam Th¸n
02:03:14	 Account: minsimon	Name: ÙLieÙSG	 DelItem: Kim Phong Thanh D­¬ng Kh«i
02:03:20	 Account: minsimon	Name: ÙLieÙSG	 DelItem: Kim Phong Tr¹c Liªn Quang
02:03:26	 Account: minsimon	Name: ÙLieÙSG	 DelItem: Kim Phong Lan §×nh Ngäc
02:03:45	 Account: minsimon	Name: ÙLieÙSG	 DelItem: Kim Phong Tr¹c Liªn Quang
02:11:14	 Account: samsimon2	Name: ÙMiaÙSG	 DelItem: Kim Phong Kú L©n HuyÕt
02:11:19	 Account: samsimon2	Name: ÙMiaÙSG	 DelItem: Kim Phong Thiªn Lý Th¶o Th­îng Phi
02:11:24	 Account: samsimon2	Name: ÙMiaÙSG	 DelItem: Kim Phong HËu NghÖ dÉn cung
02:11:32	 Account: samsimon2	Name: ÙMiaÙSG	 DelItem: Kim Phong Thanh D­¬ng Kh«i
02:11:41	 Account: samsimon2	Name: ÙMiaÙSG	 DelItem: Kim Phong Lan §×nh Ngäc
02:11:46	 Account: samsimon2	Name: ÙMiaÙSG	 DelItem: Kim Phong Tr¹c Liªn Quang
02:11:51	 Account: samsimon2	Name: ÙMiaÙSG	 DelItem: Kim Phong §o¹t Hån Ngäc ®¸i
02:21:04	 Account: imtry01	Name: BïmÙBossÙ01	 DelItem: Kim Phong §ång T­íc Xu©n Th©m
02:27:50	 Account: imtry01	Name: BïmÙBossÙ01	 DelItem: CÈm nang ®ång hµnh
02:27:50	 Account: imtry01	Name: BïmÙBossÙ01	 DelItem: ThÇn Hµnh Phï
02:30:21	 Account: imtry02	Name: BïmÙBossÙ02	 DelItem: Kim Phong §ång T­íc Xu©n Th©m
02:30:21	 Account: imtry02	Name: BïmÙBossÙ02	 DelItem: Kim Phong §o¹t Hån Ngäc ®¸i
02:30:21	 Account: imtry02	Name: BïmÙBossÙ02	 DelItem: Kim Phong C«ng CÈn Tam Th¸n
02:30:21	 Account: imtry02	Name: BïmÙBossÙ02	 DelItem: Kim Phong Lan §×nh Ngäc
02:30:21	 Account: imtry02	Name: BïmÙBossÙ02	 DelItem: Kim Phong Tr¹c Liªn Quang
02:30:21	 Account: imtry02	Name: BïmÙBossÙ02	 DelItem: Kim Phong HËu NghÖ dÉn cung
02:30:21	 Account: imtry02	Name: BïmÙBossÙ02	 DelItem: Kim Phong Thanh D­¬ng Kh«i
02:30:21	 Account: imtry02	Name: BïmÙBossÙ02	 DelItem: Kim Phong Kú L©n HuyÕt
02:30:21	 Account: imtry02	Name: BïmÙBossÙ02	 DelItem: Kim Phong Thiªn Lý Th¶o Th­îng Phi
02:35:54	 Account: imtry02	Name: ÙÙ02ÙÙ	 DelItem: Kim Phong §ång T­íc Xu©n Th©m
02:35:54	 Account: imtry02	Name: ÙÙ02ÙÙ	 DelItem: Kim Phong §o¹t Hån Ngäc ®¸i
02:35:54	 Account: imtry02	Name: ÙÙ02ÙÙ	 DelItem: Kim Phong C«ng CÈn Tam Th¸n
02:35:54	 Account: imtry02	Name: ÙÙ02ÙÙ	 DelItem: Kim Phong Lan §×nh Ngäc
02:35:54	 Account: imtry02	Name: ÙÙ02ÙÙ	 DelItem: Kim Phong Thiªn Lý Th¶o Th­îng Phi
02:35:54	 Account: imtry02	Name: ÙÙ02ÙÙ	 DelItem: Kim Phong HËu NghÖ dÉn cung
02:35:54	 Account: imtry02	Name: ÙÙ02ÙÙ	 DelItem: Kim Phong Thanh D­¬ng Kh«i
02:35:54	 Account: imtry02	Name: ÙÙ02ÙÙ	 DelItem: Kim Phong Kú L©n HuyÕt
02:35:54	 Account: imtry02	Name: ÙÙ02ÙÙ	 DelItem: Kim Phong Tr¹c Liªn Quang
02:40:22	 Account: imtry01	Name: ÙÙ01ÙÙ	 DelItem: Kim Phong §ång T­íc Xu©n Th©m
02:40:22	 Account: imtry01	Name: ÙÙ01ÙÙ	 DelItem: Kim Phong HËu NghÖ dÉn cung
02:40:22	 Account: imtry01	Name: ÙÙ01ÙÙ	 DelItem: Kim Phong C«ng CÈn Tam Th¸n
02:40:22	 Account: imtry01	Name: ÙÙ01ÙÙ	 DelItem: Kim Phong Lan §×nh Ngäc
02:40:22	 Account: imtry01	Name: ÙÙ01ÙÙ	 DelItem: Kim Phong Thanh D­¬ng Kh«i
02:40:22	 Account: imtry01	Name: ÙÙ01ÙÙ	 DelItem: Kim Phong Tr¹c Liªn Quang
02:40:22	 Account: imtry01	Name: ÙÙ01ÙÙ	 DelItem: Kim Phong Thiªn Lý Th¶o Th­îng Phi
02:40:22	 Account: imtry01	Name: ÙÙ01ÙÙ	 DelItem: Kim Phong §o¹t Hån Ngäc ®¸i
02:40:22	 Account: imtry01	Name: ÙÙ01ÙÙ	 DelItem: Kim Phong Kú L©n HuyÕt
02:42:32	 Account: imtry02	Name: ÙÙ02ÙÙ	 DelItem: Kim Phong Lan §×nh Ngäc
02:42:32	 Account: imtry02	Name: ÙÙ02ÙÙ	 DelItem: Kim Phong §ång T­íc Xu©n Th©m
02:42:32	 Account: imtry02	Name: ÙÙ02ÙÙ	 DelItem: Kim Phong Tr¹c Liªn Quang
02:48:38	 Account: imtry03	Name: ÙÙ03ÙÙ	 DelItem: Kim Phong §ång T­íc Xu©n Th©m
02:48:38	 Account: imtry03	Name: ÙÙ03ÙÙ	 DelItem: Kim Phong §o¹t Hån Ngäc ®¸i
02:48:38	 Account: imtry03	Name: ÙÙ03ÙÙ	 DelItem: Kim Phong C«ng CÈn Tam Th¸n
02:48:38	 Account: imtry03	Name: ÙÙ03ÙÙ	 DelItem: Kim Phong Tr¹c Liªn Quang
02:48:38	 Account: imtry03	Name: ÙÙ03ÙÙ	 DelItem: Kim Phong Thiªn Lý Th¶o Th­îng Phi
02:48:38	 Account: imtry03	Name: ÙÙ03ÙÙ	 DelItem: Kim Phong HËu NghÖ dÉn cung
02:48:38	 Account: imtry03	Name: ÙÙ03ÙÙ	 DelItem: Kim Phong Lan §×nh Ngäc
02:48:38	 Account: imtry03	Name: ÙÙ03ÙÙ	 DelItem: Kim Phong Thanh D­¬ng Kh«i
02:48:38	 Account: imtry03	Name: ÙÙ03ÙÙ	 DelItem: Kim Phong Kú L©n HuyÕt
02:51:53	 Account: imtry04	Name: ÙÙ04ÙÙ	 DelItem: Kim Phong HËu NghÖ dÉn cung
02:51:53	 Account: imtry04	Name: ÙÙ04ÙÙ	 DelItem: Kim Phong Lan §×nh Ngäc
02:51:53	 Account: imtry04	Name: ÙÙ04ÙÙ	 DelItem: Kim Phong Kú L©n HuyÕt
02:51:53	 Account: imtry04	Name: ÙÙ04ÙÙ	 DelItem: Kim Phong Tr¹c Liªn Quang
02:51:53	 Account: imtry04	Name: ÙÙ04ÙÙ	 DelItem: Kim Phong Thiªn Lý Th¶o Th­îng Phi
02:51:53	 Account: imtry04	Name: ÙÙ04ÙÙ	 DelItem: Kim Phong §ång T­íc Xu©n Th©m
02:51:53	 Account: imtry04	Name: ÙÙ04ÙÙ	 DelItem: Kim Phong §o¹t Hån Ngäc ®¸i
02:51:53	 Account: imtry04	Name: ÙÙ04ÙÙ	 DelItem: Kim Phong C«ng CÈn Tam Th¸n
02:51:53	 Account: imtry04	Name: ÙÙ04ÙÙ	 DelItem: Kim Phong Thanh D­¬ng Kh«i
02:56:15	 Account: imtry05	Name: ÙÙ05ÙÙ	 DelItem: Kim Phong §ång T­íc Xu©n Th©m
02:56:15	 Account: imtry05	Name: ÙÙ05ÙÙ	 DelItem: Kim Phong §o¹t Hån Ngäc ®¸i
02:56:15	 Account: imtry05	Name: ÙÙ05ÙÙ	 DelItem: Kim Phong Kú L©n HuyÕt
02:56:15	 Account: imtry05	Name: ÙÙ05ÙÙ	 DelItem: Kim Phong Tr¹c Liªn Quang
02:56:15	 Account: imtry05	Name: ÙÙ05ÙÙ	 DelItem: Kim Phong Thiªn Lý Th¶o Th­îng Phi
02:56:15	 Account: imtry05	Name: ÙÙ05ÙÙ	 DelItem: Kim Phong HËu NghÖ dÉn cung
02:56:15	 Account: imtry05	Name: ÙÙ05ÙÙ	 DelItem: Kim Phong C«ng CÈn Tam Th¸n
02:56:15	 Account: imtry05	Name: ÙÙ05ÙÙ	 DelItem: Kim Phong Lan §×nh Ngäc
02:56:15	 Account: imtry05	Name: ÙÙ05ÙÙ	 DelItem: Kim Phong Thanh D­¬ng Kh«i
03:09:11	 Account: imtry02	Name: ÙÙ02ÙÙ	 DelItem: Kim Phong Tr¹c Liªn Quang
03:52:39	 Account: vunguyen1987	Name: ThuyYen	 DelItem: Kim Phong §ång T­íc Xu©n Th©m
07:05:50	 Account: phamtungdhv6	Name: ZzYunazZ	 DelItem: Hµm Sa X¹ ¶nh
07:25:31	 Account: tranvinh02	Name: HuúnhÙNi	 DelItem: Tóc S­¬ng
08:33:21	 Account: vu25091990	Name: XinhGai4	 DelItem: Kim Phong §ång T­íc Xu©n Th©m
08:33:21	 Account: vu25091990	Name: XinhGai4	 DelItem: Kim Phong §o¹t Hån Ngäc ®¸i
08:33:21	 Account: vu25091990	Name: XinhGai4	 DelItem: Kim Phong HËu NghÖ dÉn cung
08:33:21	 Account: vu25091990	Name: XinhGai4	 DelItem: Kim Phong Lan §×nh Ngäc
08:33:21	 Account: vu25091990	Name: XinhGai4	 DelItem: Kim Phong Thanh D­¬ng Kh«i
08:33:21	 Account: vu25091990	Name: XinhGai4	 DelItem: Kim Phong Tr¹c Liªn Quang
08:33:21	 Account: vu25091990	Name: XinhGai4	 DelItem: Kim Phong Thiªn Lý Th¶o Th­îng Phi
08:33:21	 Account: vu25091990	Name: XinhGai4	 DelItem: Kim Phong Kú L©n HuyÕt
08:33:21	 Account: vu25091990	Name: XinhGai4	 DelItem: Kim Phong C«ng CÈn Tam Th¸n
08:39:19	 Account: minsimon1	Name: ÙDÇnÙSG	 DelItem: Kim Phong Thiªn Lý Th¶o Th­îng Phi
08:39:27	 Account: minsimon1	Name: ÙDÇnÙSG	 DelItem: Kim Phong §o¹t Hån Ngäc ®¸i
08:39:32	 Account: minsimon1	Name: ÙDÇnÙSG	 DelItem: Kim Phong HËu NghÖ dÉn cung
08:39:39	 Account: minsimon1	Name: ÙDÇnÙSG	 DelItem: Kim Phong Tr¹c Liªn Quang
08:40:44	 Account: minsimon1	Name: ÙDÇnÙSG	 DelItem: Kim Phong Thanh D­¬ng Kh«i
08:40:50	 Account: minsimon1	Name: ÙDÇnÙSG	 DelItem: Kim Phong Tr¹c Liªn Quang
09:02:29	 Account: tranvinh06	Name: ÙB¸Ù§¹o	 DelItem: Tóc S­¬ng
09:03:16	 Account: tranvinh05	Name: Mylove	 DelItem: Tóc S­¬ng
09:13:46	 Account: sarin	Name: XinhGai7	 DelItem: Kim Phong §ång T­íc Xu©n Th©m
09:13:46	 Account: sarin	Name: XinhGai7	 DelItem: Kim Phong §o¹t Hån Ngäc ®¸i
09:13:46	 Account: sarin	Name: XinhGai7	 DelItem: Kim Phong Thanh D­¬ng Kh«i
09:13:46	 Account: sarin	Name: XinhGai7	 DelItem: Kim Phong Tr¹c Liªn Quang
09:13:46	 Account: sarin	Name: XinhGai7	 DelItem: Kim Phong Thiªn Lý Th¶o Th­îng Phi
09:13:46	 Account: sarin	Name: XinhGai7	 DelItem: Kim Phong HËu NghÖ dÉn cung
09:13:46	 Account: sarin	Name: XinhGai7	 DelItem: Kim Phong C«ng CÈn Tam Th¸n
09:13:46	 Account: sarin	Name: XinhGai7	 DelItem: Kim Phong Lan §×nh Ngäc
09:13:46	 Account: sarin	Name: XinhGai7	 DelItem: Kim Phong Kú L©n HuyÕt
09:15:07	 Account: hangnitocvay3	Name: ¤ngÙHoµngÙJAV	 DelItem: Kim Phong Tr¹c Liªn Quang
09:15:07	 Account: hangnitocvay3	Name: ¤ngÙHoµngÙJAV	 DelItem: Kim Phong Kú L©n HuyÕt
09:15:07	 Account: hangnitocvay3	Name: ¤ngÙHoµngÙJAV	 DelItem: Kim Phong Thanh D­¬ng Kh«i
09:15:07	 Account: hangnitocvay3	Name: ¤ngÙHoµngÙJAV	 DelItem: Kim Phong Lan §×nh Ngäc
09:15:07	 Account: hangnitocvay3	Name: ¤ngÙHoµngÙJAV	 DelItem: Kim Phong §o¹t Hån Ngäc ®¸i
09:35:36	 Account: kaiba4	Name: ¤ÙMaiÙGãt	 DelItem: Kim Phong §ång T­íc Xu©n Th©m
09:35:36	 Account: kaiba4	Name: ¤ÙMaiÙGãt	 DelItem: Kim Phong §o¹t Hån Ngäc ®¸i
09:35:36	 Account: kaiba4	Name: ¤ÙMaiÙGãt	 DelItem: Kim Phong HËu NghÖ dÉn cung
09:35:36	 Account: kaiba4	Name: ¤ÙMaiÙGãt	 DelItem: Kim Phong C«ng CÈn Tam Th¸n
09:35:36	 Account: kaiba4	Name: ¤ÙMaiÙGãt	 DelItem: Kim Phong Lan §×nh Ngäc
09:35:36	 Account: kaiba4	Name: ¤ÙMaiÙGãt	 DelItem: Kim Phong Kú L©n HuyÕt
09:35:36	 Account: kaiba4	Name: ¤ÙMaiÙGãt	 DelItem: Kim Phong Tr¹c Liªn Quang
09:35:36	 Account: kaiba4	Name: ¤ÙMaiÙGãt	 DelItem: Kim Phong Thiªn Lý Th¶o Th­îng Phi
09:35:43	 Account: kaiba4	Name: ¤ÙMaiÙGãt	 DelItem: Kim Phong Thanh D­¬ng Kh«i
09:41:59	 Account: kaiba5	Name: CÇuÙMa	 DelItem: Kim Phong §ång T­íc Xu©n Th©m
09:41:59	 Account: kaiba5	Name: CÇuÙMa	 DelItem: Kim Phong §o¹t Hån Ngäc ®¸i
09:41:59	 Account: kaiba5	Name: CÇuÙMa	 DelItem: Kim Phong HËu NghÖ dÉn cung
09:41:59	 Account: kaiba5	Name: CÇuÙMa	 DelItem: Kim Phong C«ng CÈn Tam Th¸n
09:41:59	 Account: kaiba5	Name: CÇuÙMa	 DelItem: Kim Phong Lan §×nh Ngäc
09:41:59	 Account: kaiba5	Name: CÇuÙMa	 DelItem: Kim Phong Thanh D­¬ng Kh«i
09:41:59	 Account: kaiba5	Name: CÇuÙMa	 DelItem: Kim Phong Kú L©n HuyÕt
09:41:59	 Account: kaiba5	Name: CÇuÙMa	 DelItem: Kim Phong Tr¹c Liªn Quang
09:41:59	 Account: kaiba5	Name: CÇuÙMa	 DelItem: Kim Phong Thiªn Lý Th¶o Th­îng Phi
10:00:43	 Account: sarin	Name: XinhGai8	 DelItem: Kim Phong §ång T­íc Xu©n Th©m
10:00:43	 Account: sarin	Name: XinhGai8	 DelItem: Kim Phong §o¹t Hån Ngäc ®¸i
10:00:43	 Account: sarin	Name: XinhGai8	 DelItem: Kim Phong HËu NghÖ dÉn cung
10:00:43	 Account: sarin	Name: XinhGai8	 DelItem: Kim Phong Lan §×nh Ngäc
10:00:43	 Account: sarin	Name: XinhGai8	 DelItem: Kim Phong Kú L©n HuyÕt
10:00:43	 Account: sarin	Name: XinhGai8	 DelItem: Kim Phong Tr¹c Liªn Quang
10:00:43	 Account: sarin	Name: XinhGai8	 DelItem: Kim Phong Thiªn Lý Th¶o Th­îng Phi
10:00:43	 Account: sarin	Name: XinhGai8	 DelItem: Kim Phong C«ng CÈn Tam Th¸n
10:00:43	 Account: sarin	Name: XinhGai8	 DelItem: Kim Phong Thanh D­¬ng Kh«i
10:05:44	 Account: minhtrand3	Name: HáaÙLongÙKaKa	 DelItem: Kim Phong §ång T­íc Xu©n Th©m
10:05:44	 Account: minhtrand3	Name: HáaÙLongÙKaKa	 DelItem: Kim Phong §o¹t Hån Ngäc ®¸i
10:05:44	 Account: minhtrand3	Name: HáaÙLongÙKaKa	 DelItem: Kim Phong Lan §×nh Ngäc
10:05:44	 Account: minhtrand3	Name: HáaÙLongÙKaKa	 DelItem: Kim Phong Kú L©n HuyÕt
10:05:44	 Account: minhtrand3	Name: HáaÙLongÙKaKa	 DelItem: Kim Phong Thiªn Lý Th¶o Th­îng Phi
10:05:44	 Account: minhtrand3	Name: HáaÙLongÙKaKa	 DelItem: Kim Phong HËu NghÖ dÉn cung
10:05:44	 Account: minhtrand3	Name: HáaÙLongÙKaKa	 DelItem: Kim Phong C«ng CÈn Tam Th¸n
10:05:44	 Account: minhtrand3	Name: HáaÙLongÙKaKa	 DelItem: Kim Phong Thanh D­¬ng Kh«i
10:05:44	 Account: minhtrand3	Name: HáaÙLongÙKaKa	 DelItem: Kim Phong Tr¹c Liªn Quang
10:10:45	 Account: minhtrand4	Name: BµÙL«i	 DelItem: Kim Phong §o¹t Hån Ngäc ®¸i
10:10:45	 Account: minhtrand4	Name: BµÙL«i	 DelItem: Kim Phong HËu NghÖ dÉn cung
10:10:45	 Account: minhtrand4	Name: BµÙL«i	 DelItem: Kim Phong C«ng CÈn Tam Th¸n
10:10:45	 Account: minhtrand4	Name: BµÙL«i	 DelItem: Kim Phong Thanh D­¬ng Kh«i
10:10:45	 Account: minhtrand4	Name: BµÙL«i	 DelItem: Kim Phong Tr¹c Liªn Quang
10:10:45	 Account: minhtrand4	Name: BµÙL«i	 DelItem: Kim Phong Thiªn Lý Th¶o Th­îng Phi
10:10:45	 Account: minhtrand4	Name: BµÙL«i	 DelItem: Kim Phong §ång T­íc Xu©n Th©m
10:10:45	 Account: minhtrand4	Name: BµÙL«i	 DelItem: Kim Phong Lan §×nh Ngäc
10:10:45	 Account: minhtrand4	Name: BµÙL«i	 DelItem: Kim Phong Kú L©n HuyÕt
10:14:01	 Account: minhtrand5	Name: LÇyÙAÙMinh	 DelItem: Kim Phong HËu NghÖ dÉn cung
10:14:01	 Account: minhtrand5	Name: LÇyÙAÙMinh	 DelItem: Kim Phong C«ng CÈn Tam Th¸n
10:14:01	 Account: minhtrand5	Name: LÇyÙAÙMinh	 DelItem: Kim Phong Lan §×nh Ngäc
10:14:01	 Account: minhtrand5	Name: LÇyÙAÙMinh	 DelItem: Kim Phong Thanh D­¬ng Kh«i
10:14:01	 Account: minhtrand5	Name: LÇyÙAÙMinh	 DelItem: Kim Phong Kú L©n HuyÕt
10:14:01	 Account: minhtrand5	Name: LÇyÙAÙMinh	 DelItem: Kim Phong Tr¹c Liªn Quang
10:14:01	 Account: minhtrand5	Name: LÇyÙAÙMinh	 DelItem: Kim Phong §ång T­íc Xu©n Th©m
10:14:01	 Account: minhtrand5	Name: LÇyÙAÙMinh	 DelItem: Kim Phong §o¹t Hån Ngäc ®¸i
10:14:01	 Account: minhtrand5	Name: LÇyÙAÙMinh	 DelItem: Kim Phong Thiªn Lý Th¶o Th­îng Phi
10:17:37	 Account: minhtrand6	Name: §écÙTµÙNh©n	 DelItem: Kim Phong §o¹t Hån Ngäc ®¸i
10:17:37	 Account: minhtrand6	Name: §écÙTµÙNh©n	 DelItem: Kim Phong HËu NghÖ dÉn cung
10:17:37	 Account: minhtrand6	Name: §écÙTµÙNh©n	 DelItem: Kim Phong Lan §×nh Ngäc
10:17:37	 Account: minhtrand6	Name: §écÙTµÙNh©n	 DelItem: Kim Phong Thanh D­¬ng Kh«i
10:17:37	 Account: minhtrand6	Name: §écÙTµÙNh©n	 DelItem: Kim Phong Kú L©n HuyÕt
10:17:37	 Account: minhtrand6	Name: §écÙTµÙNh©n	 DelItem: Kim Phong Tr¹c Liªn Quang
10:17:37	 Account: minhtrand6	Name: §écÙTµÙNh©n	 DelItem: Kim Phong §ång T­íc Xu©n Th©m
10:17:37	 Account: minhtrand6	Name: §écÙTµÙNh©n	 DelItem: Kim Phong C«ng CÈn Tam Th¸n
10:17:37	 Account: minhtrand6	Name: §écÙTµÙNh©n	 DelItem: Kim Phong Thiªn Lý Th¶o Th­îng Phi
10:19:27	 Account: kaiba4	Name: vaushfd	 DelItem: Kim Phong §ång T­íc Xu©n Th©m
10:19:27	 Account: kaiba4	Name: vaushfd	 DelItem: Kim Phong §o¹t Hån Ngäc ®¸i
10:19:27	 Account: kaiba4	Name: vaushfd	 DelItem: Kim Phong HËu NghÖ dÉn cung
10:19:27	 Account: kaiba4	Name: vaushfd	 DelItem: Kim Phong C«ng CÈn Tam Th¸n
10:19:27	 Account: kaiba4	Name: vaushfd	 DelItem: Kim Phong Lan §×nh Ngäc
10:19:27	 Account: kaiba4	Name: vaushfd	 DelItem: Kim Phong Thanh D­¬ng Kh«i
10:19:27	 Account: kaiba4	Name: vaushfd	 DelItem: Kim Phong Kú L©n HuyÕt
10:19:27	 Account: kaiba4	Name: vaushfd	 DelItem: Kim Phong Tr¹c Liªn Quang
10:19:27	 Account: kaiba4	Name: vaushfd	 DelItem: Kim Phong Thiªn Lý Th¶o Th­îng Phi
10:28:01	 Account: quocviet1987	Name: ChiHaiND	 DelItem: Kim Phong Tr¹c Liªn Quang
10:28:01	 Account: quocviet1987	Name: ChiHaiND	 DelItem: Kim Phong Kú L©n HuyÕt
10:28:01	 Account: quocviet1987	Name: ChiHaiND	 DelItem: Kim Phong Thanh D­¬ng Kh«i
10:28:17	 Account: quocviet1987	Name: ChiHaiND	 DelItem: Kim Phong HËu NghÖ dÉn cung
10:28:17	 Account: quocviet1987	Name: ChiHaiND	 DelItem: Kim Phong §ång T­íc Xu©n Th©m
10:39:21	 Account: minhtrand1	Name: GiÕtÙS­Ù§ètÙChïa	 DelItem: Tóc S­¬ng
10:44:27	 Account: thoakhungz7	Name: ThöÙ§ôngÙTaoÙXem	 DelItem: Kim Phong Tr¹c Liªn Quang
10:46:17	 Account: imtry01	Name: ThÇnÙR¸c	 DelItem: Kim Phong §o¹t Hån Ngäc ®¸i
10:46:17	 Account: imtry01	Name: ThÇnÙR¸c	 DelItem: Kim Phong Thanh D­¬ng Kh«i
10:46:17	 Account: imtry01	Name: ThÇnÙR¸c	 DelItem: Kim Phong Kú L©n HuyÕt
10:46:17	 Account: imtry01	Name: ThÇnÙR¸c	 DelItem: Kim Phong §o¹t Hån Ngäc ®¸i
10:46:17	 Account: imtry01	Name: ThÇnÙR¸c	 DelItem: Kim Phong Thanh D­¬ng Kh«i
10:46:17	 Account: imtry01	Name: ThÇnÙR¸c	 DelItem: Kim Phong Kú L©n HuyÕt
10:46:35	 Account: imtry01	Name: ThÇnÙR¸c	 DelItem: Kim Phong §ång T­íc Xu©n Th©m
10:46:35	 Account: imtry01	Name: ThÇnÙR¸c	 DelItem: Kim Phong HËu NghÖ dÉn cung
10:46:35	 Account: imtry01	Name: ThÇnÙR¸c	 DelItem: Kim Phong C«ng CÈn Tam Th¸n
10:46:35	 Account: imtry01	Name: ThÇnÙR¸c	 DelItem: Kim Phong Lan §×nh Ngäc
10:46:35	 Account: imtry01	Name: ThÇnÙR¸c	 DelItem: Kim Phong Tr¹c Liªn Quang
10:46:35	 Account: imtry01	Name: ThÇnÙR¸c	 DelItem: Kim Phong Thiªn Lý Th¶o Th­îng Phi
10:46:35	 Account: imtry01	Name: ThÇnÙR¸c	 DelItem: Kim Phong HËu NghÖ dÉn cung
10:48:58	 Account: thoakhungz8	Name: Nh©yÙV·iÙL	 DelItem: Kim Phong Tr¹c Liªn Quang
11:16:47	 Account: vunguyen1989	Name: ConLonSet	 DelItem: Kim Phong Tr¹c Liªn Quang
11:19:49	 Account: quocviet1986	Name: CauHai	 DelItem: Kim Phong Tr¹c Liªn Quang
11:19:49	 Account: quocviet1986	Name: CauHai	 DelItem: Kim Phong Lan §×nh Ngäc
11:19:49	 Account: quocviet1986	Name: CauHai	 DelItem: Kim Phong HËu NghÖ dÉn cung
11:19:49	 Account: quocviet1986	Name: CauHai	 DelItem: Kim Phong §ång T­íc Xu©n Th©m
11:20:20	 Account: nonhandl	Name: V«ÙNhaiÙTö	 DelItem: Tóc S­¬ng
11:42:08	 Account: phamtungdhv5	Name: ZzThaiSonzZ	 DelItem: Kim Phong Kú L©n HuyÕt
11:42:08	 Account: phamtungdhv5	Name: ZzThaiSonzZ	 DelItem: Kim Phong Thiªn Lý Th¶o Th­îng Phi
11:42:22	 Account: phamtungdhv5	Name: ZzThaiSonzZ	 DelItem: Kim Phong HËu NghÖ dÉn cung
11:42:22	 Account: phamtungdhv5	Name: ZzThaiSonzZ	 DelItem: Kim Phong Thanh D­¬ng Kh«i
11:42:22	 Account: phamtungdhv5	Name: ZzThaiSonzZ	 DelItem: Kim Phong Tr¹c Liªn Quang
11:42:42	 Account: phamtungdhv5	Name: ZzThaiSonzZ	 DelItem: Kim Phong §ång T­íc Xu©n Th©m
11:42:42	 Account: phamtungdhv5	Name: ZzThaiSonzZ	 DelItem: Kim Phong §o¹t Hån Ngäc ®¸i
11:42:42	 Account: phamtungdhv5	Name: ZzThaiSonzZ	 DelItem: Kim Phong C«ng CÈn Tam Th¸n
11:42:42	 Account: phamtungdhv5	Name: ZzThaiSonzZ	 DelItem: Kim Phong Lan §×nh Ngäc
11:43:21	 Account: phamtungdhv5	Name: ZzThaiSonzZ	 DelItem: Tóc S­¬ng
11:43:38	 Account: quocviet1986	Name: CauHai	 DelItem: Kim Phong §o¹t Hån Ngäc ®¸i
11:57:53	 Account: sarin	Name: XinhGai9	 DelItem: Kim Phong §ång T­íc Xu©n Th©m
11:57:53	 Account: sarin	Name: XinhGai9	 DelItem: Kim Phong HËu NghÖ dÉn cung
11:57:53	 Account: sarin	Name: XinhGai9	 DelItem: Kim Phong C«ng CÈn Tam Th¸n
11:57:53	 Account: sarin	Name: XinhGai9	 DelItem: Kim Phong Lan §×nh Ngäc
11:57:53	 Account: sarin	Name: XinhGai9	 DelItem: Kim Phong Thanh D­¬ng Kh«i
11:57:53	 Account: sarin	Name: XinhGai9	 DelItem: Kim Phong Tr¹c Liªn Quang
11:57:53	 Account: sarin	Name: XinhGai9	 DelItem: Kim Phong Thiªn Lý Th¶o Th­îng Phi
11:57:53	 Account: sarin	Name: XinhGai9	 DelItem: Kim Phong §o¹t Hån Ngäc ®¸i
11:57:53	 Account: sarin	Name: XinhGai9	 DelItem: Kim Phong Kú L©n HuyÕt
11:59:59	 Account: sarin1	Name: XinhGai10	 DelItem: Kim Phong §ång T­íc Xu©n Th©m
11:59:59	 Account: sarin1	Name: XinhGai10	 DelItem: Kim Phong §o¹t Hån Ngäc ®¸i
11:59:59	 Account: sarin1	Name: XinhGai10	 DelItem: Kim Phong HËu NghÖ dÉn cung
11:59:59	 Account: sarin1	Name: XinhGai10	 DelItem: Kim Phong C«ng CÈn Tam Th¸n
11:59:59	 Account: sarin1	Name: XinhGai10	 DelItem: Kim Phong Lan §×nh Ngäc
11:59:59	 Account: sarin1	Name: XinhGai10	 DelItem: Kim Phong Thanh D­¬ng Kh«i
11:59:59	 Account: sarin1	Name: XinhGai10	 DelItem: Kim Phong Tr¹c Liªn Quang
11:59:59	 Account: sarin1	Name: XinhGai10	 DelItem: Kim Phong Thiªn Lý Th¶o Th­îng Phi
11:59:59	 Account: sarin1	Name: XinhGai10	 DelItem: Kim Phong Kú L©n HuyÕt
12:01:34	 Account: sarin1	Name: XinhGai11	 DelItem: Kim Phong §o¹t Hån Ngäc ®¸i
12:01:34	 Account: sarin1	Name: XinhGai11	 DelItem: Kim Phong HËu NghÖ dÉn cung
12:01:34	 Account: sarin1	Name: XinhGai11	 DelItem: Kim Phong Lan §×nh Ngäc
12:01:34	 Account: sarin1	Name: XinhGai11	 DelItem: Kim Phong Thanh D­¬ng Kh«i
12:01:34	 Account: sarin1	Name: XinhGai11	 DelItem: Kim Phong Tr¹c Liªn Quang
12:01:34	 Account: sarin1	Name: XinhGai11	 DelItem: Kim Phong §ång T­íc Xu©n Th©m
12:01:34	 Account: sarin1	Name: XinhGai11	 DelItem: Kim Phong C«ng CÈn Tam Th¸n
12:01:34	 Account: sarin1	Name: XinhGai11	 DelItem: Kim Phong Kú L©n HuyÕt
12:01:34	 Account: sarin1	Name: XinhGai11	 DelItem: Kim Phong Thiªn Lý Th¶o Th­îng Phi
12:03:41	 Account: sarin1	Name: XinhGai12	 DelItem: Kim Phong §o¹t Hån Ngäc ®¸i
12:03:41	 Account: sarin1	Name: XinhGai12	 DelItem: Kim Phong HËu NghÖ dÉn cung
12:03:41	 Account: sarin1	Name: XinhGai12	 DelItem: Kim Phong Lan §×nh Ngäc
12:03:41	 Account: sarin1	Name: XinhGai12	 DelItem: Kim Phong Thanh D­¬ng Kh«i
12:03:41	 Account: sarin1	Name: XinhGai12	 DelItem: Kim Phong Tr¹c Liªn Quang
12:03:41	 Account: sarin1	Name: XinhGai12	 DelItem: Kim Phong Thiªn Lý Th¶o Th­îng Phi
12:03:41	 Account: sarin1	Name: XinhGai12	 DelItem: Kim Phong §ång T­íc Xu©n Th©m
12:03:41	 Account: sarin1	Name: XinhGai12	 DelItem: Kim Phong C«ng CÈn Tam Th¸n
12:03:41	 Account: sarin1	Name: XinhGai12	 DelItem: Kim Phong Kú L©n HuyÕt
12:03:52	 Account: conmuaquahd	Name: AnhHung	 DelItem: Kim Phong Tr¹c Liªn Quang
12:05:25	 Account: kaiba2	Name: xcqwdqw	 DelItem: Kim Phong §ång T­íc Xu©n Th©m
12:05:25	 Account: kaiba2	Name: xcqwdqw	 DelItem: Kim Phong §o¹t Hån Ngäc ®¸i
12:05:25	 Account: kaiba2	Name: xcqwdqw	 DelItem: Kim Phong HËu NghÖ dÉn cung
12:05:25	 Account: kaiba2	Name: xcqwdqw	 DelItem: Kim Phong C«ng CÈn Tam Th¸n
12:05:25	 Account: kaiba2	Name: xcqwdqw	 DelItem: Kim Phong Lan §×nh Ngäc
12:05:25	 Account: kaiba2	Name: xcqwdqw	 DelItem: Kim Phong Thanh D­¬ng Kh«i
12:05:25	 Account: kaiba2	Name: xcqwdqw	 DelItem: Kim Phong Kú L©n HuyÕt
12:05:25	 Account: kaiba2	Name: xcqwdqw	 DelItem: Kim Phong Tr¹c Liªn Quang
12:05:25	 Account: kaiba2	Name: xcqwdqw	 DelItem: Kim Phong Thiªn Lý Th¶o Th­îng Phi
12:08:36	 Account: phamtungdhv6	Name: ZzYunazZ	 DelItem: Kim Phong Kú L©n HuyÕt
12:08:36	 Account: phamtungdhv6	Name: ZzYunazZ	 DelItem: Tóc S­¬ng
12:08:53	 Account: phamtungdhv6	Name: ZzYunazZ	 DelItem: Kim Phong Thiªn Lý Th¶o Th­îng Phi
12:08:53	 Account: phamtungdhv6	Name: ZzYunazZ	 DelItem: Kim Phong Tr¹c Liªn Quang
12:08:53	 Account: phamtungdhv6	Name: ZzYunazZ	 DelItem: Kim Phong C«ng CÈn Tam Th¸n
12:08:53	 Account: phamtungdhv6	Name: ZzYunazZ	 DelItem: Kim Phong §o¹t Hån Ngäc ®¸i
12:08:53	 Account: phamtungdhv6	Name: ZzYunazZ	 DelItem: Kim Phong §ång T­íc Xu©n Th©m
12:09:07	 Account: phamtungdhv6	Name: ZzYunazZ	 DelItem: Kim Phong Lan §×nh Ngäc
12:09:07	 Account: phamtungdhv6	Name: ZzYunazZ	 DelItem: Kim Phong Thanh D­¬ng Kh«i
12:09:07	 Account: phamtungdhv6	Name: ZzYunazZ	 DelItem: Kim Phong HËu NghÖ dÉn cung
12:10:29	 Account: conmuaquahd	Name: AnhHung	 DelItem: Kim Phong §o¹t Hån Ngäc ®¸i
12:10:29	 Account: conmuaquahd	Name: AnhHung	 DelItem: Kim Phong C«ng CÈn Tam Th¸n
12:10:29	 Account: conmuaquahd	Name: AnhHung	 DelItem: Kim Phong Thanh D­¬ng Kh«i
12:10:29	 Account: conmuaquahd	Name: AnhHung	 DelItem: Kim Phong Thiªn Lý Th¶o Th­îng Phi
12:10:29	 Account: conmuaquahd	Name: AnhHung	 DelItem: Kim Phong Kú L©n HuyÕt
12:10:29	 Account: conmuaquahd	Name: AnhHung	 DelItem: Kim Phong Lan §×nh Ngäc
12:10:29	 Account: conmuaquahd	Name: AnhHung	 DelItem: Kim Phong HËu NghÖ dÉn cung
12:10:29	 Account: conmuaquahd	Name: AnhHung	 DelItem: Kim Phong §ång T­íc Xu©n Th©m
12:34:42	 Account: thanhtuoi1	Name: ÙÙÙÙÙÙÙÙÙ	 DelItem: Kim Phong Tr¹c Liªn Quang
12:43:40	 Account: quocviet1987	Name: ChiHaiND	 DelItem: Kim Phong Tr¹c Liªn Quang
12:43:40	 Account: quocviet1987	Name: ChiHaiND	 DelItem: Kim Phong Lan §×nh Ngäc
12:46:01	 Account: tranhoangcham	Name: KeVoDanh113	 DelItem: Kim Phong Kú L©n HuyÕt
12:46:01	 Account: tranhoangcham	Name: KeVoDanh113	 DelItem: Kim Phong Thiªn Lý Th¶o Th­îng Phi
12:46:01	 Account: tranhoangcham	Name: KeVoDanh113	 DelItem: Kim Phong Kú L©n HuyÕt
12:46:01	 Account: tranhoangcham	Name: KeVoDanh113	 DelItem: Kim Phong Thanh D­¬ng Kh«i
12:46:01	 Account: tranhoangcham	Name: KeVoDanh113	 DelItem: Kim Phong §o¹t Hån Ngäc ®¸i
12:48:39	 Account: tranhoangcham	Name: KeVoDanh113	 DelItem: Kim Phong Thanh D­¬ng Kh«i
12:48:39	 Account: tranhoangcham	Name: KeVoDanh113	 DelItem: Kim Phong Lan §×nh Ngäc
12:49:14	 Account: conmuaquahd	Name: AnhHung	 DelItem: Kim Phong Thiªn Lý Th¶o Th­îng Phi
13:03:17	 Account: hahaha3	Name: oMaNhan	 DelItem: Kim Phong Tr¹c Liªn Quang
13:11:15	 Account: hahaha4	Name: oNguDoc	 DelItem: Kim Phong Tr¹c Liªn Quang
13:13:54	 Account: dai221995	Name: ChÝÙT«nÙB¶o	 DelItem: Kim Phong Thiªn Lý Th¶o Th­îng Phi
13:13:54	 Account: dai221995	Name: ChÝÙT«nÙB¶o	 DelItem: Kim Phong Kú L©n HuyÕt
13:14:09	 Account: dai221995	Name: ChÝÙT«nÙB¶o	 DelItem: Kim Phong §ång T­íc Xu©n Th©m
13:14:09	 Account: dai221995	Name: ChÝÙT«nÙB¶o	 DelItem: Kim Phong §o¹t Hån Ngäc ®¸i
13:14:09	 Account: dai221995	Name: ChÝÙT«nÙB¶o	 DelItem: Kim Phong HËu NghÖ dÉn cung
13:14:09	 Account: dai221995	Name: ChÝÙT«nÙB¶o	 DelItem: Kim Phong C«ng CÈn Tam Th¸n
13:14:09	 Account: dai221995	Name: ChÝÙT«nÙB¶o	 DelItem: Kim Phong Lan §×nh Ngäc
13:14:09	 Account: dai221995	Name: ChÝÙT«nÙB¶o	 DelItem: Kim Phong Thanh D­¬ng Kh«i
13:14:09	 Account: dai221995	Name: ChÝÙT«nÙB¶o	 DelItem: Kim Phong Tr¹c Liªn Quang
13:15:21	 Account: dai221995	Name: ChÝÙT«nÙB¶o	 DelItem: Tóc S­¬ng
13:16:16	 Account: hahaha5	Name: oConLuan	 DelItem: Kim Phong Tr¹c Liªn Quang
13:36:23	 Account: vunguyen1987	Name: ThuyYen	 DelItem: Tóc S­¬ng
13:42:53	 Account: quocviet1986	Name: CauHai	 DelItem: Kim Phong Thiªn Lý Th¶o Th­îng Phi
13:52:10	 Account: dai221995	Name: ChÝÙT«nÙB¶o	 DelItem: Kim Phong Tr¹c Liªn Quang
13:59:20	 Account: tumap3005	Name: SBossss	 DelItem: Kim Phong §ång T­íc Xu©n Th©m
13:59:20	 Account: tumap3005	Name: SBossss	 DelItem: Kim Phong §o¹t Hån Ngäc ®¸i
13:59:20	 Account: tumap3005	Name: SBossss	 DelItem: Kim Phong HËu NghÖ dÉn cung
13:59:20	 Account: tumap3005	Name: SBossss	 DelItem: Kim Phong C«ng CÈn Tam Th¸n
13:59:20	 Account: tumap3005	Name: SBossss	 DelItem: Kim Phong Lan §×nh Ngäc
13:59:20	 Account: tumap3005	Name: SBossss	 DelItem: Kim Phong Thanh D­¬ng Kh«i
13:59:20	 Account: tumap3005	Name: SBossss	 DelItem: Kim Phong Kú L©n HuyÕt
13:59:20	 Account: tumap3005	Name: SBossss	 DelItem: Kim Phong Tr¹c Liªn Quang
13:59:20	 Account: tumap3005	Name: SBossss	 DelItem: Kim Phong Thiªn Lý Th¶o Th­îng Phi
14:06:54	 Account: tumap3006	Name: SAbosss3	 DelItem: Kim Phong §ång T­íc Xu©n Th©m
14:06:54	 Account: tumap3006	Name: SAbosss3	 DelItem: Kim Phong HËu NghÖ dÉn cung
14:06:54	 Account: tumap3006	Name: SAbosss3	 DelItem: Kim Phong C«ng CÈn Tam Th¸n
14:06:54	 Account: tumap3006	Name: SAbosss3	 DelItem: Kim Phong Lan §×nh Ngäc
14:06:54	 Account: tumap3006	Name: SAbosss3	 DelItem: Kim Phong Thanh D­¬ng Kh«i
14:06:54	 Account: tumap3006	Name: SAbosss3	 DelItem: Kim Phong Kú L©n HuyÕt
14:06:54	 Account: tumap3006	Name: SAbosss3	 DelItem: Kim Phong Tr¹c Liªn Quang
14:06:54	 Account: tumap3006	Name: SAbosss3	 DelItem: Kim Phong Thiªn Lý Th¶o Th­îng Phi
14:07:05	 Account: tumap3006	Name: SAbosss3	 DelItem: Kim Phong §o¹t Hån Ngäc ®¸i
14:07:32	 Account: ovichat2t	Name: ÙÙÙÙÙÙÙÙÙÙÙÙÙÙÙ	 DelItem: Kim Phong Tr¹c Liªn Quang
14:09:09	 Account: tranhoangcham	Name: KeVoDanh113	 DelItem: Tóc S­¬ng
14:15:04	 Account: hoailanghp	Name: TruongVoKy	 DelItem: Kim Phong Tr¹c Liªn Quang
14:15:04	 Account: hoailanghp	Name: TruongVoKy	 DelItem: Kim Phong Thiªn Lý Th¶o Th­îng Phi
14:15:25	 Account: hoailanghp	Name: TruongVoKy	 DelItem: Kim Phong §ång T­íc Xu©n Th©m
14:15:25	 Account: hoailanghp	Name: TruongVoKy	 DelItem: Kim Phong §o¹t Hån Ngäc ®¸i
14:15:25	 Account: hoailanghp	Name: TruongVoKy	 DelItem: Kim Phong C«ng CÈn Tam Th¸n
14:15:25	 Account: hoailanghp	Name: TruongVoKy	 DelItem: Kim Phong Lan §×nh Ngäc
14:15:25	 Account: hoailanghp	Name: TruongVoKy	 DelItem: Kim Phong HËu NghÖ dÉn cung
14:15:25	 Account: hoailanghp	Name: TruongVoKy	 DelItem: Kim Phong Thanh D­¬ng Kh«i
14:15:25	 Account: hoailanghp	Name: TruongVoKy	 DelItem: Kim Phong Kú L©n HuyÕt
14:19:34	 Account: tumap3000	Name: EmChoiLai	 DelItem: L­ìng §¸ng Kh¶i
14:40:11	 Account: kuronasy	Name: SlockÙHome	 DelItem: Kim Phong §ång T­íc Xu©n Th©m
14:40:11	 Account: kuronasy	Name: SlockÙHome	 DelItem: Kim Phong §o¹t Hån Ngäc ®¸i
14:40:11	 Account: kuronasy	Name: SlockÙHome	 DelItem: Kim Phong HËu NghÖ dÉn cung
14:40:11	 Account: kuronasy	Name: SlockÙHome	 DelItem: Kim Phong C«ng CÈn Tam Th¸n
14:40:11	 Account: kuronasy	Name: SlockÙHome	 DelItem: Kim Phong Lan §×nh Ngäc
14:40:11	 Account: kuronasy	Name: SlockÙHome	 DelItem: Kim Phong Thanh D­¬ng Kh«i
14:40:11	 Account: kuronasy	Name: SlockÙHome	 DelItem: Kim Phong Kú L©n HuyÕt
14:40:11	 Account: kuronasy	Name: SlockÙHome	 DelItem: Kim Phong Tr¹c Liªn Quang
14:40:11	 Account: kuronasy	Name: SlockÙHome	 DelItem: Kim Phong Thiªn Lý Th¶o Th­îng Phi
14:46:13	 Account: kuronasy1	Name: SlockÙLife	 DelItem: Kim Phong §ång T­íc Xu©n Th©m
14:46:13	 Account: kuronasy1	Name: SlockÙLife	 DelItem: Kim Phong §o¹t Hån Ngäc ®¸i
14:46:13	 Account: kuronasy1	Name: SlockÙLife	 DelItem: Kim Phong HËu NghÖ dÉn cung
14:46:13	 Account: kuronasy1	Name: SlockÙLife	 DelItem: Kim Phong C«ng CÈn Tam Th¸n
14:46:13	 Account: kuronasy1	Name: SlockÙLife	 DelItem: Kim Phong Lan §×nh Ngäc
14:46:13	 Account: kuronasy1	Name: SlockÙLife	 DelItem: Kim Phong Thanh D­¬ng Kh«i
14:46:13	 Account: kuronasy1	Name: SlockÙLife	 DelItem: Kim Phong Kú L©n HuyÕt
14:46:13	 Account: kuronasy1	Name: SlockÙLife	 DelItem: Kim Phong Tr¹c Liªn Quang
14:46:13	 Account: kuronasy1	Name: SlockÙLife	 DelItem: Kim Phong Thiªn Lý Th¶o Th­îng Phi
14:52:43	 Account: quocviet1986	Name: CauHai	 DelItem: Kim Phong Kú L©n HuyÕt
14:52:43	 Account: quocviet1986	Name: CauHai	 DelItem: Kim Phong Thanh D­¬ng Kh«i
15:25:47	 Account: nonhandl	Name: V«ÙNhaiÙTö	 DelItem: Kim Phong Tr¹c Liªn Quang
15:33:21	 Account: longyen010	Name: MrÙLong	 DelItem: Tóc S­¬ng
15:37:30	 Account: nonhantn	Name: CµyÙTiÒn	 DelItem: Kim Phong §o¹t Hån Ngäc ®¸i
15:37:30	 Account: nonhantn	Name: CµyÙTiÒn	 DelItem: Kim Phong HËu NghÖ dÉn cung
15:37:30	 Account: nonhantn	Name: CµyÙTiÒn	 DelItem: Kim Phong C«ng CÈn Tam Th¸n
15:37:30	 Account: nonhantn	Name: CµyÙTiÒn	 DelItem: Kim Phong Thiªn Lý Th¶o Th­îng Phi
15:37:30	 Account: nonhantn	Name: CµyÙTiÒn	 DelItem: Kim Phong Tr¹c Liªn Quang
15:37:30	 Account: nonhantn	Name: CµyÙTiÒn	 DelItem: Kim Phong §ång T­íc Xu©n Th©m
15:37:30	 Account: nonhantn	Name: CµyÙTiÒn	 DelItem: Kim Phong Lan §×nh Ngäc
15:37:30	 Account: nonhantn	Name: CµyÙTiÒn	 DelItem: Kim Phong Thanh D­¬ng Kh«i
15:37:30	 Account: nonhantn	Name: CµyÙTiÒn	 DelItem: Kim Phong Kú L©n HuyÕt
15:37:37	 Account: nonhantn	Name: CµyÙTiÒn	 DelItem: Kim Phong Tr¹c Liªn Quang
16:04:32	 Account: thoakhungs2	Name: FZ1000	 DelItem: Kim Phong §ång T­íc Xu©n Th©m
16:04:32	 Account: thoakhungs2	Name: FZ1000	 DelItem: Kim Phong §o¹t Hån Ngäc ®¸i
16:04:32	 Account: thoakhungs2	Name: FZ1000	 DelItem: Kim Phong HËu NghÖ dÉn cung
16:04:32	 Account: thoakhungs2	Name: FZ1000	 DelItem: Kim Phong C«ng CÈn Tam Th¸n
16:04:32	 Account: thoakhungs2	Name: FZ1000	 DelItem: Kim Phong Lan §×nh Ngäc
16:04:32	 Account: thoakhungs2	Name: FZ1000	 DelItem: Kim Phong Kú L©n HuyÕt
16:04:32	 Account: thoakhungs2	Name: FZ1000	 DelItem: Kim Phong Tr¹c Liªn Quang
16:04:32	 Account: thoakhungs2	Name: FZ1000	 DelItem: Kim Phong Thiªn Lý Th¶o Th­îng Phi
16:04:54	 Account: thoakhungs2	Name: FZ1000	 DelItem: Kim Phong Thanh D­¬ng Kh«i
16:07:10	 Account: bihulk02	Name: 74ÙLinhÙSHXT	 DelItem: Kim Phong §ång T­íc Xu©n Th©m
16:07:10	 Account: bihulk02	Name: 74ÙLinhÙSHXT	 DelItem: Kim Phong §o¹t Hån Ngäc ®¸i
16:07:10	 Account: bihulk02	Name: 74ÙLinhÙSHXT	 DelItem: Kim Phong HËu NghÖ dÉn cung
16:07:10	 Account: bihulk02	Name: 74ÙLinhÙSHXT	 DelItem: Kim Phong C«ng CÈn Tam Th¸n
16:07:10	 Account: bihulk02	Name: 74ÙLinhÙSHXT	 DelItem: Kim Phong Lan §×nh Ngäc
16:07:10	 Account: bihulk02	Name: 74ÙLinhÙSHXT	 DelItem: Kim Phong Thanh D­¬ng Kh«i
16:07:10	 Account: bihulk02	Name: 74ÙLinhÙSHXT	 DelItem: Kim Phong Kú L©n HuyÕt
16:07:10	 Account: bihulk02	Name: 74ÙLinhÙSHXT	 DelItem: Kim Phong Tr¹c Liªn Quang
16:07:10	 Account: bihulk02	Name: 74ÙLinhÙSHXT	 DelItem: Kim Phong Thiªn Lý Th¶o Th­îng Phi
16:10:17	 Account: thoakhungs2	Name: FZ1200	 DelItem: Kim Phong §ång T­íc Xu©n Th©m
16:10:17	 Account: thoakhungs2	Name: FZ1200	 DelItem: Kim Phong §o¹t Hån Ngäc ®¸i
16:10:17	 Account: thoakhungs2	Name: FZ1200	 DelItem: Kim Phong HËu NghÖ dÉn cung
16:10:17	 Account: thoakhungs2	Name: FZ1200	 DelItem: Kim Phong C«ng CÈn Tam Th¸n
16:10:17	 Account: thoakhungs2	Name: FZ1200	 DelItem: Kim Phong Lan §×nh Ngäc
16:10:17	 Account: thoakhungs2	Name: FZ1200	 DelItem: Kim Phong Thanh D­¬ng Kh«i
16:10:17	 Account: thoakhungs2	Name: FZ1200	 DelItem: Kim Phong Kú L©n HuyÕt
16:10:17	 Account: thoakhungs2	Name: FZ1200	 DelItem: Kim Phong Tr¹c Liªn Quang
16:10:17	 Account: thoakhungs2	Name: FZ1200	 DelItem: Kim Phong Thiªn Lý Th¶o Th­îng Phi
16:13:06	 Account: kimmalenhhai6	Name: MÊtKinhRåi	 DelItem: Kim Phong §ång T­íc Xu©n Th©m
16:13:06	 Account: kimmalenhhai6	Name: MÊtKinhRåi	 DelItem: Kim Phong HËu NghÖ dÉn cung
16:13:06	 Account: kimmalenhhai6	Name: MÊtKinhRåi	 DelItem: Kim Phong C«ng CÈn Tam Th¸n
16:13:06	 Account: kimmalenhhai6	Name: MÊtKinhRåi	 DelItem: Kim Phong Lan §×nh Ngäc
16:13:06	 Account: kimmalenhhai6	Name: MÊtKinhRåi	 DelItem: Kim Phong Thanh D­¬ng Kh«i
16:13:06	 Account: kimmalenhhai6	Name: MÊtKinhRåi	 DelItem: Kim Phong Kú L©n HuyÕt
16:13:06	 Account: kimmalenhhai6	Name: MÊtKinhRåi	 DelItem: Kim Phong Tr¹c Liªn Quang
16:13:06	 Account: kimmalenhhai6	Name: MÊtKinhRåi	 DelItem: Kim Phong Thiªn Lý Th¶o Th­îng Phi
16:21:38	 Account: thoakhungz8	Name: PhangLßiMøt	 DelItem: Kim Phong §ång T­íc Xu©n Th©m
16:21:38	 Account: thoakhungz8	Name: PhangLßiMøt	 DelItem: Kim Phong §o¹t Hån Ngäc ®¸i
16:21:38	 Account: thoakhungz8	Name: PhangLßiMøt	 DelItem: Kim Phong HËu NghÖ dÉn cung
16:21:38	 Account: thoakhungz8	Name: PhangLßiMøt	 DelItem: Kim Phong C«ng CÈn Tam Th¸n
16:21:38	 Account: thoakhungz8	Name: PhangLßiMøt	 DelItem: Kim Phong Lan §×nh Ngäc
16:21:38	 Account: thoakhungz8	Name: PhangLßiMøt	 DelItem: Kim Phong Thanh D­¬ng Kh«i
16:21:38	 Account: thoakhungz8	Name: PhangLßiMøt	 DelItem: Kim Phong Kú L©n HuyÕt
16:21:38	 Account: thoakhungz8	Name: PhangLßiMøt	 DelItem: Kim Phong Tr¹c Liªn Quang
16:21:38	 Account: thoakhungz8	Name: PhangLßiMøt	 DelItem: Kim Phong Thiªn Lý Th¶o Th­îng Phi
16:29:25	 Account: thoakhungz8	Name: HètHµng	 DelItem: Kim Phong §ång T­íc Xu©n Th©m
16:29:25	 Account: thoakhungz8	Name: HètHµng	 DelItem: Kim Phong §o¹t Hån Ngäc ®¸i
16:29:25	 Account: thoakhungz8	Name: HètHµng	 DelItem: Kim Phong HËu NghÖ dÉn cung
16:29:25	 Account: thoakhungz8	Name: HètHµng	 DelItem: Kim Phong Lan §×nh Ngäc
16:29:25	 Account: thoakhungz8	Name: HètHµng	 DelItem: Kim Phong Thanh D­¬ng Kh«i
16:29:25	 Account: thoakhungz8	Name: HètHµng	 DelItem: Kim Phong Kú L©n HuyÕt
16:29:25	 Account: thoakhungz8	Name: HètHµng	 DelItem: Kim Phong Tr¹c Liªn Quang
16:29:25	 Account: thoakhungz8	Name: HètHµng	 DelItem: Kim Phong Thiªn Lý Th¶o Th­îng Phi
16:29:42	 Account: huy101	Name: §écXuyªnChim	 DelItem: Kim Phong §ång T­íc Xu©n Th©m
16:29:42	 Account: huy101	Name: §écXuyªnChim	 DelItem: Kim Phong C«ng CÈn Tam Th¸n
16:29:42	 Account: huy101	Name: §écXuyªnChim	 DelItem: Kim Phong Thiªn Lý Th¶o Th­îng Phi
16:29:42	 Account: huy101	Name: §écXuyªnChim	 DelItem: Kim Phong §o¹t Hån Ngäc ®¸i
16:29:42	 Account: huy101	Name: §écXuyªnChim	 DelItem: Kim Phong HËu NghÖ dÉn cung
16:29:42	 Account: huy101	Name: §écXuyªnChim	 DelItem: Kim Phong Lan §×nh Ngäc
16:29:42	 Account: huy101	Name: §écXuyªnChim	 DelItem: Kim Phong Thanh D­¬ng Kh«i
16:29:42	 Account: huy101	Name: §écXuyªnChim	 DelItem: Kim Phong Kú L©n HuyÕt
16:29:42	 Account: huy101	Name: §écXuyªnChim	 DelItem: Kim Phong Tr¹c Liªn Quang
16:30:31	 Account: thoakhungz8	Name: HètHµng	 DelItem: Tóc S­¬ng
16:30:42	 Account: thoakhungz8	Name: HètHµng	 DelItem: Kim Phong §ång T­íc Xu©n Th©m
16:30:42	 Account: thoakhungz8	Name: HètHµng	 DelItem: Kim Phong Lan §×nh Ngäc
16:30:42	 Account: thoakhungz8	Name: HètHµng	 DelItem: Kim Phong Tr¹c Liªn Quang
16:33:36	 Account: huy100	Name: §écXuyªnTim	 DelItem: Kim Phong §ång T­íc Xu©n Th©m
16:33:36	 Account: huy100	Name: §écXuyªnTim	 DelItem: Kim Phong §o¹t Hån Ngäc ®¸i
16:33:36	 Account: huy100	Name: §écXuyªnTim	 DelItem: Kim Phong HËu NghÖ dÉn cung
16:33:36	 Account: huy100	Name: §écXuyªnTim	 DelItem: Kim Phong C«ng CÈn Tam Th¸n
16:33:36	 Account: huy100	Name: §écXuyªnTim	 DelItem: Kim Phong Lan §×nh Ngäc
16:33:36	 Account: huy100	Name: §écXuyªnTim	 DelItem: Kim Phong Thanh D­¬ng Kh«i
16:33:36	 Account: huy100	Name: §écXuyªnTim	 DelItem: Kim Phong Kú L©n HuyÕt
16:33:36	 Account: huy100	Name: §écXuyªnTim	 DelItem: Kim Phong Tr¹c Liªn Quang
16:33:36	 Account: huy100	Name: §écXuyªnTim	 DelItem: Kim Phong Thiªn Lý Th¶o Th­îng Phi
16:33:50	 Account: huy100	Name: §écXuyªnTim	 DelItem: Kim Phong Tr¹c Liªn Quang
16:36:43	 Account: imtry02	Name: ÙÙRôtÙÙ	 DelItem: Kim Phong HËu NghÖ dÉn cung
16:36:43	 Account: imtry02	Name: ÙÙRôtÙÙ	 DelItem: Kim Phong C«ng CÈn Tam Th¸n
16:36:43	 Account: imtry02	Name: ÙÙRôtÙÙ	 DelItem: Kim Phong Lan §×nh Ngäc
16:36:43	 Account: imtry02	Name: ÙÙRôtÙÙ	 DelItem: Kim Phong Thanh D­¬ng Kh«i
16:36:43	 Account: imtry02	Name: ÙÙRôtÙÙ	 DelItem: Kim Phong Thiªn Lý Th¶o Th­îng Phi
16:36:43	 Account: imtry02	Name: ÙÙRôtÙÙ	 DelItem: Kim Phong §ång T­íc Xu©n Th©m
16:36:43	 Account: imtry02	Name: ÙÙRôtÙÙ	 DelItem: Kim Phong §o¹t Hån Ngäc ®¸i
16:36:43	 Account: imtry02	Name: ÙÙRôtÙÙ	 DelItem: Kim Phong Kú L©n HuyÕt
16:36:43	 Account: imtry02	Name: ÙÙRôtÙÙ	 DelItem: Kim Phong Tr¹c Liªn Quang
16:42:40	 Account: imtry02	Name: ÙÙRôtÙÙ	 DelItem: Kim Phong Tr¹c Liªn Quang
16:55:33	 Account: minsimon2	Name: ÙRiuÙSG	 DelItem: Kim Phong Kú L©n HuyÕt
16:55:39	 Account: minsimon2	Name: ÙRiuÙSG	 DelItem: Kim Phong Thanh D­¬ng Kh«i
16:55:45	 Account: minsimon2	Name: ÙRiuÙSG	 DelItem: Kim Phong Thiªn Lý Th¶o Th­îng Phi
16:55:51	 Account: minsimon2	Name: ÙRiuÙSG	 DelItem: Kim Phong §o¹t Hån Ngäc ®¸i
16:55:56	 Account: minsimon2	Name: ÙRiuÙSG	 DelItem: Kim Phong HËu NghÖ dÉn cung
16:56:05	 Account: minsimon2	Name: ÙRiuÙSG	 DelItem: Kim Phong Tr¹c Liªn Quang
16:56:10	 Account: minsimon2	Name: ÙRiuÙSG	 DelItem: Kim Phong Lan §×nh Ngäc
17:56:05	 Account: dai221996	Name: MécÙT«n	 DelItem: Kim Phong Tr¹c Liªn Quang
18:08:16	 Account: phamtungdhv5	Name: ZzPhiLongzZ	 DelItem: Kim Phong Thiªn Lý Th¶o Th­îng Phi
18:08:16	 Account: phamtungdhv5	Name: ZzPhiLongzZ	 DelItem: Kim Phong §o¹t Hån Ngäc ®¸i
18:08:16	 Account: phamtungdhv5	Name: ZzPhiLongzZ	 DelItem: Kim Phong Thanh D­¬ng Kh«i
18:08:16	 Account: phamtungdhv5	Name: ZzPhiLongzZ	 DelItem: Kim Phong Kú L©n HuyÕt
18:08:33	 Account: phamtungdhv5	Name: ZzPhiLongzZ	 DelItem: Kim Phong C«ng CÈn Tam Th¸n
18:08:33	 Account: phamtungdhv5	Name: ZzPhiLongzZ	 DelItem: Kim Phong Lan §×nh Ngäc
18:08:33	 Account: phamtungdhv5	Name: ZzPhiLongzZ	 DelItem: Kim Phong §ång T­íc Xu©n Th©m
18:08:33	 Account: phamtungdhv5	Name: ZzPhiLongzZ	 DelItem: Kim Phong HËu NghÖ dÉn cung
18:08:33	 Account: phamtungdhv5	Name: ZzPhiLongzZ	 DelItem: Kim Phong Tr¹c Liªn Quang
18:09:45	 Account: phamtungdhv5	Name: ZzPhiLongzZ	 DelItem: Kim Phong Tr¹c Liªn Quang
18:11:19	 Account: kimmalenhhai7	Name: VóToNhÊtXãmo	 DelItem: Kim Phong §ång T­íc Xu©n Th©m
18:11:19	 Account: kimmalenhhai7	Name: VóToNhÊtXãmo	 DelItem: Kim Phong HËu NghÖ dÉn cung
18:11:19	 Account: kimmalenhhai7	Name: VóToNhÊtXãmo	 DelItem: Kim Phong C«ng CÈn Tam Th¸n
18:11:19	 Account: kimmalenhhai7	Name: VóToNhÊtXãmo	 DelItem: Kim Phong Lan §×nh Ngäc
18:11:19	 Account: kimmalenhhai7	Name: VóToNhÊtXãmo	 DelItem: Kim Phong Kú L©n HuyÕt
18:11:19	 Account: kimmalenhhai7	Name: VóToNhÊtXãmo	 DelItem: Kim Phong Thiªn Lý Th¶o Th­îng Phi
18:11:19	 Account: kimmalenhhai7	Name: VóToNhÊtXãmo	 DelItem: Kim Phong Tr¹c Liªn Quang
18:11:19	 Account: kimmalenhhai7	Name: VóToNhÊtXãmo	 DelItem: Kim Phong Thanh D­¬ng Kh«i
18:11:19	 Account: kimmalenhhai7	Name: VóToNhÊtXãmo	 DelItem: Kim Phong §o¹t Hån Ngäc ®¸i
18:13:07	 Account: nam92hd1	Name: LµmTýC«nKh«ngEm	 DelItem: Kim Phong Kú L©n HuyÕt
18:13:12	 Account: nam92hd1	Name: LµmTýC«nKh«ngEm	 DelItem: Kim Phong HËu NghÖ dÉn cung
18:13:17	 Account: nam92hd1	Name: LµmTýC«nKh«ngEm	 DelItem: Kim Phong Tr¹c Liªn Quang
18:13:26	 Account: nam92hd1	Name: LµmTýC«nKh«ngEm	 DelItem: Kim Phong Thiªn Lý Th¶o Th­îng Phi
18:13:31	 Account: nam92hd1	Name: LµmTýC«nKh«ngEm	 DelItem: Kim Phong Thanh D­¬ng Kh«i
18:13:36	 Account: nam92hd1	Name: LµmTýC«nKh«ngEm	 DelItem: Kim Phong Lan §×nh Ngäc
18:13:42	 Account: nam92hd1	Name: LµmTýC«nKh«ngEm	 DelItem: Kim Phong C«ng CÈn Tam Th¸n
18:13:48	 Account: nam92hd1	Name: LµmTýC«nKh«ngEm	 DelItem: Kim Phong §o¹t Hån Ngäc ®¸i
18:13:54	 Account: nam92hd1	Name: LµmTýC«nKh«ngEm	 DelItem: Kim Phong §ång T­íc Xu©n Th©m
18:14:31	 Account: nam92hd2	Name: LµmTýLècKh«ngEm	 DelItem: Kim Phong Thiªn Lý Th¶o Th­îng Phi
18:15:22	 Account: nam92hd2	Name: LµmTýLècKh«ngEm	 DelItem: Kim Phong Kú L©n HuyÕt
18:15:28	 Account: nam92hd2	Name: LµmTýLècKh«ngEm	 DelItem: Kim Phong Thanh D­¬ng Kh«i
18:15:36	 Account: nam92hd2	Name: LµmTýLècKh«ngEm	 DelItem: Kim Phong HËu NghÖ dÉn cung
18:15:48	 Account: bihulk04	Name: 74ÙBÐÙSHXT	 DelItem: Kim Phong Kú L©n HuyÕt
18:15:48	 Account: bihulk04	Name: 74ÙBÐÙSHXT	 DelItem: Kim Phong Tr¹c Liªn Quang
18:15:48	 Account: bihulk04	Name: 74ÙBÐÙSHXT	 DelItem: Kim Phong Thiªn Lý Th¶o Th­îng Phi
18:15:48	 Account: bihulk04	Name: 74ÙBÐÙSHXT	 DelItem: Kim Phong Kú L©n HuyÕt
18:15:48	 Account: bihulk04	Name: 74ÙBÐÙSHXT	 DelItem: Kim Phong Lan §×nh Ngäc
18:15:48	 Account: bihulk04	Name: 74ÙBÐÙSHXT	 DelItem: Kim Phong HËu NghÖ dÉn cung
18:15:48	 Account: bihulk04	Name: 74ÙBÐÙSHXT	 DelItem: Kim Phong §o¹t Hån Ngäc ®¸i
18:16:02	 Account: bihulk04	Name: 74ÙBÐÙSHXT	 DelItem: Kim Phong C«ng CÈn Tam Th¸n
18:16:02	 Account: bihulk04	Name: 74ÙBÐÙSHXT	 DelItem: Kim Phong Tr¹c Liªn Quang
18:16:02	 Account: bihulk04	Name: 74ÙBÐÙSHXT	 DelItem: Kim Phong Thiªn Lý Th¶o Th­îng Phi
18:16:02	 Account: bihulk04	Name: 74ÙBÐÙSHXT	 DelItem: Kim Phong Tr¹c Liªn Quang
18:16:02	 Account: bihulk04	Name: 74ÙBÐÙSHXT	 DelItem: Kim Phong Thanh D­¬ng Kh«i
18:16:02	 Account: bihulk04	Name: 74ÙBÐÙSHXT	 DelItem: Kim Phong C«ng CÈn Tam Th¸n
18:16:02	 Account: bihulk04	Name: 74ÙBÐÙSHXT	 DelItem: Kim Phong §ång T­íc Xu©n Th©m
18:17:02	 Account: nam92hd2	Name: LµmTýLècKh«ngEm	 DelItem: Kim Phong §o¹t Hån Ngäc ®¸i
18:17:10	 Account: nam92hd2	Name: LµmTýLècKh«ngEm	 DelItem: Kim Phong Kú L©n HuyÕt
18:17:15	 Account: nam92hd2	Name: LµmTýLècKh«ngEm	 DelItem: Kim Phong C«ng CÈn Tam Th¸n
18:17:21	 Account: nam92hd2	Name: LµmTýLècKh«ngEm	 DelItem: Kim Phong Lan §×nh Ngäc
18:17:26	 Account: nam92hd2	Name: LµmTýLècKh«ngEm	 DelItem: Kim Phong HËu NghÖ dÉn cung
18:17:31	 Account: nam92hd2	Name: LµmTýLècKh«ngEm	 DelItem: Kim Phong Thiªn Lý Th¶o Th­îng Phi
18:17:36	 Account: nam92hd2	Name: LµmTýLècKh«ngEm	 DelItem: Kim Phong Tr¹c Liªn Quang
18:17:40	 Account: nam92hd2	Name: LµmTýLècKh«ngEm	 DelItem: Kim Phong §ång T­íc Xu©n Th©m
18:17:46	 Account: nam92hd2	Name: LµmTýLècKh«ngEm	 DelItem: Kim Phong Thanh D­¬ng Kh«i
18:17:53	 Account: nam92hd2	Name: LµmTýLècKh«ngEm	 DelItem: Kim Phong HËu NghÖ dÉn cung
18:17:58	 Account: nam92hd2	Name: LµmTýLècKh«ngEm	 DelItem: Kim Phong Thiªn Lý Th¶o Th­îng Phi
18:18:02	 Account: nam92hd2	Name: LµmTýLècKh«ngEm	 DelItem: Kim Phong Tr¹c Liªn Quang
18:18:07	 Account: nam92hd2	Name: LµmTýLècKh«ngEm	 DelItem: Kim Phong C«ng CÈn Tam Th¸n
18:18:16	 Account: nam92hd2	Name: LµmTýLècKh«ngEm	 DelItem: Kim Phong §ång T­íc Xu©n Th©m
18:18:21	 Account: nam92hd2	Name: LµmTýLècKh«ngEm	 DelItem: Kim Phong C«ng CÈn Tam Th¸n
18:18:27	 Account: nam92hd2	Name: LµmTýLècKh«ngEm	 DelItem: Kim Phong Lan §×nh Ngäc
18:18:32	 Account: nam92hd2	Name: LµmTýLècKh«ngEm	 DelItem: Kim Phong Lan §×nh Ngäc
18:18:37	 Account: nam92hd2	Name: LµmTýLècKh«ngEm	 DelItem: Kim Phong Tr¹c Liªn Quang
18:18:41	 Account: nam92hd2	Name: LµmTýLècKh«ngEm	 DelItem: Kim Phong §o¹t Hån Ngäc ®¸i
18:18:47	 Account: nam92hd2	Name: LµmTýLècKh«ngEm	 DelItem: Kim Phong §ång T­íc Xu©n Th©m
18:21:22	 Account: tuanlovekun	Name: KÐoÙXeÙBß	 DelItem: Kim Phong §ång T­íc Xu©n Th©m
18:21:22	 Account: tuanlovekun	Name: KÐoÙXeÙBß	 DelItem: Kim Phong Lan §×nh Ngäc
18:21:22	 Account: tuanlovekun	Name: KÐoÙXeÙBß	 DelItem: Kim Phong Tr¹c Liªn Quang
18:21:22	 Account: tuanlovekun	Name: KÐoÙXeÙBß	 DelItem: Kim Phong Thiªn Lý Th¶o Th­îng Phi
18:21:22	 Account: tuanlovekun	Name: KÐoÙXeÙBß	 DelItem: Kim Phong Thanh D­¬ng Kh«i
18:21:31	 Account: tuanlovekun	Name: KÐoÙXeÙBß	 DelItem: Kim Phong §o¹t Hån Ngäc ®¸i
18:21:31	 Account: tuanlovekun	Name: KÐoÙXeÙBß	 DelItem: Kim Phong HËu NghÖ dÉn cung
18:21:31	 Account: tuanlovekun	Name: KÐoÙXeÙBß	 DelItem: Kim Phong C«ng CÈn Tam Th¸n
18:21:31	 Account: tuanlovekun	Name: KÐoÙXeÙBß	 DelItem: Kim Phong Kú L©n HuyÕt
18:24:14	 Account: nam92hd3	Name: LµmTýN­ícKh«ngE	 DelItem: Kim Phong Kú L©n HuyÕt
18:25:17	 Account: nam92hd3	Name: LµmTýN­ícKh«ngE	 DelItem: Kim Phong HËu NghÖ dÉn cung
18:25:22	 Account: nam92hd3	Name: LµmTýN­ícKh«ngE	 DelItem: Kim Phong Tr¹c Liªn Quang
18:25:27	 Account: nam92hd3	Name: LµmTýN­ícKh«ngE	 DelItem: Kim Phong Thiªn Lý Th¶o Th­îng Phi
18:25:32	 Account: nam92hd3	Name: LµmTýN­ícKh«ngE	 DelItem: Kim Phong Lan §×nh Ngäc
18:25:37	 Account: nam92hd3	Name: LµmTýN­ícKh«ngE	 DelItem: Kim Phong Thanh D­¬ng Kh«i
18:25:43	 Account: nam92hd3	Name: LµmTýN­ícKh«ngE	 DelItem: Kim Phong §ång T­íc Xu©n Th©m
18:25:48	 Account: nam92hd3	Name: LµmTýN­ícKh«ngE	 DelItem: Kim Phong §o¹t Hån Ngäc ®¸i
18:25:53	 Account: nam92hd3	Name: LµmTýN­ícKh«ngE	 DelItem: Kim Phong C«ng CÈn Tam Th¸n
18:35:18	 Account: nam92hd4	Name: LµmTý¤xyKh«ngEm	 DelItem: Kim Phong Kú L©n HuyÕt
18:35:29	 Account: nam92hd4	Name: LµmTý¤xyKh«ngEm	 DelItem: Kim Phong §o¹t Hån Ngäc ®¸i
18:35:37	 Account: nam92hd4	Name: LµmTý¤xyKh«ngEm	 DelItem: Kim Phong Thanh D­¬ng Kh«i
18:35:44	 Account: nam92hd4	Name: LµmTý¤xyKh«ngEm	 DelItem: Kim Phong Thiªn Lý Th¶o Th­îng Phi
18:35:49	 Account: nam92hd4	Name: LµmTý¤xyKh«ngEm	 DelItem: Kim Phong Lan §×nh Ngäc
18:35:54	 Account: nam92hd4	Name: LµmTý¤xyKh«ngEm	 DelItem: Kim Phong Tr¹c Liªn Quang
18:35:59	 Account: nam92hd4	Name: LµmTý¤xyKh«ngEm	 DelItem: Kim Phong HËu NghÖ dÉn cung
18:36:04	 Account: nam92hd4	Name: LµmTý¤xyKh«ngEm	 DelItem: Kim Phong §ång T­íc Xu©n Th©m
18:36:09	 Account: nam92hd4	Name: LµmTý¤xyKh«ngEm	 DelItem: Kim Phong C«ng CÈn Tam Th¸n
18:44:38	 Account: tumap3000	Name: EmChoiLai	 DelItem: Tóc S­¬ng
18:47:04	 Account: kimmalenhhai8	Name: VóToNhÊtXãm	 DelItem: Kim Phong §ång T­íc Xu©n Th©m
18:47:04	 Account: kimmalenhhai8	Name: VóToNhÊtXãm	 DelItem: Kim Phong §o¹t Hån Ngäc ®¸i
18:47:04	 Account: kimmalenhhai8	Name: VóToNhÊtXãm	 DelItem: Kim Phong HËu NghÖ dÉn cung
18:47:04	 Account: kimmalenhhai8	Name: VóToNhÊtXãm	 DelItem: Kim Phong C«ng CÈn Tam Th¸n
18:47:04	 Account: kimmalenhhai8	Name: VóToNhÊtXãm	 DelItem: Kim Phong Thanh D­¬ng Kh«i
18:47:04	 Account: kimmalenhhai8	Name: VóToNhÊtXãm	 DelItem: Kim Phong Kú L©n HuyÕt
18:47:04	 Account: kimmalenhhai8	Name: VóToNhÊtXãm	 DelItem: Kim Phong Tr¹c Liªn Quang
18:47:04	 Account: kimmalenhhai8	Name: VóToNhÊtXãm	 DelItem: Kim Phong Thiªn Lý Th¶o Th­îng Phi
18:48:18	 Account: nam92hd5	Name: LµmTýBuffKh«ngEm	 DelItem: Kim Phong Kú L©n HuyÕt
18:48:26	 Account: nam92hd5	Name: LµmTýBuffKh«ngEm	 DelItem: Kim Phong Tr¹c Liªn Quang
18:48:32	 Account: nam92hd5	Name: LµmTýBuffKh«ngEm	 DelItem: Kim Phong C«ng CÈn Tam Th¸n
18:48:38	 Account: nam92hd5	Name: LµmTýBuffKh«ngEm	 DelItem: Kim Phong HËu NghÖ dÉn cung
18:48:43	 Account: nam92hd5	Name: LµmTýBuffKh«ngEm	 DelItem: Kim Phong Thiªn Lý Th¶o Th­îng Phi
18:48:48	 Account: nam92hd5	Name: LµmTýBuffKh«ngEm	 DelItem: Kim Phong Thanh D­¬ng Kh«i
18:48:53	 Account: nam92hd5	Name: LµmTýBuffKh«ngEm	 DelItem: Kim Phong Lan §×nh Ngäc
18:48:58	 Account: nam92hd5	Name: LµmTýBuffKh«ngEm	 DelItem: Kim Phong §ång T­íc Xu©n Th©m
18:49:03	 Account: nam92hd5	Name: LµmTýBuffKh«ngEm	 DelItem: Kim Phong §o¹t Hån Ngäc ®¸i
19:03:18	 Account: kimmalenhhai8	Name: ChimDµiNhÊtXãm	 DelItem: Kim Phong §ång T­íc Xu©n Th©m
19:03:18	 Account: kimmalenhhai8	Name: ChimDµiNhÊtXãm	 DelItem: Kim Phong §o¹t Hån Ngäc ®¸i
19:03:18	 Account: kimmalenhhai8	Name: ChimDµiNhÊtXãm	 DelItem: Kim Phong HËu NghÖ dÉn cung
19:03:18	 Account: kimmalenhhai8	Name: ChimDµiNhÊtXãm	 DelItem: Kim Phong C«ng CÈn Tam Th¸n
19:03:18	 Account: kimmalenhhai8	Name: ChimDµiNhÊtXãm	 DelItem: Kim Phong Lan §×nh Ngäc
19:03:18	 Account: kimmalenhhai8	Name: ChimDµiNhÊtXãm	 DelItem: Kim Phong Thanh D­¬ng Kh«i
19:03:18	 Account: kimmalenhhai8	Name: ChimDµiNhÊtXãm	 DelItem: Kim Phong Kú L©n HuyÕt
19:03:18	 Account: kimmalenhhai8	Name: ChimDµiNhÊtXãm	 DelItem: Kim Phong Tr¹c Liªn Quang
19:03:18	 Account: kimmalenhhai8	Name: ChimDµiNhÊtXãm	 DelItem: Kim Phong Thiªn Lý Th¶o Th­îng Phi
19:23:03	 Account: sarin2	Name: XinhGai13	 DelItem: Kim Phong §ång T­íc Xu©n Th©m
19:23:03	 Account: sarin2	Name: XinhGai13	 DelItem: Kim Phong Kú L©n HuyÕt
19:23:03	 Account: sarin2	Name: XinhGai13	 DelItem: Kim Phong §o¹t Hån Ngäc ®¸i
19:23:03	 Account: sarin2	Name: XinhGai13	 DelItem: Kim Phong HËu NghÖ dÉn cung
19:23:03	 Account: sarin2	Name: XinhGai13	 DelItem: Kim Phong C«ng CÈn Tam Th¸n
19:23:03	 Account: sarin2	Name: XinhGai13	 DelItem: Kim Phong Lan §×nh Ngäc
19:23:03	 Account: sarin2	Name: XinhGai13	 DelItem: Kim Phong Thanh D­¬ng Kh«i
19:23:03	 Account: sarin2	Name: XinhGai13	 DelItem: Kim Phong Tr¹c Liªn Quang
19:23:03	 Account: sarin2	Name: XinhGai13	 DelItem: Kim Phong Thiªn Lý Th¶o Th­îng Phi
19:23:07	 Account: tuanlovekun1	Name: CaveÙCaoÙCÊp	 DelItem: Kim Phong §ång T­íc Xu©n Th©m
19:23:07	 Account: tuanlovekun1	Name: CaveÙCaoÙCÊp	 DelItem: Kim Phong §o¹t Hån Ngäc ®¸i
19:23:07	 Account: tuanlovekun1	Name: CaveÙCaoÙCÊp	 DelItem: Kim Phong HËu NghÖ dÉn cung
19:23:07	 Account: tuanlovekun1	Name: CaveÙCaoÙCÊp	 DelItem: Kim Phong C«ng CÈn Tam Th¸n
19:23:07	 Account: tuanlovekun1	Name: CaveÙCaoÙCÊp	 DelItem: Kim Phong Lan §×nh Ngäc
19:23:07	 Account: tuanlovekun1	Name: CaveÙCaoÙCÊp	 DelItem: Kim Phong Thanh D­¬ng Kh«i
19:23:07	 Account: tuanlovekun1	Name: CaveÙCaoÙCÊp	 DelItem: Kim Phong Kú L©n HuyÕt
19:23:07	 Account: tuanlovekun1	Name: CaveÙCaoÙCÊp	 DelItem: Kim Phong Tr¹c Liªn Quang
19:23:07	 Account: tuanlovekun1	Name: CaveÙCaoÙCÊp	 DelItem: Kim Phong Thiªn Lý Th¶o Th­îng Phi
19:26:22	 Account: longyen010	Name: MrÙLong	 DelItem: Kim Phong Tr¹c Liªn Quang
19:26:55	 Account: sarin2	Name: XinhGai14	 DelItem: Kim Phong §ång T­íc Xu©n Th©m
19:26:55	 Account: sarin2	Name: XinhGai14	 DelItem: Kim Phong §o¹t Hån Ngäc ®¸i
19:26:55	 Account: sarin2	Name: XinhGai14	 DelItem: Kim Phong C«ng CÈn Tam Th¸n
19:26:55	 Account: sarin2	Name: XinhGai14	 DelItem: Kim Phong Kú L©n HuyÕt
19:26:55	 Account: sarin2	Name: XinhGai14	 DelItem: Kim Phong HËu NghÖ dÉn cung
19:26:55	 Account: sarin2	Name: XinhGai14	 DelItem: Kim Phong Lan §×nh Ngäc
19:26:55	 Account: sarin2	Name: XinhGai14	 DelItem: Kim Phong Thanh D­¬ng Kh«i
19:26:55	 Account: sarin2	Name: XinhGai14	 DelItem: Kim Phong Tr¹c Liªn Quang
19:26:55	 Account: sarin2	Name: XinhGai14	 DelItem: Kim Phong Thiªn Lý Th¶o Th­îng Phi
19:29:02	 Account: sarin2	Name: XinhGai16	 DelItem: Kim Phong §ång T­íc Xu©n Th©m
19:29:02	 Account: sarin2	Name: XinhGai16	 DelItem: Kim Phong HËu NghÖ dÉn cung
19:29:02	 Account: sarin2	Name: XinhGai16	 DelItem: Kim Phong C«ng CÈn Tam Th¸n
19:29:02	 Account: sarin2	Name: XinhGai16	 DelItem: Kim Phong Thanh D­¬ng Kh«i
19:29:02	 Account: sarin2	Name: XinhGai16	 DelItem: Kim Phong Kú L©n HuyÕt
19:29:02	 Account: sarin2	Name: XinhGai16	 DelItem: Kim Phong Tr¹c Liªn Quang
19:29:02	 Account: sarin2	Name: XinhGai16	 DelItem: Kim Phong §o¹t Hån Ngäc ®¸i
19:29:02	 Account: sarin2	Name: XinhGai16	 DelItem: Kim Phong Lan §×nh Ngäc
19:29:02	 Account: sarin2	Name: XinhGai16	 DelItem: Kim Phong Thiªn Lý Th¶o Th­îng Phi
19:32:03	 Account: kimmalenhhai3	Name: MÊtNgñV×ThiÕuS÷a	 DelItem: Kim Phong Tr¹c Liªn Quang
19:51:06	 Account: calocxocbaucua01	Name: SuperÙDream	 DelItem: Kim Phong §o¹t Hån Ngäc ®¸i
19:51:06	 Account: calocxocbaucua01	Name: SuperÙDream	 DelItem: Kim Phong HËu NghÖ dÉn cung
19:51:06	 Account: calocxocbaucua01	Name: SuperÙDream	 DelItem: Kim Phong Kú L©n HuyÕt
19:51:06	 Account: calocxocbaucua01	Name: SuperÙDream	 DelItem: Kim Phong Tr¹c Liªn Quang
19:51:06	 Account: calocxocbaucua01	Name: SuperÙDream	 DelItem: Kim Phong Thiªn Lý Th¶o Th­îng Phi
19:51:21	 Account: calocxocbaucua01	Name: SuperÙDream	 DelItem: Kim Phong §ång T­íc Xu©n Th©m
19:51:21	 Account: calocxocbaucua01	Name: SuperÙDream	 DelItem: Kim Phong C«ng CÈn Tam Th¸n
19:51:21	 Account: calocxocbaucua01	Name: SuperÙDream	 DelItem: Kim Phong Lan §×nh Ngäc
19:51:21	 Account: calocxocbaucua01	Name: SuperÙDream	 DelItem: Kim Phong Thanh D­¬ng Kh«i
19:56:05	 Account: kingvl1	Name: ThñyTiªnTûTû	 DelItem: NguyÖt Nha §ao
20:12:36	 Account: nam92hd3	Name: LµmTýM­aKh«ngEm	 DelItem: Kim Phong Kú L©n HuyÕt
20:12:41	 Account: nam92hd3	Name: LµmTýM­aKh«ngEm	 DelItem: Kim Phong §ång T­íc Xu©n Th©m
20:12:45	 Account: nam92hd3	Name: LµmTýM­aKh«ngEm	 DelItem: Kim Phong Tr¹c Liªn Quang
20:12:52	 Account: nam92hd3	Name: LµmTýM­aKh«ngEm	 DelItem: Kim Phong HËu NghÖ dÉn cung
20:12:56	 Account: nam92hd3	Name: LµmTýM­aKh«ngEm	 DelItem: Kim Phong Thiªn Lý Th¶o Th­îng Phi
20:13:02	 Account: nam92hd3	Name: LµmTýM­aKh«ngEm	 DelItem: Kim Phong §o¹t Hån Ngäc ®¸i
20:13:07	 Account: nam92hd3	Name: LµmTýM­aKh«ngEm	 DelItem: Kim Phong Lan §×nh Ngäc
20:13:11	 Account: nam92hd3	Name: LµmTýM­aKh«ngEm	 DelItem: Kim Phong Thanh D­¬ng Kh«i
20:13:16	 Account: nam92hd3	Name: LµmTýM­aKh«ngEm	 DelItem: Kim Phong C«ng CÈn Tam Th¸n
20:25:26	 Account: huy100	Name: EventGirl	 DelItem: Kim Phong §o¹t Hån Ngäc ®¸i
20:25:26	 Account: huy100	Name: EventGirl	 DelItem: Kim Phong HËu NghÖ dÉn cung
20:25:26	 Account: huy100	Name: EventGirl	 DelItem: Kim Phong Kú L©n HuyÕt
20:25:26	 Account: huy100	Name: EventGirl	 DelItem: Kim Phong Tr¹c Liªn Quang
20:25:26	 Account: huy100	Name: EventGirl	 DelItem: Kim Phong §ång T­íc Xu©n Th©m
20:25:26	 Account: huy100	Name: EventGirl	 DelItem: Kim Phong C«ng CÈn Tam Th¸n
20:25:26	 Account: huy100	Name: EventGirl	 DelItem: Kim Phong Lan §×nh Ngäc
20:25:26	 Account: huy100	Name: EventGirl	 DelItem: Kim Phong Thiªn Lý Th¶o Th­îng Phi
20:25:34	 Account: huy100	Name: EventGirl	 DelItem: Kim Phong Thanh D­¬ng Kh«i
20:26:16	 Account: kimmalenhhai7	Name: VóXÖNhÊtXãm	 DelItem: Kim Phong §ång T­íc Xu©n Th©m
20:26:16	 Account: kimmalenhhai7	Name: VóXÖNhÊtXãm	 DelItem: Kim Phong §o¹t Hån Ngäc ®¸i
20:26:16	 Account: kimmalenhhai7	Name: VóXÖNhÊtXãm	 DelItem: Kim Phong HËu NghÖ dÉn cung
20:26:16	 Account: kimmalenhhai7	Name: VóXÖNhÊtXãm	 DelItem: Kim Phong C«ng CÈn Tam Th¸n
20:26:16	 Account: kimmalenhhai7	Name: VóXÖNhÊtXãm	 DelItem: Kim Phong Lan §×nh Ngäc
20:26:16	 Account: kimmalenhhai7	Name: VóXÖNhÊtXãm	 DelItem: Kim Phong Thanh D­¬ng Kh«i
20:26:16	 Account: kimmalenhhai7	Name: VóXÖNhÊtXãm	 DelItem: Kim Phong Kú L©n HuyÕt
20:26:16	 Account: kimmalenhhai7	Name: VóXÖNhÊtXãm	 DelItem: Kim Phong Tr¹c Liªn Quang
20:26:16	 Account: kimmalenhhai7	Name: VóXÖNhÊtXãm	 DelItem: Kim Phong Thiªn Lý Th¶o Th­îng Phi
20:46:40	 Account: thien01	Name: noop01	 DelItem: Kim Phong §ång T­íc Xu©n Th©m
20:46:40	 Account: thien01	Name: noop01	 DelItem: Kim Phong §o¹t Hån Ngäc ®¸i
20:46:40	 Account: thien01	Name: noop01	 DelItem: Kim Phong HËu NghÖ dÉn cung
20:46:40	 Account: thien01	Name: noop01	 DelItem: Kim Phong Kú L©n HuyÕt
20:46:40	 Account: thien01	Name: noop01	 DelItem: Kim Phong Tr¹c Liªn Quang
20:46:40	 Account: thien01	Name: noop01	 DelItem: Kim Phong C«ng CÈn Tam Th¸n
20:46:40	 Account: thien01	Name: noop01	 DelItem: Kim Phong Lan §×nh Ngäc
20:46:40	 Account: thien01	Name: noop01	 DelItem: Kim Phong Thanh D­¬ng Kh«i
20:46:40	 Account: thien01	Name: noop01	 DelItem: Kim Phong Thiªn Lý Th¶o Th­îng Phi
21:18:15	 Account: mapdl1	Name: TiÕuNg¹oÙGiangHå	 DelItem: Tóc S­¬ng
22:07:29	 Account: dai221994	Name: ThiªnÙT«n	 DelItem: Tóc S­¬ng
22:08:40	 Account: thoakhungz3	Name: CånÙDaÙL¹p	 DelItem: Tóc S­¬ng
22:19:41	 Account: vunguyen1988	Name: ChoiVui	 DelItem: Kim Phong Tr¹c Liªn Quang
22:25:38	 Account: imtry03	Name: ThÇnÙCh­ëng	 DelItem: Kim Phong Tr¹c Liªn Quang
22:39:43	 Account: huy1712	Name: ¡nÙMµyÙV­¬ngÙGia	 DelItem: Tª Gi¸c Hé UyÓn
22:39:43	 Account: huy1712	Name: ¡nÙMµyÙV­¬ngÙGia	 DelItem: Kim Tiªu 
22:42:08	 Account: imtry01	Name: ThÇnÙXo¸y	 DelItem: Kim Phong Tr¹c Liªn Quang
22:43:54	 Account: imtry01	Name: ThÇnÙXo¸y	 DelItem: Kim Phong §ång T­íc Xu©n Th©m
22:43:54	 Account: imtry01	Name: ThÇnÙXo¸y	 DelItem: Kim Phong §o¹t Hån Ngäc ®¸i
22:43:54	 Account: imtry01	Name: ThÇnÙXo¸y	 DelItem: Kim Phong HËu NghÖ dÉn cung
22:43:54	 Account: imtry01	Name: ThÇnÙXo¸y	 DelItem: Kim Phong Thanh D­¬ng Kh«i
22:43:54	 Account: imtry01	Name: ThÇnÙXo¸y	 DelItem: Kim Phong Kú L©n HuyÕt
22:43:54	 Account: imtry01	Name: ThÇnÙXo¸y	 DelItem: Kim Phong Tr¹c Liªn Quang
22:43:54	 Account: imtry01	Name: ThÇnÙXo¸y	 DelItem: Kim Phong C«ng CÈn Tam Th¸n
22:43:54	 Account: imtry01	Name: ThÇnÙXo¸y	 DelItem: Kim Phong Lan §×nh Ngäc
22:43:54	 Account: imtry01	Name: ThÇnÙXo¸y	 DelItem: Kim Phong Thiªn Lý Th¶o Th­îng Phi
22:56:47	 Account: thien01	Name: thuyyen01	 DelItem: Kim Phong §ång T­íc Xu©n Th©m
22:56:47	 Account: thien01	Name: thuyyen01	 DelItem: Kim Phong §o¹t Hån Ngäc ®¸i
22:56:47	 Account: thien01	Name: thuyyen01	 DelItem: Kim Phong Lan §×nh Ngäc
22:56:47	 Account: thien01	Name: thuyyen01	 DelItem: Kim Phong Thanh D­¬ng Kh«i
22:56:47	 Account: thien01	Name: thuyyen01	 DelItem: Kim Phong HËu NghÖ dÉn cung
22:56:47	 Account: thien01	Name: thuyyen01	 DelItem: Kim Phong C«ng CÈn Tam Th¸n
22:56:47	 Account: thien01	Name: thuyyen01	 DelItem: Kim Phong Kú L©n HuyÕt
22:56:47	 Account: thien01	Name: thuyyen01	 DelItem: Kim Phong Tr¹c Liªn Quang
22:56:47	 Account: thien01	Name: thuyyen01	 DelItem: Kim Phong Thiªn Lý Th¶o Th­îng Phi
23:09:59	 Account: imtry03	Name: thienhan01	 DelItem: Kim Phong HËu NghÖ dÉn cung
23:09:59	 Account: imtry03	Name: thienhan01	 DelItem: Kim Phong Thanh D­¬ng Kh«i
23:09:59	 Account: imtry03	Name: thienhan01	 DelItem: Kim Phong Kú L©n HuyÕt
23:09:59	 Account: imtry03	Name: thienhan01	 DelItem: Kim Phong §ång T­íc Xu©n Th©m
23:09:59	 Account: imtry03	Name: thienhan01	 DelItem: Kim Phong §o¹t Hån Ngäc ®¸i
23:09:59	 Account: imtry03	Name: thienhan01	 DelItem: Kim Phong Lan §×nh Ngäc
23:09:59	 Account: imtry03	Name: thienhan01	 DelItem: Kim Phong Tr¹c Liªn Quang
23:09:59	 Account: imtry03	Name: thienhan01	 DelItem: Kim Phong Thiªn Lý Th¶o Th­îng Phi
23:23:11	 Account: imtry03	Name: thiennhan01	 DelItem: Kim Phong §ång T­íc Xu©n Th©m
23:23:11	 Account: imtry03	Name: thiennhan01	 DelItem: Kim Phong HËu NghÖ dÉn cung
23:23:11	 Account: imtry03	Name: thiennhan01	 DelItem: Kim Phong Thanh D­¬ng Kh«i
23:23:11	 Account: imtry03	Name: thiennhan01	 DelItem: Kim Phong Tr¹c Liªn Quang
23:23:11	 Account: imtry03	Name: thiennhan01	 DelItem: Kim Phong Thiªn Lý Th¶o Th­îng Phi
23:23:11	 Account: imtry03	Name: thiennhan01	 DelItem: Kim Phong §ång T­íc Xu©n Th©m
23:23:11	 Account: imtry03	Name: thiennhan01	 DelItem: Kim Phong §o¹t Hån Ngäc ®¸i
23:23:11	 Account: imtry03	Name: thiennhan01	 DelItem: Kim Phong Lan §×nh Ngäc
23:23:11	 Account: imtry03	Name: thiennhan01	 DelItem: Kim Phong Kú L©n HuyÕt
