00:19:55	 Account: nonhannm	Name: NhËmÙDoanhÙDoanh	 DelItem: §¹i Thµnh BÝ KÝp 90
00:19:55	 Account: nonhannm	Name: NhËmÙDoanhÙDoanh	 DelItem: S¸ch kü n¨ng cÊp 90
00:33:25	 Account: vunguyen1984	Name: BinBin	 DelItem: Tóc S­¬ng
00:42:30	 Account: longyen011	Name: MrÙLong	 DelItem: Kim Phong Tr¹c Liªn Quang
01:03:06	 Account: nonhangiudo	Name: ThuyTinhTinhHong	 DelItem: Tiªn Th¶o Lé 
01:43:22	 Account: huynhtrongtri12	Name: KiÕmPhongKim	 DelItem: S¸ch kü n¨ng cÊp 90
01:48:28	 Account: nonhandl	Name: NhËmÙNg·ÙHµnhÙ	 DelItem: Tóc S­¬ng
02:37:35	 Account: huynhtrongtri13	Name: B¨ngS¸tNéiC«ng	 DelItem: Kim Phong Tr¹c Liªn Quang
07:39:44	 Account: thoakhungz4	Name: ThöÙ§ôngÙTaoÙ§i	 DelItem: Kim Phong §ång T­íc Xu©n Th©m
07:39:44	 Account: thoakhungz4	Name: ThöÙ§ôngÙTaoÙ§i	 DelItem: Kim Phong §o¹t Hån Ngäc ®¸i
07:39:44	 Account: thoakhungz4	Name: ThöÙ§ôngÙTaoÙ§i	 DelItem: Kim Phong HËu NghÖ dÉn cung
07:39:44	 Account: thoakhungz4	Name: ThöÙ§ôngÙTaoÙ§i	 DelItem: Kim Phong C«ng CÈn Tam Th¸n
07:39:44	 Account: thoakhungz4	Name: ThöÙ§ôngÙTaoÙ§i	 DelItem: Kim Phong Lan §×nh Ngäc
07:39:44	 Account: thoakhungz4	Name: ThöÙ§ôngÙTaoÙ§i	 DelItem: Kim Phong Thanh D­¬ng Kh«i
07:39:44	 Account: thoakhungz4	Name: ThöÙ§ôngÙTaoÙ§i	 DelItem: Kim Phong Kú L©n HuyÕt
07:39:44	 Account: thoakhungz4	Name: ThöÙ§ôngÙTaoÙ§i	 DelItem: Kim Phong Thiªn Lý Th¶o Th­îng Phi
07:53:20	 Account: thoakhungz4	Name: ThöÙ§ôngÙTaoÙ§i	 DelItem: Kim Phong Tr¹c Liªn Quang
08:20:50	 Account: tranvinh01	Name: Ù2SaoÙ1g¹ch	 DelItem: Kim Phong C«ng CÈn Tam Th¸n
08:42:45	 Account: minhtrand1	Name: GiÕtÙS­Ù§ètÙChïa	 DelItem: Tóc S­¬ng
08:55:36	 Account: minhtrand1	Name: GiÕtÙS­Ù§ètÙChïa	 DelItem: Kim Phong Lan §×nh Ngäc
08:55:36	 Account: minhtrand1	Name: GiÕtÙS­Ù§ètÙChïa	 DelItem: Kim Phong C«ng CÈn Tam Th¸n
08:55:36	 Account: minhtrand1	Name: GiÕtÙS­Ù§ètÙChïa	 DelItem: Kim Phong HËu NghÖ dÉn cung
08:55:36	 Account: minhtrand1	Name: GiÕtÙS­Ù§ètÙChïa	 DelItem: Kim Phong §ång T­íc Xu©n Th©m
09:08:05	 Account: vuongkaka1	Name: ThienLucLong	 DelItem: Kim Phong §ång T­íc Xu©n Th©m
09:08:05	 Account: vuongkaka1	Name: ThienLucLong	 DelItem: Kim Phong §o¹t Hån Ngäc ®¸i
09:08:05	 Account: vuongkaka1	Name: ThienLucLong	 DelItem: Kim Phong HËu NghÖ dÉn cung
09:08:05	 Account: vuongkaka1	Name: ThienLucLong	 DelItem: Kim Phong Lan §×nh Ngäc
09:08:05	 Account: vuongkaka1	Name: ThienLucLong	 DelItem: Kim Phong Thanh D­¬ng Kh«i
09:08:05	 Account: vuongkaka1	Name: ThienLucLong	 DelItem: Kim Phong Kú L©n HuyÕt
09:08:05	 Account: vuongkaka1	Name: ThienLucLong	 DelItem: Kim Phong Tr¹c Liªn Quang
09:08:05	 Account: vuongkaka1	Name: ThienLucLong	 DelItem: Kim Phong Thiªn Lý Th¶o Th­îng Phi
09:08:15	 Account: vuongkaka1	Name: ThienLucLong	 DelItem: Tóc S­¬ng
09:15:05	 Account: vuongkaka2	Name: HoaMauDon	 DelItem: Kim Phong §ång T­íc Xu©n Th©m
09:15:05	 Account: vuongkaka2	Name: HoaMauDon	 DelItem: Kim Phong §o¹t Hån Ngäc ®¸i
09:15:05	 Account: vuongkaka2	Name: HoaMauDon	 DelItem: Kim Phong HËu NghÖ dÉn cung
09:15:05	 Account: vuongkaka2	Name: HoaMauDon	 DelItem: Kim Phong C«ng CÈn Tam Th¸n
09:15:05	 Account: vuongkaka2	Name: HoaMauDon	 DelItem: Kim Phong Lan §×nh Ngäc
09:15:05	 Account: vuongkaka2	Name: HoaMauDon	 DelItem: Kim Phong Thanh D­¬ng Kh«i
09:15:05	 Account: vuongkaka2	Name: HoaMauDon	 DelItem: Kim Phong Kú L©n HuyÕt
09:15:05	 Account: vuongkaka2	Name: HoaMauDon	 DelItem: Kim Phong Tr¹c Liªn Quang
09:15:05	 Account: vuongkaka2	Name: HoaMauDon	 DelItem: Kim Phong Thiªn Lý Th¶o Th­îng Phi
09:15:40	 Account: vuongkaka2	Name: HoaMauDon	 DelItem: Tóc S­¬ng
09:34:27	 Account: vuongkaka3	Name: MrÙVuong	 DelItem: Kim Phong §ång T­íc Xu©n Th©m
09:34:27	 Account: vuongkaka3	Name: MrÙVuong	 DelItem: Kim Phong §o¹t Hån Ngäc ®¸i
09:34:27	 Account: vuongkaka3	Name: MrÙVuong	 DelItem: Kim Phong HËu NghÖ dÉn cung
09:34:27	 Account: vuongkaka3	Name: MrÙVuong	 DelItem: Kim Phong C«ng CÈn Tam Th¸n
09:34:27	 Account: vuongkaka3	Name: MrÙVuong	 DelItem: Kim Phong Lan §×nh Ngäc
09:34:27	 Account: vuongkaka3	Name: MrÙVuong	 DelItem: Kim Phong Thanh D­¬ng Kh«i
09:34:27	 Account: vuongkaka3	Name: MrÙVuong	 DelItem: Kim Phong Kú L©n HuyÕt
09:34:27	 Account: vuongkaka3	Name: MrÙVuong	 DelItem: Kim Phong Tr¹c Liªn Quang
09:34:27	 Account: vuongkaka3	Name: MrÙVuong	 DelItem: Kim Phong Thiªn Lý Th¶o Th­îng Phi
09:35:17	 Account: minhtrand5	Name: LÇyÙAÙMinh	 DelItem: Tóc S­¬ng
09:35:17	 Account: minhtrand5	Name: LÇyÙAÙMinh	 DelItem: Tóc S­¬ng
09:35:49	 Account: minhtrand3	Name: HáaÙLongÙTµÙNh©n	 DelItem: Tóc S­¬ng
09:36:36	 Account: vuongkaka3	Name: MrÙVuong	 DelItem: Tóc S­¬ng
09:52:57	 Account: vuongkaka4	Name: MocNhiOa	 DelItem: Kim Phong §ång T­íc Xu©n Th©m
09:52:57	 Account: vuongkaka4	Name: MocNhiOa	 DelItem: Kim Phong §o¹t Hån Ngäc ®¸i
09:52:57	 Account: vuongkaka4	Name: MocNhiOa	 DelItem: Kim Phong HËu NghÖ dÉn cung
09:52:57	 Account: vuongkaka4	Name: MocNhiOa	 DelItem: Kim Phong Lan §×nh Ngäc
09:52:57	 Account: vuongkaka4	Name: MocNhiOa	 DelItem: Kim Phong Thanh D­¬ng Kh«i
09:52:57	 Account: vuongkaka4	Name: MocNhiOa	 DelItem: Kim Phong Kú L©n HuyÕt
09:52:57	 Account: vuongkaka4	Name: MocNhiOa	 DelItem: Kim Phong Tr¹c Liªn Quang
09:52:57	 Account: vuongkaka4	Name: MocNhiOa	 DelItem: Kim Phong Thiªn Lý Th¶o Th­îng Phi
09:52:57	 Account: vuongkaka4	Name: MocNhiOa	 DelItem: Kim Phong C«ng CÈn Tam Th¸n
09:53:38	 Account: vuongkaka4	Name: MocNhiOa	 DelItem: Tóc S­¬ng
10:16:14	 Account: vuongkaka5	Name: TruongTamPhong	 DelItem: Kim Phong §ång T­íc Xu©n Th©m
10:16:14	 Account: vuongkaka5	Name: TruongTamPhong	 DelItem: Kim Phong §o¹t Hån Ngäc ®¸i
10:16:14	 Account: vuongkaka5	Name: TruongTamPhong	 DelItem: Kim Phong HËu NghÖ dÉn cung
10:16:14	 Account: vuongkaka5	Name: TruongTamPhong	 DelItem: Kim Phong Lan §×nh Ngäc
10:16:14	 Account: vuongkaka5	Name: TruongTamPhong	 DelItem: Kim Phong Thanh D­¬ng Kh«i
10:16:14	 Account: vuongkaka5	Name: TruongTamPhong	 DelItem: Kim Phong Kú L©n HuyÕt
10:16:14	 Account: vuongkaka5	Name: TruongTamPhong	 DelItem: Kim Phong Tr¹c Liªn Quang
10:16:14	 Account: vuongkaka5	Name: TruongTamPhong	 DelItem: Kim Phong Thiªn Lý Th¶o Th­îng Phi
10:16:14	 Account: vuongkaka5	Name: TruongTamPhong	 DelItem: Kim Phong C«ng CÈn Tam Th¸n
10:16:32	 Account: vuongkaka5	Name: TruongTamPhong	 DelItem: Tóc S­¬ng
10:46:52	 Account: vuongkaka	Name: HeNiKen	 DelItem: Kim Phong Tr¹c Liªn Quang
11:25:22	 Account: sangtpbrvt1	Name: SangTp111	 DelItem: Thiªn Tµm Ngoa
11:51:06	 Account: xebmt001	Name: XeÙN­ícÙMÝa	 DelItem: Tóc S­¬ng
12:07:32	 Account: huynhtrongtri14	Name: §écS¸tNgo¹iC«ng	 DelItem: Kim Phong Tr¹c Liªn Quang
12:07:50	 Account: thoakhungs2	Name: FZ1200	 DelItem: Tóc S­¬ng
12:30:59	 Account: thoakhungz3	Name: HoaÙR¬iÙCængÙChî	 DelItem: Kim Phong Thiªn Lý Th¶o Th­îng Phi
12:30:59	 Account: thoakhungz3	Name: HoaÙR¬iÙCængÙChî	 DelItem: Kim Phong §o¹t Hån Ngäc ®¸i
12:30:59	 Account: thoakhungz3	Name: HoaÙR¬iÙCængÙChî	 DelItem: Kim Phong HËu NghÖ dÉn cung
12:30:59	 Account: thoakhungz3	Name: HoaÙR¬iÙCængÙChî	 DelItem: Kim Phong C«ng CÈn Tam Th¸n
12:30:59	 Account: thoakhungz3	Name: HoaÙR¬iÙCængÙChî	 DelItem: Kim Phong Lan §×nh Ngäc
12:30:59	 Account: thoakhungz3	Name: HoaÙR¬iÙCængÙChî	 DelItem: Kim Phong Thanh D­¬ng Kh«i
12:30:59	 Account: thoakhungz3	Name: HoaÙR¬iÙCængÙChî	 DelItem: Kim Phong Kú L©n HuyÕt
12:30:59	 Account: thoakhungz3	Name: HoaÙR¬iÙCængÙChî	 DelItem: Kim Phong Tr¹c Liªn Quang
12:40:53	 Account: xebmt003	Name: XeÙN­ícÙMÝa2a	 DelItem: Tóc S­¬ng
13:08:17	 Account: thoakhungz6	Name: CùcÙKúÙBèÙL¸o	 DelItem: Kim Phong §ång T­íc Xu©n Th©m
13:08:17	 Account: thoakhungz6	Name: CùcÙKúÙBèÙL¸o	 DelItem: Kim Phong §o¹t Hån Ngäc ®¸i
13:08:17	 Account: thoakhungz6	Name: CùcÙKúÙBèÙL¸o	 DelItem: Kim Phong HËu NghÖ dÉn cung
13:08:17	 Account: thoakhungz6	Name: CùcÙKúÙBèÙL¸o	 DelItem: Kim Phong C«ng CÈn Tam Th¸n
13:08:17	 Account: thoakhungz6	Name: CùcÙKúÙBèÙL¸o	 DelItem: Kim Phong Kú L©n HuyÕt
13:08:17	 Account: thoakhungz6	Name: CùcÙKúÙBèÙL¸o	 DelItem: Kim Phong Tr¹c Liªn Quang
13:08:17	 Account: thoakhungz6	Name: CùcÙKúÙBèÙL¸o	 DelItem: Kim Phong Thiªn Lý Th¶o Th­îng Phi
13:08:23	 Account: mapdl4	Name: §åÙThÇnÙS¸tÙQuû	 DelItem: Tóc S­¬ng
13:08:25	 Account: thoakhungz6	Name: CùcÙKúÙBèÙL¸o	 DelItem: Kim Phong Thanh D­¬ng Kh«i
13:46:41	 Account: thoakhungz2	Name: ThÝchÙ¡nÙ§¹pÙKo	 DelItem: Kim Phong Thiªn Lý Th¶o Th­îng Phi
13:46:41	 Account: thoakhungz2	Name: ThÝchÙ¡nÙ§¹pÙKo	 DelItem: Kim Phong Kú L©n HuyÕt
13:46:41	 Account: thoakhungz2	Name: ThÝchÙ¡nÙ§¹pÙKo	 DelItem: Kim Phong Thanh D­¬ng Kh«i
13:46:41	 Account: thoakhungz2	Name: ThÝchÙ¡nÙ§¹pÙKo	 DelItem: Kim Phong HËu NghÖ dÉn cung
13:46:41	 Account: thoakhungz2	Name: ThÝchÙ¡nÙ§¹pÙKo	 DelItem: Kim Phong §o¹t Hån Ngäc ®¸i
13:52:41	 Account: tuanlovekun5	Name: §­êngÙM«n	 DelItem: Tóc S­¬ng
13:53:10	 Account: thoakhungz2	Name: ThÝchÙ¡nÙ§¹pÙKo	 DelItem: Kim Phong C«ng CÈn Tam Th¸n
14:25:07	 Account: huy101	Name: Ngò§écHµnhKinh	 DelItem: Kim Phong Tr¹c Liªn Quang
14:51:14	 Account: kaiba2	Name: LuisLeoC©yMÝt	 DelItem: Tóc S­¬ng
15:10:59	 Account: photocopy1	Name: CleopatraVII	 DelItem: Kim Phong §o¹t Hån Ngäc ®¸i
15:10:59	 Account: photocopy1	Name: CleopatraVII	 DelItem: Kim Phong HËu NghÖ dÉn cung
15:10:59	 Account: photocopy1	Name: CleopatraVII	 DelItem: Kim Phong C«ng CÈn Tam Th¸n
15:10:59	 Account: photocopy1	Name: CleopatraVII	 DelItem: Kim Phong Lan §×nh Ngäc
15:10:59	 Account: photocopy1	Name: CleopatraVII	 DelItem: Kim Phong Thanh D­¬ng Kh«i
15:10:59	 Account: photocopy1	Name: CleopatraVII	 DelItem: Kim Phong Kú L©n HuyÕt
15:10:59	 Account: photocopy1	Name: CleopatraVII	 DelItem: Kim Phong Tr¹c Liªn Quang
15:10:59	 Account: photocopy1	Name: CleopatraVII	 DelItem: Kim Phong §ång T­íc Xu©n Th©m
15:10:59	 Account: photocopy1	Name: CleopatraVII	 DelItem: Kim Phong Thiªn Lý Th¶o Th­îng Phi
15:55:01	 Account: luukt54	Name: NgoalongNM	 DelItem: Kim Phong Tr¹c Liªn Quang
15:58:18	 Account: luukt56	Name: NgoalongND	 DelItem: Kim Phong Tr¹c Liªn Quang
15:58:18	 Account: luukt56	Name: NgoalongND	 DelItem: Kim Phong Lan §×nh Ngäc
15:58:19	 Account: thoakhungs3	Name: Boss04	 DelItem: Tóc S­¬ng
16:00:17	 Account: huynhtrongtri11	Name: §écS¸tNéiC«ng	 DelItem: Tóc S­¬ng
16:00:43	 Account: building1987bmt	Name: ÙTayÙCh¬iÙBèÙGiµ	 DelItem: Kim Phong §ång T­íc Xu©n Th©m
16:00:43	 Account: building1987bmt	Name: ÙTayÙCh¬iÙBèÙGiµ	 DelItem: Kim Phong §o¹t Hån Ngäc ®¸i
16:00:43	 Account: building1987bmt	Name: ÙTayÙCh¬iÙBèÙGiµ	 DelItem: Kim Phong Thanh D­¬ng Kh«i
16:00:43	 Account: building1987bmt	Name: ÙTayÙCh¬iÙBèÙGiµ	 DelItem: Kim Phong Kú L©n HuyÕt
16:06:18	 Account: luukt53	Name: NgoalongVD	 DelItem: Kim Phong §o¹t Hån Ngäc ®¸i
16:34:10	 Account: thoakhungz2	Name: ThÝchÙ¡nÙ§¹pÙKo	 DelItem: Kim Phong §ång T­íc Xu©n Th©m
16:40:54	 Account: thoakhungz6	Name: CùcÙKúÙBèÙL¸o	 DelItem: Kim Phong Lan §×nh Ngäc
16:49:43	 Account: vuongkaka2	Name: HoaMauDon	 DelItem: NguyÖt Nha §ao
17:03:15	 Account: quocbaobp	Name: §¹iÙThiÕuÙGia	 DelItem: Kim Phong Thiªn Lý Th¶o Th­îng Phi
17:03:15	 Account: quocbaobp	Name: §¹iÙThiÕuÙGia	 DelItem: Kim Phong Kú L©n HuyÕt
17:29:09	 Account: huynhtrongtri14	Name: §écS¸tNgo¹iC«ng	 DelItem: Tóc S­¬ng
17:35:54	 Account: bando	Name: HDÙMÑThiªnH¹	 DelItem: Kim Phong Tr¹c Liªn Quang
17:44:03	 Account: bando	Name: HDÙMÑThiªnH¹	 DelItem: Kim Phong Thanh D­¬ng Kh«i
18:12:04	 Account: huyenuyqs	Name: RångconÙ	 DelItem: Tóc S­¬ng
18:13:08	 Account: huyenuyqs	Name: RångconÙ	 DelItem: Kim Phong HËu NghÖ dÉn cung
18:22:13	 Account: tuanlovekun7	Name: asdasdasd123	 DelItem: Håi thµnh phï (lín) 
18:22:13	 Account: tuanlovekun7	Name: asdasdasd123	 DelItem: Kim Phong §ång T­íc Xu©n Th©m
18:22:13	 Account: tuanlovekun7	Name: asdasdasd123	 DelItem: Kim Phong §o¹t Hån Ngäc ®¸i
18:22:13	 Account: tuanlovekun7	Name: asdasdasd123	 DelItem: Kim Phong HËu NghÖ dÉn cung
18:22:13	 Account: tuanlovekun7	Name: asdasdasd123	 DelItem: Kim Phong C«ng CÈn Tam Th¸n
18:22:13	 Account: tuanlovekun7	Name: asdasdasd123	 DelItem: Kim Phong Lan §×nh Ngäc
18:22:13	 Account: tuanlovekun7	Name: asdasdasd123	 DelItem: Kim Phong Thanh D­¬ng Kh«i
18:22:13	 Account: tuanlovekun7	Name: asdasdasd123	 DelItem: Kim Phong Kú L©n HuyÕt
18:25:46	 Account: quocbaobp	Name: §¹iÙThiÕuÙGia	 DelItem: Kim Phong §o¹t Hån Ngäc ®¸i
18:25:46	 Account: quocbaobp	Name: §¹iÙThiÕuÙGia	 DelItem: Kim Phong HËu NghÖ dÉn cung
18:28:15	 Account: quocbaobp	Name: §¹iÙThiÕuÙGia	 DelItem: Kim Phong C«ng CÈn Tam Th¸n
18:28:15	 Account: quocbaobp	Name: §¹iÙThiÕuÙGia	 DelItem: Kim Phong Thanh D­¬ng Kh«i
18:28:15	 Account: quocbaobp	Name: §¹iÙThiÕuÙGia	 DelItem:  §å phæ Hoµng Kim - §Þnh Quèc Ng©n Tµm Yªu ®¸i
18:29:04	 Account: luukt53	Name: NgoalongVD	 DelItem: Kim Phong Thiªn Lý Th¶o Th­îng Phi
18:35:03	 Account: huynhtrongtri11	Name: §écS¸tNéiC«ng	 DelItem: Kim Phong Lan §×nh Ngäc
18:39:17	 Account: thaocanh114	Name: ThiªnÙNh·	 DelItem: Kim Phong §ång T­íc Xu©n Th©m
18:41:53	 Account: tuanlovekun1	Name: ÙN¨mÙ§éc	 DelItem: Kim Phong §o¹t Hån Ngäc ®¸i
18:41:53	 Account: tuanlovekun1	Name: ÙN¨mÙ§éc	 DelItem: Kim Phong HËu NghÖ dÉn cung
18:41:53	 Account: tuanlovekun1	Name: ÙN¨mÙ§éc	 DelItem: Kim Phong C«ng CÈn Tam Th¸n
18:41:53	 Account: tuanlovekun1	Name: ÙN¨mÙ§éc	 DelItem: Kim Phong Lan §×nh Ngäc
18:41:53	 Account: tuanlovekun1	Name: ÙN¨mÙ§éc	 DelItem: Kim Phong Kú L©n HuyÕt
18:41:53	 Account: tuanlovekun1	Name: ÙN¨mÙ§éc	 DelItem: Kim Phong Tr¹c Liªn Quang
18:41:53	 Account: tuanlovekun1	Name: ÙN¨mÙ§éc	 DelItem: Kim Phong Thiªn Lý Th¶o Th­îng Phi
18:42:10	 Account: tuanlovekun1	Name: ÙN¨mÙ§éc	 DelItem: Kim Phong §ång T­íc Xu©n Th©m
18:42:10	 Account: tuanlovekun1	Name: ÙN¨mÙ§éc	 DelItem: Kim Phong Thanh D­¬ng Kh«i
18:44:06	 Account: bando	Name: HDÙMÑThiªnH¹	 DelItem: Kim Phong §ång T­íc Xu©n Th©m
18:58:44	 Account: bihulk03	Name: ThÝchÙLµÙBem	 DelItem: Kim Phong Tr¹c Liªn Quang
19:11:30	 Account: vuongkaka	Name: HeNiKen	 DelItem: Kim Phong §ång T­íc Xu©n Th©m
19:11:30	 Account: vuongkaka	Name: HeNiKen	 DelItem: Kim Phong HËu NghÖ dÉn cung
19:11:30	 Account: vuongkaka	Name: HeNiKen	 DelItem: Kim Phong C«ng CÈn Tam Th¸n
19:11:30	 Account: vuongkaka	Name: HeNiKen	 DelItem: Kim Phong Lan §×nh Ngäc
19:11:30	 Account: vuongkaka	Name: HeNiKen	 DelItem: Kim Phong Thanh D­¬ng Kh«i
19:11:30	 Account: vuongkaka	Name: HeNiKen	 DelItem: Kim Phong Kú L©n HuyÕt
19:11:30	 Account: vuongkaka	Name: HeNiKen	 DelItem: Kim Phong Tr¹c Liªn Quang
19:11:30	 Account: vuongkaka	Name: HeNiKen	 DelItem: Kim Phong Thiªn Lý Th¶o Th­îng Phi
19:11:30	 Account: vuongkaka	Name: HeNiKen	 DelItem: Kim Phong §o¹t Hån Ngäc ®¸i
19:11:37	 Account: vuongkaka	Name: HeNiKen	 DelItem: Tóc S­¬ng
19:25:24	 Account: huynhtrongtri16	Name: L«iS¸tNéiC«ng	 DelItem: Kim Phong Tr¹c Liªn Quang
19:51:17	 Account: huynhtrongtri11	Name: §écS¸tNéiC«ng	 DelItem: S¸ch kü n¨ng cÊp 90
19:51:17	 Account: huynhtrongtri11	Name: §écS¸tNéiC«ng	 DelItem: §¹i Thµnh BÝ KÝp 90
19:51:17	 Account: huynhtrongtri11	Name: §écS¸tNéiC«ng	 DelItem: Tóc S­¬ng
19:51:18	 Account: nonhandl	Name: NhËmÙNg·ÙHµnhÙ	 DelItem: §¹i Thµnh BÝ KÝp 90
19:51:18	 Account: nonhandl	Name: NhËmÙNg·ÙHµnhÙ	 DelItem: S¸ch kü n¨ng cÊp 90
19:54:34	 Account: kaiba3	Name: asdawdaw	 DelItem: Tóc S­¬ng
20:11:20	 Account: dm0001	Name: dm0001	 DelItem: Tóc S­¬ng
20:14:52	 Account: hangnitocvay3	Name: ConÙnghiÖnÙJAV	 DelItem: Tóc S­¬ng
20:14:52	 Account: hangnitocvay3	Name: ConÙnghiÖnÙJAV	 DelItem: Kim Phong Thanh D­¬ng Kh«i
20:19:06	 Account: hangnitocvay2	Name: BÐÙngµnhÙJAV	 DelItem: Tóc S­¬ng
20:45:28	 Account: hieuadnew	Name: AdminÙSHXT	 DelItem: Tiªn Th¶o Lé 
20:45:28	 Account: hieuadnew	Name: AdminÙSHXT	 DelItem: Tiªn Th¶o Lé 
20:45:28	 Account: hieuadnew	Name: AdminÙSHXT	 DelItem: Tiªn Th¶o Lé 
20:45:28	 Account: hieuadnew	Name: AdminÙSHXT	 DelItem: Tiªn Th¶o Lé 
20:45:28	 Account: hieuadnew	Name: AdminÙSHXT	 DelItem: Lam Thñy Tinh
20:45:28	 Account: hieuadnew	Name: AdminÙSHXT	 DelItem: Tö Thñy Tinh
20:45:39	 Account: hangnitocvay	Name: ThiªnÙthÇnÙJAV	 DelItem: Tóc S­¬ng
20:47:20	 Account: nonhandl	Name: NhËmÙNg·ÙHµnhÙ	 DelItem: Kim Phong Lan §×nh Ngäc
20:51:16	 Account: longyen011	Name: MrÙLong	 DelItem: Tóc S­¬ng
20:52:53	 Account: mapdl4	Name: §åÙThÇnÙS¸tÙQuû	 DelItem: Kim Phong C«ng CÈn Tam Th¸n
20:52:53	 Account: mapdl4	Name: §åÙThÇnÙS¸tÙQuû	 DelItem: Kim Phong Thanh D­¬ng Kh«i
20:52:53	 Account: mapdl4	Name: §åÙThÇnÙS¸tÙQuû	 DelItem: Kim Phong Tr¹c Liªn Quang
20:52:53	 Account: mapdl4	Name: §åÙThÇnÙS¸tÙQuû	 DelItem: Kim Phong Thiªn Lý Th¶o Th­îng Phi
20:58:40	 Account: hangnitocvay1	Name: N÷ÙHoµngÙJAV	 DelItem: Kim Phong Thanh D­¬ng Kh«i
20:58:40	 Account: hangnitocvay1	Name: N÷ÙHoµngÙJAV	 DelItem: Tóc S­¬ng
21:05:22	 Account: nonhandl	Name: NhËmÙNg·ÙHµnhÙ	 DelItem: Kim Phong C«ng CÈn Tam Th¸n
21:05:22	 Account: nonhandl	Name: NhËmÙNg·ÙHµnhÙ	 DelItem: Kim Phong §ång T­íc Xu©n Th©m
21:05:22	 Account: nonhandl	Name: NhËmÙNg·ÙHµnhÙ	 DelItem: Kim Phong Tr¹c Liªn Quang
21:27:16	 Account: mapdl4	Name: §åÙThÇnÙS¸tÙQuû	 DelItem: Kim Phong Kú L©n HuyÕt
21:27:16	 Account: mapdl4	Name: §åÙThÇnÙS¸tÙQuû	 DelItem: Kim Phong HËu NghÖ dÉn cung
21:27:39	 Account: mapdl4	Name: §åÙThÇnÙS¸tÙQuû	 DelItem: Kim Phong Lan §×nh Ngäc
21:27:39	 Account: mapdl4	Name: §åÙThÇnÙS¸tÙQuû	 DelItem: Kim Phong §o¹t Hån Ngäc ®¸i
21:27:39	 Account: mapdl4	Name: §åÙThÇnÙS¸tÙQuû	 DelItem: Kim Phong §ång T­íc Xu©n Th©m
21:28:54	 Account: nonhandl	Name: NhËmÙNg·ÙHµnhÙ	 DelItem: Kim Phong §o¹t Hån Ngäc ®¸i
21:28:54	 Account: nonhandl	Name: NhËmÙNg·ÙHµnhÙ	 DelItem: Kim Phong Thiªn Lý Th¶o Th­îng Phi
21:28:54	 Account: nonhandl	Name: NhËmÙNg·ÙHµnhÙ	 DelItem: Kim Phong Thanh D­¬ng Kh«i
21:28:54	 Account: nonhandl	Name: NhËmÙNg·ÙHµnhÙ	 DelItem: Kim Phong Kú L©n HuyÕt
21:30:05	 Account: dm0001	Name: dm0001	 DelItem: Kim Phong C«ng CÈn Tam Th¸n
21:30:05	 Account: dm0001	Name: dm0001	 DelItem: Kim Phong Thanh D­¬ng Kh«i
22:10:00	 Account: nonhantn1	Name: Th¸nhÙC«	 DelItem: Kim Phong §ång T­íc Xu©n Th©m
22:10:00	 Account: nonhantn1	Name: Th¸nhÙC«	 DelItem: Kim Phong §o¹t Hån Ngäc ®¸i
22:10:00	 Account: nonhantn1	Name: Th¸nhÙC«	 DelItem: Kim Phong HËu NghÖ dÉn cung
22:10:00	 Account: nonhantn1	Name: Th¸nhÙC«	 DelItem: Kim Phong C«ng CÈn Tam Th¸n
22:10:00	 Account: nonhantn1	Name: Th¸nhÙC«	 DelItem: Kim Phong Lan §×nh Ngäc
22:10:00	 Account: nonhantn1	Name: Th¸nhÙC«	 DelItem: Kim Phong Thanh D­¬ng Kh«i
22:10:00	 Account: nonhantn1	Name: Th¸nhÙC«	 DelItem: Kim Phong Tr¹c Liªn Quang
22:10:00	 Account: nonhantn1	Name: Th¸nhÙC«	 DelItem: Kim Phong Thiªn Lý Th¶o Th­îng Phi
22:10:00	 Account: nonhantn1	Name: Th¸nhÙC«	 DelItem: Tóc S­¬ng
22:10:07	 Account: nonhantn1	Name: Th¸nhÙC«	 DelItem: Kim Phong Kú L©n HuyÕt
22:11:01	 Account: tranhoangcham1	Name: Duonggia	 DelItem: Tóc S­¬ng
22:23:20	 Account: huy103	Name: Boxxxxx	 DelItem: Tóc S­¬ng
22:23:20	 Account: huy103	Name: Boxxxxx	 DelItem: Tóc S­¬ng
22:54:27	 Account: huynhtrongtri11	Name: §écS¸tNéiC«ng	 DelItem: Kim Phong Kú L©n HuyÕt
22:54:27	 Account: huynhtrongtri11	Name: §écS¸tNéiC«ng	 DelItem: Kim Phong Tr¹c Liªn Quang
22:54:27	 Account: huynhtrongtri11	Name: §écS¸tNéiC«ng	 DelItem: Kim Phong Thiªn Lý Th¶o Th­îng Phi
22:54:27	 Account: huynhtrongtri11	Name: §écS¸tNéiC«ng	 DelItem: Tóc S­¬ng
22:54:27	 Account: huynhtrongtri11	Name: §écS¸tNéiC«ng	 DelItem: Kim Phong §o¹t Hån Ngäc ®¸i
22:54:27	 Account: huynhtrongtri11	Name: §écS¸tNéiC«ng	 DelItem: Kim Phong Thanh D­¬ng Kh«i
22:54:42	 Account: huynhtrongtri11	Name: §écS¸tNéiC«ng	 DelItem: Kim Phong HËu NghÖ dÉn cung
22:54:42	 Account: huynhtrongtri11	Name: §écS¸tNéiC«ng	 DelItem: Kim Phong C«ng CÈn Tam Th¸n
22:54:42	 Account: huynhtrongtri11	Name: §écS¸tNéiC«ng	 DelItem: Kim Phong Lan §×nh Ngäc
22:54:42	 Account: huynhtrongtri11	Name: §écS¸tNéiC«ng	 DelItem: Kim Phong §ång T­íc Xu©n Th©m
23:48:42	 Account: bando	Name: HDÙMÑThiªnH¹	 DelItem: Kim Phong §o¹t Hån Ngäc ®¸i
23:48:49	 Account: bando	Name: HDÙMÑThiªnH¹	 DelItem: Kim Phong Lan §×nh Ngäc
23:48:58	 Account: bando	Name: HDÙMÑThiªnH¹	 DelItem: Kim Phong §ång T­íc Xu©n Th©m
23:49:12	 Account: longyen010	Name: BXÙLong	 DelItem: [Cùc phÈm] §Þnh Quèc Thanh Sa Ph¸t Qu¸n
