-- [20-09-18 08:50:20]	[DropOn: Boss_Tieu_Hoang_Kim]	[111111111-107-vunguyen1988]		Param: (AddItemEx(1,-771133151,0,0,2,8,9,2,148,5,5,2,3,7,7,0))
			[ DetailType = 2 ] [[  B¨ng Tµm ®¹o y  ]]
		Néi lùc tèi ®a: +62 ®iÓm
		'ThÓ lùc tèi ®a: +'3' ®iÓm'
		Sinh lùc tèi ®a: +18 ®iÓm
		'ChuyÓn ho¸t s¸t th­¬ng thµnh néi lùc: +'2'%'
		ThÓ lùc tèi ®a: +76 ®iÓm
		'Kh¸ng háa: +'12'%'

-- [20-09-18 08:50:20]	[DropOn: Boss_Tieu_Hoang_Kim]	[111111111-107-vunguyen1988]		Param: (AddItemEx(1,2063672534,0,0,2,4,10,0,87,1,7,6,7,4,8,0))
			[ DetailType = 2 ] [[  §­êng Nghª gi¸p  ]]
		Phôc håi sinh lùc mçi nöa gi©y: +1 ®iÓm
		'ChuyÓn ho¸t s¸t th­¬ng thµnh néi lùc: +'5'%'
		ThÓ lùc tèi ®a: +28 ®iÓm
		'Kh¸ng ®éc: +'10'%'
		Sinh lùc tèi ®a: +21 ®iÓm

-- [20-09-18 08:50:20]	[DropOn: Boss_Tieu_Hoang_Kim]	[111111111-107-vunguyen1988]		Param: (AddItemEx(1,1300649043,0,0,2,4,8,4,124,5,7,4,1,8,6,0))
			[ DetailType = 2 ] [[  Toan Nghª gi¸p  ]]
		ThÓ lùc tèi ®a: +6 ®iÓm
		'Thêi gian tróng ®éc: -'20'%'
		Néi lùc tèi ®a: +20 ®iÓm

-- [20-09-18 08:50:20]	[DropOn: Boss_Tieu_Hoang_Kim]	[111111111-107-vunguyen1988]		Param: (AddItemEx(1,745819774,0,0,5,1,8,4,118,8,8,3,1,6,1,0))
			[ DetailType = 5 ] [[  Tª B× Ngoa  ]]
		Sinh lùc tèi ®a: +64 ®iÓm
		'Kh¸ng b¨ng: +'5'%'
		Tèc ®é di chuyÓn: +14%

-- [20-09-18 08:50:20]	[DropOn: Boss_Tieu_Hoang_Kim]	[111111111-107-vunguyen1988]		Param: (AddItemEx(1,1859041005,0,0,7,0,8,1,54,4,1,2,8,7,5,0))
			[ DetailType = 7 ] [[  ThÈm Lu©n M·o  ]]
		Néi lùc tèi ®a: +16 ®iÓm
		'Kh¸ng l«i: +'2'%'
		ThÓ lùc tèi ®a: +14 ®iÓm
		'ChuyÓn ho¸t s¸t th­¬ng thµnh néi lùc: +'7'%'
		Sinh lùc tèi ®a: +104 ®iÓm

-- [20-09-18 08:50:20]	[DropOn: Boss_Tieu_Hoang_Kim]	[111111111-107-vunguyen1988]		Param: (AddItemEx(1,-2065257178,0,0,9,1,8,0,11,1,3,1,4,4,1,0))
			[ DetailType = 9 ] [[  MÆc Ngäc Ngäc Béi   ]]
		Néi lùc tèi ®a: +17 ®iÓm
		'Søc m¹nh: +'2'®iÓm'
		ThÓ lùc tèi ®a: +7 ®iÓm
		'Kh¸ng ®éc: +'5'%'
		Sinh lùc tèi ®a: +49 ®iÓm

-- [20-09-18 08:50:20]	[DropOn: Boss_Tieu_Hoang_Kim]	[111111111-107-vunguyen1988]		Param: (AddItemEx(1,-1410322461,0,0,9,1,8,2,47,1,1,3,4,2,2,0))
			[ DetailType = 9 ] [[  MÆc Ngäc Ngäc Béi   ]]
		Néi lùc tèi ®a: +6 ®iÓm
		'ThÓ lùc tèi ®a: +'1' ®iÓm'
		ThÓ lùc tèi ®a: +20 ®iÓm
		'Thêi gian cho¸ng: -'20' ®iÓm'
		Sinh lùc tèi ®a: +38 ®iÓm
		'Kh¸ng háa: +'5'%'

-- [20-09-18 08:50:20]	[DropOn: Boss_Tieu_Hoang_Kim]	[111111111-107-vunguyen1988]		Param: (AddItemEx(1,-408913600,0,0,7,11,8,1,135,2,4,2,5,8,5,0))
			[ DetailType = 7 ] [[  PhØ Thóy Kh«i  ]]
		Sinh lùc tèi ®a: +39 ®iÓm
		'Kh¸ng l«i: +'2'%'
		Phôc håi sinh lùc mçi nöa gi©y: +1 ®iÓm
		'ChuyÓn ho¸t s¸t th­¬ng thµnh néi lùc: +'3'%'
		ThÓ lùc tèi ®a: +39 ®iÓm

-- [20-09-18 08:50:20]	[DropOn: Boss_Tieu_Hoang_Kim]	[111111111-107-vunguyen1988]		Param: (AddItemEx(1,-717955931,0,0,8,1,9,1,23,4,7,7,2,5,6,0))
			[ DetailType = 8 ] [[  Long L©n Hé UyÓn  ]]
		Néi lùc tèi ®a: +55 ®iÓm
		'Kh¸ng l«i: +'1'%'
		Sinh lùc tèi ®a: +51 ®iÓm

-- [20-09-18 08:50:20]	[DropOn: Boss_Tieu_Hoang_Kim]	[111111111-107-vunguyen1988]		Param: (AddItemEx(1,-1180389336,0,0,2,10,9,3,101,8,6,1,5,7,8,0))
			[ DetailType = 2 ] [[  L¨ng La sam  ]]
		Sinh lùc tèi ®a: +52 ®iÓm
		'Th©n ph¸p: +'10'®iÓm'
		Phôc håi sinh lùc mçi nöa gi©y: +1 ®iÓm
		'Phßng thñ vËt lý: +'5'%'
		Néi lùc tèi ®a: +129 ®iÓm
		'Thêi gian lµm chËm: -'20'%'

-- [20-09-18 16:26:04]	[DropOn: Boss_Tieu_Hoang_Kim]	[111111111-107-vunguyen1988]		Param: (AddItemEx(1,-1497202521,0,0,9,0,9,3,50,2,1,1,3,3,2,0))
			[ DetailType = 9 ] [[  Giµ Nam H­¬ng Nang  ]]
		Sinh lùc tèi ®a: +31 ®iÓm
		'Th©n ph¸p: +'1'®iÓm'
		Néi lùc tèi ®a: +8 ®iÓm
		'Thêi gian lµm chËm: -'20'%'
		ThÓ lùc tèi ®a: +6 ®iÓm

-- [20-09-18 16:26:04]	[DropOn: Boss_Tieu_Hoang_Kim]	[111111111-107-vunguyen1988]		Param: (AddItemEx(1,-544353784,0,0,7,10,8,2,100,5,8,4,8,5,8,0))
			[ DetailType = 7 ] [[  Chu Sa §Çu Hoµn  ]]
		Phôc håi sinh lùc mçi nöa gi©y: +1 ®iÓm
		'ThÓ lùc tèi ®a: +'10' ®iÓm'
		ThÓ lùc tèi ®a: +66 ®iÓm
		'Kh¸ng háa: +'4'%'
		Néi lùc tèi ®a: +54 ®iÓm
		'Thêi gian cho¸ng: -'20' ®iÓm'

-- [20-09-18 16:26:04]	[DropOn: Boss_Tieu_Hoang_Kim]	[111111111-107-vunguyen1988]		Param: (AddItemEx(1,-626062711,0,0,5,2,10,1,145,8,3,6,4,6,1,0))
			[ DetailType = 5 ] [[  Kim Lò hµi  ]]
		Néi lùc tèi ®a: +12 ®iÓm
		'ChuyÓn ho¸t s¸t th­¬ng thµnh néi lùc: +'4'%'
		Sinh lùc tèi ®a: +111 ®iÓm
		'Kh¸ng l«i: +'7'%'
		ThÓ lùc tèi ®a: +23 ®iÓm

-- [20-09-18 16:26:04]	[DropOn: Boss_Tieu_Hoang_Kim]	[111111111-107-vunguyen1988]		Param: (AddItemEx(1,654659762,0,0,5,3,10,3,66,4,3,3,8,3,8,0))
			[ DetailType = 5 ] [[  Phi Phông Ngoa  ]]
		Néi lùc tèi ®a: +39 ®iÓm
		'Phßng thñ vËt lý: +'5'%'
		Tèc ®é di chuyÓn: +14%
		'Th©n ph¸p: +'6'®iÓm'
		ThÓ lùc tèi ®a: +9 ®iÓm
		'ChuyÓn ho¸t s¸t th­¬ng thµnh néi lùc: +'5'%'

-- [20-09-18 16:26:04]	[DropOn: Boss_Tieu_Hoang_Kim]	[111111111-107-vunguyen1988]		Param: (AddItemEx(1,-520802565,0,0,7,3,10,0,70,7,1,7,4,5,4,0))
			[ DetailType = 7 ] [[  Th«ng Thiªn Ph¸t Qu¸n  ]]
		Sinh lùc tèi ®a: +140 ®iÓm

-- [20-09-18 16:26:04]	[DropOn: Boss_Tieu_Hoang_Kim]	[111111111-107-vunguyen1988]		Param: (AddItemEx(1,753853616,0,0,2,2,8,0,103,4,3,8,2,4,4,0))
			[ DetailType = 2 ] [[  Thiªn Méng y  ]]
		ThÓ lùc tèi ®a: +64 ®iÓm
		'ChuyÓn ho¸t s¸t th­¬ng thµnh néi lùc: +'4'%'
		Sinh lùc tèi ®a: +17 ®iÓm
		'Kh¸ng ®éc: +'4'%'
		Thêi gian phôc håi: -20

