-- [12-09-18 00:19:15]	[DropOn: Train]	[Unlock911-108-unlock911]		Param: (AddItemEx(1,118750807,0,0,6,0,9,3,119,2,7,7,3,7,4,0))
			[ DetailType = 6 ] [[  Long L©n Yªu §¸i  ]]
		Phôc håi sinh lùc mçi nöa gi©y: +1 ®iÓm
		'Phßng thñ vËt lý: +'9'%'
		ThÓ lùc tèi ®a: +69 ®iÓm
		'Th©n ph¸p: +'1'®iÓm'
		Sinh lùc tèi ®a: +46 ®iÓm
		'Thêi gian lµm chËm: -'20'%'

-- [12-09-18 00:52:33]	[DropOn: Train]	[Unlock911-108-unlock911]		Param: (AddItemEx(1,1863774247,0,0,6,1,9,3,116,5,8,1,7,4,5,0))
			[ DetailType = 6 ] [[  ¤ Ng©n Yªu §¸i  ]]
		ThÓ lùc tèi ®a: +46 ®iÓm
		'Phßng thñ vËt lý: +'7'%'
		Phôc håi sinh lùc mçi nöa gi©y: +1 ®iÓm
		'Th©n ph¸p: +'9'®iÓm'
		Néi lùc tèi ®a: +6 ®iÓm
		'Thêi gian lµm chËm: -'20'%'

-- [12-09-18 01:19:19]	[DropOn: Train]	[Unlock911-108-unlock911]		Param: (AddItemEx(1,790179329,0,0,6,0,7,4,84,8,7,2,3,2,4,0))
			[ DetailType = 6 ] [[  Sa B× Yªu §¸i  ]]
		ThÓ lùc tèi ®a: +84 ®iÓm
		'Thêi gian tróng ®éc: -'30'%'
		Phôc håi sinh lùc mçi nöa gi©y: +1 ®iÓm
		'ChuyÓn ho¸t s¸t th­¬ng thµnh néi lùc: +'5'%'
		Néi lùc tèi ®a: +16 ®iÓm
		'Kh¸ng b¨ng: +'7'%'

-- [12-09-18 01:44:12]	[DropOn: Train]	[Unlock911-108-unlock911]		Param: (AddItemEx(1,-534513863,0,0,8,1,7,1,84,8,1,5,6,3,8,0))
			[ DetailType = 8 ] [[  Sa B× Hé UyÓn  ]]
		ThÓ lùc tèi ®a: +124 ®iÓm
		'Kh¸ng l«i: +'3'%'
		Phôc håi sinh lùc mçi nöa gi©y: +3 ®iÓm
		'ChuyÓn ho¸t s¸t th­¬ng thµnh néi lùc: +'6'%'
		Néi lùc tèi ®a: +36 ®iÓm

-- [12-09-18 19:48:01]	[DropOn: Train]	[Unlock911-108-unlock911]		Param: (AddItemEx(1,1815709542,0,0,7,1,8,4,89,1,7,1,7,5,6,0))
			[ DetailType = 7 ] [[  Th­îng Thanh Qu¸n  ]]
		Phôc håi sinh lùc mçi nöa gi©y: +1 ®iÓm
		'Kh¸ng b¨ng: +'2'%'
		Sinh lùc tèi ®a: +7 ®iÓm
		'Thêi gian tróng ®éc: -'20'%'
		ThÓ lùc tèi ®a: +56 ®iÓm
		'ChuyÓn ho¸t s¸t th­¬ng thµnh néi lùc: +'6'%'

