-- [08-08-18 21:15:35]	[DropOn: Boss_Tieu_Hoang_Kim]	[FCÙMãcÙLèp-200-vantuan1]		Param: (AddItemEx(1,-1615835558,0,0,5,1,9,2,91,2,8,1,2,6,4,0))
			[ DetailType = 5 ] [[  Long L©n Ngoa  ]]
		Phôc håi sinh lùc mçi nöa gi©y: +1 ®iÓm
		'ThÓ lùc tèi ®a: +'14' ®iÓm'
		Néi lùc tèi ®a: +11 ®iÓm
		'Kh¸ng háa: +'4'%'
		ThÓ lùc tèi ®a: +44 ®iÓm
		'ChuyÓn ho¸t s¸t th­¬ng thµnh néi lùc: +'4'%'

-- [08-08-18 21:15:35]	[DropOn: Boss_Tieu_Hoang_Kim]	[FCÙMãcÙLèp-200-vantuan1]		Param: (AddItemEx(1,138198979,0,0,4,1,10,0,86,3,3,2,1,2,3,0))
			[ DetailType = 4 ] [[  Lôc PhØ Thóy Hé Th©n phï   ]]
		Kh¸ng tÊt c¶: +2%
		'Søc m¹nh: +'3'®iÓm'
		Néi lùc tèi ®a: +39 ®iÓm

-- [08-08-18 21:15:35]	[DropOn: Boss_Tieu_Hoang_Kim]	[FCÙMãcÙLèp-200-vantuan1]		Param: (AddItemEx(1,65443630,0,0,2,6,10,4,51,3,2,7,5,2,4,0))
			[ DetailType = 2 ] [[  TuyÒn Long bµo  ]]
		ThÓ lùc tèi ®a: +28 ®iÓm
		'Kh¸ng b¨ng: +'5'%'
		Néi lùc tèi ®a: +39 ®iÓm
		'ChuyÓn ho¸t s¸t th­¬ng thµnh néi lùc: +'2'%'
		Sinh lùc tèi ®a: +5 ®iÓm
		'Thêi gian tróng ®éc: -'20'%'

-- [08-08-18 21:15:35]	[DropOn: Boss_Tieu_Hoang_Kim]	[FCÙMãcÙLèp-200-vantuan1]		Param: (AddItemEx(1,1551473191,0,0,8,1,9,0,121,2,5,1,6,6,8,0))
			[ DetailType = 8 ] [[  Long L©n Hé UyÓn  ]]
		ThÓ lùc tèi ®a: +39 ®iÓm
		'Kh¸ng ®éc: +'4'%'
		Sinh lùc tèi ®a: +8 ®iÓm
		'ChuyÓn ho¸t s¸t th­¬ng thµnh néi lùc: +'4'%'
		Néi lùc tèi ®a: +44 ®iÓm

