2018-09-11 00:48:47	tuanlovekun5(§­êngÙM«n) logout
2018-09-11 00:48:47	Del tuanlovekun5(§­êngÙM«n): quit
2018-09-11 00:48:49	tuanlovekun2(3StÙThiªnÙNhÉn) logout
2018-09-11 00:48:49	Del tuanlovekun2(3StÙThiªnÙNhÉn): quit
2018-09-11 00:48:52	tuanlovekun1(2StÙThiªnÙNhÉn) logout
2018-09-11 00:48:52	Del tuanlovekun1(2StÙThiªnÙNhÉn): quit
2018-09-11 00:48:54	tuanlovekun4(5StÙThiªnÙNhÉn) logout
2018-09-11 00:48:54	Del tuanlovekun4(5StÙThiªnÙNhÉn): quit
2018-09-11 00:48:55	tuanlovekun3(4StÙThiªnÙNhÉn) logout
2018-09-11 00:48:55	Del tuanlovekun3(4StÙThiªnÙNhÉn): quit
2018-09-11 00:48:57	tuanlovekun(1StÙThiªnÙNhÉn) logout
2018-09-11 00:48:57	Del tuanlovekun(1StÙThiªnÙNhÉn): quit
2018-09-11 03:28:14	[ShutdownClient]	no response from client ID:360(Loop:6278360, PingTime:6276360), kill it...
2018-09-11 03:28:14	letutl74(BopVuBu) logout
2018-09-11 03:28:14	Del letutl74(BopVuBu): quit
2018-09-11 03:28:14	[ShutdownClient]	no response from client ID:361(Loop:6278361, PingTime:6276361), kill it...
2018-09-11 03:28:14	letutl72(DoanhDoanh) logout
2018-09-11 03:28:14	Del letutl72(DoanhDoanh): quit
2018-09-11 03:42:06	Add letutl74(BopVuBu)
2018-09-11 03:42:06	letutl74(BopVuBu) sync data from bishop
2018-09-11 03:42:06	letutl74(BopVuBu) login
2018-09-11 03:42:58	letutl74(BopVuBu) logout
2018-09-11 03:42:58	Del letutl74(BopVuBu): quit
2018-09-11 03:43:06	Add letutl74(BopVuBu)
2018-09-11 03:43:06	letutl74(BopVuBu) sync data from bishop
2018-09-11 03:43:06	letutl74(BopVuBu) login
2018-09-11 03:46:47	Add letutl72(DoanhDoanh)
2018-09-11 03:46:47	letutl72(DoanhDoanh) sync data from bishop
2018-09-11 03:46:47	letutl72(DoanhDoanh) login
2018-09-11 03:47:41	letutl72(DoanhDoanh) logout
2018-09-11 03:47:41	Del letutl72(DoanhDoanh): quit
2018-09-11 03:47:46	Add letutl72(DoanhDoanh)
2018-09-11 03:47:46	letutl72(DoanhDoanh) sync data from bishop
2018-09-11 03:47:47	letutl72(DoanhDoanh) login
2018-09-11 04:16:24	[ShutdownClient]	no response from client ID:371(Loop:6330371, PingTime:6328371), kill it...
2018-09-11 04:16:24	letutl72(DoanhDoanh) logout
2018-09-11 04:16:24	Del letutl72(DoanhDoanh): quit
2018-09-11 04:45:06	Add letutl72(DoanhDoanh)
2018-09-11 04:45:06	letutl72(DoanhDoanh) sync data from bishop
2018-09-11 04:45:06	letutl72(DoanhDoanh) login
2018-09-11 04:46:19	letutl72(DoanhDoanh) logout
2018-09-11 04:46:19	Del letutl72(DoanhDoanh): quit
2018-09-11 04:46:24	Add letutl72(DoanhDoanh)
2018-09-11 04:46:24	letutl72(DoanhDoanh) sync data from bishop
2018-09-11 04:46:24	letutl72(DoanhDoanh) login
2018-09-11 05:26:46	[ShutdownClient]	no response from client ID:373(Loop:6406373, PingTime:6404373), kill it...
2018-09-11 05:26:46	letutl72(DoanhDoanh) logout
2018-09-11 05:26:46	Del letutl72(DoanhDoanh): quit
2018-09-11 05:27:44	Add letutl72(DoanhDoanh)
2018-09-11 05:27:44	letutl72(DoanhDoanh) sync data from bishop
2018-09-11 05:27:44	letutl72(DoanhDoanh) login
2018-09-11 07:16:54	letutl74(BopVuBu) logout
2018-09-11 07:16:54	Del letutl74(BopVuBu): quit
2018-09-11 07:16:59	letutl72(DoanhDoanh) logout
2018-09-11 07:16:59	Del letutl72(DoanhDoanh): quit
2018-09-11 10:12:19	Add unlock911(Unlock911)
2018-09-11 10:12:19	unlock911(Unlock911) sync data from bishop
2018-09-11 10:12:19	unlock911(Unlock911) login
2018-09-11 10:12:52	Add unlock912(Unlock912)
2018-09-11 10:12:52	unlock912(Unlock912) sync data from bishop
2018-09-11 10:12:52	unlock912(Unlock912) login
2018-09-11 10:31:31	Add building1987bmt(ÙTayÙCh¬iÙBèÙGiµ)
2018-09-11 10:31:31	building1987bmt(ÙTayÙCh¬iÙBèÙGiµ) sync data from bishop
2018-09-11 10:31:31	building1987bmt(ÙTayÙCh¬iÙBèÙGiµ) login
2018-09-11 10:34:16	building1987bmt(ÙTayÙCh¬iÙBèÙGiµ) logout
2018-09-11 10:34:16	Del building1987bmt(ÙTayÙCh¬iÙBèÙGiµ): quit
2018-09-11 11:57:31	[ShutdownClient]	no response from client ID:376(Loop:6828376, PingTime:6826376), kill it...
2018-09-11 11:57:31	unlock912(Unlock912) logout
2018-09-11 11:57:31	Del unlock912(Unlock912): quit
2018-09-11 11:57:38	Add unlock912(Unlock912)
2018-09-11 11:57:38	unlock912(Unlock912) sync data from bishop
2018-09-11 11:57:38	unlock912(Unlock912) login
