2018-09-09 00:23:04	letutl74(BopVuBu) disconnect: Status(3), ExchangingStatus(0)
2018-09-09 00:24:51	letutl74(BopVuBu) disconnect: Status(3), ExchangingStatus(0)
2018-09-09 00:25:08	letutl72(DoanhDoanh) disconnect: Status(3), ExchangingStatus(0)
2018-09-09 02:43:23	letutl74(BopVuBu) disconnect: Status(3), ExchangingStatus(0)
2018-09-09 08:47:38	luukt53(NgoalongVD) disconnect: Status(3), ExchangingStatus(0)
2018-09-09 12:44:07	vubluish2(hoalongcaka) disconnect: Status(3), ExchangingStatus(0)
2018-09-09 12:44:07	vubluish(truongchannhan) disconnect: Status(3), ExchangingStatus(0)
2018-09-09 12:44:07	vubluish1(vipngamy) disconnect: Status(3), ExchangingStatus(0)
2018-09-09 13:35:57	vubluish2(hoalongcaka) disconnect: Status(3), ExchangingStatus(0)
2018-09-09 13:35:58	vubluish(truongchannhan) disconnect: Status(3), ExchangingStatus(0)
2018-09-09 13:44:30	vubluish1(vipngamy) disconnect: Status(3), ExchangingStatus(0)
2018-09-09 13:45:14	vubluish2(hoalongcaka) disconnect: Status(3), ExchangingStatus(0)
2018-09-09 13:45:14	vubluish(truongchannhan) disconnect: Status(3), ExchangingStatus(0)
2018-09-09 14:03:45	vubluish1(vipngamy) disconnect: Status(3), ExchangingStatus(0)
2018-09-09 14:03:45	vubluish(truongchannhan) disconnect: Status(3), ExchangingStatus(0)
2018-09-09 14:03:45	vubluish2(hoalongcaka) disconnect: Status(3), ExchangingStatus(0)
2018-09-09 14:22:17	vubluish2(hoalongcaka) disconnect: Status(3), ExchangingStatus(0)
2018-09-09 14:22:17	vubluish1(vipngamy) disconnect: Status(3), ExchangingStatus(0)
2018-09-09 14:22:17	vubluish(truongchannhan) disconnect: Status(3), ExchangingStatus(0)
2018-09-09 14:31:10	vubluish2(hoalongcaka) disconnect: Status(3), ExchangingStatus(0)
2018-09-09 14:31:32	vubluish(truongchannhan) disconnect: Status(3), ExchangingStatus(0)
2018-09-09 14:31:32	vubluish1(vipngamy) disconnect: Status(3), ExchangingStatus(0)
2018-09-09 14:33:30	vubluish1(vipngamy) disconnect: Status(3), ExchangingStatus(0)
2018-09-09 14:33:34	vubluish2(hoalongcaka) disconnect: Status(3), ExchangingStatus(0)
2018-09-09 14:33:37	vubluish(truongchannhan) disconnect: Status(3), ExchangingStatus(0)
2018-09-09 14:38:39	blackboy88(EsÙTrangÙNhi) disconnect: Status(3), ExchangingStatus(0)
2018-09-09 14:39:41	blackboy87(EsÙTheÙKing) disconnect: Status(3), ExchangingStatus(0)
2018-09-09 16:24:17	unlock911(Unlock911) disconnect: Status(3), ExchangingStatus(0)
2018-09-09 16:24:21	unlock912(Unlock912) disconnect: Status(3), ExchangingStatus(0)
2018-09-09 19:39:46	hieuadnew(AdminÙSHXT) disconnect: Status(3), ExchangingStatus(0)
2018-09-09 20:51:53	letutl74(BopVuBu) disconnect: Status(3), ExchangingStatus(0)
2018-09-09 21:05:48	letutl72(DoanhDoanh) disconnect: Status(3), ExchangingStatus(0)
2018-09-09 21:20:08	letutl72(DoanhDoanh) disconnect: Status(3), ExchangingStatus(0)
2018-09-09 21:43:11	letutl74(BopVuBu) disconnect: Status(3), ExchangingStatus(0)
2018-09-09 22:01:37	letutl74(BopVuBu) disconnect: Status(3), ExchangingStatus(0)
