2018-09-12 07:21:07	Add tuandaugau001(G×aLµng)
2018-09-12 07:21:07	tuandaugau001(G×aLµng) sync data from bishop
2018-09-12 07:21:07	tuandaugau001(G×aLµng) login
2018-09-12 07:31:12	[ShutdownClient]	Close connection[21] for request.
2018-09-12 07:31:12	tuandaugau001(G×aLµng) logout
2018-09-12 07:31:12	Del tuandaugau001(G×aLµng): quit
2018-09-12 07:34:53	Add blackboy87(EsÙTheÙKing)
2018-09-12 07:34:53	blackboy87(EsÙTheÙKing) sync data from bishop
2018-09-12 07:34:53	blackboy87(EsÙTheÙKing) login
2018-09-12 07:54:18	blackboy87(EsÙTheÙKing) logout
2018-09-12 07:54:18	Del blackboy87(EsÙTheÙKing): quit
2018-09-12 10:47:08	unlock912(Unlock912) logout
2018-09-12 10:47:08	Del unlock912(Unlock912): quit
2018-09-12 10:47:15	unlock911(Unlock911) logout
2018-09-12 10:47:15	Del unlock911(Unlock911): quit
2018-09-12 17:39:47	Add unlock911(Unlock911)
2018-09-12 17:39:47	unlock911(Unlock911) sync data from bishop
2018-09-12 17:39:47	unlock911(Unlock911) login
2018-09-12 20:01:36	unlock911(Unlock911) offline live
2018-09-12 22:07:45	Add tuananh0512(thichlachoi0512)
2018-09-12 22:07:45	tuananh0512(thichlachoi0512) sync data from bishop
2018-09-12 22:07:45	tuananh0512(thichlachoi0512) login
2018-09-12 22:08:02	[ShutdownClient]	Close connection[32] for request.
2018-09-12 22:08:02	tuananh0512(thichlachoi0512) logout
2018-09-12 22:08:02	Del tuananh0512(thichlachoi0512): quit
2018-09-12 22:08:13	Add tuananh0512(thichlachoi0512)
2018-09-12 22:08:13	tuananh0512(thichlachoi0512) sync data from bishop
2018-09-12 22:08:13	tuananh0512(thichlachoi0512) login
2018-09-12 22:12:24	[ShutdownClient]	Close connection[32] for request.
2018-09-12 22:12:24	tuananh0512(thichlachoi0512) logout
2018-09-12 22:12:24	Del tuananh0512(thichlachoi0512): quit
