2018-09-08 00:36:29	letutl77(AnLyLy) disconnect: Status(3), ExchangingStatus(0)
2018-09-08 00:44:20	letutl72(DoanhDoanh) disconnect: Status(3), ExchangingStatus(0)
2018-09-08 00:53:08	letutl77(yendoanh) disconnect: Status(3), ExchangingStatus(0)
2018-09-08 00:59:48	letutl72(DoanhDoanh) disconnect: Status(3), ExchangingStatus(0)
2018-09-08 06:01:15	namhai0012(namhai12) disconnect: Status(3), ExchangingStatus(0)
2018-09-08 06:01:15	namhai007(namhai07) disconnect: Status(3), ExchangingStatus(0)
2018-09-08 06:01:16	namhai0011(namhai11) disconnect: Status(3), ExchangingStatus(0)
2018-09-08 06:01:16	namhai0010(namhai10) disconnect: Status(3), ExchangingStatus(0)
2018-09-08 06:01:16	namhai008(namhai08) disconnect: Status(3), ExchangingStatus(0)
2018-09-08 06:01:16	namhai009(namhai09) disconnect: Status(3), ExchangingStatus(0)
2018-09-08 08:41:55	unlock912(Unlock912) disconnect: Status(3), ExchangingStatus(0)
2018-09-08 08:42:00	unlock911(Unlock911) disconnect: Status(3), ExchangingStatus(0)
2018-09-08 11:29:09	luukt54(NgoalongNM) disconnect: Status(3), ExchangingStatus(0)
2018-09-08 11:29:14	luukt53(NgoalongVD) disconnect: Status(3), ExchangingStatus(0)
2018-09-08 11:29:18	quocbaobp(§¹iÙThiÕuÙGia) disconnect: Status(3), ExchangingStatus(0)
2018-09-08 13:07:01	luukt53(NgoalongVD) disconnect: Status(3), ExchangingStatus(0)
2018-09-08 13:07:31	cuong25032016(cuong1990) disconnect: Status(3), ExchangingStatus(0)
2018-09-08 15:38:11	tuanlovekun(1StÙThiªnÙNhÉn) disconnect: Status(3), ExchangingStatus(0)
2018-09-08 15:38:11	tuanlovekun1(2StÙThiªnÙNhÉn) disconnect: Status(3), ExchangingStatus(0)
2018-09-08 15:38:11	tuanlovekun2(3StÙThiªnÙNhÉn) disconnect: Status(3), ExchangingStatus(0)
2018-09-08 15:38:11	tuanlovekun3(4StÙThiªnÙNhÉn) disconnect: Status(3), ExchangingStatus(0)
2018-09-08 15:38:11	tuanlovekun4(5StÙThiªnÙNhÉn) disconnect: Status(3), ExchangingStatus(0)
2018-09-08 15:38:11	tuanlovekun5(§­êngÙM«n) disconnect: Status(3), ExchangingStatus(0)
2018-09-08 15:50:24	luukt51(NgoaLongTN) disconnect: Status(3), ExchangingStatus(0)
2018-09-08 16:47:37	tuandaugau001(kimlinh) disconnect: Status(3), ExchangingStatus(0)
2018-09-08 19:09:14	luukt54(NgoalongNM) disconnect: Status(3), ExchangingStatus(0)
2018-09-08 19:09:19	luukt51(NgoaLongTN) disconnect: Status(3), ExchangingStatus(0)
2018-09-08 19:09:24	luukt53(NgoalongVD) disconnect: Status(3), ExchangingStatus(0)
2018-09-08 19:09:32	quocbaobp(§¹iÙThiÕuÙGia) disconnect: Status(3), ExchangingStatus(0)
2018-09-08 19:09:50	luukt52(NgoalongTN) disconnect: Status(3), ExchangingStatus(0)
2018-09-08 19:09:56	luukt55(NgoalongCB) disconnect: Status(3), ExchangingStatus(0)
2018-09-08 23:34:18	letutl74(BopVuBu) disconnect: Status(3), ExchangingStatus(0)
