2018-09-08 00:36:29	[ShutdownClient]	Close connection[6] for request.
2018-09-08 00:36:29	letutl77(AnLyLy) logout
2018-09-08 00:36:29	Del letutl77(AnLyLy): quit
2018-09-08 00:37:14	Add letutl77(yendoanh)
2018-09-08 00:37:14	letutl77(yendoanh) sync data from bishop
2018-09-08 00:37:15	letutl77(yendoanh) login
2018-09-08 00:44:20	letutl72(DoanhDoanh) logout
2018-09-08 00:44:20	Del letutl72(DoanhDoanh): quit
2018-09-08 00:44:39	Add letutl72(DoanhDoanh)
2018-09-08 00:44:39	letutl72(DoanhDoanh) sync data from bishop
2018-09-08 00:44:39	letutl72(DoanhDoanh) login
2018-09-08 00:53:08	[ShutdownClient]	Close connection[6] for request.
2018-09-08 00:53:08	letutl77(yendoanh) logout
2018-09-08 00:53:08	Del letutl77(yendoanh): quit
2018-09-08 00:59:48	[ShutdownClient]	Close connection[80] for request.
2018-09-08 00:59:48	letutl72(DoanhDoanh) logout
2018-09-08 00:59:48	Del letutl72(DoanhDoanh): quit
2018-09-08 06:01:15	[ShutdownClient]	no response from client ID:7(Loop:1778007, PingTime:1776007), kill it...
2018-09-08 06:01:15	namhai0012(namhai12) logout
2018-09-08 06:01:15	Del namhai0012(namhai12): quit
2018-09-08 06:01:15	[ShutdownClient]	no response from client ID:23(Loop:1778023, PingTime:1776023), kill it...
2018-09-08 06:01:15	namhai007(namhai07) logout
2018-09-08 06:01:15	Del namhai007(namhai07): quit
2018-09-08 06:01:16	[ShutdownClient]	no response from client ID:26(Loop:1778026, PingTime:1776026), kill it...
2018-09-08 06:01:16	namhai0011(namhai11) logout
2018-09-08 06:01:16	Del namhai0011(namhai11): quit
2018-09-08 06:01:16	[ShutdownClient]	no response from client ID:28(Loop:1778028, PingTime:1776028), kill it...
2018-09-08 06:01:16	namhai0010(namhai10) logout
2018-09-08 06:01:16	Del namhai0010(namhai10): quit
2018-09-08 06:01:16	[ShutdownClient]	no response from client ID:29(Loop:1778029, PingTime:1776029), kill it...
2018-09-08 06:01:16	namhai008(namhai08) logout
2018-09-08 06:01:16	Del namhai008(namhai08): quit
2018-09-08 06:01:16	[ShutdownClient]	no response from client ID:32(Loop:1778032, PingTime:1776032), kill it...
2018-09-08 06:01:16	namhai009(namhai09) logout
2018-09-08 06:01:16	Del namhai009(namhai09): quit
2018-09-08 08:27:24	tranvinh01(Ù2SaoÙ1g¹ch) logout
2018-09-08 08:27:24	tranvinh01(Ù2SaoÙ1g¹ch) offline kickout
2018-09-08 08:27:24	Del tranvinh01(Ù2SaoÙ1g¹ch): quit
2018-09-08 08:27:25	Add tranvinh01(Ù2SaoÙ1g¹ch)
2018-09-08 08:27:25	tranvinh01(Ù2SaoÙ1g¹ch) sync data from bishop
2018-09-08 08:27:25	tranvinh01(Ù2SaoÙ1g¹ch) login
2018-09-08 08:28:31	tranvinh01(Ù2SaoÙ1g¹ch) offline live
2018-09-08 08:41:55	unlock912(Unlock912) logout
2018-09-08 08:41:55	Del unlock912(Unlock912): quit
2018-09-08 08:41:55	Add luukt53(NgoalongVD)
2018-09-08 08:41:55	luukt53(NgoalongVD) sync data from bishop
2018-09-08 08:41:55	luukt53(NgoalongVD) login
2018-09-08 08:42:00	unlock911(Unlock911) logout
2018-09-08 08:42:00	Del unlock911(Unlock911): quit
2018-09-08 08:42:14	Add luukt54(NgoalongNM)
2018-09-08 08:42:14	luukt54(NgoalongNM) sync data from bishop
2018-09-08 08:42:14	luukt54(NgoalongNM) login
2018-09-08 08:43:57	Add quocbaobp(§¹iÙThiÕuÙGia)
2018-09-08 08:43:57	quocbaobp(§¹iÙThiÕuÙGia) sync data from bishop
2018-09-08 08:43:57	quocbaobp(§¹iÙThiÕuÙGia) login
2018-09-08 10:02:58	Add unlock911(Unlock911)
2018-09-08 10:02:58	unlock911(Unlock911) sync data from bishop
2018-09-08 10:02:58	unlock911(Unlock911) login
2018-09-08 10:04:13	Add unlock912(Unlock912)
2018-09-08 10:04:13	unlock912(Unlock912) sync data from bishop
2018-09-08 10:04:13	unlock912(Unlock912) login
2018-09-08 11:29:09	[ShutdownClient]	Close connection[78] for request.
2018-09-08 11:29:09	luukt54(NgoalongNM) logout
2018-09-08 11:29:09	Del luukt54(NgoalongNM): quit
2018-09-08 11:29:14	[ShutdownClient]	Close connection[4] for request.
2018-09-08 11:29:14	luukt53(NgoalongVD) logout
2018-09-08 11:29:14	Del luukt53(NgoalongVD): quit
2018-09-08 11:29:18	[ShutdownClient]	Close connection[32] for request.
2018-09-08 11:29:18	quocbaobp(§¹iÙThiÕuÙGia) logout
2018-09-08 11:29:18	Del quocbaobp(§¹iÙThiÕuÙGia): quit
2018-09-08 13:03:37	Add cuong25032016(cuong1990)
2018-09-08 13:03:37	cuong25032016(cuong1990) sync data from bishop
2018-09-08 13:03:37	cuong25032016(cuong1990) login
2018-09-08 13:06:21	Add luukt53(NgoalongVD)
2018-09-08 13:06:21	luukt53(NgoalongVD) sync data from bishop
2018-09-08 13:06:22	luukt53(NgoalongVD) login
2018-09-08 13:07:01	[ShutdownClient]	Close connection[4] for request.
2018-09-08 13:07:01	luukt53(NgoalongVD) logout
2018-09-08 13:07:01	Del luukt53(NgoalongVD): quit
2018-09-08 13:07:31	[ShutdownClient]	Close connection[32] for request.
2018-09-08 13:07:31	cuong25032016(cuong1990) logout
2018-09-08 13:07:31	Del cuong25032016(cuong1990): quit
2018-09-08 13:11:11	Add luukt52(NgoalongTN)
2018-09-08 13:11:11	luukt52(NgoalongTN) sync data from bishop
2018-09-08 13:11:11	luukt52(NgoalongTN) login
2018-09-08 13:11:42	Add luukt53(NgoalongVD)
2018-09-08 13:11:42	luukt53(NgoalongVD) sync data from bishop
2018-09-08 13:11:42	luukt53(NgoalongVD) login
2018-09-08 13:13:28	Add luukt54(NgoalongNM)
2018-09-08 13:13:28	luukt54(NgoalongNM) sync data from bishop
2018-09-08 13:13:28	luukt54(NgoalongNM) login
2018-09-08 13:22:41	Add luukt55(NgoalongCB)
2018-09-08 13:22:41	luukt55(NgoalongCB) sync data from bishop
2018-09-08 13:22:41	luukt55(NgoalongCB) login
2018-09-08 13:23:42	Add luukt51(NgoaLongTN)
2018-09-08 13:23:42	luukt51(NgoaLongTN) sync data from bishop
2018-09-08 13:23:42	luukt51(NgoaLongTN) login
2018-09-08 13:25:01	Add quocbaobp(§¹iÙThiÕuÙGia)
2018-09-08 13:25:01	quocbaobp(§¹iÙThiÕuÙGia) sync data from bishop
2018-09-08 13:25:01	quocbaobp(§¹iÙThiÕuÙGia) login
2018-09-08 15:38:11	tuanlovekun(1StÙThiªnÙNhÉn) logout
2018-09-08 15:38:11	Del tuanlovekun(1StÙThiªnÙNhÉn): quit
2018-09-08 15:38:11	tuanlovekun1(2StÙThiªnÙNhÉn) logout
2018-09-08 15:38:11	Del tuanlovekun1(2StÙThiªnÙNhÉn): quit
2018-09-08 15:38:11	tuanlovekun2(3StÙThiªnÙNhÉn) logout
2018-09-08 15:38:11	Del tuanlovekun2(3StÙThiªnÙNhÉn): quit
2018-09-08 15:38:11	tuanlovekun3(4StÙThiªnÙNhÉn) logout
2018-09-08 15:38:11	Del tuanlovekun3(4StÙThiªnÙNhÉn): quit
2018-09-08 15:38:11	tuanlovekun4(5StÙThiªnÙNhÉn) logout
2018-09-08 15:38:11	Del tuanlovekun4(5StÙThiªnÙNhÉn): quit
2018-09-08 15:38:11	tuanlovekun5(§­êngÙM«n) logout
2018-09-08 15:38:11	Del tuanlovekun5(§­êngÙM«n): quit
2018-09-08 15:50:24	[ShutdownClient]	no response from client ID:296(Loop:2414296, PingTime:2412296), kill it...
2018-09-08 15:50:24	luukt51(NgoaLongTN) logout
2018-09-08 15:50:24	Del luukt51(NgoaLongTN): quit
2018-09-08 15:51:33	Add luukt51(NgoaLongTN)
2018-09-08 15:51:33	luukt51(NgoaLongTN) sync data from bishop
2018-09-08 15:51:33	luukt51(NgoaLongTN) login
2018-09-08 15:55:28	Add tuanlovekun(1StÙThiªnÙNhÉn)
2018-09-08 15:55:28	tuanlovekun(1StÙThiªnÙNhÉn) sync data from bishop
2018-09-08 15:55:28	tuanlovekun(1StÙThiªnÙNhÉn) login
2018-09-08 15:55:43	Add tuanlovekun1(2StÙThiªnÙNhÉn)
2018-09-08 15:55:43	tuanlovekun1(2StÙThiªnÙNhÉn) sync data from bishop
2018-09-08 15:55:43	tuanlovekun1(2StÙThiªnÙNhÉn) login
2018-09-08 15:55:55	Add tuanlovekun2(3StÙThiªnÙNhÉn)
2018-09-08 15:55:55	tuanlovekun2(3StÙThiªnÙNhÉn) sync data from bishop
2018-09-08 15:55:55	tuanlovekun2(3StÙThiªnÙNhÉn) login
2018-09-08 15:56:12	Add tuanlovekun3(4StÙThiªnÙNhÉn)
2018-09-08 15:56:12	tuanlovekun3(4StÙThiªnÙNhÉn) sync data from bishop
2018-09-08 15:56:12	tuanlovekun3(4StÙThiªnÙNhÉn) login
2018-09-08 15:56:25	Add tuanlovekun4(5StÙThiªnÙNhÉn)
2018-09-08 15:56:25	tuanlovekun4(5StÙThiªnÙNhÉn) sync data from bishop
2018-09-08 15:56:26	tuanlovekun4(5StÙThiªnÙNhÉn) login
2018-09-08 15:56:45	Add tuanlovekun5(§­êngÙM«n)
2018-09-08 15:56:45	tuanlovekun5(§­êngÙM«n) sync data from bishop
2018-09-08 15:56:45	tuanlovekun5(§­êngÙM«n) login
2018-09-08 16:15:04	Add tuandaugau001(kimlinh)
2018-09-08 16:15:04	tuandaugau001(kimlinh) sync data from bishop
2018-09-08 16:15:04	tuandaugau001(kimlinh) login
2018-09-08 16:47:37	tuandaugau001(kimlinh) logout
2018-09-08 16:47:37	Del tuandaugau001(kimlinh): quit
2018-09-08 19:09:14	[ShutdownClient]	Close connection[78] for request.
2018-09-08 19:09:14	luukt54(NgoalongNM) logout
2018-09-08 19:09:14	Del luukt54(NgoalongNM): quit
2018-09-08 19:09:19	[ShutdownClient]	Close connection[24] for request.
2018-09-08 19:09:19	luukt51(NgoaLongTN) logout
2018-09-08 19:09:19	Del luukt51(NgoaLongTN): quit
2018-09-08 19:09:24	[ShutdownClient]	Close connection[4] for request.
2018-09-08 19:09:24	luukt53(NgoalongVD) logout
2018-09-08 19:09:24	Del luukt53(NgoalongVD): quit
2018-09-08 19:09:32	[ShutdownClient]	Close connection[8] for request.
2018-09-08 19:09:32	quocbaobp(§¹iÙThiÕuÙGia) logout
2018-09-08 19:09:32	Del quocbaobp(§¹iÙThiÕuÙGia): quit
2018-09-08 19:09:50	[ShutdownClient]	Close connection[32] for request.
2018-09-08 19:09:50	luukt52(NgoalongTN) logout
2018-09-08 19:09:50	Del luukt52(NgoalongTN): quit
2018-09-08 19:09:56	[ShutdownClient]	Close connection[27] for request.
2018-09-08 19:09:56	luukt55(NgoalongCB) logout
2018-09-08 19:09:56	Del luukt55(NgoalongCB): quit
2018-09-08 21:02:49	Add letutl74(BopVuBu)
2018-09-08 21:02:49	letutl74(BopVuBu) sync data from bishop
2018-09-08 21:02:49	letutl74(BopVuBu) login
2018-09-08 21:23:26	Add letutl72(DoanhDoanh)
2018-09-08 21:23:26	letutl72(DoanhDoanh) sync data from bishop
2018-09-08 21:23:27	letutl72(DoanhDoanh) login
2018-09-08 23:34:18	letutl74(BopVuBu) logout
2018-09-08 23:34:18	Del letutl74(BopVuBu): quit
2018-09-08 23:34:40	Add letutl74(BopVuBu)
2018-09-08 23:34:40	letutl74(BopVuBu) sync data from bishop
2018-09-08 23:34:40	letutl74(BopVuBu) login
